[2024-08-29T10:45:42.221+0200] {taskinstance.py:1090} INFO - Dependencies all met for dep_context=non-requeueable deps ti=<TaskInstance: executing_sql_pipeline.create_table manual__2024-08-29T08:45:40.448077+00:00 [queued]>
[2024-08-29T10:45:42.226+0200] {taskinstance.py:1090} INFO - Dependencies all met for dep_context=requeueable deps ti=<TaskInstance: executing_sql_pipeline.create_table manual__2024-08-29T08:45:40.448077+00:00 [queued]>
[2024-08-29T10:45:42.226+0200] {taskinstance.py:1288} INFO - 
--------------------------------------------------------------------------------
[2024-08-29T10:45:42.226+0200] {taskinstance.py:1289} INFO - Starting attempt 1 of 1
[2024-08-29T10:45:42.227+0200] {taskinstance.py:1290} INFO - 
--------------------------------------------------------------------------------
[2024-08-29T10:45:42.233+0200] {taskinstance.py:1309} INFO - Executing <Task(SqliteOperator): create_table> on 2024-08-29 08:45:40.448077+00:00
[2024-08-29T10:45:42.241+0200] {standard_task_runner.py:55} INFO - Started process 96756 to run task
[2024-08-29T10:45:42.245+0200] {standard_task_runner.py:82} INFO - Running: ['airflow', 'tasks', 'run', 'executing_sql_pipeline', 'create_table', 'manual__2024-08-29T08:45:40.448077+00:00', '--job-id', '69', '--raw', '--subdir', 'DAGS_FOLDER/create_sql_pipeline.py', '--cfg-path', '/var/folders/q3/lf85n5dd03zdfbv5xqcw4__40000gn/T/tmpalfv_bmj']
[2024-08-29T10:45:42.246+0200] {standard_task_runner.py:83} INFO - Job 69: Subtask create_table
[2024-08-29T10:45:42.404+0200] {task_command.py:389} INFO - Running <TaskInstance: executing_sql_pipeline.create_table manual__2024-08-29T08:45:40.448077+00:00 [running]> on host roselinas-mbp
[2024-08-29T10:45:42.432+0200] {taskinstance.py:1518} INFO - Exporting the following env vars:
AIRFLOW_CTX_DAG_OWNER=loonycorn
AIRFLOW_CTX_DAG_ID=executing_sql_pipeline
AIRFLOW_CTX_TASK_ID=create_table
AIRFLOW_CTX_EXECUTION_DATE=2024-08-29T08:45:40.448077+00:00
AIRFLOW_CTX_TRY_NUMBER=1
AIRFLOW_CTX_DAG_RUN_ID=manual__2024-08-29T08:45:40.448077+00:00
[2024-08-29T10:45:42.432+0200] {sql.py:254} INFO - Executing: 
            CREATE TABLE IF NOT EXISTS users (
                    id INTEGER PRIMARY KEY,
                    name VARCHAR(50) NOT NULL,
                    age INTEGER NOT NULL,
                    is_active BOOLEAN DEFAULT true,
                    created_at TIMESTAMP DEFAULT CURRENT_TIMESTAMP
            );
        
[2024-08-29T10:45:42.435+0200] {base.py:73} INFO - Using connection ID 'my_sqlite_conn' for task execution.
[2024-08-29T10:45:42.485+0200] {base.py:73} INFO - Using connection ID 'my_sqlite_conn' for task execution.
[2024-08-29T10:45:42.486+0200] {sql.py:375} INFO - Running statement: 
            CREATE TABLE IF NOT EXISTS users (
                    id INTEGER PRIMARY KEY,
                    name VARCHAR(50) NOT NULL,
                    age INTEGER NOT NULL,
                    is_active BOOLEAN DEFAULT true,
                    created_at TIMESTAMP DEFAULT CURRENT_TIMESTAMP
            );
        , parameters: None
[2024-08-29T10:45:42.490+0200] {taskinstance.py:1332} INFO - Marking task as SUCCESS. dag_id=executing_sql_pipeline, task_id=create_table, execution_date=20240829T084540, start_date=20240829T084542, end_date=20240829T084542
[2024-08-29T10:45:42.528+0200] {local_task_job.py:212} INFO - Task exited with return code 0
[2024-08-29T10:45:42.581+0200] {taskinstance.py:2596} INFO - 0 downstream tasks scheduled from follow-on schedule check
