[2024-08-28T14:35:22.984+0200] {taskinstance.py:1090} INFO - Dependencies all met for dep_context=non-requeueable deps ti=<TaskInstance: execute_python_operators.taskA manual__2024-08-28T12:35:20.152460+00:00 [queued]>
[2024-08-28T14:35:22.991+0200] {taskinstance.py:1090} INFO - Dependencies all met for dep_context=requeueable deps ti=<TaskInstance: execute_python_operators.taskA manual__2024-08-28T12:35:20.152460+00:00 [queued]>
[2024-08-28T14:35:22.991+0200] {taskinstance.py:1288} INFO - 
--------------------------------------------------------------------------------
[2024-08-28T14:35:22.991+0200] {taskinstance.py:1289} INFO - Starting attempt 1 of 1
[2024-08-28T14:35:22.991+0200] {taskinstance.py:1290} INFO - 
--------------------------------------------------------------------------------
[2024-08-28T14:35:22.999+0200] {taskinstance.py:1309} INFO - Executing <Task(PythonOperator): taskA> on 2024-08-28 12:35:20.152460+00:00
[2024-08-28T14:35:23.008+0200] {standard_task_runner.py:55} INFO - Started process 84779 to run task
[2024-08-28T14:35:23.012+0200] {standard_task_runner.py:82} INFO - Running: ['airflow', 'tasks', 'run', 'execute_python_operators', 'taskA', 'manual__2024-08-28T12:35:20.152460+00:00', '--job-id', '31', '--raw', '--subdir', 'DAGS_FOLDER/execute_python.py', '--cfg-path', '/var/folders/q3/lf85n5dd03zdfbv5xqcw4__40000gn/T/tmpslvkwylr']
[2024-08-28T14:35:23.013+0200] {standard_task_runner.py:83} INFO - Job 31: Subtask taskA
[2024-08-28T14:35:23.050+0200] {task_command.py:389} INFO - Running <TaskInstance: execute_python_operators.taskA manual__2024-08-28T12:35:20.152460+00:00 [running]> on host roselinas-mbp
[2024-08-28T14:35:23.080+0200] {taskinstance.py:1518} INFO - Exporting the following env vars:
AIRFLOW_CTX_DAG_OWNER=Roselina_m
AIRFLOW_CTX_DAG_ID=execute_python_operators
AIRFLOW_CTX_TASK_ID=taskA
AIRFLOW_CTX_EXECUTION_DATE=2024-08-28T12:35:20.152460+00:00
AIRFLOW_CTX_TRY_NUMBER=1
AIRFLOW_CTX_DAG_RUN_ID=manual__2024-08-28T12:35:20.152460+00:00
[2024-08-28T14:35:23.081+0200] {logging_mixin.py:137} INFO - TASK A executed!
[2024-08-28T14:35:23.081+0200] {python.py:177} INFO - Done. Returned value was: None
[2024-08-28T14:35:23.084+0200] {taskinstance.py:1332} INFO - Marking task as SUCCESS. dag_id=execute_python_operators, task_id=taskA, execution_date=20240828T123520, start_date=20240828T123522, end_date=20240828T123523
[2024-08-28T14:35:23.118+0200] {local_task_job.py:212} INFO - Task exited with return code 0
[2024-08-28T14:35:23.133+0200] {taskinstance.py:2596} INFO - 2 downstream tasks scheduled from follow-on schedule check
