[2024-08-29T12:19:33.450+0200] {taskinstance.py:1090} INFO - Dependencies all met for dep_context=non-requeueable deps ti=<TaskInstance: execute_python_operators_with_args.greet_hello scheduled__2024-08-28T00:00:00+00:00 [queued]>
[2024-08-29T12:19:33.456+0200] {taskinstance.py:1090} INFO - Dependencies all met for dep_context=requeueable deps ti=<TaskInstance: execute_python_operators_with_args.greet_hello scheduled__2024-08-28T00:00:00+00:00 [queued]>
[2024-08-29T12:19:33.456+0200] {taskinstance.py:1288} INFO - 
--------------------------------------------------------------------------------
[2024-08-29T12:19:33.456+0200] {taskinstance.py:1289} INFO - Starting attempt 1 of 1
[2024-08-29T12:19:33.456+0200] {taskinstance.py:1290} INFO - 
--------------------------------------------------------------------------------
[2024-08-29T12:19:33.463+0200] {taskinstance.py:1309} INFO - Executing <Task(PythonOperator): greet_hello> on 2024-08-28 00:00:00+00:00
[2024-08-29T12:19:33.472+0200] {standard_task_runner.py:55} INFO - Started process 4254 to run task
[2024-08-29T12:19:33.478+0200] {standard_task_runner.py:82} INFO - Running: ['airflow', 'tasks', 'run', 'execute_python_operators_with_args', 'greet_hello', 'scheduled__2024-08-28T00:00:00+00:00', '--job-id', '105', '--raw', '--subdir', 'DAGS_FOLDER/Python_funcs_withargs.py', '--cfg-path', '/var/folders/q3/lf85n5dd03zdfbv5xqcw4__40000gn/T/tmpm4qmb8b5']
[2024-08-29T12:19:33.481+0200] {standard_task_runner.py:83} INFO - Job 105: Subtask greet_hello
[2024-08-29T12:19:33.512+0200] {task_command.py:389} INFO - Running <TaskInstance: execute_python_operators_with_args.greet_hello scheduled__2024-08-28T00:00:00+00:00 [running]> on host roselinas-mbp
[2024-08-29T12:19:33.599+0200] {taskinstance.py:1518} INFO - Exporting the following env vars:
AIRFLOW_CTX_DAG_OWNER=Roselina_m
AIRFLOW_CTX_DAG_ID=execute_python_operators_with_args
AIRFLOW_CTX_TASK_ID=greet_hello
AIRFLOW_CTX_EXECUTION_DATE=2024-08-28T00:00:00+00:00
AIRFLOW_CTX_TRY_NUMBER=1
AIRFLOW_CTX_DAG_RUN_ID=scheduled__2024-08-28T00:00:00+00:00
[2024-08-29T12:19:33.599+0200] {logging_mixin.py:137} INFO - Hello, Desmond!
[2024-08-29T12:19:33.600+0200] {python.py:177} INFO - Done. Returned value was: None
[2024-08-29T12:19:33.603+0200] {taskinstance.py:1332} INFO - Marking task as SUCCESS. dag_id=execute_python_operators_with_args, task_id=greet_hello, execution_date=20240828T000000, start_date=20240829T101933, end_date=20240829T101933
[2024-08-29T12:19:33.625+0200] {local_task_job.py:212} INFO - Task exited with return code 0
[2024-08-29T12:19:33.636+0200] {taskinstance.py:2596} INFO - 1 downstream tasks scheduled from follow-on schedule check
