[2024-08-29T12:54:46.420+0200] {taskinstance.py:1090} INFO - Dependencies all met for dep_context=non-requeueable deps ti=<TaskInstance: taskgroups_and_edgelabels.determine_branch scheduled__2024-08-28T00:00:00+00:00 [queued]>
[2024-08-29T12:54:46.426+0200] {taskinstance.py:1090} INFO - Dependencies all met for dep_context=requeueable deps ti=<TaskInstance: taskgroups_and_edgelabels.determine_branch scheduled__2024-08-28T00:00:00+00:00 [queued]>
[2024-08-29T12:54:46.426+0200] {taskinstance.py:1288} INFO - 
--------------------------------------------------------------------------------
[2024-08-29T12:54:46.426+0200] {taskinstance.py:1289} INFO - Starting attempt 1 of 1
[2024-08-29T12:54:46.426+0200] {taskinstance.py:1290} INFO - 
--------------------------------------------------------------------------------
[2024-08-29T12:54:46.432+0200] {taskinstance.py:1309} INFO - Executing <Task(BranchPythonOperator): determine_branch> on 2024-08-28 00:00:00+00:00
[2024-08-29T12:54:46.442+0200] {standard_task_runner.py:55} INFO - Started process 6767 to run task
[2024-08-29T12:54:46.449+0200] {standard_task_runner.py:82} INFO - Running: ['airflow', 'tasks', 'run', 'taskgroups_and_edgelabels', 'determine_branch', 'scheduled__2024-08-28T00:00:00+00:00', '--job-id', '124', '--raw', '--subdir', 'DAGS_FOLDER/task_groups.py', '--cfg-path', '/var/folders/q3/lf85n5dd03zdfbv5xqcw4__40000gn/T/tmp5ghvs9wg']
[2024-08-29T12:54:46.451+0200] {standard_task_runner.py:83} INFO - Job 124: Subtask determine_branch
[2024-08-29T12:54:46.481+0200] {task_command.py:389} INFO - Running <TaskInstance: taskgroups_and_edgelabels.determine_branch scheduled__2024-08-28T00:00:00+00:00 [running]> on host roselinas-mbp
[2024-08-29T12:54:46.511+0200] {taskinstance.py:1518} INFO - Exporting the following env vars:
AIRFLOW_CTX_DAG_OWNER=Roselina_m
AIRFLOW_CTX_DAG_ID=taskgroups_and_edgelabels
AIRFLOW_CTX_TASK_ID=determine_branch
AIRFLOW_CTX_EXECUTION_DATE=2024-08-28T00:00:00+00:00
AIRFLOW_CTX_TRY_NUMBER=1
AIRFLOW_CTX_DAG_RUN_ID=scheduled__2024-08-28T00:00:00+00:00
[2024-08-29T12:54:46.514+0200] {logging_mixin.py:137} INFO - filter_by_southwest
[2024-08-29T12:54:46.514+0200] {python.py:177} INFO - Done. Returned value was: filtering.filter_by_southwest
[2024-08-29T12:54:46.514+0200] {python.py:211} INFO - Branch callable return filtering.filter_by_southwest
[2024-08-29T12:54:46.514+0200] {skipmixin.py:155} INFO - Following branch filtering.filter_by_southwest
[2024-08-29T12:54:46.515+0200] {skipmixin.py:211} INFO - Skipping tasks ['grouping.groupby_region_smoker', 'filtering.filter_by_northwest', 'filtering.filter_by_southeast', 'filtering.filter_by_northeast']
[2024-08-29T12:54:46.526+0200] {taskinstance.py:1332} INFO - Marking task as SUCCESS. dag_id=taskgroups_and_edgelabels, task_id=determine_branch, execution_date=20240828T000000, start_date=20240829T105446, end_date=20240829T105446
[2024-08-29T12:54:46.557+0200] {local_task_job.py:212} INFO - Task exited with return code 0
[2024-08-29T12:54:46.572+0200] {taskinstance.py:2596} INFO - 1 downstream tasks scheduled from follow-on schedule check
