[2024-08-29T11:47:19.561+0200] {taskinstance.py:1090} INFO - Dependencies all met for dep_context=non-requeueable deps ti=<TaskInstance: executing_sql_pipeline.delete_values manual__2024-08-29T09:47:10.875343+00:00 [queued]>
[2024-08-29T11:47:19.567+0200] {taskinstance.py:1090} INFO - Dependencies all met for dep_context=requeueable deps ti=<TaskInstance: executing_sql_pipeline.delete_values manual__2024-08-29T09:47:10.875343+00:00 [queued]>
[2024-08-29T11:47:19.567+0200] {taskinstance.py:1288} INFO - 
--------------------------------------------------------------------------------
[2024-08-29T11:47:19.567+0200] {taskinstance.py:1289} INFO - Starting attempt 1 of 1
[2024-08-29T11:47:19.567+0200] {taskinstance.py:1290} INFO - 
--------------------------------------------------------------------------------
[2024-08-29T11:47:19.574+0200] {taskinstance.py:1309} INFO - Executing <Task(SqliteOperator): delete_values> on 2024-08-29 09:47:10.875343+00:00
[2024-08-29T11:47:19.583+0200] {standard_task_runner.py:55} INFO - Started process 1731 to run task
[2024-08-29T11:47:19.587+0200] {standard_task_runner.py:82} INFO - Running: ['airflow', 'tasks', 'run', 'executing_sql_pipeline', 'delete_values', 'manual__2024-08-29T09:47:10.875343+00:00', '--job-id', '92', '--raw', '--subdir', 'DAGS_FOLDER/create_sql_pipeline.py', '--cfg-path', '/var/folders/q3/lf85n5dd03zdfbv5xqcw4__40000gn/T/tmp2pntvkq3']
[2024-08-29T11:47:19.589+0200] {standard_task_runner.py:83} INFO - Job 92: Subtask delete_values
[2024-08-29T11:47:19.674+0200] {task_command.py:389} INFO - Running <TaskInstance: executing_sql_pipeline.delete_values manual__2024-08-29T09:47:10.875343+00:00 [running]> on host roselinas-mbp
[2024-08-29T11:47:19.701+0200] {taskinstance.py:1518} INFO - Exporting the following env vars:
AIRFLOW_CTX_DAG_OWNER=Roselina_m
AIRFLOW_CTX_DAG_ID=executing_sql_pipeline
AIRFLOW_CTX_TASK_ID=delete_values
AIRFLOW_CTX_EXECUTION_DATE=2024-08-29T09:47:10.875343+00:00
AIRFLOW_CTX_TRY_NUMBER=1
AIRFLOW_CTX_DAG_RUN_ID=manual__2024-08-29T09:47:10.875343+00:00
[2024-08-29T11:47:19.701+0200] {sql.py:254} INFO - Executing: 
            DELETE FROM users WHERE is_active = 0;
        
[2024-08-29T11:47:19.704+0200] {base.py:73} INFO - Using connection ID 'my_sqlite_conn' for task execution.
[2024-08-29T11:47:19.748+0200] {base.py:73} INFO - Using connection ID 'my_sqlite_conn' for task execution.
[2024-08-29T11:47:19.748+0200] {sql.py:375} INFO - Running statement: 
            DELETE FROM users WHERE is_active = 0;
        , parameters: None
[2024-08-29T11:47:19.749+0200] {sql.py:384} INFO - Rows affected: 3
[2024-08-29T11:47:19.752+0200] {taskinstance.py:1332} INFO - Marking task as SUCCESS. dag_id=executing_sql_pipeline, task_id=delete_values, execution_date=20240829T094710, start_date=20240829T094719, end_date=20240829T094719
[2024-08-29T11:47:19.783+0200] {local_task_job.py:212} INFO - Task exited with return code 0
[2024-08-29T11:47:19.837+0200] {taskinstance.py:2596} INFO - 1 downstream tasks scheduled from follow-on schedule check
