[2024-08-29T12:01:09.957+0200] {taskinstance.py:1090} INFO - Dependencies all met for dep_context=non-requeueable deps ti=<TaskInstance: executing_sql_pipeline.display_result manual__2024-08-29T10:00:59.625003+00:00 [queued]>
[2024-08-29T12:01:09.963+0200] {taskinstance.py:1090} INFO - Dependencies all met for dep_context=requeueable deps ti=<TaskInstance: executing_sql_pipeline.display_result manual__2024-08-29T10:00:59.625003+00:00 [queued]>
[2024-08-29T12:01:09.963+0200] {taskinstance.py:1288} INFO - 
--------------------------------------------------------------------------------
[2024-08-29T12:01:09.963+0200] {taskinstance.py:1289} INFO - Starting attempt 1 of 1
[2024-08-29T12:01:09.963+0200] {taskinstance.py:1290} INFO - 
--------------------------------------------------------------------------------
[2024-08-29T12:01:09.969+0200] {taskinstance.py:1309} INFO - Executing <Task(SqliteOperator): display_result> on 2024-08-29 10:00:59.625003+00:00
[2024-08-29T12:01:09.977+0200] {standard_task_runner.py:55} INFO - Started process 2893 to run task
[2024-08-29T12:01:09.982+0200] {standard_task_runner.py:82} INFO - Running: ['airflow', 'tasks', 'run', 'executing_sql_pipeline', 'display_result', 'manual__2024-08-29T10:00:59.625003+00:00', '--job-id', '104', '--raw', '--subdir', 'DAGS_FOLDER/create_sql_pipeline.py', '--cfg-path', '/var/folders/q3/lf85n5dd03zdfbv5xqcw4__40000gn/T/tmp_stq6113']
[2024-08-29T12:01:09.983+0200] {standard_task_runner.py:83} INFO - Job 104: Subtask display_result
[2024-08-29T12:01:10.075+0200] {task_command.py:389} INFO - Running <TaskInstance: executing_sql_pipeline.display_result manual__2024-08-29T10:00:59.625003+00:00 [running]> on host roselinas-mbp
[2024-08-29T12:01:10.101+0200] {taskinstance.py:1518} INFO - Exporting the following env vars:
AIRFLOW_CTX_DAG_OWNER=Roselina_m
AIRFLOW_CTX_DAG_ID=executing_sql_pipeline
AIRFLOW_CTX_TASK_ID=display_result
AIRFLOW_CTX_EXECUTION_DATE=2024-08-29T10:00:59.625003+00:00
AIRFLOW_CTX_TRY_NUMBER=1
AIRFLOW_CTX_DAG_RUN_ID=manual__2024-08-29T10:00:59.625003+00:00
[2024-08-29T12:01:10.101+0200] {sql.py:254} INFO - Executing: SELECT * FROM users
[2024-08-29T12:01:10.104+0200] {base.py:73} INFO - Using connection ID 'my_sqlite_conn' for task execution.
[2024-08-29T12:01:10.148+0200] {base.py:73} INFO - Using connection ID 'my_sqlite_conn' for task execution.
[2024-08-29T12:01:10.148+0200] {sql.py:375} INFO - Running statement: SELECT * FROM users, parameters: None
[2024-08-29T12:01:10.154+0200] {taskinstance.py:1332} INFO - Marking task as SUCCESS. dag_id=executing_sql_pipeline, task_id=display_result, execution_date=20240829T100059, start_date=20240829T100109, end_date=20240829T100110
[2024-08-29T12:01:10.179+0200] {local_task_job.py:212} INFO - Task exited with return code 0
[2024-08-29T12:01:10.226+0200] {taskinstance.py:2596} INFO - 0 downstream tasks scheduled from follow-on schedule check
