[2024-08-28T14:46:37.125+0200] {taskinstance.py:1090} INFO - Dependencies all met for dep_context=non-requeueable deps ti=<TaskInstance: execute_python_operators_with_args.greet_hello manual__2024-08-28T12:46:34.658023+00:00 [queued]>
[2024-08-28T14:46:37.131+0200] {taskinstance.py:1090} INFO - Dependencies all met for dep_context=requeueable deps ti=<TaskInstance: execute_python_operators_with_args.greet_hello manual__2024-08-28T12:46:34.658023+00:00 [queued]>
[2024-08-28T14:46:37.131+0200] {taskinstance.py:1288} INFO - 
--------------------------------------------------------------------------------
[2024-08-28T14:46:37.131+0200] {taskinstance.py:1289} INFO - Starting attempt 1 of 1
[2024-08-28T14:46:37.131+0200] {taskinstance.py:1290} INFO - 
--------------------------------------------------------------------------------
[2024-08-28T14:46:37.138+0200] {taskinstance.py:1309} INFO - Executing <Task(PythonOperator): greet_hello> on 2024-08-28 12:46:34.658023+00:00
[2024-08-28T14:46:37.146+0200] {standard_task_runner.py:55} INFO - Started process 85691 to run task
[2024-08-28T14:46:37.157+0200] {standard_task_runner.py:82} INFO - Running: ['airflow', 'tasks', 'run', 'execute_python_operators_with_args', 'greet_hello', 'manual__2024-08-28T12:46:34.658023+00:00', '--job-id', '37', '--raw', '--subdir', 'DAGS_FOLDER/Python_funcs_withargs.py', '--cfg-path', '/var/folders/q3/lf85n5dd03zdfbv5xqcw4__40000gn/T/tmp50qxbg0c']
[2024-08-28T14:46:37.159+0200] {standard_task_runner.py:83} INFO - Job 37: Subtask greet_hello
[2024-08-28T14:46:37.190+0200] {task_command.py:389} INFO - Running <TaskInstance: execute_python_operators_with_args.greet_hello manual__2024-08-28T12:46:34.658023+00:00 [running]> on host roselinas-mbp
[2024-08-28T14:46:37.220+0200] {taskinstance.py:1518} INFO - Exporting the following env vars:
AIRFLOW_CTX_DAG_OWNER=Roselina_m
AIRFLOW_CTX_DAG_ID=execute_python_operators_with_args
AIRFLOW_CTX_TASK_ID=greet_hello
AIRFLOW_CTX_EXECUTION_DATE=2024-08-28T12:46:34.658023+00:00
AIRFLOW_CTX_TRY_NUMBER=1
AIRFLOW_CTX_DAG_RUN_ID=manual__2024-08-28T12:46:34.658023+00:00
[2024-08-28T14:46:37.221+0200] {logging_mixin.py:137} INFO - Hello, Desmond!
[2024-08-28T14:46:37.221+0200] {python.py:177} INFO - Done. Returned value was: None
[2024-08-28T14:46:37.224+0200] {taskinstance.py:1332} INFO - Marking task as SUCCESS. dag_id=execute_python_operators_with_args, task_id=greet_hello, execution_date=20240828T124634, start_date=20240828T124637, end_date=20240828T124637
[2024-08-28T14:46:37.262+0200] {local_task_job.py:212} INFO - Task exited with return code 0
[2024-08-28T14:46:37.273+0200] {taskinstance.py:2596} INFO - 1 downstream tasks scheduled from follow-on schedule check
