[2024-08-28T13:48:10.681+0200] {taskinstance.py:1090} INFO - Dependencies all met for dep_context=non-requeueable deps ti=<TaskInstance: executing_multiple_tasks.taskD manual__2024-08-28T11:47:47.173873+00:00 [queued]>
[2024-08-28T13:48:10.687+0200] {taskinstance.py:1090} INFO - Dependencies all met for dep_context=requeueable deps ti=<TaskInstance: executing_multiple_tasks.taskD manual__2024-08-28T11:47:47.173873+00:00 [queued]>
[2024-08-28T13:48:10.687+0200] {taskinstance.py:1288} INFO - 
--------------------------------------------------------------------------------
[2024-08-28T13:48:10.687+0200] {taskinstance.py:1289} INFO - Starting attempt 1 of 1
[2024-08-28T13:48:10.687+0200] {taskinstance.py:1290} INFO - 
--------------------------------------------------------------------------------
[2024-08-28T13:48:10.693+0200] {taskinstance.py:1309} INFO - Executing <Task(BashOperator): taskD> on 2024-08-28 11:47:47.173873+00:00
[2024-08-28T13:48:10.700+0200] {standard_task_runner.py:55} INFO - Started process 82354 to run task
[2024-08-28T13:48:10.704+0200] {standard_task_runner.py:82} INFO - Running: ['airflow', 'tasks', 'run', 'executing_multiple_tasks', 'taskD', 'manual__2024-08-28T11:47:47.173873+00:00', '--job-id', '28', '--raw', '--subdir', 'DAGS_FOLDER/multiple_dags.py', '--cfg-path', '/var/folders/q3/lf85n5dd03zdfbv5xqcw4__40000gn/T/tmprrpkkow1']
[2024-08-28T13:48:10.707+0200] {standard_task_runner.py:83} INFO - Job 28: Subtask taskD
[2024-08-28T13:48:10.738+0200] {task_command.py:389} INFO - Running <TaskInstance: executing_multiple_tasks.taskD manual__2024-08-28T11:47:47.173873+00:00 [running]> on host roselinas-mbp
[2024-08-28T13:48:10.768+0200] {taskinstance.py:1518} INFO - Exporting the following env vars:
AIRFLOW_CTX_DAG_OWNER=Roselina_m
AIRFLOW_CTX_DAG_ID=executing_multiple_tasks
AIRFLOW_CTX_TASK_ID=taskD
AIRFLOW_CTX_EXECUTION_DATE=2024-08-28T11:47:47.173873+00:00
AIRFLOW_CTX_TRY_NUMBER=1
AIRFLOW_CTX_DAG_RUN_ID=manual__2024-08-28T11:47:47.173873+00:00
[2024-08-28T13:48:10.769+0200] {subprocess.py:63} INFO - Tmp dir root location: 
 /var/folders/q3/lf85n5dd03zdfbv5xqcw4__40000gn/T
[2024-08-28T13:48:10.769+0200] {subprocess.py:75} INFO - Running command: ['/bin/bash', '-c', 'echo TASK D completed!']
[2024-08-28T13:48:10.778+0200] {subprocess.py:86} INFO - Output:
[2024-08-28T13:48:10.782+0200] {subprocess.py:93} INFO - TASK D completed!
[2024-08-28T13:48:10.783+0200] {subprocess.py:97} INFO - Command exited with return code 0
[2024-08-28T13:48:10.794+0200] {taskinstance.py:1332} INFO - Marking task as SUCCESS. dag_id=executing_multiple_tasks, task_id=taskD, execution_date=20240828T114747, start_date=20240828T114810, end_date=20240828T114810
[2024-08-28T13:48:10.807+0200] {local_task_job.py:212} INFO - Task exited with return code 0
[2024-08-28T13:48:10.818+0200] {taskinstance.py:2596} INFO - 1 downstream tasks scheduled from follow-on schedule check
