[2024-08-29T12:19:56.333+0200] {taskinstance.py:1090} INFO - Dependencies all met for dep_context=non-requeueable deps ti=<TaskInstance: executing_branching.branch scheduled__2024-08-28T00:00:00+00:00 [queued]>
[2024-08-29T12:19:56.338+0200] {taskinstance.py:1090} INFO - Dependencies all met for dep_context=requeueable deps ti=<TaskInstance: executing_branching.branch scheduled__2024-08-28T00:00:00+00:00 [queued]>
[2024-08-29T12:19:56.338+0200] {taskinstance.py:1288} INFO - 
--------------------------------------------------------------------------------
[2024-08-29T12:19:56.338+0200] {taskinstance.py:1289} INFO - Starting attempt 1 of 1
[2024-08-29T12:19:56.338+0200] {taskinstance.py:1290} INFO - 
--------------------------------------------------------------------------------
[2024-08-29T12:19:56.345+0200] {taskinstance.py:1309} INFO - Executing <Task(BranchPythonOperator): branch> on 2024-08-28 00:00:00+00:00
[2024-08-29T12:19:56.352+0200] {standard_task_runner.py:55} INFO - Started process 4289 to run task
[2024-08-29T12:19:56.357+0200] {standard_task_runner.py:82} INFO - Running: ['airflow', 'tasks', 'run', 'executing_branching', 'branch', 'scheduled__2024-08-28T00:00:00+00:00', '--job-id', '108', '--raw', '--subdir', 'DAGS_FOLDER/create_branching.py', '--cfg-path', '/var/folders/q3/lf85n5dd03zdfbv5xqcw4__40000gn/T/tmp0fczxyr1']
[2024-08-29T12:19:56.359+0200] {standard_task_runner.py:83} INFO - Job 108: Subtask branch
[2024-08-29T12:19:56.391+0200] {task_command.py:389} INFO - Running <TaskInstance: executing_branching.branch scheduled__2024-08-28T00:00:00+00:00 [running]> on host roselinas-mbp
[2024-08-29T12:19:56.478+0200] {taskinstance.py:1518} INFO - Exporting the following env vars:
AIRFLOW_CTX_DAG_OWNER=Roselina_m
AIRFLOW_CTX_DAG_ID=executing_branching
AIRFLOW_CTX_TASK_ID=branch
AIRFLOW_CTX_EXECUTION_DATE=2024-08-28T00:00:00+00:00
AIRFLOW_CTX_TRY_NUMBER=1
AIRFLOW_CTX_DAG_RUN_ID=scheduled__2024-08-28T00:00:00+00:00
[2024-08-29T12:19:56.482+0200] {python.py:177} INFO - Done. Returned value was: eligible_to_drive
[2024-08-29T12:19:56.482+0200] {python.py:211} INFO - Branch callable return eligible_to_drive
[2024-08-29T12:19:56.482+0200] {skipmixin.py:155} INFO - Following branch eligible_to_drive
[2024-08-29T12:19:56.482+0200] {skipmixin.py:211} INFO - Skipping tasks ['not_eligible_to_drive']
[2024-08-29T12:19:56.494+0200] {taskinstance.py:1332} INFO - Marking task as SUCCESS. dag_id=executing_branching, task_id=branch, execution_date=20240828T000000, start_date=20240829T101956, end_date=20240829T101956
[2024-08-29T12:19:56.509+0200] {local_task_job.py:212} INFO - Task exited with return code 0
[2024-08-29T12:19:56.523+0200] {taskinstance.py:2596} INFO - 1 downstream tasks scheduled from follow-on schedule check
