[2024-08-28T15:02:42.670+0200] {taskinstance.py:1090} INFO - Dependencies all met for dep_context=non-requeueable deps ti=<TaskInstance: cross_task_communication.multiply_by_100 manual__2024-08-28T13:01:15.150383+00:00 [queued]>
[2024-08-28T15:02:42.676+0200] {taskinstance.py:1090} INFO - Dependencies all met for dep_context=requeueable deps ti=<TaskInstance: cross_task_communication.multiply_by_100 manual__2024-08-28T13:01:15.150383+00:00 [queued]>
[2024-08-28T15:02:42.676+0200] {taskinstance.py:1288} INFO - 
--------------------------------------------------------------------------------
[2024-08-28T15:02:42.676+0200] {taskinstance.py:1289} INFO - Starting attempt 1 of 1
[2024-08-28T15:02:42.676+0200] {taskinstance.py:1290} INFO - 
--------------------------------------------------------------------------------
[2024-08-28T15:02:42.682+0200] {taskinstance.py:1309} INFO - Executing <Task(PythonOperator): multiply_by_100> on 2024-08-28 13:01:15.150383+00:00
[2024-08-28T15:02:42.690+0200] {standard_task_runner.py:55} INFO - Started process 86686 to run task
[2024-08-28T15:02:42.694+0200] {standard_task_runner.py:82} INFO - Running: ['airflow', 'tasks', 'run', 'cross_task_communication', 'multiply_by_100', 'manual__2024-08-28T13:01:15.150383+00:00', '--job-id', '46', '--raw', '--subdir', 'DAGS_FOLDER/cross_task_comm.py', '--cfg-path', '/var/folders/q3/lf85n5dd03zdfbv5xqcw4__40000gn/T/tmp_5743tv2']
[2024-08-28T15:02:42.695+0200] {standard_task_runner.py:83} INFO - Job 46: Subtask multiply_by_100
[2024-08-28T15:02:42.724+0200] {task_command.py:389} INFO - Running <TaskInstance: cross_task_communication.multiply_by_100 manual__2024-08-28T13:01:15.150383+00:00 [running]> on host roselinas-mbp
[2024-08-28T15:02:42.754+0200] {taskinstance.py:1518} INFO - Exporting the following env vars:
AIRFLOW_CTX_DAG_OWNER=Roselina_m
AIRFLOW_CTX_DAG_ID=cross_task_communication
AIRFLOW_CTX_TASK_ID=multiply_by_100
AIRFLOW_CTX_EXECUTION_DATE=2024-08-28T13:01:15.150383+00:00
AIRFLOW_CTX_TRY_NUMBER=1
AIRFLOW_CTX_DAG_RUN_ID=manual__2024-08-28T13:01:15.150383+00:00
[2024-08-28T15:02:42.754+0200] {logging_mixin.py:137} INFO - Count 9!
[2024-08-28T15:02:42.755+0200] {python.py:177} INFO - Done. Returned value was: 900
[2024-08-28T15:02:42.761+0200] {taskinstance.py:1332} INFO - Marking task as SUCCESS. dag_id=cross_task_communication, task_id=multiply_by_100, execution_date=20240828T130115, start_date=20240828T130242, end_date=20240828T130242
[2024-08-28T15:02:42.801+0200] {local_task_job.py:212} INFO - Task exited with return code 0
[2024-08-28T15:02:42.810+0200] {taskinstance.py:2596} INFO - 0 downstream tasks scheduled from follow-on schedule check
