[2024-08-29T12:38:16.638+0200] {taskinstance.py:1090} INFO - Dependencies all met for dep_context=non-requeueable deps ti=<TaskInstance: executing_branching.determine_branch manual__2024-08-29T10:38:09.779051+00:00 [queued]>
[2024-08-29T12:38:16.644+0200] {taskinstance.py:1090} INFO - Dependencies all met for dep_context=requeueable deps ti=<TaskInstance: executing_branching.determine_branch manual__2024-08-29T10:38:09.779051+00:00 [queued]>
[2024-08-29T12:38:16.644+0200] {taskinstance.py:1288} INFO - 
--------------------------------------------------------------------------------
[2024-08-29T12:38:16.644+0200] {taskinstance.py:1289} INFO - Starting attempt 1 of 1
[2024-08-29T12:38:16.644+0200] {taskinstance.py:1290} INFO - 
--------------------------------------------------------------------------------
[2024-08-29T12:38:16.650+0200] {taskinstance.py:1309} INFO - Executing <Task(BranchPythonOperator): determine_branch> on 2024-08-29 10:38:09.779051+00:00
[2024-08-29T12:38:16.659+0200] {standard_task_runner.py:55} INFO - Started process 5563 to run task
[2024-08-29T12:38:16.670+0200] {standard_task_runner.py:82} INFO - Running: ['airflow', 'tasks', 'run', 'executing_branching', 'determine_branch', 'manual__2024-08-29T10:38:09.779051+00:00', '--job-id', '112', '--raw', '--subdir', 'DAGS_FOLDER/create_branching.py', '--cfg-path', '/var/folders/q3/lf85n5dd03zdfbv5xqcw4__40000gn/T/tmp2b2awf2t']
[2024-08-29T12:38:16.673+0200] {standard_task_runner.py:83} INFO - Job 112: Subtask determine_branch
[2024-08-29T12:38:16.700+0200] {task_command.py:389} INFO - Running <TaskInstance: executing_branching.determine_branch manual__2024-08-29T10:38:09.779051+00:00 [running]> on host roselinas-mbp
[2024-08-29T12:38:16.729+0200] {taskinstance.py:1518} INFO - Exporting the following env vars:
AIRFLOW_CTX_DAG_OWNER=Roselina_m
AIRFLOW_CTX_DAG_ID=executing_branching
AIRFLOW_CTX_TASK_ID=determine_branch
AIRFLOW_CTX_EXECUTION_DATE=2024-08-29T10:38:09.779051+00:00
AIRFLOW_CTX_TRY_NUMBER=1
AIRFLOW_CTX_DAG_RUN_ID=manual__2024-08-29T10:38:09.779051+00:00
[2024-08-29T12:38:16.732+0200] {python.py:177} INFO - Done. Returned value was: filter_by_southwest
[2024-08-29T12:38:16.732+0200] {python.py:211} INFO - Branch callable return filter_by_southwest
[2024-08-29T12:38:16.732+0200] {skipmixin.py:155} INFO - Following branch filter_by_southwest
[2024-08-29T12:38:16.732+0200] {skipmixin.py:211} INFO - Skipping tasks ['filter_by_southeast', 'filter_by_northwest', 'groupby_region_smoker', 'filter_by_northeast']
[2024-08-29T12:38:16.754+0200] {taskinstance.py:1332} INFO - Marking task as SUCCESS. dag_id=executing_branching, task_id=determine_branch, execution_date=20240829T103809, start_date=20240829T103816, end_date=20240829T103816
[2024-08-29T12:38:16.778+0200] {local_task_job.py:212} INFO - Task exited with return code 0
[2024-08-29T12:38:16.792+0200] {taskinstance.py:2596} INFO - 1 downstream tasks scheduled from follow-on schedule check
