[2024-08-29T11:30:36.964+0200] {taskinstance.py:1090} INFO - Dependencies all met for dep_context=non-requeueable deps ti=<TaskInstance: executing_sql_pipeline.create_table manual__2024-08-29T09:30:34.989211+00:00 [queued]>
[2024-08-29T11:30:36.970+0200] {taskinstance.py:1090} INFO - Dependencies all met for dep_context=requeueable deps ti=<TaskInstance: executing_sql_pipeline.create_table manual__2024-08-29T09:30:34.989211+00:00 [queued]>
[2024-08-29T11:30:36.970+0200] {taskinstance.py:1288} INFO - 
--------------------------------------------------------------------------------
[2024-08-29T11:30:36.971+0200] {taskinstance.py:1289} INFO - Starting attempt 1 of 1
[2024-08-29T11:30:36.971+0200] {taskinstance.py:1290} INFO - 
--------------------------------------------------------------------------------
[2024-08-29T11:30:36.977+0200] {taskinstance.py:1309} INFO - Executing <Task(SqliteOperator): create_table> on 2024-08-29 09:30:34.989211+00:00
[2024-08-29T11:30:36.985+0200] {standard_task_runner.py:55} INFO - Started process 280 to run task
[2024-08-29T11:30:36.989+0200] {standard_task_runner.py:82} INFO - Running: ['airflow', 'tasks', 'run', 'executing_sql_pipeline', 'create_table', 'manual__2024-08-29T09:30:34.989211+00:00', '--job-id', '79', '--raw', '--subdir', 'DAGS_FOLDER/create_sql_pipeline.py', '--cfg-path', '/var/folders/q3/lf85n5dd03zdfbv5xqcw4__40000gn/T/tmp2zkhetqz']
[2024-08-29T11:30:36.990+0200] {standard_task_runner.py:83} INFO - Job 79: Subtask create_table
[2024-08-29T11:30:37.086+0200] {task_command.py:389} INFO - Running <TaskInstance: executing_sql_pipeline.create_table manual__2024-08-29T09:30:34.989211+00:00 [running]> on host roselinas-mbp
[2024-08-29T11:30:37.113+0200] {taskinstance.py:1518} INFO - Exporting the following env vars:
AIRFLOW_CTX_DAG_OWNER=Roselina_m
AIRFLOW_CTX_DAG_ID=executing_sql_pipeline
AIRFLOW_CTX_TASK_ID=create_table
AIRFLOW_CTX_EXECUTION_DATE=2024-08-29T09:30:34.989211+00:00
AIRFLOW_CTX_TRY_NUMBER=1
AIRFLOW_CTX_DAG_RUN_ID=manual__2024-08-29T09:30:34.989211+00:00
[2024-08-29T11:30:37.114+0200] {sql.py:254} INFO - Executing: 
            CREATE TABLE IF NOT EXISTS users (
                    id INTEGER PRIMARY KEY,
                    name VARCHAR(50) NOT NULL,
                    age INTEGER NOT NULL,
                    city VARCHAR(50),
                    is_active BOOLEAN DEFAULT true,
                    created_at TIMESTAMP DEFAULT CURRENT_TIMESTAMP
            );
        
[2024-08-29T11:30:37.116+0200] {base.py:73} INFO - Using connection ID 'my_sqlite_conn' for task execution.
[2024-08-29T11:30:37.163+0200] {base.py:73} INFO - Using connection ID 'my_sqlite_conn' for task execution.
[2024-08-29T11:30:37.164+0200] {sql.py:375} INFO - Running statement: 
            CREATE TABLE IF NOT EXISTS users (
                    id INTEGER PRIMARY KEY,
                    name VARCHAR(50) NOT NULL,
                    age INTEGER NOT NULL,
                    city VARCHAR(50),
                    is_active BOOLEAN DEFAULT true,
                    created_at TIMESTAMP DEFAULT CURRENT_TIMESTAMP
            );
        , parameters: None
[2024-08-29T11:30:37.167+0200] {taskinstance.py:1332} INFO - Marking task as SUCCESS. dag_id=executing_sql_pipeline, task_id=create_table, execution_date=20240829T093034, start_date=20240829T093036, end_date=20240829T093037
[2024-08-29T11:30:37.185+0200] {local_task_job.py:212} INFO - Task exited with return code 0
[2024-08-29T11:30:37.242+0200] {taskinstance.py:2596} INFO - 2 downstream tasks scheduled from follow-on schedule check
