[2024-08-28T13:47:53.555+0200] {taskinstance.py:1090} INFO - Dependencies all met for dep_context=non-requeueable deps ti=<TaskInstance: executing_multiple_tasks.taskB manual__2024-08-28T11:47:47.173873+00:00 [queued]>
[2024-08-28T13:47:53.566+0200] {taskinstance.py:1090} INFO - Dependencies all met for dep_context=requeueable deps ti=<TaskInstance: executing_multiple_tasks.taskB manual__2024-08-28T11:47:47.173873+00:00 [queued]>
[2024-08-28T13:47:53.566+0200] {taskinstance.py:1288} INFO - 
--------------------------------------------------------------------------------
[2024-08-28T13:47:53.566+0200] {taskinstance.py:1289} INFO - Starting attempt 1 of 1
[2024-08-28T13:47:53.566+0200] {taskinstance.py:1290} INFO - 
--------------------------------------------------------------------------------
[2024-08-28T13:47:53.572+0200] {taskinstance.py:1309} INFO - Executing <Task(BashOperator): taskB> on 2024-08-28 11:47:47.173873+00:00
[2024-08-28T13:47:53.580+0200] {standard_task_runner.py:55} INFO - Started process 82335 to run task
[2024-08-28T13:47:53.586+0200] {standard_task_runner.py:82} INFO - Running: ['airflow', 'tasks', 'run', 'executing_multiple_tasks', 'taskB', 'manual__2024-08-28T11:47:47.173873+00:00', '--job-id', '26', '--raw', '--subdir', 'DAGS_FOLDER/multiple_dags.py', '--cfg-path', '/var/folders/q3/lf85n5dd03zdfbv5xqcw4__40000gn/T/tmpjlbmgiab']
[2024-08-28T13:47:53.588+0200] {standard_task_runner.py:83} INFO - Job 26: Subtask taskB
[2024-08-28T13:47:53.627+0200] {task_command.py:389} INFO - Running <TaskInstance: executing_multiple_tasks.taskB manual__2024-08-28T11:47:47.173873+00:00 [running]> on host roselinas-mbp
[2024-08-28T13:47:53.663+0200] {taskinstance.py:1518} INFO - Exporting the following env vars:
AIRFLOW_CTX_DAG_OWNER=Roselina_m
AIRFLOW_CTX_DAG_ID=executing_multiple_tasks
AIRFLOW_CTX_TASK_ID=taskB
AIRFLOW_CTX_EXECUTION_DATE=2024-08-28T11:47:47.173873+00:00
AIRFLOW_CTX_TRY_NUMBER=1
AIRFLOW_CTX_DAG_RUN_ID=manual__2024-08-28T11:47:47.173873+00:00
[2024-08-28T13:47:53.664+0200] {subprocess.py:63} INFO - Tmp dir root location: 
 /var/folders/q3/lf85n5dd03zdfbv5xqcw4__40000gn/T
[2024-08-28T13:47:53.665+0200] {subprocess.py:75} INFO - Running command: ['/bin/bash', '-c', 'echo TASK B has started!\nsleep 4\nexit 99\necho TASK B has ended!']
[2024-08-28T13:47:53.675+0200] {subprocess.py:86} INFO - Output:
[2024-08-28T13:47:53.687+0200] {subprocess.py:93} INFO - TASK B has started!
[2024-08-28T13:47:57.711+0200] {subprocess.py:97} INFO - Command exited with return code 99
[2024-08-28T13:47:57.715+0200] {taskinstance.py:1407} INFO - Bash command returned exit code 99. Skipping.
[2024-08-28T13:47:57.733+0200] {taskinstance.py:1332} INFO - Marking task as SKIPPED. dag_id=executing_multiple_tasks, task_id=taskB, execution_date=20240828T114747, start_date=20240828T114753, end_date=20240828T114757
[2024-08-28T13:47:57.777+0200] {local_task_job.py:212} INFO - Task exited with return code 0
[2024-08-28T13:47:57.803+0200] {taskinstance.py:2596} INFO - 0 downstream tasks scheduled from follow-on schedule check
