[2024-08-29T12:19:54.790+0200] {taskinstance.py:1090} INFO - Dependencies all met for dep_context=non-requeueable deps ti=<TaskInstance: executing_branching.has_driving_license scheduled__2024-08-28T00:00:00+00:00 [queued]>
[2024-08-29T12:19:54.796+0200] {taskinstance.py:1090} INFO - Dependencies all met for dep_context=requeueable deps ti=<TaskInstance: executing_branching.has_driving_license scheduled__2024-08-28T00:00:00+00:00 [queued]>
[2024-08-29T12:19:54.796+0200] {taskinstance.py:1288} INFO - 
--------------------------------------------------------------------------------
[2024-08-29T12:19:54.796+0200] {taskinstance.py:1289} INFO - Starting attempt 1 of 1
[2024-08-29T12:19:54.796+0200] {taskinstance.py:1290} INFO - 
--------------------------------------------------------------------------------
[2024-08-29T12:19:54.802+0200] {taskinstance.py:1309} INFO - Executing <Task(PythonOperator): has_driving_license> on 2024-08-28 00:00:00+00:00
[2024-08-29T12:19:54.811+0200] {standard_task_runner.py:55} INFO - Started process 4284 to run task
[2024-08-29T12:19:54.815+0200] {standard_task_runner.py:82} INFO - Running: ['airflow', 'tasks', 'run', 'executing_branching', 'has_driving_license', 'scheduled__2024-08-28T00:00:00+00:00', '--job-id', '107', '--raw', '--subdir', 'DAGS_FOLDER/create_branching.py', '--cfg-path', '/var/folders/q3/lf85n5dd03zdfbv5xqcw4__40000gn/T/tmpqugx2a5f']
[2024-08-29T12:19:54.816+0200] {standard_task_runner.py:83} INFO - Job 107: Subtask has_driving_license
[2024-08-29T12:19:54.854+0200] {task_command.py:389} INFO - Running <TaskInstance: executing_branching.has_driving_license scheduled__2024-08-28T00:00:00+00:00 [running]> on host roselinas-mbp
[2024-08-29T12:19:54.940+0200] {taskinstance.py:1518} INFO - Exporting the following env vars:
AIRFLOW_CTX_DAG_OWNER=Roselina_m
AIRFLOW_CTX_DAG_ID=executing_branching
AIRFLOW_CTX_TASK_ID=has_driving_license
AIRFLOW_CTX_EXECUTION_DATE=2024-08-28T00:00:00+00:00
AIRFLOW_CTX_TRY_NUMBER=1
AIRFLOW_CTX_DAG_RUN_ID=scheduled__2024-08-28T00:00:00+00:00
[2024-08-29T12:19:54.940+0200] {python.py:177} INFO - Done. Returned value was: True
[2024-08-29T12:19:54.947+0200] {taskinstance.py:1332} INFO - Marking task as SUCCESS. dag_id=executing_branching, task_id=has_driving_license, execution_date=20240828T000000, start_date=20240829T101954, end_date=20240829T101954
[2024-08-29T12:19:54.966+0200] {local_task_job.py:212} INFO - Task exited with return code 0
[2024-08-29T12:19:54.980+0200] {taskinstance.py:2596} INFO - 1 downstream tasks scheduled from follow-on schedule check
