[2024-08-28T12:51:31.450+0200] {taskinstance.py:1090} INFO - Dependencies all met for dep_context=non-requeueable deps ti=<TaskInstance: executing_multiple_tasks.taskB scheduled__2024-08-27T00:00:00+00:00 [queued]>
[2024-08-28T12:51:31.456+0200] {taskinstance.py:1090} INFO - Dependencies all met for dep_context=requeueable deps ti=<TaskInstance: executing_multiple_tasks.taskB scheduled__2024-08-27T00:00:00+00:00 [queued]>
[2024-08-28T12:51:31.456+0200] {taskinstance.py:1288} INFO - 
--------------------------------------------------------------------------------
[2024-08-28T12:51:31.457+0200] {taskinstance.py:1289} INFO - Starting attempt 1 of 1
[2024-08-28T12:51:31.457+0200] {taskinstance.py:1290} INFO - 
--------------------------------------------------------------------------------
[2024-08-28T12:51:31.463+0200] {taskinstance.py:1309} INFO - Executing <Task(BashOperator): taskB> on 2024-08-27 00:00:00+00:00
[2024-08-28T12:51:31.471+0200] {standard_task_runner.py:55} INFO - Started process 79806 to run task
[2024-08-28T12:51:31.474+0200] {standard_task_runner.py:82} INFO - Running: ['airflow', 'tasks', 'run', 'executing_multiple_tasks', 'taskB', 'scheduled__2024-08-27T00:00:00+00:00', '--job-id', '11', '--raw', '--subdir', 'DAGS_FOLDER/multiple_dags.py', '--cfg-path', '/var/folders/q3/lf85n5dd03zdfbv5xqcw4__40000gn/T/tmpui7hlu34']
[2024-08-28T12:51:31.476+0200] {standard_task_runner.py:83} INFO - Job 11: Subtask taskB
[2024-08-28T12:51:31.505+0200] {task_command.py:389} INFO - Running <TaskInstance: executing_multiple_tasks.taskB scheduled__2024-08-27T00:00:00+00:00 [running]> on host roselinas-mbp
[2024-08-28T12:51:31.536+0200] {taskinstance.py:1518} INFO - Exporting the following env vars:
AIRFLOW_CTX_DAG_OWNER=Roslina_m
AIRFLOW_CTX_DAG_ID=executing_multiple_tasks
AIRFLOW_CTX_TASK_ID=taskB
AIRFLOW_CTX_EXECUTION_DATE=2024-08-27T00:00:00+00:00
AIRFLOW_CTX_TRY_NUMBER=1
AIRFLOW_CTX_DAG_RUN_ID=scheduled__2024-08-27T00:00:00+00:00
[2024-08-28T12:51:31.536+0200] {subprocess.py:63} INFO - Tmp dir root location: 
 /var/folders/q3/lf85n5dd03zdfbv5xqcw4__40000gn/T
[2024-08-28T12:51:31.537+0200] {subprocess.py:75} INFO - Running command: ['/bin/bash', '-c', 'echo TASK B has executed!']
[2024-08-28T12:51:31.547+0200] {subprocess.py:86} INFO - Output:
[2024-08-28T12:51:31.552+0200] {subprocess.py:93} INFO - TASK B has executed!
[2024-08-28T12:51:31.553+0200] {subprocess.py:97} INFO - Command exited with return code 0
[2024-08-28T12:51:31.563+0200] {taskinstance.py:1332} INFO - Marking task as SUCCESS. dag_id=executing_multiple_tasks, task_id=taskB, execution_date=20240827T000000, start_date=20240828T105131, end_date=20240828T105131
[2024-08-28T12:51:31.581+0200] {local_task_job.py:212} INFO - Task exited with return code 0
[2024-08-28T12:51:31.589+0200] {taskinstance.py:2596} INFO - 0 downstream tasks scheduled from follow-on schedule check
