[2024-08-28T13:00:40.865+0200] {taskinstance.py:1090} INFO - Dependencies all met for dep_context=non-requeueable deps ti=<TaskInstance: executing_multiple_tasks.taskA manual__2024-08-28T11:00:38.185357+00:00 [queued]>
[2024-08-28T13:00:40.874+0200] {taskinstance.py:1090} INFO - Dependencies all met for dep_context=requeueable deps ti=<TaskInstance: executing_multiple_tasks.taskA manual__2024-08-28T11:00:38.185357+00:00 [queued]>
[2024-08-28T13:00:40.874+0200] {taskinstance.py:1288} INFO - 
--------------------------------------------------------------------------------
[2024-08-28T13:00:40.874+0200] {taskinstance.py:1289} INFO - Starting attempt 1 of 1
[2024-08-28T13:00:40.874+0200] {taskinstance.py:1290} INFO - 
--------------------------------------------------------------------------------
[2024-08-28T13:00:40.880+0200] {taskinstance.py:1309} INFO - Executing <Task(BashOperator): taskA> on 2024-08-28 11:00:38.185357+00:00
[2024-08-28T13:00:40.888+0200] {standard_task_runner.py:55} INFO - Started process 80548 to run task
[2024-08-28T13:00:40.892+0200] {standard_task_runner.py:82} INFO - Running: ['airflow', 'tasks', 'run', 'executing_multiple_tasks', 'taskA', 'manual__2024-08-28T11:00:38.185357+00:00', '--job-id', '14', '--raw', '--subdir', 'DAGS_FOLDER/multiple_dags.py', '--cfg-path', '/var/folders/q3/lf85n5dd03zdfbv5xqcw4__40000gn/T/tmp47sx6fjx']
[2024-08-28T13:00:40.894+0200] {standard_task_runner.py:83} INFO - Job 14: Subtask taskA
[2024-08-28T13:00:40.925+0200] {task_command.py:389} INFO - Running <TaskInstance: executing_multiple_tasks.taskA manual__2024-08-28T11:00:38.185357+00:00 [running]> on host roselinas-mbp
[2024-08-28T13:00:40.955+0200] {taskinstance.py:1518} INFO - Exporting the following env vars:
AIRFLOW_CTX_DAG_OWNER=Roslina_m
AIRFLOW_CTX_DAG_ID=executing_multiple_tasks
AIRFLOW_CTX_TASK_ID=taskA
AIRFLOW_CTX_EXECUTION_DATE=2024-08-28T11:00:38.185357+00:00
AIRFLOW_CTX_TRY_NUMBER=1
AIRFLOW_CTX_DAG_RUN_ID=manual__2024-08-28T11:00:38.185357+00:00
[2024-08-28T13:00:40.956+0200] {subprocess.py:63} INFO - Tmp dir root location: 
 /var/folders/q3/lf85n5dd03zdfbv5xqcw4__40000gn/T
[2024-08-28T13:00:40.956+0200] {subprocess.py:75} INFO - Running command: ['/bin/bash', '-c', '\n            echo TASK A has started!\n            \n            for i in {1..10}\n            do\n                echo TASK A printing $i\n            done\n\n            echo TASK A has ended!\n        ']
[2024-08-28T13:00:40.966+0200] {subprocess.py:86} INFO - Output:
[2024-08-28T13:00:40.971+0200] {subprocess.py:93} INFO - TASK A has started!
[2024-08-28T13:00:40.972+0200] {subprocess.py:93} INFO - TASK A printing 1
[2024-08-28T13:00:40.972+0200] {subprocess.py:93} INFO - TASK A printing 2
[2024-08-28T13:00:40.972+0200] {subprocess.py:93} INFO - TASK A printing 3
[2024-08-28T13:00:40.972+0200] {subprocess.py:93} INFO - TASK A printing 4
[2024-08-28T13:00:40.972+0200] {subprocess.py:93} INFO - TASK A printing 5
[2024-08-28T13:00:40.972+0200] {subprocess.py:93} INFO - TASK A printing 6
[2024-08-28T13:00:40.973+0200] {subprocess.py:93} INFO - TASK A printing 7
[2024-08-28T13:00:40.973+0200] {subprocess.py:93} INFO - TASK A printing 8
[2024-08-28T13:00:40.973+0200] {subprocess.py:93} INFO - TASK A printing 9
[2024-08-28T13:00:40.973+0200] {subprocess.py:93} INFO - TASK A printing 10
[2024-08-28T13:00:40.973+0200] {subprocess.py:93} INFO - TASK A has ended!
[2024-08-28T13:00:40.974+0200] {subprocess.py:97} INFO - Command exited with return code 0
[2024-08-28T13:00:40.984+0200] {taskinstance.py:1332} INFO - Marking task as SUCCESS. dag_id=executing_multiple_tasks, task_id=taskA, execution_date=20240828T110038, start_date=20240828T110040, end_date=20240828T110040
[2024-08-28T13:00:41.000+0200] {local_task_job.py:212} INFO - Task exited with return code 0
[2024-08-28T13:00:41.014+0200] {taskinstance.py:2596} INFO - 2 downstream tasks scheduled from follow-on schedule check
