[2024-08-29T12:38:18.270+0200] {taskinstance.py:1090} INFO - Dependencies all met for dep_context=non-requeueable deps ti=<TaskInstance: executing_branching.filter_by_southwest manual__2024-08-29T10:38:09.779051+00:00 [queued]>
[2024-08-29T12:38:18.277+0200] {taskinstance.py:1090} INFO - Dependencies all met for dep_context=requeueable deps ti=<TaskInstance: executing_branching.filter_by_southwest manual__2024-08-29T10:38:09.779051+00:00 [queued]>
[2024-08-29T12:38:18.277+0200] {taskinstance.py:1288} INFO - 
--------------------------------------------------------------------------------
[2024-08-29T12:38:18.278+0200] {taskinstance.py:1289} INFO - Starting attempt 1 of 1
[2024-08-29T12:38:18.278+0200] {taskinstance.py:1290} INFO - 
--------------------------------------------------------------------------------
[2024-08-29T12:38:18.285+0200] {taskinstance.py:1309} INFO - Executing <Task(PythonOperator): filter_by_southwest> on 2024-08-29 10:38:09.779051+00:00
[2024-08-29T12:38:18.304+0200] {standard_task_runner.py:55} INFO - Started process 5570 to run task
[2024-08-29T12:38:18.308+0200] {standard_task_runner.py:82} INFO - Running: ['airflow', 'tasks', 'run', 'executing_branching', 'filter_by_southwest', 'manual__2024-08-29T10:38:09.779051+00:00', '--job-id', '113', '--raw', '--subdir', 'DAGS_FOLDER/create_branching.py', '--cfg-path', '/var/folders/q3/lf85n5dd03zdfbv5xqcw4__40000gn/T/tmpfl3904sx']
[2024-08-29T12:38:18.309+0200] {standard_task_runner.py:83} INFO - Job 113: Subtask filter_by_southwest
[2024-08-29T12:38:18.342+0200] {task_command.py:389} INFO - Running <TaskInstance: executing_branching.filter_by_southwest manual__2024-08-29T10:38:09.779051+00:00 [running]> on host roselinas-mbp
[2024-08-29T12:38:18.375+0200] {taskinstance.py:1518} INFO - Exporting the following env vars:
AIRFLOW_CTX_DAG_OWNER=Roselina_m
AIRFLOW_CTX_DAG_ID=executing_branching
AIRFLOW_CTX_TASK_ID=filter_by_southwest
AIRFLOW_CTX_EXECUTION_DATE=2024-08-29T10:38:09.779051+00:00
AIRFLOW_CTX_TRY_NUMBER=1
AIRFLOW_CTX_DAG_RUN_ID=manual__2024-08-29T10:38:09.779051+00:00
[2024-08-29T12:38:18.400+0200] {python.py:177} INFO - Done. Returned value was: None
[2024-08-29T12:38:18.404+0200] {taskinstance.py:1332} INFO - Marking task as SUCCESS. dag_id=executing_branching, task_id=filter_by_southwest, execution_date=20240829T103809, start_date=20240829T103818, end_date=20240829T103818
[2024-08-29T12:38:18.455+0200] {local_task_job.py:212} INFO - Task exited with return code 0
[2024-08-29T12:38:18.464+0200] {taskinstance.py:2596} INFO - 0 downstream tasks scheduled from follow-on schedule check
