[2024-08-29T11:40:14.688+0200] {taskinstance.py:1090} INFO - Dependencies all met for dep_context=non-requeueable deps ti=<TaskInstance: executing_sql_pipeline.create_table manual__2024-08-29T09:40:12.060611+00:00 [queued]>
[2024-08-29T11:40:14.694+0200] {taskinstance.py:1090} INFO - Dependencies all met for dep_context=requeueable deps ti=<TaskInstance: executing_sql_pipeline.create_table manual__2024-08-29T09:40:12.060611+00:00 [queued]>
[2024-08-29T11:40:14.694+0200] {taskinstance.py:1288} INFO - 
--------------------------------------------------------------------------------
[2024-08-29T11:40:14.694+0200] {taskinstance.py:1289} INFO - Starting attempt 1 of 1
[2024-08-29T11:40:14.694+0200] {taskinstance.py:1290} INFO - 
--------------------------------------------------------------------------------
[2024-08-29T11:40:14.701+0200] {taskinstance.py:1309} INFO - Executing <Task(SqliteOperator): create_table> on 2024-08-29 09:40:12.060611+00:00
[2024-08-29T11:40:14.710+0200] {standard_task_runner.py:55} INFO - Started process 1177 to run task
[2024-08-29T11:40:14.714+0200] {standard_task_runner.py:82} INFO - Running: ['airflow', 'tasks', 'run', 'executing_sql_pipeline', 'create_table', 'manual__2024-08-29T09:40:12.060611+00:00', '--job-id', '84', '--raw', '--subdir', 'DAGS_FOLDER/create_sql_pipeline.py', '--cfg-path', '/var/folders/q3/lf85n5dd03zdfbv5xqcw4__40000gn/T/tmp3c1wywah']
[2024-08-29T11:40:14.715+0200] {standard_task_runner.py:83} INFO - Job 84: Subtask create_table
[2024-08-29T11:40:14.795+0200] {task_command.py:389} INFO - Running <TaskInstance: executing_sql_pipeline.create_table manual__2024-08-29T09:40:12.060611+00:00 [running]> on host roselinas-mbp
[2024-08-29T11:40:14.823+0200] {taskinstance.py:1518} INFO - Exporting the following env vars:
AIRFLOW_CTX_DAG_OWNER=Roselina_m
AIRFLOW_CTX_DAG_ID=executing_sql_pipeline
AIRFLOW_CTX_TASK_ID=create_table
AIRFLOW_CTX_EXECUTION_DATE=2024-08-29T09:40:12.060611+00:00
AIRFLOW_CTX_TRY_NUMBER=1
AIRFLOW_CTX_DAG_RUN_ID=manual__2024-08-29T09:40:12.060611+00:00
[2024-08-29T11:40:14.824+0200] {sql.py:254} INFO - Executing: 
            CREATE TABLE IF NOT EXISTS users (
                    id INTEGER PRIMARY KEY,
                    name VARCHAR(50) NOT NULL,
                    age INTEGER NOT NULL,
                    city VARCHAR(50),
                    is_active BOOLEAN DEFAULT true,
                    created_at TIMESTAMP DEFAULT CURRENT_TIMESTAMP
            );
        
[2024-08-29T11:40:14.826+0200] {base.py:73} INFO - Using connection ID 'my_sqlite_conn' for task execution.
[2024-08-29T11:40:14.872+0200] {base.py:73} INFO - Using connection ID 'my_sqlite_conn' for task execution.
[2024-08-29T11:40:14.873+0200] {sql.py:375} INFO - Running statement: 
            CREATE TABLE IF NOT EXISTS users (
                    id INTEGER PRIMARY KEY,
                    name VARCHAR(50) NOT NULL,
                    age INTEGER NOT NULL,
                    city VARCHAR(50),
                    is_active BOOLEAN DEFAULT true,
                    created_at TIMESTAMP DEFAULT CURRENT_TIMESTAMP
            );
        , parameters: None
[2024-08-29T11:40:14.876+0200] {taskinstance.py:1332} INFO - Marking task as SUCCESS. dag_id=executing_sql_pipeline, task_id=create_table, execution_date=20240829T094012, start_date=20240829T094014, end_date=20240829T094014
[2024-08-29T11:40:14.910+0200] {local_task_job.py:212} INFO - Task exited with return code 0
[2024-08-29T11:40:14.963+0200] {taskinstance.py:2596} INFO - 2 downstream tasks scheduled from follow-on schedule check
