[2024-08-28T13:00:42.438+0200] {taskinstance.py:1090} INFO - Dependencies all met for dep_context=non-requeueable deps ti=<TaskInstance: executing_multiple_tasks.taskB manual__2024-08-28T11:00:38.185357+00:00 [queued]>
[2024-08-28T13:00:42.444+0200] {taskinstance.py:1090} INFO - Dependencies all met for dep_context=requeueable deps ti=<TaskInstance: executing_multiple_tasks.taskB manual__2024-08-28T11:00:38.185357+00:00 [queued]>
[2024-08-28T13:00:42.445+0200] {taskinstance.py:1288} INFO - 
--------------------------------------------------------------------------------
[2024-08-28T13:00:42.445+0200] {taskinstance.py:1289} INFO - Starting attempt 1 of 1
[2024-08-28T13:00:42.445+0200] {taskinstance.py:1290} INFO - 
--------------------------------------------------------------------------------
[2024-08-28T13:00:42.451+0200] {taskinstance.py:1309} INFO - Executing <Task(BashOperator): taskB> on 2024-08-28 11:00:38.185357+00:00
[2024-08-28T13:00:42.459+0200] {standard_task_runner.py:55} INFO - Started process 80555 to run task
[2024-08-28T13:00:42.463+0200] {standard_task_runner.py:82} INFO - Running: ['airflow', 'tasks', 'run', 'executing_multiple_tasks', 'taskB', 'manual__2024-08-28T11:00:38.185357+00:00', '--job-id', '15', '--raw', '--subdir', 'DAGS_FOLDER/multiple_dags.py', '--cfg-path', '/var/folders/q3/lf85n5dd03zdfbv5xqcw4__40000gn/T/tmpyhdys04v']
[2024-08-28T13:00:42.464+0200] {standard_task_runner.py:83} INFO - Job 15: Subtask taskB
[2024-08-28T13:00:42.506+0200] {task_command.py:389} INFO - Running <TaskInstance: executing_multiple_tasks.taskB manual__2024-08-28T11:00:38.185357+00:00 [running]> on host roselinas-mbp
[2024-08-28T13:00:42.538+0200] {taskinstance.py:1518} INFO - Exporting the following env vars:
AIRFLOW_CTX_DAG_OWNER=Roslina_m
AIRFLOW_CTX_DAG_ID=executing_multiple_tasks
AIRFLOW_CTX_TASK_ID=taskB
AIRFLOW_CTX_EXECUTION_DATE=2024-08-28T11:00:38.185357+00:00
AIRFLOW_CTX_TRY_NUMBER=1
AIRFLOW_CTX_DAG_RUN_ID=manual__2024-08-28T11:00:38.185357+00:00
[2024-08-28T13:00:42.538+0200] {subprocess.py:63} INFO - Tmp dir root location: 
 /var/folders/q3/lf85n5dd03zdfbv5xqcw4__40000gn/T
[2024-08-28T13:00:42.539+0200] {subprocess.py:75} INFO - Running command: ['/bin/bash', '-c', '\n            echo TASK B has started!\n            sleep 4\n            echo TASK B has ended!\n        ']
[2024-08-28T13:00:42.552+0200] {subprocess.py:86} INFO - Output:
[2024-08-28T13:00:42.556+0200] {subprocess.py:93} INFO - TASK B has started!
[2024-08-28T13:00:46.751+0200] {subprocess.py:93} INFO - TASK B has ended!
[2024-08-28T13:00:46.754+0200] {subprocess.py:97} INFO - Command exited with return code 0
[2024-08-28T13:00:46.789+0200] {taskinstance.py:1332} INFO - Marking task as SUCCESS. dag_id=executing_multiple_tasks, task_id=taskB, execution_date=20240828T110038, start_date=20240828T110042, end_date=20240828T110046
[2024-08-28T13:00:46.818+0200] {local_task_job.py:212} INFO - Task exited with return code 0
[2024-08-28T13:00:46.840+0200] {taskinstance.py:2596} INFO - 0 downstream tasks scheduled from follow-on schedule check
