[2024-08-29T12:52:31.897+0200] {taskinstance.py:1090} INFO - Dependencies all met for dep_context=non-requeueable deps ti=<TaskInstance: execute_python_operators.taskB scheduled__2024-08-28T00:00:00+00:00 [queued]>
[2024-08-29T12:52:31.902+0200] {taskinstance.py:1090} INFO - Dependencies all met for dep_context=requeueable deps ti=<TaskInstance: execute_python_operators.taskB scheduled__2024-08-28T00:00:00+00:00 [queued]>
[2024-08-29T12:52:31.903+0200] {taskinstance.py:1288} INFO - 
--------------------------------------------------------------------------------
[2024-08-29T12:52:31.903+0200] {taskinstance.py:1289} INFO - Starting attempt 1 of 1
[2024-08-29T12:52:31.903+0200] {taskinstance.py:1290} INFO - 
--------------------------------------------------------------------------------
[2024-08-29T12:52:31.909+0200] {taskinstance.py:1309} INFO - Executing <Task(PythonOperator): taskB> on 2024-08-28 00:00:00+00:00
[2024-08-29T12:52:31.916+0200] {standard_task_runner.py:55} INFO - Started process 6566 to run task
[2024-08-29T12:52:31.920+0200] {standard_task_runner.py:82} INFO - Running: ['airflow', 'tasks', 'run', 'execute_python_operators', 'taskB', 'scheduled__2024-08-28T00:00:00+00:00', '--job-id', '118', '--raw', '--subdir', 'DAGS_FOLDER/execute_python.py', '--cfg-path', '/var/folders/q3/lf85n5dd03zdfbv5xqcw4__40000gn/T/tmpey5lud81']
[2024-08-29T12:52:31.922+0200] {standard_task_runner.py:83} INFO - Job 118: Subtask taskB
[2024-08-29T12:52:31.958+0200] {task_command.py:389} INFO - Running <TaskInstance: execute_python_operators.taskB scheduled__2024-08-28T00:00:00+00:00 [running]> on host roselinas-mbp
[2024-08-29T12:52:32.042+0200] {taskinstance.py:1518} INFO - Exporting the following env vars:
AIRFLOW_CTX_DAG_OWNER=Roselina_m
AIRFLOW_CTX_DAG_ID=execute_python_operators
AIRFLOW_CTX_TASK_ID=taskB
AIRFLOW_CTX_EXECUTION_DATE=2024-08-28T00:00:00+00:00
AIRFLOW_CTX_TRY_NUMBER=1
AIRFLOW_CTX_DAG_RUN_ID=scheduled__2024-08-28T00:00:00+00:00
[2024-08-29T12:52:37.044+0200] {logging_mixin.py:137} INFO - TASK B executed!
[2024-08-29T12:52:37.045+0200] {python.py:177} INFO - Done. Returned value was: None
[2024-08-29T12:52:37.058+0200] {taskinstance.py:1332} INFO - Marking task as SUCCESS. dag_id=execute_python_operators, task_id=taskB, execution_date=20240828T000000, start_date=20240829T105231, end_date=20240829T105237
[2024-08-29T12:52:37.112+0200] {local_task_job.py:212} INFO - Task exited with return code 0
[2024-08-29T12:52:37.136+0200] {taskinstance.py:2596} INFO - 0 downstream tasks scheduled from follow-on schedule check
