[2024-08-29T11:29:36.728+0200] {taskinstance.py:1090} INFO - Dependencies all met for dep_context=non-requeueable deps ti=<TaskInstance: executing_sql_pipeline.delete_values manual__2024-08-29T09:29:28.012117+00:00 [queued]>
[2024-08-29T11:29:36.734+0200] {taskinstance.py:1090} INFO - Dependencies all met for dep_context=requeueable deps ti=<TaskInstance: executing_sql_pipeline.delete_values manual__2024-08-29T09:29:28.012117+00:00 [queued]>
[2024-08-29T11:29:36.734+0200] {taskinstance.py:1288} INFO - 
--------------------------------------------------------------------------------
[2024-08-29T11:29:36.734+0200] {taskinstance.py:1289} INFO - Starting attempt 1 of 1
[2024-08-29T11:29:36.734+0200] {taskinstance.py:1290} INFO - 
--------------------------------------------------------------------------------
[2024-08-29T11:29:36.741+0200] {taskinstance.py:1309} INFO - Executing <Task(SqliteOperator): delete_values> on 2024-08-29 09:29:28.012117+00:00
[2024-08-29T11:29:36.750+0200] {standard_task_runner.py:55} INFO - Started process 184 to run task
[2024-08-29T11:29:36.754+0200] {standard_task_runner.py:82} INFO - Running: ['airflow', 'tasks', 'run', 'executing_sql_pipeline', 'delete_values', 'manual__2024-08-29T09:29:28.012117+00:00', '--job-id', '77', '--raw', '--subdir', 'DAGS_FOLDER/create_sql_pipeline.py', '--cfg-path', '/var/folders/q3/lf85n5dd03zdfbv5xqcw4__40000gn/T/tmpi2lbocw5']
[2024-08-29T11:29:36.756+0200] {standard_task_runner.py:83} INFO - Job 77: Subtask delete_values
[2024-08-29T11:29:36.836+0200] {task_command.py:389} INFO - Running <TaskInstance: executing_sql_pipeline.delete_values manual__2024-08-29T09:29:28.012117+00:00 [running]> on host roselinas-mbp
[2024-08-29T11:29:36.863+0200] {taskinstance.py:1518} INFO - Exporting the following env vars:
AIRFLOW_CTX_DAG_OWNER=Roselina_m
AIRFLOW_CTX_DAG_ID=executing_sql_pipeline
AIRFLOW_CTX_TASK_ID=delete_values
AIRFLOW_CTX_EXECUTION_DATE=2024-08-29T09:29:28.012117+00:00
AIRFLOW_CTX_TRY_NUMBER=1
AIRFLOW_CTX_DAG_RUN_ID=manual__2024-08-29T09:29:28.012117+00:00
[2024-08-29T11:29:36.863+0200] {sql.py:254} INFO - Executing: 
            DELETE FROM users WHERE is_active = 0;
        
[2024-08-29T11:29:36.866+0200] {base.py:73} INFO - Using connection ID 'my_sqlite_conn' for task execution.
[2024-08-29T11:29:36.912+0200] {base.py:73} INFO - Using connection ID 'my_sqlite_conn' for task execution.
[2024-08-29T11:29:36.912+0200] {sql.py:375} INFO - Running statement: 
            DELETE FROM users WHERE is_active = 0;
        , parameters: None
[2024-08-29T11:29:36.913+0200] {sql.py:384} INFO - Rows affected: 6
[2024-08-29T11:29:36.916+0200] {taskinstance.py:1332} INFO - Marking task as SUCCESS. dag_id=executing_sql_pipeline, task_id=delete_values, execution_date=20240829T092928, start_date=20240829T092936, end_date=20240829T092936
[2024-08-29T11:29:36.948+0200] {local_task_job.py:212} INFO - Task exited with return code 0
[2024-08-29T11:29:37.001+0200] {taskinstance.py:2596} INFO - 1 downstream tasks scheduled from follow-on schedule check
