[2024-08-29T10:56:53.957+0200] {taskinstance.py:1090} INFO - Dependencies all met for dep_context=non-requeueable deps ti=<TaskInstance: executing_sql_pipeline.display_result manual__2024-08-29T08:56:46.693577+00:00 [queued]>
[2024-08-29T10:56:53.963+0200] {taskinstance.py:1090} INFO - Dependencies all met for dep_context=requeueable deps ti=<TaskInstance: executing_sql_pipeline.display_result manual__2024-08-29T08:56:46.693577+00:00 [queued]>
[2024-08-29T10:56:53.963+0200] {taskinstance.py:1288} INFO - 
--------------------------------------------------------------------------------
[2024-08-29T10:56:53.963+0200] {taskinstance.py:1289} INFO - Starting attempt 1 of 1
[2024-08-29T10:56:53.963+0200] {taskinstance.py:1290} INFO - 
--------------------------------------------------------------------------------
[2024-08-29T10:56:53.969+0200] {taskinstance.py:1309} INFO - Executing <Task(SqliteOperator): display_result> on 2024-08-29 08:56:46.693577+00:00
[2024-08-29T10:56:53.978+0200] {standard_task_runner.py:55} INFO - Started process 97631 to run task
[2024-08-29T10:56:53.984+0200] {standard_task_runner.py:82} INFO - Running: ['airflow', 'tasks', 'run', 'executing_sql_pipeline', 'display_result', 'manual__2024-08-29T08:56:46.693577+00:00', '--job-id', '73', '--raw', '--subdir', 'DAGS_FOLDER/create_sql_pipeline.py', '--cfg-path', '/var/folders/q3/lf85n5dd03zdfbv5xqcw4__40000gn/T/tmpx81in1jb']
[2024-08-29T10:56:53.986+0200] {standard_task_runner.py:83} INFO - Job 73: Subtask display_result
[2024-08-29T10:56:54.080+0200] {task_command.py:389} INFO - Running <TaskInstance: executing_sql_pipeline.display_result manual__2024-08-29T08:56:46.693577+00:00 [running]> on host roselinas-mbp
[2024-08-29T10:56:54.106+0200] {taskinstance.py:1518} INFO - Exporting the following env vars:
AIRFLOW_CTX_DAG_OWNER=Roselina_m
AIRFLOW_CTX_DAG_ID=executing_sql_pipeline
AIRFLOW_CTX_TASK_ID=display_result
AIRFLOW_CTX_EXECUTION_DATE=2024-08-29T08:56:46.693577+00:00
AIRFLOW_CTX_TRY_NUMBER=1
AIRFLOW_CTX_DAG_RUN_ID=manual__2024-08-29T08:56:46.693577+00:00
[2024-08-29T10:56:54.107+0200] {sql.py:254} INFO - Executing: SELECT * FROM users
[2024-08-29T10:56:54.109+0200] {base.py:73} INFO - Using connection ID 'my_sqlite_conn' for task execution.
[2024-08-29T10:56:54.153+0200] {base.py:73} INFO - Using connection ID 'my_sqlite_conn' for task execution.
[2024-08-29T10:56:54.153+0200] {sql.py:375} INFO - Running statement: SELECT * FROM users, parameters: None
[2024-08-29T10:56:54.160+0200] {taskinstance.py:1332} INFO - Marking task as SUCCESS. dag_id=executing_sql_pipeline, task_id=display_result, execution_date=20240829T085646, start_date=20240829T085653, end_date=20240829T085654
[2024-08-29T10:56:54.182+0200] {local_task_job.py:212} INFO - Task exited with return code 0
[2024-08-29T10:56:54.229+0200] {taskinstance.py:2596} INFO - 0 downstream tasks scheduled from follow-on schedule check
