[2024-08-28T12:51:32.926+0200] {taskinstance.py:1090} INFO - Dependencies all met for dep_context=non-requeueable deps ti=<TaskInstance: executing_multiple_tasks.taskA manual__2024-08-28T10:51:30.084444+00:00 [queued]>
[2024-08-28T12:51:32.933+0200] {taskinstance.py:1090} INFO - Dependencies all met for dep_context=requeueable deps ti=<TaskInstance: executing_multiple_tasks.taskA manual__2024-08-28T10:51:30.084444+00:00 [queued]>
[2024-08-28T12:51:32.933+0200] {taskinstance.py:1288} INFO - 
--------------------------------------------------------------------------------
[2024-08-28T12:51:32.933+0200] {taskinstance.py:1289} INFO - Starting attempt 1 of 1
[2024-08-28T12:51:32.933+0200] {taskinstance.py:1290} INFO - 
--------------------------------------------------------------------------------
[2024-08-28T12:51:32.939+0200] {taskinstance.py:1309} INFO - Executing <Task(BashOperator): taskA> on 2024-08-28 10:51:30.084444+00:00
[2024-08-28T12:51:32.947+0200] {standard_task_runner.py:55} INFO - Started process 79814 to run task
[2024-08-28T12:51:32.951+0200] {standard_task_runner.py:82} INFO - Running: ['airflow', 'tasks', 'run', 'executing_multiple_tasks', 'taskA', 'manual__2024-08-28T10:51:30.084444+00:00', '--job-id', '12', '--raw', '--subdir', 'DAGS_FOLDER/multiple_dags.py', '--cfg-path', '/var/folders/q3/lf85n5dd03zdfbv5xqcw4__40000gn/T/tmpzd735j1e']
[2024-08-28T12:51:32.953+0200] {standard_task_runner.py:83} INFO - Job 12: Subtask taskA
[2024-08-28T12:51:32.980+0200] {task_command.py:389} INFO - Running <TaskInstance: executing_multiple_tasks.taskA manual__2024-08-28T10:51:30.084444+00:00 [running]> on host roselinas-mbp
[2024-08-28T12:51:33.011+0200] {taskinstance.py:1518} INFO - Exporting the following env vars:
AIRFLOW_CTX_DAG_OWNER=Roslina_m
AIRFLOW_CTX_DAG_ID=executing_multiple_tasks
AIRFLOW_CTX_TASK_ID=taskA
AIRFLOW_CTX_EXECUTION_DATE=2024-08-28T10:51:30.084444+00:00
AIRFLOW_CTX_TRY_NUMBER=1
AIRFLOW_CTX_DAG_RUN_ID=manual__2024-08-28T10:51:30.084444+00:00
[2024-08-28T12:51:33.012+0200] {subprocess.py:63} INFO - Tmp dir root location: 
 /var/folders/q3/lf85n5dd03zdfbv5xqcw4__40000gn/T
[2024-08-28T12:51:33.012+0200] {subprocess.py:75} INFO - Running command: ['/bin/bash', '-c', 'echo TASK A has executed!']
[2024-08-28T12:51:33.022+0200] {subprocess.py:86} INFO - Output:
[2024-08-28T12:51:33.025+0200] {subprocess.py:93} INFO - TASK A has executed!
[2024-08-28T12:51:33.026+0200] {subprocess.py:97} INFO - Command exited with return code 0
[2024-08-28T12:51:33.036+0200] {taskinstance.py:1332} INFO - Marking task as SUCCESS. dag_id=executing_multiple_tasks, task_id=taskA, execution_date=20240828T105130, start_date=20240828T105132, end_date=20240828T105133
[2024-08-28T12:51:33.058+0200] {local_task_job.py:212} INFO - Task exited with return code 0
[2024-08-28T12:51:33.068+0200] {taskinstance.py:2596} INFO - 1 downstream tasks scheduled from follow-on schedule check
