[2024-08-28T10:11:00.355+0200] {processor.py:153} INFO - Started process (PID=74895) to work on /Users/roselina/opt/anaconda3/envs/python37/lib/python3.7/site-packages/airflow/example_dags/subdags/subdag.py
[2024-08-28T10:11:00.357+0200] {processor.py:743} INFO - Processing file /Users/roselina/opt/anaconda3/envs/python37/lib/python3.7/site-packages/airflow/example_dags/subdags/subdag.py for tasks to queue
[2024-08-28T10:11:00.357+0200] {logging_mixin.py:137} INFO - [2024-08-28T10:11:00.357+0200] {dagbag.py:532} INFO - Filling up the DagBag from /Users/roselina/opt/anaconda3/envs/python37/lib/python3.7/site-packages/airflow/example_dags/subdags/subdag.py
[2024-08-28T10:11:00.361+0200] {processor.py:755} WARNING - No viable dags retrieved from /Users/roselina/opt/anaconda3/envs/python37/lib/python3.7/site-packages/airflow/example_dags/subdags/subdag.py
[2024-08-28T10:11:00.368+0200] {processor.py:175} INFO - Processing /Users/roselina/opt/anaconda3/envs/python37/lib/python3.7/site-packages/airflow/example_dags/subdags/subdag.py took 0.015 seconds
[2024-08-28T10:11:45.910+0200] {processor.py:153} INFO - Started process (PID=74962) to work on /Users/roselina/opt/anaconda3/envs/python37/lib/python3.7/site-packages/airflow/example_dags/subdags/subdag.py
[2024-08-28T10:11:45.912+0200] {processor.py:743} INFO - Processing file /Users/roselina/opt/anaconda3/envs/python37/lib/python3.7/site-packages/airflow/example_dags/subdags/subdag.py for tasks to queue
[2024-08-28T10:11:45.913+0200] {logging_mixin.py:137} INFO - [2024-08-28T10:11:45.912+0200] {dagbag.py:532} INFO - Filling up the DagBag from /Users/roselina/opt/anaconda3/envs/python37/lib/python3.7/site-packages/airflow/example_dags/subdags/subdag.py
[2024-08-28T10:11:45.917+0200] {processor.py:755} WARNING - No viable dags retrieved from /Users/roselina/opt/anaconda3/envs/python37/lib/python3.7/site-packages/airflow/example_dags/subdags/subdag.py
[2024-08-28T10:11:45.925+0200] {processor.py:175} INFO - Processing /Users/roselina/opt/anaconda3/envs/python37/lib/python3.7/site-packages/airflow/example_dags/subdags/subdag.py took 0.019 seconds
[2024-08-28T10:12:27.830+0200] {processor.py:153} INFO - Started process (PID=75028) to work on /Users/roselina/opt/anaconda3/envs/python37/lib/python3.7/site-packages/airflow/example_dags/subdags/subdag.py
[2024-08-28T10:12:27.831+0200] {processor.py:743} INFO - Processing file /Users/roselina/opt/anaconda3/envs/python37/lib/python3.7/site-packages/airflow/example_dags/subdags/subdag.py for tasks to queue
[2024-08-28T10:12:27.832+0200] {logging_mixin.py:137} INFO - [2024-08-28T10:12:27.832+0200] {dagbag.py:532} INFO - Filling up the DagBag from /Users/roselina/opt/anaconda3/envs/python37/lib/python3.7/site-packages/airflow/example_dags/subdags/subdag.py
[2024-08-28T10:12:27.835+0200] {processor.py:755} WARNING - No viable dags retrieved from /Users/roselina/opt/anaconda3/envs/python37/lib/python3.7/site-packages/airflow/example_dags/subdags/subdag.py
[2024-08-28T10:12:27.841+0200] {processor.py:175} INFO - Processing /Users/roselina/opt/anaconda3/envs/python37/lib/python3.7/site-packages/airflow/example_dags/subdags/subdag.py took 0.012 seconds
[2024-08-28T10:13:09.586+0200] {processor.py:153} INFO - Started process (PID=75099) to work on /Users/roselina/opt/anaconda3/envs/python37/lib/python3.7/site-packages/airflow/example_dags/subdags/subdag.py
[2024-08-28T10:13:09.588+0200] {processor.py:743} INFO - Processing file /Users/roselina/opt/anaconda3/envs/python37/lib/python3.7/site-packages/airflow/example_dags/subdags/subdag.py for tasks to queue
[2024-08-28T10:13:09.589+0200] {logging_mixin.py:137} INFO - [2024-08-28T10:13:09.589+0200] {dagbag.py:532} INFO - Filling up the DagBag from /Users/roselina/opt/anaconda3/envs/python37/lib/python3.7/site-packages/airflow/example_dags/subdags/subdag.py
[2024-08-28T10:13:09.594+0200] {processor.py:755} WARNING - No viable dags retrieved from /Users/roselina/opt/anaconda3/envs/python37/lib/python3.7/site-packages/airflow/example_dags/subdags/subdag.py
[2024-08-28T10:13:09.605+0200] {processor.py:175} INFO - Processing /Users/roselina/opt/anaconda3/envs/python37/lib/python3.7/site-packages/airflow/example_dags/subdags/subdag.py took 0.023 seconds
[2024-08-28T10:13:50.741+0200] {processor.py:153} INFO - Started process (PID=75153) to work on /Users/roselina/opt/anaconda3/envs/python37/lib/python3.7/site-packages/airflow/example_dags/subdags/subdag.py
[2024-08-28T10:13:50.742+0200] {processor.py:743} INFO - Processing file /Users/roselina/opt/anaconda3/envs/python37/lib/python3.7/site-packages/airflow/example_dags/subdags/subdag.py for tasks to queue
[2024-08-28T10:13:50.743+0200] {logging_mixin.py:137} INFO - [2024-08-28T10:13:50.743+0200] {dagbag.py:532} INFO - Filling up the DagBag from /Users/roselina/opt/anaconda3/envs/python37/lib/python3.7/site-packages/airflow/example_dags/subdags/subdag.py
[2024-08-28T10:13:50.748+0200] {processor.py:755} WARNING - No viable dags retrieved from /Users/roselina/opt/anaconda3/envs/python37/lib/python3.7/site-packages/airflow/example_dags/subdags/subdag.py
[2024-08-28T10:13:50.758+0200] {processor.py:175} INFO - Processing /Users/roselina/opt/anaconda3/envs/python37/lib/python3.7/site-packages/airflow/example_dags/subdags/subdag.py took 0.021 seconds
[2024-08-28T10:14:33.707+0200] {processor.py:153} INFO - Started process (PID=75225) to work on /Users/roselina/opt/anaconda3/envs/python37/lib/python3.7/site-packages/airflow/example_dags/subdags/subdag.py
[2024-08-28T10:14:33.708+0200] {processor.py:743} INFO - Processing file /Users/roselina/opt/anaconda3/envs/python37/lib/python3.7/site-packages/airflow/example_dags/subdags/subdag.py for tasks to queue
[2024-08-28T10:14:33.710+0200] {logging_mixin.py:137} INFO - [2024-08-28T10:14:33.709+0200] {dagbag.py:532} INFO - Filling up the DagBag from /Users/roselina/opt/anaconda3/envs/python37/lib/python3.7/site-packages/airflow/example_dags/subdags/subdag.py
[2024-08-28T10:14:33.715+0200] {processor.py:755} WARNING - No viable dags retrieved from /Users/roselina/opt/anaconda3/envs/python37/lib/python3.7/site-packages/airflow/example_dags/subdags/subdag.py
[2024-08-28T10:14:33.723+0200] {processor.py:175} INFO - Processing /Users/roselina/opt/anaconda3/envs/python37/lib/python3.7/site-packages/airflow/example_dags/subdags/subdag.py took 0.020 seconds
[2024-08-28T10:15:15.488+0200] {processor.py:153} INFO - Started process (PID=75269) to work on /Users/roselina/opt/anaconda3/envs/python37/lib/python3.7/site-packages/airflow/example_dags/subdags/subdag.py
[2024-08-28T10:15:15.493+0200] {processor.py:743} INFO - Processing file /Users/roselina/opt/anaconda3/envs/python37/lib/python3.7/site-packages/airflow/example_dags/subdags/subdag.py for tasks to queue
[2024-08-28T10:15:15.494+0200] {logging_mixin.py:137} INFO - [2024-08-28T10:15:15.494+0200] {dagbag.py:532} INFO - Filling up the DagBag from /Users/roselina/opt/anaconda3/envs/python37/lib/python3.7/site-packages/airflow/example_dags/subdags/subdag.py
[2024-08-28T10:15:15.502+0200] {processor.py:755} WARNING - No viable dags retrieved from /Users/roselina/opt/anaconda3/envs/python37/lib/python3.7/site-packages/airflow/example_dags/subdags/subdag.py
[2024-08-28T10:15:15.509+0200] {processor.py:175} INFO - Processing /Users/roselina/opt/anaconda3/envs/python37/lib/python3.7/site-packages/airflow/example_dags/subdags/subdag.py took 0.024 seconds
[2024-08-28T10:15:57.227+0200] {processor.py:153} INFO - Started process (PID=75314) to work on /Users/roselina/opt/anaconda3/envs/python37/lib/python3.7/site-packages/airflow/example_dags/subdags/subdag.py
[2024-08-28T10:15:57.229+0200] {processor.py:743} INFO - Processing file /Users/roselina/opt/anaconda3/envs/python37/lib/python3.7/site-packages/airflow/example_dags/subdags/subdag.py for tasks to queue
[2024-08-28T10:15:57.230+0200] {logging_mixin.py:137} INFO - [2024-08-28T10:15:57.230+0200] {dagbag.py:532} INFO - Filling up the DagBag from /Users/roselina/opt/anaconda3/envs/python37/lib/python3.7/site-packages/airflow/example_dags/subdags/subdag.py
[2024-08-28T10:15:57.234+0200] {processor.py:755} WARNING - No viable dags retrieved from /Users/roselina/opt/anaconda3/envs/python37/lib/python3.7/site-packages/airflow/example_dags/subdags/subdag.py
[2024-08-28T10:15:57.243+0200] {processor.py:175} INFO - Processing /Users/roselina/opt/anaconda3/envs/python37/lib/python3.7/site-packages/airflow/example_dags/subdags/subdag.py took 0.020 seconds
[2024-08-28T10:16:35.526+0200] {processor.py:153} INFO - Started process (PID=75359) to work on /Users/roselina/opt/anaconda3/envs/python37/lib/python3.7/site-packages/airflow/example_dags/subdags/subdag.py
[2024-08-28T10:16:35.527+0200] {processor.py:743} INFO - Processing file /Users/roselina/opt/anaconda3/envs/python37/lib/python3.7/site-packages/airflow/example_dags/subdags/subdag.py for tasks to queue
[2024-08-28T10:16:35.528+0200] {logging_mixin.py:137} INFO - [2024-08-28T10:16:35.528+0200] {dagbag.py:532} INFO - Filling up the DagBag from /Users/roselina/opt/anaconda3/envs/python37/lib/python3.7/site-packages/airflow/example_dags/subdags/subdag.py
[2024-08-28T10:16:35.531+0200] {processor.py:755} WARNING - No viable dags retrieved from /Users/roselina/opt/anaconda3/envs/python37/lib/python3.7/site-packages/airflow/example_dags/subdags/subdag.py
[2024-08-28T10:16:35.540+0200] {processor.py:175} INFO - Processing /Users/roselina/opt/anaconda3/envs/python37/lib/python3.7/site-packages/airflow/example_dags/subdags/subdag.py took 0.017 seconds
[2024-08-28T10:17:17.510+0200] {processor.py:153} INFO - Started process (PID=75404) to work on /Users/roselina/opt/anaconda3/envs/python37/lib/python3.7/site-packages/airflow/example_dags/subdags/subdag.py
[2024-08-28T10:17:17.511+0200] {processor.py:743} INFO - Processing file /Users/roselina/opt/anaconda3/envs/python37/lib/python3.7/site-packages/airflow/example_dags/subdags/subdag.py for tasks to queue
[2024-08-28T10:17:17.512+0200] {logging_mixin.py:137} INFO - [2024-08-28T10:17:17.512+0200] {dagbag.py:532} INFO - Filling up the DagBag from /Users/roselina/opt/anaconda3/envs/python37/lib/python3.7/site-packages/airflow/example_dags/subdags/subdag.py
[2024-08-28T10:17:17.515+0200] {processor.py:755} WARNING - No viable dags retrieved from /Users/roselina/opt/anaconda3/envs/python37/lib/python3.7/site-packages/airflow/example_dags/subdags/subdag.py
[2024-08-28T10:17:17.521+0200] {processor.py:175} INFO - Processing /Users/roselina/opt/anaconda3/envs/python37/lib/python3.7/site-packages/airflow/example_dags/subdags/subdag.py took 0.013 seconds
[2024-08-28T10:34:42.290+0200] {processor.py:153} INFO - Started process (PID=75480) to work on /Users/roselina/opt/anaconda3/envs/python37/lib/python3.7/site-packages/airflow/example_dags/subdags/subdag.py
[2024-08-28T10:34:42.292+0200] {processor.py:743} INFO - Processing file /Users/roselina/opt/anaconda3/envs/python37/lib/python3.7/site-packages/airflow/example_dags/subdags/subdag.py for tasks to queue
[2024-08-28T10:34:42.292+0200] {logging_mixin.py:137} INFO - [2024-08-28T10:34:42.292+0200] {dagbag.py:532} INFO - Filling up the DagBag from /Users/roselina/opt/anaconda3/envs/python37/lib/python3.7/site-packages/airflow/example_dags/subdags/subdag.py
[2024-08-28T10:34:42.295+0200] {processor.py:755} WARNING - No viable dags retrieved from /Users/roselina/opt/anaconda3/envs/python37/lib/python3.7/site-packages/airflow/example_dags/subdags/subdag.py
[2024-08-28T10:34:42.302+0200] {processor.py:175} INFO - Processing /Users/roselina/opt/anaconda3/envs/python37/lib/python3.7/site-packages/airflow/example_dags/subdags/subdag.py took 0.015 seconds
[2024-08-28T10:44:22.622+0200] {processor.py:153} INFO - Started process (PID=75559) to work on /Users/roselina/opt/anaconda3/envs/python37/lib/python3.7/site-packages/airflow/example_dags/subdags/subdag.py
[2024-08-28T10:44:22.624+0200] {processor.py:743} INFO - Processing file /Users/roselina/opt/anaconda3/envs/python37/lib/python3.7/site-packages/airflow/example_dags/subdags/subdag.py for tasks to queue
[2024-08-28T10:44:22.625+0200] {logging_mixin.py:137} INFO - [2024-08-28T10:44:22.624+0200] {dagbag.py:532} INFO - Filling up the DagBag from /Users/roselina/opt/anaconda3/envs/python37/lib/python3.7/site-packages/airflow/example_dags/subdags/subdag.py
[2024-08-28T10:44:22.629+0200] {processor.py:755} WARNING - No viable dags retrieved from /Users/roselina/opt/anaconda3/envs/python37/lib/python3.7/site-packages/airflow/example_dags/subdags/subdag.py
[2024-08-28T10:44:22.640+0200] {processor.py:175} INFO - Processing /Users/roselina/opt/anaconda3/envs/python37/lib/python3.7/site-packages/airflow/example_dags/subdags/subdag.py took 0.021 seconds
[2024-08-28T10:45:04.267+0200] {processor.py:153} INFO - Started process (PID=75619) to work on /Users/roselina/opt/anaconda3/envs/python37/lib/python3.7/site-packages/airflow/example_dags/subdags/subdag.py
[2024-08-28T10:45:04.268+0200] {processor.py:743} INFO - Processing file /Users/roselina/opt/anaconda3/envs/python37/lib/python3.7/site-packages/airflow/example_dags/subdags/subdag.py for tasks to queue
[2024-08-28T10:45:04.270+0200] {logging_mixin.py:137} INFO - [2024-08-28T10:45:04.269+0200] {dagbag.py:532} INFO - Filling up the DagBag from /Users/roselina/opt/anaconda3/envs/python37/lib/python3.7/site-packages/airflow/example_dags/subdags/subdag.py
[2024-08-28T10:45:04.275+0200] {processor.py:755} WARNING - No viable dags retrieved from /Users/roselina/opt/anaconda3/envs/python37/lib/python3.7/site-packages/airflow/example_dags/subdags/subdag.py
[2024-08-28T10:45:04.285+0200] {processor.py:175} INFO - Processing /Users/roselina/opt/anaconda3/envs/python37/lib/python3.7/site-packages/airflow/example_dags/subdags/subdag.py took 0.022 seconds
[2024-08-28T10:45:45.718+0200] {processor.py:153} INFO - Started process (PID=75665) to work on /Users/roselina/opt/anaconda3/envs/python37/lib/python3.7/site-packages/airflow/example_dags/subdags/subdag.py
[2024-08-28T10:45:45.720+0200] {processor.py:743} INFO - Processing file /Users/roselina/opt/anaconda3/envs/python37/lib/python3.7/site-packages/airflow/example_dags/subdags/subdag.py for tasks to queue
[2024-08-28T10:45:45.721+0200] {logging_mixin.py:137} INFO - [2024-08-28T10:45:45.720+0200] {dagbag.py:532} INFO - Filling up the DagBag from /Users/roselina/opt/anaconda3/envs/python37/lib/python3.7/site-packages/airflow/example_dags/subdags/subdag.py
[2024-08-28T10:45:45.732+0200] {processor.py:755} WARNING - No viable dags retrieved from /Users/roselina/opt/anaconda3/envs/python37/lib/python3.7/site-packages/airflow/example_dags/subdags/subdag.py
[2024-08-28T10:45:45.741+0200] {processor.py:175} INFO - Processing /Users/roselina/opt/anaconda3/envs/python37/lib/python3.7/site-packages/airflow/example_dags/subdags/subdag.py took 0.027 seconds
[2024-08-28T10:46:26.916+0200] {processor.py:153} INFO - Started process (PID=75711) to work on /Users/roselina/opt/anaconda3/envs/python37/lib/python3.7/site-packages/airflow/example_dags/subdags/subdag.py
[2024-08-28T10:46:26.918+0200] {processor.py:743} INFO - Processing file /Users/roselina/opt/anaconda3/envs/python37/lib/python3.7/site-packages/airflow/example_dags/subdags/subdag.py for tasks to queue
[2024-08-28T10:46:26.919+0200] {logging_mixin.py:137} INFO - [2024-08-28T10:46:26.919+0200] {dagbag.py:532} INFO - Filling up the DagBag from /Users/roselina/opt/anaconda3/envs/python37/lib/python3.7/site-packages/airflow/example_dags/subdags/subdag.py
[2024-08-28T10:46:26.927+0200] {processor.py:755} WARNING - No viable dags retrieved from /Users/roselina/opt/anaconda3/envs/python37/lib/python3.7/site-packages/airflow/example_dags/subdags/subdag.py
[2024-08-28T10:46:26.936+0200] {processor.py:175} INFO - Processing /Users/roselina/opt/anaconda3/envs/python37/lib/python3.7/site-packages/airflow/example_dags/subdags/subdag.py took 0.025 seconds
[2024-08-28T10:47:08.143+0200] {processor.py:153} INFO - Started process (PID=75765) to work on /Users/roselina/opt/anaconda3/envs/python37/lib/python3.7/site-packages/airflow/example_dags/subdags/subdag.py
[2024-08-28T10:47:08.154+0200] {processor.py:743} INFO - Processing file /Users/roselina/opt/anaconda3/envs/python37/lib/python3.7/site-packages/airflow/example_dags/subdags/subdag.py for tasks to queue
[2024-08-28T10:47:08.155+0200] {logging_mixin.py:137} INFO - [2024-08-28T10:47:08.155+0200] {dagbag.py:532} INFO - Filling up the DagBag from /Users/roselina/opt/anaconda3/envs/python37/lib/python3.7/site-packages/airflow/example_dags/subdags/subdag.py
[2024-08-28T10:47:08.166+0200] {processor.py:755} WARNING - No viable dags retrieved from /Users/roselina/opt/anaconda3/envs/python37/lib/python3.7/site-packages/airflow/example_dags/subdags/subdag.py
[2024-08-28T10:47:08.174+0200] {processor.py:175} INFO - Processing /Users/roselina/opt/anaconda3/envs/python37/lib/python3.7/site-packages/airflow/example_dags/subdags/subdag.py took 0.036 seconds
[2024-08-28T10:47:49.633+0200] {processor.py:153} INFO - Started process (PID=75814) to work on /Users/roselina/opt/anaconda3/envs/python37/lib/python3.7/site-packages/airflow/example_dags/subdags/subdag.py
[2024-08-28T10:47:49.635+0200] {processor.py:743} INFO - Processing file /Users/roselina/opt/anaconda3/envs/python37/lib/python3.7/site-packages/airflow/example_dags/subdags/subdag.py for tasks to queue
[2024-08-28T10:47:49.636+0200] {logging_mixin.py:137} INFO - [2024-08-28T10:47:49.636+0200] {dagbag.py:532} INFO - Filling up the DagBag from /Users/roselina/opt/anaconda3/envs/python37/lib/python3.7/site-packages/airflow/example_dags/subdags/subdag.py
[2024-08-28T10:47:49.641+0200] {processor.py:755} WARNING - No viable dags retrieved from /Users/roselina/opt/anaconda3/envs/python37/lib/python3.7/site-packages/airflow/example_dags/subdags/subdag.py
[2024-08-28T10:47:49.652+0200] {processor.py:175} INFO - Processing /Users/roselina/opt/anaconda3/envs/python37/lib/python3.7/site-packages/airflow/example_dags/subdags/subdag.py took 0.023 seconds
[2024-08-28T10:48:30.885+0200] {processor.py:153} INFO - Started process (PID=75880) to work on /Users/roselina/opt/anaconda3/envs/python37/lib/python3.7/site-packages/airflow/example_dags/subdags/subdag.py
[2024-08-28T10:48:30.886+0200] {processor.py:743} INFO - Processing file /Users/roselina/opt/anaconda3/envs/python37/lib/python3.7/site-packages/airflow/example_dags/subdags/subdag.py for tasks to queue
[2024-08-28T10:48:30.887+0200] {logging_mixin.py:137} INFO - [2024-08-28T10:48:30.887+0200] {dagbag.py:532} INFO - Filling up the DagBag from /Users/roselina/opt/anaconda3/envs/python37/lib/python3.7/site-packages/airflow/example_dags/subdags/subdag.py
[2024-08-28T10:48:30.892+0200] {processor.py:755} WARNING - No viable dags retrieved from /Users/roselina/opt/anaconda3/envs/python37/lib/python3.7/site-packages/airflow/example_dags/subdags/subdag.py
[2024-08-28T10:48:30.900+0200] {processor.py:175} INFO - Processing /Users/roselina/opt/anaconda3/envs/python37/lib/python3.7/site-packages/airflow/example_dags/subdags/subdag.py took 0.019 seconds
[2024-08-28T10:49:11.582+0200] {processor.py:153} INFO - Started process (PID=75933) to work on /Users/roselina/opt/anaconda3/envs/python37/lib/python3.7/site-packages/airflow/example_dags/subdags/subdag.py
[2024-08-28T10:49:11.583+0200] {processor.py:743} INFO - Processing file /Users/roselina/opt/anaconda3/envs/python37/lib/python3.7/site-packages/airflow/example_dags/subdags/subdag.py for tasks to queue
[2024-08-28T10:49:11.584+0200] {logging_mixin.py:137} INFO - [2024-08-28T10:49:11.584+0200] {dagbag.py:532} INFO - Filling up the DagBag from /Users/roselina/opt/anaconda3/envs/python37/lib/python3.7/site-packages/airflow/example_dags/subdags/subdag.py
[2024-08-28T10:49:11.589+0200] {processor.py:755} WARNING - No viable dags retrieved from /Users/roselina/opt/anaconda3/envs/python37/lib/python3.7/site-packages/airflow/example_dags/subdags/subdag.py
[2024-08-28T10:49:11.597+0200] {processor.py:175} INFO - Processing /Users/roselina/opt/anaconda3/envs/python37/lib/python3.7/site-packages/airflow/example_dags/subdags/subdag.py took 0.018 seconds
[2024-08-28T10:49:53.288+0200] {processor.py:153} INFO - Started process (PID=75979) to work on /Users/roselina/opt/anaconda3/envs/python37/lib/python3.7/site-packages/airflow/example_dags/subdags/subdag.py
[2024-08-28T10:49:53.290+0200] {processor.py:743} INFO - Processing file /Users/roselina/opt/anaconda3/envs/python37/lib/python3.7/site-packages/airflow/example_dags/subdags/subdag.py for tasks to queue
[2024-08-28T10:49:53.291+0200] {logging_mixin.py:137} INFO - [2024-08-28T10:49:53.291+0200] {dagbag.py:532} INFO - Filling up the DagBag from /Users/roselina/opt/anaconda3/envs/python37/lib/python3.7/site-packages/airflow/example_dags/subdags/subdag.py
[2024-08-28T10:49:53.296+0200] {processor.py:755} WARNING - No viable dags retrieved from /Users/roselina/opt/anaconda3/envs/python37/lib/python3.7/site-packages/airflow/example_dags/subdags/subdag.py
[2024-08-28T10:49:53.303+0200] {processor.py:175} INFO - Processing /Users/roselina/opt/anaconda3/envs/python37/lib/python3.7/site-packages/airflow/example_dags/subdags/subdag.py took 0.020 seconds
[2024-08-28T10:50:34.237+0200] {processor.py:153} INFO - Started process (PID=76023) to work on /Users/roselina/opt/anaconda3/envs/python37/lib/python3.7/site-packages/airflow/example_dags/subdags/subdag.py
[2024-08-28T10:50:34.240+0200] {processor.py:743} INFO - Processing file /Users/roselina/opt/anaconda3/envs/python37/lib/python3.7/site-packages/airflow/example_dags/subdags/subdag.py for tasks to queue
[2024-08-28T10:50:34.241+0200] {logging_mixin.py:137} INFO - [2024-08-28T10:50:34.240+0200] {dagbag.py:532} INFO - Filling up the DagBag from /Users/roselina/opt/anaconda3/envs/python37/lib/python3.7/site-packages/airflow/example_dags/subdags/subdag.py
[2024-08-28T10:50:34.247+0200] {processor.py:755} WARNING - No viable dags retrieved from /Users/roselina/opt/anaconda3/envs/python37/lib/python3.7/site-packages/airflow/example_dags/subdags/subdag.py
[2024-08-28T10:50:34.255+0200] {processor.py:175} INFO - Processing /Users/roselina/opt/anaconda3/envs/python37/lib/python3.7/site-packages/airflow/example_dags/subdags/subdag.py took 0.021 seconds
[2024-08-28T10:51:16.227+0200] {processor.py:153} INFO - Started process (PID=76078) to work on /Users/roselina/opt/anaconda3/envs/python37/lib/python3.7/site-packages/airflow/example_dags/subdags/subdag.py
[2024-08-28T10:51:16.229+0200] {processor.py:743} INFO - Processing file /Users/roselina/opt/anaconda3/envs/python37/lib/python3.7/site-packages/airflow/example_dags/subdags/subdag.py for tasks to queue
[2024-08-28T10:51:16.231+0200] {logging_mixin.py:137} INFO - [2024-08-28T10:51:16.230+0200] {dagbag.py:532} INFO - Filling up the DagBag from /Users/roselina/opt/anaconda3/envs/python37/lib/python3.7/site-packages/airflow/example_dags/subdags/subdag.py
[2024-08-28T10:51:16.237+0200] {processor.py:755} WARNING - No viable dags retrieved from /Users/roselina/opt/anaconda3/envs/python37/lib/python3.7/site-packages/airflow/example_dags/subdags/subdag.py
[2024-08-28T10:51:16.245+0200] {processor.py:175} INFO - Processing /Users/roselina/opt/anaconda3/envs/python37/lib/python3.7/site-packages/airflow/example_dags/subdags/subdag.py took 0.023 seconds
[2024-08-28T10:51:57.284+0200] {processor.py:153} INFO - Started process (PID=76131) to work on /Users/roselina/opt/anaconda3/envs/python37/lib/python3.7/site-packages/airflow/example_dags/subdags/subdag.py
[2024-08-28T10:51:57.286+0200] {processor.py:743} INFO - Processing file /Users/roselina/opt/anaconda3/envs/python37/lib/python3.7/site-packages/airflow/example_dags/subdags/subdag.py for tasks to queue
[2024-08-28T10:51:57.287+0200] {logging_mixin.py:137} INFO - [2024-08-28T10:51:57.287+0200] {dagbag.py:532} INFO - Filling up the DagBag from /Users/roselina/opt/anaconda3/envs/python37/lib/python3.7/site-packages/airflow/example_dags/subdags/subdag.py
[2024-08-28T10:51:57.291+0200] {processor.py:755} WARNING - No viable dags retrieved from /Users/roselina/opt/anaconda3/envs/python37/lib/python3.7/site-packages/airflow/example_dags/subdags/subdag.py
[2024-08-28T10:51:57.301+0200] {processor.py:175} INFO - Processing /Users/roselina/opt/anaconda3/envs/python37/lib/python3.7/site-packages/airflow/example_dags/subdags/subdag.py took 0.020 seconds
[2024-08-28T10:52:38.648+0200] {processor.py:153} INFO - Started process (PID=76185) to work on /Users/roselina/opt/anaconda3/envs/python37/lib/python3.7/site-packages/airflow/example_dags/subdags/subdag.py
[2024-08-28T10:52:38.650+0200] {processor.py:743} INFO - Processing file /Users/roselina/opt/anaconda3/envs/python37/lib/python3.7/site-packages/airflow/example_dags/subdags/subdag.py for tasks to queue
[2024-08-28T10:52:38.651+0200] {logging_mixin.py:137} INFO - [2024-08-28T10:52:38.650+0200] {dagbag.py:532} INFO - Filling up the DagBag from /Users/roselina/opt/anaconda3/envs/python37/lib/python3.7/site-packages/airflow/example_dags/subdags/subdag.py
[2024-08-28T10:52:38.655+0200] {processor.py:755} WARNING - No viable dags retrieved from /Users/roselina/opt/anaconda3/envs/python37/lib/python3.7/site-packages/airflow/example_dags/subdags/subdag.py
[2024-08-28T10:52:38.662+0200] {processor.py:175} INFO - Processing /Users/roselina/opt/anaconda3/envs/python37/lib/python3.7/site-packages/airflow/example_dags/subdags/subdag.py took 0.018 seconds
[2024-08-28T10:53:21.079+0200] {processor.py:153} INFO - Started process (PID=76234) to work on /Users/roselina/opt/anaconda3/envs/python37/lib/python3.7/site-packages/airflow/example_dags/subdags/subdag.py
[2024-08-28T10:53:21.080+0200] {processor.py:743} INFO - Processing file /Users/roselina/opt/anaconda3/envs/python37/lib/python3.7/site-packages/airflow/example_dags/subdags/subdag.py for tasks to queue
[2024-08-28T10:53:21.081+0200] {logging_mixin.py:137} INFO - [2024-08-28T10:53:21.081+0200] {dagbag.py:532} INFO - Filling up the DagBag from /Users/roselina/opt/anaconda3/envs/python37/lib/python3.7/site-packages/airflow/example_dags/subdags/subdag.py
[2024-08-28T10:53:21.085+0200] {processor.py:755} WARNING - No viable dags retrieved from /Users/roselina/opt/anaconda3/envs/python37/lib/python3.7/site-packages/airflow/example_dags/subdags/subdag.py
[2024-08-28T10:53:21.093+0200] {processor.py:175} INFO - Processing /Users/roselina/opt/anaconda3/envs/python37/lib/python3.7/site-packages/airflow/example_dags/subdags/subdag.py took 0.017 seconds
