[2024-08-28T14:26:48.365+0200] {taskinstance.py:1090} INFO - Dependencies all met for dep_context=non-requeueable deps ti=<TaskInstance: execute_python_operators.python_task scheduled__2024-08-27T00:00:00+00:00 [queued]>
[2024-08-28T14:26:48.371+0200] {taskinstance.py:1090} INFO - Dependencies all met for dep_context=requeueable deps ti=<TaskInstance: execute_python_operators.python_task scheduled__2024-08-27T00:00:00+00:00 [queued]>
[2024-08-28T14:26:48.371+0200] {taskinstance.py:1288} INFO - 
--------------------------------------------------------------------------------
[2024-08-28T14:26:48.371+0200] {taskinstance.py:1289} INFO - Starting attempt 1 of 1
[2024-08-28T14:26:48.371+0200] {taskinstance.py:1290} INFO - 
--------------------------------------------------------------------------------
[2024-08-28T14:26:48.378+0200] {taskinstance.py:1309} INFO - Executing <Task(PythonOperator): python_task> on 2024-08-27 00:00:00+00:00
[2024-08-28T14:26:48.385+0200] {standard_task_runner.py:55} INFO - Started process 84088 to run task
[2024-08-28T14:26:48.389+0200] {standard_task_runner.py:82} INFO - Running: ['airflow', 'tasks', 'run', 'execute_python_operators', 'python_task', 'scheduled__2024-08-27T00:00:00+00:00', '--job-id', '30', '--raw', '--subdir', 'DAGS_FOLDER/execute_python.py', '--cfg-path', '/var/folders/q3/lf85n5dd03zdfbv5xqcw4__40000gn/T/tmp_ybrzemm']
[2024-08-28T14:26:48.390+0200] {standard_task_runner.py:83} INFO - Job 30: Subtask python_task
[2024-08-28T14:26:48.430+0200] {task_command.py:389} INFO - Running <TaskInstance: execute_python_operators.python_task scheduled__2024-08-27T00:00:00+00:00 [running]> on host roselinas-mbp
[2024-08-28T14:26:48.459+0200] {taskinstance.py:1518} INFO - Exporting the following env vars:
AIRFLOW_CTX_DAG_OWNER=Roselina_m
AIRFLOW_CTX_DAG_ID=execute_python_operators
AIRFLOW_CTX_TASK_ID=python_task
AIRFLOW_CTX_EXECUTION_DATE=2024-08-27T00:00:00+00:00
AIRFLOW_CTX_TRY_NUMBER=1
AIRFLOW_CTX_DAG_RUN_ID=scheduled__2024-08-27T00:00:00+00:00
[2024-08-28T14:26:48.459+0200] {logging_mixin.py:137} INFO - The simplest possible Python operator!
[2024-08-28T14:26:48.460+0200] {python.py:177} INFO - Done. Returned value was: None
[2024-08-28T14:26:48.462+0200] {taskinstance.py:1332} INFO - Marking task as SUCCESS. dag_id=execute_python_operators, task_id=python_task, execution_date=20240827T000000, start_date=20240828T122648, end_date=20240828T122648
[2024-08-28T14:26:48.496+0200] {local_task_job.py:212} INFO - Task exited with return code 0
[2024-08-28T14:26:48.505+0200] {taskinstance.py:2596} INFO - 0 downstream tasks scheduled from follow-on schedule check
