[2024-08-29T12:50:05.194+0200] {taskinstance.py:1090} INFO - Dependencies all met for dep_context=non-requeueable deps ti=<TaskInstance: executing_multiple_tasks.taskA scheduled__2024-08-28T00:00:00+00:00 [queued]>
[2024-08-29T12:50:05.200+0200] {taskinstance.py:1090} INFO - Dependencies all met for dep_context=requeueable deps ti=<TaskInstance: executing_multiple_tasks.taskA scheduled__2024-08-28T00:00:00+00:00 [queued]>
[2024-08-29T12:50:05.200+0200] {taskinstance.py:1288} INFO - 
--------------------------------------------------------------------------------
[2024-08-29T12:50:05.200+0200] {taskinstance.py:1289} INFO - Starting attempt 1 of 1
[2024-08-29T12:50:05.200+0200] {taskinstance.py:1290} INFO - 
--------------------------------------------------------------------------------
[2024-08-29T12:50:05.206+0200] {taskinstance.py:1309} INFO - Executing <Task(BashOperator): taskA> on 2024-08-28 00:00:00+00:00
[2024-08-29T12:50:05.214+0200] {standard_task_runner.py:55} INFO - Started process 6369 to run task
[2024-08-29T12:50:05.218+0200] {standard_task_runner.py:82} INFO - Running: ['airflow', 'tasks', 'run', 'executing_multiple_tasks', 'taskA', 'scheduled__2024-08-28T00:00:00+00:00', '--job-id', '114', '--raw', '--subdir', 'DAGS_FOLDER/multiple_dags.py', '--cfg-path', '/var/folders/q3/lf85n5dd03zdfbv5xqcw4__40000gn/T/tmpgyo9s0l5']
[2024-08-29T12:50:05.219+0200] {standard_task_runner.py:83} INFO - Job 114: Subtask taskA
[2024-08-29T12:50:05.259+0200] {task_command.py:389} INFO - Running <TaskInstance: executing_multiple_tasks.taskA scheduled__2024-08-28T00:00:00+00:00 [running]> on host roselinas-mbp
[2024-08-29T12:50:05.342+0200] {taskinstance.py:1518} INFO - Exporting the following env vars:
AIRFLOW_CTX_DAG_OWNER=Roselina_m
AIRFLOW_CTX_DAG_ID=executing_multiple_tasks
AIRFLOW_CTX_TASK_ID=taskA
AIRFLOW_CTX_EXECUTION_DATE=2024-08-28T00:00:00+00:00
AIRFLOW_CTX_TRY_NUMBER=1
AIRFLOW_CTX_DAG_RUN_ID=scheduled__2024-08-28T00:00:00+00:00
[2024-08-29T12:50:05.343+0200] {subprocess.py:63} INFO - Tmp dir root location: 
 /var/folders/q3/lf85n5dd03zdfbv5xqcw4__40000gn/T
[2024-08-29T12:50:05.343+0200] {subprocess.py:75} INFO - Running command: ['/bin/bash', '-c', 'echo TASK A has started!\n            \nfor i in {1..10}\ndo\n    echo TASK A printing $i\ndone\n\necho TASK A has ended!']
[2024-08-29T12:50:05.356+0200] {subprocess.py:86} INFO - Output:
[2024-08-29T12:50:05.361+0200] {subprocess.py:93} INFO - TASK A has started!
[2024-08-29T12:50:05.361+0200] {subprocess.py:93} INFO - TASK A printing 1
[2024-08-29T12:50:05.361+0200] {subprocess.py:93} INFO - TASK A printing 2
[2024-08-29T12:50:05.362+0200] {subprocess.py:93} INFO - TASK A printing 3
[2024-08-29T12:50:05.362+0200] {subprocess.py:93} INFO - TASK A printing 4
[2024-08-29T12:50:05.362+0200] {subprocess.py:93} INFO - TASK A printing 5
[2024-08-29T12:50:05.362+0200] {subprocess.py:93} INFO - TASK A printing 6
[2024-08-29T12:50:05.362+0200] {subprocess.py:93} INFO - TASK A printing 7
[2024-08-29T12:50:05.362+0200] {subprocess.py:93} INFO - TASK A printing 8
[2024-08-29T12:50:05.363+0200] {subprocess.py:93} INFO - TASK A printing 9
[2024-08-29T12:50:05.363+0200] {subprocess.py:93} INFO - TASK A printing 10
[2024-08-29T12:50:05.363+0200] {subprocess.py:93} INFO - TASK A has ended!
[2024-08-29T12:50:05.363+0200] {subprocess.py:97} INFO - Command exited with return code 0
[2024-08-29T12:50:05.373+0200] {taskinstance.py:1332} INFO - Marking task as SUCCESS. dag_id=executing_multiple_tasks, task_id=taskA, execution_date=20240828T000000, start_date=20240829T105005, end_date=20240829T105005
[2024-08-29T12:50:05.409+0200] {local_task_job.py:212} INFO - Task exited with return code 0
[2024-08-29T12:50:05.429+0200] {taskinstance.py:2596} INFO - 3 downstream tasks scheduled from follow-on schedule check
