[2024-08-28T13:47:50.901+0200] {taskinstance.py:1090} INFO - Dependencies all met for dep_context=non-requeueable deps ti=<TaskInstance: executing_multiple_tasks.taskA manual__2024-08-28T11:47:47.173873+00:00 [queued]>
[2024-08-28T13:47:50.907+0200] {taskinstance.py:1090} INFO - Dependencies all met for dep_context=requeueable deps ti=<TaskInstance: executing_multiple_tasks.taskA manual__2024-08-28T11:47:47.173873+00:00 [queued]>
[2024-08-28T13:47:50.907+0200] {taskinstance.py:1288} INFO - 
--------------------------------------------------------------------------------
[2024-08-28T13:47:50.907+0200] {taskinstance.py:1289} INFO - Starting attempt 1 of 1
[2024-08-28T13:47:50.907+0200] {taskinstance.py:1290} INFO - 
--------------------------------------------------------------------------------
[2024-08-28T13:47:50.918+0200] {taskinstance.py:1309} INFO - Executing <Task(BashOperator): taskA> on 2024-08-28 11:47:47.173873+00:00
[2024-08-28T13:47:50.927+0200] {standard_task_runner.py:55} INFO - Started process 82325 to run task
[2024-08-28T13:47:50.931+0200] {standard_task_runner.py:82} INFO - Running: ['airflow', 'tasks', 'run', 'executing_multiple_tasks', 'taskA', 'manual__2024-08-28T11:47:47.173873+00:00', '--job-id', '25', '--raw', '--subdir', 'DAGS_FOLDER/multiple_dags.py', '--cfg-path', '/var/folders/q3/lf85n5dd03zdfbv5xqcw4__40000gn/T/tmppzyq3ete']
[2024-08-28T13:47:50.933+0200] {standard_task_runner.py:83} INFO - Job 25: Subtask taskA
[2024-08-28T13:47:50.966+0200] {task_command.py:389} INFO - Running <TaskInstance: executing_multiple_tasks.taskA manual__2024-08-28T11:47:47.173873+00:00 [running]> on host roselinas-mbp
[2024-08-28T13:47:50.995+0200] {taskinstance.py:1518} INFO - Exporting the following env vars:
AIRFLOW_CTX_DAG_OWNER=Roselina_m
AIRFLOW_CTX_DAG_ID=executing_multiple_tasks
AIRFLOW_CTX_TASK_ID=taskA
AIRFLOW_CTX_EXECUTION_DATE=2024-08-28T11:47:47.173873+00:00
AIRFLOW_CTX_TRY_NUMBER=1
AIRFLOW_CTX_DAG_RUN_ID=manual__2024-08-28T11:47:47.173873+00:00
[2024-08-28T13:47:50.996+0200] {subprocess.py:63} INFO - Tmp dir root location: 
 /var/folders/q3/lf85n5dd03zdfbv5xqcw4__40000gn/T
[2024-08-28T13:47:50.996+0200] {subprocess.py:75} INFO - Running command: ['/bin/bash', '-c', 'echo TASK A has started!\n            \nfor i in {1..10}\ndo\n    echo TASK A printing $i\ndone\n\necho TASK A has ended!']
[2024-08-28T13:47:51.006+0200] {subprocess.py:86} INFO - Output:
[2024-08-28T13:47:51.012+0200] {subprocess.py:93} INFO - TASK A has started!
[2024-08-28T13:47:51.013+0200] {subprocess.py:93} INFO - TASK A printing 1
[2024-08-28T13:47:51.013+0200] {subprocess.py:93} INFO - TASK A printing 2
[2024-08-28T13:47:51.013+0200] {subprocess.py:93} INFO - TASK A printing 3
[2024-08-28T13:47:51.013+0200] {subprocess.py:93} INFO - TASK A printing 4
[2024-08-28T13:47:51.013+0200] {subprocess.py:93} INFO - TASK A printing 5
[2024-08-28T13:47:51.013+0200] {subprocess.py:93} INFO - TASK A printing 6
[2024-08-28T13:47:51.014+0200] {subprocess.py:93} INFO - TASK A printing 7
[2024-08-28T13:47:51.014+0200] {subprocess.py:93} INFO - TASK A printing 8
[2024-08-28T13:47:51.014+0200] {subprocess.py:93} INFO - TASK A printing 9
[2024-08-28T13:47:51.014+0200] {subprocess.py:93} INFO - TASK A printing 10
[2024-08-28T13:47:51.014+0200] {subprocess.py:93} INFO - TASK A has ended!
[2024-08-28T13:47:51.015+0200] {subprocess.py:97} INFO - Command exited with return code 0
[2024-08-28T13:47:51.025+0200] {taskinstance.py:1332} INFO - Marking task as SUCCESS. dag_id=executing_multiple_tasks, task_id=taskA, execution_date=20240828T114747, start_date=20240828T114750, end_date=20240828T114751
[2024-08-28T13:47:51.038+0200] {local_task_job.py:212} INFO - Task exited with return code 0
[2024-08-28T13:47:51.053+0200] {taskinstance.py:2596} INFO - 3 downstream tasks scheduled from follow-on schedule check
