[2024-08-29T12:01:08.030+0200] {taskinstance.py:1090} INFO - Dependencies all met for dep_context=non-requeueable deps ti=<TaskInstance: executing_sql_pipeline.update_values manual__2024-08-29T10:00:59.625003+00:00 [queued]>
[2024-08-29T12:01:08.036+0200] {taskinstance.py:1090} INFO - Dependencies all met for dep_context=requeueable deps ti=<TaskInstance: executing_sql_pipeline.update_values manual__2024-08-29T10:00:59.625003+00:00 [queued]>
[2024-08-29T12:01:08.036+0200] {taskinstance.py:1288} INFO - 
--------------------------------------------------------------------------------
[2024-08-29T12:01:08.036+0200] {taskinstance.py:1289} INFO - Starting attempt 1 of 1
[2024-08-29T12:01:08.037+0200] {taskinstance.py:1290} INFO - 
--------------------------------------------------------------------------------
[2024-08-29T12:01:08.043+0200] {taskinstance.py:1309} INFO - Executing <Task(SqliteOperator): update_values> on 2024-08-29 10:00:59.625003+00:00
[2024-08-29T12:01:08.051+0200] {standard_task_runner.py:55} INFO - Started process 2884 to run task
[2024-08-29T12:01:08.059+0200] {standard_task_runner.py:82} INFO - Running: ['airflow', 'tasks', 'run', 'executing_sql_pipeline', 'update_values', 'manual__2024-08-29T10:00:59.625003+00:00', '--job-id', '103', '--raw', '--subdir', 'DAGS_FOLDER/create_sql_pipeline.py', '--cfg-path', '/var/folders/q3/lf85n5dd03zdfbv5xqcw4__40000gn/T/tmplo5zrxau']
[2024-08-29T12:01:08.061+0200] {standard_task_runner.py:83} INFO - Job 103: Subtask update_values
[2024-08-29T12:01:08.145+0200] {task_command.py:389} INFO - Running <TaskInstance: executing_sql_pipeline.update_values manual__2024-08-29T10:00:59.625003+00:00 [running]> on host roselinas-mbp
[2024-08-29T12:01:08.172+0200] {taskinstance.py:1518} INFO - Exporting the following env vars:
AIRFLOW_CTX_DAG_OWNER=Roselina_m
AIRFLOW_CTX_DAG_ID=executing_sql_pipeline
AIRFLOW_CTX_TASK_ID=update_values
AIRFLOW_CTX_EXECUTION_DATE=2024-08-29T10:00:59.625003+00:00
AIRFLOW_CTX_TRY_NUMBER=1
AIRFLOW_CTX_DAG_RUN_ID=manual__2024-08-29T10:00:59.625003+00:00
[2024-08-29T12:01:08.173+0200] {sql.py:254} INFO - Executing: 
            UPDATE users SET city = 'Seattle';
        
[2024-08-29T12:01:08.175+0200] {base.py:73} INFO - Using connection ID 'my_sqlite_conn' for task execution.
[2024-08-29T12:01:08.219+0200] {base.py:73} INFO - Using connection ID 'my_sqlite_conn' for task execution.
[2024-08-29T12:01:08.219+0200] {sql.py:375} INFO - Running statement: 
            UPDATE users SET city = 'Seattle';
        , parameters: None
[2024-08-29T12:01:08.220+0200] {sql.py:384} INFO - Rows affected: 6
[2024-08-29T12:01:08.223+0200] {taskinstance.py:1332} INFO - Marking task as SUCCESS. dag_id=executing_sql_pipeline, task_id=update_values, execution_date=20240829T100059, start_date=20240829T100108, end_date=20240829T100108
[2024-08-29T12:01:08.255+0200] {local_task_job.py:212} INFO - Task exited with return code 0
[2024-08-29T12:01:08.305+0200] {taskinstance.py:2596} INFO - 1 downstream tasks scheduled from follow-on schedule check
