[2024-08-29T12:54:43.006+0200] {taskinstance.py:1090} INFO - Dependencies all met for dep_context=non-requeueable deps ti=<TaskInstance: taskgroups_and_edgelabels.reading_and_preprocessing.remove_null_values scheduled__2024-08-28T00:00:00+00:00 [queued]>
[2024-08-29T12:54:43.012+0200] {taskinstance.py:1090} INFO - Dependencies all met for dep_context=requeueable deps ti=<TaskInstance: taskgroups_and_edgelabels.reading_and_preprocessing.remove_null_values scheduled__2024-08-28T00:00:00+00:00 [queued]>
[2024-08-29T12:54:43.012+0200] {taskinstance.py:1288} INFO - 
--------------------------------------------------------------------------------
[2024-08-29T12:54:43.012+0200] {taskinstance.py:1289} INFO - Starting attempt 1 of 1
[2024-08-29T12:54:43.012+0200] {taskinstance.py:1290} INFO - 
--------------------------------------------------------------------------------
[2024-08-29T12:54:43.018+0200] {taskinstance.py:1309} INFO - Executing <Task(PythonOperator): reading_and_preprocessing.remove_null_values> on 2024-08-28 00:00:00+00:00
[2024-08-29T12:54:43.032+0200] {standard_task_runner.py:55} INFO - Started process 6757 to run task
[2024-08-29T12:54:43.037+0200] {standard_task_runner.py:82} INFO - Running: ['airflow', 'tasks', 'run', 'taskgroups_and_edgelabels', 'reading_and_preprocessing.remove_null_values', 'scheduled__2024-08-28T00:00:00+00:00', '--job-id', '122', '--raw', '--subdir', 'DAGS_FOLDER/task_groups.py', '--cfg-path', '/var/folders/q3/lf85n5dd03zdfbv5xqcw4__40000gn/T/tmp_ics4c63']
[2024-08-29T12:54:43.038+0200] {standard_task_runner.py:83} INFO - Job 122: Subtask reading_and_preprocessing.remove_null_values
[2024-08-29T12:54:43.068+0200] {task_command.py:389} INFO - Running <TaskInstance: taskgroups_and_edgelabels.reading_and_preprocessing.remove_null_values scheduled__2024-08-28T00:00:00+00:00 [running]> on host roselinas-mbp
[2024-08-29T12:54:43.096+0200] {taskinstance.py:1518} INFO - Exporting the following env vars:
AIRFLOW_CTX_DAG_OWNER=Roselina_m
AIRFLOW_CTX_DAG_ID=taskgroups_and_edgelabels
AIRFLOW_CTX_TASK_ID=reading_and_preprocessing.remove_null_values
AIRFLOW_CTX_EXECUTION_DATE=2024-08-28T00:00:00+00:00
AIRFLOW_CTX_TRY_NUMBER=1
AIRFLOW_CTX_DAG_RUN_ID=scheduled__2024-08-28T00:00:00+00:00
[2024-08-29T12:54:43.127+0200] {logging_mixin.py:137} INFO -        age     sex     bmi  children smoker     region      charges
0     19.0  female  27.900       0.0    yes  southwest  16884.92400
1     18.0    male  33.770       1.0     no  southeast   1725.55230
2     28.0    male  33.000       3.0     no  southeast   4449.46200
4     25.0    male  28.600       1.0     no  southeast   3366.66970
5     33.0    male  22.705       0.0     no  northwest  21984.47061
...    ...     ...     ...       ...    ...        ...          ...
1343  61.0  female  29.070       0.0    yes  northwest  29141.36030
1344  18.0  female  31.920       0.0     no  northeast   2205.98080
1345  18.0  female  36.850       0.0     no  southeast   1629.83350
1346  21.0  female  25.800       0.0     no  southwest   2007.94500
1348  42.0    male  35.120       0.0     no  southwest   5976.83110

[1345 rows x 7 columns]
[2024-08-29T12:54:43.134+0200] {python.py:177} INFO - Done. Returned value was: None
[2024-08-29T12:54:43.137+0200] {taskinstance.py:1332} INFO - Marking task as SUCCESS. dag_id=taskgroups_and_edgelabels, task_id=reading_and_preprocessing.remove_null_values, execution_date=20240828T000000, start_date=20240829T105443, end_date=20240829T105443
[2024-08-29T12:54:43.188+0200] {local_task_job.py:212} INFO - Task exited with return code 0
[2024-08-29T12:54:43.205+0200] {taskinstance.py:2596} INFO - 1 downstream tasks scheduled from follow-on schedule check
