[2024-08-29T12:54:39.919+0200] {taskinstance.py:1090} INFO - Dependencies all met for dep_context=non-requeueable deps ti=<TaskInstance: taskgroups_and_edgelabels.reading_and_preprocessing.read_csv_file scheduled__2024-08-28T00:00:00+00:00 [queued]>
[2024-08-29T12:54:39.926+0200] {taskinstance.py:1090} INFO - Dependencies all met for dep_context=requeueable deps ti=<TaskInstance: taskgroups_and_edgelabels.reading_and_preprocessing.read_csv_file scheduled__2024-08-28T00:00:00+00:00 [queued]>
[2024-08-29T12:54:39.926+0200] {taskinstance.py:1288} INFO - 
--------------------------------------------------------------------------------
[2024-08-29T12:54:39.926+0200] {taskinstance.py:1289} INFO - Starting attempt 1 of 1
[2024-08-29T12:54:39.926+0200] {taskinstance.py:1290} INFO - 
--------------------------------------------------------------------------------
[2024-08-29T12:54:39.932+0200] {taskinstance.py:1309} INFO - Executing <Task(PythonOperator): reading_and_preprocessing.read_csv_file> on 2024-08-28 00:00:00+00:00
[2024-08-29T12:54:39.941+0200] {standard_task_runner.py:55} INFO - Started process 6748 to run task
[2024-08-29T12:54:39.945+0200] {standard_task_runner.py:82} INFO - Running: ['airflow', 'tasks', 'run', 'taskgroups_and_edgelabels', 'reading_and_preprocessing.read_csv_file', 'scheduled__2024-08-28T00:00:00+00:00', '--job-id', '120', '--raw', '--subdir', 'DAGS_FOLDER/task_groups.py', '--cfg-path', '/var/folders/q3/lf85n5dd03zdfbv5xqcw4__40000gn/T/tmpqytcvyvw']
[2024-08-29T12:54:39.946+0200] {standard_task_runner.py:83} INFO - Job 120: Subtask reading_and_preprocessing.read_csv_file
[2024-08-29T12:54:39.985+0200] {task_command.py:389} INFO - Running <TaskInstance: taskgroups_and_edgelabels.reading_and_preprocessing.read_csv_file scheduled__2024-08-28T00:00:00+00:00 [running]> on host roselinas-mbp
[2024-08-29T12:54:40.013+0200] {taskinstance.py:1518} INFO - Exporting the following env vars:
AIRFLOW_CTX_DAG_OWNER=Roselina_m
AIRFLOW_CTX_DAG_ID=taskgroups_and_edgelabels
AIRFLOW_CTX_TASK_ID=reading_and_preprocessing.read_csv_file
AIRFLOW_CTX_EXECUTION_DATE=2024-08-28T00:00:00+00:00
AIRFLOW_CTX_TRY_NUMBER=1
AIRFLOW_CTX_DAG_RUN_ID=scheduled__2024-08-28T00:00:00+00:00
[2024-08-29T12:54:40.050+0200] {logging_mixin.py:137} INFO -        age     sex    bmi  children smoker     region     charges
0     19.0  female  27.90       0.0    yes  southwest  16884.9240
1     18.0    male  33.77       1.0     no  southeast   1725.5523
2     28.0    male  33.00       3.0     no  southeast   4449.4620
3      NaN     NaN    NaN       NaN    NaN        NaN         NaN
4     25.0    male  28.60       1.0     no  southeast   3366.6697
...    ...     ...    ...       ...    ...        ...         ...
1344  18.0  female  31.92       0.0     no  northeast   2205.9808
1345  18.0  female  36.85       0.0     no  southeast   1629.8335
1346  21.0  female  25.80       0.0     no  southwest   2007.9450
1347   NaN     NaN    NaN       NaN    NaN        NaN         NaN
1348  42.0    male  35.12       0.0     no  southwest   5976.8311

[1349 rows x 7 columns]
[2024-08-29T12:54:40.057+0200] {python.py:177} INFO - Done. Returned value was: None
[2024-08-29T12:54:40.060+0200] {taskinstance.py:1332} INFO - Marking task as SUCCESS. dag_id=taskgroups_and_edgelabels, task_id=reading_and_preprocessing.read_csv_file, execution_date=20240828T000000, start_date=20240829T105439, end_date=20240829T105440
[2024-08-29T12:54:40.097+0200] {local_task_job.py:212} INFO - Task exited with return code 0
[2024-08-29T12:54:40.112+0200] {taskinstance.py:2596} INFO - 1 downstream tasks scheduled from follow-on schedule check
