[2024-08-28T10:11:03.879+0200] {processor.py:153} INFO - Started process (PID=74901) to work on /Users/roselina/opt/anaconda3/envs/python37/lib/python3.7/site-packages/airflow/example_dags/plugins/event_listener.py
[2024-08-28T10:11:03.881+0200] {processor.py:743} INFO - Processing file /Users/roselina/opt/anaconda3/envs/python37/lib/python3.7/site-packages/airflow/example_dags/plugins/event_listener.py for tasks to queue
[2024-08-28T10:11:03.882+0200] {logging_mixin.py:137} INFO - [2024-08-28T10:11:03.882+0200] {dagbag.py:532} INFO - Filling up the DagBag from /Users/roselina/opt/anaconda3/envs/python37/lib/python3.7/site-packages/airflow/example_dags/plugins/event_listener.py
[2024-08-28T10:11:03.884+0200] {processor.py:755} WARNING - No viable dags retrieved from /Users/roselina/opt/anaconda3/envs/python37/lib/python3.7/site-packages/airflow/example_dags/plugins/event_listener.py
[2024-08-28T10:11:03.894+0200] {processor.py:175} INFO - Processing /Users/roselina/opt/anaconda3/envs/python37/lib/python3.7/site-packages/airflow/example_dags/plugins/event_listener.py took 0.018 seconds
[2024-08-28T10:11:49.314+0200] {processor.py:153} INFO - Started process (PID=74965) to work on /Users/roselina/opt/anaconda3/envs/python37/lib/python3.7/site-packages/airflow/example_dags/plugins/event_listener.py
[2024-08-28T10:11:49.316+0200] {processor.py:743} INFO - Processing file /Users/roselina/opt/anaconda3/envs/python37/lib/python3.7/site-packages/airflow/example_dags/plugins/event_listener.py for tasks to queue
[2024-08-28T10:11:49.317+0200] {logging_mixin.py:137} INFO - [2024-08-28T10:11:49.317+0200] {dagbag.py:532} INFO - Filling up the DagBag from /Users/roselina/opt/anaconda3/envs/python37/lib/python3.7/site-packages/airflow/example_dags/plugins/event_listener.py
[2024-08-28T10:11:49.320+0200] {processor.py:755} WARNING - No viable dags retrieved from /Users/roselina/opt/anaconda3/envs/python37/lib/python3.7/site-packages/airflow/example_dags/plugins/event_listener.py
[2024-08-28T10:11:49.330+0200] {processor.py:175} INFO - Processing /Users/roselina/opt/anaconda3/envs/python37/lib/python3.7/site-packages/airflow/example_dags/plugins/event_listener.py took 0.019 seconds
[2024-08-28T10:12:30.616+0200] {processor.py:153} INFO - Started process (PID=75034) to work on /Users/roselina/opt/anaconda3/envs/python37/lib/python3.7/site-packages/airflow/example_dags/plugins/event_listener.py
[2024-08-28T10:12:30.617+0200] {processor.py:743} INFO - Processing file /Users/roselina/opt/anaconda3/envs/python37/lib/python3.7/site-packages/airflow/example_dags/plugins/event_listener.py for tasks to queue
[2024-08-28T10:12:30.617+0200] {logging_mixin.py:137} INFO - [2024-08-28T10:12:30.617+0200] {dagbag.py:532} INFO - Filling up the DagBag from /Users/roselina/opt/anaconda3/envs/python37/lib/python3.7/site-packages/airflow/example_dags/plugins/event_listener.py
[2024-08-28T10:12:30.619+0200] {processor.py:755} WARNING - No viable dags retrieved from /Users/roselina/opt/anaconda3/envs/python37/lib/python3.7/site-packages/airflow/example_dags/plugins/event_listener.py
[2024-08-28T10:12:30.640+0200] {processor.py:175} INFO - Processing /Users/roselina/opt/anaconda3/envs/python37/lib/python3.7/site-packages/airflow/example_dags/plugins/event_listener.py took 0.026 seconds
[2024-08-28T10:13:12.347+0200] {processor.py:153} INFO - Started process (PID=75103) to work on /Users/roselina/opt/anaconda3/envs/python37/lib/python3.7/site-packages/airflow/example_dags/plugins/event_listener.py
[2024-08-28T10:13:12.349+0200] {processor.py:743} INFO - Processing file /Users/roselina/opt/anaconda3/envs/python37/lib/python3.7/site-packages/airflow/example_dags/plugins/event_listener.py for tasks to queue
[2024-08-28T10:13:12.350+0200] {logging_mixin.py:137} INFO - [2024-08-28T10:13:12.350+0200] {dagbag.py:532} INFO - Filling up the DagBag from /Users/roselina/opt/anaconda3/envs/python37/lib/python3.7/site-packages/airflow/example_dags/plugins/event_listener.py
[2024-08-28T10:13:12.353+0200] {processor.py:755} WARNING - No viable dags retrieved from /Users/roselina/opt/anaconda3/envs/python37/lib/python3.7/site-packages/airflow/example_dags/plugins/event_listener.py
[2024-08-28T10:13:12.363+0200] {processor.py:175} INFO - Processing /Users/roselina/opt/anaconda3/envs/python37/lib/python3.7/site-packages/airflow/example_dags/plugins/event_listener.py took 0.021 seconds
[2024-08-28T10:13:54.249+0200] {processor.py:153} INFO - Started process (PID=75156) to work on /Users/roselina/opt/anaconda3/envs/python37/lib/python3.7/site-packages/airflow/example_dags/plugins/event_listener.py
[2024-08-28T10:13:54.251+0200] {processor.py:743} INFO - Processing file /Users/roselina/opt/anaconda3/envs/python37/lib/python3.7/site-packages/airflow/example_dags/plugins/event_listener.py for tasks to queue
[2024-08-28T10:13:54.252+0200] {logging_mixin.py:137} INFO - [2024-08-28T10:13:54.252+0200] {dagbag.py:532} INFO - Filling up the DagBag from /Users/roselina/opt/anaconda3/envs/python37/lib/python3.7/site-packages/airflow/example_dags/plugins/event_listener.py
[2024-08-28T10:13:54.255+0200] {processor.py:755} WARNING - No viable dags retrieved from /Users/roselina/opt/anaconda3/envs/python37/lib/python3.7/site-packages/airflow/example_dags/plugins/event_listener.py
[2024-08-28T10:13:54.266+0200] {processor.py:175} INFO - Processing /Users/roselina/opt/anaconda3/envs/python37/lib/python3.7/site-packages/airflow/example_dags/plugins/event_listener.py took 0.022 seconds
[2024-08-28T10:14:37.218+0200] {processor.py:153} INFO - Started process (PID=75228) to work on /Users/roselina/opt/anaconda3/envs/python37/lib/python3.7/site-packages/airflow/example_dags/plugins/event_listener.py
[2024-08-28T10:14:37.219+0200] {processor.py:743} INFO - Processing file /Users/roselina/opt/anaconda3/envs/python37/lib/python3.7/site-packages/airflow/example_dags/plugins/event_listener.py for tasks to queue
[2024-08-28T10:14:37.221+0200] {logging_mixin.py:137} INFO - [2024-08-28T10:14:37.220+0200] {dagbag.py:532} INFO - Filling up the DagBag from /Users/roselina/opt/anaconda3/envs/python37/lib/python3.7/site-packages/airflow/example_dags/plugins/event_listener.py
[2024-08-28T10:14:37.224+0200] {processor.py:755} WARNING - No viable dags retrieved from /Users/roselina/opt/anaconda3/envs/python37/lib/python3.7/site-packages/airflow/example_dags/plugins/event_listener.py
[2024-08-28T10:14:37.236+0200] {processor.py:175} INFO - Processing /Users/roselina/opt/anaconda3/envs/python37/lib/python3.7/site-packages/airflow/example_dags/plugins/event_listener.py took 0.023 seconds
[2024-08-28T10:15:18.153+0200] {processor.py:153} INFO - Started process (PID=75272) to work on /Users/roselina/opt/anaconda3/envs/python37/lib/python3.7/site-packages/airflow/example_dags/plugins/event_listener.py
[2024-08-28T10:15:18.157+0200] {processor.py:743} INFO - Processing file /Users/roselina/opt/anaconda3/envs/python37/lib/python3.7/site-packages/airflow/example_dags/plugins/event_listener.py for tasks to queue
[2024-08-28T10:15:18.159+0200] {logging_mixin.py:137} INFO - [2024-08-28T10:15:18.158+0200] {dagbag.py:532} INFO - Filling up the DagBag from /Users/roselina/opt/anaconda3/envs/python37/lib/python3.7/site-packages/airflow/example_dags/plugins/event_listener.py
[2024-08-28T10:15:18.161+0200] {processor.py:755} WARNING - No viable dags retrieved from /Users/roselina/opt/anaconda3/envs/python37/lib/python3.7/site-packages/airflow/example_dags/plugins/event_listener.py
[2024-08-28T10:15:18.172+0200] {processor.py:175} INFO - Processing /Users/roselina/opt/anaconda3/envs/python37/lib/python3.7/site-packages/airflow/example_dags/plugins/event_listener.py took 0.024 seconds
[2024-08-28T10:16:00.044+0200] {processor.py:153} INFO - Started process (PID=75317) to work on /Users/roselina/opt/anaconda3/envs/python37/lib/python3.7/site-packages/airflow/example_dags/plugins/event_listener.py
[2024-08-28T10:16:00.045+0200] {processor.py:743} INFO - Processing file /Users/roselina/opt/anaconda3/envs/python37/lib/python3.7/site-packages/airflow/example_dags/plugins/event_listener.py for tasks to queue
[2024-08-28T10:16:00.046+0200] {logging_mixin.py:137} INFO - [2024-08-28T10:16:00.046+0200] {dagbag.py:532} INFO - Filling up the DagBag from /Users/roselina/opt/anaconda3/envs/python37/lib/python3.7/site-packages/airflow/example_dags/plugins/event_listener.py
[2024-08-28T10:16:00.048+0200] {processor.py:755} WARNING - No viable dags retrieved from /Users/roselina/opt/anaconda3/envs/python37/lib/python3.7/site-packages/airflow/example_dags/plugins/event_listener.py
[2024-08-28T10:16:00.058+0200] {processor.py:175} INFO - Processing /Users/roselina/opt/anaconda3/envs/python37/lib/python3.7/site-packages/airflow/example_dags/plugins/event_listener.py took 0.017 seconds
[2024-08-28T10:16:38.578+0200] {processor.py:153} INFO - Started process (PID=75362) to work on /Users/roselina/opt/anaconda3/envs/python37/lib/python3.7/site-packages/airflow/example_dags/plugins/event_listener.py
[2024-08-28T10:16:38.580+0200] {processor.py:743} INFO - Processing file /Users/roselina/opt/anaconda3/envs/python37/lib/python3.7/site-packages/airflow/example_dags/plugins/event_listener.py for tasks to queue
[2024-08-28T10:16:38.582+0200] {logging_mixin.py:137} INFO - [2024-08-28T10:16:38.581+0200] {dagbag.py:532} INFO - Filling up the DagBag from /Users/roselina/opt/anaconda3/envs/python37/lib/python3.7/site-packages/airflow/example_dags/plugins/event_listener.py
[2024-08-28T10:16:38.585+0200] {processor.py:755} WARNING - No viable dags retrieved from /Users/roselina/opt/anaconda3/envs/python37/lib/python3.7/site-packages/airflow/example_dags/plugins/event_listener.py
[2024-08-28T10:16:38.598+0200] {processor.py:175} INFO - Processing /Users/roselina/opt/anaconda3/envs/python37/lib/python3.7/site-packages/airflow/example_dags/plugins/event_listener.py took 0.025 seconds
[2024-08-28T10:17:20.425+0200] {processor.py:153} INFO - Started process (PID=75407) to work on /Users/roselina/opt/anaconda3/envs/python37/lib/python3.7/site-packages/airflow/example_dags/plugins/event_listener.py
[2024-08-28T10:17:20.427+0200] {processor.py:743} INFO - Processing file /Users/roselina/opt/anaconda3/envs/python37/lib/python3.7/site-packages/airflow/example_dags/plugins/event_listener.py for tasks to queue
[2024-08-28T10:17:20.429+0200] {logging_mixin.py:137} INFO - [2024-08-28T10:17:20.428+0200] {dagbag.py:532} INFO - Filling up the DagBag from /Users/roselina/opt/anaconda3/envs/python37/lib/python3.7/site-packages/airflow/example_dags/plugins/event_listener.py
[2024-08-28T10:17:20.432+0200] {processor.py:755} WARNING - No viable dags retrieved from /Users/roselina/opt/anaconda3/envs/python37/lib/python3.7/site-packages/airflow/example_dags/plugins/event_listener.py
[2024-08-28T10:17:20.444+0200] {processor.py:175} INFO - Processing /Users/roselina/opt/anaconda3/envs/python37/lib/python3.7/site-packages/airflow/example_dags/plugins/event_listener.py took 0.023 seconds
[2024-08-28T10:43:43.046+0200] {processor.py:153} INFO - Started process (PID=75496) to work on /Users/roselina/opt/anaconda3/envs/python37/lib/python3.7/site-packages/airflow/example_dags/plugins/event_listener.py
[2024-08-28T10:43:43.047+0200] {processor.py:743} INFO - Processing file /Users/roselina/opt/anaconda3/envs/python37/lib/python3.7/site-packages/airflow/example_dags/plugins/event_listener.py for tasks to queue
[2024-08-28T10:43:43.048+0200] {logging_mixin.py:137} INFO - [2024-08-28T10:43:43.048+0200] {dagbag.py:532} INFO - Filling up the DagBag from /Users/roselina/opt/anaconda3/envs/python37/lib/python3.7/site-packages/airflow/example_dags/plugins/event_listener.py
[2024-08-28T10:43:43.050+0200] {processor.py:755} WARNING - No viable dags retrieved from /Users/roselina/opt/anaconda3/envs/python37/lib/python3.7/site-packages/airflow/example_dags/plugins/event_listener.py
[2024-08-28T10:43:43.057+0200] {processor.py:175} INFO - Processing /Users/roselina/opt/anaconda3/envs/python37/lib/python3.7/site-packages/airflow/example_dags/plugins/event_listener.py took 0.013 seconds
[2024-08-28T10:44:25.412+0200] {processor.py:153} INFO - Started process (PID=75562) to work on /Users/roselina/opt/anaconda3/envs/python37/lib/python3.7/site-packages/airflow/example_dags/plugins/event_listener.py
[2024-08-28T10:44:25.413+0200] {processor.py:743} INFO - Processing file /Users/roselina/opt/anaconda3/envs/python37/lib/python3.7/site-packages/airflow/example_dags/plugins/event_listener.py for tasks to queue
[2024-08-28T10:44:25.413+0200] {logging_mixin.py:137} INFO - [2024-08-28T10:44:25.413+0200] {dagbag.py:532} INFO - Filling up the DagBag from /Users/roselina/opt/anaconda3/envs/python37/lib/python3.7/site-packages/airflow/example_dags/plugins/event_listener.py
[2024-08-28T10:44:25.415+0200] {processor.py:755} WARNING - No viable dags retrieved from /Users/roselina/opt/anaconda3/envs/python37/lib/python3.7/site-packages/airflow/example_dags/plugins/event_listener.py
[2024-08-28T10:44:25.427+0200] {processor.py:175} INFO - Processing /Users/roselina/opt/anaconda3/envs/python37/lib/python3.7/site-packages/airflow/example_dags/plugins/event_listener.py took 0.018 seconds
[2024-08-28T10:45:07.089+0200] {processor.py:153} INFO - Started process (PID=75622) to work on /Users/roselina/opt/anaconda3/envs/python37/lib/python3.7/site-packages/airflow/example_dags/plugins/event_listener.py
[2024-08-28T10:45:07.091+0200] {processor.py:743} INFO - Processing file /Users/roselina/opt/anaconda3/envs/python37/lib/python3.7/site-packages/airflow/example_dags/plugins/event_listener.py for tasks to queue
[2024-08-28T10:45:07.092+0200] {logging_mixin.py:137} INFO - [2024-08-28T10:45:07.092+0200] {dagbag.py:532} INFO - Filling up the DagBag from /Users/roselina/opt/anaconda3/envs/python37/lib/python3.7/site-packages/airflow/example_dags/plugins/event_listener.py
[2024-08-28T10:45:07.095+0200] {processor.py:755} WARNING - No viable dags retrieved from /Users/roselina/opt/anaconda3/envs/python37/lib/python3.7/site-packages/airflow/example_dags/plugins/event_listener.py
[2024-08-28T10:45:07.106+0200] {processor.py:175} INFO - Processing /Users/roselina/opt/anaconda3/envs/python37/lib/python3.7/site-packages/airflow/example_dags/plugins/event_listener.py took 0.023 seconds
[2024-08-28T10:45:48.426+0200] {processor.py:153} INFO - Started process (PID=75670) to work on /Users/roselina/opt/anaconda3/envs/python37/lib/python3.7/site-packages/airflow/example_dags/plugins/event_listener.py
[2024-08-28T10:45:48.429+0200] {processor.py:743} INFO - Processing file /Users/roselina/opt/anaconda3/envs/python37/lib/python3.7/site-packages/airflow/example_dags/plugins/event_listener.py for tasks to queue
[2024-08-28T10:45:48.431+0200] {logging_mixin.py:137} INFO - [2024-08-28T10:45:48.430+0200] {dagbag.py:532} INFO - Filling up the DagBag from /Users/roselina/opt/anaconda3/envs/python37/lib/python3.7/site-packages/airflow/example_dags/plugins/event_listener.py
[2024-08-28T10:45:48.438+0200] {processor.py:755} WARNING - No viable dags retrieved from /Users/roselina/opt/anaconda3/envs/python37/lib/python3.7/site-packages/airflow/example_dags/plugins/event_listener.py
[2024-08-28T10:45:48.449+0200] {processor.py:175} INFO - Processing /Users/roselina/opt/anaconda3/envs/python37/lib/python3.7/site-packages/airflow/example_dags/plugins/event_listener.py took 0.028 seconds
[2024-08-28T10:46:29.739+0200] {processor.py:153} INFO - Started process (PID=75714) to work on /Users/roselina/opt/anaconda3/envs/python37/lib/python3.7/site-packages/airflow/example_dags/plugins/event_listener.py
[2024-08-28T10:46:29.746+0200] {processor.py:743} INFO - Processing file /Users/roselina/opt/anaconda3/envs/python37/lib/python3.7/site-packages/airflow/example_dags/plugins/event_listener.py for tasks to queue
[2024-08-28T10:46:29.747+0200] {logging_mixin.py:137} INFO - [2024-08-28T10:46:29.746+0200] {dagbag.py:532} INFO - Filling up the DagBag from /Users/roselina/opt/anaconda3/envs/python37/lib/python3.7/site-packages/airflow/example_dags/plugins/event_listener.py
[2024-08-28T10:46:29.750+0200] {processor.py:755} WARNING - No viable dags retrieved from /Users/roselina/opt/anaconda3/envs/python37/lib/python3.7/site-packages/airflow/example_dags/plugins/event_listener.py
[2024-08-28T10:46:29.764+0200] {processor.py:175} INFO - Processing /Users/roselina/opt/anaconda3/envs/python37/lib/python3.7/site-packages/airflow/example_dags/plugins/event_listener.py took 0.029 seconds
[2024-08-28T10:47:10.809+0200] {processor.py:153} INFO - Started process (PID=75768) to work on /Users/roselina/opt/anaconda3/envs/python37/lib/python3.7/site-packages/airflow/example_dags/plugins/event_listener.py
[2024-08-28T10:47:10.813+0200] {processor.py:743} INFO - Processing file /Users/roselina/opt/anaconda3/envs/python37/lib/python3.7/site-packages/airflow/example_dags/plugins/event_listener.py for tasks to queue
[2024-08-28T10:47:10.814+0200] {logging_mixin.py:137} INFO - [2024-08-28T10:47:10.813+0200] {dagbag.py:532} INFO - Filling up the DagBag from /Users/roselina/opt/anaconda3/envs/python37/lib/python3.7/site-packages/airflow/example_dags/plugins/event_listener.py
[2024-08-28T10:47:10.817+0200] {processor.py:755} WARNING - No viable dags retrieved from /Users/roselina/opt/anaconda3/envs/python37/lib/python3.7/site-packages/airflow/example_dags/plugins/event_listener.py
[2024-08-28T10:47:10.827+0200] {processor.py:175} INFO - Processing /Users/roselina/opt/anaconda3/envs/python37/lib/python3.7/site-packages/airflow/example_dags/plugins/event_listener.py took 0.022 seconds
[2024-08-28T10:47:52.281+0200] {processor.py:153} INFO - Started process (PID=75817) to work on /Users/roselina/opt/anaconda3/envs/python37/lib/python3.7/site-packages/airflow/example_dags/plugins/event_listener.py
[2024-08-28T10:47:52.283+0200] {processor.py:743} INFO - Processing file /Users/roselina/opt/anaconda3/envs/python37/lib/python3.7/site-packages/airflow/example_dags/plugins/event_listener.py for tasks to queue
[2024-08-28T10:47:52.284+0200] {logging_mixin.py:137} INFO - [2024-08-28T10:47:52.284+0200] {dagbag.py:532} INFO - Filling up the DagBag from /Users/roselina/opt/anaconda3/envs/python37/lib/python3.7/site-packages/airflow/example_dags/plugins/event_listener.py
[2024-08-28T10:47:52.287+0200] {processor.py:755} WARNING - No viable dags retrieved from /Users/roselina/opt/anaconda3/envs/python37/lib/python3.7/site-packages/airflow/example_dags/plugins/event_listener.py
[2024-08-28T10:47:52.298+0200] {processor.py:175} INFO - Processing /Users/roselina/opt/anaconda3/envs/python37/lib/python3.7/site-packages/airflow/example_dags/plugins/event_listener.py took 0.020 seconds
[2024-08-28T10:48:33.701+0200] {processor.py:153} INFO - Started process (PID=75883) to work on /Users/roselina/opt/anaconda3/envs/python37/lib/python3.7/site-packages/airflow/example_dags/plugins/event_listener.py
[2024-08-28T10:48:33.702+0200] {processor.py:743} INFO - Processing file /Users/roselina/opt/anaconda3/envs/python37/lib/python3.7/site-packages/airflow/example_dags/plugins/event_listener.py for tasks to queue
[2024-08-28T10:48:33.704+0200] {logging_mixin.py:137} INFO - [2024-08-28T10:48:33.703+0200] {dagbag.py:532} INFO - Filling up the DagBag from /Users/roselina/opt/anaconda3/envs/python37/lib/python3.7/site-packages/airflow/example_dags/plugins/event_listener.py
[2024-08-28T10:48:33.706+0200] {processor.py:755} WARNING - No viable dags retrieved from /Users/roselina/opt/anaconda3/envs/python37/lib/python3.7/site-packages/airflow/example_dags/plugins/event_listener.py
[2024-08-28T10:48:33.716+0200] {processor.py:175} INFO - Processing /Users/roselina/opt/anaconda3/envs/python37/lib/python3.7/site-packages/airflow/example_dags/plugins/event_listener.py took 0.019 seconds
[2024-08-28T10:49:15.089+0200] {processor.py:153} INFO - Started process (PID=75937) to work on /Users/roselina/opt/anaconda3/envs/python37/lib/python3.7/site-packages/airflow/example_dags/plugins/event_listener.py
[2024-08-28T10:49:15.090+0200] {processor.py:743} INFO - Processing file /Users/roselina/opt/anaconda3/envs/python37/lib/python3.7/site-packages/airflow/example_dags/plugins/event_listener.py for tasks to queue
[2024-08-28T10:49:15.092+0200] {logging_mixin.py:137} INFO - [2024-08-28T10:49:15.092+0200] {dagbag.py:532} INFO - Filling up the DagBag from /Users/roselina/opt/anaconda3/envs/python37/lib/python3.7/site-packages/airflow/example_dags/plugins/event_listener.py
[2024-08-28T10:49:15.093+0200] {processor.py:755} WARNING - No viable dags retrieved from /Users/roselina/opt/anaconda3/envs/python37/lib/python3.7/site-packages/airflow/example_dags/plugins/event_listener.py
[2024-08-28T10:49:15.099+0200] {processor.py:175} INFO - Processing /Users/roselina/opt/anaconda3/envs/python37/lib/python3.7/site-packages/airflow/example_dags/plugins/event_listener.py took 0.012 seconds
[2024-08-28T10:49:56.579+0200] {processor.py:153} INFO - Started process (PID=75982) to work on /Users/roselina/opt/anaconda3/envs/python37/lib/python3.7/site-packages/airflow/example_dags/plugins/event_listener.py
[2024-08-28T10:49:56.580+0200] {processor.py:743} INFO - Processing file /Users/roselina/opt/anaconda3/envs/python37/lib/python3.7/site-packages/airflow/example_dags/plugins/event_listener.py for tasks to queue
[2024-08-28T10:49:56.581+0200] {logging_mixin.py:137} INFO - [2024-08-28T10:49:56.581+0200] {dagbag.py:532} INFO - Filling up the DagBag from /Users/roselina/opt/anaconda3/envs/python37/lib/python3.7/site-packages/airflow/example_dags/plugins/event_listener.py
[2024-08-28T10:49:56.584+0200] {processor.py:755} WARNING - No viable dags retrieved from /Users/roselina/opt/anaconda3/envs/python37/lib/python3.7/site-packages/airflow/example_dags/plugins/event_listener.py
[2024-08-28T10:49:56.593+0200] {processor.py:175} INFO - Processing /Users/roselina/opt/anaconda3/envs/python37/lib/python3.7/site-packages/airflow/example_dags/plugins/event_listener.py took 0.016 seconds
[2024-08-28T10:50:37.752+0200] {processor.py:153} INFO - Started process (PID=76027) to work on /Users/roselina/opt/anaconda3/envs/python37/lib/python3.7/site-packages/airflow/example_dags/plugins/event_listener.py
[2024-08-28T10:50:37.755+0200] {processor.py:743} INFO - Processing file /Users/roselina/opt/anaconda3/envs/python37/lib/python3.7/site-packages/airflow/example_dags/plugins/event_listener.py for tasks to queue
[2024-08-28T10:50:37.756+0200] {logging_mixin.py:137} INFO - [2024-08-28T10:50:37.756+0200] {dagbag.py:532} INFO - Filling up the DagBag from /Users/roselina/opt/anaconda3/envs/python37/lib/python3.7/site-packages/airflow/example_dags/plugins/event_listener.py
[2024-08-28T10:50:37.759+0200] {processor.py:755} WARNING - No viable dags retrieved from /Users/roselina/opt/anaconda3/envs/python37/lib/python3.7/site-packages/airflow/example_dags/plugins/event_listener.py
[2024-08-28T10:50:37.772+0200] {processor.py:175} INFO - Processing /Users/roselina/opt/anaconda3/envs/python37/lib/python3.7/site-packages/airflow/example_dags/plugins/event_listener.py took 0.024 seconds
[2024-08-28T10:51:19.052+0200] {processor.py:153} INFO - Started process (PID=76081) to work on /Users/roselina/opt/anaconda3/envs/python37/lib/python3.7/site-packages/airflow/example_dags/plugins/event_listener.py
[2024-08-28T10:51:19.055+0200] {processor.py:743} INFO - Processing file /Users/roselina/opt/anaconda3/envs/python37/lib/python3.7/site-packages/airflow/example_dags/plugins/event_listener.py for tasks to queue
[2024-08-28T10:51:19.056+0200] {logging_mixin.py:137} INFO - [2024-08-28T10:51:19.056+0200] {dagbag.py:532} INFO - Filling up the DagBag from /Users/roselina/opt/anaconda3/envs/python37/lib/python3.7/site-packages/airflow/example_dags/plugins/event_listener.py
[2024-08-28T10:51:19.059+0200] {processor.py:755} WARNING - No viable dags retrieved from /Users/roselina/opt/anaconda3/envs/python37/lib/python3.7/site-packages/airflow/example_dags/plugins/event_listener.py
[2024-08-28T10:51:19.074+0200] {processor.py:175} INFO - Processing /Users/roselina/opt/anaconda3/envs/python37/lib/python3.7/site-packages/airflow/example_dags/plugins/event_listener.py took 0.026 seconds
[2024-08-28T10:52:00.111+0200] {processor.py:153} INFO - Started process (PID=76137) to work on /Users/roselina/opt/anaconda3/envs/python37/lib/python3.7/site-packages/airflow/example_dags/plugins/event_listener.py
[2024-08-28T10:52:00.113+0200] {processor.py:743} INFO - Processing file /Users/roselina/opt/anaconda3/envs/python37/lib/python3.7/site-packages/airflow/example_dags/plugins/event_listener.py for tasks to queue
[2024-08-28T10:52:00.114+0200] {logging_mixin.py:137} INFO - [2024-08-28T10:52:00.114+0200] {dagbag.py:532} INFO - Filling up the DagBag from /Users/roselina/opt/anaconda3/envs/python37/lib/python3.7/site-packages/airflow/example_dags/plugins/event_listener.py
[2024-08-28T10:52:00.119+0200] {processor.py:755} WARNING - No viable dags retrieved from /Users/roselina/opt/anaconda3/envs/python37/lib/python3.7/site-packages/airflow/example_dags/plugins/event_listener.py
[2024-08-28T10:52:00.133+0200] {processor.py:175} INFO - Processing /Users/roselina/opt/anaconda3/envs/python37/lib/python3.7/site-packages/airflow/example_dags/plugins/event_listener.py took 0.027 seconds
[2024-08-28T10:52:41.458+0200] {processor.py:153} INFO - Started process (PID=76188) to work on /Users/roselina/opt/anaconda3/envs/python37/lib/python3.7/site-packages/airflow/example_dags/plugins/event_listener.py
[2024-08-28T10:52:41.461+0200] {processor.py:743} INFO - Processing file /Users/roselina/opt/anaconda3/envs/python37/lib/python3.7/site-packages/airflow/example_dags/plugins/event_listener.py for tasks to queue
[2024-08-28T10:52:41.464+0200] {logging_mixin.py:137} INFO - [2024-08-28T10:52:41.463+0200] {dagbag.py:532} INFO - Filling up the DagBag from /Users/roselina/opt/anaconda3/envs/python37/lib/python3.7/site-packages/airflow/example_dags/plugins/event_listener.py
[2024-08-28T10:52:41.469+0200] {processor.py:755} WARNING - No viable dags retrieved from /Users/roselina/opt/anaconda3/envs/python37/lib/python3.7/site-packages/airflow/example_dags/plugins/event_listener.py
[2024-08-28T10:52:41.481+0200] {processor.py:175} INFO - Processing /Users/roselina/opt/anaconda3/envs/python37/lib/python3.7/site-packages/airflow/example_dags/plugins/event_listener.py took 0.025 seconds
[2024-08-28T10:53:24.133+0200] {processor.py:153} INFO - Started process (PID=76240) to work on /Users/roselina/opt/anaconda3/envs/python37/lib/python3.7/site-packages/airflow/example_dags/plugins/event_listener.py
[2024-08-28T10:53:24.135+0200] {processor.py:743} INFO - Processing file /Users/roselina/opt/anaconda3/envs/python37/lib/python3.7/site-packages/airflow/example_dags/plugins/event_listener.py for tasks to queue
[2024-08-28T10:53:24.136+0200] {logging_mixin.py:137} INFO - [2024-08-28T10:53:24.136+0200] {dagbag.py:532} INFO - Filling up the DagBag from /Users/roselina/opt/anaconda3/envs/python37/lib/python3.7/site-packages/airflow/example_dags/plugins/event_listener.py
[2024-08-28T10:53:24.139+0200] {processor.py:755} WARNING - No viable dags retrieved from /Users/roselina/opt/anaconda3/envs/python37/lib/python3.7/site-packages/airflow/example_dags/plugins/event_listener.py
[2024-08-28T10:53:24.149+0200] {processor.py:175} INFO - Processing /Users/roselina/opt/anaconda3/envs/python37/lib/python3.7/site-packages/airflow/example_dags/plugins/event_listener.py took 0.020 seconds
