[2024-08-28T10:11:02.709+0200] {processor.py:153} INFO - Started process (PID=74899) to work on /Users/roselina/opt/anaconda3/envs/python37/lib/python3.7/site-packages/airflow/example_dags/plugins/listener_plugin.py
[2024-08-28T10:11:02.711+0200] {processor.py:743} INFO - Processing file /Users/roselina/opt/anaconda3/envs/python37/lib/python3.7/site-packages/airflow/example_dags/plugins/listener_plugin.py for tasks to queue
[2024-08-28T10:11:02.712+0200] {logging_mixin.py:137} INFO - [2024-08-28T10:11:02.711+0200] {dagbag.py:532} INFO - Filling up the DagBag from /Users/roselina/opt/anaconda3/envs/python37/lib/python3.7/site-packages/airflow/example_dags/plugins/listener_plugin.py
[2024-08-28T10:11:02.715+0200] {processor.py:755} WARNING - No viable dags retrieved from /Users/roselina/opt/anaconda3/envs/python37/lib/python3.7/site-packages/airflow/example_dags/plugins/listener_plugin.py
[2024-08-28T10:11:02.736+0200] {processor.py:175} INFO - Processing /Users/roselina/opt/anaconda3/envs/python37/lib/python3.7/site-packages/airflow/example_dags/plugins/listener_plugin.py took 0.030 seconds
[2024-08-28T10:11:48.146+0200] {processor.py:153} INFO - Started process (PID=74964) to work on /Users/roselina/opt/anaconda3/envs/python37/lib/python3.7/site-packages/airflow/example_dags/plugins/listener_plugin.py
[2024-08-28T10:11:48.148+0200] {processor.py:743} INFO - Processing file /Users/roselina/opt/anaconda3/envs/python37/lib/python3.7/site-packages/airflow/example_dags/plugins/listener_plugin.py for tasks to queue
[2024-08-28T10:11:48.149+0200] {logging_mixin.py:137} INFO - [2024-08-28T10:11:48.149+0200] {dagbag.py:532} INFO - Filling up the DagBag from /Users/roselina/opt/anaconda3/envs/python37/lib/python3.7/site-packages/airflow/example_dags/plugins/listener_plugin.py
[2024-08-28T10:11:48.153+0200] {processor.py:755} WARNING - No viable dags retrieved from /Users/roselina/opt/anaconda3/envs/python37/lib/python3.7/site-packages/airflow/example_dags/plugins/listener_plugin.py
[2024-08-28T10:11:48.163+0200] {processor.py:175} INFO - Processing /Users/roselina/opt/anaconda3/envs/python37/lib/python3.7/site-packages/airflow/example_dags/plugins/listener_plugin.py took 0.020 seconds
[2024-08-28T10:12:29.480+0200] {processor.py:153} INFO - Started process (PID=75033) to work on /Users/roselina/opt/anaconda3/envs/python37/lib/python3.7/site-packages/airflow/example_dags/plugins/listener_plugin.py
[2024-08-28T10:12:29.481+0200] {processor.py:743} INFO - Processing file /Users/roselina/opt/anaconda3/envs/python37/lib/python3.7/site-packages/airflow/example_dags/plugins/listener_plugin.py for tasks to queue
[2024-08-28T10:12:29.482+0200] {logging_mixin.py:137} INFO - [2024-08-28T10:12:29.482+0200] {dagbag.py:532} INFO - Filling up the DagBag from /Users/roselina/opt/anaconda3/envs/python37/lib/python3.7/site-packages/airflow/example_dags/plugins/listener_plugin.py
[2024-08-28T10:12:29.485+0200] {processor.py:755} WARNING - No viable dags retrieved from /Users/roselina/opt/anaconda3/envs/python37/lib/python3.7/site-packages/airflow/example_dags/plugins/listener_plugin.py
[2024-08-28T10:12:29.492+0200] {processor.py:175} INFO - Processing /Users/roselina/opt/anaconda3/envs/python37/lib/python3.7/site-packages/airflow/example_dags/plugins/listener_plugin.py took 0.014 seconds
[2024-08-28T10:13:11.937+0200] {processor.py:153} INFO - Started process (PID=75102) to work on /Users/roselina/opt/anaconda3/envs/python37/lib/python3.7/site-packages/airflow/example_dags/plugins/listener_plugin.py
[2024-08-28T10:13:11.939+0200] {processor.py:743} INFO - Processing file /Users/roselina/opt/anaconda3/envs/python37/lib/python3.7/site-packages/airflow/example_dags/plugins/listener_plugin.py for tasks to queue
[2024-08-28T10:13:11.940+0200] {logging_mixin.py:137} INFO - [2024-08-28T10:13:11.940+0200] {dagbag.py:532} INFO - Filling up the DagBag from /Users/roselina/opt/anaconda3/envs/python37/lib/python3.7/site-packages/airflow/example_dags/plugins/listener_plugin.py
[2024-08-28T10:13:11.944+0200] {processor.py:755} WARNING - No viable dags retrieved from /Users/roselina/opt/anaconda3/envs/python37/lib/python3.7/site-packages/airflow/example_dags/plugins/listener_plugin.py
[2024-08-28T10:13:11.956+0200] {processor.py:175} INFO - Processing /Users/roselina/opt/anaconda3/envs/python37/lib/python3.7/site-packages/airflow/example_dags/plugins/listener_plugin.py took 0.023 seconds
[2024-08-28T10:13:53.071+0200] {processor.py:153} INFO - Started process (PID=75155) to work on /Users/roselina/opt/anaconda3/envs/python37/lib/python3.7/site-packages/airflow/example_dags/plugins/listener_plugin.py
[2024-08-28T10:13:53.073+0200] {processor.py:743} INFO - Processing file /Users/roselina/opt/anaconda3/envs/python37/lib/python3.7/site-packages/airflow/example_dags/plugins/listener_plugin.py for tasks to queue
[2024-08-28T10:13:53.074+0200] {logging_mixin.py:137} INFO - [2024-08-28T10:13:53.074+0200] {dagbag.py:532} INFO - Filling up the DagBag from /Users/roselina/opt/anaconda3/envs/python37/lib/python3.7/site-packages/airflow/example_dags/plugins/listener_plugin.py
[2024-08-28T10:13:53.079+0200] {processor.py:755} WARNING - No viable dags retrieved from /Users/roselina/opt/anaconda3/envs/python37/lib/python3.7/site-packages/airflow/example_dags/plugins/listener_plugin.py
[2024-08-28T10:13:53.091+0200] {processor.py:175} INFO - Processing /Users/roselina/opt/anaconda3/envs/python37/lib/python3.7/site-packages/airflow/example_dags/plugins/listener_plugin.py took 0.024 seconds
[2024-08-28T10:14:36.049+0200] {processor.py:153} INFO - Started process (PID=75227) to work on /Users/roselina/opt/anaconda3/envs/python37/lib/python3.7/site-packages/airflow/example_dags/plugins/listener_plugin.py
[2024-08-28T10:14:36.050+0200] {processor.py:743} INFO - Processing file /Users/roselina/opt/anaconda3/envs/python37/lib/python3.7/site-packages/airflow/example_dags/plugins/listener_plugin.py for tasks to queue
[2024-08-28T10:14:36.052+0200] {logging_mixin.py:137} INFO - [2024-08-28T10:14:36.051+0200] {dagbag.py:532} INFO - Filling up the DagBag from /Users/roselina/opt/anaconda3/envs/python37/lib/python3.7/site-packages/airflow/example_dags/plugins/listener_plugin.py
[2024-08-28T10:14:36.057+0200] {processor.py:755} WARNING - No viable dags retrieved from /Users/roselina/opt/anaconda3/envs/python37/lib/python3.7/site-packages/airflow/example_dags/plugins/listener_plugin.py
[2024-08-28T10:14:36.070+0200] {processor.py:175} INFO - Processing /Users/roselina/opt/anaconda3/envs/python37/lib/python3.7/site-packages/airflow/example_dags/plugins/listener_plugin.py took 0.026 seconds
[2024-08-28T10:15:17.839+0200] {processor.py:153} INFO - Started process (PID=75271) to work on /Users/roselina/opt/anaconda3/envs/python37/lib/python3.7/site-packages/airflow/example_dags/plugins/listener_plugin.py
[2024-08-28T10:15:17.841+0200] {processor.py:743} INFO - Processing file /Users/roselina/opt/anaconda3/envs/python37/lib/python3.7/site-packages/airflow/example_dags/plugins/listener_plugin.py for tasks to queue
[2024-08-28T10:15:17.842+0200] {logging_mixin.py:137} INFO - [2024-08-28T10:15:17.842+0200] {dagbag.py:532} INFO - Filling up the DagBag from /Users/roselina/opt/anaconda3/envs/python37/lib/python3.7/site-packages/airflow/example_dags/plugins/listener_plugin.py
[2024-08-28T10:15:17.847+0200] {processor.py:755} WARNING - No viable dags retrieved from /Users/roselina/opt/anaconda3/envs/python37/lib/python3.7/site-packages/airflow/example_dags/plugins/listener_plugin.py
[2024-08-28T10:15:17.861+0200] {processor.py:175} INFO - Processing /Users/roselina/opt/anaconda3/envs/python37/lib/python3.7/site-packages/airflow/example_dags/plugins/listener_plugin.py took 0.027 seconds
[2024-08-28T10:15:59.576+0200] {processor.py:153} INFO - Started process (PID=75316) to work on /Users/roselina/opt/anaconda3/envs/python37/lib/python3.7/site-packages/airflow/example_dags/plugins/listener_plugin.py
[2024-08-28T10:15:59.577+0200] {processor.py:743} INFO - Processing file /Users/roselina/opt/anaconda3/envs/python37/lib/python3.7/site-packages/airflow/example_dags/plugins/listener_plugin.py for tasks to queue
[2024-08-28T10:15:59.579+0200] {logging_mixin.py:137} INFO - [2024-08-28T10:15:59.578+0200] {dagbag.py:532} INFO - Filling up the DagBag from /Users/roselina/opt/anaconda3/envs/python37/lib/python3.7/site-packages/airflow/example_dags/plugins/listener_plugin.py
[2024-08-28T10:15:59.583+0200] {processor.py:755} WARNING - No viable dags retrieved from /Users/roselina/opt/anaconda3/envs/python37/lib/python3.7/site-packages/airflow/example_dags/plugins/listener_plugin.py
[2024-08-28T10:15:59.593+0200] {processor.py:175} INFO - Processing /Users/roselina/opt/anaconda3/envs/python37/lib/python3.7/site-packages/airflow/example_dags/plugins/listener_plugin.py took 0.022 seconds
[2024-08-28T10:16:37.402+0200] {processor.py:153} INFO - Started process (PID=75361) to work on /Users/roselina/opt/anaconda3/envs/python37/lib/python3.7/site-packages/airflow/example_dags/plugins/listener_plugin.py
[2024-08-28T10:16:37.404+0200] {processor.py:743} INFO - Processing file /Users/roselina/opt/anaconda3/envs/python37/lib/python3.7/site-packages/airflow/example_dags/plugins/listener_plugin.py for tasks to queue
[2024-08-28T10:16:37.405+0200] {logging_mixin.py:137} INFO - [2024-08-28T10:16:37.405+0200] {dagbag.py:532} INFO - Filling up the DagBag from /Users/roselina/opt/anaconda3/envs/python37/lib/python3.7/site-packages/airflow/example_dags/plugins/listener_plugin.py
[2024-08-28T10:16:37.410+0200] {processor.py:755} WARNING - No viable dags retrieved from /Users/roselina/opt/anaconda3/envs/python37/lib/python3.7/site-packages/airflow/example_dags/plugins/listener_plugin.py
[2024-08-28T10:16:37.422+0200] {processor.py:175} INFO - Processing /Users/roselina/opt/anaconda3/envs/python37/lib/python3.7/site-packages/airflow/example_dags/plugins/listener_plugin.py took 0.025 seconds
[2024-08-28T10:17:19.243+0200] {processor.py:153} INFO - Started process (PID=75406) to work on /Users/roselina/opt/anaconda3/envs/python37/lib/python3.7/site-packages/airflow/example_dags/plugins/listener_plugin.py
[2024-08-28T10:17:19.245+0200] {processor.py:743} INFO - Processing file /Users/roselina/opt/anaconda3/envs/python37/lib/python3.7/site-packages/airflow/example_dags/plugins/listener_plugin.py for tasks to queue
[2024-08-28T10:17:19.246+0200] {logging_mixin.py:137} INFO - [2024-08-28T10:17:19.245+0200] {dagbag.py:532} INFO - Filling up the DagBag from /Users/roselina/opt/anaconda3/envs/python37/lib/python3.7/site-packages/airflow/example_dags/plugins/listener_plugin.py
[2024-08-28T10:17:19.250+0200] {processor.py:755} WARNING - No viable dags retrieved from /Users/roselina/opt/anaconda3/envs/python37/lib/python3.7/site-packages/airflow/example_dags/plugins/listener_plugin.py
[2024-08-28T10:17:19.262+0200] {processor.py:175} INFO - Processing /Users/roselina/opt/anaconda3/envs/python37/lib/python3.7/site-packages/airflow/example_dags/plugins/listener_plugin.py took 0.023 seconds
[2024-08-28T10:43:41.727+0200] {processor.py:153} INFO - Started process (PID=75486) to work on /Users/roselina/opt/anaconda3/envs/python37/lib/python3.7/site-packages/airflow/example_dags/plugins/listener_plugin.py
[2024-08-28T10:43:41.730+0200] {processor.py:743} INFO - Processing file /Users/roselina/opt/anaconda3/envs/python37/lib/python3.7/site-packages/airflow/example_dags/plugins/listener_plugin.py for tasks to queue
[2024-08-28T10:43:41.731+0200] {logging_mixin.py:137} INFO - [2024-08-28T10:43:41.731+0200] {dagbag.py:532} INFO - Filling up the DagBag from /Users/roselina/opt/anaconda3/envs/python37/lib/python3.7/site-packages/airflow/example_dags/plugins/listener_plugin.py
[2024-08-28T10:43:41.734+0200] {processor.py:755} WARNING - No viable dags retrieved from /Users/roselina/opt/anaconda3/envs/python37/lib/python3.7/site-packages/airflow/example_dags/plugins/listener_plugin.py
[2024-08-28T10:43:41.792+0200] {processor.py:175} INFO - Processing /Users/roselina/opt/anaconda3/envs/python37/lib/python3.7/site-packages/airflow/example_dags/plugins/listener_plugin.py took 0.068 seconds
[2024-08-28T10:44:24.974+0200] {processor.py:153} INFO - Started process (PID=75561) to work on /Users/roselina/opt/anaconda3/envs/python37/lib/python3.7/site-packages/airflow/example_dags/plugins/listener_plugin.py
[2024-08-28T10:44:24.976+0200] {processor.py:743} INFO - Processing file /Users/roselina/opt/anaconda3/envs/python37/lib/python3.7/site-packages/airflow/example_dags/plugins/listener_plugin.py for tasks to queue
[2024-08-28T10:44:24.977+0200] {logging_mixin.py:137} INFO - [2024-08-28T10:44:24.977+0200] {dagbag.py:532} INFO - Filling up the DagBag from /Users/roselina/opt/anaconda3/envs/python37/lib/python3.7/site-packages/airflow/example_dags/plugins/listener_plugin.py
[2024-08-28T10:44:24.982+0200] {processor.py:755} WARNING - No viable dags retrieved from /Users/roselina/opt/anaconda3/envs/python37/lib/python3.7/site-packages/airflow/example_dags/plugins/listener_plugin.py
[2024-08-28T10:44:24.993+0200] {processor.py:175} INFO - Processing /Users/roselina/opt/anaconda3/envs/python37/lib/python3.7/site-packages/airflow/example_dags/plugins/listener_plugin.py took 0.023 seconds
[2024-08-28T10:45:06.621+0200] {processor.py:153} INFO - Started process (PID=75621) to work on /Users/roselina/opt/anaconda3/envs/python37/lib/python3.7/site-packages/airflow/example_dags/plugins/listener_plugin.py
[2024-08-28T10:45:06.622+0200] {processor.py:743} INFO - Processing file /Users/roselina/opt/anaconda3/envs/python37/lib/python3.7/site-packages/airflow/example_dags/plugins/listener_plugin.py for tasks to queue
[2024-08-28T10:45:06.624+0200] {logging_mixin.py:137} INFO - [2024-08-28T10:45:06.623+0200] {dagbag.py:532} INFO - Filling up the DagBag from /Users/roselina/opt/anaconda3/envs/python37/lib/python3.7/site-packages/airflow/example_dags/plugins/listener_plugin.py
[2024-08-28T10:45:06.629+0200] {processor.py:755} WARNING - No viable dags retrieved from /Users/roselina/opt/anaconda3/envs/python37/lib/python3.7/site-packages/airflow/example_dags/plugins/listener_plugin.py
[2024-08-28T10:45:06.640+0200] {processor.py:175} INFO - Processing /Users/roselina/opt/anaconda3/envs/python37/lib/python3.7/site-packages/airflow/example_dags/plugins/listener_plugin.py took 0.023 seconds
[2024-08-28T10:45:47.240+0200] {processor.py:153} INFO - Started process (PID=75669) to work on /Users/roselina/opt/anaconda3/envs/python37/lib/python3.7/site-packages/airflow/example_dags/plugins/listener_plugin.py
[2024-08-28T10:45:47.241+0200] {processor.py:743} INFO - Processing file /Users/roselina/opt/anaconda3/envs/python37/lib/python3.7/site-packages/airflow/example_dags/plugins/listener_plugin.py for tasks to queue
[2024-08-28T10:45:47.242+0200] {logging_mixin.py:137} INFO - [2024-08-28T10:45:47.242+0200] {dagbag.py:532} INFO - Filling up the DagBag from /Users/roselina/opt/anaconda3/envs/python37/lib/python3.7/site-packages/airflow/example_dags/plugins/listener_plugin.py
[2024-08-28T10:45:47.245+0200] {processor.py:755} WARNING - No viable dags retrieved from /Users/roselina/opt/anaconda3/envs/python37/lib/python3.7/site-packages/airflow/example_dags/plugins/listener_plugin.py
[2024-08-28T10:45:47.252+0200] {processor.py:175} INFO - Processing /Users/roselina/opt/anaconda3/envs/python37/lib/python3.7/site-packages/airflow/example_dags/plugins/listener_plugin.py took 0.014 seconds
[2024-08-28T10:46:29.005+0200] {processor.py:153} INFO - Started process (PID=75713) to work on /Users/roselina/opt/anaconda3/envs/python37/lib/python3.7/site-packages/airflow/example_dags/plugins/listener_plugin.py
[2024-08-28T10:46:29.007+0200] {processor.py:743} INFO - Processing file /Users/roselina/opt/anaconda3/envs/python37/lib/python3.7/site-packages/airflow/example_dags/plugins/listener_plugin.py for tasks to queue
[2024-08-28T10:46:29.008+0200] {logging_mixin.py:137} INFO - [2024-08-28T10:46:29.008+0200] {dagbag.py:532} INFO - Filling up the DagBag from /Users/roselina/opt/anaconda3/envs/python37/lib/python3.7/site-packages/airflow/example_dags/plugins/listener_plugin.py
[2024-08-28T10:46:29.012+0200] {processor.py:755} WARNING - No viable dags retrieved from /Users/roselina/opt/anaconda3/envs/python37/lib/python3.7/site-packages/airflow/example_dags/plugins/listener_plugin.py
[2024-08-28T10:46:29.022+0200] {processor.py:175} INFO - Processing /Users/roselina/opt/anaconda3/envs/python37/lib/python3.7/site-packages/airflow/example_dags/plugins/listener_plugin.py took 0.021 seconds
[2024-08-28T10:47:09.638+0200] {processor.py:153} INFO - Started process (PID=75767) to work on /Users/roselina/opt/anaconda3/envs/python37/lib/python3.7/site-packages/airflow/example_dags/plugins/listener_plugin.py
[2024-08-28T10:47:09.640+0200] {processor.py:743} INFO - Processing file /Users/roselina/opt/anaconda3/envs/python37/lib/python3.7/site-packages/airflow/example_dags/plugins/listener_plugin.py for tasks to queue
[2024-08-28T10:47:09.642+0200] {logging_mixin.py:137} INFO - [2024-08-28T10:47:09.641+0200] {dagbag.py:532} INFO - Filling up the DagBag from /Users/roselina/opt/anaconda3/envs/python37/lib/python3.7/site-packages/airflow/example_dags/plugins/listener_plugin.py
[2024-08-28T10:47:09.647+0200] {processor.py:755} WARNING - No viable dags retrieved from /Users/roselina/opt/anaconda3/envs/python37/lib/python3.7/site-packages/airflow/example_dags/plugins/listener_plugin.py
[2024-08-28T10:47:09.657+0200] {processor.py:175} INFO - Processing /Users/roselina/opt/anaconda3/envs/python37/lib/python3.7/site-packages/airflow/example_dags/plugins/listener_plugin.py took 0.024 seconds
[2024-08-28T10:47:51.452+0200] {processor.py:153} INFO - Started process (PID=75816) to work on /Users/roselina/opt/anaconda3/envs/python37/lib/python3.7/site-packages/airflow/example_dags/plugins/listener_plugin.py
[2024-08-28T10:47:51.454+0200] {processor.py:743} INFO - Processing file /Users/roselina/opt/anaconda3/envs/python37/lib/python3.7/site-packages/airflow/example_dags/plugins/listener_plugin.py for tasks to queue
[2024-08-28T10:47:51.456+0200] {logging_mixin.py:137} INFO - [2024-08-28T10:47:51.455+0200] {dagbag.py:532} INFO - Filling up the DagBag from /Users/roselina/opt/anaconda3/envs/python37/lib/python3.7/site-packages/airflow/example_dags/plugins/listener_plugin.py
[2024-08-28T10:47:51.460+0200] {processor.py:755} WARNING - No viable dags retrieved from /Users/roselina/opt/anaconda3/envs/python37/lib/python3.7/site-packages/airflow/example_dags/plugins/listener_plugin.py
[2024-08-28T10:47:51.475+0200] {processor.py:175} INFO - Processing /Users/roselina/opt/anaconda3/envs/python37/lib/python3.7/site-packages/airflow/example_dags/plugins/listener_plugin.py took 0.027 seconds
[2024-08-28T10:48:32.790+0200] {processor.py:153} INFO - Started process (PID=75882) to work on /Users/roselina/opt/anaconda3/envs/python37/lib/python3.7/site-packages/airflow/example_dags/plugins/listener_plugin.py
[2024-08-28T10:48:32.792+0200] {processor.py:743} INFO - Processing file /Users/roselina/opt/anaconda3/envs/python37/lib/python3.7/site-packages/airflow/example_dags/plugins/listener_plugin.py for tasks to queue
[2024-08-28T10:48:32.793+0200] {logging_mixin.py:137} INFO - [2024-08-28T10:48:32.793+0200] {dagbag.py:532} INFO - Filling up the DagBag from /Users/roselina/opt/anaconda3/envs/python37/lib/python3.7/site-packages/airflow/example_dags/plugins/listener_plugin.py
[2024-08-28T10:48:32.798+0200] {processor.py:755} WARNING - No viable dags retrieved from /Users/roselina/opt/anaconda3/envs/python37/lib/python3.7/site-packages/airflow/example_dags/plugins/listener_plugin.py
[2024-08-28T10:48:32.810+0200] {processor.py:175} INFO - Processing /Users/roselina/opt/anaconda3/envs/python37/lib/python3.7/site-packages/airflow/example_dags/plugins/listener_plugin.py took 0.024 seconds
[2024-08-28T10:49:13.934+0200] {processor.py:153} INFO - Started process (PID=75935) to work on /Users/roselina/opt/anaconda3/envs/python37/lib/python3.7/site-packages/airflow/example_dags/plugins/listener_plugin.py
[2024-08-28T10:49:13.939+0200] {processor.py:743} INFO - Processing file /Users/roselina/opt/anaconda3/envs/python37/lib/python3.7/site-packages/airflow/example_dags/plugins/listener_plugin.py for tasks to queue
[2024-08-28T10:49:13.940+0200] {logging_mixin.py:137} INFO - [2024-08-28T10:49:13.940+0200] {dagbag.py:532} INFO - Filling up the DagBag from /Users/roselina/opt/anaconda3/envs/python37/lib/python3.7/site-packages/airflow/example_dags/plugins/listener_plugin.py
[2024-08-28T10:49:13.948+0200] {processor.py:755} WARNING - No viable dags retrieved from /Users/roselina/opt/anaconda3/envs/python37/lib/python3.7/site-packages/airflow/example_dags/plugins/listener_plugin.py
[2024-08-28T10:49:13.958+0200] {processor.py:175} INFO - Processing /Users/roselina/opt/anaconda3/envs/python37/lib/python3.7/site-packages/airflow/example_dags/plugins/listener_plugin.py took 0.028 seconds
[2024-08-28T10:49:55.633+0200] {processor.py:153} INFO - Started process (PID=75981) to work on /Users/roselina/opt/anaconda3/envs/python37/lib/python3.7/site-packages/airflow/example_dags/plugins/listener_plugin.py
[2024-08-28T10:49:55.635+0200] {processor.py:743} INFO - Processing file /Users/roselina/opt/anaconda3/envs/python37/lib/python3.7/site-packages/airflow/example_dags/plugins/listener_plugin.py for tasks to queue
[2024-08-28T10:49:55.636+0200] {logging_mixin.py:137} INFO - [2024-08-28T10:49:55.635+0200] {dagbag.py:532} INFO - Filling up the DagBag from /Users/roselina/opt/anaconda3/envs/python37/lib/python3.7/site-packages/airflow/example_dags/plugins/listener_plugin.py
[2024-08-28T10:49:55.640+0200] {processor.py:755} WARNING - No viable dags retrieved from /Users/roselina/opt/anaconda3/envs/python37/lib/python3.7/site-packages/airflow/example_dags/plugins/listener_plugin.py
[2024-08-28T10:49:55.650+0200] {processor.py:175} INFO - Processing /Users/roselina/opt/anaconda3/envs/python37/lib/python3.7/site-packages/airflow/example_dags/plugins/listener_plugin.py took 0.021 seconds
[2024-08-28T10:50:36.580+0200] {processor.py:153} INFO - Started process (PID=76026) to work on /Users/roselina/opt/anaconda3/envs/python37/lib/python3.7/site-packages/airflow/example_dags/plugins/listener_plugin.py
[2024-08-28T10:50:36.582+0200] {processor.py:743} INFO - Processing file /Users/roselina/opt/anaconda3/envs/python37/lib/python3.7/site-packages/airflow/example_dags/plugins/listener_plugin.py for tasks to queue
[2024-08-28T10:50:36.583+0200] {logging_mixin.py:137} INFO - [2024-08-28T10:50:36.583+0200] {dagbag.py:532} INFO - Filling up the DagBag from /Users/roselina/opt/anaconda3/envs/python37/lib/python3.7/site-packages/airflow/example_dags/plugins/listener_plugin.py
[2024-08-28T10:50:36.588+0200] {processor.py:755} WARNING - No viable dags retrieved from /Users/roselina/opt/anaconda3/envs/python37/lib/python3.7/site-packages/airflow/example_dags/plugins/listener_plugin.py
[2024-08-28T10:50:36.599+0200] {processor.py:175} INFO - Processing /Users/roselina/opt/anaconda3/envs/python37/lib/python3.7/site-packages/airflow/example_dags/plugins/listener_plugin.py took 0.023 seconds
[2024-08-28T10:51:18.573+0200] {processor.py:153} INFO - Started process (PID=76080) to work on /Users/roselina/opt/anaconda3/envs/python37/lib/python3.7/site-packages/airflow/example_dags/plugins/listener_plugin.py
[2024-08-28T10:51:18.575+0200] {processor.py:743} INFO - Processing file /Users/roselina/opt/anaconda3/envs/python37/lib/python3.7/site-packages/airflow/example_dags/plugins/listener_plugin.py for tasks to queue
[2024-08-28T10:51:18.577+0200] {logging_mixin.py:137} INFO - [2024-08-28T10:51:18.577+0200] {dagbag.py:532} INFO - Filling up the DagBag from /Users/roselina/opt/anaconda3/envs/python37/lib/python3.7/site-packages/airflow/example_dags/plugins/listener_plugin.py
[2024-08-28T10:51:18.582+0200] {processor.py:755} WARNING - No viable dags retrieved from /Users/roselina/opt/anaconda3/envs/python37/lib/python3.7/site-packages/airflow/example_dags/plugins/listener_plugin.py
[2024-08-28T10:51:18.597+0200] {processor.py:175} INFO - Processing /Users/roselina/opt/anaconda3/envs/python37/lib/python3.7/site-packages/airflow/example_dags/plugins/listener_plugin.py took 0.029 seconds
[2024-08-28T10:51:59.631+0200] {processor.py:153} INFO - Started process (PID=76135) to work on /Users/roselina/opt/anaconda3/envs/python37/lib/python3.7/site-packages/airflow/example_dags/plugins/listener_plugin.py
[2024-08-28T10:51:59.634+0200] {processor.py:743} INFO - Processing file /Users/roselina/opt/anaconda3/envs/python37/lib/python3.7/site-packages/airflow/example_dags/plugins/listener_plugin.py for tasks to queue
[2024-08-28T10:51:59.635+0200] {logging_mixin.py:137} INFO - [2024-08-28T10:51:59.635+0200] {dagbag.py:532} INFO - Filling up the DagBag from /Users/roselina/opt/anaconda3/envs/python37/lib/python3.7/site-packages/airflow/example_dags/plugins/listener_plugin.py
[2024-08-28T10:51:59.640+0200] {processor.py:755} WARNING - No viable dags retrieved from /Users/roselina/opt/anaconda3/envs/python37/lib/python3.7/site-packages/airflow/example_dags/plugins/listener_plugin.py
[2024-08-28T10:51:59.652+0200] {processor.py:175} INFO - Processing /Users/roselina/opt/anaconda3/envs/python37/lib/python3.7/site-packages/airflow/example_dags/plugins/listener_plugin.py took 0.025 seconds
[2024-08-28T10:52:40.996+0200] {processor.py:153} INFO - Started process (PID=76187) to work on /Users/roselina/opt/anaconda3/envs/python37/lib/python3.7/site-packages/airflow/example_dags/plugins/listener_plugin.py
[2024-08-28T10:52:40.998+0200] {processor.py:743} INFO - Processing file /Users/roselina/opt/anaconda3/envs/python37/lib/python3.7/site-packages/airflow/example_dags/plugins/listener_plugin.py for tasks to queue
[2024-08-28T10:52:41.000+0200] {logging_mixin.py:137} INFO - [2024-08-28T10:52:40.999+0200] {dagbag.py:532} INFO - Filling up the DagBag from /Users/roselina/opt/anaconda3/envs/python37/lib/python3.7/site-packages/airflow/example_dags/plugins/listener_plugin.py
[2024-08-28T10:52:41.004+0200] {processor.py:755} WARNING - No viable dags retrieved from /Users/roselina/opt/anaconda3/envs/python37/lib/python3.7/site-packages/airflow/example_dags/plugins/listener_plugin.py
[2024-08-28T10:52:41.017+0200] {processor.py:175} INFO - Processing /Users/roselina/opt/anaconda3/envs/python37/lib/python3.7/site-packages/airflow/example_dags/plugins/listener_plugin.py took 0.027 seconds
[2024-08-28T10:53:22.960+0200] {processor.py:153} INFO - Started process (PID=76238) to work on /Users/roselina/opt/anaconda3/envs/python37/lib/python3.7/site-packages/airflow/example_dags/plugins/listener_plugin.py
[2024-08-28T10:53:22.963+0200] {processor.py:743} INFO - Processing file /Users/roselina/opt/anaconda3/envs/python37/lib/python3.7/site-packages/airflow/example_dags/plugins/listener_plugin.py for tasks to queue
[2024-08-28T10:53:22.964+0200] {logging_mixin.py:137} INFO - [2024-08-28T10:53:22.963+0200] {dagbag.py:532} INFO - Filling up the DagBag from /Users/roselina/opt/anaconda3/envs/python37/lib/python3.7/site-packages/airflow/example_dags/plugins/listener_plugin.py
[2024-08-28T10:53:22.968+0200] {processor.py:755} WARNING - No viable dags retrieved from /Users/roselina/opt/anaconda3/envs/python37/lib/python3.7/site-packages/airflow/example_dags/plugins/listener_plugin.py
[2024-08-28T10:53:22.979+0200] {processor.py:175} INFO - Processing /Users/roselina/opt/anaconda3/envs/python37/lib/python3.7/site-packages/airflow/example_dags/plugins/listener_plugin.py took 0.021 seconds
