[2024-08-28T13:45:38.088+0200] {taskinstance.py:1090} INFO - Dependencies all met for dep_context=non-requeueable deps ti=<TaskInstance: executing_multiple_tasks.taskC manual__2024-08-28T11:45:31.513842+00:00 [queued]>
[2024-08-28T13:45:38.095+0200] {taskinstance.py:1090} INFO - Dependencies all met for dep_context=requeueable deps ti=<TaskInstance: executing_multiple_tasks.taskC manual__2024-08-28T11:45:31.513842+00:00 [queued]>
[2024-08-28T13:45:38.095+0200] {taskinstance.py:1288} INFO - 
--------------------------------------------------------------------------------
[2024-08-28T13:45:38.095+0200] {taskinstance.py:1289} INFO - Starting attempt 1 of 1
[2024-08-28T13:45:38.095+0200] {taskinstance.py:1290} INFO - 
--------------------------------------------------------------------------------
[2024-08-28T13:45:38.102+0200] {taskinstance.py:1309} INFO - Executing <Task(BashOperator): taskC> on 2024-08-28 11:45:31.513842+00:00
[2024-08-28T13:45:38.109+0200] {standard_task_runner.py:55} INFO - Started process 82091 to run task
[2024-08-28T13:45:38.113+0200] {standard_task_runner.py:82} INFO - Running: ['airflow', 'tasks', 'run', 'executing_multiple_tasks', 'taskC', 'manual__2024-08-28T11:45:31.513842+00:00', '--job-id', '20', '--raw', '--subdir', 'DAGS_FOLDER/multiple_dags.py', '--cfg-path', '/var/folders/q3/lf85n5dd03zdfbv5xqcw4__40000gn/T/tmpx6mrfwmz']
[2024-08-28T13:45:38.114+0200] {standard_task_runner.py:83} INFO - Job 20: Subtask taskC
[2024-08-28T13:45:38.145+0200] {task_command.py:389} INFO - Running <TaskInstance: executing_multiple_tasks.taskC manual__2024-08-28T11:45:31.513842+00:00 [running]> on host roselinas-mbp
[2024-08-28T13:45:38.176+0200] {taskinstance.py:1518} INFO - Exporting the following env vars:
AIRFLOW_CTX_DAG_OWNER=loonycorn
AIRFLOW_CTX_DAG_ID=executing_multiple_tasks
AIRFLOW_CTX_TASK_ID=taskC
AIRFLOW_CTX_EXECUTION_DATE=2024-08-28T11:45:31.513842+00:00
AIRFLOW_CTX_TRY_NUMBER=1
AIRFLOW_CTX_DAG_RUN_ID=manual__2024-08-28T11:45:31.513842+00:00
[2024-08-28T13:45:38.177+0200] {subprocess.py:63} INFO - Tmp dir root location: 
 /var/folders/q3/lf85n5dd03zdfbv5xqcw4__40000gn/T
[2024-08-28T13:45:38.177+0200] {subprocess.py:75} INFO - Running command: ['/bin/bash', '-c', '']
[2024-08-28T13:45:38.188+0200] {subprocess.py:86} INFO - Output:
[2024-08-28T13:45:38.195+0200] {subprocess.py:97} INFO - Command exited with return code 0
[2024-08-28T13:45:38.206+0200] {taskinstance.py:1332} INFO - Marking task as SUCCESS. dag_id=executing_multiple_tasks, task_id=taskC, execution_date=20240828T114531, start_date=20240828T114538, end_date=20240828T114538
[2024-08-28T13:45:38.219+0200] {local_task_job.py:212} INFO - Task exited with return code 0
[2024-08-28T13:45:38.231+0200] {taskinstance.py:2596} INFO - 1 downstream tasks scheduled from follow-on schedule check
