[2024-08-28T14:56:36.606+0200] {taskinstance.py:1090} INFO - Dependencies all met for dep_context=non-requeueable deps ti=<TaskInstance: cross_task_communication.increment_by_1 scheduled__2024-08-27T00:00:00+00:00 [queued]>
[2024-08-28T14:56:36.612+0200] {taskinstance.py:1090} INFO - Dependencies all met for dep_context=requeueable deps ti=<TaskInstance: cross_task_communication.increment_by_1 scheduled__2024-08-27T00:00:00+00:00 [queued]>
[2024-08-28T14:56:36.613+0200] {taskinstance.py:1288} INFO - 
--------------------------------------------------------------------------------
[2024-08-28T14:56:36.613+0200] {taskinstance.py:1289} INFO - Starting attempt 1 of 1
[2024-08-28T14:56:36.613+0200] {taskinstance.py:1290} INFO - 
--------------------------------------------------------------------------------
[2024-08-28T14:56:36.619+0200] {taskinstance.py:1309} INFO - Executing <Task(PythonOperator): increment_by_1> on 2024-08-27 00:00:00+00:00
[2024-08-28T14:56:36.627+0200] {standard_task_runner.py:55} INFO - Started process 86487 to run task
[2024-08-28T14:56:36.631+0200] {standard_task_runner.py:82} INFO - Running: ['airflow', 'tasks', 'run', 'cross_task_communication', 'increment_by_1', 'scheduled__2024-08-27T00:00:00+00:00', '--job-id', '39', '--raw', '--subdir', 'DAGS_FOLDER/cross_task_comm.py', '--cfg-path', '/var/folders/q3/lf85n5dd03zdfbv5xqcw4__40000gn/T/tmpslxzm9k9']
[2024-08-28T14:56:36.633+0200] {standard_task_runner.py:83} INFO - Job 39: Subtask increment_by_1
[2024-08-28T14:56:36.702+0200] {task_command.py:389} INFO - Running <TaskInstance: cross_task_communication.increment_by_1 scheduled__2024-08-27T00:00:00+00:00 [running]> on host roselinas-mbp
[2024-08-28T14:56:36.733+0200] {taskinstance.py:1518} INFO - Exporting the following env vars:
AIRFLOW_CTX_DAG_OWNER=Roselina_m
AIRFLOW_CTX_DAG_ID=cross_task_communication
AIRFLOW_CTX_TASK_ID=increment_by_1
AIRFLOW_CTX_EXECUTION_DATE=2024-08-27T00:00:00+00:00
AIRFLOW_CTX_TRY_NUMBER=1
AIRFLOW_CTX_DAG_RUN_ID=scheduled__2024-08-27T00:00:00+00:00
[2024-08-28T14:56:36.734+0200] {logging_mixin.py:137} INFO - Count 100!
[2024-08-28T14:56:36.734+0200] {python.py:177} INFO - Done. Returned value was: 101
[2024-08-28T14:56:36.742+0200] {taskinstance.py:1332} INFO - Marking task as SUCCESS. dag_id=cross_task_communication, task_id=increment_by_1, execution_date=20240827T000000, start_date=20240828T125636, end_date=20240828T125636
[2024-08-28T14:56:36.774+0200] {local_task_job.py:212} INFO - Task exited with return code 0
[2024-08-28T14:56:36.785+0200] {taskinstance.py:2596} INFO - 1 downstream tasks scheduled from follow-on schedule check
