[2024-08-28T16:23:05.556+0200] {taskinstance.py:1090} INFO - Dependencies all met for dep_context=non-requeueable deps ti=<TaskInstance: python_pipeline.groupby_region manual__2024-08-28T14:22:58.741369+00:00 [queued]>
[2024-08-28T16:23:05.563+0200] {taskinstance.py:1090} INFO - Dependencies all met for dep_context=requeueable deps ti=<TaskInstance: python_pipeline.groupby_region manual__2024-08-28T14:22:58.741369+00:00 [queued]>
[2024-08-28T16:23:05.563+0200] {taskinstance.py:1288} INFO - 
--------------------------------------------------------------------------------
[2024-08-28T16:23:05.563+0200] {taskinstance.py:1289} INFO - Starting attempt 1 of 1
[2024-08-28T16:23:05.563+0200] {taskinstance.py:1290} INFO - 
--------------------------------------------------------------------------------
[2024-08-28T16:23:05.569+0200] {taskinstance.py:1309} INFO - Executing <Task(PythonOperator): groupby_region> on 2024-08-28 14:22:58.741369+00:00
[2024-08-28T16:23:05.577+0200] {standard_task_runner.py:55} INFO - Started process 92779 to run task
[2024-08-28T16:23:05.581+0200] {standard_task_runner.py:82} INFO - Running: ['airflow', 'tasks', 'run', 'python_pipeline', 'groupby_region', 'manual__2024-08-28T14:22:58.741369+00:00', '--job-id', '63', '--raw', '--subdir', 'DAGS_FOLDER/insurance_data_pipeline.py', '--cfg-path', '/var/folders/q3/lf85n5dd03zdfbv5xqcw4__40000gn/T/tmp9yhlabjq']
[2024-08-28T16:23:05.583+0200] {standard_task_runner.py:83} INFO - Job 63: Subtask groupby_region
[2024-08-28T16:23:05.611+0200] {task_command.py:389} INFO - Running <TaskInstance: python_pipeline.groupby_region manual__2024-08-28T14:22:58.741369+00:00 [running]> on host roselinas-mbp
[2024-08-28T16:23:05.643+0200] {taskinstance.py:1518} INFO - Exporting the following env vars:
AIRFLOW_CTX_DAG_OWNER=Roselina_m
AIRFLOW_CTX_DAG_ID=python_pipeline
AIRFLOW_CTX_TASK_ID=groupby_region
AIRFLOW_CTX_EXECUTION_DATE=2024-08-28T14:22:58.741369+00:00
AIRFLOW_CTX_TRY_NUMBER=1
AIRFLOW_CTX_DAG_RUN_ID=manual__2024-08-28T14:22:58.741369+00:00
[2024-08-28T16:23:05.666+0200] {python.py:177} INFO - Done. Returned value was: None
[2024-08-28T16:23:05.674+0200] {taskinstance.py:1332} INFO - Marking task as SUCCESS. dag_id=python_pipeline, task_id=groupby_region, execution_date=20240828T142258, start_date=20240828T142305, end_date=20240828T142305
[2024-08-28T16:23:05.688+0200] {local_task_job.py:212} INFO - Task exited with return code 0
[2024-08-28T16:23:05.696+0200] {taskinstance.py:2596} INFO - 0 downstream tasks scheduled from follow-on schedule check
