[2024-08-28T14:35:30.575+0200] {taskinstance.py:1090} INFO - Dependencies all met for dep_context=non-requeueable deps ti=<TaskInstance: execute_python_operators.taskC manual__2024-08-28T12:35:20.152460+00:00 [queued]>
[2024-08-28T14:35:30.580+0200] {taskinstance.py:1090} INFO - Dependencies all met for dep_context=requeueable deps ti=<TaskInstance: execute_python_operators.taskC manual__2024-08-28T12:35:20.152460+00:00 [queued]>
[2024-08-28T14:35:30.580+0200] {taskinstance.py:1288} INFO - 
--------------------------------------------------------------------------------
[2024-08-28T14:35:30.580+0200] {taskinstance.py:1289} INFO - Starting attempt 1 of 1
[2024-08-28T14:35:30.581+0200] {taskinstance.py:1290} INFO - 
--------------------------------------------------------------------------------
[2024-08-28T14:35:30.586+0200] {taskinstance.py:1309} INFO - Executing <Task(PythonOperator): taskC> on 2024-08-28 12:35:20.152460+00:00
[2024-08-28T14:35:30.593+0200] {standard_task_runner.py:55} INFO - Started process 84789 to run task
[2024-08-28T14:35:30.598+0200] {standard_task_runner.py:82} INFO - Running: ['airflow', 'tasks', 'run', 'execute_python_operators', 'taskC', 'manual__2024-08-28T12:35:20.152460+00:00', '--job-id', '33', '--raw', '--subdir', 'DAGS_FOLDER/execute_python.py', '--cfg-path', '/var/folders/q3/lf85n5dd03zdfbv5xqcw4__40000gn/T/tmp7inyben7']
[2024-08-28T14:35:30.600+0200] {standard_task_runner.py:83} INFO - Job 33: Subtask taskC
[2024-08-28T14:35:30.628+0200] {task_command.py:389} INFO - Running <TaskInstance: execute_python_operators.taskC manual__2024-08-28T12:35:20.152460+00:00 [running]> on host roselinas-mbp
[2024-08-28T14:35:30.656+0200] {taskinstance.py:1518} INFO - Exporting the following env vars:
AIRFLOW_CTX_DAG_OWNER=Roselina_m
AIRFLOW_CTX_DAG_ID=execute_python_operators
AIRFLOW_CTX_TASK_ID=taskC
AIRFLOW_CTX_EXECUTION_DATE=2024-08-28T12:35:20.152460+00:00
AIRFLOW_CTX_TRY_NUMBER=1
AIRFLOW_CTX_DAG_RUN_ID=manual__2024-08-28T12:35:20.152460+00:00
[2024-08-28T14:35:30.657+0200] {logging_mixin.py:137} INFO - TASK C executed!
[2024-08-28T14:35:30.657+0200] {python.py:177} INFO - Done. Returned value was: None
[2024-08-28T14:35:30.660+0200] {taskinstance.py:1332} INFO - Marking task as SUCCESS. dag_id=execute_python_operators, task_id=taskC, execution_date=20240828T123520, start_date=20240828T123530, end_date=20240828T123530
[2024-08-28T14:35:30.705+0200] {local_task_job.py:212} INFO - Task exited with return code 0
[2024-08-28T14:35:30.717+0200] {taskinstance.py:2596} INFO - 1 downstream tasks scheduled from follow-on schedule check
