[2024-08-28T15:15:25.982+0200] {taskinstance.py:1090} INFO - Dependencies all met for dep_context=non-requeueable deps ti=<TaskInstance: cross_task_communication.subtract_9 manual__2024-08-28T13:15:19.740143+00:00 [queued]>
[2024-08-28T15:15:25.988+0200] {taskinstance.py:1090} INFO - Dependencies all met for dep_context=requeueable deps ti=<TaskInstance: cross_task_communication.subtract_9 manual__2024-08-28T13:15:19.740143+00:00 [queued]>
[2024-08-28T15:15:25.988+0200] {taskinstance.py:1288} INFO - 
--------------------------------------------------------------------------------
[2024-08-28T15:15:25.988+0200] {taskinstance.py:1289} INFO - Starting attempt 1 of 1
[2024-08-28T15:15:25.988+0200] {taskinstance.py:1290} INFO - 
--------------------------------------------------------------------------------
[2024-08-28T15:15:25.995+0200] {taskinstance.py:1309} INFO - Executing <Task(PythonOperator): subtract_9> on 2024-08-28 13:15:19.740143+00:00
[2024-08-28T15:15:26.003+0200] {standard_task_runner.py:55} INFO - Started process 87636 to run task
[2024-08-28T15:15:26.007+0200] {standard_task_runner.py:82} INFO - Running: ['airflow', 'tasks', 'run', 'cross_task_communication', 'subtract_9', 'manual__2024-08-28T13:15:19.740143+00:00', '--job-id', '49', '--raw', '--subdir', 'DAGS_FOLDER/cross_task_comm.py', '--cfg-path', '/var/folders/q3/lf85n5dd03zdfbv5xqcw4__40000gn/T/tmp2ctt88m3']
[2024-08-28T15:15:26.008+0200] {standard_task_runner.py:83} INFO - Job 49: Subtask subtract_9
[2024-08-28T15:15:26.039+0200] {task_command.py:389} INFO - Running <TaskInstance: cross_task_communication.subtract_9 manual__2024-08-28T13:15:19.740143+00:00 [running]> on host roselinas-mbp
[2024-08-28T15:15:26.068+0200] {taskinstance.py:1518} INFO - Exporting the following env vars:
AIRFLOW_CTX_DAG_OWNER=Roselina_m
AIRFLOW_CTX_DAG_ID=cross_task_communication
AIRFLOW_CTX_TASK_ID=subtract_9
AIRFLOW_CTX_EXECUTION_DATE=2024-08-28T13:15:19.740143+00:00
AIRFLOW_CTX_TRY_NUMBER=1
AIRFLOW_CTX_DAG_RUN_ID=manual__2024-08-28T13:15:19.740143+00:00
[2024-08-28T15:15:26.072+0200] {logging_mixin.py:137} INFO - Value 200!
[2024-08-28T15:15:26.072+0200] {python.py:177} INFO - Done. Returned value was: 191
[2024-08-28T15:15:26.078+0200] {taskinstance.py:1332} INFO - Marking task as SUCCESS. dag_id=cross_task_communication, task_id=subtract_9, execution_date=20240828T131519, start_date=20240828T131525, end_date=20240828T131526
[2024-08-28T15:15:26.114+0200] {local_task_job.py:212} INFO - Task exited with return code 0
[2024-08-28T15:15:26.125+0200] {taskinstance.py:2596} INFO - 1 downstream tasks scheduled from follow-on schedule check
