[2024-08-29T10:45:40.351+0200] {taskinstance.py:1090} INFO - Dependencies all met for dep_context=non-requeueable deps ti=<TaskInstance: executing_sql_pipeline.create_table scheduled__2024-08-28T00:00:00+00:00 [queued]>
[2024-08-29T10:45:40.358+0200] {taskinstance.py:1090} INFO - Dependencies all met for dep_context=requeueable deps ti=<TaskInstance: executing_sql_pipeline.create_table scheduled__2024-08-28T00:00:00+00:00 [queued]>
[2024-08-29T10:45:40.358+0200] {taskinstance.py:1288} INFO - 
--------------------------------------------------------------------------------
[2024-08-29T10:45:40.358+0200] {taskinstance.py:1289} INFO - Starting attempt 1 of 1
[2024-08-29T10:45:40.358+0200] {taskinstance.py:1290} INFO - 
--------------------------------------------------------------------------------
[2024-08-29T10:45:40.364+0200] {taskinstance.py:1309} INFO - Executing <Task(SqliteOperator): create_table> on 2024-08-28 00:00:00+00:00
[2024-08-29T10:45:40.373+0200] {standard_task_runner.py:55} INFO - Started process 96751 to run task
[2024-08-29T10:45:40.380+0200] {standard_task_runner.py:82} INFO - Running: ['airflow', 'tasks', 'run', 'executing_sql_pipeline', 'create_table', 'scheduled__2024-08-28T00:00:00+00:00', '--job-id', '68', '--raw', '--subdir', 'DAGS_FOLDER/create_sql_pipeline.py', '--cfg-path', '/var/folders/q3/lf85n5dd03zdfbv5xqcw4__40000gn/T/tmpd71c0w9t']
[2024-08-29T10:45:40.382+0200] {standard_task_runner.py:83} INFO - Job 68: Subtask create_table
[2024-08-29T10:45:40.502+0200] {task_command.py:389} INFO - Running <TaskInstance: executing_sql_pipeline.create_table scheduled__2024-08-28T00:00:00+00:00 [running]> on host roselinas-mbp
[2024-08-29T10:45:40.534+0200] {taskinstance.py:1518} INFO - Exporting the following env vars:
AIRFLOW_CTX_DAG_OWNER=loonycorn
AIRFLOW_CTX_DAG_ID=executing_sql_pipeline
AIRFLOW_CTX_TASK_ID=create_table
AIRFLOW_CTX_EXECUTION_DATE=2024-08-28T00:00:00+00:00
AIRFLOW_CTX_TRY_NUMBER=1
AIRFLOW_CTX_DAG_RUN_ID=scheduled__2024-08-28T00:00:00+00:00
[2024-08-29T10:45:40.534+0200] {sql.py:254} INFO - Executing: 
            CREATE TABLE IF NOT EXISTS users (
                    id INTEGER PRIMARY KEY,
                    name VARCHAR(50) NOT NULL,
                    age INTEGER NOT NULL,
                    is_active BOOLEAN DEFAULT true,
                    created_at TIMESTAMP DEFAULT CURRENT_TIMESTAMP
            );
        
[2024-08-29T10:45:40.538+0200] {base.py:73} INFO - Using connection ID 'my_sqlite_conn' for task execution.
[2024-08-29T10:45:40.595+0200] {base.py:73} INFO - Using connection ID 'my_sqlite_conn' for task execution.
[2024-08-29T10:45:40.595+0200] {sql.py:375} INFO - Running statement: 
            CREATE TABLE IF NOT EXISTS users (
                    id INTEGER PRIMARY KEY,
                    name VARCHAR(50) NOT NULL,
                    age INTEGER NOT NULL,
                    is_active BOOLEAN DEFAULT true,
                    created_at TIMESTAMP DEFAULT CURRENT_TIMESTAMP
            );
        , parameters: None
[2024-08-29T10:45:40.600+0200] {taskinstance.py:1332} INFO - Marking task as SUCCESS. dag_id=executing_sql_pipeline, task_id=create_table, execution_date=20240828T000000, start_date=20240829T084540, end_date=20240829T084540
[2024-08-29T10:45:40.617+0200] {local_task_job.py:212} INFO - Task exited with return code 0
[2024-08-29T10:45:40.706+0200] {taskinstance.py:2596} INFO - 0 downstream tasks scheduled from follow-on schedule check
