[2024-08-29T12:52:30.538+0200] {taskinstance.py:1090} INFO - Dependencies all met for dep_context=non-requeueable deps ti=<TaskInstance: cross_task_communication.multiply_by_100 scheduled__2024-08-28T00:00:00+00:00 [queued]>
[2024-08-29T12:52:30.544+0200] {taskinstance.py:1090} INFO - Dependencies all met for dep_context=requeueable deps ti=<TaskInstance: cross_task_communication.multiply_by_100 scheduled__2024-08-28T00:00:00+00:00 [queued]>
[2024-08-29T12:52:30.544+0200] {taskinstance.py:1288} INFO - 
--------------------------------------------------------------------------------
[2024-08-29T12:52:30.544+0200] {taskinstance.py:1289} INFO - Starting attempt 1 of 1
[2024-08-29T12:52:30.544+0200] {taskinstance.py:1290} INFO - 
--------------------------------------------------------------------------------
[2024-08-29T12:52:30.550+0200] {taskinstance.py:1309} INFO - Executing <Task(PythonOperator): multiply_by_100> on 2024-08-28 00:00:00+00:00
[2024-08-29T12:52:30.558+0200] {standard_task_runner.py:55} INFO - Started process 6562 to run task
[2024-08-29T12:52:30.562+0200] {standard_task_runner.py:82} INFO - Running: ['airflow', 'tasks', 'run', 'cross_task_communication', 'multiply_by_100', 'scheduled__2024-08-28T00:00:00+00:00', '--job-id', '117', '--raw', '--subdir', 'DAGS_FOLDER/cross_task_comm.py', '--cfg-path', '/var/folders/q3/lf85n5dd03zdfbv5xqcw4__40000gn/T/tmpy6hsi8m9']
[2024-08-29T12:52:30.564+0200] {standard_task_runner.py:83} INFO - Job 117: Subtask multiply_by_100
[2024-08-29T12:52:30.604+0200] {task_command.py:389} INFO - Running <TaskInstance: cross_task_communication.multiply_by_100 scheduled__2024-08-28T00:00:00+00:00 [running]> on host roselinas-mbp
[2024-08-29T12:52:30.692+0200] {taskinstance.py:1518} INFO - Exporting the following env vars:
AIRFLOW_CTX_DAG_OWNER=Roselina_m
AIRFLOW_CTX_DAG_ID=cross_task_communication
AIRFLOW_CTX_TASK_ID=multiply_by_100
AIRFLOW_CTX_EXECUTION_DATE=2024-08-28T00:00:00+00:00
AIRFLOW_CTX_TRY_NUMBER=1
AIRFLOW_CTX_DAG_RUN_ID=scheduled__2024-08-28T00:00:00+00:00
[2024-08-29T12:52:30.695+0200] {logging_mixin.py:137} INFO - Value 2!
[2024-08-29T12:52:30.695+0200] {python.py:177} INFO - Done. Returned value was: 200
[2024-08-29T12:52:30.703+0200] {taskinstance.py:1332} INFO - Marking task as SUCCESS. dag_id=cross_task_communication, task_id=multiply_by_100, execution_date=20240828T000000, start_date=20240829T105230, end_date=20240829T105230
[2024-08-29T12:52:30.758+0200] {local_task_job.py:212} INFO - Task exited with return code 0
[2024-08-29T12:52:30.774+0200] {taskinstance.py:2596} INFO - 1 downstream tasks scheduled from follow-on schedule check
