[2024-08-28T10:11:20.609+0200] {processor.py:153} INFO - Started process (PID=74936) to work on /Users/roselina/opt/anaconda3/envs/python37/lib/python3.7/site-packages/airflow/example_dags/example_short_circuit_operator.py
[2024-08-28T10:11:20.610+0200] {processor.py:743} INFO - Processing file /Users/roselina/opt/anaconda3/envs/python37/lib/python3.7/site-packages/airflow/example_dags/example_short_circuit_operator.py for tasks to queue
[2024-08-28T10:11:20.611+0200] {logging_mixin.py:137} INFO - [2024-08-28T10:11:20.611+0200] {dagbag.py:532} INFO - Filling up the DagBag from /Users/roselina/opt/anaconda3/envs/python37/lib/python3.7/site-packages/airflow/example_dags/example_short_circuit_operator.py
[2024-08-28T10:11:20.628+0200] {processor.py:753} INFO - DAG(s) dict_keys(['example_short_circuit_operator']) retrieved from /Users/roselina/opt/anaconda3/envs/python37/lib/python3.7/site-packages/airflow/example_dags/example_short_circuit_operator.py
[2024-08-28T10:11:20.699+0200] {logging_mixin.py:137} INFO - [2024-08-28T10:11:20.699+0200] {manager.py:504} INFO - Created Permission View: can read on DAG:example_short_circuit_operator
[2024-08-28T10:11:20.704+0200] {logging_mixin.py:137} INFO - [2024-08-28T10:11:20.704+0200] {manager.py:504} INFO - Created Permission View: can delete on DAG:example_short_circuit_operator
[2024-08-28T10:11:20.708+0200] {logging_mixin.py:137} INFO - [2024-08-28T10:11:20.707+0200] {manager.py:504} INFO - Created Permission View: can edit on DAG:example_short_circuit_operator
[2024-08-28T10:11:20.708+0200] {logging_mixin.py:137} INFO - [2024-08-28T10:11:20.708+0200] {dag.py:2705} INFO - Sync 1 DAGs
[2024-08-28T10:11:20.716+0200] {logging_mixin.py:137} INFO - [2024-08-28T10:11:20.715+0200] {dag.py:2726} INFO - Creating ORM DAG for example_short_circuit_operator
[2024-08-28T10:11:20.721+0200] {logging_mixin.py:137} INFO - [2024-08-28T10:11:20.721+0200] {dag.py:3456} INFO - Setting next_dagrun for example_short_circuit_operator to 2024-08-27T08:11:20.721295+00:00, run_after=2024-08-28T08:11:20.721295+00:00
[2024-08-28T10:11:20.731+0200] {processor.py:175} INFO - Processing /Users/roselina/opt/anaconda3/envs/python37/lib/python3.7/site-packages/airflow/example_dags/example_short_circuit_operator.py took 0.123 seconds
[2024-08-28T10:12:03.629+0200] {processor.py:153} INFO - Started process (PID=74998) to work on /Users/roselina/opt/anaconda3/envs/python37/lib/python3.7/site-packages/airflow/example_dags/example_short_circuit_operator.py
[2024-08-28T10:12:03.630+0200] {processor.py:743} INFO - Processing file /Users/roselina/opt/anaconda3/envs/python37/lib/python3.7/site-packages/airflow/example_dags/example_short_circuit_operator.py for tasks to queue
[2024-08-28T10:12:03.632+0200] {logging_mixin.py:137} INFO - [2024-08-28T10:12:03.631+0200] {dagbag.py:532} INFO - Filling up the DagBag from /Users/roselina/opt/anaconda3/envs/python37/lib/python3.7/site-packages/airflow/example_dags/example_short_circuit_operator.py
[2024-08-28T10:12:03.649+0200] {processor.py:753} INFO - DAG(s) dict_keys(['example_short_circuit_operator']) retrieved from /Users/roselina/opt/anaconda3/envs/python37/lib/python3.7/site-packages/airflow/example_dags/example_short_circuit_operator.py
[2024-08-28T10:12:03.664+0200] {logging_mixin.py:137} INFO - [2024-08-28T10:12:03.664+0200] {dag.py:2705} INFO - Sync 1 DAGs
[2024-08-28T10:12:03.676+0200] {logging_mixin.py:137} INFO - [2024-08-28T10:12:03.676+0200] {dag.py:3456} INFO - Setting next_dagrun for example_short_circuit_operator to 2024-08-27T08:12:03.676457+00:00, run_after=2024-08-28T08:12:03.676457+00:00
[2024-08-28T10:12:03.687+0200] {processor.py:175} INFO - Processing /Users/roselina/opt/anaconda3/envs/python37/lib/python3.7/site-packages/airflow/example_dags/example_short_circuit_operator.py took 0.062 seconds
[2024-08-28T10:12:44.987+0200] {processor.py:153} INFO - Started process (PID=75058) to work on /Users/roselina/opt/anaconda3/envs/python37/lib/python3.7/site-packages/airflow/example_dags/example_short_circuit_operator.py
[2024-08-28T10:12:44.989+0200] {processor.py:743} INFO - Processing file /Users/roselina/opt/anaconda3/envs/python37/lib/python3.7/site-packages/airflow/example_dags/example_short_circuit_operator.py for tasks to queue
[2024-08-28T10:12:44.991+0200] {logging_mixin.py:137} INFO - [2024-08-28T10:12:44.991+0200] {dagbag.py:532} INFO - Filling up the DagBag from /Users/roselina/opt/anaconda3/envs/python37/lib/python3.7/site-packages/airflow/example_dags/example_short_circuit_operator.py
[2024-08-28T10:12:45.014+0200] {processor.py:753} INFO - DAG(s) dict_keys(['example_short_circuit_operator']) retrieved from /Users/roselina/opt/anaconda3/envs/python37/lib/python3.7/site-packages/airflow/example_dags/example_short_circuit_operator.py
[2024-08-28T10:12:45.033+0200] {logging_mixin.py:137} INFO - [2024-08-28T10:12:45.032+0200] {dag.py:2705} INFO - Sync 1 DAGs
[2024-08-28T10:12:45.044+0200] {logging_mixin.py:137} INFO - [2024-08-28T10:12:45.044+0200] {dag.py:3456} INFO - Setting next_dagrun for example_short_circuit_operator to 2024-08-27T08:12:45.044529+00:00, run_after=2024-08-28T08:12:45.044529+00:00
[2024-08-28T10:12:45.054+0200] {processor.py:175} INFO - Processing /Users/roselina/opt/anaconda3/envs/python37/lib/python3.7/site-packages/airflow/example_dags/example_short_circuit_operator.py took 0.071 seconds
[2024-08-28T10:13:27.309+0200] {processor.py:153} INFO - Started process (PID=75119) to work on /Users/roselina/opt/anaconda3/envs/python37/lib/python3.7/site-packages/airflow/example_dags/example_short_circuit_operator.py
[2024-08-28T10:13:27.311+0200] {processor.py:743} INFO - Processing file /Users/roselina/opt/anaconda3/envs/python37/lib/python3.7/site-packages/airflow/example_dags/example_short_circuit_operator.py for tasks to queue
[2024-08-28T10:13:27.311+0200] {logging_mixin.py:137} INFO - [2024-08-28T10:13:27.311+0200] {dagbag.py:532} INFO - Filling up the DagBag from /Users/roselina/opt/anaconda3/envs/python37/lib/python3.7/site-packages/airflow/example_dags/example_short_circuit_operator.py
[2024-08-28T10:13:27.324+0200] {processor.py:753} INFO - DAG(s) dict_keys(['example_short_circuit_operator']) retrieved from /Users/roselina/opt/anaconda3/envs/python37/lib/python3.7/site-packages/airflow/example_dags/example_short_circuit_operator.py
[2024-08-28T10:13:27.340+0200] {logging_mixin.py:137} INFO - [2024-08-28T10:13:27.339+0200] {dag.py:2705} INFO - Sync 1 DAGs
[2024-08-28T10:13:27.352+0200] {logging_mixin.py:137} INFO - [2024-08-28T10:13:27.352+0200] {dag.py:3456} INFO - Setting next_dagrun for example_short_circuit_operator to 2024-08-27T08:13:27.352299+00:00, run_after=2024-08-28T08:13:27.352299+00:00
[2024-08-28T10:13:27.364+0200] {processor.py:175} INFO - Processing /Users/roselina/opt/anaconda3/envs/python37/lib/python3.7/site-packages/airflow/example_dags/example_short_circuit_operator.py took 0.059 seconds
[2024-08-28T10:14:09.960+0200] {processor.py:153} INFO - Started process (PID=75196) to work on /Users/roselina/opt/anaconda3/envs/python37/lib/python3.7/site-packages/airflow/example_dags/example_short_circuit_operator.py
[2024-08-28T10:14:09.962+0200] {processor.py:743} INFO - Processing file /Users/roselina/opt/anaconda3/envs/python37/lib/python3.7/site-packages/airflow/example_dags/example_short_circuit_operator.py for tasks to queue
[2024-08-28T10:14:09.963+0200] {logging_mixin.py:137} INFO - [2024-08-28T10:14:09.963+0200] {dagbag.py:532} INFO - Filling up the DagBag from /Users/roselina/opt/anaconda3/envs/python37/lib/python3.7/site-packages/airflow/example_dags/example_short_circuit_operator.py
[2024-08-28T10:14:09.984+0200] {processor.py:753} INFO - DAG(s) dict_keys(['example_short_circuit_operator']) retrieved from /Users/roselina/opt/anaconda3/envs/python37/lib/python3.7/site-packages/airflow/example_dags/example_short_circuit_operator.py
[2024-08-28T10:14:10.003+0200] {logging_mixin.py:137} INFO - [2024-08-28T10:14:10.003+0200] {dag.py:2705} INFO - Sync 1 DAGs
[2024-08-28T10:14:10.015+0200] {logging_mixin.py:137} INFO - [2024-08-28T10:14:10.015+0200] {dag.py:3456} INFO - Setting next_dagrun for example_short_circuit_operator to 2024-08-27T08:14:10.015057+00:00, run_after=2024-08-28T08:14:10.015057+00:00
[2024-08-28T10:14:10.025+0200] {processor.py:175} INFO - Processing /Users/roselina/opt/anaconda3/envs/python37/lib/python3.7/site-packages/airflow/example_dags/example_short_circuit_operator.py took 0.070 seconds
[2024-08-28T10:14:52.568+0200] {processor.py:153} INFO - Started process (PID=75244) to work on /Users/roselina/opt/anaconda3/envs/python37/lib/python3.7/site-packages/airflow/example_dags/example_short_circuit_operator.py
[2024-08-28T10:14:52.570+0200] {processor.py:743} INFO - Processing file /Users/roselina/opt/anaconda3/envs/python37/lib/python3.7/site-packages/airflow/example_dags/example_short_circuit_operator.py for tasks to queue
[2024-08-28T10:14:52.572+0200] {logging_mixin.py:137} INFO - [2024-08-28T10:14:52.571+0200] {dagbag.py:532} INFO - Filling up the DagBag from /Users/roselina/opt/anaconda3/envs/python37/lib/python3.7/site-packages/airflow/example_dags/example_short_circuit_operator.py
[2024-08-28T10:14:52.591+0200] {processor.py:753} INFO - DAG(s) dict_keys(['example_short_circuit_operator']) retrieved from /Users/roselina/opt/anaconda3/envs/python37/lib/python3.7/site-packages/airflow/example_dags/example_short_circuit_operator.py
[2024-08-28T10:14:52.609+0200] {logging_mixin.py:137} INFO - [2024-08-28T10:14:52.608+0200] {dag.py:2705} INFO - Sync 1 DAGs
[2024-08-28T10:14:52.625+0200] {logging_mixin.py:137} INFO - [2024-08-28T10:14:52.625+0200] {dag.py:3456} INFO - Setting next_dagrun for example_short_circuit_operator to 2024-08-27T08:14:52.625146+00:00, run_after=2024-08-28T08:14:52.625146+00:00
[2024-08-28T10:14:52.636+0200] {processor.py:175} INFO - Processing /Users/roselina/opt/anaconda3/envs/python37/lib/python3.7/site-packages/airflow/example_dags/example_short_circuit_operator.py took 0.072 seconds
[2024-08-28T10:15:33.328+0200] {processor.py:153} INFO - Started process (PID=75288) to work on /Users/roselina/opt/anaconda3/envs/python37/lib/python3.7/site-packages/airflow/example_dags/example_short_circuit_operator.py
[2024-08-28T10:15:33.330+0200] {processor.py:743} INFO - Processing file /Users/roselina/opt/anaconda3/envs/python37/lib/python3.7/site-packages/airflow/example_dags/example_short_circuit_operator.py for tasks to queue
[2024-08-28T10:15:33.331+0200] {logging_mixin.py:137} INFO - [2024-08-28T10:15:33.331+0200] {dagbag.py:532} INFO - Filling up the DagBag from /Users/roselina/opt/anaconda3/envs/python37/lib/python3.7/site-packages/airflow/example_dags/example_short_circuit_operator.py
[2024-08-28T10:15:33.352+0200] {processor.py:753} INFO - DAG(s) dict_keys(['example_short_circuit_operator']) retrieved from /Users/roselina/opt/anaconda3/envs/python37/lib/python3.7/site-packages/airflow/example_dags/example_short_circuit_operator.py
[2024-08-28T10:15:33.370+0200] {logging_mixin.py:137} INFO - [2024-08-28T10:15:33.370+0200] {dag.py:2705} INFO - Sync 1 DAGs
[2024-08-28T10:15:33.382+0200] {logging_mixin.py:137} INFO - [2024-08-28T10:15:33.382+0200] {dag.py:3456} INFO - Setting next_dagrun for example_short_circuit_operator to 2024-08-27T08:15:33.382559+00:00, run_after=2024-08-28T08:15:33.382559+00:00
[2024-08-28T10:15:33.392+0200] {processor.py:175} INFO - Processing /Users/roselina/opt/anaconda3/envs/python37/lib/python3.7/site-packages/airflow/example_dags/example_short_circuit_operator.py took 0.068 seconds
[2024-08-28T10:16:12.715+0200] {processor.py:153} INFO - Started process (PID=75333) to work on /Users/roselina/opt/anaconda3/envs/python37/lib/python3.7/site-packages/airflow/example_dags/example_short_circuit_operator.py
[2024-08-28T10:16:12.717+0200] {processor.py:743} INFO - Processing file /Users/roselina/opt/anaconda3/envs/python37/lib/python3.7/site-packages/airflow/example_dags/example_short_circuit_operator.py for tasks to queue
[2024-08-28T10:16:12.718+0200] {logging_mixin.py:137} INFO - [2024-08-28T10:16:12.718+0200] {dagbag.py:532} INFO - Filling up the DagBag from /Users/roselina/opt/anaconda3/envs/python37/lib/python3.7/site-packages/airflow/example_dags/example_short_circuit_operator.py
[2024-08-28T10:16:12.738+0200] {processor.py:753} INFO - DAG(s) dict_keys(['example_short_circuit_operator']) retrieved from /Users/roselina/opt/anaconda3/envs/python37/lib/python3.7/site-packages/airflow/example_dags/example_short_circuit_operator.py
[2024-08-28T10:16:12.755+0200] {logging_mixin.py:137} INFO - [2024-08-28T10:16:12.754+0200] {dag.py:2705} INFO - Sync 1 DAGs
[2024-08-28T10:16:12.767+0200] {logging_mixin.py:137} INFO - [2024-08-28T10:16:12.767+0200] {dag.py:3456} INFO - Setting next_dagrun for example_short_circuit_operator to 2024-08-27T08:16:12.767022+00:00, run_after=2024-08-28T08:16:12.767022+00:00
[2024-08-28T10:16:12.777+0200] {processor.py:175} INFO - Processing /Users/roselina/opt/anaconda3/envs/python37/lib/python3.7/site-packages/airflow/example_dags/example_short_circuit_operator.py took 0.066 seconds
[2024-08-28T10:16:54.078+0200] {processor.py:153} INFO - Started process (PID=75378) to work on /Users/roselina/opt/anaconda3/envs/python37/lib/python3.7/site-packages/airflow/example_dags/example_short_circuit_operator.py
[2024-08-28T10:16:54.080+0200] {processor.py:743} INFO - Processing file /Users/roselina/opt/anaconda3/envs/python37/lib/python3.7/site-packages/airflow/example_dags/example_short_circuit_operator.py for tasks to queue
[2024-08-28T10:16:54.082+0200] {logging_mixin.py:137} INFO - [2024-08-28T10:16:54.081+0200] {dagbag.py:532} INFO - Filling up the DagBag from /Users/roselina/opt/anaconda3/envs/python37/lib/python3.7/site-packages/airflow/example_dags/example_short_circuit_operator.py
[2024-08-28T10:16:54.102+0200] {processor.py:753} INFO - DAG(s) dict_keys(['example_short_circuit_operator']) retrieved from /Users/roselina/opt/anaconda3/envs/python37/lib/python3.7/site-packages/airflow/example_dags/example_short_circuit_operator.py
[2024-08-28T10:16:54.118+0200] {logging_mixin.py:137} INFO - [2024-08-28T10:16:54.117+0200] {dag.py:2705} INFO - Sync 1 DAGs
[2024-08-28T10:16:54.130+0200] {logging_mixin.py:137} INFO - [2024-08-28T10:16:54.130+0200] {dag.py:3456} INFO - Setting next_dagrun for example_short_circuit_operator to 2024-08-27T08:16:54.130093+00:00, run_after=2024-08-28T08:16:54.130093+00:00
[2024-08-28T10:16:54.141+0200] {processor.py:175} INFO - Processing /Users/roselina/opt/anaconda3/envs/python37/lib/python3.7/site-packages/airflow/example_dags/example_short_circuit_operator.py took 0.066 seconds
[2024-08-28T10:17:34.392+0200] {processor.py:153} INFO - Started process (PID=75432) to work on /Users/roselina/opt/anaconda3/envs/python37/lib/python3.7/site-packages/airflow/example_dags/example_short_circuit_operator.py
[2024-08-28T10:17:34.393+0200] {processor.py:743} INFO - Processing file /Users/roselina/opt/anaconda3/envs/python37/lib/python3.7/site-packages/airflow/example_dags/example_short_circuit_operator.py for tasks to queue
[2024-08-28T10:17:34.394+0200] {logging_mixin.py:137} INFO - [2024-08-28T10:17:34.393+0200] {dagbag.py:532} INFO - Filling up the DagBag from /Users/roselina/opt/anaconda3/envs/python37/lib/python3.7/site-packages/airflow/example_dags/example_short_circuit_operator.py
[2024-08-28T10:17:34.406+0200] {processor.py:753} INFO - DAG(s) dict_keys(['example_short_circuit_operator']) retrieved from /Users/roselina/opt/anaconda3/envs/python37/lib/python3.7/site-packages/airflow/example_dags/example_short_circuit_operator.py
[2024-08-28T10:17:34.419+0200] {logging_mixin.py:137} INFO - [2024-08-28T10:17:34.419+0200] {dag.py:2705} INFO - Sync 1 DAGs
[2024-08-28T10:17:34.431+0200] {logging_mixin.py:137} INFO - [2024-08-28T10:17:34.431+0200] {dag.py:3456} INFO - Setting next_dagrun for example_short_circuit_operator to 2024-08-27T08:17:34.431313+00:00, run_after=2024-08-28T08:17:34.431313+00:00
[2024-08-28T10:17:34.441+0200] {processor.py:175} INFO - Processing /Users/roselina/opt/anaconda3/envs/python37/lib/python3.7/site-packages/airflow/example_dags/example_short_circuit_operator.py took 0.052 seconds
[2024-08-28T10:43:57.946+0200] {processor.py:153} INFO - Started process (PID=75529) to work on /Users/roselina/opt/anaconda3/envs/python37/lib/python3.7/site-packages/airflow/example_dags/example_short_circuit_operator.py
[2024-08-28T10:43:57.948+0200] {processor.py:743} INFO - Processing file /Users/roselina/opt/anaconda3/envs/python37/lib/python3.7/site-packages/airflow/example_dags/example_short_circuit_operator.py for tasks to queue
[2024-08-28T10:43:57.949+0200] {logging_mixin.py:137} INFO - [2024-08-28T10:43:57.949+0200] {dagbag.py:532} INFO - Filling up the DagBag from /Users/roselina/opt/anaconda3/envs/python37/lib/python3.7/site-packages/airflow/example_dags/example_short_circuit_operator.py
[2024-08-28T10:43:57.963+0200] {processor.py:753} INFO - DAG(s) dict_keys(['example_short_circuit_operator']) retrieved from /Users/roselina/opt/anaconda3/envs/python37/lib/python3.7/site-packages/airflow/example_dags/example_short_circuit_operator.py
[2024-08-28T10:43:57.978+0200] {logging_mixin.py:137} INFO - [2024-08-28T10:43:57.978+0200] {dag.py:2705} INFO - Sync 1 DAGs
[2024-08-28T10:43:57.991+0200] {logging_mixin.py:137} INFO - [2024-08-28T10:43:57.990+0200] {dag.py:3456} INFO - Setting next_dagrun for example_short_circuit_operator to 2024-08-27T08:43:57.990671+00:00, run_after=2024-08-28T08:43:57.990671+00:00
[2024-08-28T10:43:58.001+0200] {processor.py:175} INFO - Processing /Users/roselina/opt/anaconda3/envs/python37/lib/python3.7/site-packages/airflow/example_dags/example_short_circuit_operator.py took 0.058 seconds
[2024-08-28T10:44:39.759+0200] {processor.py:153} INFO - Started process (PID=75581) to work on /Users/roselina/opt/anaconda3/envs/python37/lib/python3.7/site-packages/airflow/example_dags/example_short_circuit_operator.py
[2024-08-28T10:44:39.761+0200] {processor.py:743} INFO - Processing file /Users/roselina/opt/anaconda3/envs/python37/lib/python3.7/site-packages/airflow/example_dags/example_short_circuit_operator.py for tasks to queue
[2024-08-28T10:44:39.762+0200] {logging_mixin.py:137} INFO - [2024-08-28T10:44:39.762+0200] {dagbag.py:532} INFO - Filling up the DagBag from /Users/roselina/opt/anaconda3/envs/python37/lib/python3.7/site-packages/airflow/example_dags/example_short_circuit_operator.py
[2024-08-28T10:44:39.783+0200] {processor.py:753} INFO - DAG(s) dict_keys(['example_short_circuit_operator']) retrieved from /Users/roselina/opt/anaconda3/envs/python37/lib/python3.7/site-packages/airflow/example_dags/example_short_circuit_operator.py
[2024-08-28T10:44:39.800+0200] {logging_mixin.py:137} INFO - [2024-08-28T10:44:39.800+0200] {dag.py:2705} INFO - Sync 1 DAGs
[2024-08-28T10:44:39.813+0200] {logging_mixin.py:137} INFO - [2024-08-28T10:44:39.813+0200] {dag.py:3456} INFO - Setting next_dagrun for example_short_circuit_operator to 2024-08-27T08:44:39.813161+00:00, run_after=2024-08-28T08:44:39.813161+00:00
[2024-08-28T10:44:39.824+0200] {processor.py:175} INFO - Processing /Users/roselina/opt/anaconda3/envs/python37/lib/python3.7/site-packages/airflow/example_dags/example_short_circuit_operator.py took 0.069 seconds
[2024-08-28T10:45:22.594+0200] {processor.py:153} INFO - Started process (PID=75639) to work on /Users/roselina/opt/anaconda3/envs/python37/lib/python3.7/site-packages/airflow/example_dags/example_short_circuit_operator.py
[2024-08-28T10:45:22.595+0200] {processor.py:743} INFO - Processing file /Users/roselina/opt/anaconda3/envs/python37/lib/python3.7/site-packages/airflow/example_dags/example_short_circuit_operator.py for tasks to queue
[2024-08-28T10:45:22.597+0200] {logging_mixin.py:137} INFO - [2024-08-28T10:45:22.596+0200] {dagbag.py:532} INFO - Filling up the DagBag from /Users/roselina/opt/anaconda3/envs/python37/lib/python3.7/site-packages/airflow/example_dags/example_short_circuit_operator.py
[2024-08-28T10:45:22.617+0200] {processor.py:753} INFO - DAG(s) dict_keys(['example_short_circuit_operator']) retrieved from /Users/roselina/opt/anaconda3/envs/python37/lib/python3.7/site-packages/airflow/example_dags/example_short_circuit_operator.py
[2024-08-28T10:45:22.643+0200] {logging_mixin.py:137} INFO - [2024-08-28T10:45:22.642+0200] {dag.py:2705} INFO - Sync 1 DAGs
[2024-08-28T10:45:22.657+0200] {logging_mixin.py:137} INFO - [2024-08-28T10:45:22.656+0200] {dag.py:3456} INFO - Setting next_dagrun for example_short_circuit_operator to 2024-08-27T08:45:22.656756+00:00, run_after=2024-08-28T08:45:22.656756+00:00
[2024-08-28T10:45:22.668+0200] {processor.py:175} INFO - Processing /Users/roselina/opt/anaconda3/envs/python37/lib/python3.7/site-packages/airflow/example_dags/example_short_circuit_operator.py took 0.077 seconds
[2024-08-28T10:46:02.402+0200] {processor.py:153} INFO - Started process (PID=75685) to work on /Users/roselina/opt/anaconda3/envs/python37/lib/python3.7/site-packages/airflow/example_dags/example_short_circuit_operator.py
[2024-08-28T10:46:02.404+0200] {processor.py:743} INFO - Processing file /Users/roselina/opt/anaconda3/envs/python37/lib/python3.7/site-packages/airflow/example_dags/example_short_circuit_operator.py for tasks to queue
[2024-08-28T10:46:02.405+0200] {logging_mixin.py:137} INFO - [2024-08-28T10:46:02.405+0200] {dagbag.py:532} INFO - Filling up the DagBag from /Users/roselina/opt/anaconda3/envs/python37/lib/python3.7/site-packages/airflow/example_dags/example_short_circuit_operator.py
[2024-08-28T10:46:02.424+0200] {processor.py:753} INFO - DAG(s) dict_keys(['example_short_circuit_operator']) retrieved from /Users/roselina/opt/anaconda3/envs/python37/lib/python3.7/site-packages/airflow/example_dags/example_short_circuit_operator.py
[2024-08-28T10:46:02.441+0200] {logging_mixin.py:137} INFO - [2024-08-28T10:46:02.440+0200] {dag.py:2705} INFO - Sync 1 DAGs
[2024-08-28T10:46:02.453+0200] {logging_mixin.py:137} INFO - [2024-08-28T10:46:02.453+0200] {dag.py:3456} INFO - Setting next_dagrun for example_short_circuit_operator to 2024-08-27T08:46:02.453094+00:00, run_after=2024-08-28T08:46:02.453094+00:00
[2024-08-28T10:46:02.464+0200] {processor.py:175} INFO - Processing /Users/roselina/opt/anaconda3/envs/python37/lib/python3.7/site-packages/airflow/example_dags/example_short_circuit_operator.py took 0.066 seconds
[2024-08-28T10:46:44.709+0200] {processor.py:153} INFO - Started process (PID=75730) to work on /Users/roselina/opt/anaconda3/envs/python37/lib/python3.7/site-packages/airflow/example_dags/example_short_circuit_operator.py
[2024-08-28T10:46:44.711+0200] {processor.py:743} INFO - Processing file /Users/roselina/opt/anaconda3/envs/python37/lib/python3.7/site-packages/airflow/example_dags/example_short_circuit_operator.py for tasks to queue
[2024-08-28T10:46:44.713+0200] {logging_mixin.py:137} INFO - [2024-08-28T10:46:44.712+0200] {dagbag.py:532} INFO - Filling up the DagBag from /Users/roselina/opt/anaconda3/envs/python37/lib/python3.7/site-packages/airflow/example_dags/example_short_circuit_operator.py
[2024-08-28T10:46:44.734+0200] {processor.py:753} INFO - DAG(s) dict_keys(['example_short_circuit_operator']) retrieved from /Users/roselina/opt/anaconda3/envs/python37/lib/python3.7/site-packages/airflow/example_dags/example_short_circuit_operator.py
[2024-08-28T10:46:44.756+0200] {logging_mixin.py:137} INFO - [2024-08-28T10:46:44.755+0200] {dag.py:2705} INFO - Sync 1 DAGs
[2024-08-28T10:46:44.769+0200] {logging_mixin.py:137} INFO - [2024-08-28T10:46:44.769+0200] {dag.py:3456} INFO - Setting next_dagrun for example_short_circuit_operator to 2024-08-27T08:46:44.769458+00:00, run_after=2024-08-28T08:46:44.769458+00:00
[2024-08-28T10:46:44.779+0200] {processor.py:175} INFO - Processing /Users/roselina/opt/anaconda3/envs/python37/lib/python3.7/site-packages/airflow/example_dags/example_short_circuit_operator.py took 0.075 seconds
[2024-08-28T10:47:25.832+0200] {processor.py:153} INFO - Started process (PID=75787) to work on /Users/roselina/opt/anaconda3/envs/python37/lib/python3.7/site-packages/airflow/example_dags/example_short_circuit_operator.py
[2024-08-28T10:47:25.834+0200] {processor.py:743} INFO - Processing file /Users/roselina/opt/anaconda3/envs/python37/lib/python3.7/site-packages/airflow/example_dags/example_short_circuit_operator.py for tasks to queue
[2024-08-28T10:47:25.835+0200] {logging_mixin.py:137} INFO - [2024-08-28T10:47:25.835+0200] {dagbag.py:532} INFO - Filling up the DagBag from /Users/roselina/opt/anaconda3/envs/python37/lib/python3.7/site-packages/airflow/example_dags/example_short_circuit_operator.py
[2024-08-28T10:47:25.855+0200] {processor.py:753} INFO - DAG(s) dict_keys(['example_short_circuit_operator']) retrieved from /Users/roselina/opt/anaconda3/envs/python37/lib/python3.7/site-packages/airflow/example_dags/example_short_circuit_operator.py
[2024-08-28T10:47:25.874+0200] {logging_mixin.py:137} INFO - [2024-08-28T10:47:25.873+0200] {dag.py:2705} INFO - Sync 1 DAGs
[2024-08-28T10:47:25.886+0200] {logging_mixin.py:137} INFO - [2024-08-28T10:47:25.886+0200] {dag.py:3456} INFO - Setting next_dagrun for example_short_circuit_operator to 2024-08-27T08:47:25.885942+00:00, run_after=2024-08-28T08:47:25.885942+00:00
[2024-08-28T10:47:25.896+0200] {processor.py:175} INFO - Processing /Users/roselina/opt/anaconda3/envs/python37/lib/python3.7/site-packages/airflow/example_dags/example_short_circuit_operator.py took 0.068 seconds
[2024-08-28T10:48:07.272+0200] {processor.py:153} INFO - Started process (PID=75840) to work on /Users/roselina/opt/anaconda3/envs/python37/lib/python3.7/site-packages/airflow/example_dags/example_short_circuit_operator.py
[2024-08-28T10:48:07.274+0200] {processor.py:743} INFO - Processing file /Users/roselina/opt/anaconda3/envs/python37/lib/python3.7/site-packages/airflow/example_dags/example_short_circuit_operator.py for tasks to queue
[2024-08-28T10:48:07.276+0200] {logging_mixin.py:137} INFO - [2024-08-28T10:48:07.275+0200] {dagbag.py:532} INFO - Filling up the DagBag from /Users/roselina/opt/anaconda3/envs/python37/lib/python3.7/site-packages/airflow/example_dags/example_short_circuit_operator.py
[2024-08-28T10:48:07.298+0200] {processor.py:753} INFO - DAG(s) dict_keys(['example_short_circuit_operator']) retrieved from /Users/roselina/opt/anaconda3/envs/python37/lib/python3.7/site-packages/airflow/example_dags/example_short_circuit_operator.py
[2024-08-28T10:48:07.316+0200] {logging_mixin.py:137} INFO - [2024-08-28T10:48:07.315+0200] {dag.py:2705} INFO - Sync 1 DAGs
[2024-08-28T10:48:07.328+0200] {logging_mixin.py:137} INFO - [2024-08-28T10:48:07.328+0200] {dag.py:3456} INFO - Setting next_dagrun for example_short_circuit_operator to 2024-08-27T08:48:07.328038+00:00, run_after=2024-08-28T08:48:07.328038+00:00
[2024-08-28T10:48:07.339+0200] {processor.py:175} INFO - Processing /Users/roselina/opt/anaconda3/envs/python37/lib/python3.7/site-packages/airflow/example_dags/example_short_circuit_operator.py took 0.074 seconds
[2024-08-28T10:48:47.972+0200] {processor.py:153} INFO - Started process (PID=75901) to work on /Users/roselina/opt/anaconda3/envs/python37/lib/python3.7/site-packages/airflow/example_dags/example_short_circuit_operator.py
[2024-08-28T10:48:47.974+0200] {processor.py:743} INFO - Processing file /Users/roselina/opt/anaconda3/envs/python37/lib/python3.7/site-packages/airflow/example_dags/example_short_circuit_operator.py for tasks to queue
[2024-08-28T10:48:47.976+0200] {logging_mixin.py:137} INFO - [2024-08-28T10:48:47.975+0200] {dagbag.py:532} INFO - Filling up the DagBag from /Users/roselina/opt/anaconda3/envs/python37/lib/python3.7/site-packages/airflow/example_dags/example_short_circuit_operator.py
[2024-08-28T10:48:47.995+0200] {processor.py:753} INFO - DAG(s) dict_keys(['example_short_circuit_operator']) retrieved from /Users/roselina/opt/anaconda3/envs/python37/lib/python3.7/site-packages/airflow/example_dags/example_short_circuit_operator.py
[2024-08-28T10:48:48.011+0200] {logging_mixin.py:137} INFO - [2024-08-28T10:48:48.011+0200] {dag.py:2705} INFO - Sync 1 DAGs
[2024-08-28T10:48:48.023+0200] {logging_mixin.py:137} INFO - [2024-08-28T10:48:48.023+0200] {dag.py:3456} INFO - Setting next_dagrun for example_short_circuit_operator to 2024-08-27T08:48:48.023315+00:00, run_after=2024-08-28T08:48:48.023315+00:00
[2024-08-28T10:48:48.033+0200] {processor.py:175} INFO - Processing /Users/roselina/opt/anaconda3/envs/python37/lib/python3.7/site-packages/airflow/example_dags/example_short_circuit_operator.py took 0.065 seconds
[2024-08-28T10:49:30.102+0200] {processor.py:153} INFO - Started process (PID=75952) to work on /Users/roselina/opt/anaconda3/envs/python37/lib/python3.7/site-packages/airflow/example_dags/example_short_circuit_operator.py
[2024-08-28T10:49:30.104+0200] {processor.py:743} INFO - Processing file /Users/roselina/opt/anaconda3/envs/python37/lib/python3.7/site-packages/airflow/example_dags/example_short_circuit_operator.py for tasks to queue
[2024-08-28T10:49:30.106+0200] {logging_mixin.py:137} INFO - [2024-08-28T10:49:30.105+0200] {dagbag.py:532} INFO - Filling up the DagBag from /Users/roselina/opt/anaconda3/envs/python37/lib/python3.7/site-packages/airflow/example_dags/example_short_circuit_operator.py
[2024-08-28T10:49:30.125+0200] {processor.py:753} INFO - DAG(s) dict_keys(['example_short_circuit_operator']) retrieved from /Users/roselina/opt/anaconda3/envs/python37/lib/python3.7/site-packages/airflow/example_dags/example_short_circuit_operator.py
[2024-08-28T10:49:30.144+0200] {logging_mixin.py:137} INFO - [2024-08-28T10:49:30.143+0200] {dag.py:2705} INFO - Sync 1 DAGs
[2024-08-28T10:49:30.157+0200] {logging_mixin.py:137} INFO - [2024-08-28T10:49:30.157+0200] {dag.py:3456} INFO - Setting next_dagrun for example_short_circuit_operator to 2024-08-27T08:49:30.156826+00:00, run_after=2024-08-28T08:49:30.156826+00:00
[2024-08-28T10:49:30.168+0200] {processor.py:175} INFO - Processing /Users/roselina/opt/anaconda3/envs/python37/lib/python3.7/site-packages/airflow/example_dags/example_short_circuit_operator.py took 0.070 seconds
[2024-08-28T10:50:11.598+0200] {processor.py:153} INFO - Started process (PID=75998) to work on /Users/roselina/opt/anaconda3/envs/python37/lib/python3.7/site-packages/airflow/example_dags/example_short_circuit_operator.py
[2024-08-28T10:50:11.599+0200] {processor.py:743} INFO - Processing file /Users/roselina/opt/anaconda3/envs/python37/lib/python3.7/site-packages/airflow/example_dags/example_short_circuit_operator.py for tasks to queue
[2024-08-28T10:50:11.601+0200] {logging_mixin.py:137} INFO - [2024-08-28T10:50:11.600+0200] {dagbag.py:532} INFO - Filling up the DagBag from /Users/roselina/opt/anaconda3/envs/python37/lib/python3.7/site-packages/airflow/example_dags/example_short_circuit_operator.py
[2024-08-28T10:50:11.620+0200] {processor.py:753} INFO - DAG(s) dict_keys(['example_short_circuit_operator']) retrieved from /Users/roselina/opt/anaconda3/envs/python37/lib/python3.7/site-packages/airflow/example_dags/example_short_circuit_operator.py
[2024-08-28T10:50:11.637+0200] {logging_mixin.py:137} INFO - [2024-08-28T10:50:11.637+0200] {dag.py:2705} INFO - Sync 1 DAGs
[2024-08-28T10:50:11.650+0200] {logging_mixin.py:137} INFO - [2024-08-28T10:50:11.650+0200] {dag.py:3456} INFO - Setting next_dagrun for example_short_circuit_operator to 2024-08-27T08:50:11.650066+00:00, run_after=2024-08-28T08:50:11.650066+00:00
[2024-08-28T10:50:11.660+0200] {processor.py:175} INFO - Processing /Users/roselina/opt/anaconda3/envs/python37/lib/python3.7/site-packages/airflow/example_dags/example_short_circuit_operator.py took 0.067 seconds
[2024-08-28T10:50:51.717+0200] {processor.py:153} INFO - Started process (PID=76043) to work on /Users/roselina/opt/anaconda3/envs/python37/lib/python3.7/site-packages/airflow/example_dags/example_short_circuit_operator.py
[2024-08-28T10:50:51.721+0200] {processor.py:743} INFO - Processing file /Users/roselina/opt/anaconda3/envs/python37/lib/python3.7/site-packages/airflow/example_dags/example_short_circuit_operator.py for tasks to queue
[2024-08-28T10:50:51.723+0200] {logging_mixin.py:137} INFO - [2024-08-28T10:50:51.722+0200] {dagbag.py:532} INFO - Filling up the DagBag from /Users/roselina/opt/anaconda3/envs/python37/lib/python3.7/site-packages/airflow/example_dags/example_short_circuit_operator.py
[2024-08-28T10:50:51.746+0200] {processor.py:753} INFO - DAG(s) dict_keys(['example_short_circuit_operator']) retrieved from /Users/roselina/opt/anaconda3/envs/python37/lib/python3.7/site-packages/airflow/example_dags/example_short_circuit_operator.py
[2024-08-28T10:50:51.760+0200] {logging_mixin.py:137} INFO - [2024-08-28T10:50:51.760+0200] {dag.py:2705} INFO - Sync 1 DAGs
[2024-08-28T10:50:51.777+0200] {logging_mixin.py:137} INFO - [2024-08-28T10:50:51.776+0200] {dag.py:3456} INFO - Setting next_dagrun for example_short_circuit_operator to 2024-08-27T08:50:51.776739+00:00, run_after=2024-08-28T08:50:51.776739+00:00
[2024-08-28T10:50:51.786+0200] {processor.py:175} INFO - Processing /Users/roselina/opt/anaconda3/envs/python37/lib/python3.7/site-packages/airflow/example_dags/example_short_circuit_operator.py took 0.073 seconds
[2024-08-28T10:51:34.557+0200] {processor.py:153} INFO - Started process (PID=76104) to work on /Users/roselina/opt/anaconda3/envs/python37/lib/python3.7/site-packages/airflow/example_dags/example_short_circuit_operator.py
[2024-08-28T10:51:34.559+0200] {processor.py:743} INFO - Processing file /Users/roselina/opt/anaconda3/envs/python37/lib/python3.7/site-packages/airflow/example_dags/example_short_circuit_operator.py for tasks to queue
[2024-08-28T10:51:34.560+0200] {logging_mixin.py:137} INFO - [2024-08-28T10:51:34.560+0200] {dagbag.py:532} INFO - Filling up the DagBag from /Users/roselina/opt/anaconda3/envs/python37/lib/python3.7/site-packages/airflow/example_dags/example_short_circuit_operator.py
[2024-08-28T10:51:34.579+0200] {processor.py:753} INFO - DAG(s) dict_keys(['example_short_circuit_operator']) retrieved from /Users/roselina/opt/anaconda3/envs/python37/lib/python3.7/site-packages/airflow/example_dags/example_short_circuit_operator.py
[2024-08-28T10:51:34.595+0200] {logging_mixin.py:137} INFO - [2024-08-28T10:51:34.595+0200] {dag.py:2705} INFO - Sync 1 DAGs
[2024-08-28T10:51:34.610+0200] {logging_mixin.py:137} INFO - [2024-08-28T10:51:34.610+0200] {dag.py:3456} INFO - Setting next_dagrun for example_short_circuit_operator to 2024-08-27T08:51:34.609816+00:00, run_after=2024-08-28T08:51:34.609816+00:00
[2024-08-28T10:51:34.620+0200] {processor.py:175} INFO - Processing /Users/roselina/opt/anaconda3/envs/python37/lib/python3.7/site-packages/airflow/example_dags/example_short_circuit_operator.py took 0.067 seconds
[2024-08-28T10:52:14.073+0200] {processor.py:153} INFO - Started process (PID=76158) to work on /Users/roselina/opt/anaconda3/envs/python37/lib/python3.7/site-packages/airflow/example_dags/example_short_circuit_operator.py
[2024-08-28T10:52:14.074+0200] {processor.py:743} INFO - Processing file /Users/roselina/opt/anaconda3/envs/python37/lib/python3.7/site-packages/airflow/example_dags/example_short_circuit_operator.py for tasks to queue
[2024-08-28T10:52:14.074+0200] {logging_mixin.py:137} INFO - [2024-08-28T10:52:14.074+0200] {dagbag.py:532} INFO - Filling up the DagBag from /Users/roselina/opt/anaconda3/envs/python37/lib/python3.7/site-packages/airflow/example_dags/example_short_circuit_operator.py
[2024-08-28T10:52:14.086+0200] {processor.py:753} INFO - DAG(s) dict_keys(['example_short_circuit_operator']) retrieved from /Users/roselina/opt/anaconda3/envs/python37/lib/python3.7/site-packages/airflow/example_dags/example_short_circuit_operator.py
[2024-08-28T10:52:14.098+0200] {logging_mixin.py:137} INFO - [2024-08-28T10:52:14.098+0200] {dag.py:2705} INFO - Sync 1 DAGs
[2024-08-28T10:52:14.110+0200] {logging_mixin.py:137} INFO - [2024-08-28T10:52:14.110+0200] {dag.py:3456} INFO - Setting next_dagrun for example_short_circuit_operator to 2024-08-27T08:52:14.110365+00:00, run_after=2024-08-28T08:52:14.110365+00:00
[2024-08-28T10:52:14.123+0200] {processor.py:175} INFO - Processing /Users/roselina/opt/anaconda3/envs/python37/lib/python3.7/site-packages/airflow/example_dags/example_short_circuit_operator.py took 0.053 seconds
[2024-08-28T10:52:57.006+0200] {processor.py:153} INFO - Started process (PID=76204) to work on /Users/roselina/opt/anaconda3/envs/python37/lib/python3.7/site-packages/airflow/example_dags/example_short_circuit_operator.py
[2024-08-28T10:52:57.008+0200] {processor.py:743} INFO - Processing file /Users/roselina/opt/anaconda3/envs/python37/lib/python3.7/site-packages/airflow/example_dags/example_short_circuit_operator.py for tasks to queue
[2024-08-28T10:52:57.011+0200] {logging_mixin.py:137} INFO - [2024-08-28T10:52:57.010+0200] {dagbag.py:532} INFO - Filling up the DagBag from /Users/roselina/opt/anaconda3/envs/python37/lib/python3.7/site-packages/airflow/example_dags/example_short_circuit_operator.py
[2024-08-28T10:52:57.034+0200] {processor.py:753} INFO - DAG(s) dict_keys(['example_short_circuit_operator']) retrieved from /Users/roselina/opt/anaconda3/envs/python37/lib/python3.7/site-packages/airflow/example_dags/example_short_circuit_operator.py
[2024-08-28T10:52:57.066+0200] {logging_mixin.py:137} INFO - [2024-08-28T10:52:57.065+0200] {dag.py:2705} INFO - Sync 1 DAGs
[2024-08-28T10:52:57.082+0200] {logging_mixin.py:137} INFO - [2024-08-28T10:52:57.082+0200] {dag.py:3456} INFO - Setting next_dagrun for example_short_circuit_operator to 2024-08-27T08:52:57.082216+00:00, run_after=2024-08-28T08:52:57.082216+00:00
[2024-08-28T10:52:57.095+0200] {processor.py:175} INFO - Processing /Users/roselina/opt/anaconda3/envs/python37/lib/python3.7/site-packages/airflow/example_dags/example_short_circuit_operator.py took 0.094 seconds
