[2024-08-28T10:11:40.237+0200] {processor.py:153} INFO - Started process (PID=74956) to work on /Users/roselina/opt/anaconda3/envs/python37/lib/python3.7/site-packages/airflow/example_dags/example_branch_operator_decorator.py
[2024-08-28T10:11:40.240+0200] {processor.py:743} INFO - Processing file /Users/roselina/opt/anaconda3/envs/python37/lib/python3.7/site-packages/airflow/example_dags/example_branch_operator_decorator.py for tasks to queue
[2024-08-28T10:11:40.241+0200] {logging_mixin.py:137} INFO - [2024-08-28T10:11:40.241+0200] {dagbag.py:532} INFO - Filling up the DagBag from /Users/roselina/opt/anaconda3/envs/python37/lib/python3.7/site-packages/airflow/example_dags/example_branch_operator_decorator.py
[2024-08-28T10:11:40.267+0200] {processor.py:753} INFO - DAG(s) dict_keys(['example_branch_python_operator_decorator']) retrieved from /Users/roselina/opt/anaconda3/envs/python37/lib/python3.7/site-packages/airflow/example_dags/example_branch_operator_decorator.py
[2024-08-28T10:11:40.328+0200] {logging_mixin.py:137} INFO - [2024-08-28T10:11:40.328+0200] {manager.py:504} INFO - Created Permission View: can read on DAG:example_branch_python_operator_decorator
[2024-08-28T10:11:40.333+0200] {logging_mixin.py:137} INFO - [2024-08-28T10:11:40.332+0200] {manager.py:504} INFO - Created Permission View: can delete on DAG:example_branch_python_operator_decorator
[2024-08-28T10:11:40.336+0200] {logging_mixin.py:137} INFO - [2024-08-28T10:11:40.336+0200] {manager.py:504} INFO - Created Permission View: can edit on DAG:example_branch_python_operator_decorator
[2024-08-28T10:11:40.336+0200] {logging_mixin.py:137} INFO - [2024-08-28T10:11:40.336+0200] {dag.py:2705} INFO - Sync 1 DAGs
[2024-08-28T10:11:40.343+0200] {logging_mixin.py:137} INFO - [2024-08-28T10:11:40.343+0200] {dag.py:2726} INFO - Creating ORM DAG for example_branch_python_operator_decorator
[2024-08-28T10:11:40.349+0200] {logging_mixin.py:137} INFO - [2024-08-28T10:11:40.349+0200] {dag.py:3456} INFO - Setting next_dagrun for example_branch_python_operator_decorator to 2024-08-27T00:00:00+00:00, run_after=2024-08-28T00:00:00+00:00
[2024-08-28T10:11:40.360+0200] {processor.py:175} INFO - Processing /Users/roselina/opt/anaconda3/envs/python37/lib/python3.7/site-packages/airflow/example_dags/example_branch_operator_decorator.py took 0.128 seconds
[2024-08-28T10:12:21.531+0200] {processor.py:153} INFO - Started process (PID=75018) to work on /Users/roselina/opt/anaconda3/envs/python37/lib/python3.7/site-packages/airflow/example_dags/example_branch_operator_decorator.py
[2024-08-28T10:12:21.532+0200] {processor.py:743} INFO - Processing file /Users/roselina/opt/anaconda3/envs/python37/lib/python3.7/site-packages/airflow/example_dags/example_branch_operator_decorator.py for tasks to queue
[2024-08-28T10:12:21.534+0200] {logging_mixin.py:137} INFO - [2024-08-28T10:12:21.533+0200] {dagbag.py:532} INFO - Filling up the DagBag from /Users/roselina/opt/anaconda3/envs/python37/lib/python3.7/site-packages/airflow/example_dags/example_branch_operator_decorator.py
[2024-08-28T10:12:21.559+0200] {processor.py:753} INFO - DAG(s) dict_keys(['example_branch_python_operator_decorator']) retrieved from /Users/roselina/opt/anaconda3/envs/python37/lib/python3.7/site-packages/airflow/example_dags/example_branch_operator_decorator.py
[2024-08-28T10:12:21.577+0200] {logging_mixin.py:137} INFO - [2024-08-28T10:12:21.576+0200] {dag.py:2705} INFO - Sync 1 DAGs
[2024-08-28T10:12:21.590+0200] {logging_mixin.py:137} INFO - [2024-08-28T10:12:21.590+0200] {dag.py:3456} INFO - Setting next_dagrun for example_branch_python_operator_decorator to 2024-08-27T00:00:00+00:00, run_after=2024-08-28T00:00:00+00:00
[2024-08-28T10:12:21.600+0200] {processor.py:175} INFO - Processing /Users/roselina/opt/anaconda3/envs/python37/lib/python3.7/site-packages/airflow/example_dags/example_branch_operator_decorator.py took 0.073 seconds
[2024-08-28T10:13:03.350+0200] {processor.py:153} INFO - Started process (PID=75093) to work on /Users/roselina/opt/anaconda3/envs/python37/lib/python3.7/site-packages/airflow/example_dags/example_branch_operator_decorator.py
[2024-08-28T10:13:03.352+0200] {processor.py:743} INFO - Processing file /Users/roselina/opt/anaconda3/envs/python37/lib/python3.7/site-packages/airflow/example_dags/example_branch_operator_decorator.py for tasks to queue
[2024-08-28T10:13:03.354+0200] {logging_mixin.py:137} INFO - [2024-08-28T10:13:03.353+0200] {dagbag.py:532} INFO - Filling up the DagBag from /Users/roselina/opt/anaconda3/envs/python37/lib/python3.7/site-packages/airflow/example_dags/example_branch_operator_decorator.py
[2024-08-28T10:13:03.381+0200] {processor.py:753} INFO - DAG(s) dict_keys(['example_branch_python_operator_decorator']) retrieved from /Users/roselina/opt/anaconda3/envs/python37/lib/python3.7/site-packages/airflow/example_dags/example_branch_operator_decorator.py
[2024-08-28T10:13:03.396+0200] {logging_mixin.py:137} INFO - [2024-08-28T10:13:03.396+0200] {dag.py:2705} INFO - Sync 1 DAGs
[2024-08-28T10:13:03.409+0200] {logging_mixin.py:137} INFO - [2024-08-28T10:13:03.409+0200] {dag.py:3456} INFO - Setting next_dagrun for example_branch_python_operator_decorator to 2024-08-27T00:00:00+00:00, run_after=2024-08-28T00:00:00+00:00
[2024-08-28T10:13:03.422+0200] {processor.py:175} INFO - Processing /Users/roselina/opt/anaconda3/envs/python37/lib/python3.7/site-packages/airflow/example_dags/example_branch_operator_decorator.py took 0.076 seconds
[2024-08-28T10:13:45.215+0200] {processor.py:153} INFO - Started process (PID=75144) to work on /Users/roselina/opt/anaconda3/envs/python37/lib/python3.7/site-packages/airflow/example_dags/example_branch_operator_decorator.py
[2024-08-28T10:13:45.216+0200] {processor.py:743} INFO - Processing file /Users/roselina/opt/anaconda3/envs/python37/lib/python3.7/site-packages/airflow/example_dags/example_branch_operator_decorator.py for tasks to queue
[2024-08-28T10:13:45.217+0200] {logging_mixin.py:137} INFO - [2024-08-28T10:13:45.217+0200] {dagbag.py:532} INFO - Filling up the DagBag from /Users/roselina/opt/anaconda3/envs/python37/lib/python3.7/site-packages/airflow/example_dags/example_branch_operator_decorator.py
[2024-08-28T10:13:45.236+0200] {processor.py:753} INFO - DAG(s) dict_keys(['example_branch_python_operator_decorator']) retrieved from /Users/roselina/opt/anaconda3/envs/python37/lib/python3.7/site-packages/airflow/example_dags/example_branch_operator_decorator.py
[2024-08-28T10:13:45.255+0200] {logging_mixin.py:137} INFO - [2024-08-28T10:13:45.255+0200] {dag.py:2705} INFO - Sync 1 DAGs
[2024-08-28T10:13:45.273+0200] {logging_mixin.py:137} INFO - [2024-08-28T10:13:45.273+0200] {dag.py:3456} INFO - Setting next_dagrun for example_branch_python_operator_decorator to 2024-08-27T00:00:00+00:00, run_after=2024-08-28T00:00:00+00:00
[2024-08-28T10:13:45.303+0200] {processor.py:175} INFO - Processing /Users/roselina/opt/anaconda3/envs/python37/lib/python3.7/site-packages/airflow/example_dags/example_branch_operator_decorator.py took 0.091 seconds
[2024-08-28T10:14:28.306+0200] {processor.py:153} INFO - Started process (PID=75217) to work on /Users/roselina/opt/anaconda3/envs/python37/lib/python3.7/site-packages/airflow/example_dags/example_branch_operator_decorator.py
[2024-08-28T10:14:28.308+0200] {processor.py:743} INFO - Processing file /Users/roselina/opt/anaconda3/envs/python37/lib/python3.7/site-packages/airflow/example_dags/example_branch_operator_decorator.py for tasks to queue
[2024-08-28T10:14:28.309+0200] {logging_mixin.py:137} INFO - [2024-08-28T10:14:28.309+0200] {dagbag.py:532} INFO - Filling up the DagBag from /Users/roselina/opt/anaconda3/envs/python37/lib/python3.7/site-packages/airflow/example_dags/example_branch_operator_decorator.py
[2024-08-28T10:14:28.335+0200] {processor.py:753} INFO - DAG(s) dict_keys(['example_branch_python_operator_decorator']) retrieved from /Users/roselina/opt/anaconda3/envs/python37/lib/python3.7/site-packages/airflow/example_dags/example_branch_operator_decorator.py
[2024-08-28T10:14:28.350+0200] {logging_mixin.py:137} INFO - [2024-08-28T10:14:28.350+0200] {dag.py:2705} INFO - Sync 1 DAGs
[2024-08-28T10:14:28.363+0200] {logging_mixin.py:137} INFO - [2024-08-28T10:14:28.363+0200] {dag.py:3456} INFO - Setting next_dagrun for example_branch_python_operator_decorator to 2024-08-27T00:00:00+00:00, run_after=2024-08-28T00:00:00+00:00
[2024-08-28T10:14:28.374+0200] {processor.py:175} INFO - Processing /Users/roselina/opt/anaconda3/envs/python37/lib/python3.7/site-packages/airflow/example_dags/example_branch_operator_decorator.py took 0.072 seconds
[2024-08-28T10:15:09.748+0200] {processor.py:153} INFO - Started process (PID=75263) to work on /Users/roselina/opt/anaconda3/envs/python37/lib/python3.7/site-packages/airflow/example_dags/example_branch_operator_decorator.py
[2024-08-28T10:15:09.750+0200] {processor.py:743} INFO - Processing file /Users/roselina/opt/anaconda3/envs/python37/lib/python3.7/site-packages/airflow/example_dags/example_branch_operator_decorator.py for tasks to queue
[2024-08-28T10:15:09.751+0200] {logging_mixin.py:137} INFO - [2024-08-28T10:15:09.751+0200] {dagbag.py:532} INFO - Filling up the DagBag from /Users/roselina/opt/anaconda3/envs/python37/lib/python3.7/site-packages/airflow/example_dags/example_branch_operator_decorator.py
[2024-08-28T10:15:09.780+0200] {processor.py:753} INFO - DAG(s) dict_keys(['example_branch_python_operator_decorator']) retrieved from /Users/roselina/opt/anaconda3/envs/python37/lib/python3.7/site-packages/airflow/example_dags/example_branch_operator_decorator.py
[2024-08-28T10:15:09.796+0200] {logging_mixin.py:137} INFO - [2024-08-28T10:15:09.795+0200] {dag.py:2705} INFO - Sync 1 DAGs
[2024-08-28T10:15:09.808+0200] {logging_mixin.py:137} INFO - [2024-08-28T10:15:09.808+0200] {dag.py:3456} INFO - Setting next_dagrun for example_branch_python_operator_decorator to 2024-08-27T00:00:00+00:00, run_after=2024-08-28T00:00:00+00:00
[2024-08-28T10:15:09.818+0200] {processor.py:175} INFO - Processing /Users/roselina/opt/anaconda3/envs/python37/lib/python3.7/site-packages/airflow/example_dags/example_branch_operator_decorator.py took 0.074 seconds
[2024-08-28T10:15:50.876+0200] {processor.py:153} INFO - Started process (PID=75308) to work on /Users/roselina/opt/anaconda3/envs/python37/lib/python3.7/site-packages/airflow/example_dags/example_branch_operator_decorator.py
[2024-08-28T10:15:50.877+0200] {processor.py:743} INFO - Processing file /Users/roselina/opt/anaconda3/envs/python37/lib/python3.7/site-packages/airflow/example_dags/example_branch_operator_decorator.py for tasks to queue
[2024-08-28T10:15:50.879+0200] {logging_mixin.py:137} INFO - [2024-08-28T10:15:50.878+0200] {dagbag.py:532} INFO - Filling up the DagBag from /Users/roselina/opt/anaconda3/envs/python37/lib/python3.7/site-packages/airflow/example_dags/example_branch_operator_decorator.py
[2024-08-28T10:15:50.906+0200] {processor.py:753} INFO - DAG(s) dict_keys(['example_branch_python_operator_decorator']) retrieved from /Users/roselina/opt/anaconda3/envs/python37/lib/python3.7/site-packages/airflow/example_dags/example_branch_operator_decorator.py
[2024-08-28T10:15:50.921+0200] {logging_mixin.py:137} INFO - [2024-08-28T10:15:50.921+0200] {dag.py:2705} INFO - Sync 1 DAGs
[2024-08-28T10:15:50.934+0200] {logging_mixin.py:137} INFO - [2024-08-28T10:15:50.934+0200] {dag.py:3456} INFO - Setting next_dagrun for example_branch_python_operator_decorator to 2024-08-27T00:00:00+00:00, run_after=2024-08-28T00:00:00+00:00
[2024-08-28T10:15:50.944+0200] {processor.py:175} INFO - Processing /Users/roselina/opt/anaconda3/envs/python37/lib/python3.7/site-packages/airflow/example_dags/example_branch_operator_decorator.py took 0.073 seconds
[2024-08-28T10:16:30.652+0200] {processor.py:153} INFO - Started process (PID=75352) to work on /Users/roselina/opt/anaconda3/envs/python37/lib/python3.7/site-packages/airflow/example_dags/example_branch_operator_decorator.py
[2024-08-28T10:16:30.654+0200] {processor.py:743} INFO - Processing file /Users/roselina/opt/anaconda3/envs/python37/lib/python3.7/site-packages/airflow/example_dags/example_branch_operator_decorator.py for tasks to queue
[2024-08-28T10:16:30.656+0200] {logging_mixin.py:137} INFO - [2024-08-28T10:16:30.655+0200] {dagbag.py:532} INFO - Filling up the DagBag from /Users/roselina/opt/anaconda3/envs/python37/lib/python3.7/site-packages/airflow/example_dags/example_branch_operator_decorator.py
[2024-08-28T10:16:30.684+0200] {processor.py:753} INFO - DAG(s) dict_keys(['example_branch_python_operator_decorator']) retrieved from /Users/roselina/opt/anaconda3/envs/python37/lib/python3.7/site-packages/airflow/example_dags/example_branch_operator_decorator.py
[2024-08-28T10:16:30.699+0200] {logging_mixin.py:137} INFO - [2024-08-28T10:16:30.698+0200] {dag.py:2705} INFO - Sync 1 DAGs
[2024-08-28T10:16:30.711+0200] {logging_mixin.py:137} INFO - [2024-08-28T10:16:30.711+0200] {dag.py:3456} INFO - Setting next_dagrun for example_branch_python_operator_decorator to 2024-08-27T00:00:00+00:00, run_after=2024-08-28T00:00:00+00:00
[2024-08-28T10:16:30.722+0200] {processor.py:175} INFO - Processing /Users/roselina/opt/anaconda3/envs/python37/lib/python3.7/site-packages/airflow/example_dags/example_branch_operator_decorator.py took 0.074 seconds
[2024-08-28T10:17:12.371+0200] {processor.py:153} INFO - Started process (PID=75398) to work on /Users/roselina/opt/anaconda3/envs/python37/lib/python3.7/site-packages/airflow/example_dags/example_branch_operator_decorator.py
[2024-08-28T10:17:12.373+0200] {processor.py:743} INFO - Processing file /Users/roselina/opt/anaconda3/envs/python37/lib/python3.7/site-packages/airflow/example_dags/example_branch_operator_decorator.py for tasks to queue
[2024-08-28T10:17:12.375+0200] {logging_mixin.py:137} INFO - [2024-08-28T10:17:12.374+0200] {dagbag.py:532} INFO - Filling up the DagBag from /Users/roselina/opt/anaconda3/envs/python37/lib/python3.7/site-packages/airflow/example_dags/example_branch_operator_decorator.py
[2024-08-28T10:17:12.401+0200] {processor.py:753} INFO - DAG(s) dict_keys(['example_branch_python_operator_decorator']) retrieved from /Users/roselina/opt/anaconda3/envs/python37/lib/python3.7/site-packages/airflow/example_dags/example_branch_operator_decorator.py
[2024-08-28T10:17:12.415+0200] {logging_mixin.py:137} INFO - [2024-08-28T10:17:12.415+0200] {dag.py:2705} INFO - Sync 1 DAGs
[2024-08-28T10:17:12.428+0200] {logging_mixin.py:137} INFO - [2024-08-28T10:17:12.428+0200] {dag.py:3456} INFO - Setting next_dagrun for example_branch_python_operator_decorator to 2024-08-27T00:00:00+00:00, run_after=2024-08-28T00:00:00+00:00
[2024-08-28T10:17:12.437+0200] {processor.py:175} INFO - Processing /Users/roselina/opt/anaconda3/envs/python37/lib/python3.7/site-packages/airflow/example_dags/example_branch_operator_decorator.py took 0.071 seconds
[2024-08-28T10:17:53.193+0200] {processor.py:153} INFO - Started process (PID=75460) to work on /Users/roselina/opt/anaconda3/envs/python37/lib/python3.7/site-packages/airflow/example_dags/example_branch_operator_decorator.py
[2024-08-28T10:17:53.198+0200] {processor.py:743} INFO - Processing file /Users/roselina/opt/anaconda3/envs/python37/lib/python3.7/site-packages/airflow/example_dags/example_branch_operator_decorator.py for tasks to queue
[2024-08-28T10:17:53.199+0200] {logging_mixin.py:137} INFO - [2024-08-28T10:17:53.199+0200] {dagbag.py:532} INFO - Filling up the DagBag from /Users/roselina/opt/anaconda3/envs/python37/lib/python3.7/site-packages/airflow/example_dags/example_branch_operator_decorator.py
[2024-08-28T10:17:53.234+0200] {processor.py:753} INFO - DAG(s) dict_keys(['example_branch_python_operator_decorator']) retrieved from /Users/roselina/opt/anaconda3/envs/python37/lib/python3.7/site-packages/airflow/example_dags/example_branch_operator_decorator.py
[2024-08-28T10:17:53.250+0200] {logging_mixin.py:137} INFO - [2024-08-28T10:17:53.250+0200] {dag.py:2705} INFO - Sync 1 DAGs
[2024-08-28T10:17:53.265+0200] {logging_mixin.py:137} INFO - [2024-08-28T10:17:53.265+0200] {dag.py:3456} INFO - Setting next_dagrun for example_branch_python_operator_decorator to 2024-08-27T00:00:00+00:00, run_after=2024-08-28T00:00:00+00:00
[2024-08-28T10:17:53.277+0200] {processor.py:175} INFO - Processing /Users/roselina/opt/anaconda3/envs/python37/lib/python3.7/site-packages/airflow/example_dags/example_branch_operator_decorator.py took 0.087 seconds
[2024-08-28T10:44:16.265+0200] {processor.py:153} INFO - Started process (PID=75551) to work on /Users/roselina/opt/anaconda3/envs/python37/lib/python3.7/site-packages/airflow/example_dags/example_branch_operator_decorator.py
[2024-08-28T10:44:16.267+0200] {processor.py:743} INFO - Processing file /Users/roselina/opt/anaconda3/envs/python37/lib/python3.7/site-packages/airflow/example_dags/example_branch_operator_decorator.py for tasks to queue
[2024-08-28T10:44:16.268+0200] {logging_mixin.py:137} INFO - [2024-08-28T10:44:16.268+0200] {dagbag.py:532} INFO - Filling up the DagBag from /Users/roselina/opt/anaconda3/envs/python37/lib/python3.7/site-packages/airflow/example_dags/example_branch_operator_decorator.py
[2024-08-28T10:44:16.292+0200] {processor.py:753} INFO - DAG(s) dict_keys(['example_branch_python_operator_decorator']) retrieved from /Users/roselina/opt/anaconda3/envs/python37/lib/python3.7/site-packages/airflow/example_dags/example_branch_operator_decorator.py
[2024-08-28T10:44:16.328+0200] {logging_mixin.py:137} INFO - [2024-08-28T10:44:16.328+0200] {dag.py:2705} INFO - Sync 1 DAGs
[2024-08-28T10:44:16.342+0200] {logging_mixin.py:137} INFO - [2024-08-28T10:44:16.341+0200] {dag.py:3456} INFO - Setting next_dagrun for example_branch_python_operator_decorator to 2024-08-27T00:00:00+00:00, run_after=2024-08-28T00:00:00+00:00
[2024-08-28T10:44:16.353+0200] {processor.py:175} INFO - Processing /Users/roselina/opt/anaconda3/envs/python37/lib/python3.7/site-packages/airflow/example_dags/example_branch_operator_decorator.py took 0.092 seconds
[2024-08-28T10:44:58.777+0200] {processor.py:153} INFO - Started process (PID=75613) to work on /Users/roselina/opt/anaconda3/envs/python37/lib/python3.7/site-packages/airflow/example_dags/example_branch_operator_decorator.py
[2024-08-28T10:44:58.778+0200] {processor.py:743} INFO - Processing file /Users/roselina/opt/anaconda3/envs/python37/lib/python3.7/site-packages/airflow/example_dags/example_branch_operator_decorator.py for tasks to queue
[2024-08-28T10:44:58.778+0200] {logging_mixin.py:137} INFO - [2024-08-28T10:44:58.778+0200] {dagbag.py:532} INFO - Filling up the DagBag from /Users/roselina/opt/anaconda3/envs/python37/lib/python3.7/site-packages/airflow/example_dags/example_branch_operator_decorator.py
[2024-08-28T10:44:58.801+0200] {processor.py:753} INFO - DAG(s) dict_keys(['example_branch_python_operator_decorator']) retrieved from /Users/roselina/opt/anaconda3/envs/python37/lib/python3.7/site-packages/airflow/example_dags/example_branch_operator_decorator.py
[2024-08-28T10:44:58.820+0200] {logging_mixin.py:137} INFO - [2024-08-28T10:44:58.820+0200] {dag.py:2705} INFO - Sync 1 DAGs
[2024-08-28T10:44:58.834+0200] {logging_mixin.py:137} INFO - [2024-08-28T10:44:58.834+0200] {dag.py:3456} INFO - Setting next_dagrun for example_branch_python_operator_decorator to 2024-08-27T00:00:00+00:00, run_after=2024-08-28T00:00:00+00:00
[2024-08-28T10:44:58.846+0200] {processor.py:175} INFO - Processing /Users/roselina/opt/anaconda3/envs/python37/lib/python3.7/site-packages/airflow/example_dags/example_branch_operator_decorator.py took 0.071 seconds
[2024-08-28T10:45:39.560+0200] {processor.py:153} INFO - Started process (PID=75659) to work on /Users/roselina/opt/anaconda3/envs/python37/lib/python3.7/site-packages/airflow/example_dags/example_branch_operator_decorator.py
[2024-08-28T10:45:39.562+0200] {processor.py:743} INFO - Processing file /Users/roselina/opt/anaconda3/envs/python37/lib/python3.7/site-packages/airflow/example_dags/example_branch_operator_decorator.py for tasks to queue
[2024-08-28T10:45:39.563+0200] {logging_mixin.py:137} INFO - [2024-08-28T10:45:39.563+0200] {dagbag.py:532} INFO - Filling up the DagBag from /Users/roselina/opt/anaconda3/envs/python37/lib/python3.7/site-packages/airflow/example_dags/example_branch_operator_decorator.py
[2024-08-28T10:45:39.591+0200] {processor.py:753} INFO - DAG(s) dict_keys(['example_branch_python_operator_decorator']) retrieved from /Users/roselina/opt/anaconda3/envs/python37/lib/python3.7/site-packages/airflow/example_dags/example_branch_operator_decorator.py
[2024-08-28T10:45:39.605+0200] {logging_mixin.py:137} INFO - [2024-08-28T10:45:39.605+0200] {dag.py:2705} INFO - Sync 1 DAGs
[2024-08-28T10:45:39.617+0200] {logging_mixin.py:137} INFO - [2024-08-28T10:45:39.617+0200] {dag.py:3456} INFO - Setting next_dagrun for example_branch_python_operator_decorator to 2024-08-27T00:00:00+00:00, run_after=2024-08-28T00:00:00+00:00
[2024-08-28T10:45:39.629+0200] {processor.py:175} INFO - Processing /Users/roselina/opt/anaconda3/envs/python37/lib/python3.7/site-packages/airflow/example_dags/example_branch_operator_decorator.py took 0.073 seconds
[2024-08-28T10:46:20.579+0200] {processor.py:153} INFO - Started process (PID=75705) to work on /Users/roselina/opt/anaconda3/envs/python37/lib/python3.7/site-packages/airflow/example_dags/example_branch_operator_decorator.py
[2024-08-28T10:46:20.582+0200] {processor.py:743} INFO - Processing file /Users/roselina/opt/anaconda3/envs/python37/lib/python3.7/site-packages/airflow/example_dags/example_branch_operator_decorator.py for tasks to queue
[2024-08-28T10:46:20.583+0200] {logging_mixin.py:137} INFO - [2024-08-28T10:46:20.583+0200] {dagbag.py:532} INFO - Filling up the DagBag from /Users/roselina/opt/anaconda3/envs/python37/lib/python3.7/site-packages/airflow/example_dags/example_branch_operator_decorator.py
[2024-08-28T10:46:20.613+0200] {processor.py:753} INFO - DAG(s) dict_keys(['example_branch_python_operator_decorator']) retrieved from /Users/roselina/opt/anaconda3/envs/python37/lib/python3.7/site-packages/airflow/example_dags/example_branch_operator_decorator.py
[2024-08-28T10:46:20.629+0200] {logging_mixin.py:137} INFO - [2024-08-28T10:46:20.629+0200] {dag.py:2705} INFO - Sync 1 DAGs
[2024-08-28T10:46:20.643+0200] {logging_mixin.py:137} INFO - [2024-08-28T10:46:20.642+0200] {dag.py:3456} INFO - Setting next_dagrun for example_branch_python_operator_decorator to 2024-08-27T00:00:00+00:00, run_after=2024-08-28T00:00:00+00:00
[2024-08-28T10:46:20.653+0200] {processor.py:175} INFO - Processing /Users/roselina/opt/anaconda3/envs/python37/lib/python3.7/site-packages/airflow/example_dags/example_branch_operator_decorator.py took 0.080 seconds
[2024-08-28T10:47:01.806+0200] {processor.py:153} INFO - Started process (PID=75758) to work on /Users/roselina/opt/anaconda3/envs/python37/lib/python3.7/site-packages/airflow/example_dags/example_branch_operator_decorator.py
[2024-08-28T10:47:01.811+0200] {processor.py:743} INFO - Processing file /Users/roselina/opt/anaconda3/envs/python37/lib/python3.7/site-packages/airflow/example_dags/example_branch_operator_decorator.py for tasks to queue
[2024-08-28T10:47:01.812+0200] {logging_mixin.py:137} INFO - [2024-08-28T10:47:01.812+0200] {dagbag.py:532} INFO - Filling up the DagBag from /Users/roselina/opt/anaconda3/envs/python37/lib/python3.7/site-packages/airflow/example_dags/example_branch_operator_decorator.py
[2024-08-28T10:47:01.839+0200] {processor.py:753} INFO - DAG(s) dict_keys(['example_branch_python_operator_decorator']) retrieved from /Users/roselina/opt/anaconda3/envs/python37/lib/python3.7/site-packages/airflow/example_dags/example_branch_operator_decorator.py
[2024-08-28T10:47:01.854+0200] {logging_mixin.py:137} INFO - [2024-08-28T10:47:01.854+0200] {dag.py:2705} INFO - Sync 1 DAGs
[2024-08-28T10:47:01.866+0200] {logging_mixin.py:137} INFO - [2024-08-28T10:47:01.866+0200] {dag.py:3456} INFO - Setting next_dagrun for example_branch_python_operator_decorator to 2024-08-27T00:00:00+00:00, run_after=2024-08-28T00:00:00+00:00
[2024-08-28T10:47:01.876+0200] {processor.py:175} INFO - Processing /Users/roselina/opt/anaconda3/envs/python37/lib/python3.7/site-packages/airflow/example_dags/example_branch_operator_decorator.py took 0.075 seconds
[2024-08-28T10:47:43.717+0200] {processor.py:153} INFO - Started process (PID=75806) to work on /Users/roselina/opt/anaconda3/envs/python37/lib/python3.7/site-packages/airflow/example_dags/example_branch_operator_decorator.py
[2024-08-28T10:47:43.720+0200] {processor.py:743} INFO - Processing file /Users/roselina/opt/anaconda3/envs/python37/lib/python3.7/site-packages/airflow/example_dags/example_branch_operator_decorator.py for tasks to queue
[2024-08-28T10:47:43.721+0200] {logging_mixin.py:137} INFO - [2024-08-28T10:47:43.721+0200] {dagbag.py:532} INFO - Filling up the DagBag from /Users/roselina/opt/anaconda3/envs/python37/lib/python3.7/site-packages/airflow/example_dags/example_branch_operator_decorator.py
[2024-08-28T10:47:43.747+0200] {processor.py:753} INFO - DAG(s) dict_keys(['example_branch_python_operator_decorator']) retrieved from /Users/roselina/opt/anaconda3/envs/python37/lib/python3.7/site-packages/airflow/example_dags/example_branch_operator_decorator.py
[2024-08-28T10:47:43.762+0200] {logging_mixin.py:137} INFO - [2024-08-28T10:47:43.762+0200] {dag.py:2705} INFO - Sync 1 DAGs
[2024-08-28T10:47:43.777+0200] {logging_mixin.py:137} INFO - [2024-08-28T10:47:43.776+0200] {dag.py:3456} INFO - Setting next_dagrun for example_branch_python_operator_decorator to 2024-08-27T00:00:00+00:00, run_after=2024-08-28T00:00:00+00:00
[2024-08-28T10:47:43.791+0200] {processor.py:175} INFO - Processing /Users/roselina/opt/anaconda3/envs/python37/lib/python3.7/site-packages/airflow/example_dags/example_branch_operator_decorator.py took 0.078 seconds
[2024-08-28T10:48:24.544+0200] {processor.py:153} INFO - Started process (PID=75873) to work on /Users/roselina/opt/anaconda3/envs/python37/lib/python3.7/site-packages/airflow/example_dags/example_branch_operator_decorator.py
[2024-08-28T10:48:24.550+0200] {processor.py:743} INFO - Processing file /Users/roselina/opt/anaconda3/envs/python37/lib/python3.7/site-packages/airflow/example_dags/example_branch_operator_decorator.py for tasks to queue
[2024-08-28T10:48:24.551+0200] {logging_mixin.py:137} INFO - [2024-08-28T10:48:24.551+0200] {dagbag.py:532} INFO - Filling up the DagBag from /Users/roselina/opt/anaconda3/envs/python37/lib/python3.7/site-packages/airflow/example_dags/example_branch_operator_decorator.py
[2024-08-28T10:48:24.596+0200] {processor.py:753} INFO - DAG(s) dict_keys(['example_branch_python_operator_decorator']) retrieved from /Users/roselina/opt/anaconda3/envs/python37/lib/python3.7/site-packages/airflow/example_dags/example_branch_operator_decorator.py
[2024-08-28T10:48:24.669+0200] {logging_mixin.py:137} INFO - [2024-08-28T10:48:24.668+0200] {dag.py:2705} INFO - Sync 1 DAGs
[2024-08-28T10:48:24.696+0200] {logging_mixin.py:137} INFO - [2024-08-28T10:48:24.696+0200] {dag.py:3456} INFO - Setting next_dagrun for example_branch_python_operator_decorator to 2024-08-27T00:00:00+00:00, run_after=2024-08-28T00:00:00+00:00
[2024-08-28T10:48:24.708+0200] {processor.py:175} INFO - Processing /Users/roselina/opt/anaconda3/envs/python37/lib/python3.7/site-packages/airflow/example_dags/example_branch_operator_decorator.py took 0.168 seconds
[2024-08-28T10:49:06.038+0200] {processor.py:153} INFO - Started process (PID=75927) to work on /Users/roselina/opt/anaconda3/envs/python37/lib/python3.7/site-packages/airflow/example_dags/example_branch_operator_decorator.py
[2024-08-28T10:49:06.041+0200] {processor.py:743} INFO - Processing file /Users/roselina/opt/anaconda3/envs/python37/lib/python3.7/site-packages/airflow/example_dags/example_branch_operator_decorator.py for tasks to queue
[2024-08-28T10:49:06.043+0200] {logging_mixin.py:137} INFO - [2024-08-28T10:49:06.042+0200] {dagbag.py:532} INFO - Filling up the DagBag from /Users/roselina/opt/anaconda3/envs/python37/lib/python3.7/site-packages/airflow/example_dags/example_branch_operator_decorator.py
[2024-08-28T10:49:06.074+0200] {processor.py:753} INFO - DAG(s) dict_keys(['example_branch_python_operator_decorator']) retrieved from /Users/roselina/opt/anaconda3/envs/python37/lib/python3.7/site-packages/airflow/example_dags/example_branch_operator_decorator.py
[2024-08-28T10:49:06.090+0200] {logging_mixin.py:137} INFO - [2024-08-28T10:49:06.090+0200] {dag.py:2705} INFO - Sync 1 DAGs
[2024-08-28T10:49:06.103+0200] {logging_mixin.py:137} INFO - [2024-08-28T10:49:06.102+0200] {dag.py:3456} INFO - Setting next_dagrun for example_branch_python_operator_decorator to 2024-08-27T00:00:00+00:00, run_after=2024-08-28T00:00:00+00:00
[2024-08-28T10:49:06.114+0200] {processor.py:175} INFO - Processing /Users/roselina/opt/anaconda3/envs/python37/lib/python3.7/site-packages/airflow/example_dags/example_branch_operator_decorator.py took 0.080 seconds
[2024-08-28T10:49:48.570+0200] {processor.py:153} INFO - Started process (PID=75973) to work on /Users/roselina/opt/anaconda3/envs/python37/lib/python3.7/site-packages/airflow/example_dags/example_branch_operator_decorator.py
[2024-08-28T10:49:48.584+0200] {processor.py:743} INFO - Processing file /Users/roselina/opt/anaconda3/envs/python37/lib/python3.7/site-packages/airflow/example_dags/example_branch_operator_decorator.py for tasks to queue
[2024-08-28T10:49:48.586+0200] {logging_mixin.py:137} INFO - [2024-08-28T10:49:48.585+0200] {dagbag.py:532} INFO - Filling up the DagBag from /Users/roselina/opt/anaconda3/envs/python37/lib/python3.7/site-packages/airflow/example_dags/example_branch_operator_decorator.py
[2024-08-28T10:49:48.612+0200] {processor.py:753} INFO - DAG(s) dict_keys(['example_branch_python_operator_decorator']) retrieved from /Users/roselina/opt/anaconda3/envs/python37/lib/python3.7/site-packages/airflow/example_dags/example_branch_operator_decorator.py
[2024-08-28T10:49:48.627+0200] {logging_mixin.py:137} INFO - [2024-08-28T10:49:48.627+0200] {dag.py:2705} INFO - Sync 1 DAGs
[2024-08-28T10:49:48.640+0200] {logging_mixin.py:137} INFO - [2024-08-28T10:49:48.640+0200] {dag.py:3456} INFO - Setting next_dagrun for example_branch_python_operator_decorator to 2024-08-27T00:00:00+00:00, run_after=2024-08-28T00:00:00+00:00
[2024-08-28T10:49:48.650+0200] {processor.py:175} INFO - Processing /Users/roselina/opt/anaconda3/envs/python37/lib/python3.7/site-packages/airflow/example_dags/example_branch_operator_decorator.py took 0.083 seconds
[2024-08-28T10:50:28.690+0200] {processor.py:153} INFO - Started process (PID=76017) to work on /Users/roselina/opt/anaconda3/envs/python37/lib/python3.7/site-packages/airflow/example_dags/example_branch_operator_decorator.py
[2024-08-28T10:50:28.691+0200] {processor.py:743} INFO - Processing file /Users/roselina/opt/anaconda3/envs/python37/lib/python3.7/site-packages/airflow/example_dags/example_branch_operator_decorator.py for tasks to queue
[2024-08-28T10:50:28.693+0200] {logging_mixin.py:137} INFO - [2024-08-28T10:50:28.692+0200] {dagbag.py:532} INFO - Filling up the DagBag from /Users/roselina/opt/anaconda3/envs/python37/lib/python3.7/site-packages/airflow/example_dags/example_branch_operator_decorator.py
[2024-08-28T10:50:28.719+0200] {processor.py:753} INFO - DAG(s) dict_keys(['example_branch_python_operator_decorator']) retrieved from /Users/roselina/opt/anaconda3/envs/python37/lib/python3.7/site-packages/airflow/example_dags/example_branch_operator_decorator.py
[2024-08-28T10:50:28.735+0200] {logging_mixin.py:137} INFO - [2024-08-28T10:50:28.735+0200] {dag.py:2705} INFO - Sync 1 DAGs
[2024-08-28T10:50:28.748+0200] {logging_mixin.py:137} INFO - [2024-08-28T10:50:28.747+0200] {dag.py:3456} INFO - Setting next_dagrun for example_branch_python_operator_decorator to 2024-08-27T00:00:00+00:00, run_after=2024-08-28T00:00:00+00:00
[2024-08-28T10:50:28.757+0200] {processor.py:175} INFO - Processing /Users/roselina/opt/anaconda3/envs/python37/lib/python3.7/site-packages/airflow/example_dags/example_branch_operator_decorator.py took 0.071 seconds
[2024-08-28T10:51:09.864+0200] {processor.py:153} INFO - Started process (PID=76071) to work on /Users/roselina/opt/anaconda3/envs/python37/lib/python3.7/site-packages/airflow/example_dags/example_branch_operator_decorator.py
[2024-08-28T10:51:09.866+0200] {processor.py:743} INFO - Processing file /Users/roselina/opt/anaconda3/envs/python37/lib/python3.7/site-packages/airflow/example_dags/example_branch_operator_decorator.py for tasks to queue
[2024-08-28T10:51:09.867+0200] {logging_mixin.py:137} INFO - [2024-08-28T10:51:09.867+0200] {dagbag.py:532} INFO - Filling up the DagBag from /Users/roselina/opt/anaconda3/envs/python37/lib/python3.7/site-packages/airflow/example_dags/example_branch_operator_decorator.py
[2024-08-28T10:51:09.894+0200] {processor.py:753} INFO - DAG(s) dict_keys(['example_branch_python_operator_decorator']) retrieved from /Users/roselina/opt/anaconda3/envs/python37/lib/python3.7/site-packages/airflow/example_dags/example_branch_operator_decorator.py
[2024-08-28T10:51:09.910+0200] {logging_mixin.py:137} INFO - [2024-08-28T10:51:09.910+0200] {dag.py:2705} INFO - Sync 1 DAGs
[2024-08-28T10:51:09.923+0200] {logging_mixin.py:137} INFO - [2024-08-28T10:51:09.923+0200] {dag.py:3456} INFO - Setting next_dagrun for example_branch_python_operator_decorator to 2024-08-27T00:00:00+00:00, run_after=2024-08-28T00:00:00+00:00
[2024-08-28T10:51:09.934+0200] {processor.py:175} INFO - Processing /Users/roselina/opt/anaconda3/envs/python37/lib/python3.7/site-packages/airflow/example_dags/example_branch_operator_decorator.py took 0.075 seconds
[2024-08-28T10:51:51.209+0200] {processor.py:153} INFO - Started process (PID=76123) to work on /Users/roselina/opt/anaconda3/envs/python37/lib/python3.7/site-packages/airflow/example_dags/example_branch_operator_decorator.py
[2024-08-28T10:51:51.210+0200] {processor.py:743} INFO - Processing file /Users/roselina/opt/anaconda3/envs/python37/lib/python3.7/site-packages/airflow/example_dags/example_branch_operator_decorator.py for tasks to queue
[2024-08-28T10:51:51.212+0200] {logging_mixin.py:137} INFO - [2024-08-28T10:51:51.211+0200] {dagbag.py:532} INFO - Filling up the DagBag from /Users/roselina/opt/anaconda3/envs/python37/lib/python3.7/site-packages/airflow/example_dags/example_branch_operator_decorator.py
[2024-08-28T10:51:51.237+0200] {processor.py:753} INFO - DAG(s) dict_keys(['example_branch_python_operator_decorator']) retrieved from /Users/roselina/opt/anaconda3/envs/python37/lib/python3.7/site-packages/airflow/example_dags/example_branch_operator_decorator.py
[2024-08-28T10:51:51.255+0200] {logging_mixin.py:137} INFO - [2024-08-28T10:51:51.255+0200] {dag.py:2705} INFO - Sync 1 DAGs
[2024-08-28T10:51:51.267+0200] {logging_mixin.py:137} INFO - [2024-08-28T10:51:51.267+0200] {dag.py:3456} INFO - Setting next_dagrun for example_branch_python_operator_decorator to 2024-08-27T00:00:00+00:00, run_after=2024-08-28T00:00:00+00:00
[2024-08-28T10:51:51.277+0200] {processor.py:175} INFO - Processing /Users/roselina/opt/anaconda3/envs/python37/lib/python3.7/site-packages/airflow/example_dags/example_branch_operator_decorator.py took 0.073 seconds
[2024-08-28T10:52:32.300+0200] {processor.py:153} INFO - Started process (PID=76178) to work on /Users/roselina/opt/anaconda3/envs/python37/lib/python3.7/site-packages/airflow/example_dags/example_branch_operator_decorator.py
[2024-08-28T10:52:32.303+0200] {processor.py:743} INFO - Processing file /Users/roselina/opt/anaconda3/envs/python37/lib/python3.7/site-packages/airflow/example_dags/example_branch_operator_decorator.py for tasks to queue
[2024-08-28T10:52:32.305+0200] {logging_mixin.py:137} INFO - [2024-08-28T10:52:32.304+0200] {dagbag.py:532} INFO - Filling up the DagBag from /Users/roselina/opt/anaconda3/envs/python37/lib/python3.7/site-packages/airflow/example_dags/example_branch_operator_decorator.py
[2024-08-28T10:52:32.330+0200] {processor.py:753} INFO - DAG(s) dict_keys(['example_branch_python_operator_decorator']) retrieved from /Users/roselina/opt/anaconda3/envs/python37/lib/python3.7/site-packages/airflow/example_dags/example_branch_operator_decorator.py
[2024-08-28T10:52:32.345+0200] {logging_mixin.py:137} INFO - [2024-08-28T10:52:32.344+0200] {dag.py:2705} INFO - Sync 1 DAGs
[2024-08-28T10:52:32.357+0200] {logging_mixin.py:137} INFO - [2024-08-28T10:52:32.357+0200] {dag.py:3456} INFO - Setting next_dagrun for example_branch_python_operator_decorator to 2024-08-27T00:00:00+00:00, run_after=2024-08-28T00:00:00+00:00
[2024-08-28T10:52:32.367+0200] {processor.py:175} INFO - Processing /Users/roselina/opt/anaconda3/envs/python37/lib/python3.7/site-packages/airflow/example_dags/example_branch_operator_decorator.py took 0.070 seconds
[2024-08-28T10:53:14.955+0200] {processor.py:153} INFO - Started process (PID=76225) to work on /Users/roselina/opt/anaconda3/envs/python37/lib/python3.7/site-packages/airflow/example_dags/example_branch_operator_decorator.py
[2024-08-28T10:53:14.956+0200] {processor.py:743} INFO - Processing file /Users/roselina/opt/anaconda3/envs/python37/lib/python3.7/site-packages/airflow/example_dags/example_branch_operator_decorator.py for tasks to queue
[2024-08-28T10:53:14.957+0200] {logging_mixin.py:137} INFO - [2024-08-28T10:53:14.956+0200] {dagbag.py:532} INFO - Filling up the DagBag from /Users/roselina/opt/anaconda3/envs/python37/lib/python3.7/site-packages/airflow/example_dags/example_branch_operator_decorator.py
[2024-08-28T10:53:14.977+0200] {processor.py:753} INFO - DAG(s) dict_keys(['example_branch_python_operator_decorator']) retrieved from /Users/roselina/opt/anaconda3/envs/python37/lib/python3.7/site-packages/airflow/example_dags/example_branch_operator_decorator.py
[2024-08-28T10:53:14.992+0200] {logging_mixin.py:137} INFO - [2024-08-28T10:53:14.992+0200] {dag.py:2705} INFO - Sync 1 DAGs
[2024-08-28T10:53:15.006+0200] {logging_mixin.py:137} INFO - [2024-08-28T10:53:15.006+0200] {dag.py:3456} INFO - Setting next_dagrun for example_branch_python_operator_decorator to 2024-08-27T00:00:00+00:00, run_after=2024-08-28T00:00:00+00:00
[2024-08-28T10:53:15.016+0200] {processor.py:175} INFO - Processing /Users/roselina/opt/anaconda3/envs/python37/lib/python3.7/site-packages/airflow/example_dags/example_branch_operator_decorator.py took 0.064 seconds
