[2024-08-28T10:11:10.360+0200] {processor.py:153} INFO - Started process (PID=74912) to work on /Users/roselina/opt/anaconda3/envs/python37/lib/python3.7/site-packages/airflow/example_dags/example_xcom.py
[2024-08-28T10:11:10.361+0200] {processor.py:743} INFO - Processing file /Users/roselina/opt/anaconda3/envs/python37/lib/python3.7/site-packages/airflow/example_dags/example_xcom.py for tasks to queue
[2024-08-28T10:11:10.363+0200] {logging_mixin.py:137} INFO - [2024-08-28T10:11:10.362+0200] {dagbag.py:532} INFO - Filling up the DagBag from /Users/roselina/opt/anaconda3/envs/python37/lib/python3.7/site-packages/airflow/example_dags/example_xcom.py
[2024-08-28T10:11:10.383+0200] {processor.py:753} INFO - DAG(s) dict_keys(['example_xcom']) retrieved from /Users/roselina/opt/anaconda3/envs/python37/lib/python3.7/site-packages/airflow/example_dags/example_xcom.py
[2024-08-28T10:11:10.442+0200] {logging_mixin.py:137} INFO - [2024-08-28T10:11:10.441+0200] {manager.py:504} INFO - Created Permission View: can read on DAG:example_xcom
[2024-08-28T10:11:10.446+0200] {logging_mixin.py:137} INFO - [2024-08-28T10:11:10.446+0200] {manager.py:504} INFO - Created Permission View: can delete on DAG:example_xcom
[2024-08-28T10:11:10.450+0200] {logging_mixin.py:137} INFO - [2024-08-28T10:11:10.449+0200] {manager.py:504} INFO - Created Permission View: can edit on DAG:example_xcom
[2024-08-28T10:11:10.450+0200] {logging_mixin.py:137} INFO - [2024-08-28T10:11:10.450+0200] {dag.py:2705} INFO - Sync 1 DAGs
[2024-08-28T10:11:10.456+0200] {logging_mixin.py:137} INFO - [2024-08-28T10:11:10.456+0200] {dag.py:2726} INFO - Creating ORM DAG for example_xcom
[2024-08-28T10:11:10.462+0200] {logging_mixin.py:137} INFO - [2024-08-28T10:11:10.461+0200] {dag.py:3456} INFO - Setting next_dagrun for example_xcom to 2021-01-01T00:00:00+00:00, run_after=2021-01-01T00:00:00+00:00
[2024-08-28T10:11:10.472+0200] {processor.py:175} INFO - Processing /Users/roselina/opt/anaconda3/envs/python37/lib/python3.7/site-packages/airflow/example_dags/example_xcom.py took 0.115 seconds
[2024-08-28T10:11:55.636+0200] {processor.py:153} INFO - Started process (PID=74972) to work on /Users/roselina/opt/anaconda3/envs/python37/lib/python3.7/site-packages/airflow/example_dags/example_xcom.py
[2024-08-28T10:11:55.638+0200] {processor.py:743} INFO - Processing file /Users/roselina/opt/anaconda3/envs/python37/lib/python3.7/site-packages/airflow/example_dags/example_xcom.py for tasks to queue
[2024-08-28T10:11:55.639+0200] {logging_mixin.py:137} INFO - [2024-08-28T10:11:55.638+0200] {dagbag.py:532} INFO - Filling up the DagBag from /Users/roselina/opt/anaconda3/envs/python37/lib/python3.7/site-packages/airflow/example_dags/example_xcom.py
[2024-08-28T10:11:55.662+0200] {processor.py:753} INFO - DAG(s) dict_keys(['example_xcom']) retrieved from /Users/roselina/opt/anaconda3/envs/python37/lib/python3.7/site-packages/airflow/example_dags/example_xcom.py
[2024-08-28T10:11:55.676+0200] {logging_mixin.py:137} INFO - [2024-08-28T10:11:55.676+0200] {dag.py:2705} INFO - Sync 1 DAGs
[2024-08-28T10:11:55.688+0200] {logging_mixin.py:137} INFO - [2024-08-28T10:11:55.688+0200] {dag.py:3456} INFO - Setting next_dagrun for example_xcom to 2021-01-01T00:00:00+00:00, run_after=2021-01-01T00:00:00+00:00
[2024-08-28T10:11:55.698+0200] {processor.py:175} INFO - Processing /Users/roselina/opt/anaconda3/envs/python37/lib/python3.7/site-packages/airflow/example_dags/example_xcom.py took 0.066 seconds
[2024-08-28T10:12:35.882+0200] {processor.py:153} INFO - Started process (PID=75044) to work on /Users/roselina/opt/anaconda3/envs/python37/lib/python3.7/site-packages/airflow/example_dags/example_xcom.py
[2024-08-28T10:12:35.885+0200] {processor.py:743} INFO - Processing file /Users/roselina/opt/anaconda3/envs/python37/lib/python3.7/site-packages/airflow/example_dags/example_xcom.py for tasks to queue
[2024-08-28T10:12:35.886+0200] {logging_mixin.py:137} INFO - [2024-08-28T10:12:35.886+0200] {dagbag.py:532} INFO - Filling up the DagBag from /Users/roselina/opt/anaconda3/envs/python37/lib/python3.7/site-packages/airflow/example_dags/example_xcom.py
[2024-08-28T10:12:35.907+0200] {processor.py:753} INFO - DAG(s) dict_keys(['example_xcom']) retrieved from /Users/roselina/opt/anaconda3/envs/python37/lib/python3.7/site-packages/airflow/example_dags/example_xcom.py
[2024-08-28T10:12:35.922+0200] {logging_mixin.py:137} INFO - [2024-08-28T10:12:35.921+0200] {dag.py:2705} INFO - Sync 1 DAGs
[2024-08-28T10:12:35.934+0200] {logging_mixin.py:137} INFO - [2024-08-28T10:12:35.934+0200] {dag.py:3456} INFO - Setting next_dagrun for example_xcom to 2021-01-01T00:00:00+00:00, run_after=2021-01-01T00:00:00+00:00
[2024-08-28T10:12:35.944+0200] {processor.py:175} INFO - Processing /Users/roselina/opt/anaconda3/envs/python37/lib/python3.7/site-packages/airflow/example_dags/example_xcom.py took 0.080 seconds
[2024-08-28T10:13:19.252+0200] {processor.py:153} INFO - Started process (PID=75109) to work on /Users/roselina/opt/anaconda3/envs/python37/lib/python3.7/site-packages/airflow/example_dags/example_xcom.py
[2024-08-28T10:13:19.258+0200] {processor.py:743} INFO - Processing file /Users/roselina/opt/anaconda3/envs/python37/lib/python3.7/site-packages/airflow/example_dags/example_xcom.py for tasks to queue
[2024-08-28T10:13:19.259+0200] {logging_mixin.py:137} INFO - [2024-08-28T10:13:19.259+0200] {dagbag.py:532} INFO - Filling up the DagBag from /Users/roselina/opt/anaconda3/envs/python37/lib/python3.7/site-packages/airflow/example_dags/example_xcom.py
[2024-08-28T10:13:19.289+0200] {processor.py:753} INFO - DAG(s) dict_keys(['example_xcom']) retrieved from /Users/roselina/opt/anaconda3/envs/python37/lib/python3.7/site-packages/airflow/example_dags/example_xcom.py
[2024-08-28T10:13:19.305+0200] {logging_mixin.py:137} INFO - [2024-08-28T10:13:19.305+0200] {dag.py:2705} INFO - Sync 1 DAGs
[2024-08-28T10:13:19.318+0200] {logging_mixin.py:137} INFO - [2024-08-28T10:13:19.318+0200] {dag.py:3456} INFO - Setting next_dagrun for example_xcom to 2021-01-01T00:00:00+00:00, run_after=2021-01-01T00:00:00+00:00
[2024-08-28T10:13:19.328+0200] {processor.py:175} INFO - Processing /Users/roselina/opt/anaconda3/envs/python37/lib/python3.7/site-packages/airflow/example_dags/example_xcom.py took 0.080 seconds
[2024-08-28T10:14:00.535+0200] {processor.py:153} INFO - Started process (PID=75168) to work on /Users/roselina/opt/anaconda3/envs/python37/lib/python3.7/site-packages/airflow/example_dags/example_xcom.py
[2024-08-28T10:14:00.536+0200] {processor.py:743} INFO - Processing file /Users/roselina/opt/anaconda3/envs/python37/lib/python3.7/site-packages/airflow/example_dags/example_xcom.py for tasks to queue
[2024-08-28T10:14:00.537+0200] {logging_mixin.py:137} INFO - [2024-08-28T10:14:00.537+0200] {dagbag.py:532} INFO - Filling up the DagBag from /Users/roselina/opt/anaconda3/envs/python37/lib/python3.7/site-packages/airflow/example_dags/example_xcom.py
[2024-08-28T10:14:00.574+0200] {processor.py:753} INFO - DAG(s) dict_keys(['example_xcom']) retrieved from /Users/roselina/opt/anaconda3/envs/python37/lib/python3.7/site-packages/airflow/example_dags/example_xcom.py
[2024-08-28T10:14:00.616+0200] {logging_mixin.py:137} INFO - [2024-08-28T10:14:00.615+0200] {dag.py:2705} INFO - Sync 1 DAGs
[2024-08-28T10:14:00.648+0200] {logging_mixin.py:137} INFO - [2024-08-28T10:14:00.646+0200] {dag.py:3456} INFO - Setting next_dagrun for example_xcom to 2021-01-01T00:00:00+00:00, run_after=2021-01-01T00:00:00+00:00
[2024-08-28T10:14:00.662+0200] {processor.py:175} INFO - Processing /Users/roselina/opt/anaconda3/envs/python37/lib/python3.7/site-packages/airflow/example_dags/example_xcom.py took 0.130 seconds
[2024-08-28T10:14:42.638+0200] {processor.py:153} INFO - Started process (PID=75234) to work on /Users/roselina/opt/anaconda3/envs/python37/lib/python3.7/site-packages/airflow/example_dags/example_xcom.py
[2024-08-28T10:14:42.640+0200] {processor.py:743} INFO - Processing file /Users/roselina/opt/anaconda3/envs/python37/lib/python3.7/site-packages/airflow/example_dags/example_xcom.py for tasks to queue
[2024-08-28T10:14:42.641+0200] {logging_mixin.py:137} INFO - [2024-08-28T10:14:42.641+0200] {dagbag.py:532} INFO - Filling up the DagBag from /Users/roselina/opt/anaconda3/envs/python37/lib/python3.7/site-packages/airflow/example_dags/example_xcom.py
[2024-08-28T10:14:42.667+0200] {processor.py:753} INFO - DAG(s) dict_keys(['example_xcom']) retrieved from /Users/roselina/opt/anaconda3/envs/python37/lib/python3.7/site-packages/airflow/example_dags/example_xcom.py
[2024-08-28T10:14:42.687+0200] {logging_mixin.py:137} INFO - [2024-08-28T10:14:42.686+0200] {dag.py:2705} INFO - Sync 1 DAGs
[2024-08-28T10:14:42.699+0200] {logging_mixin.py:137} INFO - [2024-08-28T10:14:42.699+0200] {dag.py:3456} INFO - Setting next_dagrun for example_xcom to 2021-01-01T00:00:00+00:00, run_after=2021-01-01T00:00:00+00:00
[2024-08-28T10:14:42.709+0200] {processor.py:175} INFO - Processing /Users/roselina/opt/anaconda3/envs/python37/lib/python3.7/site-packages/airflow/example_dags/example_xcom.py took 0.076 seconds
[2024-08-28T10:15:24.088+0200] {processor.py:153} INFO - Started process (PID=75279) to work on /Users/roselina/opt/anaconda3/envs/python37/lib/python3.7/site-packages/airflow/example_dags/example_xcom.py
[2024-08-28T10:15:24.090+0200] {processor.py:743} INFO - Processing file /Users/roselina/opt/anaconda3/envs/python37/lib/python3.7/site-packages/airflow/example_dags/example_xcom.py for tasks to queue
[2024-08-28T10:15:24.091+0200] {logging_mixin.py:137} INFO - [2024-08-28T10:15:24.091+0200] {dagbag.py:532} INFO - Filling up the DagBag from /Users/roselina/opt/anaconda3/envs/python37/lib/python3.7/site-packages/airflow/example_dags/example_xcom.py
[2024-08-28T10:15:24.117+0200] {processor.py:753} INFO - DAG(s) dict_keys(['example_xcom']) retrieved from /Users/roselina/opt/anaconda3/envs/python37/lib/python3.7/site-packages/airflow/example_dags/example_xcom.py
[2024-08-28T10:15:24.131+0200] {logging_mixin.py:137} INFO - [2024-08-28T10:15:24.131+0200] {dag.py:2705} INFO - Sync 1 DAGs
[2024-08-28T10:15:24.144+0200] {logging_mixin.py:137} INFO - [2024-08-28T10:15:24.144+0200] {dag.py:3456} INFO - Setting next_dagrun for example_xcom to 2021-01-01T00:00:00+00:00, run_after=2021-01-01T00:00:00+00:00
[2024-08-28T10:15:24.154+0200] {processor.py:175} INFO - Processing /Users/roselina/opt/anaconda3/envs/python37/lib/python3.7/site-packages/airflow/example_dags/example_xcom.py took 0.070 seconds
[2024-08-28T10:16:04.702+0200] {processor.py:153} INFO - Started process (PID=75323) to work on /Users/roselina/opt/anaconda3/envs/python37/lib/python3.7/site-packages/airflow/example_dags/example_xcom.py
[2024-08-28T10:16:04.704+0200] {processor.py:743} INFO - Processing file /Users/roselina/opt/anaconda3/envs/python37/lib/python3.7/site-packages/airflow/example_dags/example_xcom.py for tasks to queue
[2024-08-28T10:16:04.705+0200] {logging_mixin.py:137} INFO - [2024-08-28T10:16:04.705+0200] {dagbag.py:532} INFO - Filling up the DagBag from /Users/roselina/opt/anaconda3/envs/python37/lib/python3.7/site-packages/airflow/example_dags/example_xcom.py
[2024-08-28T10:16:04.731+0200] {processor.py:753} INFO - DAG(s) dict_keys(['example_xcom']) retrieved from /Users/roselina/opt/anaconda3/envs/python37/lib/python3.7/site-packages/airflow/example_dags/example_xcom.py
[2024-08-28T10:16:04.745+0200] {logging_mixin.py:137} INFO - [2024-08-28T10:16:04.745+0200] {dag.py:2705} INFO - Sync 1 DAGs
[2024-08-28T10:16:04.757+0200] {logging_mixin.py:137} INFO - [2024-08-28T10:16:04.757+0200] {dag.py:3456} INFO - Setting next_dagrun for example_xcom to 2021-01-01T00:00:00+00:00, run_after=2021-01-01T00:00:00+00:00
[2024-08-28T10:16:04.767+0200] {processor.py:175} INFO - Processing /Users/roselina/opt/anaconda3/envs/python37/lib/python3.7/site-packages/airflow/example_dags/example_xcom.py took 0.070 seconds
[2024-08-28T10:16:44.896+0200] {processor.py:153} INFO - Started process (PID=75369) to work on /Users/roselina/opt/anaconda3/envs/python37/lib/python3.7/site-packages/airflow/example_dags/example_xcom.py
[2024-08-28T10:16:44.898+0200] {processor.py:743} INFO - Processing file /Users/roselina/opt/anaconda3/envs/python37/lib/python3.7/site-packages/airflow/example_dags/example_xcom.py for tasks to queue
[2024-08-28T10:16:44.899+0200] {logging_mixin.py:137} INFO - [2024-08-28T10:16:44.899+0200] {dagbag.py:532} INFO - Filling up the DagBag from /Users/roselina/opt/anaconda3/envs/python37/lib/python3.7/site-packages/airflow/example_dags/example_xcom.py
[2024-08-28T10:16:44.925+0200] {processor.py:753} INFO - DAG(s) dict_keys(['example_xcom']) retrieved from /Users/roselina/opt/anaconda3/envs/python37/lib/python3.7/site-packages/airflow/example_dags/example_xcom.py
[2024-08-28T10:16:44.940+0200] {logging_mixin.py:137} INFO - [2024-08-28T10:16:44.939+0200] {dag.py:2705} INFO - Sync 1 DAGs
[2024-08-28T10:16:44.952+0200] {logging_mixin.py:137} INFO - [2024-08-28T10:16:44.952+0200] {dag.py:3456} INFO - Setting next_dagrun for example_xcom to 2021-01-01T00:00:00+00:00, run_after=2021-01-01T00:00:00+00:00
[2024-08-28T10:16:44.961+0200] {processor.py:175} INFO - Processing /Users/roselina/opt/anaconda3/envs/python37/lib/python3.7/site-packages/airflow/example_dags/example_xcom.py took 0.069 seconds
[2024-08-28T10:17:26.320+0200] {processor.py:153} INFO - Started process (PID=75417) to work on /Users/roselina/opt/anaconda3/envs/python37/lib/python3.7/site-packages/airflow/example_dags/example_xcom.py
[2024-08-28T10:17:26.321+0200] {processor.py:743} INFO - Processing file /Users/roselina/opt/anaconda3/envs/python37/lib/python3.7/site-packages/airflow/example_dags/example_xcom.py for tasks to queue
[2024-08-28T10:17:26.321+0200] {logging_mixin.py:137} INFO - [2024-08-28T10:17:26.321+0200] {dagbag.py:532} INFO - Filling up the DagBag from /Users/roselina/opt/anaconda3/envs/python37/lib/python3.7/site-packages/airflow/example_dags/example_xcom.py
[2024-08-28T10:17:26.336+0200] {processor.py:753} INFO - DAG(s) dict_keys(['example_xcom']) retrieved from /Users/roselina/opt/anaconda3/envs/python37/lib/python3.7/site-packages/airflow/example_dags/example_xcom.py
[2024-08-28T10:17:26.348+0200] {logging_mixin.py:137} INFO - [2024-08-28T10:17:26.348+0200] {dag.py:2705} INFO - Sync 1 DAGs
[2024-08-28T10:17:26.360+0200] {logging_mixin.py:137} INFO - [2024-08-28T10:17:26.360+0200] {dag.py:3456} INFO - Setting next_dagrun for example_xcom to 2021-01-01T00:00:00+00:00, run_after=2021-01-01T00:00:00+00:00
[2024-08-28T10:17:26.369+0200] {processor.py:175} INFO - Processing /Users/roselina/opt/anaconda3/envs/python37/lib/python3.7/site-packages/airflow/example_dags/example_xcom.py took 0.051 seconds
[2024-08-28T10:43:48.960+0200] {processor.py:153} INFO - Started process (PID=75515) to work on /Users/roselina/opt/anaconda3/envs/python37/lib/python3.7/site-packages/airflow/example_dags/example_xcom.py
[2024-08-28T10:43:48.961+0200] {processor.py:743} INFO - Processing file /Users/roselina/opt/anaconda3/envs/python37/lib/python3.7/site-packages/airflow/example_dags/example_xcom.py for tasks to queue
[2024-08-28T10:43:48.962+0200] {logging_mixin.py:137} INFO - [2024-08-28T10:43:48.961+0200] {dagbag.py:532} INFO - Filling up the DagBag from /Users/roselina/opt/anaconda3/envs/python37/lib/python3.7/site-packages/airflow/example_dags/example_xcom.py
[2024-08-28T10:43:48.980+0200] {processor.py:753} INFO - DAG(s) dict_keys(['example_xcom']) retrieved from /Users/roselina/opt/anaconda3/envs/python37/lib/python3.7/site-packages/airflow/example_dags/example_xcom.py
[2024-08-28T10:43:48.996+0200] {logging_mixin.py:137} INFO - [2024-08-28T10:43:48.995+0200] {dag.py:2705} INFO - Sync 1 DAGs
[2024-08-28T10:43:49.013+0200] {logging_mixin.py:137} INFO - [2024-08-28T10:43:49.013+0200] {dag.py:3456} INFO - Setting next_dagrun for example_xcom to 2021-01-01T00:00:00+00:00, run_after=2021-01-01T00:00:00+00:00
[2024-08-28T10:43:49.023+0200] {processor.py:175} INFO - Processing /Users/roselina/opt/anaconda3/envs/python37/lib/python3.7/site-packages/airflow/example_dags/example_xcom.py took 0.066 seconds
[2024-08-28T10:44:30.574+0200] {processor.py:153} INFO - Started process (PID=75569) to work on /Users/roselina/opt/anaconda3/envs/python37/lib/python3.7/site-packages/airflow/example_dags/example_xcom.py
[2024-08-28T10:44:30.575+0200] {processor.py:743} INFO - Processing file /Users/roselina/opt/anaconda3/envs/python37/lib/python3.7/site-packages/airflow/example_dags/example_xcom.py for tasks to queue
[2024-08-28T10:44:30.576+0200] {logging_mixin.py:137} INFO - [2024-08-28T10:44:30.576+0200] {dagbag.py:532} INFO - Filling up the DagBag from /Users/roselina/opt/anaconda3/envs/python37/lib/python3.7/site-packages/airflow/example_dags/example_xcom.py
[2024-08-28T10:44:30.597+0200] {processor.py:753} INFO - DAG(s) dict_keys(['example_xcom']) retrieved from /Users/roselina/opt/anaconda3/envs/python37/lib/python3.7/site-packages/airflow/example_dags/example_xcom.py
[2024-08-28T10:44:30.610+0200] {logging_mixin.py:137} INFO - [2024-08-28T10:44:30.610+0200] {dag.py:2705} INFO - Sync 1 DAGs
[2024-08-28T10:44:30.622+0200] {logging_mixin.py:137} INFO - [2024-08-28T10:44:30.622+0200] {dag.py:3456} INFO - Setting next_dagrun for example_xcom to 2021-01-01T00:00:00+00:00, run_after=2021-01-01T00:00:00+00:00
[2024-08-28T10:44:30.633+0200] {processor.py:175} INFO - Processing /Users/roselina/opt/anaconda3/envs/python37/lib/python3.7/site-packages/airflow/example_dags/example_xcom.py took 0.063 seconds
[2024-08-28T10:45:13.442+0200] {processor.py:153} INFO - Started process (PID=75629) to work on /Users/roselina/opt/anaconda3/envs/python37/lib/python3.7/site-packages/airflow/example_dags/example_xcom.py
[2024-08-28T10:45:13.444+0200] {processor.py:743} INFO - Processing file /Users/roselina/opt/anaconda3/envs/python37/lib/python3.7/site-packages/airflow/example_dags/example_xcom.py for tasks to queue
[2024-08-28T10:45:13.445+0200] {logging_mixin.py:137} INFO - [2024-08-28T10:45:13.445+0200] {dagbag.py:532} INFO - Filling up the DagBag from /Users/roselina/opt/anaconda3/envs/python37/lib/python3.7/site-packages/airflow/example_dags/example_xcom.py
[2024-08-28T10:45:13.469+0200] {processor.py:753} INFO - DAG(s) dict_keys(['example_xcom']) retrieved from /Users/roselina/opt/anaconda3/envs/python37/lib/python3.7/site-packages/airflow/example_dags/example_xcom.py
[2024-08-28T10:45:13.485+0200] {logging_mixin.py:137} INFO - [2024-08-28T10:45:13.485+0200] {dag.py:2705} INFO - Sync 1 DAGs
[2024-08-28T10:45:13.497+0200] {logging_mixin.py:137} INFO - [2024-08-28T10:45:13.496+0200] {dag.py:3456} INFO - Setting next_dagrun for example_xcom to 2021-01-01T00:00:00+00:00, run_after=2021-01-01T00:00:00+00:00
[2024-08-28T10:45:13.507+0200] {processor.py:175} INFO - Processing /Users/roselina/opt/anaconda3/envs/python37/lib/python3.7/site-packages/airflow/example_dags/example_xcom.py took 0.070 seconds
[2024-08-28T10:45:54.777+0200] {processor.py:153} INFO - Started process (PID=75676) to work on /Users/roselina/opt/anaconda3/envs/python37/lib/python3.7/site-packages/airflow/example_dags/example_xcom.py
[2024-08-28T10:45:54.779+0200] {processor.py:743} INFO - Processing file /Users/roselina/opt/anaconda3/envs/python37/lib/python3.7/site-packages/airflow/example_dags/example_xcom.py for tasks to queue
[2024-08-28T10:45:54.781+0200] {logging_mixin.py:137} INFO - [2024-08-28T10:45:54.780+0200] {dagbag.py:532} INFO - Filling up the DagBag from /Users/roselina/opt/anaconda3/envs/python37/lib/python3.7/site-packages/airflow/example_dags/example_xcom.py
[2024-08-28T10:45:54.806+0200] {processor.py:753} INFO - DAG(s) dict_keys(['example_xcom']) retrieved from /Users/roselina/opt/anaconda3/envs/python37/lib/python3.7/site-packages/airflow/example_dags/example_xcom.py
[2024-08-28T10:45:54.822+0200] {logging_mixin.py:137} INFO - [2024-08-28T10:45:54.822+0200] {dag.py:2705} INFO - Sync 1 DAGs
[2024-08-28T10:45:54.834+0200] {logging_mixin.py:137} INFO - [2024-08-28T10:45:54.834+0200] {dag.py:3456} INFO - Setting next_dagrun for example_xcom to 2021-01-01T00:00:00+00:00, run_after=2021-01-01T00:00:00+00:00
[2024-08-28T10:45:54.844+0200] {processor.py:175} INFO - Processing /Users/roselina/opt/anaconda3/envs/python37/lib/python3.7/site-packages/airflow/example_dags/example_xcom.py took 0.072 seconds
[2024-08-28T10:46:36.083+0200] {processor.py:153} INFO - Started process (PID=75721) to work on /Users/roselina/opt/anaconda3/envs/python37/lib/python3.7/site-packages/airflow/example_dags/example_xcom.py
[2024-08-28T10:46:36.085+0200] {processor.py:743} INFO - Processing file /Users/roselina/opt/anaconda3/envs/python37/lib/python3.7/site-packages/airflow/example_dags/example_xcom.py for tasks to queue
[2024-08-28T10:46:36.086+0200] {logging_mixin.py:137} INFO - [2024-08-28T10:46:36.086+0200] {dagbag.py:532} INFO - Filling up the DagBag from /Users/roselina/opt/anaconda3/envs/python37/lib/python3.7/site-packages/airflow/example_dags/example_xcom.py
[2024-08-28T10:46:36.113+0200] {processor.py:753} INFO - DAG(s) dict_keys(['example_xcom']) retrieved from /Users/roselina/opt/anaconda3/envs/python37/lib/python3.7/site-packages/airflow/example_dags/example_xcom.py
[2024-08-28T10:46:36.128+0200] {logging_mixin.py:137} INFO - [2024-08-28T10:46:36.128+0200] {dag.py:2705} INFO - Sync 1 DAGs
[2024-08-28T10:46:36.143+0200] {logging_mixin.py:137} INFO - [2024-08-28T10:46:36.142+0200] {dag.py:3456} INFO - Setting next_dagrun for example_xcom to 2021-01-01T00:00:00+00:00, run_after=2021-01-01T00:00:00+00:00
[2024-08-28T10:46:36.153+0200] {processor.py:175} INFO - Processing /Users/roselina/opt/anaconda3/envs/python37/lib/python3.7/site-packages/airflow/example_dags/example_xcom.py took 0.075 seconds
[2024-08-28T10:47:16.973+0200] {processor.py:153} INFO - Started process (PID=75776) to work on /Users/roselina/opt/anaconda3/envs/python37/lib/python3.7/site-packages/airflow/example_dags/example_xcom.py
[2024-08-28T10:47:16.975+0200] {processor.py:743} INFO - Processing file /Users/roselina/opt/anaconda3/envs/python37/lib/python3.7/site-packages/airflow/example_dags/example_xcom.py for tasks to queue
[2024-08-28T10:47:16.976+0200] {logging_mixin.py:137} INFO - [2024-08-28T10:47:16.976+0200] {dagbag.py:532} INFO - Filling up the DagBag from /Users/roselina/opt/anaconda3/envs/python37/lib/python3.7/site-packages/airflow/example_dags/example_xcom.py
[2024-08-28T10:47:17.000+0200] {processor.py:753} INFO - DAG(s) dict_keys(['example_xcom']) retrieved from /Users/roselina/opt/anaconda3/envs/python37/lib/python3.7/site-packages/airflow/example_dags/example_xcom.py
[2024-08-28T10:47:17.015+0200] {logging_mixin.py:137} INFO - [2024-08-28T10:47:17.014+0200] {dag.py:2705} INFO - Sync 1 DAGs
[2024-08-28T10:47:17.027+0200] {logging_mixin.py:137} INFO - [2024-08-28T10:47:17.026+0200] {dag.py:3456} INFO - Setting next_dagrun for example_xcom to 2021-01-01T00:00:00+00:00, run_after=2021-01-01T00:00:00+00:00
[2024-08-28T10:47:17.037+0200] {processor.py:175} INFO - Processing /Users/roselina/opt/anaconda3/envs/python37/lib/python3.7/site-packages/airflow/example_dags/example_xcom.py took 0.068 seconds
[2024-08-28T10:47:58.637+0200] {processor.py:153} INFO - Started process (PID=75826) to work on /Users/roselina/opt/anaconda3/envs/python37/lib/python3.7/site-packages/airflow/example_dags/example_xcom.py
[2024-08-28T10:47:58.640+0200] {processor.py:743} INFO - Processing file /Users/roselina/opt/anaconda3/envs/python37/lib/python3.7/site-packages/airflow/example_dags/example_xcom.py for tasks to queue
[2024-08-28T10:47:58.643+0200] {logging_mixin.py:137} INFO - [2024-08-28T10:47:58.642+0200] {dagbag.py:532} INFO - Filling up the DagBag from /Users/roselina/opt/anaconda3/envs/python37/lib/python3.7/site-packages/airflow/example_dags/example_xcom.py
[2024-08-28T10:47:58.670+0200] {processor.py:753} INFO - DAG(s) dict_keys(['example_xcom']) retrieved from /Users/roselina/opt/anaconda3/envs/python37/lib/python3.7/site-packages/airflow/example_dags/example_xcom.py
[2024-08-28T10:47:58.686+0200] {logging_mixin.py:137} INFO - [2024-08-28T10:47:58.685+0200] {dag.py:2705} INFO - Sync 1 DAGs
[2024-08-28T10:47:58.698+0200] {logging_mixin.py:137} INFO - [2024-08-28T10:47:58.698+0200] {dag.py:3456} INFO - Setting next_dagrun for example_xcom to 2021-01-01T00:00:00+00:00, run_after=2021-01-01T00:00:00+00:00
[2024-08-28T10:47:58.708+0200] {processor.py:175} INFO - Processing /Users/roselina/opt/anaconda3/envs/python37/lib/python3.7/site-packages/airflow/example_dags/example_xcom.py took 0.076 seconds
[2024-08-28T10:48:40.057+0200] {processor.py:153} INFO - Started process (PID=75889) to work on /Users/roselina/opt/anaconda3/envs/python37/lib/python3.7/site-packages/airflow/example_dags/example_xcom.py
[2024-08-28T10:48:40.059+0200] {processor.py:743} INFO - Processing file /Users/roselina/opt/anaconda3/envs/python37/lib/python3.7/site-packages/airflow/example_dags/example_xcom.py for tasks to queue
[2024-08-28T10:48:40.060+0200] {logging_mixin.py:137} INFO - [2024-08-28T10:48:40.060+0200] {dagbag.py:532} INFO - Filling up the DagBag from /Users/roselina/opt/anaconda3/envs/python37/lib/python3.7/site-packages/airflow/example_dags/example_xcom.py
[2024-08-28T10:48:40.084+0200] {processor.py:753} INFO - DAG(s) dict_keys(['example_xcom']) retrieved from /Users/roselina/opt/anaconda3/envs/python37/lib/python3.7/site-packages/airflow/example_dags/example_xcom.py
[2024-08-28T10:48:40.099+0200] {logging_mixin.py:137} INFO - [2024-08-28T10:48:40.099+0200] {dag.py:2705} INFO - Sync 1 DAGs
[2024-08-28T10:48:40.111+0200] {logging_mixin.py:137} INFO - [2024-08-28T10:48:40.110+0200] {dag.py:3456} INFO - Setting next_dagrun for example_xcom to 2021-01-01T00:00:00+00:00, run_after=2021-01-01T00:00:00+00:00
[2024-08-28T10:48:40.120+0200] {processor.py:175} INFO - Processing /Users/roselina/opt/anaconda3/envs/python37/lib/python3.7/site-packages/airflow/example_dags/example_xcom.py took 0.068 seconds
[2024-08-28T10:49:21.460+0200] {processor.py:153} INFO - Started process (PID=75943) to work on /Users/roselina/opt/anaconda3/envs/python37/lib/python3.7/site-packages/airflow/example_dags/example_xcom.py
[2024-08-28T10:49:21.463+0200] {processor.py:743} INFO - Processing file /Users/roselina/opt/anaconda3/envs/python37/lib/python3.7/site-packages/airflow/example_dags/example_xcom.py for tasks to queue
[2024-08-28T10:49:21.467+0200] {logging_mixin.py:137} INFO - [2024-08-28T10:49:21.466+0200] {dagbag.py:532} INFO - Filling up the DagBag from /Users/roselina/opt/anaconda3/envs/python37/lib/python3.7/site-packages/airflow/example_dags/example_xcom.py
[2024-08-28T10:49:21.500+0200] {processor.py:753} INFO - DAG(s) dict_keys(['example_xcom']) retrieved from /Users/roselina/opt/anaconda3/envs/python37/lib/python3.7/site-packages/airflow/example_dags/example_xcom.py
[2024-08-28T10:49:21.517+0200] {logging_mixin.py:137} INFO - [2024-08-28T10:49:21.516+0200] {dag.py:2705} INFO - Sync 1 DAGs
[2024-08-28T10:49:21.529+0200] {logging_mixin.py:137} INFO - [2024-08-28T10:49:21.529+0200] {dag.py:3456} INFO - Setting next_dagrun for example_xcom to 2021-01-01T00:00:00+00:00, run_after=2021-01-01T00:00:00+00:00
[2024-08-28T10:49:21.540+0200] {processor.py:175} INFO - Processing /Users/roselina/opt/anaconda3/envs/python37/lib/python3.7/site-packages/airflow/example_dags/example_xcom.py took 0.084 seconds
[2024-08-28T10:50:02.272+0200] {processor.py:153} INFO - Started process (PID=75988) to work on /Users/roselina/opt/anaconda3/envs/python37/lib/python3.7/site-packages/airflow/example_dags/example_xcom.py
[2024-08-28T10:50:02.273+0200] {processor.py:743} INFO - Processing file /Users/roselina/opt/anaconda3/envs/python37/lib/python3.7/site-packages/airflow/example_dags/example_xcom.py for tasks to queue
[2024-08-28T10:50:02.275+0200] {logging_mixin.py:137} INFO - [2024-08-28T10:50:02.274+0200] {dagbag.py:532} INFO - Filling up the DagBag from /Users/roselina/opt/anaconda3/envs/python37/lib/python3.7/site-packages/airflow/example_dags/example_xcom.py
[2024-08-28T10:50:02.299+0200] {processor.py:753} INFO - DAG(s) dict_keys(['example_xcom']) retrieved from /Users/roselina/opt/anaconda3/envs/python37/lib/python3.7/site-packages/airflow/example_dags/example_xcom.py
[2024-08-28T10:50:02.313+0200] {logging_mixin.py:137} INFO - [2024-08-28T10:50:02.313+0200] {dag.py:2705} INFO - Sync 1 DAGs
[2024-08-28T10:50:02.326+0200] {logging_mixin.py:137} INFO - [2024-08-28T10:50:02.325+0200] {dag.py:3456} INFO - Setting next_dagrun for example_xcom to 2021-01-01T00:00:00+00:00, run_after=2021-01-01T00:00:00+00:00
[2024-08-28T10:50:02.335+0200] {processor.py:175} INFO - Processing /Users/roselina/opt/anaconda3/envs/python37/lib/python3.7/site-packages/airflow/example_dags/example_xcom.py took 0.068 seconds
[2024-08-28T10:50:43.018+0200] {processor.py:153} INFO - Started process (PID=76033) to work on /Users/roselina/opt/anaconda3/envs/python37/lib/python3.7/site-packages/airflow/example_dags/example_xcom.py
[2024-08-28T10:50:43.019+0200] {processor.py:743} INFO - Processing file /Users/roselina/opt/anaconda3/envs/python37/lib/python3.7/site-packages/airflow/example_dags/example_xcom.py for tasks to queue
[2024-08-28T10:50:43.019+0200] {logging_mixin.py:137} INFO - [2024-08-28T10:50:43.019+0200] {dagbag.py:532} INFO - Filling up the DagBag from /Users/roselina/opt/anaconda3/envs/python37/lib/python3.7/site-packages/airflow/example_dags/example_xcom.py
[2024-08-28T10:50:43.034+0200] {processor.py:753} INFO - DAG(s) dict_keys(['example_xcom']) retrieved from /Users/roselina/opt/anaconda3/envs/python37/lib/python3.7/site-packages/airflow/example_dags/example_xcom.py
[2024-08-28T10:50:43.046+0200] {logging_mixin.py:137} INFO - [2024-08-28T10:50:43.046+0200] {dag.py:2705} INFO - Sync 1 DAGs
[2024-08-28T10:50:43.057+0200] {logging_mixin.py:137} INFO - [2024-08-28T10:50:43.057+0200] {dag.py:3456} INFO - Setting next_dagrun for example_xcom to 2021-01-01T00:00:00+00:00, run_after=2021-01-01T00:00:00+00:00
[2024-08-28T10:50:43.066+0200] {processor.py:175} INFO - Processing /Users/roselina/opt/anaconda3/envs/python37/lib/python3.7/site-packages/airflow/example_dags/example_xcom.py took 0.051 seconds
[2024-08-28T10:51:25.412+0200] {processor.py:153} INFO - Started process (PID=76095) to work on /Users/roselina/opt/anaconda3/envs/python37/lib/python3.7/site-packages/airflow/example_dags/example_xcom.py
[2024-08-28T10:51:25.413+0200] {processor.py:743} INFO - Processing file /Users/roselina/opt/anaconda3/envs/python37/lib/python3.7/site-packages/airflow/example_dags/example_xcom.py for tasks to queue
[2024-08-28T10:51:25.414+0200] {logging_mixin.py:137} INFO - [2024-08-28T10:51:25.414+0200] {dagbag.py:532} INFO - Filling up the DagBag from /Users/roselina/opt/anaconda3/envs/python37/lib/python3.7/site-packages/airflow/example_dags/example_xcom.py
[2024-08-28T10:51:25.438+0200] {processor.py:753} INFO - DAG(s) dict_keys(['example_xcom']) retrieved from /Users/roselina/opt/anaconda3/envs/python37/lib/python3.7/site-packages/airflow/example_dags/example_xcom.py
[2024-08-28T10:51:25.454+0200] {logging_mixin.py:137} INFO - [2024-08-28T10:51:25.453+0200] {dag.py:2705} INFO - Sync 1 DAGs
[2024-08-28T10:51:25.466+0200] {logging_mixin.py:137} INFO - [2024-08-28T10:51:25.466+0200] {dag.py:3456} INFO - Setting next_dagrun for example_xcom to 2021-01-01T00:00:00+00:00, run_after=2021-01-01T00:00:00+00:00
[2024-08-28T10:51:25.476+0200] {processor.py:175} INFO - Processing /Users/roselina/opt/anaconda3/envs/python37/lib/python3.7/site-packages/airflow/example_dags/example_xcom.py took 0.070 seconds
[2024-08-28T10:52:05.264+0200] {processor.py:153} INFO - Started process (PID=76146) to work on /Users/roselina/opt/anaconda3/envs/python37/lib/python3.7/site-packages/airflow/example_dags/example_xcom.py
[2024-08-28T10:52:05.265+0200] {processor.py:743} INFO - Processing file /Users/roselina/opt/anaconda3/envs/python37/lib/python3.7/site-packages/airflow/example_dags/example_xcom.py for tasks to queue
[2024-08-28T10:52:05.265+0200] {logging_mixin.py:137} INFO - [2024-08-28T10:52:05.265+0200] {dagbag.py:532} INFO - Filling up the DagBag from /Users/roselina/opt/anaconda3/envs/python37/lib/python3.7/site-packages/airflow/example_dags/example_xcom.py
[2024-08-28T10:52:05.280+0200] {processor.py:753} INFO - DAG(s) dict_keys(['example_xcom']) retrieved from /Users/roselina/opt/anaconda3/envs/python37/lib/python3.7/site-packages/airflow/example_dags/example_xcom.py
[2024-08-28T10:52:05.293+0200] {logging_mixin.py:137} INFO - [2024-08-28T10:52:05.292+0200] {dag.py:2705} INFO - Sync 1 DAGs
[2024-08-28T10:52:05.304+0200] {logging_mixin.py:137} INFO - [2024-08-28T10:52:05.304+0200] {dag.py:3456} INFO - Setting next_dagrun for example_xcom to 2021-01-01T00:00:00+00:00, run_after=2021-01-01T00:00:00+00:00
[2024-08-28T10:52:05.314+0200] {processor.py:175} INFO - Processing /Users/roselina/opt/anaconda3/envs/python37/lib/python3.7/site-packages/airflow/example_dags/example_xcom.py took 0.053 seconds
[2024-08-28T10:52:47.849+0200] {processor.py:153} INFO - Started process (PID=76195) to work on /Users/roselina/opt/anaconda3/envs/python37/lib/python3.7/site-packages/airflow/example_dags/example_xcom.py
[2024-08-28T10:52:47.852+0200] {processor.py:743} INFO - Processing file /Users/roselina/opt/anaconda3/envs/python37/lib/python3.7/site-packages/airflow/example_dags/example_xcom.py for tasks to queue
[2024-08-28T10:52:47.853+0200] {logging_mixin.py:137} INFO - [2024-08-28T10:52:47.853+0200] {dagbag.py:532} INFO - Filling up the DagBag from /Users/roselina/opt/anaconda3/envs/python37/lib/python3.7/site-packages/airflow/example_dags/example_xcom.py
[2024-08-28T10:52:47.880+0200] {processor.py:753} INFO - DAG(s) dict_keys(['example_xcom']) retrieved from /Users/roselina/opt/anaconda3/envs/python37/lib/python3.7/site-packages/airflow/example_dags/example_xcom.py
[2024-08-28T10:52:47.895+0200] {logging_mixin.py:137} INFO - [2024-08-28T10:52:47.895+0200] {dag.py:2705} INFO - Sync 1 DAGs
[2024-08-28T10:52:47.907+0200] {logging_mixin.py:137} INFO - [2024-08-28T10:52:47.906+0200] {dag.py:3456} INFO - Setting next_dagrun for example_xcom to 2021-01-01T00:00:00+00:00, run_after=2021-01-01T00:00:00+00:00
[2024-08-28T10:52:47.917+0200] {processor.py:175} INFO - Processing /Users/roselina/opt/anaconda3/envs/python37/lib/python3.7/site-packages/airflow/example_dags/example_xcom.py took 0.072 seconds
