[2024-08-28T10:11:23.387+0200] {processor.py:153} INFO - Started process (PID=74939) to work on /Users/roselina/opt/anaconda3/envs/python37/lib/python3.7/site-packages/airflow/example_dags/example_sensor_decorator.py
[2024-08-28T10:11:23.389+0200] {processor.py:743} INFO - Processing file /Users/roselina/opt/anaconda3/envs/python37/lib/python3.7/site-packages/airflow/example_dags/example_sensor_decorator.py for tasks to queue
[2024-08-28T10:11:23.390+0200] {logging_mixin.py:137} INFO - [2024-08-28T10:11:23.390+0200] {dagbag.py:532} INFO - Filling up the DagBag from /Users/roselina/opt/anaconda3/envs/python37/lib/python3.7/site-packages/airflow/example_dags/example_sensor_decorator.py
[2024-08-28T10:11:23.431+0200] {processor.py:753} INFO - DAG(s) dict_keys(['example_sensor_decorator']) retrieved from /Users/roselina/opt/anaconda3/envs/python37/lib/python3.7/site-packages/airflow/example_dags/example_sensor_decorator.py
[2024-08-28T10:11:23.491+0200] {logging_mixin.py:137} INFO - [2024-08-28T10:11:23.491+0200] {manager.py:504} INFO - Created Permission View: can read on DAG:example_sensor_decorator
[2024-08-28T10:11:23.496+0200] {logging_mixin.py:137} INFO - [2024-08-28T10:11:23.496+0200] {manager.py:504} INFO - Created Permission View: can delete on DAG:example_sensor_decorator
[2024-08-28T10:11:23.499+0200] {logging_mixin.py:137} INFO - [2024-08-28T10:11:23.499+0200] {manager.py:504} INFO - Created Permission View: can edit on DAG:example_sensor_decorator
[2024-08-28T10:11:23.499+0200] {logging_mixin.py:137} INFO - [2024-08-28T10:11:23.499+0200] {dag.py:2705} INFO - Sync 1 DAGs
[2024-08-28T10:11:23.506+0200] {logging_mixin.py:137} INFO - [2024-08-28T10:11:23.506+0200] {dag.py:2726} INFO - Creating ORM DAG for example_sensor_decorator
[2024-08-28T10:11:23.517+0200] {logging_mixin.py:137} INFO - [2024-08-28T10:11:23.516+0200] {dag.py:3456} INFO - Setting next_dagrun for example_sensor_decorator to None, run_after=None
[2024-08-28T10:11:23.533+0200] {processor.py:175} INFO - Processing /Users/roselina/opt/anaconda3/envs/python37/lib/python3.7/site-packages/airflow/example_dags/example_sensor_decorator.py took 0.151 seconds
[2024-08-28T10:12:07.112+0200] {processor.py:153} INFO - Started process (PID=75002) to work on /Users/roselina/opt/anaconda3/envs/python37/lib/python3.7/site-packages/airflow/example_dags/example_sensor_decorator.py
[2024-08-28T10:12:07.113+0200] {processor.py:743} INFO - Processing file /Users/roselina/opt/anaconda3/envs/python37/lib/python3.7/site-packages/airflow/example_dags/example_sensor_decorator.py for tasks to queue
[2024-08-28T10:12:07.114+0200] {logging_mixin.py:137} INFO - [2024-08-28T10:12:07.113+0200] {dagbag.py:532} INFO - Filling up the DagBag from /Users/roselina/opt/anaconda3/envs/python37/lib/python3.7/site-packages/airflow/example_dags/example_sensor_decorator.py
[2024-08-28T10:12:07.133+0200] {processor.py:753} INFO - DAG(s) dict_keys(['example_sensor_decorator']) retrieved from /Users/roselina/opt/anaconda3/envs/python37/lib/python3.7/site-packages/airflow/example_dags/example_sensor_decorator.py
[2024-08-28T10:12:07.146+0200] {logging_mixin.py:137} INFO - [2024-08-28T10:12:07.146+0200] {dag.py:2705} INFO - Sync 1 DAGs
[2024-08-28T10:12:07.158+0200] {logging_mixin.py:137} INFO - [2024-08-28T10:12:07.158+0200] {dag.py:3456} INFO - Setting next_dagrun for example_sensor_decorator to None, run_after=None
[2024-08-28T10:12:07.169+0200] {processor.py:175} INFO - Processing /Users/roselina/opt/anaconda3/envs/python37/lib/python3.7/site-packages/airflow/example_dags/example_sensor_decorator.py took 0.059 seconds
[2024-08-28T10:12:47.728+0200] {processor.py:153} INFO - Started process (PID=75064) to work on /Users/roselina/opt/anaconda3/envs/python37/lib/python3.7/site-packages/airflow/example_dags/example_sensor_decorator.py
[2024-08-28T10:12:47.730+0200] {processor.py:743} INFO - Processing file /Users/roselina/opt/anaconda3/envs/python37/lib/python3.7/site-packages/airflow/example_dags/example_sensor_decorator.py for tasks to queue
[2024-08-28T10:12:47.731+0200] {logging_mixin.py:137} INFO - [2024-08-28T10:12:47.731+0200] {dagbag.py:532} INFO - Filling up the DagBag from /Users/roselina/opt/anaconda3/envs/python37/lib/python3.7/site-packages/airflow/example_dags/example_sensor_decorator.py
[2024-08-28T10:12:47.762+0200] {processor.py:753} INFO - DAG(s) dict_keys(['example_sensor_decorator']) retrieved from /Users/roselina/opt/anaconda3/envs/python37/lib/python3.7/site-packages/airflow/example_dags/example_sensor_decorator.py
[2024-08-28T10:12:47.777+0200] {logging_mixin.py:137} INFO - [2024-08-28T10:12:47.777+0200] {dag.py:2705} INFO - Sync 1 DAGs
[2024-08-28T10:12:47.789+0200] {logging_mixin.py:137} INFO - [2024-08-28T10:12:47.789+0200] {dag.py:3456} INFO - Setting next_dagrun for example_sensor_decorator to None, run_after=None
[2024-08-28T10:12:47.799+0200] {processor.py:175} INFO - Processing /Users/roselina/opt/anaconda3/envs/python37/lib/python3.7/site-packages/airflow/example_dags/example_sensor_decorator.py took 0.075 seconds
[2024-08-28T10:13:30.154+0200] {processor.py:153} INFO - Started process (PID=75122) to work on /Users/roselina/opt/anaconda3/envs/python37/lib/python3.7/site-packages/airflow/example_dags/example_sensor_decorator.py
[2024-08-28T10:13:30.156+0200] {processor.py:743} INFO - Processing file /Users/roselina/opt/anaconda3/envs/python37/lib/python3.7/site-packages/airflow/example_dags/example_sensor_decorator.py for tasks to queue
[2024-08-28T10:13:30.157+0200] {logging_mixin.py:137} INFO - [2024-08-28T10:13:30.156+0200] {dagbag.py:532} INFO - Filling up the DagBag from /Users/roselina/opt/anaconda3/envs/python37/lib/python3.7/site-packages/airflow/example_dags/example_sensor_decorator.py
[2024-08-28T10:13:30.177+0200] {processor.py:753} INFO - DAG(s) dict_keys(['example_sensor_decorator']) retrieved from /Users/roselina/opt/anaconda3/envs/python37/lib/python3.7/site-packages/airflow/example_dags/example_sensor_decorator.py
[2024-08-28T10:13:30.192+0200] {logging_mixin.py:137} INFO - [2024-08-28T10:13:30.192+0200] {dag.py:2705} INFO - Sync 1 DAGs
[2024-08-28T10:13:30.205+0200] {logging_mixin.py:137} INFO - [2024-08-28T10:13:30.205+0200] {dag.py:3456} INFO - Setting next_dagrun for example_sensor_decorator to None, run_after=None
[2024-08-28T10:13:30.215+0200] {processor.py:175} INFO - Processing /Users/roselina/opt/anaconda3/envs/python37/lib/python3.7/site-packages/airflow/example_dags/example_sensor_decorator.py took 0.064 seconds
[2024-08-28T10:14:12.806+0200] {processor.py:153} INFO - Started process (PID=75200) to work on /Users/roselina/opt/anaconda3/envs/python37/lib/python3.7/site-packages/airflow/example_dags/example_sensor_decorator.py
[2024-08-28T10:14:12.809+0200] {processor.py:743} INFO - Processing file /Users/roselina/opt/anaconda3/envs/python37/lib/python3.7/site-packages/airflow/example_dags/example_sensor_decorator.py for tasks to queue
[2024-08-28T10:14:12.811+0200] {logging_mixin.py:137} INFO - [2024-08-28T10:14:12.811+0200] {dagbag.py:532} INFO - Filling up the DagBag from /Users/roselina/opt/anaconda3/envs/python37/lib/python3.7/site-packages/airflow/example_dags/example_sensor_decorator.py
[2024-08-28T10:14:12.839+0200] {processor.py:753} INFO - DAG(s) dict_keys(['example_sensor_decorator']) retrieved from /Users/roselina/opt/anaconda3/envs/python37/lib/python3.7/site-packages/airflow/example_dags/example_sensor_decorator.py
[2024-08-28T10:14:12.854+0200] {logging_mixin.py:137} INFO - [2024-08-28T10:14:12.854+0200] {dag.py:2705} INFO - Sync 1 DAGs
[2024-08-28T10:14:12.870+0200] {logging_mixin.py:137} INFO - [2024-08-28T10:14:12.870+0200] {dag.py:3456} INFO - Setting next_dagrun for example_sensor_decorator to None, run_after=None
[2024-08-28T10:14:12.882+0200] {processor.py:175} INFO - Processing /Users/roselina/opt/anaconda3/envs/python37/lib/python3.7/site-packages/airflow/example_dags/example_sensor_decorator.py took 0.079 seconds
[2024-08-28T10:14:55.140+0200] {processor.py:153} INFO - Started process (PID=75247) to work on /Users/roselina/opt/anaconda3/envs/python37/lib/python3.7/site-packages/airflow/example_dags/example_sensor_decorator.py
[2024-08-28T10:14:55.142+0200] {processor.py:743} INFO - Processing file /Users/roselina/opt/anaconda3/envs/python37/lib/python3.7/site-packages/airflow/example_dags/example_sensor_decorator.py for tasks to queue
[2024-08-28T10:14:55.143+0200] {logging_mixin.py:137} INFO - [2024-08-28T10:14:55.143+0200] {dagbag.py:532} INFO - Filling up the DagBag from /Users/roselina/opt/anaconda3/envs/python37/lib/python3.7/site-packages/airflow/example_dags/example_sensor_decorator.py
[2024-08-28T10:14:55.167+0200] {processor.py:753} INFO - DAG(s) dict_keys(['example_sensor_decorator']) retrieved from /Users/roselina/opt/anaconda3/envs/python37/lib/python3.7/site-packages/airflow/example_dags/example_sensor_decorator.py
[2024-08-28T10:14:55.182+0200] {logging_mixin.py:137} INFO - [2024-08-28T10:14:55.182+0200] {dag.py:2705} INFO - Sync 1 DAGs
[2024-08-28T10:14:55.194+0200] {logging_mixin.py:137} INFO - [2024-08-28T10:14:55.194+0200] {dag.py:3456} INFO - Setting next_dagrun for example_sensor_decorator to None, run_after=None
[2024-08-28T10:14:55.204+0200] {processor.py:175} INFO - Processing /Users/roselina/opt/anaconda3/envs/python37/lib/python3.7/site-packages/airflow/example_dags/example_sensor_decorator.py took 0.068 seconds
[2024-08-28T10:15:35.794+0200] {processor.py:153} INFO - Started process (PID=75292) to work on /Users/roselina/opt/anaconda3/envs/python37/lib/python3.7/site-packages/airflow/example_dags/example_sensor_decorator.py
[2024-08-28T10:15:35.796+0200] {processor.py:743} INFO - Processing file /Users/roselina/opt/anaconda3/envs/python37/lib/python3.7/site-packages/airflow/example_dags/example_sensor_decorator.py for tasks to queue
[2024-08-28T10:15:35.797+0200] {logging_mixin.py:137} INFO - [2024-08-28T10:15:35.797+0200] {dagbag.py:532} INFO - Filling up the DagBag from /Users/roselina/opt/anaconda3/envs/python37/lib/python3.7/site-packages/airflow/example_dags/example_sensor_decorator.py
[2024-08-28T10:15:35.819+0200] {processor.py:753} INFO - DAG(s) dict_keys(['example_sensor_decorator']) retrieved from /Users/roselina/opt/anaconda3/envs/python37/lib/python3.7/site-packages/airflow/example_dags/example_sensor_decorator.py
[2024-08-28T10:15:35.832+0200] {logging_mixin.py:137} INFO - [2024-08-28T10:15:35.832+0200] {dag.py:2705} INFO - Sync 1 DAGs
[2024-08-28T10:15:35.844+0200] {logging_mixin.py:137} INFO - [2024-08-28T10:15:35.843+0200] {dag.py:3456} INFO - Setting next_dagrun for example_sensor_decorator to None, run_after=None
[2024-08-28T10:15:35.854+0200] {processor.py:175} INFO - Processing /Users/roselina/opt/anaconda3/envs/python37/lib/python3.7/site-packages/airflow/example_dags/example_sensor_decorator.py took 0.064 seconds
[2024-08-28T10:16:15.179+0200] {processor.py:153} INFO - Started process (PID=75336) to work on /Users/roselina/opt/anaconda3/envs/python37/lib/python3.7/site-packages/airflow/example_dags/example_sensor_decorator.py
[2024-08-28T10:16:15.179+0200] {processor.py:743} INFO - Processing file /Users/roselina/opt/anaconda3/envs/python37/lib/python3.7/site-packages/airflow/example_dags/example_sensor_decorator.py for tasks to queue
[2024-08-28T10:16:15.180+0200] {logging_mixin.py:137} INFO - [2024-08-28T10:16:15.180+0200] {dagbag.py:532} INFO - Filling up the DagBag from /Users/roselina/opt/anaconda3/envs/python37/lib/python3.7/site-packages/airflow/example_dags/example_sensor_decorator.py
[2024-08-28T10:16:15.193+0200] {processor.py:753} INFO - DAG(s) dict_keys(['example_sensor_decorator']) retrieved from /Users/roselina/opt/anaconda3/envs/python37/lib/python3.7/site-packages/airflow/example_dags/example_sensor_decorator.py
[2024-08-28T10:16:15.203+0200] {logging_mixin.py:137} INFO - [2024-08-28T10:16:15.203+0200] {dag.py:2705} INFO - Sync 1 DAGs
[2024-08-28T10:16:15.214+0200] {logging_mixin.py:137} INFO - [2024-08-28T10:16:15.214+0200] {dag.py:3456} INFO - Setting next_dagrun for example_sensor_decorator to None, run_after=None
[2024-08-28T10:16:15.223+0200] {processor.py:175} INFO - Processing /Users/roselina/opt/anaconda3/envs/python37/lib/python3.7/site-packages/airflow/example_dags/example_sensor_decorator.py took 0.047 seconds
[2024-08-28T10:16:56.900+0200] {processor.py:153} INFO - Started process (PID=75382) to work on /Users/roselina/opt/anaconda3/envs/python37/lib/python3.7/site-packages/airflow/example_dags/example_sensor_decorator.py
[2024-08-28T10:16:56.902+0200] {processor.py:743} INFO - Processing file /Users/roselina/opt/anaconda3/envs/python37/lib/python3.7/site-packages/airflow/example_dags/example_sensor_decorator.py for tasks to queue
[2024-08-28T10:16:56.903+0200] {logging_mixin.py:137} INFO - [2024-08-28T10:16:56.903+0200] {dagbag.py:532} INFO - Filling up the DagBag from /Users/roselina/opt/anaconda3/envs/python37/lib/python3.7/site-packages/airflow/example_dags/example_sensor_decorator.py
[2024-08-28T10:16:56.928+0200] {processor.py:753} INFO - DAG(s) dict_keys(['example_sensor_decorator']) retrieved from /Users/roselina/opt/anaconda3/envs/python37/lib/python3.7/site-packages/airflow/example_dags/example_sensor_decorator.py
[2024-08-28T10:16:56.940+0200] {logging_mixin.py:137} INFO - [2024-08-28T10:16:56.940+0200] {dag.py:2705} INFO - Sync 1 DAGs
[2024-08-28T10:16:56.952+0200] {logging_mixin.py:137} INFO - [2024-08-28T10:16:56.952+0200] {dag.py:3456} INFO - Setting next_dagrun for example_sensor_decorator to None, run_after=None
[2024-08-28T10:16:56.961+0200] {processor.py:175} INFO - Processing /Users/roselina/opt/anaconda3/envs/python37/lib/python3.7/site-packages/airflow/example_dags/example_sensor_decorator.py took 0.065 seconds
[2024-08-28T10:17:37.667+0200] {processor.py:153} INFO - Started process (PID=75435) to work on /Users/roselina/opt/anaconda3/envs/python37/lib/python3.7/site-packages/airflow/example_dags/example_sensor_decorator.py
[2024-08-28T10:17:37.670+0200] {processor.py:743} INFO - Processing file /Users/roselina/opt/anaconda3/envs/python37/lib/python3.7/site-packages/airflow/example_dags/example_sensor_decorator.py for tasks to queue
[2024-08-28T10:17:37.672+0200] {logging_mixin.py:137} INFO - [2024-08-28T10:17:37.671+0200] {dagbag.py:532} INFO - Filling up the DagBag from /Users/roselina/opt/anaconda3/envs/python37/lib/python3.7/site-packages/airflow/example_dags/example_sensor_decorator.py
[2024-08-28T10:17:37.696+0200] {processor.py:753} INFO - DAG(s) dict_keys(['example_sensor_decorator']) retrieved from /Users/roselina/opt/anaconda3/envs/python37/lib/python3.7/site-packages/airflow/example_dags/example_sensor_decorator.py
[2024-08-28T10:17:37.710+0200] {logging_mixin.py:137} INFO - [2024-08-28T10:17:37.710+0200] {dag.py:2705} INFO - Sync 1 DAGs
[2024-08-28T10:17:37.722+0200] {logging_mixin.py:137} INFO - [2024-08-28T10:17:37.722+0200] {dag.py:3456} INFO - Setting next_dagrun for example_sensor_decorator to None, run_after=None
[2024-08-28T10:17:37.732+0200] {processor.py:175} INFO - Processing /Users/roselina/opt/anaconda3/envs/python37/lib/python3.7/site-packages/airflow/example_dags/example_sensor_decorator.py took 0.070 seconds
[2024-08-28T10:44:00.057+0200] {processor.py:153} INFO - Started process (PID=75533) to work on /Users/roselina/opt/anaconda3/envs/python37/lib/python3.7/site-packages/airflow/example_dags/example_sensor_decorator.py
[2024-08-28T10:44:00.059+0200] {processor.py:743} INFO - Processing file /Users/roselina/opt/anaconda3/envs/python37/lib/python3.7/site-packages/airflow/example_dags/example_sensor_decorator.py for tasks to queue
[2024-08-28T10:44:00.060+0200] {logging_mixin.py:137} INFO - [2024-08-28T10:44:00.060+0200] {dagbag.py:532} INFO - Filling up the DagBag from /Users/roselina/opt/anaconda3/envs/python37/lib/python3.7/site-packages/airflow/example_dags/example_sensor_decorator.py
[2024-08-28T10:44:00.081+0200] {processor.py:753} INFO - DAG(s) dict_keys(['example_sensor_decorator']) retrieved from /Users/roselina/opt/anaconda3/envs/python37/lib/python3.7/site-packages/airflow/example_dags/example_sensor_decorator.py
[2024-08-28T10:44:00.094+0200] {logging_mixin.py:137} INFO - [2024-08-28T10:44:00.094+0200] {dag.py:2705} INFO - Sync 1 DAGs
[2024-08-28T10:44:00.106+0200] {logging_mixin.py:137} INFO - [2024-08-28T10:44:00.106+0200] {dag.py:3456} INFO - Setting next_dagrun for example_sensor_decorator to None, run_after=None
[2024-08-28T10:44:00.116+0200] {processor.py:175} INFO - Processing /Users/roselina/opt/anaconda3/envs/python37/lib/python3.7/site-packages/airflow/example_dags/example_sensor_decorator.py took 0.063 seconds
[2024-08-28T10:44:43.198+0200] {processor.py:153} INFO - Started process (PID=75585) to work on /Users/roselina/opt/anaconda3/envs/python37/lib/python3.7/site-packages/airflow/example_dags/example_sensor_decorator.py
[2024-08-28T10:44:43.199+0200] {processor.py:743} INFO - Processing file /Users/roselina/opt/anaconda3/envs/python37/lib/python3.7/site-packages/airflow/example_dags/example_sensor_decorator.py for tasks to queue
[2024-08-28T10:44:43.200+0200] {logging_mixin.py:137} INFO - [2024-08-28T10:44:43.200+0200] {dagbag.py:532} INFO - Filling up the DagBag from /Users/roselina/opt/anaconda3/envs/python37/lib/python3.7/site-packages/airflow/example_dags/example_sensor_decorator.py
[2024-08-28T10:44:43.218+0200] {processor.py:753} INFO - DAG(s) dict_keys(['example_sensor_decorator']) retrieved from /Users/roselina/opt/anaconda3/envs/python37/lib/python3.7/site-packages/airflow/example_dags/example_sensor_decorator.py
[2024-08-28T10:44:43.230+0200] {logging_mixin.py:137} INFO - [2024-08-28T10:44:43.230+0200] {dag.py:2705} INFO - Sync 1 DAGs
[2024-08-28T10:44:43.243+0200] {logging_mixin.py:137} INFO - [2024-08-28T10:44:43.243+0200] {dag.py:3456} INFO - Setting next_dagrun for example_sensor_decorator to None, run_after=None
[2024-08-28T10:44:43.254+0200] {processor.py:175} INFO - Processing /Users/roselina/opt/anaconda3/envs/python37/lib/python3.7/site-packages/airflow/example_dags/example_sensor_decorator.py took 0.059 seconds
[2024-08-28T10:45:26.076+0200] {processor.py:153} INFO - Started process (PID=75643) to work on /Users/roselina/opt/anaconda3/envs/python37/lib/python3.7/site-packages/airflow/example_dags/example_sensor_decorator.py
[2024-08-28T10:45:26.078+0200] {processor.py:743} INFO - Processing file /Users/roselina/opt/anaconda3/envs/python37/lib/python3.7/site-packages/airflow/example_dags/example_sensor_decorator.py for tasks to queue
[2024-08-28T10:45:26.079+0200] {logging_mixin.py:137} INFO - [2024-08-28T10:45:26.078+0200] {dagbag.py:532} INFO - Filling up the DagBag from /Users/roselina/opt/anaconda3/envs/python37/lib/python3.7/site-packages/airflow/example_dags/example_sensor_decorator.py
[2024-08-28T10:45:26.101+0200] {processor.py:753} INFO - DAG(s) dict_keys(['example_sensor_decorator']) retrieved from /Users/roselina/opt/anaconda3/envs/python37/lib/python3.7/site-packages/airflow/example_dags/example_sensor_decorator.py
[2024-08-28T10:45:26.120+0200] {logging_mixin.py:137} INFO - [2024-08-28T10:45:26.120+0200] {dag.py:2705} INFO - Sync 1 DAGs
[2024-08-28T10:45:26.134+0200] {logging_mixin.py:137} INFO - [2024-08-28T10:45:26.134+0200] {dag.py:3456} INFO - Setting next_dagrun for example_sensor_decorator to None, run_after=None
[2024-08-28T10:45:26.146+0200] {processor.py:175} INFO - Processing /Users/roselina/opt/anaconda3/envs/python37/lib/python3.7/site-packages/airflow/example_dags/example_sensor_decorator.py took 0.073 seconds
[2024-08-28T10:46:05.079+0200] {processor.py:153} INFO - Started process (PID=75689) to work on /Users/roselina/opt/anaconda3/envs/python37/lib/python3.7/site-packages/airflow/example_dags/example_sensor_decorator.py
[2024-08-28T10:46:05.080+0200] {processor.py:743} INFO - Processing file /Users/roselina/opt/anaconda3/envs/python37/lib/python3.7/site-packages/airflow/example_dags/example_sensor_decorator.py for tasks to queue
[2024-08-28T10:46:05.082+0200] {logging_mixin.py:137} INFO - [2024-08-28T10:46:05.081+0200] {dagbag.py:532} INFO - Filling up the DagBag from /Users/roselina/opt/anaconda3/envs/python37/lib/python3.7/site-packages/airflow/example_dags/example_sensor_decorator.py
[2024-08-28T10:46:05.106+0200] {processor.py:753} INFO - DAG(s) dict_keys(['example_sensor_decorator']) retrieved from /Users/roselina/opt/anaconda3/envs/python37/lib/python3.7/site-packages/airflow/example_dags/example_sensor_decorator.py
[2024-08-28T10:46:05.119+0200] {logging_mixin.py:137} INFO - [2024-08-28T10:46:05.119+0200] {dag.py:2705} INFO - Sync 1 DAGs
[2024-08-28T10:46:05.132+0200] {logging_mixin.py:137} INFO - [2024-08-28T10:46:05.132+0200] {dag.py:3456} INFO - Setting next_dagrun for example_sensor_decorator to None, run_after=None
[2024-08-28T10:46:05.142+0200] {processor.py:175} INFO - Processing /Users/roselina/opt/anaconda3/envs/python37/lib/python3.7/site-packages/airflow/example_dags/example_sensor_decorator.py took 0.068 seconds
[2024-08-28T10:46:46.773+0200] {processor.py:153} INFO - Started process (PID=75733) to work on /Users/roselina/opt/anaconda3/envs/python37/lib/python3.7/site-packages/airflow/example_dags/example_sensor_decorator.py
[2024-08-28T10:46:46.776+0200] {processor.py:743} INFO - Processing file /Users/roselina/opt/anaconda3/envs/python37/lib/python3.7/site-packages/airflow/example_dags/example_sensor_decorator.py for tasks to queue
[2024-08-28T10:46:46.777+0200] {logging_mixin.py:137} INFO - [2024-08-28T10:46:46.777+0200] {dagbag.py:532} INFO - Filling up the DagBag from /Users/roselina/opt/anaconda3/envs/python37/lib/python3.7/site-packages/airflow/example_dags/example_sensor_decorator.py
[2024-08-28T10:46:46.802+0200] {processor.py:753} INFO - DAG(s) dict_keys(['example_sensor_decorator']) retrieved from /Users/roselina/opt/anaconda3/envs/python37/lib/python3.7/site-packages/airflow/example_dags/example_sensor_decorator.py
[2024-08-28T10:46:46.816+0200] {logging_mixin.py:137} INFO - [2024-08-28T10:46:46.816+0200] {dag.py:2705} INFO - Sync 1 DAGs
[2024-08-28T10:46:46.828+0200] {logging_mixin.py:137} INFO - [2024-08-28T10:46:46.828+0200] {dag.py:3456} INFO - Setting next_dagrun for example_sensor_decorator to None, run_after=None
[2024-08-28T10:46:46.837+0200] {processor.py:175} INFO - Processing /Users/roselina/opt/anaconda3/envs/python37/lib/python3.7/site-packages/airflow/example_dags/example_sensor_decorator.py took 0.069 seconds
[2024-08-28T10:47:28.663+0200] {processor.py:153} INFO - Started process (PID=75790) to work on /Users/roselina/opt/anaconda3/envs/python37/lib/python3.7/site-packages/airflow/example_dags/example_sensor_decorator.py
[2024-08-28T10:47:28.665+0200] {processor.py:743} INFO - Processing file /Users/roselina/opt/anaconda3/envs/python37/lib/python3.7/site-packages/airflow/example_dags/example_sensor_decorator.py for tasks to queue
[2024-08-28T10:47:28.667+0200] {logging_mixin.py:137} INFO - [2024-08-28T10:47:28.666+0200] {dagbag.py:532} INFO - Filling up the DagBag from /Users/roselina/opt/anaconda3/envs/python37/lib/python3.7/site-packages/airflow/example_dags/example_sensor_decorator.py
[2024-08-28T10:47:28.694+0200] {processor.py:753} INFO - DAG(s) dict_keys(['example_sensor_decorator']) retrieved from /Users/roselina/opt/anaconda3/envs/python37/lib/python3.7/site-packages/airflow/example_dags/example_sensor_decorator.py
[2024-08-28T10:47:28.708+0200] {logging_mixin.py:137} INFO - [2024-08-28T10:47:28.708+0200] {dag.py:2705} INFO - Sync 1 DAGs
[2024-08-28T10:47:28.720+0200] {logging_mixin.py:137} INFO - [2024-08-28T10:47:28.720+0200] {dag.py:3456} INFO - Setting next_dagrun for example_sensor_decorator to None, run_after=None
[2024-08-28T10:47:28.730+0200] {processor.py:175} INFO - Processing /Users/roselina/opt/anaconda3/envs/python37/lib/python3.7/site-packages/airflow/example_dags/example_sensor_decorator.py took 0.071 seconds
[2024-08-28T10:48:10.115+0200] {processor.py:153} INFO - Started process (PID=75846) to work on /Users/roselina/opt/anaconda3/envs/python37/lib/python3.7/site-packages/airflow/example_dags/example_sensor_decorator.py
[2024-08-28T10:48:10.120+0200] {processor.py:743} INFO - Processing file /Users/roselina/opt/anaconda3/envs/python37/lib/python3.7/site-packages/airflow/example_dags/example_sensor_decorator.py for tasks to queue
[2024-08-28T10:48:10.121+0200] {logging_mixin.py:137} INFO - [2024-08-28T10:48:10.121+0200] {dagbag.py:532} INFO - Filling up the DagBag from /Users/roselina/opt/anaconda3/envs/python37/lib/python3.7/site-packages/airflow/example_dags/example_sensor_decorator.py
[2024-08-28T10:48:10.149+0200] {processor.py:753} INFO - DAG(s) dict_keys(['example_sensor_decorator']) retrieved from /Users/roselina/opt/anaconda3/envs/python37/lib/python3.7/site-packages/airflow/example_dags/example_sensor_decorator.py
[2024-08-28T10:48:10.164+0200] {logging_mixin.py:137} INFO - [2024-08-28T10:48:10.163+0200] {dag.py:2705} INFO - Sync 1 DAGs
[2024-08-28T10:48:10.175+0200] {logging_mixin.py:137} INFO - [2024-08-28T10:48:10.175+0200] {dag.py:3456} INFO - Setting next_dagrun for example_sensor_decorator to None, run_after=None
[2024-08-28T10:48:10.185+0200] {processor.py:175} INFO - Processing /Users/roselina/opt/anaconda3/envs/python37/lib/python3.7/site-packages/airflow/example_dags/example_sensor_decorator.py took 0.074 seconds
[2024-08-28T10:48:51.235+0200] {processor.py:153} INFO - Started process (PID=75910) to work on /Users/roselina/opt/anaconda3/envs/python37/lib/python3.7/site-packages/airflow/example_dags/example_sensor_decorator.py
[2024-08-28T10:48:51.237+0200] {processor.py:743} INFO - Processing file /Users/roselina/opt/anaconda3/envs/python37/lib/python3.7/site-packages/airflow/example_dags/example_sensor_decorator.py for tasks to queue
[2024-08-28T10:48:51.238+0200] {logging_mixin.py:137} INFO - [2024-08-28T10:48:51.238+0200] {dagbag.py:532} INFO - Filling up the DagBag from /Users/roselina/opt/anaconda3/envs/python37/lib/python3.7/site-packages/airflow/example_dags/example_sensor_decorator.py
[2024-08-28T10:48:51.261+0200] {processor.py:753} INFO - DAG(s) dict_keys(['example_sensor_decorator']) retrieved from /Users/roselina/opt/anaconda3/envs/python37/lib/python3.7/site-packages/airflow/example_dags/example_sensor_decorator.py
[2024-08-28T10:48:51.275+0200] {logging_mixin.py:137} INFO - [2024-08-28T10:48:51.275+0200] {dag.py:2705} INFO - Sync 1 DAGs
[2024-08-28T10:48:51.287+0200] {logging_mixin.py:137} INFO - [2024-08-28T10:48:51.286+0200] {dag.py:3456} INFO - Setting next_dagrun for example_sensor_decorator to None, run_after=None
[2024-08-28T10:48:51.297+0200] {processor.py:175} INFO - Processing /Users/roselina/opt/anaconda3/envs/python37/lib/python3.7/site-packages/airflow/example_dags/example_sensor_decorator.py took 0.067 seconds
[2024-08-28T10:49:32.942+0200] {processor.py:153} INFO - Started process (PID=75956) to work on /Users/roselina/opt/anaconda3/envs/python37/lib/python3.7/site-packages/airflow/example_dags/example_sensor_decorator.py
[2024-08-28T10:49:32.944+0200] {processor.py:743} INFO - Processing file /Users/roselina/opt/anaconda3/envs/python37/lib/python3.7/site-packages/airflow/example_dags/example_sensor_decorator.py for tasks to queue
[2024-08-28T10:49:32.945+0200] {logging_mixin.py:137} INFO - [2024-08-28T10:49:32.945+0200] {dagbag.py:532} INFO - Filling up the DagBag from /Users/roselina/opt/anaconda3/envs/python37/lib/python3.7/site-packages/airflow/example_dags/example_sensor_decorator.py
[2024-08-28T10:49:32.970+0200] {processor.py:753} INFO - DAG(s) dict_keys(['example_sensor_decorator']) retrieved from /Users/roselina/opt/anaconda3/envs/python37/lib/python3.7/site-packages/airflow/example_dags/example_sensor_decorator.py
[2024-08-28T10:49:32.987+0200] {logging_mixin.py:137} INFO - [2024-08-28T10:49:32.987+0200] {dag.py:2705} INFO - Sync 1 DAGs
[2024-08-28T10:49:33.003+0200] {logging_mixin.py:137} INFO - [2024-08-28T10:49:33.003+0200] {dag.py:3456} INFO - Setting next_dagrun for example_sensor_decorator to None, run_after=None
[2024-08-28T10:49:33.013+0200] {processor.py:175} INFO - Processing /Users/roselina/opt/anaconda3/envs/python37/lib/python3.7/site-packages/airflow/example_dags/example_sensor_decorator.py took 0.076 seconds
[2024-08-28T10:50:13.602+0200] {processor.py:153} INFO - Started process (PID=76001) to work on /Users/roselina/opt/anaconda3/envs/python37/lib/python3.7/site-packages/airflow/example_dags/example_sensor_decorator.py
[2024-08-28T10:50:13.604+0200] {processor.py:743} INFO - Processing file /Users/roselina/opt/anaconda3/envs/python37/lib/python3.7/site-packages/airflow/example_dags/example_sensor_decorator.py for tasks to queue
[2024-08-28T10:50:13.605+0200] {logging_mixin.py:137} INFO - [2024-08-28T10:50:13.605+0200] {dagbag.py:532} INFO - Filling up the DagBag from /Users/roselina/opt/anaconda3/envs/python37/lib/python3.7/site-packages/airflow/example_dags/example_sensor_decorator.py
[2024-08-28T10:50:13.630+0200] {processor.py:753} INFO - DAG(s) dict_keys(['example_sensor_decorator']) retrieved from /Users/roselina/opt/anaconda3/envs/python37/lib/python3.7/site-packages/airflow/example_dags/example_sensor_decorator.py
[2024-08-28T10:50:13.644+0200] {logging_mixin.py:137} INFO - [2024-08-28T10:50:13.644+0200] {dag.py:2705} INFO - Sync 1 DAGs
[2024-08-28T10:50:13.656+0200] {logging_mixin.py:137} INFO - [2024-08-28T10:50:13.656+0200] {dag.py:3456} INFO - Setting next_dagrun for example_sensor_decorator to None, run_after=None
[2024-08-28T10:50:13.666+0200] {processor.py:175} INFO - Processing /Users/roselina/opt/anaconda3/envs/python37/lib/python3.7/site-packages/airflow/example_dags/example_sensor_decorator.py took 0.068 seconds
[2024-08-28T10:50:54.357+0200] {processor.py:153} INFO - Started process (PID=76046) to work on /Users/roselina/opt/anaconda3/envs/python37/lib/python3.7/site-packages/airflow/example_dags/example_sensor_decorator.py
[2024-08-28T10:50:54.359+0200] {processor.py:743} INFO - Processing file /Users/roselina/opt/anaconda3/envs/python37/lib/python3.7/site-packages/airflow/example_dags/example_sensor_decorator.py for tasks to queue
[2024-08-28T10:50:54.360+0200] {logging_mixin.py:137} INFO - [2024-08-28T10:50:54.360+0200] {dagbag.py:532} INFO - Filling up the DagBag from /Users/roselina/opt/anaconda3/envs/python37/lib/python3.7/site-packages/airflow/example_dags/example_sensor_decorator.py
[2024-08-28T10:50:54.387+0200] {processor.py:753} INFO - DAG(s) dict_keys(['example_sensor_decorator']) retrieved from /Users/roselina/opt/anaconda3/envs/python37/lib/python3.7/site-packages/airflow/example_dags/example_sensor_decorator.py
[2024-08-28T10:50:54.400+0200] {logging_mixin.py:137} INFO - [2024-08-28T10:50:54.400+0200] {dag.py:2705} INFO - Sync 1 DAGs
[2024-08-28T10:50:54.412+0200] {logging_mixin.py:137} INFO - [2024-08-28T10:50:54.412+0200] {dag.py:3456} INFO - Setting next_dagrun for example_sensor_decorator to None, run_after=None
[2024-08-28T10:50:54.422+0200] {processor.py:175} INFO - Processing /Users/roselina/opt/anaconda3/envs/python37/lib/python3.7/site-packages/airflow/example_dags/example_sensor_decorator.py took 0.069 seconds
[2024-08-28T10:51:37.235+0200] {processor.py:153} INFO - Started process (PID=76107) to work on /Users/roselina/opt/anaconda3/envs/python37/lib/python3.7/site-packages/airflow/example_dags/example_sensor_decorator.py
[2024-08-28T10:51:37.240+0200] {processor.py:743} INFO - Processing file /Users/roselina/opt/anaconda3/envs/python37/lib/python3.7/site-packages/airflow/example_dags/example_sensor_decorator.py for tasks to queue
[2024-08-28T10:51:37.242+0200] {logging_mixin.py:137} INFO - [2024-08-28T10:51:37.241+0200] {dagbag.py:532} INFO - Filling up the DagBag from /Users/roselina/opt/anaconda3/envs/python37/lib/python3.7/site-packages/airflow/example_dags/example_sensor_decorator.py
[2024-08-28T10:51:37.266+0200] {processor.py:753} INFO - DAG(s) dict_keys(['example_sensor_decorator']) retrieved from /Users/roselina/opt/anaconda3/envs/python37/lib/python3.7/site-packages/airflow/example_dags/example_sensor_decorator.py
[2024-08-28T10:51:37.279+0200] {logging_mixin.py:137} INFO - [2024-08-28T10:51:37.279+0200] {dag.py:2705} INFO - Sync 1 DAGs
[2024-08-28T10:51:37.291+0200] {logging_mixin.py:137} INFO - [2024-08-28T10:51:37.291+0200] {dag.py:3456} INFO - Setting next_dagrun for example_sensor_decorator to None, run_after=None
[2024-08-28T10:51:37.310+0200] {processor.py:175} INFO - Processing /Users/roselina/opt/anaconda3/envs/python37/lib/python3.7/site-packages/airflow/example_dags/example_sensor_decorator.py took 0.079 seconds
[2024-08-28T10:52:16.774+0200] {processor.py:153} INFO - Started process (PID=76162) to work on /Users/roselina/opt/anaconda3/envs/python37/lib/python3.7/site-packages/airflow/example_dags/example_sensor_decorator.py
[2024-08-28T10:52:16.779+0200] {processor.py:743} INFO - Processing file /Users/roselina/opt/anaconda3/envs/python37/lib/python3.7/site-packages/airflow/example_dags/example_sensor_decorator.py for tasks to queue
[2024-08-28T10:52:16.780+0200] {logging_mixin.py:137} INFO - [2024-08-28T10:52:16.779+0200] {dagbag.py:532} INFO - Filling up the DagBag from /Users/roselina/opt/anaconda3/envs/python37/lib/python3.7/site-packages/airflow/example_dags/example_sensor_decorator.py
[2024-08-28T10:52:16.805+0200] {processor.py:753} INFO - DAG(s) dict_keys(['example_sensor_decorator']) retrieved from /Users/roselina/opt/anaconda3/envs/python37/lib/python3.7/site-packages/airflow/example_dags/example_sensor_decorator.py
[2024-08-28T10:52:16.826+0200] {logging_mixin.py:137} INFO - [2024-08-28T10:52:16.826+0200] {dag.py:2705} INFO - Sync 1 DAGs
[2024-08-28T10:52:16.837+0200] {logging_mixin.py:137} INFO - [2024-08-28T10:52:16.837+0200] {dag.py:3456} INFO - Setting next_dagrun for example_sensor_decorator to None, run_after=None
[2024-08-28T10:52:16.847+0200] {processor.py:175} INFO - Processing /Users/roselina/opt/anaconda3/envs/python37/lib/python3.7/site-packages/airflow/example_dags/example_sensor_decorator.py took 0.078 seconds
[2024-08-28T10:53:00.613+0200] {processor.py:153} INFO - Started process (PID=76208) to work on /Users/roselina/opt/anaconda3/envs/python37/lib/python3.7/site-packages/airflow/example_dags/example_sensor_decorator.py
[2024-08-28T10:53:00.615+0200] {processor.py:743} INFO - Processing file /Users/roselina/opt/anaconda3/envs/python37/lib/python3.7/site-packages/airflow/example_dags/example_sensor_decorator.py for tasks to queue
[2024-08-28T10:53:00.617+0200] {logging_mixin.py:137} INFO - [2024-08-28T10:53:00.616+0200] {dagbag.py:532} INFO - Filling up the DagBag from /Users/roselina/opt/anaconda3/envs/python37/lib/python3.7/site-packages/airflow/example_dags/example_sensor_decorator.py
[2024-08-28T10:53:00.640+0200] {processor.py:753} INFO - DAG(s) dict_keys(['example_sensor_decorator']) retrieved from /Users/roselina/opt/anaconda3/envs/python37/lib/python3.7/site-packages/airflow/example_dags/example_sensor_decorator.py
[2024-08-28T10:53:00.657+0200] {logging_mixin.py:137} INFO - [2024-08-28T10:53:00.656+0200] {dag.py:2705} INFO - Sync 1 DAGs
[2024-08-28T10:53:00.670+0200] {logging_mixin.py:137} INFO - [2024-08-28T10:53:00.670+0200] {dag.py:3456} INFO - Setting next_dagrun for example_sensor_decorator to None, run_after=None
[2024-08-28T10:53:00.680+0200] {processor.py:175} INFO - Processing /Users/roselina/opt/anaconda3/envs/python37/lib/python3.7/site-packages/airflow/example_dags/example_sensor_decorator.py took 0.071 seconds
