[2024-08-28T10:11:36.169+0200] {processor.py:153} INFO - Started process (PID=74952) to work on /Users/roselina/opt/anaconda3/envs/python37/lib/python3.7/site-packages/airflow/example_dags/example_datasets.py
[2024-08-28T10:11:36.171+0200] {processor.py:743} INFO - Processing file /Users/roselina/opt/anaconda3/envs/python37/lib/python3.7/site-packages/airflow/example_dags/example_datasets.py for tasks to queue
[2024-08-28T10:11:36.172+0200] {logging_mixin.py:137} INFO - [2024-08-28T10:11:36.171+0200] {dagbag.py:532} INFO - Filling up the DagBag from /Users/roselina/opt/anaconda3/envs/python37/lib/python3.7/site-packages/airflow/example_dags/example_datasets.py
[2024-08-28T10:11:36.192+0200] {processor.py:753} INFO - DAG(s) dict_keys(['dataset_produces_1', 'dataset_consumes_unknown_never_scheduled', 'dataset_consumes_1', 'dataset_produces_2', 'dataset_consumes_1_and_2', 'dataset_consumes_1_never_scheduled']) retrieved from /Users/roselina/opt/anaconda3/envs/python37/lib/python3.7/site-packages/airflow/example_dags/example_datasets.py
[2024-08-28T10:11:36.252+0200] {logging_mixin.py:137} INFO - [2024-08-28T10:11:36.252+0200] {manager.py:504} INFO - Created Permission View: can read on DAG:dataset_produces_1
[2024-08-28T10:11:36.257+0200] {logging_mixin.py:137} INFO - [2024-08-28T10:11:36.257+0200] {manager.py:504} INFO - Created Permission View: can delete on DAG:dataset_produces_1
[2024-08-28T10:11:36.260+0200] {logging_mixin.py:137} INFO - [2024-08-28T10:11:36.260+0200] {manager.py:504} INFO - Created Permission View: can edit on DAG:dataset_produces_1
[2024-08-28T10:11:36.268+0200] {logging_mixin.py:137} INFO - [2024-08-28T10:11:36.267+0200] {manager.py:504} INFO - Created Permission View: can read on DAG:dataset_consumes_unknown_never_scheduled
[2024-08-28T10:11:36.271+0200] {logging_mixin.py:137} INFO - [2024-08-28T10:11:36.271+0200] {manager.py:504} INFO - Created Permission View: can delete on DAG:dataset_consumes_unknown_never_scheduled
[2024-08-28T10:11:36.274+0200] {logging_mixin.py:137} INFO - [2024-08-28T10:11:36.274+0200] {manager.py:504} INFO - Created Permission View: can edit on DAG:dataset_consumes_unknown_never_scheduled
[2024-08-28T10:11:36.280+0200] {logging_mixin.py:137} INFO - [2024-08-28T10:11:36.280+0200] {manager.py:504} INFO - Created Permission View: can read on DAG:dataset_consumes_1
[2024-08-28T10:11:36.284+0200] {logging_mixin.py:137} INFO - [2024-08-28T10:11:36.283+0200] {manager.py:504} INFO - Created Permission View: can delete on DAG:dataset_consumes_1
[2024-08-28T10:11:36.287+0200] {logging_mixin.py:137} INFO - [2024-08-28T10:11:36.287+0200] {manager.py:504} INFO - Created Permission View: can edit on DAG:dataset_consumes_1
[2024-08-28T10:11:36.292+0200] {logging_mixin.py:137} INFO - [2024-08-28T10:11:36.292+0200] {manager.py:504} INFO - Created Permission View: can read on DAG:dataset_produces_2
[2024-08-28T10:11:36.295+0200] {logging_mixin.py:137} INFO - [2024-08-28T10:11:36.295+0200] {manager.py:504} INFO - Created Permission View: can delete on DAG:dataset_produces_2
[2024-08-28T10:11:36.298+0200] {logging_mixin.py:137} INFO - [2024-08-28T10:11:36.298+0200] {manager.py:504} INFO - Created Permission View: can edit on DAG:dataset_produces_2
[2024-08-28T10:11:36.304+0200] {logging_mixin.py:137} INFO - [2024-08-28T10:11:36.304+0200] {manager.py:504} INFO - Created Permission View: can read on DAG:dataset_consumes_1_and_2
[2024-08-28T10:11:36.307+0200] {logging_mixin.py:137} INFO - [2024-08-28T10:11:36.307+0200] {manager.py:504} INFO - Created Permission View: can delete on DAG:dataset_consumes_1_and_2
[2024-08-28T10:11:36.310+0200] {logging_mixin.py:137} INFO - [2024-08-28T10:11:36.310+0200] {manager.py:504} INFO - Created Permission View: can edit on DAG:dataset_consumes_1_and_2
[2024-08-28T10:11:36.316+0200] {logging_mixin.py:137} INFO - [2024-08-28T10:11:36.316+0200] {manager.py:504} INFO - Created Permission View: can read on DAG:dataset_consumes_1_never_scheduled
[2024-08-28T10:11:36.319+0200] {logging_mixin.py:137} INFO - [2024-08-28T10:11:36.319+0200] {manager.py:504} INFO - Created Permission View: can delete on DAG:dataset_consumes_1_never_scheduled
[2024-08-28T10:11:36.322+0200] {logging_mixin.py:137} INFO - [2024-08-28T10:11:36.322+0200] {manager.py:504} INFO - Created Permission View: can edit on DAG:dataset_consumes_1_never_scheduled
[2024-08-28T10:11:36.322+0200] {logging_mixin.py:137} INFO - [2024-08-28T10:11:36.322+0200] {dag.py:2705} INFO - Sync 6 DAGs
[2024-08-28T10:11:36.329+0200] {logging_mixin.py:137} INFO - [2024-08-28T10:11:36.329+0200] {dag.py:2726} INFO - Creating ORM DAG for dataset_consumes_unknown_never_scheduled
[2024-08-28T10:11:36.329+0200] {logging_mixin.py:137} INFO - [2024-08-28T10:11:36.329+0200] {dag.py:2726} INFO - Creating ORM DAG for dataset_produces_1
[2024-08-28T10:11:36.330+0200] {logging_mixin.py:137} INFO - [2024-08-28T10:11:36.330+0200] {dag.py:2726} INFO - Creating ORM DAG for dataset_consumes_1
[2024-08-28T10:11:36.330+0200] {logging_mixin.py:137} INFO - [2024-08-28T10:11:36.330+0200] {dag.py:2726} INFO - Creating ORM DAG for dataset_produces_2
[2024-08-28T10:11:36.331+0200] {logging_mixin.py:137} INFO - [2024-08-28T10:11:36.331+0200] {dag.py:2726} INFO - Creating ORM DAG for dataset_consumes_1_never_scheduled
[2024-08-28T10:11:36.331+0200] {logging_mixin.py:137} INFO - [2024-08-28T10:11:36.331+0200] {dag.py:2726} INFO - Creating ORM DAG for dataset_consumes_1_and_2
[2024-08-28T10:11:36.337+0200] {logging_mixin.py:137} INFO - [2024-08-28T10:11:36.336+0200] {dag.py:3456} INFO - Setting next_dagrun for dataset_consumes_1 to None, run_after=None
[2024-08-28T10:11:36.337+0200] {logging_mixin.py:137} INFO - [2024-08-28T10:11:36.337+0200] {dag.py:3456} INFO - Setting next_dagrun for dataset_consumes_1_and_2 to None, run_after=None
[2024-08-28T10:11:36.338+0200] {logging_mixin.py:137} INFO - [2024-08-28T10:11:36.337+0200] {dag.py:3456} INFO - Setting next_dagrun for dataset_consumes_1_never_scheduled to None, run_after=None
[2024-08-28T10:11:36.338+0200] {logging_mixin.py:137} INFO - [2024-08-28T10:11:36.338+0200] {dag.py:3456} INFO - Setting next_dagrun for dataset_consumes_unknown_never_scheduled to None, run_after=None
[2024-08-28T10:11:36.339+0200] {logging_mixin.py:137} INFO - [2024-08-28T10:11:36.339+0200] {dag.py:3456} INFO - Setting next_dagrun for dataset_produces_1 to 2024-08-27T00:00:00+00:00, run_after=2024-08-28T00:00:00+00:00
[2024-08-28T10:11:36.340+0200] {logging_mixin.py:137} INFO - [2024-08-28T10:11:36.340+0200] {dag.py:3456} INFO - Setting next_dagrun for dataset_produces_2 to None, run_after=None
[2024-08-28T10:11:36.357+0200] {processor.py:175} INFO - Processing /Users/roselina/opt/anaconda3/envs/python37/lib/python3.7/site-packages/airflow/example_dags/example_datasets.py took 0.192 seconds
[2024-08-28T10:12:17.424+0200] {processor.py:153} INFO - Started process (PID=75014) to work on /Users/roselina/opt/anaconda3/envs/python37/lib/python3.7/site-packages/airflow/example_dags/example_datasets.py
[2024-08-28T10:12:17.429+0200] {processor.py:743} INFO - Processing file /Users/roselina/opt/anaconda3/envs/python37/lib/python3.7/site-packages/airflow/example_dags/example_datasets.py for tasks to queue
[2024-08-28T10:12:17.439+0200] {logging_mixin.py:137} INFO - [2024-08-28T10:12:17.430+0200] {dagbag.py:532} INFO - Filling up the DagBag from /Users/roselina/opt/anaconda3/envs/python37/lib/python3.7/site-packages/airflow/example_dags/example_datasets.py
[2024-08-28T10:12:17.458+0200] {processor.py:753} INFO - DAG(s) dict_keys(['dataset_consumes_1_and_2', 'dataset_produces_2', 'dataset_consumes_1_never_scheduled', 'dataset_produces_1', 'dataset_consumes_1', 'dataset_consumes_unknown_never_scheduled']) retrieved from /Users/roselina/opt/anaconda3/envs/python37/lib/python3.7/site-packages/airflow/example_dags/example_datasets.py
[2024-08-28T10:12:17.480+0200] {logging_mixin.py:137} INFO - [2024-08-28T10:12:17.480+0200] {dag.py:2705} INFO - Sync 6 DAGs
[2024-08-28T10:12:17.495+0200] {logging_mixin.py:137} INFO - [2024-08-28T10:12:17.494+0200] {dag.py:3456} INFO - Setting next_dagrun for dataset_consumes_1 to None, run_after=None
[2024-08-28T10:12:17.496+0200] {logging_mixin.py:137} INFO - [2024-08-28T10:12:17.496+0200] {dag.py:3456} INFO - Setting next_dagrun for dataset_consumes_1_and_2 to None, run_after=None
[2024-08-28T10:12:17.497+0200] {logging_mixin.py:137} INFO - [2024-08-28T10:12:17.497+0200] {dag.py:3456} INFO - Setting next_dagrun for dataset_consumes_1_never_scheduled to None, run_after=None
[2024-08-28T10:12:17.498+0200] {logging_mixin.py:137} INFO - [2024-08-28T10:12:17.498+0200] {dag.py:3456} INFO - Setting next_dagrun for dataset_consumes_unknown_never_scheduled to None, run_after=None
[2024-08-28T10:12:17.500+0200] {logging_mixin.py:137} INFO - [2024-08-28T10:12:17.499+0200] {dag.py:3456} INFO - Setting next_dagrun for dataset_produces_1 to 2024-08-27T00:00:00+00:00, run_after=2024-08-28T00:00:00+00:00
[2024-08-28T10:12:17.500+0200] {logging_mixin.py:137} INFO - [2024-08-28T10:12:17.500+0200] {dag.py:3456} INFO - Setting next_dagrun for dataset_produces_2 to None, run_after=None
[2024-08-28T10:12:17.515+0200] {processor.py:175} INFO - Processing /Users/roselina/opt/anaconda3/envs/python37/lib/python3.7/site-packages/airflow/example_dags/example_datasets.py took 0.095 seconds
[2024-08-28T10:12:59.230+0200] {processor.py:153} INFO - Started process (PID=75089) to work on /Users/roselina/opt/anaconda3/envs/python37/lib/python3.7/site-packages/airflow/example_dags/example_datasets.py
[2024-08-28T10:12:59.232+0200] {processor.py:743} INFO - Processing file /Users/roselina/opt/anaconda3/envs/python37/lib/python3.7/site-packages/airflow/example_dags/example_datasets.py for tasks to queue
[2024-08-28T10:12:59.233+0200] {logging_mixin.py:137} INFO - [2024-08-28T10:12:59.233+0200] {dagbag.py:532} INFO - Filling up the DagBag from /Users/roselina/opt/anaconda3/envs/python37/lib/python3.7/site-packages/airflow/example_dags/example_datasets.py
[2024-08-28T10:12:59.254+0200] {processor.py:753} INFO - DAG(s) dict_keys(['dataset_consumes_1_never_scheduled', 'dataset_consumes_1_and_2', 'dataset_produces_1', 'dataset_produces_2', 'dataset_consumes_1', 'dataset_consumes_unknown_never_scheduled']) retrieved from /Users/roselina/opt/anaconda3/envs/python37/lib/python3.7/site-packages/airflow/example_dags/example_datasets.py
[2024-08-28T10:12:59.276+0200] {logging_mixin.py:137} INFO - [2024-08-28T10:12:59.275+0200] {dag.py:2705} INFO - Sync 6 DAGs
[2024-08-28T10:12:59.288+0200] {logging_mixin.py:137} INFO - [2024-08-28T10:12:59.288+0200] {dag.py:3456} INFO - Setting next_dagrun for dataset_consumes_1 to None, run_after=None
[2024-08-28T10:12:59.290+0200] {logging_mixin.py:137} INFO - [2024-08-28T10:12:59.290+0200] {dag.py:3456} INFO - Setting next_dagrun for dataset_consumes_1_and_2 to None, run_after=None
[2024-08-28T10:12:59.291+0200] {logging_mixin.py:137} INFO - [2024-08-28T10:12:59.290+0200] {dag.py:3456} INFO - Setting next_dagrun for dataset_consumes_1_never_scheduled to None, run_after=None
[2024-08-28T10:12:59.291+0200] {logging_mixin.py:137} INFO - [2024-08-28T10:12:59.291+0200] {dag.py:3456} INFO - Setting next_dagrun for dataset_consumes_unknown_never_scheduled to None, run_after=None
[2024-08-28T10:12:59.293+0200] {logging_mixin.py:137} INFO - [2024-08-28T10:12:59.293+0200] {dag.py:3456} INFO - Setting next_dagrun for dataset_produces_1 to 2024-08-27T00:00:00+00:00, run_after=2024-08-28T00:00:00+00:00
[2024-08-28T10:12:59.294+0200] {logging_mixin.py:137} INFO - [2024-08-28T10:12:59.294+0200] {dag.py:3456} INFO - Setting next_dagrun for dataset_produces_2 to None, run_after=None
[2024-08-28T10:12:59.309+0200] {processor.py:175} INFO - Processing /Users/roselina/opt/anaconda3/envs/python37/lib/python3.7/site-packages/airflow/example_dags/example_datasets.py took 0.084 seconds
[2024-08-28T10:13:40.477+0200] {processor.py:153} INFO - Started process (PID=75133) to work on /Users/roselina/opt/anaconda3/envs/python37/lib/python3.7/site-packages/airflow/example_dags/example_datasets.py
[2024-08-28T10:13:40.479+0200] {processor.py:743} INFO - Processing file /Users/roselina/opt/anaconda3/envs/python37/lib/python3.7/site-packages/airflow/example_dags/example_datasets.py for tasks to queue
[2024-08-28T10:13:40.480+0200] {logging_mixin.py:137} INFO - [2024-08-28T10:13:40.480+0200] {dagbag.py:532} INFO - Filling up the DagBag from /Users/roselina/opt/anaconda3/envs/python37/lib/python3.7/site-packages/airflow/example_dags/example_datasets.py
[2024-08-28T10:13:40.501+0200] {processor.py:753} INFO - DAG(s) dict_keys(['dataset_consumes_1', 'dataset_consumes_1_and_2', 'dataset_consumes_unknown_never_scheduled', 'dataset_produces_1', 'dataset_consumes_1_never_scheduled', 'dataset_produces_2']) retrieved from /Users/roselina/opt/anaconda3/envs/python37/lib/python3.7/site-packages/airflow/example_dags/example_datasets.py
[2024-08-28T10:13:40.525+0200] {logging_mixin.py:137} INFO - [2024-08-28T10:13:40.524+0200] {dag.py:2705} INFO - Sync 6 DAGs
[2024-08-28T10:13:40.539+0200] {logging_mixin.py:137} INFO - [2024-08-28T10:13:40.539+0200] {dag.py:3456} INFO - Setting next_dagrun for dataset_consumes_1 to None, run_after=None
[2024-08-28T10:13:40.542+0200] {logging_mixin.py:137} INFO - [2024-08-28T10:13:40.542+0200] {dag.py:3456} INFO - Setting next_dagrun for dataset_consumes_1_and_2 to None, run_after=None
[2024-08-28T10:13:40.543+0200] {logging_mixin.py:137} INFO - [2024-08-28T10:13:40.543+0200] {dag.py:3456} INFO - Setting next_dagrun for dataset_consumes_1_never_scheduled to None, run_after=None
[2024-08-28T10:13:40.544+0200] {logging_mixin.py:137} INFO - [2024-08-28T10:13:40.544+0200] {dag.py:3456} INFO - Setting next_dagrun for dataset_consumes_unknown_never_scheduled to None, run_after=None
[2024-08-28T10:13:40.546+0200] {logging_mixin.py:137} INFO - [2024-08-28T10:13:40.546+0200] {dag.py:3456} INFO - Setting next_dagrun for dataset_produces_1 to 2024-08-27T00:00:00+00:00, run_after=2024-08-28T00:00:00+00:00
[2024-08-28T10:13:40.546+0200] {logging_mixin.py:137} INFO - [2024-08-28T10:13:40.546+0200] {dag.py:3456} INFO - Setting next_dagrun for dataset_produces_2 to None, run_after=None
[2024-08-28T10:13:40.562+0200] {processor.py:175} INFO - Processing /Users/roselina/opt/anaconda3/envs/python37/lib/python3.7/site-packages/airflow/example_dags/example_datasets.py took 0.090 seconds
[2024-08-28T10:14:23.535+0200] {processor.py:153} INFO - Started process (PID=75212) to work on /Users/roselina/opt/anaconda3/envs/python37/lib/python3.7/site-packages/airflow/example_dags/example_datasets.py
[2024-08-28T10:14:23.536+0200] {processor.py:743} INFO - Processing file /Users/roselina/opt/anaconda3/envs/python37/lib/python3.7/site-packages/airflow/example_dags/example_datasets.py for tasks to queue
[2024-08-28T10:14:23.537+0200] {logging_mixin.py:137} INFO - [2024-08-28T10:14:23.537+0200] {dagbag.py:532} INFO - Filling up the DagBag from /Users/roselina/opt/anaconda3/envs/python37/lib/python3.7/site-packages/airflow/example_dags/example_datasets.py
[2024-08-28T10:14:23.552+0200] {processor.py:753} INFO - DAG(s) dict_keys(['dataset_consumes_1', 'dataset_consumes_unknown_never_scheduled', 'dataset_consumes_1_never_scheduled', 'dataset_produces_2', 'dataset_consumes_1_and_2', 'dataset_produces_1']) retrieved from /Users/roselina/opt/anaconda3/envs/python37/lib/python3.7/site-packages/airflow/example_dags/example_datasets.py
[2024-08-28T10:14:23.573+0200] {logging_mixin.py:137} INFO - [2024-08-28T10:14:23.572+0200] {dag.py:2705} INFO - Sync 6 DAGs
[2024-08-28T10:14:23.585+0200] {logging_mixin.py:137} INFO - [2024-08-28T10:14:23.585+0200] {dag.py:3456} INFO - Setting next_dagrun for dataset_consumes_1 to None, run_after=None
[2024-08-28T10:14:23.587+0200] {logging_mixin.py:137} INFO - [2024-08-28T10:14:23.587+0200] {dag.py:3456} INFO - Setting next_dagrun for dataset_consumes_1_and_2 to None, run_after=None
[2024-08-28T10:14:23.588+0200] {logging_mixin.py:137} INFO - [2024-08-28T10:14:23.588+0200] {dag.py:3456} INFO - Setting next_dagrun for dataset_consumes_1_never_scheduled to None, run_after=None
[2024-08-28T10:14:23.589+0200] {logging_mixin.py:137} INFO - [2024-08-28T10:14:23.589+0200] {dag.py:3456} INFO - Setting next_dagrun for dataset_consumes_unknown_never_scheduled to None, run_after=None
[2024-08-28T10:14:23.590+0200] {logging_mixin.py:137} INFO - [2024-08-28T10:14:23.590+0200] {dag.py:3456} INFO - Setting next_dagrun for dataset_produces_1 to 2024-08-27T00:00:00+00:00, run_after=2024-08-28T00:00:00+00:00
[2024-08-28T10:14:23.591+0200] {logging_mixin.py:137} INFO - [2024-08-28T10:14:23.591+0200] {dag.py:3456} INFO - Setting next_dagrun for dataset_produces_2 to None, run_after=None
[2024-08-28T10:14:23.606+0200] {processor.py:175} INFO - Processing /Users/roselina/opt/anaconda3/envs/python37/lib/python3.7/site-packages/airflow/example_dags/example_datasets.py took 0.075 seconds
[2024-08-28T10:15:05.311+0200] {processor.py:153} INFO - Started process (PID=75259) to work on /Users/roselina/opt/anaconda3/envs/python37/lib/python3.7/site-packages/airflow/example_dags/example_datasets.py
[2024-08-28T10:15:05.312+0200] {processor.py:743} INFO - Processing file /Users/roselina/opt/anaconda3/envs/python37/lib/python3.7/site-packages/airflow/example_dags/example_datasets.py for tasks to queue
[2024-08-28T10:15:05.314+0200] {logging_mixin.py:137} INFO - [2024-08-28T10:15:05.313+0200] {dagbag.py:532} INFO - Filling up the DagBag from /Users/roselina/opt/anaconda3/envs/python37/lib/python3.7/site-packages/airflow/example_dags/example_datasets.py
[2024-08-28T10:15:05.335+0200] {processor.py:753} INFO - DAG(s) dict_keys(['dataset_produces_1', 'dataset_produces_2', 'dataset_consumes_1_never_scheduled', 'dataset_consumes_unknown_never_scheduled', 'dataset_consumes_1', 'dataset_consumes_1_and_2']) retrieved from /Users/roselina/opt/anaconda3/envs/python37/lib/python3.7/site-packages/airflow/example_dags/example_datasets.py
[2024-08-28T10:15:05.359+0200] {logging_mixin.py:137} INFO - [2024-08-28T10:15:05.358+0200] {dag.py:2705} INFO - Sync 6 DAGs
[2024-08-28T10:15:05.371+0200] {logging_mixin.py:137} INFO - [2024-08-28T10:15:05.371+0200] {dag.py:3456} INFO - Setting next_dagrun for dataset_consumes_1 to None, run_after=None
[2024-08-28T10:15:05.373+0200] {logging_mixin.py:137} INFO - [2024-08-28T10:15:05.373+0200] {dag.py:3456} INFO - Setting next_dagrun for dataset_consumes_1_and_2 to None, run_after=None
[2024-08-28T10:15:05.374+0200] {logging_mixin.py:137} INFO - [2024-08-28T10:15:05.374+0200] {dag.py:3456} INFO - Setting next_dagrun for dataset_consumes_1_never_scheduled to None, run_after=None
[2024-08-28T10:15:05.375+0200] {logging_mixin.py:137} INFO - [2024-08-28T10:15:05.374+0200] {dag.py:3456} INFO - Setting next_dagrun for dataset_consumes_unknown_never_scheduled to None, run_after=None
[2024-08-28T10:15:05.376+0200] {logging_mixin.py:137} INFO - [2024-08-28T10:15:05.376+0200] {dag.py:3456} INFO - Setting next_dagrun for dataset_produces_1 to 2024-08-27T00:00:00+00:00, run_after=2024-08-28T00:00:00+00:00
[2024-08-28T10:15:05.377+0200] {logging_mixin.py:137} INFO - [2024-08-28T10:15:05.377+0200] {dag.py:3456} INFO - Setting next_dagrun for dataset_produces_2 to None, run_after=None
[2024-08-28T10:15:05.391+0200] {processor.py:175} INFO - Processing /Users/roselina/opt/anaconda3/envs/python37/lib/python3.7/site-packages/airflow/example_dags/example_datasets.py took 0.085 seconds
[2024-08-28T10:15:47.109+0200] {processor.py:153} INFO - Started process (PID=75303) to work on /Users/roselina/opt/anaconda3/envs/python37/lib/python3.7/site-packages/airflow/example_dags/example_datasets.py
[2024-08-28T10:15:47.111+0200] {processor.py:743} INFO - Processing file /Users/roselina/opt/anaconda3/envs/python37/lib/python3.7/site-packages/airflow/example_dags/example_datasets.py for tasks to queue
[2024-08-28T10:15:47.112+0200] {logging_mixin.py:137} INFO - [2024-08-28T10:15:47.112+0200] {dagbag.py:532} INFO - Filling up the DagBag from /Users/roselina/opt/anaconda3/envs/python37/lib/python3.7/site-packages/airflow/example_dags/example_datasets.py
[2024-08-28T10:15:47.132+0200] {processor.py:753} INFO - DAG(s) dict_keys(['dataset_consumes_1_never_scheduled', 'dataset_consumes_1_and_2', 'dataset_produces_1', 'dataset_consumes_unknown_never_scheduled', 'dataset_consumes_1', 'dataset_produces_2']) retrieved from /Users/roselina/opt/anaconda3/envs/python37/lib/python3.7/site-packages/airflow/example_dags/example_datasets.py
[2024-08-28T10:15:47.152+0200] {logging_mixin.py:137} INFO - [2024-08-28T10:15:47.152+0200] {dag.py:2705} INFO - Sync 6 DAGs
[2024-08-28T10:15:47.164+0200] {logging_mixin.py:137} INFO - [2024-08-28T10:15:47.164+0200] {dag.py:3456} INFO - Setting next_dagrun for dataset_consumes_1 to None, run_after=None
[2024-08-28T10:15:47.166+0200] {logging_mixin.py:137} INFO - [2024-08-28T10:15:47.166+0200] {dag.py:3456} INFO - Setting next_dagrun for dataset_consumes_1_and_2 to None, run_after=None
[2024-08-28T10:15:47.167+0200] {logging_mixin.py:137} INFO - [2024-08-28T10:15:47.167+0200] {dag.py:3456} INFO - Setting next_dagrun for dataset_consumes_1_never_scheduled to None, run_after=None
[2024-08-28T10:15:47.167+0200] {logging_mixin.py:137} INFO - [2024-08-28T10:15:47.167+0200] {dag.py:3456} INFO - Setting next_dagrun for dataset_consumes_unknown_never_scheduled to None, run_after=None
[2024-08-28T10:15:47.169+0200] {logging_mixin.py:137} INFO - [2024-08-28T10:15:47.169+0200] {dag.py:3456} INFO - Setting next_dagrun for dataset_produces_1 to 2024-08-27T00:00:00+00:00, run_after=2024-08-28T00:00:00+00:00
[2024-08-28T10:15:47.170+0200] {logging_mixin.py:137} INFO - [2024-08-28T10:15:47.169+0200] {dag.py:3456} INFO - Setting next_dagrun for dataset_produces_2 to None, run_after=None
[2024-08-28T10:15:47.184+0200] {processor.py:175} INFO - Processing /Users/roselina/opt/anaconda3/envs/python37/lib/python3.7/site-packages/airflow/example_dags/example_datasets.py took 0.079 seconds
[2024-08-28T10:16:25.882+0200] {processor.py:153} INFO - Started process (PID=75348) to work on /Users/roselina/opt/anaconda3/envs/python37/lib/python3.7/site-packages/airflow/example_dags/example_datasets.py
[2024-08-28T10:16:25.884+0200] {processor.py:743} INFO - Processing file /Users/roselina/opt/anaconda3/envs/python37/lib/python3.7/site-packages/airflow/example_dags/example_datasets.py for tasks to queue
[2024-08-28T10:16:25.885+0200] {logging_mixin.py:137} INFO - [2024-08-28T10:16:25.885+0200] {dagbag.py:532} INFO - Filling up the DagBag from /Users/roselina/opt/anaconda3/envs/python37/lib/python3.7/site-packages/airflow/example_dags/example_datasets.py
[2024-08-28T10:16:25.906+0200] {processor.py:753} INFO - DAG(s) dict_keys(['dataset_consumes_1', 'dataset_produces_1', 'dataset_produces_2', 'dataset_consumes_unknown_never_scheduled', 'dataset_consumes_1_and_2', 'dataset_consumes_1_never_scheduled']) retrieved from /Users/roselina/opt/anaconda3/envs/python37/lib/python3.7/site-packages/airflow/example_dags/example_datasets.py
[2024-08-28T10:16:25.928+0200] {logging_mixin.py:137} INFO - [2024-08-28T10:16:25.928+0200] {dag.py:2705} INFO - Sync 6 DAGs
[2024-08-28T10:16:25.941+0200] {logging_mixin.py:137} INFO - [2024-08-28T10:16:25.940+0200] {dag.py:3456} INFO - Setting next_dagrun for dataset_consumes_1 to None, run_after=None
[2024-08-28T10:16:25.942+0200] {logging_mixin.py:137} INFO - [2024-08-28T10:16:25.942+0200] {dag.py:3456} INFO - Setting next_dagrun for dataset_consumes_1_and_2 to None, run_after=None
[2024-08-28T10:16:25.943+0200] {logging_mixin.py:137} INFO - [2024-08-28T10:16:25.943+0200] {dag.py:3456} INFO - Setting next_dagrun for dataset_consumes_1_never_scheduled to None, run_after=None
[2024-08-28T10:16:25.944+0200] {logging_mixin.py:137} INFO - [2024-08-28T10:16:25.943+0200] {dag.py:3456} INFO - Setting next_dagrun for dataset_consumes_unknown_never_scheduled to None, run_after=None
[2024-08-28T10:16:25.945+0200] {logging_mixin.py:137} INFO - [2024-08-28T10:16:25.945+0200] {dag.py:3456} INFO - Setting next_dagrun for dataset_produces_1 to 2024-08-27T00:00:00+00:00, run_after=2024-08-28T00:00:00+00:00
[2024-08-28T10:16:25.946+0200] {logging_mixin.py:137} INFO - [2024-08-28T10:16:25.946+0200] {dag.py:3456} INFO - Setting next_dagrun for dataset_produces_2 to None, run_after=None
[2024-08-28T10:16:25.960+0200] {processor.py:175} INFO - Processing /Users/roselina/opt/anaconda3/envs/python37/lib/python3.7/site-packages/airflow/example_dags/example_datasets.py took 0.082 seconds
[2024-08-28T10:17:08.372+0200] {processor.py:153} INFO - Started process (PID=75393) to work on /Users/roselina/opt/anaconda3/envs/python37/lib/python3.7/site-packages/airflow/example_dags/example_datasets.py
[2024-08-28T10:17:08.374+0200] {processor.py:743} INFO - Processing file /Users/roselina/opt/anaconda3/envs/python37/lib/python3.7/site-packages/airflow/example_dags/example_datasets.py for tasks to queue
[2024-08-28T10:17:08.375+0200] {logging_mixin.py:137} INFO - [2024-08-28T10:17:08.375+0200] {dagbag.py:532} INFO - Filling up the DagBag from /Users/roselina/opt/anaconda3/envs/python37/lib/python3.7/site-packages/airflow/example_dags/example_datasets.py
[2024-08-28T10:17:08.395+0200] {processor.py:753} INFO - DAG(s) dict_keys(['dataset_consumes_1_and_2', 'dataset_consumes_1_never_scheduled', 'dataset_produces_1', 'dataset_produces_2', 'dataset_consumes_1', 'dataset_consumes_unknown_never_scheduled']) retrieved from /Users/roselina/opt/anaconda3/envs/python37/lib/python3.7/site-packages/airflow/example_dags/example_datasets.py
[2024-08-28T10:17:08.416+0200] {logging_mixin.py:137} INFO - [2024-08-28T10:17:08.416+0200] {dag.py:2705} INFO - Sync 6 DAGs
[2024-08-28T10:17:08.428+0200] {logging_mixin.py:137} INFO - [2024-08-28T10:17:08.428+0200] {dag.py:3456} INFO - Setting next_dagrun for dataset_consumes_1 to None, run_after=None
[2024-08-28T10:17:08.431+0200] {logging_mixin.py:137} INFO - [2024-08-28T10:17:08.431+0200] {dag.py:3456} INFO - Setting next_dagrun for dataset_consumes_1_and_2 to None, run_after=None
[2024-08-28T10:17:08.432+0200] {logging_mixin.py:137} INFO - [2024-08-28T10:17:08.431+0200] {dag.py:3456} INFO - Setting next_dagrun for dataset_consumes_1_never_scheduled to None, run_after=None
[2024-08-28T10:17:08.432+0200] {logging_mixin.py:137} INFO - [2024-08-28T10:17:08.432+0200] {dag.py:3456} INFO - Setting next_dagrun for dataset_consumes_unknown_never_scheduled to None, run_after=None
[2024-08-28T10:17:08.434+0200] {logging_mixin.py:137} INFO - [2024-08-28T10:17:08.434+0200] {dag.py:3456} INFO - Setting next_dagrun for dataset_produces_1 to 2024-08-27T00:00:00+00:00, run_after=2024-08-28T00:00:00+00:00
[2024-08-28T10:17:08.434+0200] {logging_mixin.py:137} INFO - [2024-08-28T10:17:08.434+0200] {dag.py:3456} INFO - Setting next_dagrun for dataset_produces_2 to None, run_after=None
[2024-08-28T10:17:08.449+0200] {processor.py:175} INFO - Processing /Users/roselina/opt/anaconda3/envs/python37/lib/python3.7/site-packages/airflow/example_dags/example_datasets.py took 0.081 seconds
[2024-08-28T10:17:48.547+0200] {processor.py:153} INFO - Started process (PID=75451) to work on /Users/roselina/opt/anaconda3/envs/python37/lib/python3.7/site-packages/airflow/example_dags/example_datasets.py
[2024-08-28T10:17:48.549+0200] {processor.py:743} INFO - Processing file /Users/roselina/opt/anaconda3/envs/python37/lib/python3.7/site-packages/airflow/example_dags/example_datasets.py for tasks to queue
[2024-08-28T10:17:48.550+0200] {logging_mixin.py:137} INFO - [2024-08-28T10:17:48.549+0200] {dagbag.py:532} INFO - Filling up the DagBag from /Users/roselina/opt/anaconda3/envs/python37/lib/python3.7/site-packages/airflow/example_dags/example_datasets.py
[2024-08-28T10:17:48.581+0200] {processor.py:753} INFO - DAG(s) dict_keys(['dataset_consumes_1', 'dataset_consumes_1_and_2', 'dataset_consumes_unknown_never_scheduled', 'dataset_consumes_1_never_scheduled', 'dataset_produces_1', 'dataset_produces_2']) retrieved from /Users/roselina/opt/anaconda3/envs/python37/lib/python3.7/site-packages/airflow/example_dags/example_datasets.py
[2024-08-28T10:17:48.622+0200] {logging_mixin.py:137} INFO - [2024-08-28T10:17:48.622+0200] {dag.py:2705} INFO - Sync 6 DAGs
[2024-08-28T10:17:48.767+0200] {logging_mixin.py:137} INFO - [2024-08-28T10:17:48.767+0200] {dag.py:3456} INFO - Setting next_dagrun for dataset_consumes_1 to None, run_after=None
[2024-08-28T10:17:48.771+0200] {logging_mixin.py:137} INFO - [2024-08-28T10:17:48.770+0200] {dag.py:3456} INFO - Setting next_dagrun for dataset_consumes_1_and_2 to None, run_after=None
[2024-08-28T10:17:48.777+0200] {logging_mixin.py:137} INFO - [2024-08-28T10:17:48.776+0200] {dag.py:3456} INFO - Setting next_dagrun for dataset_consumes_1_never_scheduled to None, run_after=None
[2024-08-28T10:17:48.780+0200] {logging_mixin.py:137} INFO - [2024-08-28T10:17:48.779+0200] {dag.py:3456} INFO - Setting next_dagrun for dataset_consumes_unknown_never_scheduled to None, run_after=None
[2024-08-28T10:17:48.791+0200] {logging_mixin.py:137} INFO - [2024-08-28T10:17:48.786+0200] {dag.py:3456} INFO - Setting next_dagrun for dataset_produces_1 to 2024-08-27T00:00:00+00:00, run_after=2024-08-28T00:00:00+00:00
[2024-08-28T10:17:48.795+0200] {logging_mixin.py:137} INFO - [2024-08-28T10:17:48.794+0200] {dag.py:3456} INFO - Setting next_dagrun for dataset_produces_2 to None, run_after=None
[2024-08-28T10:17:48.898+0200] {processor.py:175} INFO - Processing /Users/roselina/opt/anaconda3/envs/python37/lib/python3.7/site-packages/airflow/example_dags/example_datasets.py took 0.355 seconds
[2024-08-28T10:44:12.257+0200] {processor.py:153} INFO - Started process (PID=75546) to work on /Users/roselina/opt/anaconda3/envs/python37/lib/python3.7/site-packages/airflow/example_dags/example_datasets.py
[2024-08-28T10:44:12.258+0200] {processor.py:743} INFO - Processing file /Users/roselina/opt/anaconda3/envs/python37/lib/python3.7/site-packages/airflow/example_dags/example_datasets.py for tasks to queue
[2024-08-28T10:44:12.260+0200] {logging_mixin.py:137} INFO - [2024-08-28T10:44:12.259+0200] {dagbag.py:532} INFO - Filling up the DagBag from /Users/roselina/opt/anaconda3/envs/python37/lib/python3.7/site-packages/airflow/example_dags/example_datasets.py
[2024-08-28T10:44:12.275+0200] {processor.py:753} INFO - DAG(s) dict_keys(['dataset_consumes_1_and_2', 'dataset_produces_2', 'dataset_produces_1', 'dataset_consumes_unknown_never_scheduled', 'dataset_consumes_1_never_scheduled', 'dataset_consumes_1']) retrieved from /Users/roselina/opt/anaconda3/envs/python37/lib/python3.7/site-packages/airflow/example_dags/example_datasets.py
[2024-08-28T10:44:12.300+0200] {logging_mixin.py:137} INFO - [2024-08-28T10:44:12.299+0200] {dag.py:2705} INFO - Sync 6 DAGs
[2024-08-28T10:44:12.313+0200] {logging_mixin.py:137} INFO - [2024-08-28T10:44:12.313+0200] {dag.py:3456} INFO - Setting next_dagrun for dataset_consumes_1 to None, run_after=None
[2024-08-28T10:44:12.315+0200] {logging_mixin.py:137} INFO - [2024-08-28T10:44:12.315+0200] {dag.py:3456} INFO - Setting next_dagrun for dataset_consumes_1_and_2 to None, run_after=None
[2024-08-28T10:44:12.316+0200] {logging_mixin.py:137} INFO - [2024-08-28T10:44:12.316+0200] {dag.py:3456} INFO - Setting next_dagrun for dataset_consumes_1_never_scheduled to None, run_after=None
[2024-08-28T10:44:12.317+0200] {logging_mixin.py:137} INFO - [2024-08-28T10:44:12.316+0200] {dag.py:3456} INFO - Setting next_dagrun for dataset_consumes_unknown_never_scheduled to None, run_after=None
[2024-08-28T10:44:12.318+0200] {logging_mixin.py:137} INFO - [2024-08-28T10:44:12.318+0200] {dag.py:3456} INFO - Setting next_dagrun for dataset_produces_1 to 2024-08-27T00:00:00+00:00, run_after=2024-08-28T00:00:00+00:00
[2024-08-28T10:44:12.319+0200] {logging_mixin.py:137} INFO - [2024-08-28T10:44:12.319+0200] {dag.py:3456} INFO - Setting next_dagrun for dataset_produces_2 to None, run_after=None
[2024-08-28T10:44:12.337+0200] {processor.py:175} INFO - Processing /Users/roselina/opt/anaconda3/envs/python37/lib/python3.7/site-packages/airflow/example_dags/example_datasets.py took 0.084 seconds
[2024-08-28T10:44:54.954+0200] {processor.py:153} INFO - Started process (PID=75608) to work on /Users/roselina/opt/anaconda3/envs/python37/lib/python3.7/site-packages/airflow/example_dags/example_datasets.py
[2024-08-28T10:44:54.955+0200] {processor.py:743} INFO - Processing file /Users/roselina/opt/anaconda3/envs/python37/lib/python3.7/site-packages/airflow/example_dags/example_datasets.py for tasks to queue
[2024-08-28T10:44:54.957+0200] {logging_mixin.py:137} INFO - [2024-08-28T10:44:54.956+0200] {dagbag.py:532} INFO - Filling up the DagBag from /Users/roselina/opt/anaconda3/envs/python37/lib/python3.7/site-packages/airflow/example_dags/example_datasets.py
[2024-08-28T10:44:54.977+0200] {processor.py:753} INFO - DAG(s) dict_keys(['dataset_consumes_1_never_scheduled', 'dataset_consumes_unknown_never_scheduled', 'dataset_produces_1', 'dataset_consumes_1', 'dataset_consumes_1_and_2', 'dataset_produces_2']) retrieved from /Users/roselina/opt/anaconda3/envs/python37/lib/python3.7/site-packages/airflow/example_dags/example_datasets.py
[2024-08-28T10:44:55.000+0200] {logging_mixin.py:137} INFO - [2024-08-28T10:44:55.000+0200] {dag.py:2705} INFO - Sync 6 DAGs
[2024-08-28T10:44:55.013+0200] {logging_mixin.py:137} INFO - [2024-08-28T10:44:55.013+0200] {dag.py:3456} INFO - Setting next_dagrun for dataset_consumes_1 to None, run_after=None
[2024-08-28T10:44:55.015+0200] {logging_mixin.py:137} INFO - [2024-08-28T10:44:55.015+0200] {dag.py:3456} INFO - Setting next_dagrun for dataset_consumes_1_and_2 to None, run_after=None
[2024-08-28T10:44:55.016+0200] {logging_mixin.py:137} INFO - [2024-08-28T10:44:55.016+0200] {dag.py:3456} INFO - Setting next_dagrun for dataset_consumes_1_never_scheduled to None, run_after=None
[2024-08-28T10:44:55.016+0200] {logging_mixin.py:137} INFO - [2024-08-28T10:44:55.016+0200] {dag.py:3456} INFO - Setting next_dagrun for dataset_consumes_unknown_never_scheduled to None, run_after=None
[2024-08-28T10:44:55.018+0200] {logging_mixin.py:137} INFO - [2024-08-28T10:44:55.018+0200] {dag.py:3456} INFO - Setting next_dagrun for dataset_produces_1 to 2024-08-27T00:00:00+00:00, run_after=2024-08-28T00:00:00+00:00
[2024-08-28T10:44:55.019+0200] {logging_mixin.py:137} INFO - [2024-08-28T10:44:55.019+0200] {dag.py:3456} INFO - Setting next_dagrun for dataset_produces_2 to None, run_after=None
[2024-08-28T10:44:55.033+0200] {processor.py:175} INFO - Processing /Users/roselina/opt/anaconda3/envs/python37/lib/python3.7/site-packages/airflow/example_dags/example_datasets.py took 0.085 seconds
[2024-08-28T10:45:36.421+0200] {processor.py:153} INFO - Started process (PID=75655) to work on /Users/roselina/opt/anaconda3/envs/python37/lib/python3.7/site-packages/airflow/example_dags/example_datasets.py
[2024-08-28T10:45:36.423+0200] {processor.py:743} INFO - Processing file /Users/roselina/opt/anaconda3/envs/python37/lib/python3.7/site-packages/airflow/example_dags/example_datasets.py for tasks to queue
[2024-08-28T10:45:36.425+0200] {logging_mixin.py:137} INFO - [2024-08-28T10:45:36.424+0200] {dagbag.py:532} INFO - Filling up the DagBag from /Users/roselina/opt/anaconda3/envs/python37/lib/python3.7/site-packages/airflow/example_dags/example_datasets.py
[2024-08-28T10:45:36.445+0200] {processor.py:753} INFO - DAG(s) dict_keys(['dataset_consumes_1', 'dataset_consumes_1_never_scheduled', 'dataset_consumes_unknown_never_scheduled', 'dataset_produces_1', 'dataset_produces_2', 'dataset_consumes_1_and_2']) retrieved from /Users/roselina/opt/anaconda3/envs/python37/lib/python3.7/site-packages/airflow/example_dags/example_datasets.py
[2024-08-28T10:45:36.468+0200] {logging_mixin.py:137} INFO - [2024-08-28T10:45:36.467+0200] {dag.py:2705} INFO - Sync 6 DAGs
[2024-08-28T10:45:36.480+0200] {logging_mixin.py:137} INFO - [2024-08-28T10:45:36.480+0200] {dag.py:3456} INFO - Setting next_dagrun for dataset_consumes_1 to None, run_after=None
[2024-08-28T10:45:36.482+0200] {logging_mixin.py:137} INFO - [2024-08-28T10:45:36.482+0200] {dag.py:3456} INFO - Setting next_dagrun for dataset_consumes_1_and_2 to None, run_after=None
[2024-08-28T10:45:36.483+0200] {logging_mixin.py:137} INFO - [2024-08-28T10:45:36.482+0200] {dag.py:3456} INFO - Setting next_dagrun for dataset_consumes_1_never_scheduled to None, run_after=None
[2024-08-28T10:45:36.483+0200] {logging_mixin.py:137} INFO - [2024-08-28T10:45:36.483+0200] {dag.py:3456} INFO - Setting next_dagrun for dataset_consumes_unknown_never_scheduled to None, run_after=None
[2024-08-28T10:45:36.485+0200] {logging_mixin.py:137} INFO - [2024-08-28T10:45:36.485+0200] {dag.py:3456} INFO - Setting next_dagrun for dataset_produces_1 to 2024-08-27T00:00:00+00:00, run_after=2024-08-28T00:00:00+00:00
[2024-08-28T10:45:36.486+0200] {logging_mixin.py:137} INFO - [2024-08-28T10:45:36.486+0200] {dag.py:3456} INFO - Setting next_dagrun for dataset_produces_2 to None, run_after=None
[2024-08-28T10:45:36.503+0200] {processor.py:175} INFO - Processing /Users/roselina/opt/anaconda3/envs/python37/lib/python3.7/site-packages/airflow/example_dags/example_datasets.py took 0.086 seconds
[2024-08-28T10:46:16.402+0200] {processor.py:153} INFO - Started process (PID=75700) to work on /Users/roselina/opt/anaconda3/envs/python37/lib/python3.7/site-packages/airflow/example_dags/example_datasets.py
[2024-08-28T10:46:16.404+0200] {processor.py:743} INFO - Processing file /Users/roselina/opt/anaconda3/envs/python37/lib/python3.7/site-packages/airflow/example_dags/example_datasets.py for tasks to queue
[2024-08-28T10:46:16.405+0200] {logging_mixin.py:137} INFO - [2024-08-28T10:46:16.405+0200] {dagbag.py:532} INFO - Filling up the DagBag from /Users/roselina/opt/anaconda3/envs/python37/lib/python3.7/site-packages/airflow/example_dags/example_datasets.py
[2024-08-28T10:46:16.425+0200] {processor.py:753} INFO - DAG(s) dict_keys(['dataset_produces_2', 'dataset_consumes_1_never_scheduled', 'dataset_consumes_unknown_never_scheduled', 'dataset_consumes_1', 'dataset_produces_1', 'dataset_consumes_1_and_2']) retrieved from /Users/roselina/opt/anaconda3/envs/python37/lib/python3.7/site-packages/airflow/example_dags/example_datasets.py
[2024-08-28T10:46:16.447+0200] {logging_mixin.py:137} INFO - [2024-08-28T10:46:16.447+0200] {dag.py:2705} INFO - Sync 6 DAGs
[2024-08-28T10:46:16.461+0200] {logging_mixin.py:137} INFO - [2024-08-28T10:46:16.461+0200] {dag.py:3456} INFO - Setting next_dagrun for dataset_consumes_1 to None, run_after=None
[2024-08-28T10:46:16.464+0200] {logging_mixin.py:137} INFO - [2024-08-28T10:46:16.464+0200] {dag.py:3456} INFO - Setting next_dagrun for dataset_consumes_1_and_2 to None, run_after=None
[2024-08-28T10:46:16.465+0200] {logging_mixin.py:137} INFO - [2024-08-28T10:46:16.465+0200] {dag.py:3456} INFO - Setting next_dagrun for dataset_consumes_1_never_scheduled to None, run_after=None
[2024-08-28T10:46:16.466+0200] {logging_mixin.py:137} INFO - [2024-08-28T10:46:16.465+0200] {dag.py:3456} INFO - Setting next_dagrun for dataset_consumes_unknown_never_scheduled to None, run_after=None
[2024-08-28T10:46:16.467+0200] {logging_mixin.py:137} INFO - [2024-08-28T10:46:16.467+0200] {dag.py:3456} INFO - Setting next_dagrun for dataset_produces_1 to 2024-08-27T00:00:00+00:00, run_after=2024-08-28T00:00:00+00:00
[2024-08-28T10:46:16.468+0200] {logging_mixin.py:137} INFO - [2024-08-28T10:46:16.468+0200] {dag.py:3456} INFO - Setting next_dagrun for dataset_produces_2 to None, run_after=None
[2024-08-28T10:46:16.483+0200] {processor.py:175} INFO - Processing /Users/roselina/opt/anaconda3/envs/python37/lib/python3.7/site-packages/airflow/example_dags/example_datasets.py took 0.086 seconds
[2024-08-28T10:46:57.915+0200] {processor.py:153} INFO - Started process (PID=75754) to work on /Users/roselina/opt/anaconda3/envs/python37/lib/python3.7/site-packages/airflow/example_dags/example_datasets.py
[2024-08-28T10:46:57.918+0200] {processor.py:743} INFO - Processing file /Users/roselina/opt/anaconda3/envs/python37/lib/python3.7/site-packages/airflow/example_dags/example_datasets.py for tasks to queue
[2024-08-28T10:46:57.920+0200] {logging_mixin.py:137} INFO - [2024-08-28T10:46:57.919+0200] {dagbag.py:532} INFO - Filling up the DagBag from /Users/roselina/opt/anaconda3/envs/python37/lib/python3.7/site-packages/airflow/example_dags/example_datasets.py
[2024-08-28T10:46:57.945+0200] {processor.py:753} INFO - DAG(s) dict_keys(['dataset_consumes_unknown_never_scheduled', 'dataset_produces_1', 'dataset_consumes_1', 'dataset_produces_2', 'dataset_consumes_1_and_2', 'dataset_consumes_1_never_scheduled']) retrieved from /Users/roselina/opt/anaconda3/envs/python37/lib/python3.7/site-packages/airflow/example_dags/example_datasets.py
[2024-08-28T10:46:57.970+0200] {logging_mixin.py:137} INFO - [2024-08-28T10:46:57.969+0200] {dag.py:2705} INFO - Sync 6 DAGs
[2024-08-28T10:46:57.982+0200] {logging_mixin.py:137} INFO - [2024-08-28T10:46:57.982+0200] {dag.py:3456} INFO - Setting next_dagrun for dataset_consumes_1 to None, run_after=None
[2024-08-28T10:46:57.984+0200] {logging_mixin.py:137} INFO - [2024-08-28T10:46:57.984+0200] {dag.py:3456} INFO - Setting next_dagrun for dataset_consumes_1_and_2 to None, run_after=None
[2024-08-28T10:46:57.984+0200] {logging_mixin.py:137} INFO - [2024-08-28T10:46:57.984+0200] {dag.py:3456} INFO - Setting next_dagrun for dataset_consumes_1_never_scheduled to None, run_after=None
[2024-08-28T10:46:57.985+0200] {logging_mixin.py:137} INFO - [2024-08-28T10:46:57.985+0200] {dag.py:3456} INFO - Setting next_dagrun for dataset_consumes_unknown_never_scheduled to None, run_after=None
[2024-08-28T10:46:57.987+0200] {logging_mixin.py:137} INFO - [2024-08-28T10:46:57.986+0200] {dag.py:3456} INFO - Setting next_dagrun for dataset_produces_1 to 2024-08-27T00:00:00+00:00, run_after=2024-08-28T00:00:00+00:00
[2024-08-28T10:46:57.987+0200] {logging_mixin.py:137} INFO - [2024-08-28T10:46:57.987+0200] {dag.py:3456} INFO - Setting next_dagrun for dataset_produces_2 to None, run_after=None
[2024-08-28T10:46:58.001+0200] {processor.py:175} INFO - Processing /Users/roselina/opt/anaconda3/envs/python37/lib/python3.7/site-packages/airflow/example_dags/example_datasets.py took 0.092 seconds
[2024-08-28T10:47:40.012+0200] {processor.py:153} INFO - Started process (PID=75802) to work on /Users/roselina/opt/anaconda3/envs/python37/lib/python3.7/site-packages/airflow/example_dags/example_datasets.py
[2024-08-28T10:47:40.017+0200] {processor.py:743} INFO - Processing file /Users/roselina/opt/anaconda3/envs/python37/lib/python3.7/site-packages/airflow/example_dags/example_datasets.py for tasks to queue
[2024-08-28T10:47:40.020+0200] {logging_mixin.py:137} INFO - [2024-08-28T10:47:40.018+0200] {dagbag.py:532} INFO - Filling up the DagBag from /Users/roselina/opt/anaconda3/envs/python37/lib/python3.7/site-packages/airflow/example_dags/example_datasets.py
[2024-08-28T10:47:40.041+0200] {processor.py:753} INFO - DAG(s) dict_keys(['dataset_consumes_1_and_2', 'dataset_produces_1', 'dataset_consumes_1', 'dataset_produces_2', 'dataset_consumes_1_never_scheduled', 'dataset_consumes_unknown_never_scheduled']) retrieved from /Users/roselina/opt/anaconda3/envs/python37/lib/python3.7/site-packages/airflow/example_dags/example_datasets.py
[2024-08-28T10:47:40.068+0200] {logging_mixin.py:137} INFO - [2024-08-28T10:47:40.068+0200] {dag.py:2705} INFO - Sync 6 DAGs
[2024-08-28T10:47:40.083+0200] {logging_mixin.py:137} INFO - [2024-08-28T10:47:40.083+0200] {dag.py:3456} INFO - Setting next_dagrun for dataset_consumes_1 to None, run_after=None
[2024-08-28T10:47:40.085+0200] {logging_mixin.py:137} INFO - [2024-08-28T10:47:40.085+0200] {dag.py:3456} INFO - Setting next_dagrun for dataset_consumes_1_and_2 to None, run_after=None
[2024-08-28T10:47:40.086+0200] {logging_mixin.py:137} INFO - [2024-08-28T10:47:40.086+0200] {dag.py:3456} INFO - Setting next_dagrun for dataset_consumes_1_never_scheduled to None, run_after=None
[2024-08-28T10:47:40.087+0200] {logging_mixin.py:137} INFO - [2024-08-28T10:47:40.087+0200] {dag.py:3456} INFO - Setting next_dagrun for dataset_consumes_unknown_never_scheduled to None, run_after=None
[2024-08-28T10:47:40.089+0200] {logging_mixin.py:137} INFO - [2024-08-28T10:47:40.089+0200] {dag.py:3456} INFO - Setting next_dagrun for dataset_produces_1 to 2024-08-27T00:00:00+00:00, run_after=2024-08-28T00:00:00+00:00
[2024-08-28T10:47:40.090+0200] {logging_mixin.py:137} INFO - [2024-08-28T10:47:40.090+0200] {dag.py:3456} INFO - Setting next_dagrun for dataset_produces_2 to None, run_after=None
[2024-08-28T10:47:40.108+0200] {processor.py:175} INFO - Processing /Users/roselina/opt/anaconda3/envs/python37/lib/python3.7/site-packages/airflow/example_dags/example_datasets.py took 0.101 seconds
[2024-08-28T10:48:20.753+0200] {processor.py:153} INFO - Started process (PID=75865) to work on /Users/roselina/opt/anaconda3/envs/python37/lib/python3.7/site-packages/airflow/example_dags/example_datasets.py
[2024-08-28T10:48:20.754+0200] {processor.py:743} INFO - Processing file /Users/roselina/opt/anaconda3/envs/python37/lib/python3.7/site-packages/airflow/example_dags/example_datasets.py for tasks to queue
[2024-08-28T10:48:20.755+0200] {logging_mixin.py:137} INFO - [2024-08-28T10:48:20.755+0200] {dagbag.py:532} INFO - Filling up the DagBag from /Users/roselina/opt/anaconda3/envs/python37/lib/python3.7/site-packages/airflow/example_dags/example_datasets.py
[2024-08-28T10:48:20.770+0200] {processor.py:753} INFO - DAG(s) dict_keys(['dataset_consumes_unknown_never_scheduled', 'dataset_produces_1', 'dataset_consumes_1_and_2', 'dataset_consumes_1_never_scheduled', 'dataset_produces_2', 'dataset_consumes_1']) retrieved from /Users/roselina/opt/anaconda3/envs/python37/lib/python3.7/site-packages/airflow/example_dags/example_datasets.py
[2024-08-28T10:48:20.789+0200] {logging_mixin.py:137} INFO - [2024-08-28T10:48:20.789+0200] {dag.py:2705} INFO - Sync 6 DAGs
[2024-08-28T10:48:20.802+0200] {logging_mixin.py:137} INFO - [2024-08-28T10:48:20.801+0200] {dag.py:3456} INFO - Setting next_dagrun for dataset_consumes_1 to None, run_after=None
[2024-08-28T10:48:20.803+0200] {logging_mixin.py:137} INFO - [2024-08-28T10:48:20.803+0200] {dag.py:3456} INFO - Setting next_dagrun for dataset_consumes_1_and_2 to None, run_after=None
[2024-08-28T10:48:20.804+0200] {logging_mixin.py:137} INFO - [2024-08-28T10:48:20.804+0200] {dag.py:3456} INFO - Setting next_dagrun for dataset_consumes_1_never_scheduled to None, run_after=None
[2024-08-28T10:48:20.805+0200] {logging_mixin.py:137} INFO - [2024-08-28T10:48:20.805+0200] {dag.py:3456} INFO - Setting next_dagrun for dataset_consumes_unknown_never_scheduled to None, run_after=None
[2024-08-28T10:48:20.806+0200] {logging_mixin.py:137} INFO - [2024-08-28T10:48:20.806+0200] {dag.py:3456} INFO - Setting next_dagrun for dataset_produces_1 to 2024-08-27T00:00:00+00:00, run_after=2024-08-28T00:00:00+00:00
[2024-08-28T10:48:20.807+0200] {logging_mixin.py:137} INFO - [2024-08-28T10:48:20.807+0200] {dag.py:3456} INFO - Setting next_dagrun for dataset_produces_2 to None, run_after=None
[2024-08-28T10:48:20.823+0200] {processor.py:175} INFO - Processing /Users/roselina/opt/anaconda3/envs/python37/lib/python3.7/site-packages/airflow/example_dags/example_datasets.py took 0.073 seconds
[2024-08-28T10:49:02.573+0200] {processor.py:153} INFO - Started process (PID=75923) to work on /Users/roselina/opt/anaconda3/envs/python37/lib/python3.7/site-packages/airflow/example_dags/example_datasets.py
[2024-08-28T10:49:02.575+0200] {processor.py:743} INFO - Processing file /Users/roselina/opt/anaconda3/envs/python37/lib/python3.7/site-packages/airflow/example_dags/example_datasets.py for tasks to queue
[2024-08-28T10:49:02.577+0200] {logging_mixin.py:137} INFO - [2024-08-28T10:49:02.576+0200] {dagbag.py:532} INFO - Filling up the DagBag from /Users/roselina/opt/anaconda3/envs/python37/lib/python3.7/site-packages/airflow/example_dags/example_datasets.py
[2024-08-28T10:49:02.598+0200] {processor.py:753} INFO - DAG(s) dict_keys(['dataset_consumes_unknown_never_scheduled', 'dataset_consumes_1', 'dataset_consumes_1_and_2', 'dataset_produces_1', 'dataset_produces_2', 'dataset_consumes_1_never_scheduled']) retrieved from /Users/roselina/opt/anaconda3/envs/python37/lib/python3.7/site-packages/airflow/example_dags/example_datasets.py
[2024-08-28T10:49:02.636+0200] {logging_mixin.py:137} INFO - [2024-08-28T10:49:02.635+0200] {dag.py:2705} INFO - Sync 6 DAGs
[2024-08-28T10:49:02.648+0200] {logging_mixin.py:137} INFO - [2024-08-28T10:49:02.648+0200] {dag.py:3456} INFO - Setting next_dagrun for dataset_consumes_1 to None, run_after=None
[2024-08-28T10:49:02.650+0200] {logging_mixin.py:137} INFO - [2024-08-28T10:49:02.650+0200] {dag.py:3456} INFO - Setting next_dagrun for dataset_consumes_1_and_2 to None, run_after=None
[2024-08-28T10:49:02.651+0200] {logging_mixin.py:137} INFO - [2024-08-28T10:49:02.651+0200] {dag.py:3456} INFO - Setting next_dagrun for dataset_consumes_1_never_scheduled to None, run_after=None
[2024-08-28T10:49:02.652+0200] {logging_mixin.py:137} INFO - [2024-08-28T10:49:02.651+0200] {dag.py:3456} INFO - Setting next_dagrun for dataset_consumes_unknown_never_scheduled to None, run_after=None
[2024-08-28T10:49:02.653+0200] {logging_mixin.py:137} INFO - [2024-08-28T10:49:02.653+0200] {dag.py:3456} INFO - Setting next_dagrun for dataset_produces_1 to 2024-08-27T00:00:00+00:00, run_after=2024-08-28T00:00:00+00:00
[2024-08-28T10:49:02.654+0200] {logging_mixin.py:137} INFO - [2024-08-28T10:49:02.654+0200] {dag.py:3456} INFO - Setting next_dagrun for dataset_produces_2 to None, run_after=None
[2024-08-28T10:49:02.670+0200] {processor.py:175} INFO - Processing /Users/roselina/opt/anaconda3/envs/python37/lib/python3.7/site-packages/airflow/example_dags/example_datasets.py took 0.102 seconds
[2024-08-28T10:49:44.055+0200] {processor.py:153} INFO - Started process (PID=75968) to work on /Users/roselina/opt/anaconda3/envs/python37/lib/python3.7/site-packages/airflow/example_dags/example_datasets.py
[2024-08-28T10:49:44.067+0200] {processor.py:743} INFO - Processing file /Users/roselina/opt/anaconda3/envs/python37/lib/python3.7/site-packages/airflow/example_dags/example_datasets.py for tasks to queue
[2024-08-28T10:49:44.069+0200] {logging_mixin.py:137} INFO - [2024-08-28T10:49:44.068+0200] {dagbag.py:532} INFO - Filling up the DagBag from /Users/roselina/opt/anaconda3/envs/python37/lib/python3.7/site-packages/airflow/example_dags/example_datasets.py
[2024-08-28T10:49:44.089+0200] {processor.py:753} INFO - DAG(s) dict_keys(['dataset_consumes_1_and_2', 'dataset_produces_2', 'dataset_consumes_1', 'dataset_consumes_unknown_never_scheduled', 'dataset_consumes_1_never_scheduled', 'dataset_produces_1']) retrieved from /Users/roselina/opt/anaconda3/envs/python37/lib/python3.7/site-packages/airflow/example_dags/example_datasets.py
[2024-08-28T10:49:44.118+0200] {logging_mixin.py:137} INFO - [2024-08-28T10:49:44.118+0200] {dag.py:2705} INFO - Sync 6 DAGs
[2024-08-28T10:49:44.134+0200] {logging_mixin.py:137} INFO - [2024-08-28T10:49:44.134+0200] {dag.py:3456} INFO - Setting next_dagrun for dataset_consumes_1 to None, run_after=None
[2024-08-28T10:49:44.136+0200] {logging_mixin.py:137} INFO - [2024-08-28T10:49:44.136+0200] {dag.py:3456} INFO - Setting next_dagrun for dataset_consumes_1_and_2 to None, run_after=None
[2024-08-28T10:49:44.137+0200] {logging_mixin.py:137} INFO - [2024-08-28T10:49:44.137+0200] {dag.py:3456} INFO - Setting next_dagrun for dataset_consumes_1_never_scheduled to None, run_after=None
[2024-08-28T10:49:44.138+0200] {logging_mixin.py:137} INFO - [2024-08-28T10:49:44.138+0200] {dag.py:3456} INFO - Setting next_dagrun for dataset_consumes_unknown_never_scheduled to None, run_after=None
[2024-08-28T10:49:44.140+0200] {logging_mixin.py:137} INFO - [2024-08-28T10:49:44.140+0200] {dag.py:3456} INFO - Setting next_dagrun for dataset_produces_1 to 2024-08-27T00:00:00+00:00, run_after=2024-08-28T00:00:00+00:00
[2024-08-28T10:49:44.141+0200] {logging_mixin.py:137} INFO - [2024-08-28T10:49:44.141+0200] {dag.py:3456} INFO - Setting next_dagrun for dataset_produces_2 to None, run_after=None
[2024-08-28T10:49:44.156+0200] {processor.py:175} INFO - Processing /Users/roselina/opt/anaconda3/envs/python37/lib/python3.7/site-packages/airflow/example_dags/example_datasets.py took 0.107 seconds
[2024-08-28T10:50:24.908+0200] {processor.py:153} INFO - Started process (PID=76013) to work on /Users/roselina/opt/anaconda3/envs/python37/lib/python3.7/site-packages/airflow/example_dags/example_datasets.py
[2024-08-28T10:50:24.910+0200] {processor.py:743} INFO - Processing file /Users/roselina/opt/anaconda3/envs/python37/lib/python3.7/site-packages/airflow/example_dags/example_datasets.py for tasks to queue
[2024-08-28T10:50:24.911+0200] {logging_mixin.py:137} INFO - [2024-08-28T10:50:24.910+0200] {dagbag.py:532} INFO - Filling up the DagBag from /Users/roselina/opt/anaconda3/envs/python37/lib/python3.7/site-packages/airflow/example_dags/example_datasets.py
[2024-08-28T10:50:24.931+0200] {processor.py:753} INFO - DAG(s) dict_keys(['dataset_consumes_unknown_never_scheduled', 'dataset_consumes_1_never_scheduled', 'dataset_produces_1', 'dataset_consumes_1', 'dataset_produces_2', 'dataset_consumes_1_and_2']) retrieved from /Users/roselina/opt/anaconda3/envs/python37/lib/python3.7/site-packages/airflow/example_dags/example_datasets.py
[2024-08-28T10:50:24.953+0200] {logging_mixin.py:137} INFO - [2024-08-28T10:50:24.952+0200] {dag.py:2705} INFO - Sync 6 DAGs
[2024-08-28T10:50:24.965+0200] {logging_mixin.py:137} INFO - [2024-08-28T10:50:24.965+0200] {dag.py:3456} INFO - Setting next_dagrun for dataset_consumes_1 to None, run_after=None
[2024-08-28T10:50:24.967+0200] {logging_mixin.py:137} INFO - [2024-08-28T10:50:24.967+0200] {dag.py:3456} INFO - Setting next_dagrun for dataset_consumes_1_and_2 to None, run_after=None
[2024-08-28T10:50:24.967+0200] {logging_mixin.py:137} INFO - [2024-08-28T10:50:24.967+0200] {dag.py:3456} INFO - Setting next_dagrun for dataset_consumes_1_never_scheduled to None, run_after=None
[2024-08-28T10:50:24.968+0200] {logging_mixin.py:137} INFO - [2024-08-28T10:50:24.968+0200] {dag.py:3456} INFO - Setting next_dagrun for dataset_consumes_unknown_never_scheduled to None, run_after=None
[2024-08-28T10:50:24.970+0200] {logging_mixin.py:137} INFO - [2024-08-28T10:50:24.970+0200] {dag.py:3456} INFO - Setting next_dagrun for dataset_produces_1 to 2024-08-27T00:00:00+00:00, run_after=2024-08-28T00:00:00+00:00
[2024-08-28T10:50:24.971+0200] {logging_mixin.py:137} INFO - [2024-08-28T10:50:24.970+0200] {dag.py:3456} INFO - Setting next_dagrun for dataset_produces_2 to None, run_after=None
[2024-08-28T10:50:24.986+0200] {processor.py:175} INFO - Processing /Users/roselina/opt/anaconda3/envs/python37/lib/python3.7/site-packages/airflow/example_dags/example_datasets.py took 0.082 seconds
[2024-08-28T10:51:05.722+0200] {processor.py:153} INFO - Started process (PID=76066) to work on /Users/roselina/opt/anaconda3/envs/python37/lib/python3.7/site-packages/airflow/example_dags/example_datasets.py
[2024-08-28T10:51:05.724+0200] {processor.py:743} INFO - Processing file /Users/roselina/opt/anaconda3/envs/python37/lib/python3.7/site-packages/airflow/example_dags/example_datasets.py for tasks to queue
[2024-08-28T10:51:05.725+0200] {logging_mixin.py:137} INFO - [2024-08-28T10:51:05.724+0200] {dagbag.py:532} INFO - Filling up the DagBag from /Users/roselina/opt/anaconda3/envs/python37/lib/python3.7/site-packages/airflow/example_dags/example_datasets.py
[2024-08-28T10:51:05.747+0200] {processor.py:753} INFO - DAG(s) dict_keys(['dataset_consumes_unknown_never_scheduled', 'dataset_consumes_1', 'dataset_produces_1', 'dataset_consumes_1_never_scheduled', 'dataset_produces_2', 'dataset_consumes_1_and_2']) retrieved from /Users/roselina/opt/anaconda3/envs/python37/lib/python3.7/site-packages/airflow/example_dags/example_datasets.py
[2024-08-28T10:51:05.769+0200] {logging_mixin.py:137} INFO - [2024-08-28T10:51:05.769+0200] {dag.py:2705} INFO - Sync 6 DAGs
[2024-08-28T10:51:05.782+0200] {logging_mixin.py:137} INFO - [2024-08-28T10:51:05.782+0200] {dag.py:3456} INFO - Setting next_dagrun for dataset_consumes_1 to None, run_after=None
[2024-08-28T10:51:05.784+0200] {logging_mixin.py:137} INFO - [2024-08-28T10:51:05.784+0200] {dag.py:3456} INFO - Setting next_dagrun for dataset_consumes_1_and_2 to None, run_after=None
[2024-08-28T10:51:05.785+0200] {logging_mixin.py:137} INFO - [2024-08-28T10:51:05.785+0200] {dag.py:3456} INFO - Setting next_dagrun for dataset_consumes_1_never_scheduled to None, run_after=None
[2024-08-28T10:51:05.785+0200] {logging_mixin.py:137} INFO - [2024-08-28T10:51:05.785+0200] {dag.py:3456} INFO - Setting next_dagrun for dataset_consumes_unknown_never_scheduled to None, run_after=None
[2024-08-28T10:51:05.787+0200] {logging_mixin.py:137} INFO - [2024-08-28T10:51:05.787+0200] {dag.py:3456} INFO - Setting next_dagrun for dataset_produces_1 to 2024-08-27T00:00:00+00:00, run_after=2024-08-28T00:00:00+00:00
[2024-08-28T10:51:05.788+0200] {logging_mixin.py:137} INFO - [2024-08-28T10:51:05.788+0200] {dag.py:3456} INFO - Setting next_dagrun for dataset_produces_2 to None, run_after=None
[2024-08-28T10:51:05.803+0200] {processor.py:175} INFO - Processing /Users/roselina/opt/anaconda3/envs/python37/lib/python3.7/site-packages/airflow/example_dags/example_datasets.py took 0.086 seconds
[2024-08-28T10:51:48.211+0200] {processor.py:153} INFO - Started process (PID=76119) to work on /Users/roselina/opt/anaconda3/envs/python37/lib/python3.7/site-packages/airflow/example_dags/example_datasets.py
[2024-08-28T10:51:48.214+0200] {processor.py:743} INFO - Processing file /Users/roselina/opt/anaconda3/envs/python37/lib/python3.7/site-packages/airflow/example_dags/example_datasets.py for tasks to queue
[2024-08-28T10:51:48.216+0200] {logging_mixin.py:137} INFO - [2024-08-28T10:51:48.215+0200] {dagbag.py:532} INFO - Filling up the DagBag from /Users/roselina/opt/anaconda3/envs/python37/lib/python3.7/site-packages/airflow/example_dags/example_datasets.py
[2024-08-28T10:51:48.251+0200] {processor.py:753} INFO - DAG(s) dict_keys(['dataset_consumes_unknown_never_scheduled', 'dataset_consumes_1', 'dataset_consumes_1_never_scheduled', 'dataset_consumes_1_and_2', 'dataset_produces_2', 'dataset_produces_1']) retrieved from /Users/roselina/opt/anaconda3/envs/python37/lib/python3.7/site-packages/airflow/example_dags/example_datasets.py
[2024-08-28T10:51:48.278+0200] {logging_mixin.py:137} INFO - [2024-08-28T10:51:48.277+0200] {dag.py:2705} INFO - Sync 6 DAGs
[2024-08-28T10:51:48.290+0200] {logging_mixin.py:137} INFO - [2024-08-28T10:51:48.289+0200] {dag.py:3456} INFO - Setting next_dagrun for dataset_consumes_1 to None, run_after=None
[2024-08-28T10:51:48.291+0200] {logging_mixin.py:137} INFO - [2024-08-28T10:51:48.291+0200] {dag.py:3456} INFO - Setting next_dagrun for dataset_consumes_1_and_2 to None, run_after=None
[2024-08-28T10:51:48.292+0200] {logging_mixin.py:137} INFO - [2024-08-28T10:51:48.292+0200] {dag.py:3456} INFO - Setting next_dagrun for dataset_consumes_1_never_scheduled to None, run_after=None
[2024-08-28T10:51:48.293+0200] {logging_mixin.py:137} INFO - [2024-08-28T10:51:48.293+0200] {dag.py:3456} INFO - Setting next_dagrun for dataset_consumes_unknown_never_scheduled to None, run_after=None
[2024-08-28T10:51:48.294+0200] {logging_mixin.py:137} INFO - [2024-08-28T10:51:48.294+0200] {dag.py:3456} INFO - Setting next_dagrun for dataset_produces_1 to 2024-08-27T00:00:00+00:00, run_after=2024-08-28T00:00:00+00:00
[2024-08-28T10:51:48.295+0200] {logging_mixin.py:137} INFO - [2024-08-28T10:51:48.295+0200] {dag.py:3456} INFO - Setting next_dagrun for dataset_produces_2 to None, run_after=None
[2024-08-28T10:51:48.310+0200] {processor.py:175} INFO - Processing /Users/roselina/opt/anaconda3/envs/python37/lib/python3.7/site-packages/airflow/example_dags/example_datasets.py took 0.104 seconds
[2024-08-28T10:52:28.280+0200] {processor.py:153} INFO - Started process (PID=76174) to work on /Users/roselina/opt/anaconda3/envs/python37/lib/python3.7/site-packages/airflow/example_dags/example_datasets.py
[2024-08-28T10:52:28.283+0200] {processor.py:743} INFO - Processing file /Users/roselina/opt/anaconda3/envs/python37/lib/python3.7/site-packages/airflow/example_dags/example_datasets.py for tasks to queue
[2024-08-28T10:52:28.285+0200] {logging_mixin.py:137} INFO - [2024-08-28T10:52:28.284+0200] {dagbag.py:532} INFO - Filling up the DagBag from /Users/roselina/opt/anaconda3/envs/python37/lib/python3.7/site-packages/airflow/example_dags/example_datasets.py
[2024-08-28T10:52:28.305+0200] {processor.py:753} INFO - DAG(s) dict_keys(['dataset_consumes_1_and_2', 'dataset_produces_1', 'dataset_consumes_1_never_scheduled', 'dataset_consumes_1', 'dataset_produces_2', 'dataset_consumes_unknown_never_scheduled']) retrieved from /Users/roselina/opt/anaconda3/envs/python37/lib/python3.7/site-packages/airflow/example_dags/example_datasets.py
[2024-08-28T10:52:28.326+0200] {logging_mixin.py:137} INFO - [2024-08-28T10:52:28.325+0200] {dag.py:2705} INFO - Sync 6 DAGs
[2024-08-28T10:52:28.337+0200] {logging_mixin.py:137} INFO - [2024-08-28T10:52:28.337+0200] {dag.py:3456} INFO - Setting next_dagrun for dataset_consumes_1 to None, run_after=None
[2024-08-28T10:52:28.339+0200] {logging_mixin.py:137} INFO - [2024-08-28T10:52:28.339+0200] {dag.py:3456} INFO - Setting next_dagrun for dataset_consumes_1_and_2 to None, run_after=None
[2024-08-28T10:52:28.340+0200] {logging_mixin.py:137} INFO - [2024-08-28T10:52:28.340+0200] {dag.py:3456} INFO - Setting next_dagrun for dataset_consumes_1_never_scheduled to None, run_after=None
[2024-08-28T10:52:28.340+0200] {logging_mixin.py:137} INFO - [2024-08-28T10:52:28.340+0200] {dag.py:3456} INFO - Setting next_dagrun for dataset_consumes_unknown_never_scheduled to None, run_after=None
[2024-08-28T10:52:28.342+0200] {logging_mixin.py:137} INFO - [2024-08-28T10:52:28.342+0200] {dag.py:3456} INFO - Setting next_dagrun for dataset_produces_1 to 2024-08-27T00:00:00+00:00, run_after=2024-08-28T00:00:00+00:00
[2024-08-28T10:52:28.343+0200] {logging_mixin.py:137} INFO - [2024-08-28T10:52:28.342+0200] {dag.py:3456} INFO - Setting next_dagrun for dataset_produces_2 to None, run_after=None
[2024-08-28T10:52:28.357+0200] {processor.py:175} INFO - Processing /Users/roselina/opt/anaconda3/envs/python37/lib/python3.7/site-packages/airflow/example_dags/example_datasets.py took 0.082 seconds
[2024-08-28T10:53:10.965+0200] {processor.py:153} INFO - Started process (PID=76220) to work on /Users/roselina/opt/anaconda3/envs/python37/lib/python3.7/site-packages/airflow/example_dags/example_datasets.py
[2024-08-28T10:53:10.968+0200] {processor.py:743} INFO - Processing file /Users/roselina/opt/anaconda3/envs/python37/lib/python3.7/site-packages/airflow/example_dags/example_datasets.py for tasks to queue
[2024-08-28T10:53:10.969+0200] {logging_mixin.py:137} INFO - [2024-08-28T10:53:10.969+0200] {dagbag.py:532} INFO - Filling up the DagBag from /Users/roselina/opt/anaconda3/envs/python37/lib/python3.7/site-packages/airflow/example_dags/example_datasets.py
[2024-08-28T10:53:10.991+0200] {processor.py:753} INFO - DAG(s) dict_keys(['dataset_produces_1', 'dataset_consumes_1_and_2', 'dataset_consumes_1', 'dataset_produces_2', 'dataset_consumes_1_never_scheduled', 'dataset_consumes_unknown_never_scheduled']) retrieved from /Users/roselina/opt/anaconda3/envs/python37/lib/python3.7/site-packages/airflow/example_dags/example_datasets.py
[2024-08-28T10:53:11.013+0200] {logging_mixin.py:137} INFO - [2024-08-28T10:53:11.013+0200] {dag.py:2705} INFO - Sync 6 DAGs
[2024-08-28T10:53:11.026+0200] {logging_mixin.py:137} INFO - [2024-08-28T10:53:11.026+0200] {dag.py:3456} INFO - Setting next_dagrun for dataset_consumes_1 to None, run_after=None
[2024-08-28T10:53:11.028+0200] {logging_mixin.py:137} INFO - [2024-08-28T10:53:11.027+0200] {dag.py:3456} INFO - Setting next_dagrun for dataset_consumes_1_and_2 to None, run_after=None
[2024-08-28T10:53:11.029+0200] {logging_mixin.py:137} INFO - [2024-08-28T10:53:11.029+0200] {dag.py:3456} INFO - Setting next_dagrun for dataset_consumes_1_never_scheduled to None, run_after=None
[2024-08-28T10:53:11.030+0200] {logging_mixin.py:137} INFO - [2024-08-28T10:53:11.030+0200] {dag.py:3456} INFO - Setting next_dagrun for dataset_consumes_unknown_never_scheduled to None, run_after=None
[2024-08-28T10:53:11.032+0200] {logging_mixin.py:137} INFO - [2024-08-28T10:53:11.031+0200] {dag.py:3456} INFO - Setting next_dagrun for dataset_produces_1 to 2024-08-27T00:00:00+00:00, run_after=2024-08-28T00:00:00+00:00
[2024-08-28T10:53:11.032+0200] {logging_mixin.py:137} INFO - [2024-08-28T10:53:11.032+0200] {dag.py:3456} INFO - Setting next_dagrun for dataset_produces_2 to None, run_after=None
[2024-08-28T10:53:11.046+0200] {processor.py:175} INFO - Processing /Users/roselina/opt/anaconda3/envs/python37/lib/python3.7/site-packages/airflow/example_dags/example_datasets.py took 0.086 seconds
