[2024-08-28T10:11:24.655+0200] {processor.py:153} INFO - Started process (PID=74940) to work on /Users/roselina/opt/anaconda3/envs/python37/lib/python3.7/site-packages/airflow/example_dags/example_python_operator.py
[2024-08-28T10:11:24.656+0200] {processor.py:743} INFO - Processing file /Users/roselina/opt/anaconda3/envs/python37/lib/python3.7/site-packages/airflow/example_dags/example_python_operator.py for tasks to queue
[2024-08-28T10:11:24.657+0200] {logging_mixin.py:137} INFO - [2024-08-28T10:11:24.657+0200] {dagbag.py:532} INFO - Filling up the DagBag from /Users/roselina/opt/anaconda3/envs/python37/lib/python3.7/site-packages/airflow/example_dags/example_python_operator.py
[2024-08-28T10:11:24.687+0200] {logging_mixin.py:137} INFO - [2024-08-28T10:11:24.687+0200] {taskmixin.py:211} WARNING - Dependency <Task(_PythonDecoratedOperator): print_the_context>, log_sql_query already registered for DAG: example_python_operator
[2024-08-28T10:11:24.688+0200] {logging_mixin.py:137} INFO - [2024-08-28T10:11:24.688+0200] {taskmixin.py:211} WARNING - Dependency <Task(_PythonDecoratedOperator): log_sql_query>, print_the_context already registered for DAG: example_python_operator
[2024-08-28T10:11:24.689+0200] {logging_mixin.py:137} INFO - [2024-08-28T10:11:24.688+0200] {taskmixin.py:211} WARNING - Dependency <Task(_PythonDecoratedOperator): print_the_context>, log_sql_query already registered for DAG: example_python_operator
[2024-08-28T10:11:24.689+0200] {logging_mixin.py:137} INFO - [2024-08-28T10:11:24.689+0200] {taskmixin.py:211} WARNING - Dependency <Task(_PythonDecoratedOperator): log_sql_query>, print_the_context already registered for DAG: example_python_operator
[2024-08-28T10:11:24.690+0200] {logging_mixin.py:137} INFO - [2024-08-28T10:11:24.689+0200] {taskmixin.py:211} WARNING - Dependency <Task(_PythonDecoratedOperator): print_the_context>, log_sql_query already registered for DAG: example_python_operator
[2024-08-28T10:11:24.690+0200] {logging_mixin.py:137} INFO - [2024-08-28T10:11:24.690+0200] {taskmixin.py:211} WARNING - Dependency <Task(_PythonDecoratedOperator): log_sql_query>, print_the_context already registered for DAG: example_python_operator
[2024-08-28T10:11:24.691+0200] {logging_mixin.py:137} INFO - [2024-08-28T10:11:24.691+0200] {taskmixin.py:211} WARNING - Dependency <Task(_PythonDecoratedOperator): print_the_context>, log_sql_query already registered for DAG: example_python_operator
[2024-08-28T10:11:24.691+0200] {logging_mixin.py:137} INFO - [2024-08-28T10:11:24.691+0200] {taskmixin.py:211} WARNING - Dependency <Task(_PythonDecoratedOperator): log_sql_query>, print_the_context already registered for DAG: example_python_operator
[2024-08-28T10:11:24.692+0200] {logging_mixin.py:137} INFO - [2024-08-28T10:11:24.692+0200] {example_python_operator.py:90} WARNING - The virtalenv_python example task requires virtualenv, please install it.
[2024-08-28T10:11:24.696+0200] {processor.py:753} INFO - DAG(s) dict_keys(['example_python_operator']) retrieved from /Users/roselina/opt/anaconda3/envs/python37/lib/python3.7/site-packages/airflow/example_dags/example_python_operator.py
[2024-08-28T10:11:24.756+0200] {logging_mixin.py:137} INFO - [2024-08-28T10:11:24.755+0200] {manager.py:504} INFO - Created Permission View: can read on DAG:example_python_operator
[2024-08-28T10:11:24.760+0200] {logging_mixin.py:137} INFO - [2024-08-28T10:11:24.760+0200] {manager.py:504} INFO - Created Permission View: can delete on DAG:example_python_operator
[2024-08-28T10:11:24.765+0200] {logging_mixin.py:137} INFO - [2024-08-28T10:11:24.764+0200] {manager.py:504} INFO - Created Permission View: can edit on DAG:example_python_operator
[2024-08-28T10:11:24.766+0200] {logging_mixin.py:137} INFO - [2024-08-28T10:11:24.765+0200] {dag.py:2705} INFO - Sync 1 DAGs
[2024-08-28T10:11:24.773+0200] {logging_mixin.py:137} INFO - [2024-08-28T10:11:24.773+0200] {dag.py:2726} INFO - Creating ORM DAG for example_python_operator
[2024-08-28T10:11:24.778+0200] {logging_mixin.py:137} INFO - [2024-08-28T10:11:24.778+0200] {dag.py:3456} INFO - Setting next_dagrun for example_python_operator to None, run_after=None
[2024-08-28T10:11:24.787+0200] {processor.py:175} INFO - Processing /Users/roselina/opt/anaconda3/envs/python37/lib/python3.7/site-packages/airflow/example_dags/example_python_operator.py took 0.136 seconds
[2024-08-28T10:12:07.633+0200] {processor.py:153} INFO - Started process (PID=75003) to work on /Users/roselina/opt/anaconda3/envs/python37/lib/python3.7/site-packages/airflow/example_dags/example_python_operator.py
[2024-08-28T10:12:07.635+0200] {processor.py:743} INFO - Processing file /Users/roselina/opt/anaconda3/envs/python37/lib/python3.7/site-packages/airflow/example_dags/example_python_operator.py for tasks to queue
[2024-08-28T10:12:07.636+0200] {logging_mixin.py:137} INFO - [2024-08-28T10:12:07.636+0200] {dagbag.py:532} INFO - Filling up the DagBag from /Users/roselina/opt/anaconda3/envs/python37/lib/python3.7/site-packages/airflow/example_dags/example_python_operator.py
[2024-08-28T10:12:07.656+0200] {logging_mixin.py:137} INFO - [2024-08-28T10:12:07.656+0200] {taskmixin.py:211} WARNING - Dependency <Task(_PythonDecoratedOperator): print_the_context>, log_sql_query already registered for DAG: example_python_operator
[2024-08-28T10:12:07.657+0200] {logging_mixin.py:137} INFO - [2024-08-28T10:12:07.657+0200] {taskmixin.py:211} WARNING - Dependency <Task(_PythonDecoratedOperator): log_sql_query>, print_the_context already registered for DAG: example_python_operator
[2024-08-28T10:12:07.658+0200] {logging_mixin.py:137} INFO - [2024-08-28T10:12:07.658+0200] {taskmixin.py:211} WARNING - Dependency <Task(_PythonDecoratedOperator): print_the_context>, log_sql_query already registered for DAG: example_python_operator
[2024-08-28T10:12:07.659+0200] {logging_mixin.py:137} INFO - [2024-08-28T10:12:07.658+0200] {taskmixin.py:211} WARNING - Dependency <Task(_PythonDecoratedOperator): log_sql_query>, print_the_context already registered for DAG: example_python_operator
[2024-08-28T10:12:07.659+0200] {logging_mixin.py:137} INFO - [2024-08-28T10:12:07.659+0200] {taskmixin.py:211} WARNING - Dependency <Task(_PythonDecoratedOperator): print_the_context>, log_sql_query already registered for DAG: example_python_operator
[2024-08-28T10:12:07.660+0200] {logging_mixin.py:137} INFO - [2024-08-28T10:12:07.660+0200] {taskmixin.py:211} WARNING - Dependency <Task(_PythonDecoratedOperator): log_sql_query>, print_the_context already registered for DAG: example_python_operator
[2024-08-28T10:12:07.661+0200] {logging_mixin.py:137} INFO - [2024-08-28T10:12:07.661+0200] {taskmixin.py:211} WARNING - Dependency <Task(_PythonDecoratedOperator): print_the_context>, log_sql_query already registered for DAG: example_python_operator
[2024-08-28T10:12:07.661+0200] {logging_mixin.py:137} INFO - [2024-08-28T10:12:07.661+0200] {taskmixin.py:211} WARNING - Dependency <Task(_PythonDecoratedOperator): log_sql_query>, print_the_context already registered for DAG: example_python_operator
[2024-08-28T10:12:07.662+0200] {logging_mixin.py:137} INFO - [2024-08-28T10:12:07.662+0200] {example_python_operator.py:90} WARNING - The virtalenv_python example task requires virtualenv, please install it.
[2024-08-28T10:12:07.669+0200] {processor.py:753} INFO - DAG(s) dict_keys(['example_python_operator']) retrieved from /Users/roselina/opt/anaconda3/envs/python37/lib/python3.7/site-packages/airflow/example_dags/example_python_operator.py
[2024-08-28T10:12:07.685+0200] {logging_mixin.py:137} INFO - [2024-08-28T10:12:07.685+0200] {dag.py:2705} INFO - Sync 1 DAGs
[2024-08-28T10:12:07.698+0200] {logging_mixin.py:137} INFO - [2024-08-28T10:12:07.697+0200] {dag.py:3456} INFO - Setting next_dagrun for example_python_operator to None, run_after=None
[2024-08-28T10:12:07.708+0200] {processor.py:175} INFO - Processing /Users/roselina/opt/anaconda3/envs/python37/lib/python3.7/site-packages/airflow/example_dags/example_python_operator.py took 0.080 seconds
[2024-08-28T10:12:48.896+0200] {processor.py:153} INFO - Started process (PID=75067) to work on /Users/roselina/opt/anaconda3/envs/python37/lib/python3.7/site-packages/airflow/example_dags/example_python_operator.py
[2024-08-28T10:12:48.898+0200] {processor.py:743} INFO - Processing file /Users/roselina/opt/anaconda3/envs/python37/lib/python3.7/site-packages/airflow/example_dags/example_python_operator.py for tasks to queue
[2024-08-28T10:12:48.899+0200] {logging_mixin.py:137} INFO - [2024-08-28T10:12:48.899+0200] {dagbag.py:532} INFO - Filling up the DagBag from /Users/roselina/opt/anaconda3/envs/python37/lib/python3.7/site-packages/airflow/example_dags/example_python_operator.py
[2024-08-28T10:12:48.922+0200] {logging_mixin.py:137} INFO - [2024-08-28T10:12:48.921+0200] {taskmixin.py:211} WARNING - Dependency <Task(_PythonDecoratedOperator): print_the_context>, log_sql_query already registered for DAG: example_python_operator
[2024-08-28T10:12:48.922+0200] {logging_mixin.py:137} INFO - [2024-08-28T10:12:48.922+0200] {taskmixin.py:211} WARNING - Dependency <Task(_PythonDecoratedOperator): log_sql_query>, print_the_context already registered for DAG: example_python_operator
[2024-08-28T10:12:48.923+0200] {logging_mixin.py:137} INFO - [2024-08-28T10:12:48.923+0200] {taskmixin.py:211} WARNING - Dependency <Task(_PythonDecoratedOperator): print_the_context>, log_sql_query already registered for DAG: example_python_operator
[2024-08-28T10:12:48.924+0200] {logging_mixin.py:137} INFO - [2024-08-28T10:12:48.923+0200] {taskmixin.py:211} WARNING - Dependency <Task(_PythonDecoratedOperator): log_sql_query>, print_the_context already registered for DAG: example_python_operator
[2024-08-28T10:12:48.924+0200] {logging_mixin.py:137} INFO - [2024-08-28T10:12:48.924+0200] {taskmixin.py:211} WARNING - Dependency <Task(_PythonDecoratedOperator): print_the_context>, log_sql_query already registered for DAG: example_python_operator
[2024-08-28T10:12:48.925+0200] {logging_mixin.py:137} INFO - [2024-08-28T10:12:48.925+0200] {taskmixin.py:211} WARNING - Dependency <Task(_PythonDecoratedOperator): log_sql_query>, print_the_context already registered for DAG: example_python_operator
[2024-08-28T10:12:48.926+0200] {logging_mixin.py:137} INFO - [2024-08-28T10:12:48.925+0200] {taskmixin.py:211} WARNING - Dependency <Task(_PythonDecoratedOperator): print_the_context>, log_sql_query already registered for DAG: example_python_operator
[2024-08-28T10:12:48.926+0200] {logging_mixin.py:137} INFO - [2024-08-28T10:12:48.926+0200] {taskmixin.py:211} WARNING - Dependency <Task(_PythonDecoratedOperator): log_sql_query>, print_the_context already registered for DAG: example_python_operator
[2024-08-28T10:12:48.927+0200] {logging_mixin.py:137} INFO - [2024-08-28T10:12:48.926+0200] {example_python_operator.py:90} WARNING - The virtalenv_python example task requires virtualenv, please install it.
[2024-08-28T10:12:48.932+0200] {processor.py:753} INFO - DAG(s) dict_keys(['example_python_operator']) retrieved from /Users/roselina/opt/anaconda3/envs/python37/lib/python3.7/site-packages/airflow/example_dags/example_python_operator.py
[2024-08-28T10:12:48.949+0200] {logging_mixin.py:137} INFO - [2024-08-28T10:12:48.949+0200] {dag.py:2705} INFO - Sync 1 DAGs
[2024-08-28T10:12:48.962+0200] {logging_mixin.py:137} INFO - [2024-08-28T10:12:48.961+0200] {dag.py:3456} INFO - Setting next_dagrun for example_python_operator to None, run_after=None
[2024-08-28T10:12:48.973+0200] {processor.py:175} INFO - Processing /Users/roselina/opt/anaconda3/envs/python37/lib/python3.7/site-packages/airflow/example_dags/example_python_operator.py took 0.081 seconds
[2024-08-28T10:13:31.321+0200] {processor.py:153} INFO - Started process (PID=75123) to work on /Users/roselina/opt/anaconda3/envs/python37/lib/python3.7/site-packages/airflow/example_dags/example_python_operator.py
[2024-08-28T10:13:31.325+0200] {processor.py:743} INFO - Processing file /Users/roselina/opt/anaconda3/envs/python37/lib/python3.7/site-packages/airflow/example_dags/example_python_operator.py for tasks to queue
[2024-08-28T10:13:31.326+0200] {logging_mixin.py:137} INFO - [2024-08-28T10:13:31.326+0200] {dagbag.py:532} INFO - Filling up the DagBag from /Users/roselina/opt/anaconda3/envs/python37/lib/python3.7/site-packages/airflow/example_dags/example_python_operator.py
[2024-08-28T10:13:31.346+0200] {logging_mixin.py:137} INFO - [2024-08-28T10:13:31.346+0200] {taskmixin.py:211} WARNING - Dependency <Task(_PythonDecoratedOperator): print_the_context>, log_sql_query already registered for DAG: example_python_operator
[2024-08-28T10:13:31.347+0200] {logging_mixin.py:137} INFO - [2024-08-28T10:13:31.347+0200] {taskmixin.py:211} WARNING - Dependency <Task(_PythonDecoratedOperator): log_sql_query>, print_the_context already registered for DAG: example_python_operator
[2024-08-28T10:13:31.348+0200] {logging_mixin.py:137} INFO - [2024-08-28T10:13:31.347+0200] {taskmixin.py:211} WARNING - Dependency <Task(_PythonDecoratedOperator): print_the_context>, log_sql_query already registered for DAG: example_python_operator
[2024-08-28T10:13:31.348+0200] {logging_mixin.py:137} INFO - [2024-08-28T10:13:31.348+0200] {taskmixin.py:211} WARNING - Dependency <Task(_PythonDecoratedOperator): log_sql_query>, print_the_context already registered for DAG: example_python_operator
[2024-08-28T10:13:31.349+0200] {logging_mixin.py:137} INFO - [2024-08-28T10:13:31.348+0200] {taskmixin.py:211} WARNING - Dependency <Task(_PythonDecoratedOperator): print_the_context>, log_sql_query already registered for DAG: example_python_operator
[2024-08-28T10:13:31.349+0200] {logging_mixin.py:137} INFO - [2024-08-28T10:13:31.349+0200] {taskmixin.py:211} WARNING - Dependency <Task(_PythonDecoratedOperator): log_sql_query>, print_the_context already registered for DAG: example_python_operator
[2024-08-28T10:13:31.350+0200] {logging_mixin.py:137} INFO - [2024-08-28T10:13:31.350+0200] {taskmixin.py:211} WARNING - Dependency <Task(_PythonDecoratedOperator): print_the_context>, log_sql_query already registered for DAG: example_python_operator
[2024-08-28T10:13:31.350+0200] {logging_mixin.py:137} INFO - [2024-08-28T10:13:31.350+0200] {taskmixin.py:211} WARNING - Dependency <Task(_PythonDecoratedOperator): log_sql_query>, print_the_context already registered for DAG: example_python_operator
[2024-08-28T10:13:31.351+0200] {logging_mixin.py:137} INFO - [2024-08-28T10:13:31.351+0200] {example_python_operator.py:90} WARNING - The virtalenv_python example task requires virtualenv, please install it.
[2024-08-28T10:13:31.355+0200] {processor.py:753} INFO - DAG(s) dict_keys(['example_python_operator']) retrieved from /Users/roselina/opt/anaconda3/envs/python37/lib/python3.7/site-packages/airflow/example_dags/example_python_operator.py
[2024-08-28T10:13:31.370+0200] {logging_mixin.py:137} INFO - [2024-08-28T10:13:31.370+0200] {dag.py:2705} INFO - Sync 1 DAGs
[2024-08-28T10:13:31.382+0200] {logging_mixin.py:137} INFO - [2024-08-28T10:13:31.382+0200] {dag.py:3456} INFO - Setting next_dagrun for example_python_operator to None, run_after=None
[2024-08-28T10:13:31.393+0200] {processor.py:175} INFO - Processing /Users/roselina/opt/anaconda3/envs/python37/lib/python3.7/site-packages/airflow/example_dags/example_python_operator.py took 0.076 seconds
[2024-08-28T10:14:13.389+0200] {processor.py:153} INFO - Started process (PID=75201) to work on /Users/roselina/opt/anaconda3/envs/python37/lib/python3.7/site-packages/airflow/example_dags/example_python_operator.py
[2024-08-28T10:14:13.392+0200] {processor.py:743} INFO - Processing file /Users/roselina/opt/anaconda3/envs/python37/lib/python3.7/site-packages/airflow/example_dags/example_python_operator.py for tasks to queue
[2024-08-28T10:14:13.394+0200] {logging_mixin.py:137} INFO - [2024-08-28T10:14:13.394+0200] {dagbag.py:532} INFO - Filling up the DagBag from /Users/roselina/opt/anaconda3/envs/python37/lib/python3.7/site-packages/airflow/example_dags/example_python_operator.py
[2024-08-28T10:14:13.417+0200] {logging_mixin.py:137} INFO - [2024-08-28T10:14:13.416+0200] {taskmixin.py:211} WARNING - Dependency <Task(_PythonDecoratedOperator): print_the_context>, log_sql_query already registered for DAG: example_python_operator
[2024-08-28T10:14:13.417+0200] {logging_mixin.py:137} INFO - [2024-08-28T10:14:13.417+0200] {taskmixin.py:211} WARNING - Dependency <Task(_PythonDecoratedOperator): log_sql_query>, print_the_context already registered for DAG: example_python_operator
[2024-08-28T10:14:13.418+0200] {logging_mixin.py:137} INFO - [2024-08-28T10:14:13.418+0200] {taskmixin.py:211} WARNING - Dependency <Task(_PythonDecoratedOperator): print_the_context>, log_sql_query already registered for DAG: example_python_operator
[2024-08-28T10:14:13.419+0200] {logging_mixin.py:137} INFO - [2024-08-28T10:14:13.419+0200] {taskmixin.py:211} WARNING - Dependency <Task(_PythonDecoratedOperator): log_sql_query>, print_the_context already registered for DAG: example_python_operator
[2024-08-28T10:14:13.420+0200] {logging_mixin.py:137} INFO - [2024-08-28T10:14:13.420+0200] {taskmixin.py:211} WARNING - Dependency <Task(_PythonDecoratedOperator): print_the_context>, log_sql_query already registered for DAG: example_python_operator
[2024-08-28T10:14:13.420+0200] {logging_mixin.py:137} INFO - [2024-08-28T10:14:13.420+0200] {taskmixin.py:211} WARNING - Dependency <Task(_PythonDecoratedOperator): log_sql_query>, print_the_context already registered for DAG: example_python_operator
[2024-08-28T10:14:13.421+0200] {logging_mixin.py:137} INFO - [2024-08-28T10:14:13.421+0200] {taskmixin.py:211} WARNING - Dependency <Task(_PythonDecoratedOperator): print_the_context>, log_sql_query already registered for DAG: example_python_operator
[2024-08-28T10:14:13.422+0200] {logging_mixin.py:137} INFO - [2024-08-28T10:14:13.422+0200] {taskmixin.py:211} WARNING - Dependency <Task(_PythonDecoratedOperator): log_sql_query>, print_the_context already registered for DAG: example_python_operator
[2024-08-28T10:14:13.423+0200] {logging_mixin.py:137} INFO - [2024-08-28T10:14:13.422+0200] {example_python_operator.py:90} WARNING - The virtalenv_python example task requires virtualenv, please install it.
[2024-08-28T10:14:13.428+0200] {processor.py:753} INFO - DAG(s) dict_keys(['example_python_operator']) retrieved from /Users/roselina/opt/anaconda3/envs/python37/lib/python3.7/site-packages/airflow/example_dags/example_python_operator.py
[2024-08-28T10:14:13.445+0200] {logging_mixin.py:137} INFO - [2024-08-28T10:14:13.445+0200] {dag.py:2705} INFO - Sync 1 DAGs
[2024-08-28T10:14:13.458+0200] {logging_mixin.py:137} INFO - [2024-08-28T10:14:13.458+0200] {dag.py:3456} INFO - Setting next_dagrun for example_python_operator to None, run_after=None
[2024-08-28T10:14:13.467+0200] {processor.py:175} INFO - Processing /Users/roselina/opt/anaconda3/envs/python37/lib/python3.7/site-packages/airflow/example_dags/example_python_operator.py took 0.083 seconds
[2024-08-28T10:14:56.294+0200] {processor.py:153} INFO - Started process (PID=75248) to work on /Users/roselina/opt/anaconda3/envs/python37/lib/python3.7/site-packages/airflow/example_dags/example_python_operator.py
[2024-08-28T10:14:56.296+0200] {processor.py:743} INFO - Processing file /Users/roselina/opt/anaconda3/envs/python37/lib/python3.7/site-packages/airflow/example_dags/example_python_operator.py for tasks to queue
[2024-08-28T10:14:56.297+0200] {logging_mixin.py:137} INFO - [2024-08-28T10:14:56.297+0200] {dagbag.py:532} INFO - Filling up the DagBag from /Users/roselina/opt/anaconda3/envs/python37/lib/python3.7/site-packages/airflow/example_dags/example_python_operator.py
[2024-08-28T10:14:56.319+0200] {logging_mixin.py:137} INFO - [2024-08-28T10:14:56.318+0200] {taskmixin.py:211} WARNING - Dependency <Task(_PythonDecoratedOperator): print_the_context>, log_sql_query already registered for DAG: example_python_operator
[2024-08-28T10:14:56.320+0200] {logging_mixin.py:137} INFO - [2024-08-28T10:14:56.319+0200] {taskmixin.py:211} WARNING - Dependency <Task(_PythonDecoratedOperator): log_sql_query>, print_the_context already registered for DAG: example_python_operator
[2024-08-28T10:14:56.320+0200] {logging_mixin.py:137} INFO - [2024-08-28T10:14:56.320+0200] {taskmixin.py:211} WARNING - Dependency <Task(_PythonDecoratedOperator): print_the_context>, log_sql_query already registered for DAG: example_python_operator
[2024-08-28T10:14:56.321+0200] {logging_mixin.py:137} INFO - [2024-08-28T10:14:56.321+0200] {taskmixin.py:211} WARNING - Dependency <Task(_PythonDecoratedOperator): log_sql_query>, print_the_context already registered for DAG: example_python_operator
[2024-08-28T10:14:56.322+0200] {logging_mixin.py:137} INFO - [2024-08-28T10:14:56.322+0200] {taskmixin.py:211} WARNING - Dependency <Task(_PythonDecoratedOperator): print_the_context>, log_sql_query already registered for DAG: example_python_operator
[2024-08-28T10:14:56.323+0200] {logging_mixin.py:137} INFO - [2024-08-28T10:14:56.322+0200] {taskmixin.py:211} WARNING - Dependency <Task(_PythonDecoratedOperator): log_sql_query>, print_the_context already registered for DAG: example_python_operator
[2024-08-28T10:14:56.324+0200] {logging_mixin.py:137} INFO - [2024-08-28T10:14:56.323+0200] {taskmixin.py:211} WARNING - Dependency <Task(_PythonDecoratedOperator): print_the_context>, log_sql_query already registered for DAG: example_python_operator
[2024-08-28T10:14:56.324+0200] {logging_mixin.py:137} INFO - [2024-08-28T10:14:56.324+0200] {taskmixin.py:211} WARNING - Dependency <Task(_PythonDecoratedOperator): log_sql_query>, print_the_context already registered for DAG: example_python_operator
[2024-08-28T10:14:56.325+0200] {logging_mixin.py:137} INFO - [2024-08-28T10:14:56.325+0200] {example_python_operator.py:90} WARNING - The virtalenv_python example task requires virtualenv, please install it.
[2024-08-28T10:14:56.331+0200] {processor.py:753} INFO - DAG(s) dict_keys(['example_python_operator']) retrieved from /Users/roselina/opt/anaconda3/envs/python37/lib/python3.7/site-packages/airflow/example_dags/example_python_operator.py
[2024-08-28T10:14:56.354+0200] {logging_mixin.py:137} INFO - [2024-08-28T10:14:56.353+0200] {dag.py:2705} INFO - Sync 1 DAGs
[2024-08-28T10:14:56.367+0200] {logging_mixin.py:137} INFO - [2024-08-28T10:14:56.367+0200] {dag.py:3456} INFO - Setting next_dagrun for example_python_operator to None, run_after=None
[2024-08-28T10:14:56.377+0200] {processor.py:175} INFO - Processing /Users/roselina/opt/anaconda3/envs/python37/lib/python3.7/site-packages/airflow/example_dags/example_python_operator.py took 0.087 seconds
[2024-08-28T10:15:36.960+0200] {processor.py:153} INFO - Started process (PID=75293) to work on /Users/roselina/opt/anaconda3/envs/python37/lib/python3.7/site-packages/airflow/example_dags/example_python_operator.py
[2024-08-28T10:15:36.962+0200] {processor.py:743} INFO - Processing file /Users/roselina/opt/anaconda3/envs/python37/lib/python3.7/site-packages/airflow/example_dags/example_python_operator.py for tasks to queue
[2024-08-28T10:15:36.963+0200] {logging_mixin.py:137} INFO - [2024-08-28T10:15:36.962+0200] {dagbag.py:532} INFO - Filling up the DagBag from /Users/roselina/opt/anaconda3/envs/python37/lib/python3.7/site-packages/airflow/example_dags/example_python_operator.py
[2024-08-28T10:15:36.982+0200] {logging_mixin.py:137} INFO - [2024-08-28T10:15:36.981+0200] {taskmixin.py:211} WARNING - Dependency <Task(_PythonDecoratedOperator): print_the_context>, log_sql_query already registered for DAG: example_python_operator
[2024-08-28T10:15:36.982+0200] {logging_mixin.py:137} INFO - [2024-08-28T10:15:36.982+0200] {taskmixin.py:211} WARNING - Dependency <Task(_PythonDecoratedOperator): log_sql_query>, print_the_context already registered for DAG: example_python_operator
[2024-08-28T10:15:36.983+0200] {logging_mixin.py:137} INFO - [2024-08-28T10:15:36.983+0200] {taskmixin.py:211} WARNING - Dependency <Task(_PythonDecoratedOperator): print_the_context>, log_sql_query already registered for DAG: example_python_operator
[2024-08-28T10:15:36.984+0200] {logging_mixin.py:137} INFO - [2024-08-28T10:15:36.983+0200] {taskmixin.py:211} WARNING - Dependency <Task(_PythonDecoratedOperator): log_sql_query>, print_the_context already registered for DAG: example_python_operator
[2024-08-28T10:15:36.984+0200] {logging_mixin.py:137} INFO - [2024-08-28T10:15:36.984+0200] {taskmixin.py:211} WARNING - Dependency <Task(_PythonDecoratedOperator): print_the_context>, log_sql_query already registered for DAG: example_python_operator
[2024-08-28T10:15:36.985+0200] {logging_mixin.py:137} INFO - [2024-08-28T10:15:36.985+0200] {taskmixin.py:211} WARNING - Dependency <Task(_PythonDecoratedOperator): log_sql_query>, print_the_context already registered for DAG: example_python_operator
[2024-08-28T10:15:36.986+0200] {logging_mixin.py:137} INFO - [2024-08-28T10:15:36.985+0200] {taskmixin.py:211} WARNING - Dependency <Task(_PythonDecoratedOperator): print_the_context>, log_sql_query already registered for DAG: example_python_operator
[2024-08-28T10:15:36.986+0200] {logging_mixin.py:137} INFO - [2024-08-28T10:15:36.986+0200] {taskmixin.py:211} WARNING - Dependency <Task(_PythonDecoratedOperator): log_sql_query>, print_the_context already registered for DAG: example_python_operator
[2024-08-28T10:15:36.987+0200] {logging_mixin.py:137} INFO - [2024-08-28T10:15:36.987+0200] {example_python_operator.py:90} WARNING - The virtalenv_python example task requires virtualenv, please install it.
[2024-08-28T10:15:36.992+0200] {processor.py:753} INFO - DAG(s) dict_keys(['example_python_operator']) retrieved from /Users/roselina/opt/anaconda3/envs/python37/lib/python3.7/site-packages/airflow/example_dags/example_python_operator.py
[2024-08-28T10:15:37.008+0200] {logging_mixin.py:137} INFO - [2024-08-28T10:15:37.008+0200] {dag.py:2705} INFO - Sync 1 DAGs
[2024-08-28T10:15:37.019+0200] {logging_mixin.py:137} INFO - [2024-08-28T10:15:37.019+0200] {dag.py:3456} INFO - Setting next_dagrun for example_python_operator to None, run_after=None
[2024-08-28T10:15:37.028+0200] {processor.py:175} INFO - Processing /Users/roselina/opt/anaconda3/envs/python37/lib/python3.7/site-packages/airflow/example_dags/example_python_operator.py took 0.074 seconds
[2024-08-28T10:16:15.545+0200] {processor.py:153} INFO - Started process (PID=75337) to work on /Users/roselina/opt/anaconda3/envs/python37/lib/python3.7/site-packages/airflow/example_dags/example_python_operator.py
[2024-08-28T10:16:15.547+0200] {processor.py:743} INFO - Processing file /Users/roselina/opt/anaconda3/envs/python37/lib/python3.7/site-packages/airflow/example_dags/example_python_operator.py for tasks to queue
[2024-08-28T10:16:15.548+0200] {logging_mixin.py:137} INFO - [2024-08-28T10:16:15.548+0200] {dagbag.py:532} INFO - Filling up the DagBag from /Users/roselina/opt/anaconda3/envs/python37/lib/python3.7/site-packages/airflow/example_dags/example_python_operator.py
[2024-08-28T10:16:15.568+0200] {logging_mixin.py:137} INFO - [2024-08-28T10:16:15.568+0200] {taskmixin.py:211} WARNING - Dependency <Task(_PythonDecoratedOperator): print_the_context>, log_sql_query already registered for DAG: example_python_operator
[2024-08-28T10:16:15.569+0200] {logging_mixin.py:137} INFO - [2024-08-28T10:16:15.569+0200] {taskmixin.py:211} WARNING - Dependency <Task(_PythonDecoratedOperator): log_sql_query>, print_the_context already registered for DAG: example_python_operator
[2024-08-28T10:16:15.570+0200] {logging_mixin.py:137} INFO - [2024-08-28T10:16:15.570+0200] {taskmixin.py:211} WARNING - Dependency <Task(_PythonDecoratedOperator): print_the_context>, log_sql_query already registered for DAG: example_python_operator
[2024-08-28T10:16:15.570+0200] {logging_mixin.py:137} INFO - [2024-08-28T10:16:15.570+0200] {taskmixin.py:211} WARNING - Dependency <Task(_PythonDecoratedOperator): log_sql_query>, print_the_context already registered for DAG: example_python_operator
[2024-08-28T10:16:15.571+0200] {logging_mixin.py:137} INFO - [2024-08-28T10:16:15.571+0200] {taskmixin.py:211} WARNING - Dependency <Task(_PythonDecoratedOperator): print_the_context>, log_sql_query already registered for DAG: example_python_operator
[2024-08-28T10:16:15.572+0200] {logging_mixin.py:137} INFO - [2024-08-28T10:16:15.572+0200] {taskmixin.py:211} WARNING - Dependency <Task(_PythonDecoratedOperator): log_sql_query>, print_the_context already registered for DAG: example_python_operator
[2024-08-28T10:16:15.574+0200] {logging_mixin.py:137} INFO - [2024-08-28T10:16:15.573+0200] {taskmixin.py:211} WARNING - Dependency <Task(_PythonDecoratedOperator): print_the_context>, log_sql_query already registered for DAG: example_python_operator
[2024-08-28T10:16:15.574+0200] {logging_mixin.py:137} INFO - [2024-08-28T10:16:15.574+0200] {taskmixin.py:211} WARNING - Dependency <Task(_PythonDecoratedOperator): log_sql_query>, print_the_context already registered for DAG: example_python_operator
[2024-08-28T10:16:15.575+0200] {logging_mixin.py:137} INFO - [2024-08-28T10:16:15.575+0200] {example_python_operator.py:90} WARNING - The virtalenv_python example task requires virtualenv, please install it.
[2024-08-28T10:16:15.580+0200] {processor.py:753} INFO - DAG(s) dict_keys(['example_python_operator']) retrieved from /Users/roselina/opt/anaconda3/envs/python37/lib/python3.7/site-packages/airflow/example_dags/example_python_operator.py
[2024-08-28T10:16:15.595+0200] {logging_mixin.py:137} INFO - [2024-08-28T10:16:15.594+0200] {dag.py:2705} INFO - Sync 1 DAGs
[2024-08-28T10:16:15.607+0200] {logging_mixin.py:137} INFO - [2024-08-28T10:16:15.607+0200] {dag.py:3456} INFO - Setting next_dagrun for example_python_operator to None, run_after=None
[2024-08-28T10:16:15.617+0200] {processor.py:175} INFO - Processing /Users/roselina/opt/anaconda3/envs/python37/lib/python3.7/site-packages/airflow/example_dags/example_python_operator.py took 0.076 seconds
[2024-08-28T10:16:58.071+0200] {processor.py:153} INFO - Started process (PID=75383) to work on /Users/roselina/opt/anaconda3/envs/python37/lib/python3.7/site-packages/airflow/example_dags/example_python_operator.py
[2024-08-28T10:16:58.074+0200] {processor.py:743} INFO - Processing file /Users/roselina/opt/anaconda3/envs/python37/lib/python3.7/site-packages/airflow/example_dags/example_python_operator.py for tasks to queue
[2024-08-28T10:16:58.075+0200] {logging_mixin.py:137} INFO - [2024-08-28T10:16:58.075+0200] {dagbag.py:532} INFO - Filling up the DagBag from /Users/roselina/opt/anaconda3/envs/python37/lib/python3.7/site-packages/airflow/example_dags/example_python_operator.py
[2024-08-28T10:16:58.118+0200] {logging_mixin.py:137} INFO - [2024-08-28T10:16:58.118+0200] {taskmixin.py:211} WARNING - Dependency <Task(_PythonDecoratedOperator): print_the_context>, log_sql_query already registered for DAG: example_python_operator
[2024-08-28T10:16:58.119+0200] {logging_mixin.py:137} INFO - [2024-08-28T10:16:58.118+0200] {taskmixin.py:211} WARNING - Dependency <Task(_PythonDecoratedOperator): log_sql_query>, print_the_context already registered for DAG: example_python_operator
[2024-08-28T10:16:58.119+0200] {logging_mixin.py:137} INFO - [2024-08-28T10:16:58.119+0200] {taskmixin.py:211} WARNING - Dependency <Task(_PythonDecoratedOperator): print_the_context>, log_sql_query already registered for DAG: example_python_operator
[2024-08-28T10:16:58.120+0200] {logging_mixin.py:137} INFO - [2024-08-28T10:16:58.119+0200] {taskmixin.py:211} WARNING - Dependency <Task(_PythonDecoratedOperator): log_sql_query>, print_the_context already registered for DAG: example_python_operator
[2024-08-28T10:16:58.120+0200] {logging_mixin.py:137} INFO - [2024-08-28T10:16:58.120+0200] {taskmixin.py:211} WARNING - Dependency <Task(_PythonDecoratedOperator): print_the_context>, log_sql_query already registered for DAG: example_python_operator
[2024-08-28T10:16:58.121+0200] {logging_mixin.py:137} INFO - [2024-08-28T10:16:58.120+0200] {taskmixin.py:211} WARNING - Dependency <Task(_PythonDecoratedOperator): log_sql_query>, print_the_context already registered for DAG: example_python_operator
[2024-08-28T10:16:58.121+0200] {logging_mixin.py:137} INFO - [2024-08-28T10:16:58.121+0200] {taskmixin.py:211} WARNING - Dependency <Task(_PythonDecoratedOperator): print_the_context>, log_sql_query already registered for DAG: example_python_operator
[2024-08-28T10:16:58.122+0200] {logging_mixin.py:137} INFO - [2024-08-28T10:16:58.121+0200] {taskmixin.py:211} WARNING - Dependency <Task(_PythonDecoratedOperator): log_sql_query>, print_the_context already registered for DAG: example_python_operator
[2024-08-28T10:16:58.122+0200] {logging_mixin.py:137} INFO - [2024-08-28T10:16:58.122+0200] {example_python_operator.py:90} WARNING - The virtalenv_python example task requires virtualenv, please install it.
[2024-08-28T10:16:58.126+0200] {processor.py:753} INFO - DAG(s) dict_keys(['example_python_operator']) retrieved from /Users/roselina/opt/anaconda3/envs/python37/lib/python3.7/site-packages/airflow/example_dags/example_python_operator.py
[2024-08-28T10:16:58.139+0200] {logging_mixin.py:137} INFO - [2024-08-28T10:16:58.138+0200] {dag.py:2705} INFO - Sync 1 DAGs
[2024-08-28T10:16:58.150+0200] {logging_mixin.py:137} INFO - [2024-08-28T10:16:58.150+0200] {dag.py:3456} INFO - Setting next_dagrun for example_python_operator to None, run_after=None
[2024-08-28T10:16:58.162+0200] {processor.py:175} INFO - Processing /Users/roselina/opt/anaconda3/envs/python37/lib/python3.7/site-packages/airflow/example_dags/example_python_operator.py took 0.095 seconds
[2024-08-28T10:17:38.201+0200] {processor.py:153} INFO - Started process (PID=75436) to work on /Users/roselina/opt/anaconda3/envs/python37/lib/python3.7/site-packages/airflow/example_dags/example_python_operator.py
[2024-08-28T10:17:38.203+0200] {processor.py:743} INFO - Processing file /Users/roselina/opt/anaconda3/envs/python37/lib/python3.7/site-packages/airflow/example_dags/example_python_operator.py for tasks to queue
[2024-08-28T10:17:38.205+0200] {logging_mixin.py:137} INFO - [2024-08-28T10:17:38.204+0200] {dagbag.py:532} INFO - Filling up the DagBag from /Users/roselina/opt/anaconda3/envs/python37/lib/python3.7/site-packages/airflow/example_dags/example_python_operator.py
[2024-08-28T10:17:38.225+0200] {logging_mixin.py:137} INFO - [2024-08-28T10:17:38.225+0200] {taskmixin.py:211} WARNING - Dependency <Task(_PythonDecoratedOperator): print_the_context>, log_sql_query already registered for DAG: example_python_operator
[2024-08-28T10:17:38.226+0200] {logging_mixin.py:137} INFO - [2024-08-28T10:17:38.226+0200] {taskmixin.py:211} WARNING - Dependency <Task(_PythonDecoratedOperator): log_sql_query>, print_the_context already registered for DAG: example_python_operator
[2024-08-28T10:17:38.227+0200] {logging_mixin.py:137} INFO - [2024-08-28T10:17:38.227+0200] {taskmixin.py:211} WARNING - Dependency <Task(_PythonDecoratedOperator): print_the_context>, log_sql_query already registered for DAG: example_python_operator
[2024-08-28T10:17:38.227+0200] {logging_mixin.py:137} INFO - [2024-08-28T10:17:38.227+0200] {taskmixin.py:211} WARNING - Dependency <Task(_PythonDecoratedOperator): log_sql_query>, print_the_context already registered for DAG: example_python_operator
[2024-08-28T10:17:38.228+0200] {logging_mixin.py:137} INFO - [2024-08-28T10:17:38.228+0200] {taskmixin.py:211} WARNING - Dependency <Task(_PythonDecoratedOperator): print_the_context>, log_sql_query already registered for DAG: example_python_operator
[2024-08-28T10:17:38.229+0200] {logging_mixin.py:137} INFO - [2024-08-28T10:17:38.228+0200] {taskmixin.py:211} WARNING - Dependency <Task(_PythonDecoratedOperator): log_sql_query>, print_the_context already registered for DAG: example_python_operator
[2024-08-28T10:17:38.229+0200] {logging_mixin.py:137} INFO - [2024-08-28T10:17:38.229+0200] {taskmixin.py:211} WARNING - Dependency <Task(_PythonDecoratedOperator): print_the_context>, log_sql_query already registered for DAG: example_python_operator
[2024-08-28T10:17:38.230+0200] {logging_mixin.py:137} INFO - [2024-08-28T10:17:38.230+0200] {taskmixin.py:211} WARNING - Dependency <Task(_PythonDecoratedOperator): log_sql_query>, print_the_context already registered for DAG: example_python_operator
[2024-08-28T10:17:38.231+0200] {logging_mixin.py:137} INFO - [2024-08-28T10:17:38.230+0200] {example_python_operator.py:90} WARNING - The virtalenv_python example task requires virtualenv, please install it.
[2024-08-28T10:17:38.235+0200] {processor.py:753} INFO - DAG(s) dict_keys(['example_python_operator']) retrieved from /Users/roselina/opt/anaconda3/envs/python37/lib/python3.7/site-packages/airflow/example_dags/example_python_operator.py
[2024-08-28T10:17:38.250+0200] {logging_mixin.py:137} INFO - [2024-08-28T10:17:38.249+0200] {dag.py:2705} INFO - Sync 1 DAGs
[2024-08-28T10:17:38.261+0200] {logging_mixin.py:137} INFO - [2024-08-28T10:17:38.261+0200] {dag.py:3456} INFO - Setting next_dagrun for example_python_operator to None, run_after=None
[2024-08-28T10:17:38.271+0200] {processor.py:175} INFO - Processing /Users/roselina/opt/anaconda3/envs/python37/lib/python3.7/site-packages/airflow/example_dags/example_python_operator.py took 0.074 seconds
[2024-08-28T10:44:01.212+0200] {processor.py:153} INFO - Started process (PID=75534) to work on /Users/roselina/opt/anaconda3/envs/python37/lib/python3.7/site-packages/airflow/example_dags/example_python_operator.py
[2024-08-28T10:44:01.214+0200] {processor.py:743} INFO - Processing file /Users/roselina/opt/anaconda3/envs/python37/lib/python3.7/site-packages/airflow/example_dags/example_python_operator.py for tasks to queue
[2024-08-28T10:44:01.215+0200] {logging_mixin.py:137} INFO - [2024-08-28T10:44:01.215+0200] {dagbag.py:532} INFO - Filling up the DagBag from /Users/roselina/opt/anaconda3/envs/python37/lib/python3.7/site-packages/airflow/example_dags/example_python_operator.py
[2024-08-28T10:44:01.232+0200] {logging_mixin.py:137} INFO - [2024-08-28T10:44:01.231+0200] {taskmixin.py:211} WARNING - Dependency <Task(_PythonDecoratedOperator): print_the_context>, log_sql_query already registered for DAG: example_python_operator
[2024-08-28T10:44:01.232+0200] {logging_mixin.py:137} INFO - [2024-08-28T10:44:01.232+0200] {taskmixin.py:211} WARNING - Dependency <Task(_PythonDecoratedOperator): log_sql_query>, print_the_context already registered for DAG: example_python_operator
[2024-08-28T10:44:01.233+0200] {logging_mixin.py:137} INFO - [2024-08-28T10:44:01.233+0200] {taskmixin.py:211} WARNING - Dependency <Task(_PythonDecoratedOperator): print_the_context>, log_sql_query already registered for DAG: example_python_operator
[2024-08-28T10:44:01.234+0200] {logging_mixin.py:137} INFO - [2024-08-28T10:44:01.233+0200] {taskmixin.py:211} WARNING - Dependency <Task(_PythonDecoratedOperator): log_sql_query>, print_the_context already registered for DAG: example_python_operator
[2024-08-28T10:44:01.234+0200] {logging_mixin.py:137} INFO - [2024-08-28T10:44:01.234+0200] {taskmixin.py:211} WARNING - Dependency <Task(_PythonDecoratedOperator): print_the_context>, log_sql_query already registered for DAG: example_python_operator
[2024-08-28T10:44:01.235+0200] {logging_mixin.py:137} INFO - [2024-08-28T10:44:01.235+0200] {taskmixin.py:211} WARNING - Dependency <Task(_PythonDecoratedOperator): log_sql_query>, print_the_context already registered for DAG: example_python_operator
[2024-08-28T10:44:01.236+0200] {logging_mixin.py:137} INFO - [2024-08-28T10:44:01.235+0200] {taskmixin.py:211} WARNING - Dependency <Task(_PythonDecoratedOperator): print_the_context>, log_sql_query already registered for DAG: example_python_operator
[2024-08-28T10:44:01.236+0200] {logging_mixin.py:137} INFO - [2024-08-28T10:44:01.236+0200] {taskmixin.py:211} WARNING - Dependency <Task(_PythonDecoratedOperator): log_sql_query>, print_the_context already registered for DAG: example_python_operator
[2024-08-28T10:44:01.237+0200] {logging_mixin.py:137} INFO - [2024-08-28T10:44:01.236+0200] {example_python_operator.py:90} WARNING - The virtalenv_python example task requires virtualenv, please install it.
[2024-08-28T10:44:01.242+0200] {processor.py:753} INFO - DAG(s) dict_keys(['example_python_operator']) retrieved from /Users/roselina/opt/anaconda3/envs/python37/lib/python3.7/site-packages/airflow/example_dags/example_python_operator.py
[2024-08-28T10:44:01.257+0200] {logging_mixin.py:137} INFO - [2024-08-28T10:44:01.257+0200] {dag.py:2705} INFO - Sync 1 DAGs
[2024-08-28T10:44:01.269+0200] {logging_mixin.py:137} INFO - [2024-08-28T10:44:01.269+0200] {dag.py:3456} INFO - Setting next_dagrun for example_python_operator to None, run_after=None
[2024-08-28T10:44:01.279+0200] {processor.py:175} INFO - Processing /Users/roselina/opt/anaconda3/envs/python37/lib/python3.7/site-packages/airflow/example_dags/example_python_operator.py took 0.070 seconds
[2024-08-28T10:44:44.369+0200] {processor.py:153} INFO - Started process (PID=75586) to work on /Users/roselina/opt/anaconda3/envs/python37/lib/python3.7/site-packages/airflow/example_dags/example_python_operator.py
[2024-08-28T10:44:44.371+0200] {processor.py:743} INFO - Processing file /Users/roselina/opt/anaconda3/envs/python37/lib/python3.7/site-packages/airflow/example_dags/example_python_operator.py for tasks to queue
[2024-08-28T10:44:44.373+0200] {logging_mixin.py:137} INFO - [2024-08-28T10:44:44.372+0200] {dagbag.py:532} INFO - Filling up the DagBag from /Users/roselina/opt/anaconda3/envs/python37/lib/python3.7/site-packages/airflow/example_dags/example_python_operator.py
[2024-08-28T10:44:44.393+0200] {logging_mixin.py:137} INFO - [2024-08-28T10:44:44.393+0200] {taskmixin.py:211} WARNING - Dependency <Task(_PythonDecoratedOperator): print_the_context>, log_sql_query already registered for DAG: example_python_operator
[2024-08-28T10:44:44.394+0200] {logging_mixin.py:137} INFO - [2024-08-28T10:44:44.393+0200] {taskmixin.py:211} WARNING - Dependency <Task(_PythonDecoratedOperator): log_sql_query>, print_the_context already registered for DAG: example_python_operator
[2024-08-28T10:44:44.395+0200] {logging_mixin.py:137} INFO - [2024-08-28T10:44:44.394+0200] {taskmixin.py:211} WARNING - Dependency <Task(_PythonDecoratedOperator): print_the_context>, log_sql_query already registered for DAG: example_python_operator
[2024-08-28T10:44:44.395+0200] {logging_mixin.py:137} INFO - [2024-08-28T10:44:44.395+0200] {taskmixin.py:211} WARNING - Dependency <Task(_PythonDecoratedOperator): log_sql_query>, print_the_context already registered for DAG: example_python_operator
[2024-08-28T10:44:44.396+0200] {logging_mixin.py:137} INFO - [2024-08-28T10:44:44.396+0200] {taskmixin.py:211} WARNING - Dependency <Task(_PythonDecoratedOperator): print_the_context>, log_sql_query already registered for DAG: example_python_operator
[2024-08-28T10:44:44.396+0200] {logging_mixin.py:137} INFO - [2024-08-28T10:44:44.396+0200] {taskmixin.py:211} WARNING - Dependency <Task(_PythonDecoratedOperator): log_sql_query>, print_the_context already registered for DAG: example_python_operator
[2024-08-28T10:44:44.397+0200] {logging_mixin.py:137} INFO - [2024-08-28T10:44:44.397+0200] {taskmixin.py:211} WARNING - Dependency <Task(_PythonDecoratedOperator): print_the_context>, log_sql_query already registered for DAG: example_python_operator
[2024-08-28T10:44:44.398+0200] {logging_mixin.py:137} INFO - [2024-08-28T10:44:44.397+0200] {taskmixin.py:211} WARNING - Dependency <Task(_PythonDecoratedOperator): log_sql_query>, print_the_context already registered for DAG: example_python_operator
[2024-08-28T10:44:44.398+0200] {logging_mixin.py:137} INFO - [2024-08-28T10:44:44.398+0200] {example_python_operator.py:90} WARNING - The virtalenv_python example task requires virtualenv, please install it.
[2024-08-28T10:44:44.404+0200] {processor.py:753} INFO - DAG(s) dict_keys(['example_python_operator']) retrieved from /Users/roselina/opt/anaconda3/envs/python37/lib/python3.7/site-packages/airflow/example_dags/example_python_operator.py
[2024-08-28T10:44:44.420+0200] {logging_mixin.py:137} INFO - [2024-08-28T10:44:44.419+0200] {dag.py:2705} INFO - Sync 1 DAGs
[2024-08-28T10:44:44.432+0200] {logging_mixin.py:137} INFO - [2024-08-28T10:44:44.432+0200] {dag.py:3456} INFO - Setting next_dagrun for example_python_operator to None, run_after=None
[2024-08-28T10:44:44.442+0200] {processor.py:175} INFO - Processing /Users/roselina/opt/anaconda3/envs/python37/lib/python3.7/site-packages/airflow/example_dags/example_python_operator.py took 0.078 seconds
[2024-08-28T10:45:27.248+0200] {processor.py:153} INFO - Started process (PID=75644) to work on /Users/roselina/opt/anaconda3/envs/python37/lib/python3.7/site-packages/airflow/example_dags/example_python_operator.py
[2024-08-28T10:45:27.256+0200] {processor.py:743} INFO - Processing file /Users/roselina/opt/anaconda3/envs/python37/lib/python3.7/site-packages/airflow/example_dags/example_python_operator.py for tasks to queue
[2024-08-28T10:45:27.258+0200] {logging_mixin.py:137} INFO - [2024-08-28T10:45:27.257+0200] {dagbag.py:532} INFO - Filling up the DagBag from /Users/roselina/opt/anaconda3/envs/python37/lib/python3.7/site-packages/airflow/example_dags/example_python_operator.py
[2024-08-28T10:45:27.316+0200] {logging_mixin.py:137} INFO - [2024-08-28T10:45:27.316+0200] {taskmixin.py:211} WARNING - Dependency <Task(_PythonDecoratedOperator): print_the_context>, log_sql_query already registered for DAG: example_python_operator
[2024-08-28T10:45:27.317+0200] {logging_mixin.py:137} INFO - [2024-08-28T10:45:27.316+0200] {taskmixin.py:211} WARNING - Dependency <Task(_PythonDecoratedOperator): log_sql_query>, print_the_context already registered for DAG: example_python_operator
[2024-08-28T10:45:27.318+0200] {logging_mixin.py:137} INFO - [2024-08-28T10:45:27.317+0200] {taskmixin.py:211} WARNING - Dependency <Task(_PythonDecoratedOperator): print_the_context>, log_sql_query already registered for DAG: example_python_operator
[2024-08-28T10:45:27.318+0200] {logging_mixin.py:137} INFO - [2024-08-28T10:45:27.318+0200] {taskmixin.py:211} WARNING - Dependency <Task(_PythonDecoratedOperator): log_sql_query>, print_the_context already registered for DAG: example_python_operator
[2024-08-28T10:45:27.319+0200] {logging_mixin.py:137} INFO - [2024-08-28T10:45:27.319+0200] {taskmixin.py:211} WARNING - Dependency <Task(_PythonDecoratedOperator): print_the_context>, log_sql_query already registered for DAG: example_python_operator
[2024-08-28T10:45:27.320+0200] {logging_mixin.py:137} INFO - [2024-08-28T10:45:27.320+0200] {taskmixin.py:211} WARNING - Dependency <Task(_PythonDecoratedOperator): log_sql_query>, print_the_context already registered for DAG: example_python_operator
[2024-08-28T10:45:27.321+0200] {logging_mixin.py:137} INFO - [2024-08-28T10:45:27.321+0200] {taskmixin.py:211} WARNING - Dependency <Task(_PythonDecoratedOperator): print_the_context>, log_sql_query already registered for DAG: example_python_operator
[2024-08-28T10:45:27.321+0200] {logging_mixin.py:137} INFO - [2024-08-28T10:45:27.321+0200] {taskmixin.py:211} WARNING - Dependency <Task(_PythonDecoratedOperator): log_sql_query>, print_the_context already registered for DAG: example_python_operator
[2024-08-28T10:45:27.322+0200] {logging_mixin.py:137} INFO - [2024-08-28T10:45:27.322+0200] {example_python_operator.py:90} WARNING - The virtalenv_python example task requires virtualenv, please install it.
[2024-08-28T10:45:27.332+0200] {processor.py:753} INFO - DAG(s) dict_keys(['example_python_operator']) retrieved from /Users/roselina/opt/anaconda3/envs/python37/lib/python3.7/site-packages/airflow/example_dags/example_python_operator.py
[2024-08-28T10:45:27.352+0200] {logging_mixin.py:137} INFO - [2024-08-28T10:45:27.352+0200] {dag.py:2705} INFO - Sync 1 DAGs
[2024-08-28T10:45:27.364+0200] {logging_mixin.py:137} INFO - [2024-08-28T10:45:27.364+0200] {dag.py:3456} INFO - Setting next_dagrun for example_python_operator to None, run_after=None
[2024-08-28T10:45:27.375+0200] {processor.py:175} INFO - Processing /Users/roselina/opt/anaconda3/envs/python37/lib/python3.7/site-packages/airflow/example_dags/example_python_operator.py took 0.133 seconds
[2024-08-28T10:46:06.244+0200] {processor.py:153} INFO - Started process (PID=75690) to work on /Users/roselina/opt/anaconda3/envs/python37/lib/python3.7/site-packages/airflow/example_dags/example_python_operator.py
[2024-08-28T10:46:06.247+0200] {processor.py:743} INFO - Processing file /Users/roselina/opt/anaconda3/envs/python37/lib/python3.7/site-packages/airflow/example_dags/example_python_operator.py for tasks to queue
[2024-08-28T10:46:06.249+0200] {logging_mixin.py:137} INFO - [2024-08-28T10:46:06.248+0200] {dagbag.py:532} INFO - Filling up the DagBag from /Users/roselina/opt/anaconda3/envs/python37/lib/python3.7/site-packages/airflow/example_dags/example_python_operator.py
[2024-08-28T10:46:06.268+0200] {logging_mixin.py:137} INFO - [2024-08-28T10:46:06.267+0200] {taskmixin.py:211} WARNING - Dependency <Task(_PythonDecoratedOperator): print_the_context>, log_sql_query already registered for DAG: example_python_operator
[2024-08-28T10:46:06.268+0200] {logging_mixin.py:137} INFO - [2024-08-28T10:46:06.268+0200] {taskmixin.py:211} WARNING - Dependency <Task(_PythonDecoratedOperator): log_sql_query>, print_the_context already registered for DAG: example_python_operator
[2024-08-28T10:46:06.269+0200] {logging_mixin.py:137} INFO - [2024-08-28T10:46:06.269+0200] {taskmixin.py:211} WARNING - Dependency <Task(_PythonDecoratedOperator): print_the_context>, log_sql_query already registered for DAG: example_python_operator
[2024-08-28T10:46:06.270+0200] {logging_mixin.py:137} INFO - [2024-08-28T10:46:06.269+0200] {taskmixin.py:211} WARNING - Dependency <Task(_PythonDecoratedOperator): log_sql_query>, print_the_context already registered for DAG: example_python_operator
[2024-08-28T10:46:06.270+0200] {logging_mixin.py:137} INFO - [2024-08-28T10:46:06.270+0200] {taskmixin.py:211} WARNING - Dependency <Task(_PythonDecoratedOperator): print_the_context>, log_sql_query already registered for DAG: example_python_operator
[2024-08-28T10:46:06.271+0200] {logging_mixin.py:137} INFO - [2024-08-28T10:46:06.270+0200] {taskmixin.py:211} WARNING - Dependency <Task(_PythonDecoratedOperator): log_sql_query>, print_the_context already registered for DAG: example_python_operator
[2024-08-28T10:46:06.271+0200] {logging_mixin.py:137} INFO - [2024-08-28T10:46:06.271+0200] {taskmixin.py:211} WARNING - Dependency <Task(_PythonDecoratedOperator): print_the_context>, log_sql_query already registered for DAG: example_python_operator
[2024-08-28T10:46:06.272+0200] {logging_mixin.py:137} INFO - [2024-08-28T10:46:06.272+0200] {taskmixin.py:211} WARNING - Dependency <Task(_PythonDecoratedOperator): log_sql_query>, print_the_context already registered for DAG: example_python_operator
[2024-08-28T10:46:06.273+0200] {logging_mixin.py:137} INFO - [2024-08-28T10:46:06.272+0200] {example_python_operator.py:90} WARNING - The virtalenv_python example task requires virtualenv, please install it.
[2024-08-28T10:46:06.277+0200] {processor.py:753} INFO - DAG(s) dict_keys(['example_python_operator']) retrieved from /Users/roselina/opt/anaconda3/envs/python37/lib/python3.7/site-packages/airflow/example_dags/example_python_operator.py
[2024-08-28T10:46:06.292+0200] {logging_mixin.py:137} INFO - [2024-08-28T10:46:06.292+0200] {dag.py:2705} INFO - Sync 1 DAGs
[2024-08-28T10:46:06.304+0200] {logging_mixin.py:137} INFO - [2024-08-28T10:46:06.304+0200] {dag.py:3456} INFO - Setting next_dagrun for example_python_operator to None, run_after=None
[2024-08-28T10:46:06.314+0200] {processor.py:175} INFO - Processing /Users/roselina/opt/anaconda3/envs/python37/lib/python3.7/site-packages/airflow/example_dags/example_python_operator.py took 0.074 seconds
[2024-08-28T10:46:47.938+0200] {processor.py:153} INFO - Started process (PID=75734) to work on /Users/roselina/opt/anaconda3/envs/python37/lib/python3.7/site-packages/airflow/example_dags/example_python_operator.py
[2024-08-28T10:46:47.940+0200] {processor.py:743} INFO - Processing file /Users/roselina/opt/anaconda3/envs/python37/lib/python3.7/site-packages/airflow/example_dags/example_python_operator.py for tasks to queue
[2024-08-28T10:46:47.942+0200] {logging_mixin.py:137} INFO - [2024-08-28T10:46:47.941+0200] {dagbag.py:532} INFO - Filling up the DagBag from /Users/roselina/opt/anaconda3/envs/python37/lib/python3.7/site-packages/airflow/example_dags/example_python_operator.py
[2024-08-28T10:46:47.962+0200] {logging_mixin.py:137} INFO - [2024-08-28T10:46:47.962+0200] {taskmixin.py:211} WARNING - Dependency <Task(_PythonDecoratedOperator): print_the_context>, log_sql_query already registered for DAG: example_python_operator
[2024-08-28T10:46:47.963+0200] {logging_mixin.py:137} INFO - [2024-08-28T10:46:47.963+0200] {taskmixin.py:211} WARNING - Dependency <Task(_PythonDecoratedOperator): log_sql_query>, print_the_context already registered for DAG: example_python_operator
[2024-08-28T10:46:47.964+0200] {logging_mixin.py:137} INFO - [2024-08-28T10:46:47.964+0200] {taskmixin.py:211} WARNING - Dependency <Task(_PythonDecoratedOperator): print_the_context>, log_sql_query already registered for DAG: example_python_operator
[2024-08-28T10:46:47.964+0200] {logging_mixin.py:137} INFO - [2024-08-28T10:46:47.964+0200] {taskmixin.py:211} WARNING - Dependency <Task(_PythonDecoratedOperator): log_sql_query>, print_the_context already registered for DAG: example_python_operator
[2024-08-28T10:46:47.965+0200] {logging_mixin.py:137} INFO - [2024-08-28T10:46:47.965+0200] {taskmixin.py:211} WARNING - Dependency <Task(_PythonDecoratedOperator): print_the_context>, log_sql_query already registered for DAG: example_python_operator
[2024-08-28T10:46:47.966+0200] {logging_mixin.py:137} INFO - [2024-08-28T10:46:47.965+0200] {taskmixin.py:211} WARNING - Dependency <Task(_PythonDecoratedOperator): log_sql_query>, print_the_context already registered for DAG: example_python_operator
[2024-08-28T10:46:47.966+0200] {logging_mixin.py:137} INFO - [2024-08-28T10:46:47.966+0200] {taskmixin.py:211} WARNING - Dependency <Task(_PythonDecoratedOperator): print_the_context>, log_sql_query already registered for DAG: example_python_operator
[2024-08-28T10:46:47.967+0200] {logging_mixin.py:137} INFO - [2024-08-28T10:46:47.967+0200] {taskmixin.py:211} WARNING - Dependency <Task(_PythonDecoratedOperator): log_sql_query>, print_the_context already registered for DAG: example_python_operator
[2024-08-28T10:46:47.967+0200] {logging_mixin.py:137} INFO - [2024-08-28T10:46:47.967+0200] {example_python_operator.py:90} WARNING - The virtalenv_python example task requires virtualenv, please install it.
[2024-08-28T10:46:47.972+0200] {processor.py:753} INFO - DAG(s) dict_keys(['example_python_operator']) retrieved from /Users/roselina/opt/anaconda3/envs/python37/lib/python3.7/site-packages/airflow/example_dags/example_python_operator.py
[2024-08-28T10:46:47.986+0200] {logging_mixin.py:137} INFO - [2024-08-28T10:46:47.986+0200] {dag.py:2705} INFO - Sync 1 DAGs
[2024-08-28T10:46:47.998+0200] {logging_mixin.py:137} INFO - [2024-08-28T10:46:47.997+0200] {dag.py:3456} INFO - Setting next_dagrun for example_python_operator to None, run_after=None
[2024-08-28T10:46:48.007+0200] {processor.py:175} INFO - Processing /Users/roselina/opt/anaconda3/envs/python37/lib/python3.7/site-packages/airflow/example_dags/example_python_operator.py took 0.075 seconds
[2024-08-28T10:47:29.826+0200] {processor.py:153} INFO - Started process (PID=75791) to work on /Users/roselina/opt/anaconda3/envs/python37/lib/python3.7/site-packages/airflow/example_dags/example_python_operator.py
[2024-08-28T10:47:29.828+0200] {processor.py:743} INFO - Processing file /Users/roselina/opt/anaconda3/envs/python37/lib/python3.7/site-packages/airflow/example_dags/example_python_operator.py for tasks to queue
[2024-08-28T10:47:29.830+0200] {logging_mixin.py:137} INFO - [2024-08-28T10:47:29.829+0200] {dagbag.py:532} INFO - Filling up the DagBag from /Users/roselina/opt/anaconda3/envs/python37/lib/python3.7/site-packages/airflow/example_dags/example_python_operator.py
[2024-08-28T10:47:29.851+0200] {logging_mixin.py:137} INFO - [2024-08-28T10:47:29.851+0200] {taskmixin.py:211} WARNING - Dependency <Task(_PythonDecoratedOperator): print_the_context>, log_sql_query already registered for DAG: example_python_operator
[2024-08-28T10:47:29.852+0200] {logging_mixin.py:137} INFO - [2024-08-28T10:47:29.852+0200] {taskmixin.py:211} WARNING - Dependency <Task(_PythonDecoratedOperator): log_sql_query>, print_the_context already registered for DAG: example_python_operator
[2024-08-28T10:47:29.853+0200] {logging_mixin.py:137} INFO - [2024-08-28T10:47:29.852+0200] {taskmixin.py:211} WARNING - Dependency <Task(_PythonDecoratedOperator): print_the_context>, log_sql_query already registered for DAG: example_python_operator
[2024-08-28T10:47:29.853+0200] {logging_mixin.py:137} INFO - [2024-08-28T10:47:29.853+0200] {taskmixin.py:211} WARNING - Dependency <Task(_PythonDecoratedOperator): log_sql_query>, print_the_context already registered for DAG: example_python_operator
[2024-08-28T10:47:29.854+0200] {logging_mixin.py:137} INFO - [2024-08-28T10:47:29.854+0200] {taskmixin.py:211} WARNING - Dependency <Task(_PythonDecoratedOperator): print_the_context>, log_sql_query already registered for DAG: example_python_operator
[2024-08-28T10:47:29.854+0200] {logging_mixin.py:137} INFO - [2024-08-28T10:47:29.854+0200] {taskmixin.py:211} WARNING - Dependency <Task(_PythonDecoratedOperator): log_sql_query>, print_the_context already registered for DAG: example_python_operator
[2024-08-28T10:47:29.855+0200] {logging_mixin.py:137} INFO - [2024-08-28T10:47:29.855+0200] {taskmixin.py:211} WARNING - Dependency <Task(_PythonDecoratedOperator): print_the_context>, log_sql_query already registered for DAG: example_python_operator
[2024-08-28T10:47:29.855+0200] {logging_mixin.py:137} INFO - [2024-08-28T10:47:29.855+0200] {taskmixin.py:211} WARNING - Dependency <Task(_PythonDecoratedOperator): log_sql_query>, print_the_context already registered for DAG: example_python_operator
[2024-08-28T10:47:29.856+0200] {logging_mixin.py:137} INFO - [2024-08-28T10:47:29.856+0200] {example_python_operator.py:90} WARNING - The virtalenv_python example task requires virtualenv, please install it.
[2024-08-28T10:47:29.861+0200] {processor.py:753} INFO - DAG(s) dict_keys(['example_python_operator']) retrieved from /Users/roselina/opt/anaconda3/envs/python37/lib/python3.7/site-packages/airflow/example_dags/example_python_operator.py
[2024-08-28T10:47:29.876+0200] {logging_mixin.py:137} INFO - [2024-08-28T10:47:29.875+0200] {dag.py:2705} INFO - Sync 1 DAGs
[2024-08-28T10:47:29.888+0200] {logging_mixin.py:137} INFO - [2024-08-28T10:47:29.887+0200] {dag.py:3456} INFO - Setting next_dagrun for example_python_operator to None, run_after=None
[2024-08-28T10:47:29.900+0200] {processor.py:175} INFO - Processing /Users/roselina/opt/anaconda3/envs/python37/lib/python3.7/site-packages/airflow/example_dags/example_python_operator.py took 0.078 seconds
[2024-08-28T10:48:10.613+0200] {processor.py:153} INFO - Started process (PID=75848) to work on /Users/roselina/opt/anaconda3/envs/python37/lib/python3.7/site-packages/airflow/example_dags/example_python_operator.py
[2024-08-28T10:48:10.616+0200] {processor.py:743} INFO - Processing file /Users/roselina/opt/anaconda3/envs/python37/lib/python3.7/site-packages/airflow/example_dags/example_python_operator.py for tasks to queue
[2024-08-28T10:48:10.617+0200] {logging_mixin.py:137} INFO - [2024-08-28T10:48:10.616+0200] {dagbag.py:532} INFO - Filling up the DagBag from /Users/roselina/opt/anaconda3/envs/python37/lib/python3.7/site-packages/airflow/example_dags/example_python_operator.py
[2024-08-28T10:48:10.633+0200] {logging_mixin.py:137} INFO - [2024-08-28T10:48:10.633+0200] {taskmixin.py:211} WARNING - Dependency <Task(_PythonDecoratedOperator): print_the_context>, log_sql_query already registered for DAG: example_python_operator
[2024-08-28T10:48:10.634+0200] {logging_mixin.py:137} INFO - [2024-08-28T10:48:10.633+0200] {taskmixin.py:211} WARNING - Dependency <Task(_PythonDecoratedOperator): log_sql_query>, print_the_context already registered for DAG: example_python_operator
[2024-08-28T10:48:10.634+0200] {logging_mixin.py:137} INFO - [2024-08-28T10:48:10.634+0200] {taskmixin.py:211} WARNING - Dependency <Task(_PythonDecoratedOperator): print_the_context>, log_sql_query already registered for DAG: example_python_operator
[2024-08-28T10:48:10.635+0200] {logging_mixin.py:137} INFO - [2024-08-28T10:48:10.635+0200] {taskmixin.py:211} WARNING - Dependency <Task(_PythonDecoratedOperator): log_sql_query>, print_the_context already registered for DAG: example_python_operator
[2024-08-28T10:48:10.635+0200] {logging_mixin.py:137} INFO - [2024-08-28T10:48:10.635+0200] {taskmixin.py:211} WARNING - Dependency <Task(_PythonDecoratedOperator): print_the_context>, log_sql_query already registered for DAG: example_python_operator
[2024-08-28T10:48:10.636+0200] {logging_mixin.py:137} INFO - [2024-08-28T10:48:10.636+0200] {taskmixin.py:211} WARNING - Dependency <Task(_PythonDecoratedOperator): log_sql_query>, print_the_context already registered for DAG: example_python_operator
[2024-08-28T10:48:10.637+0200] {logging_mixin.py:137} INFO - [2024-08-28T10:48:10.636+0200] {taskmixin.py:211} WARNING - Dependency <Task(_PythonDecoratedOperator): print_the_context>, log_sql_query already registered for DAG: example_python_operator
[2024-08-28T10:48:10.637+0200] {logging_mixin.py:137} INFO - [2024-08-28T10:48:10.637+0200] {taskmixin.py:211} WARNING - Dependency <Task(_PythonDecoratedOperator): log_sql_query>, print_the_context already registered for DAG: example_python_operator
[2024-08-28T10:48:10.638+0200] {logging_mixin.py:137} INFO - [2024-08-28T10:48:10.637+0200] {example_python_operator.py:90} WARNING - The virtalenv_python example task requires virtualenv, please install it.
[2024-08-28T10:48:10.642+0200] {processor.py:753} INFO - DAG(s) dict_keys(['example_python_operator']) retrieved from /Users/roselina/opt/anaconda3/envs/python37/lib/python3.7/site-packages/airflow/example_dags/example_python_operator.py
[2024-08-28T10:48:10.667+0200] {logging_mixin.py:137} INFO - [2024-08-28T10:48:10.667+0200] {dag.py:2705} INFO - Sync 1 DAGs
[2024-08-28T10:48:10.680+0200] {logging_mixin.py:137} INFO - [2024-08-28T10:48:10.679+0200] {dag.py:3456} INFO - Setting next_dagrun for example_python_operator to None, run_after=None
[2024-08-28T10:48:10.690+0200] {processor.py:175} INFO - Processing /Users/roselina/opt/anaconda3/envs/python37/lib/python3.7/site-packages/airflow/example_dags/example_python_operator.py took 0.081 seconds
[2024-08-28T10:48:52.396+0200] {processor.py:153} INFO - Started process (PID=75911) to work on /Users/roselina/opt/anaconda3/envs/python37/lib/python3.7/site-packages/airflow/example_dags/example_python_operator.py
[2024-08-28T10:48:52.397+0200] {processor.py:743} INFO - Processing file /Users/roselina/opt/anaconda3/envs/python37/lib/python3.7/site-packages/airflow/example_dags/example_python_operator.py for tasks to queue
[2024-08-28T10:48:52.399+0200] {logging_mixin.py:137} INFO - [2024-08-28T10:48:52.398+0200] {dagbag.py:532} INFO - Filling up the DagBag from /Users/roselina/opt/anaconda3/envs/python37/lib/python3.7/site-packages/airflow/example_dags/example_python_operator.py
[2024-08-28T10:48:52.420+0200] {logging_mixin.py:137} INFO - [2024-08-28T10:48:52.419+0200] {taskmixin.py:211} WARNING - Dependency <Task(_PythonDecoratedOperator): print_the_context>, log_sql_query already registered for DAG: example_python_operator
[2024-08-28T10:48:52.420+0200] {logging_mixin.py:137} INFO - [2024-08-28T10:48:52.420+0200] {taskmixin.py:211} WARNING - Dependency <Task(_PythonDecoratedOperator): log_sql_query>, print_the_context already registered for DAG: example_python_operator
[2024-08-28T10:48:52.421+0200] {logging_mixin.py:137} INFO - [2024-08-28T10:48:52.421+0200] {taskmixin.py:211} WARNING - Dependency <Task(_PythonDecoratedOperator): print_the_context>, log_sql_query already registered for DAG: example_python_operator
[2024-08-28T10:48:52.422+0200] {logging_mixin.py:137} INFO - [2024-08-28T10:48:52.421+0200] {taskmixin.py:211} WARNING - Dependency <Task(_PythonDecoratedOperator): log_sql_query>, print_the_context already registered for DAG: example_python_operator
[2024-08-28T10:48:52.422+0200] {logging_mixin.py:137} INFO - [2024-08-28T10:48:52.422+0200] {taskmixin.py:211} WARNING - Dependency <Task(_PythonDecoratedOperator): print_the_context>, log_sql_query already registered for DAG: example_python_operator
[2024-08-28T10:48:52.423+0200] {logging_mixin.py:137} INFO - [2024-08-28T10:48:52.423+0200] {taskmixin.py:211} WARNING - Dependency <Task(_PythonDecoratedOperator): log_sql_query>, print_the_context already registered for DAG: example_python_operator
[2024-08-28T10:48:52.424+0200] {logging_mixin.py:137} INFO - [2024-08-28T10:48:52.423+0200] {taskmixin.py:211} WARNING - Dependency <Task(_PythonDecoratedOperator): print_the_context>, log_sql_query already registered for DAG: example_python_operator
[2024-08-28T10:48:52.424+0200] {logging_mixin.py:137} INFO - [2024-08-28T10:48:52.424+0200] {taskmixin.py:211} WARNING - Dependency <Task(_PythonDecoratedOperator): log_sql_query>, print_the_context already registered for DAG: example_python_operator
[2024-08-28T10:48:52.425+0200] {logging_mixin.py:137} INFO - [2024-08-28T10:48:52.425+0200] {example_python_operator.py:90} WARNING - The virtalenv_python example task requires virtualenv, please install it.
[2024-08-28T10:48:52.430+0200] {processor.py:753} INFO - DAG(s) dict_keys(['example_python_operator']) retrieved from /Users/roselina/opt/anaconda3/envs/python37/lib/python3.7/site-packages/airflow/example_dags/example_python_operator.py
[2024-08-28T10:48:52.446+0200] {logging_mixin.py:137} INFO - [2024-08-28T10:48:52.445+0200] {dag.py:2705} INFO - Sync 1 DAGs
[2024-08-28T10:48:52.457+0200] {logging_mixin.py:137} INFO - [2024-08-28T10:48:52.457+0200] {dag.py:3456} INFO - Setting next_dagrun for example_python_operator to None, run_after=None
[2024-08-28T10:48:52.468+0200] {processor.py:175} INFO - Processing /Users/roselina/opt/anaconda3/envs/python37/lib/python3.7/site-packages/airflow/example_dags/example_python_operator.py took 0.077 seconds
[2024-08-28T10:49:33.589+0200] {processor.py:153} INFO - Started process (PID=75958) to work on /Users/roselina/opt/anaconda3/envs/python37/lib/python3.7/site-packages/airflow/example_dags/example_python_operator.py
[2024-08-28T10:49:33.591+0200] {processor.py:743} INFO - Processing file /Users/roselina/opt/anaconda3/envs/python37/lib/python3.7/site-packages/airflow/example_dags/example_python_operator.py for tasks to queue
[2024-08-28T10:49:33.592+0200] {logging_mixin.py:137} INFO - [2024-08-28T10:49:33.592+0200] {dagbag.py:532} INFO - Filling up the DagBag from /Users/roselina/opt/anaconda3/envs/python37/lib/python3.7/site-packages/airflow/example_dags/example_python_operator.py
[2024-08-28T10:49:33.612+0200] {logging_mixin.py:137} INFO - [2024-08-28T10:49:33.611+0200] {taskmixin.py:211} WARNING - Dependency <Task(_PythonDecoratedOperator): print_the_context>, log_sql_query already registered for DAG: example_python_operator
[2024-08-28T10:49:33.612+0200] {logging_mixin.py:137} INFO - [2024-08-28T10:49:33.612+0200] {taskmixin.py:211} WARNING - Dependency <Task(_PythonDecoratedOperator): log_sql_query>, print_the_context already registered for DAG: example_python_operator
[2024-08-28T10:49:33.613+0200] {logging_mixin.py:137} INFO - [2024-08-28T10:49:33.613+0200] {taskmixin.py:211} WARNING - Dependency <Task(_PythonDecoratedOperator): print_the_context>, log_sql_query already registered for DAG: example_python_operator
[2024-08-28T10:49:33.613+0200] {logging_mixin.py:137} INFO - [2024-08-28T10:49:33.613+0200] {taskmixin.py:211} WARNING - Dependency <Task(_PythonDecoratedOperator): log_sql_query>, print_the_context already registered for DAG: example_python_operator
[2024-08-28T10:49:33.614+0200] {logging_mixin.py:137} INFO - [2024-08-28T10:49:33.614+0200] {taskmixin.py:211} WARNING - Dependency <Task(_PythonDecoratedOperator): print_the_context>, log_sql_query already registered for DAG: example_python_operator
[2024-08-28T10:49:33.615+0200] {logging_mixin.py:137} INFO - [2024-08-28T10:49:33.614+0200] {taskmixin.py:211} WARNING - Dependency <Task(_PythonDecoratedOperator): log_sql_query>, print_the_context already registered for DAG: example_python_operator
[2024-08-28T10:49:33.615+0200] {logging_mixin.py:137} INFO - [2024-08-28T10:49:33.615+0200] {taskmixin.py:211} WARNING - Dependency <Task(_PythonDecoratedOperator): print_the_context>, log_sql_query already registered for DAG: example_python_operator
[2024-08-28T10:49:33.616+0200] {logging_mixin.py:137} INFO - [2024-08-28T10:49:33.616+0200] {taskmixin.py:211} WARNING - Dependency <Task(_PythonDecoratedOperator): log_sql_query>, print_the_context already registered for DAG: example_python_operator
[2024-08-28T10:49:33.617+0200] {logging_mixin.py:137} INFO - [2024-08-28T10:49:33.616+0200] {example_python_operator.py:90} WARNING - The virtalenv_python example task requires virtualenv, please install it.
[2024-08-28T10:49:33.621+0200] {processor.py:753} INFO - DAG(s) dict_keys(['example_python_operator']) retrieved from /Users/roselina/opt/anaconda3/envs/python37/lib/python3.7/site-packages/airflow/example_dags/example_python_operator.py
[2024-08-28T10:49:33.636+0200] {logging_mixin.py:137} INFO - [2024-08-28T10:49:33.636+0200] {dag.py:2705} INFO - Sync 1 DAGs
[2024-08-28T10:49:33.651+0200] {logging_mixin.py:137} INFO - [2024-08-28T10:49:33.651+0200] {dag.py:3456} INFO - Setting next_dagrun for example_python_operator to None, run_after=None
[2024-08-28T10:49:33.661+0200] {processor.py:175} INFO - Processing /Users/roselina/opt/anaconda3/envs/python37/lib/python3.7/site-packages/airflow/example_dags/example_python_operator.py took 0.078 seconds
[2024-08-28T10:50:14.760+0200] {processor.py:153} INFO - Started process (PID=76002) to work on /Users/roselina/opt/anaconda3/envs/python37/lib/python3.7/site-packages/airflow/example_dags/example_python_operator.py
[2024-08-28T10:50:14.761+0200] {processor.py:743} INFO - Processing file /Users/roselina/opt/anaconda3/envs/python37/lib/python3.7/site-packages/airflow/example_dags/example_python_operator.py for tasks to queue
[2024-08-28T10:50:14.763+0200] {logging_mixin.py:137} INFO - [2024-08-28T10:50:14.762+0200] {dagbag.py:532} INFO - Filling up the DagBag from /Users/roselina/opt/anaconda3/envs/python37/lib/python3.7/site-packages/airflow/example_dags/example_python_operator.py
[2024-08-28T10:50:14.783+0200] {logging_mixin.py:137} INFO - [2024-08-28T10:50:14.783+0200] {taskmixin.py:211} WARNING - Dependency <Task(_PythonDecoratedOperator): print_the_context>, log_sql_query already registered for DAG: example_python_operator
[2024-08-28T10:50:14.784+0200] {logging_mixin.py:137} INFO - [2024-08-28T10:50:14.784+0200] {taskmixin.py:211} WARNING - Dependency <Task(_PythonDecoratedOperator): log_sql_query>, print_the_context already registered for DAG: example_python_operator
[2024-08-28T10:50:14.785+0200] {logging_mixin.py:137} INFO - [2024-08-28T10:50:14.784+0200] {taskmixin.py:211} WARNING - Dependency <Task(_PythonDecoratedOperator): print_the_context>, log_sql_query already registered for DAG: example_python_operator
[2024-08-28T10:50:14.785+0200] {logging_mixin.py:137} INFO - [2024-08-28T10:50:14.785+0200] {taskmixin.py:211} WARNING - Dependency <Task(_PythonDecoratedOperator): log_sql_query>, print_the_context already registered for DAG: example_python_operator
[2024-08-28T10:50:14.786+0200] {logging_mixin.py:137} INFO - [2024-08-28T10:50:14.786+0200] {taskmixin.py:211} WARNING - Dependency <Task(_PythonDecoratedOperator): print_the_context>, log_sql_query already registered for DAG: example_python_operator
[2024-08-28T10:50:14.787+0200] {logging_mixin.py:137} INFO - [2024-08-28T10:50:14.786+0200] {taskmixin.py:211} WARNING - Dependency <Task(_PythonDecoratedOperator): log_sql_query>, print_the_context already registered for DAG: example_python_operator
[2024-08-28T10:50:14.787+0200] {logging_mixin.py:137} INFO - [2024-08-28T10:50:14.787+0200] {taskmixin.py:211} WARNING - Dependency <Task(_PythonDecoratedOperator): print_the_context>, log_sql_query already registered for DAG: example_python_operator
[2024-08-28T10:50:14.788+0200] {logging_mixin.py:137} INFO - [2024-08-28T10:50:14.788+0200] {taskmixin.py:211} WARNING - Dependency <Task(_PythonDecoratedOperator): log_sql_query>, print_the_context already registered for DAG: example_python_operator
[2024-08-28T10:50:14.788+0200] {logging_mixin.py:137} INFO - [2024-08-28T10:50:14.788+0200] {example_python_operator.py:90} WARNING - The virtalenv_python example task requires virtualenv, please install it.
[2024-08-28T10:50:14.795+0200] {processor.py:753} INFO - DAG(s) dict_keys(['example_python_operator']) retrieved from /Users/roselina/opt/anaconda3/envs/python37/lib/python3.7/site-packages/airflow/example_dags/example_python_operator.py
[2024-08-28T10:50:14.810+0200] {logging_mixin.py:137} INFO - [2024-08-28T10:50:14.810+0200] {dag.py:2705} INFO - Sync 1 DAGs
[2024-08-28T10:50:14.823+0200] {logging_mixin.py:137} INFO - [2024-08-28T10:50:14.822+0200] {dag.py:3456} INFO - Setting next_dagrun for example_python_operator to None, run_after=None
[2024-08-28T10:50:14.833+0200] {processor.py:175} INFO - Processing /Users/roselina/opt/anaconda3/envs/python37/lib/python3.7/site-packages/airflow/example_dags/example_python_operator.py took 0.078 seconds
[2024-08-28T10:50:55.521+0200] {processor.py:153} INFO - Started process (PID=76047) to work on /Users/roselina/opt/anaconda3/envs/python37/lib/python3.7/site-packages/airflow/example_dags/example_python_operator.py
[2024-08-28T10:50:55.523+0200] {processor.py:743} INFO - Processing file /Users/roselina/opt/anaconda3/envs/python37/lib/python3.7/site-packages/airflow/example_dags/example_python_operator.py for tasks to queue
[2024-08-28T10:50:55.524+0200] {logging_mixin.py:137} INFO - [2024-08-28T10:50:55.524+0200] {dagbag.py:532} INFO - Filling up the DagBag from /Users/roselina/opt/anaconda3/envs/python37/lib/python3.7/site-packages/airflow/example_dags/example_python_operator.py
[2024-08-28T10:50:55.544+0200] {logging_mixin.py:137} INFO - [2024-08-28T10:50:55.543+0200] {taskmixin.py:211} WARNING - Dependency <Task(_PythonDecoratedOperator): print_the_context>, log_sql_query already registered for DAG: example_python_operator
[2024-08-28T10:50:55.544+0200] {logging_mixin.py:137} INFO - [2024-08-28T10:50:55.544+0200] {taskmixin.py:211} WARNING - Dependency <Task(_PythonDecoratedOperator): log_sql_query>, print_the_context already registered for DAG: example_python_operator
[2024-08-28T10:50:55.545+0200] {logging_mixin.py:137} INFO - [2024-08-28T10:50:55.545+0200] {taskmixin.py:211} WARNING - Dependency <Task(_PythonDecoratedOperator): print_the_context>, log_sql_query already registered for DAG: example_python_operator
[2024-08-28T10:50:55.546+0200] {logging_mixin.py:137} INFO - [2024-08-28T10:50:55.545+0200] {taskmixin.py:211} WARNING - Dependency <Task(_PythonDecoratedOperator): log_sql_query>, print_the_context already registered for DAG: example_python_operator
[2024-08-28T10:50:55.546+0200] {logging_mixin.py:137} INFO - [2024-08-28T10:50:55.546+0200] {taskmixin.py:211} WARNING - Dependency <Task(_PythonDecoratedOperator): print_the_context>, log_sql_query already registered for DAG: example_python_operator
[2024-08-28T10:50:55.547+0200] {logging_mixin.py:137} INFO - [2024-08-28T10:50:55.547+0200] {taskmixin.py:211} WARNING - Dependency <Task(_PythonDecoratedOperator): log_sql_query>, print_the_context already registered for DAG: example_python_operator
[2024-08-28T10:50:55.548+0200] {logging_mixin.py:137} INFO - [2024-08-28T10:50:55.547+0200] {taskmixin.py:211} WARNING - Dependency <Task(_PythonDecoratedOperator): print_the_context>, log_sql_query already registered for DAG: example_python_operator
[2024-08-28T10:50:55.548+0200] {logging_mixin.py:137} INFO - [2024-08-28T10:50:55.548+0200] {taskmixin.py:211} WARNING - Dependency <Task(_PythonDecoratedOperator): log_sql_query>, print_the_context already registered for DAG: example_python_operator
[2024-08-28T10:50:55.549+0200] {logging_mixin.py:137} INFO - [2024-08-28T10:50:55.549+0200] {example_python_operator.py:90} WARNING - The virtalenv_python example task requires virtualenv, please install it.
[2024-08-28T10:50:55.554+0200] {processor.py:753} INFO - DAG(s) dict_keys(['example_python_operator']) retrieved from /Users/roselina/opt/anaconda3/envs/python37/lib/python3.7/site-packages/airflow/example_dags/example_python_operator.py
[2024-08-28T10:50:55.574+0200] {logging_mixin.py:137} INFO - [2024-08-28T10:50:55.574+0200] {dag.py:2705} INFO - Sync 1 DAGs
[2024-08-28T10:50:55.585+0200] {logging_mixin.py:137} INFO - [2024-08-28T10:50:55.585+0200] {dag.py:3456} INFO - Setting next_dagrun for example_python_operator to None, run_after=None
[2024-08-28T10:50:55.596+0200] {processor.py:175} INFO - Processing /Users/roselina/opt/anaconda3/envs/python37/lib/python3.7/site-packages/airflow/example_dags/example_python_operator.py took 0.079 seconds
[2024-08-28T10:51:38.401+0200] {processor.py:153} INFO - Started process (PID=76108) to work on /Users/roselina/opt/anaconda3/envs/python37/lib/python3.7/site-packages/airflow/example_dags/example_python_operator.py
[2024-08-28T10:51:38.403+0200] {processor.py:743} INFO - Processing file /Users/roselina/opt/anaconda3/envs/python37/lib/python3.7/site-packages/airflow/example_dags/example_python_operator.py for tasks to queue
[2024-08-28T10:51:38.404+0200] {logging_mixin.py:137} INFO - [2024-08-28T10:51:38.404+0200] {dagbag.py:532} INFO - Filling up the DagBag from /Users/roselina/opt/anaconda3/envs/python37/lib/python3.7/site-packages/airflow/example_dags/example_python_operator.py
[2024-08-28T10:51:38.423+0200] {logging_mixin.py:137} INFO - [2024-08-28T10:51:38.423+0200] {taskmixin.py:211} WARNING - Dependency <Task(_PythonDecoratedOperator): print_the_context>, log_sql_query already registered for DAG: example_python_operator
[2024-08-28T10:51:38.423+0200] {logging_mixin.py:137} INFO - [2024-08-28T10:51:38.423+0200] {taskmixin.py:211} WARNING - Dependency <Task(_PythonDecoratedOperator): log_sql_query>, print_the_context already registered for DAG: example_python_operator
[2024-08-28T10:51:38.424+0200] {logging_mixin.py:137} INFO - [2024-08-28T10:51:38.424+0200] {taskmixin.py:211} WARNING - Dependency <Task(_PythonDecoratedOperator): print_the_context>, log_sql_query already registered for DAG: example_python_operator
[2024-08-28T10:51:38.425+0200] {logging_mixin.py:137} INFO - [2024-08-28T10:51:38.425+0200] {taskmixin.py:211} WARNING - Dependency <Task(_PythonDecoratedOperator): log_sql_query>, print_the_context already registered for DAG: example_python_operator
[2024-08-28T10:51:38.426+0200] {logging_mixin.py:137} INFO - [2024-08-28T10:51:38.425+0200] {taskmixin.py:211} WARNING - Dependency <Task(_PythonDecoratedOperator): print_the_context>, log_sql_query already registered for DAG: example_python_operator
[2024-08-28T10:51:38.426+0200] {logging_mixin.py:137} INFO - [2024-08-28T10:51:38.426+0200] {taskmixin.py:211} WARNING - Dependency <Task(_PythonDecoratedOperator): log_sql_query>, print_the_context already registered for DAG: example_python_operator
[2024-08-28T10:51:38.427+0200] {logging_mixin.py:137} INFO - [2024-08-28T10:51:38.426+0200] {taskmixin.py:211} WARNING - Dependency <Task(_PythonDecoratedOperator): print_the_context>, log_sql_query already registered for DAG: example_python_operator
[2024-08-28T10:51:38.427+0200] {logging_mixin.py:137} INFO - [2024-08-28T10:51:38.427+0200] {taskmixin.py:211} WARNING - Dependency <Task(_PythonDecoratedOperator): log_sql_query>, print_the_context already registered for DAG: example_python_operator
[2024-08-28T10:51:38.428+0200] {logging_mixin.py:137} INFO - [2024-08-28T10:51:38.428+0200] {example_python_operator.py:90} WARNING - The virtalenv_python example task requires virtualenv, please install it.
[2024-08-28T10:51:38.432+0200] {processor.py:753} INFO - DAG(s) dict_keys(['example_python_operator']) retrieved from /Users/roselina/opt/anaconda3/envs/python37/lib/python3.7/site-packages/airflow/example_dags/example_python_operator.py
[2024-08-28T10:51:38.448+0200] {logging_mixin.py:137} INFO - [2024-08-28T10:51:38.447+0200] {dag.py:2705} INFO - Sync 1 DAGs
[2024-08-28T10:51:38.459+0200] {logging_mixin.py:137} INFO - [2024-08-28T10:51:38.459+0200] {dag.py:3456} INFO - Setting next_dagrun for example_python_operator to None, run_after=None
[2024-08-28T10:51:38.469+0200] {processor.py:175} INFO - Processing /Users/roselina/opt/anaconda3/envs/python37/lib/python3.7/site-packages/airflow/example_dags/example_python_operator.py took 0.072 seconds
[2024-08-28T10:52:17.941+0200] {processor.py:153} INFO - Started process (PID=76163) to work on /Users/roselina/opt/anaconda3/envs/python37/lib/python3.7/site-packages/airflow/example_dags/example_python_operator.py
[2024-08-28T10:52:17.947+0200] {processor.py:743} INFO - Processing file /Users/roselina/opt/anaconda3/envs/python37/lib/python3.7/site-packages/airflow/example_dags/example_python_operator.py for tasks to queue
[2024-08-28T10:52:17.949+0200] {logging_mixin.py:137} INFO - [2024-08-28T10:52:17.948+0200] {dagbag.py:532} INFO - Filling up the DagBag from /Users/roselina/opt/anaconda3/envs/python37/lib/python3.7/site-packages/airflow/example_dags/example_python_operator.py
[2024-08-28T10:52:17.975+0200] {logging_mixin.py:137} INFO - [2024-08-28T10:52:17.974+0200] {taskmixin.py:211} WARNING - Dependency <Task(_PythonDecoratedOperator): print_the_context>, log_sql_query already registered for DAG: example_python_operator
[2024-08-28T10:52:17.975+0200] {logging_mixin.py:137} INFO - [2024-08-28T10:52:17.975+0200] {taskmixin.py:211} WARNING - Dependency <Task(_PythonDecoratedOperator): log_sql_query>, print_the_context already registered for DAG: example_python_operator
[2024-08-28T10:52:17.976+0200] {logging_mixin.py:137} INFO - [2024-08-28T10:52:17.976+0200] {taskmixin.py:211} WARNING - Dependency <Task(_PythonDecoratedOperator): print_the_context>, log_sql_query already registered for DAG: example_python_operator
[2024-08-28T10:52:17.976+0200] {logging_mixin.py:137} INFO - [2024-08-28T10:52:17.976+0200] {taskmixin.py:211} WARNING - Dependency <Task(_PythonDecoratedOperator): log_sql_query>, print_the_context already registered for DAG: example_python_operator
[2024-08-28T10:52:17.977+0200] {logging_mixin.py:137} INFO - [2024-08-28T10:52:17.977+0200] {taskmixin.py:211} WARNING - Dependency <Task(_PythonDecoratedOperator): print_the_context>, log_sql_query already registered for DAG: example_python_operator
[2024-08-28T10:52:17.977+0200] {logging_mixin.py:137} INFO - [2024-08-28T10:52:17.977+0200] {taskmixin.py:211} WARNING - Dependency <Task(_PythonDecoratedOperator): log_sql_query>, print_the_context already registered for DAG: example_python_operator
[2024-08-28T10:52:17.978+0200] {logging_mixin.py:137} INFO - [2024-08-28T10:52:17.978+0200] {taskmixin.py:211} WARNING - Dependency <Task(_PythonDecoratedOperator): print_the_context>, log_sql_query already registered for DAG: example_python_operator
[2024-08-28T10:52:17.978+0200] {logging_mixin.py:137} INFO - [2024-08-28T10:52:17.978+0200] {taskmixin.py:211} WARNING - Dependency <Task(_PythonDecoratedOperator): log_sql_query>, print_the_context already registered for DAG: example_python_operator
[2024-08-28T10:52:17.979+0200] {logging_mixin.py:137} INFO - [2024-08-28T10:52:17.979+0200] {example_python_operator.py:90} WARNING - The virtalenv_python example task requires virtualenv, please install it.
[2024-08-28T10:52:17.983+0200] {processor.py:753} INFO - DAG(s) dict_keys(['example_python_operator']) retrieved from /Users/roselina/opt/anaconda3/envs/python37/lib/python3.7/site-packages/airflow/example_dags/example_python_operator.py
[2024-08-28T10:52:18.002+0200] {logging_mixin.py:137} INFO - [2024-08-28T10:52:18.002+0200] {dag.py:2705} INFO - Sync 1 DAGs
[2024-08-28T10:52:18.013+0200] {logging_mixin.py:137} INFO - [2024-08-28T10:52:18.013+0200] {dag.py:3456} INFO - Setting next_dagrun for example_python_operator to None, run_after=None
[2024-08-28T10:52:18.023+0200] {processor.py:175} INFO - Processing /Users/roselina/opt/anaconda3/envs/python37/lib/python3.7/site-packages/airflow/example_dags/example_python_operator.py took 0.086 seconds
[2024-08-28T10:53:01.781+0200] {processor.py:153} INFO - Started process (PID=76209) to work on /Users/roselina/opt/anaconda3/envs/python37/lib/python3.7/site-packages/airflow/example_dags/example_python_operator.py
[2024-08-28T10:53:01.783+0200] {processor.py:743} INFO - Processing file /Users/roselina/opt/anaconda3/envs/python37/lib/python3.7/site-packages/airflow/example_dags/example_python_operator.py for tasks to queue
[2024-08-28T10:53:01.785+0200] {logging_mixin.py:137} INFO - [2024-08-28T10:53:01.784+0200] {dagbag.py:532} INFO - Filling up the DagBag from /Users/roselina/opt/anaconda3/envs/python37/lib/python3.7/site-packages/airflow/example_dags/example_python_operator.py
[2024-08-28T10:53:01.804+0200] {logging_mixin.py:137} INFO - [2024-08-28T10:53:01.804+0200] {taskmixin.py:211} WARNING - Dependency <Task(_PythonDecoratedOperator): print_the_context>, log_sql_query already registered for DAG: example_python_operator
[2024-08-28T10:53:01.805+0200] {logging_mixin.py:137} INFO - [2024-08-28T10:53:01.805+0200] {taskmixin.py:211} WARNING - Dependency <Task(_PythonDecoratedOperator): log_sql_query>, print_the_context already registered for DAG: example_python_operator
[2024-08-28T10:53:01.806+0200] {logging_mixin.py:137} INFO - [2024-08-28T10:53:01.805+0200] {taskmixin.py:211} WARNING - Dependency <Task(_PythonDecoratedOperator): print_the_context>, log_sql_query already registered for DAG: example_python_operator
[2024-08-28T10:53:01.806+0200] {logging_mixin.py:137} INFO - [2024-08-28T10:53:01.806+0200] {taskmixin.py:211} WARNING - Dependency <Task(_PythonDecoratedOperator): log_sql_query>, print_the_context already registered for DAG: example_python_operator
[2024-08-28T10:53:01.807+0200] {logging_mixin.py:137} INFO - [2024-08-28T10:53:01.807+0200] {taskmixin.py:211} WARNING - Dependency <Task(_PythonDecoratedOperator): print_the_context>, log_sql_query already registered for DAG: example_python_operator
[2024-08-28T10:53:01.807+0200] {logging_mixin.py:137} INFO - [2024-08-28T10:53:01.807+0200] {taskmixin.py:211} WARNING - Dependency <Task(_PythonDecoratedOperator): log_sql_query>, print_the_context already registered for DAG: example_python_operator
[2024-08-28T10:53:01.808+0200] {logging_mixin.py:137} INFO - [2024-08-28T10:53:01.808+0200] {taskmixin.py:211} WARNING - Dependency <Task(_PythonDecoratedOperator): print_the_context>, log_sql_query already registered for DAG: example_python_operator
[2024-08-28T10:53:01.809+0200] {logging_mixin.py:137} INFO - [2024-08-28T10:53:01.809+0200] {taskmixin.py:211} WARNING - Dependency <Task(_PythonDecoratedOperator): log_sql_query>, print_the_context already registered for DAG: example_python_operator
[2024-08-28T10:53:01.809+0200] {logging_mixin.py:137} INFO - [2024-08-28T10:53:01.809+0200] {example_python_operator.py:90} WARNING - The virtalenv_python example task requires virtualenv, please install it.
[2024-08-28T10:53:01.814+0200] {processor.py:753} INFO - DAG(s) dict_keys(['example_python_operator']) retrieved from /Users/roselina/opt/anaconda3/envs/python37/lib/python3.7/site-packages/airflow/example_dags/example_python_operator.py
[2024-08-28T10:53:01.828+0200] {logging_mixin.py:137} INFO - [2024-08-28T10:53:01.827+0200] {dag.py:2705} INFO - Sync 1 DAGs
[2024-08-28T10:53:01.840+0200] {logging_mixin.py:137} INFO - [2024-08-28T10:53:01.840+0200] {dag.py:3456} INFO - Setting next_dagrun for example_python_operator to None, run_after=None
[2024-08-28T10:53:01.850+0200] {processor.py:175} INFO - Processing /Users/roselina/opt/anaconda3/envs/python37/lib/python3.7/site-packages/airflow/example_dags/example_python_operator.py took 0.073 seconds
