[2024-08-28T10:11:36.435+0200] {processor.py:153} INFO - Started process (PID=74953) to work on /Users/roselina/opt/anaconda3/envs/python37/lib/python3.7/site-packages/airflow/example_dags/example_dag_decorator.py
[2024-08-28T10:11:36.436+0200] {processor.py:743} INFO - Processing file /Users/roselina/opt/anaconda3/envs/python37/lib/python3.7/site-packages/airflow/example_dags/example_dag_decorator.py for tasks to queue
[2024-08-28T10:11:36.437+0200] {logging_mixin.py:137} INFO - [2024-08-28T10:11:36.436+0200] {dagbag.py:532} INFO - Filling up the DagBag from /Users/roselina/opt/anaconda3/envs/python37/lib/python3.7/site-packages/airflow/example_dags/example_dag_decorator.py
[2024-08-28T10:11:36.448+0200] {logging_mixin.py:137} INFO - [2024-08-28T10:11:36.448+0200] {taskmixin.py:211} WARNING - Dependency <Task(_PythonDecoratedOperator): prepare_email>, send_email already registered for DAG: example_dag_decorator
[2024-08-28T10:11:36.449+0200] {logging_mixin.py:137} INFO - [2024-08-28T10:11:36.448+0200] {taskmixin.py:211} WARNING - Dependency <Task(EmailOperator): send_email>, prepare_email already registered for DAG: example_dag_decorator
[2024-08-28T10:11:36.458+0200] {processor.py:753} INFO - DAG(s) dict_keys(['example_dag_decorator']) retrieved from /Users/roselina/opt/anaconda3/envs/python37/lib/python3.7/site-packages/airflow/example_dags/example_dag_decorator.py
[2024-08-28T10:11:36.514+0200] {logging_mixin.py:137} INFO - [2024-08-28T10:11:36.514+0200] {manager.py:504} INFO - Created Permission View: can read on DAG:example_dag_decorator
[2024-08-28T10:11:36.518+0200] {logging_mixin.py:137} INFO - [2024-08-28T10:11:36.518+0200] {manager.py:504} INFO - Created Permission View: can delete on DAG:example_dag_decorator
[2024-08-28T10:11:36.521+0200] {logging_mixin.py:137} INFO - [2024-08-28T10:11:36.521+0200] {manager.py:504} INFO - Created Permission View: can edit on DAG:example_dag_decorator
[2024-08-28T10:11:36.522+0200] {logging_mixin.py:137} INFO - [2024-08-28T10:11:36.522+0200] {dag.py:2705} INFO - Sync 1 DAGs
[2024-08-28T10:11:36.528+0200] {logging_mixin.py:137} INFO - [2024-08-28T10:11:36.528+0200] {dag.py:2726} INFO - Creating ORM DAG for example_dag_decorator
[2024-08-28T10:11:36.534+0200] {logging_mixin.py:137} INFO - [2024-08-28T10:11:36.533+0200] {dag.py:3456} INFO - Setting next_dagrun for example_dag_decorator to None, run_after=None
[2024-08-28T10:11:36.543+0200] {processor.py:175} INFO - Processing /Users/roselina/opt/anaconda3/envs/python37/lib/python3.7/site-packages/airflow/example_dags/example_dag_decorator.py took 0.110 seconds
[2024-08-28T10:12:17.935+0200] {processor.py:153} INFO - Started process (PID=75015) to work on /Users/roselina/opt/anaconda3/envs/python37/lib/python3.7/site-packages/airflow/example_dags/example_dag_decorator.py
[2024-08-28T10:12:17.937+0200] {processor.py:743} INFO - Processing file /Users/roselina/opt/anaconda3/envs/python37/lib/python3.7/site-packages/airflow/example_dags/example_dag_decorator.py for tasks to queue
[2024-08-28T10:12:17.938+0200] {logging_mixin.py:137} INFO - [2024-08-28T10:12:17.937+0200] {dagbag.py:532} INFO - Filling up the DagBag from /Users/roselina/opt/anaconda3/envs/python37/lib/python3.7/site-packages/airflow/example_dags/example_dag_decorator.py
[2024-08-28T10:12:17.956+0200] {logging_mixin.py:137} INFO - [2024-08-28T10:12:17.956+0200] {taskmixin.py:211} WARNING - Dependency <Task(_PythonDecoratedOperator): prepare_email>, send_email already registered for DAG: example_dag_decorator
[2024-08-28T10:12:17.957+0200] {logging_mixin.py:137} INFO - [2024-08-28T10:12:17.957+0200] {taskmixin.py:211} WARNING - Dependency <Task(EmailOperator): send_email>, prepare_email already registered for DAG: example_dag_decorator
[2024-08-28T10:12:17.966+0200] {processor.py:753} INFO - DAG(s) dict_keys(['example_dag_decorator']) retrieved from /Users/roselina/opt/anaconda3/envs/python37/lib/python3.7/site-packages/airflow/example_dags/example_dag_decorator.py
[2024-08-28T10:12:18.005+0200] {logging_mixin.py:137} INFO - [2024-08-28T10:12:18.005+0200] {dag.py:2705} INFO - Sync 1 DAGs
[2024-08-28T10:12:18.016+0200] {logging_mixin.py:137} INFO - [2024-08-28T10:12:18.016+0200] {dag.py:3456} INFO - Setting next_dagrun for example_dag_decorator to None, run_after=None
[2024-08-28T10:12:18.026+0200] {processor.py:175} INFO - Processing /Users/roselina/opt/anaconda3/envs/python37/lib/python3.7/site-packages/airflow/example_dags/example_dag_decorator.py took 0.095 seconds
[2024-08-28T10:13:00.402+0200] {processor.py:153} INFO - Started process (PID=75090) to work on /Users/roselina/opt/anaconda3/envs/python37/lib/python3.7/site-packages/airflow/example_dags/example_dag_decorator.py
[2024-08-28T10:13:00.404+0200] {processor.py:743} INFO - Processing file /Users/roselina/opt/anaconda3/envs/python37/lib/python3.7/site-packages/airflow/example_dags/example_dag_decorator.py for tasks to queue
[2024-08-28T10:13:00.406+0200] {logging_mixin.py:137} INFO - [2024-08-28T10:13:00.405+0200] {dagbag.py:532} INFO - Filling up the DagBag from /Users/roselina/opt/anaconda3/envs/python37/lib/python3.7/site-packages/airflow/example_dags/example_dag_decorator.py
[2024-08-28T10:13:00.430+0200] {logging_mixin.py:137} INFO - [2024-08-28T10:13:00.430+0200] {taskmixin.py:211} WARNING - Dependency <Task(_PythonDecoratedOperator): prepare_email>, send_email already registered for DAG: example_dag_decorator
[2024-08-28T10:13:00.431+0200] {logging_mixin.py:137} INFO - [2024-08-28T10:13:00.431+0200] {taskmixin.py:211} WARNING - Dependency <Task(EmailOperator): send_email>, prepare_email already registered for DAG: example_dag_decorator
[2024-08-28T10:13:00.443+0200] {processor.py:753} INFO - DAG(s) dict_keys(['example_dag_decorator']) retrieved from /Users/roselina/opt/anaconda3/envs/python37/lib/python3.7/site-packages/airflow/example_dags/example_dag_decorator.py
[2024-08-28T10:13:00.479+0200] {logging_mixin.py:137} INFO - [2024-08-28T10:13:00.479+0200] {dag.py:2705} INFO - Sync 1 DAGs
[2024-08-28T10:13:00.490+0200] {logging_mixin.py:137} INFO - [2024-08-28T10:13:00.490+0200] {dag.py:3456} INFO - Setting next_dagrun for example_dag_decorator to None, run_after=None
[2024-08-28T10:13:00.501+0200] {processor.py:175} INFO - Processing /Users/roselina/opt/anaconda3/envs/python37/lib/python3.7/site-packages/airflow/example_dags/example_dag_decorator.py took 0.103 seconds
[2024-08-28T10:13:41.651+0200] {processor.py:153} INFO - Started process (PID=75134) to work on /Users/roselina/opt/anaconda3/envs/python37/lib/python3.7/site-packages/airflow/example_dags/example_dag_decorator.py
[2024-08-28T10:13:41.653+0200] {processor.py:743} INFO - Processing file /Users/roselina/opt/anaconda3/envs/python37/lib/python3.7/site-packages/airflow/example_dags/example_dag_decorator.py for tasks to queue
[2024-08-28T10:13:41.654+0200] {logging_mixin.py:137} INFO - [2024-08-28T10:13:41.654+0200] {dagbag.py:532} INFO - Filling up the DagBag from /Users/roselina/opt/anaconda3/envs/python37/lib/python3.7/site-packages/airflow/example_dags/example_dag_decorator.py
[2024-08-28T10:13:41.675+0200] {logging_mixin.py:137} INFO - [2024-08-28T10:13:41.675+0200] {taskmixin.py:211} WARNING - Dependency <Task(_PythonDecoratedOperator): prepare_email>, send_email already registered for DAG: example_dag_decorator
[2024-08-28T10:13:41.676+0200] {logging_mixin.py:137} INFO - [2024-08-28T10:13:41.676+0200] {taskmixin.py:211} WARNING - Dependency <Task(EmailOperator): send_email>, prepare_email already registered for DAG: example_dag_decorator
[2024-08-28T10:13:41.687+0200] {processor.py:753} INFO - DAG(s) dict_keys(['example_dag_decorator']) retrieved from /Users/roselina/opt/anaconda3/envs/python37/lib/python3.7/site-packages/airflow/example_dags/example_dag_decorator.py
[2024-08-28T10:13:41.720+0200] {logging_mixin.py:137} INFO - [2024-08-28T10:13:41.719+0200] {dag.py:2705} INFO - Sync 1 DAGs
[2024-08-28T10:13:41.730+0200] {logging_mixin.py:137} INFO - [2024-08-28T10:13:41.729+0200] {dag.py:3456} INFO - Setting next_dagrun for example_dag_decorator to None, run_after=None
[2024-08-28T10:13:41.739+0200] {processor.py:175} INFO - Processing /Users/roselina/opt/anaconda3/envs/python37/lib/python3.7/site-packages/airflow/example_dags/example_dag_decorator.py took 0.093 seconds
[2024-08-28T10:14:24.710+0200] {processor.py:153} INFO - Started process (PID=75213) to work on /Users/roselina/opt/anaconda3/envs/python37/lib/python3.7/site-packages/airflow/example_dags/example_dag_decorator.py
[2024-08-28T10:14:24.712+0200] {processor.py:743} INFO - Processing file /Users/roselina/opt/anaconda3/envs/python37/lib/python3.7/site-packages/airflow/example_dags/example_dag_decorator.py for tasks to queue
[2024-08-28T10:14:24.713+0200] {logging_mixin.py:137} INFO - [2024-08-28T10:14:24.713+0200] {dagbag.py:532} INFO - Filling up the DagBag from /Users/roselina/opt/anaconda3/envs/python37/lib/python3.7/site-packages/airflow/example_dags/example_dag_decorator.py
[2024-08-28T10:14:24.732+0200] {logging_mixin.py:137} INFO - [2024-08-28T10:14:24.731+0200] {taskmixin.py:211} WARNING - Dependency <Task(_PythonDecoratedOperator): prepare_email>, send_email already registered for DAG: example_dag_decorator
[2024-08-28T10:14:24.732+0200] {logging_mixin.py:137} INFO - [2024-08-28T10:14:24.732+0200] {taskmixin.py:211} WARNING - Dependency <Task(EmailOperator): send_email>, prepare_email already registered for DAG: example_dag_decorator
[2024-08-28T10:14:24.743+0200] {processor.py:753} INFO - DAG(s) dict_keys(['example_dag_decorator']) retrieved from /Users/roselina/opt/anaconda3/envs/python37/lib/python3.7/site-packages/airflow/example_dags/example_dag_decorator.py
[2024-08-28T10:14:24.781+0200] {logging_mixin.py:137} INFO - [2024-08-28T10:14:24.781+0200] {dag.py:2705} INFO - Sync 1 DAGs
[2024-08-28T10:14:24.792+0200] {logging_mixin.py:137} INFO - [2024-08-28T10:14:24.792+0200] {dag.py:3456} INFO - Setting next_dagrun for example_dag_decorator to None, run_after=None
[2024-08-28T10:14:24.803+0200] {processor.py:175} INFO - Processing /Users/roselina/opt/anaconda3/envs/python37/lib/python3.7/site-packages/airflow/example_dags/example_dag_decorator.py took 0.098 seconds
[2024-08-28T10:15:06.475+0200] {processor.py:153} INFO - Started process (PID=75260) to work on /Users/roselina/opt/anaconda3/envs/python37/lib/python3.7/site-packages/airflow/example_dags/example_dag_decorator.py
[2024-08-28T10:15:06.477+0200] {processor.py:743} INFO - Processing file /Users/roselina/opt/anaconda3/envs/python37/lib/python3.7/site-packages/airflow/example_dags/example_dag_decorator.py for tasks to queue
[2024-08-28T10:15:06.478+0200] {logging_mixin.py:137} INFO - [2024-08-28T10:15:06.478+0200] {dagbag.py:532} INFO - Filling up the DagBag from /Users/roselina/opt/anaconda3/envs/python37/lib/python3.7/site-packages/airflow/example_dags/example_dag_decorator.py
[2024-08-28T10:15:06.498+0200] {logging_mixin.py:137} INFO - [2024-08-28T10:15:06.498+0200] {taskmixin.py:211} WARNING - Dependency <Task(_PythonDecoratedOperator): prepare_email>, send_email already registered for DAG: example_dag_decorator
[2024-08-28T10:15:06.499+0200] {logging_mixin.py:137} INFO - [2024-08-28T10:15:06.498+0200] {taskmixin.py:211} WARNING - Dependency <Task(EmailOperator): send_email>, prepare_email already registered for DAG: example_dag_decorator
[2024-08-28T10:15:06.510+0200] {processor.py:753} INFO - DAG(s) dict_keys(['example_dag_decorator']) retrieved from /Users/roselina/opt/anaconda3/envs/python37/lib/python3.7/site-packages/airflow/example_dags/example_dag_decorator.py
[2024-08-28T10:15:06.543+0200] {logging_mixin.py:137} INFO - [2024-08-28T10:15:06.542+0200] {dag.py:2705} INFO - Sync 1 DAGs
[2024-08-28T10:15:06.553+0200] {logging_mixin.py:137} INFO - [2024-08-28T10:15:06.553+0200] {dag.py:3456} INFO - Setting next_dagrun for example_dag_decorator to None, run_after=None
[2024-08-28T10:15:06.564+0200] {processor.py:175} INFO - Processing /Users/roselina/opt/anaconda3/envs/python37/lib/python3.7/site-packages/airflow/example_dags/example_dag_decorator.py took 0.093 seconds
[2024-08-28T10:15:48.275+0200] {processor.py:153} INFO - Started process (PID=75304) to work on /Users/roselina/opt/anaconda3/envs/python37/lib/python3.7/site-packages/airflow/example_dags/example_dag_decorator.py
[2024-08-28T10:15:48.277+0200] {processor.py:743} INFO - Processing file /Users/roselina/opt/anaconda3/envs/python37/lib/python3.7/site-packages/airflow/example_dags/example_dag_decorator.py for tasks to queue
[2024-08-28T10:15:48.278+0200] {logging_mixin.py:137} INFO - [2024-08-28T10:15:48.278+0200] {dagbag.py:532} INFO - Filling up the DagBag from /Users/roselina/opt/anaconda3/envs/python37/lib/python3.7/site-packages/airflow/example_dags/example_dag_decorator.py
[2024-08-28T10:15:48.300+0200] {logging_mixin.py:137} INFO - [2024-08-28T10:15:48.300+0200] {taskmixin.py:211} WARNING - Dependency <Task(_PythonDecoratedOperator): prepare_email>, send_email already registered for DAG: example_dag_decorator
[2024-08-28T10:15:48.300+0200] {logging_mixin.py:137} INFO - [2024-08-28T10:15:48.300+0200] {taskmixin.py:211} WARNING - Dependency <Task(EmailOperator): send_email>, prepare_email already registered for DAG: example_dag_decorator
[2024-08-28T10:15:48.311+0200] {processor.py:753} INFO - DAG(s) dict_keys(['example_dag_decorator']) retrieved from /Users/roselina/opt/anaconda3/envs/python37/lib/python3.7/site-packages/airflow/example_dags/example_dag_decorator.py
[2024-08-28T10:15:48.343+0200] {logging_mixin.py:137} INFO - [2024-08-28T10:15:48.343+0200] {dag.py:2705} INFO - Sync 1 DAGs
[2024-08-28T10:15:48.354+0200] {logging_mixin.py:137} INFO - [2024-08-28T10:15:48.354+0200] {dag.py:3456} INFO - Setting next_dagrun for example_dag_decorator to None, run_after=None
[2024-08-28T10:15:48.364+0200] {processor.py:175} INFO - Processing /Users/roselina/opt/anaconda3/envs/python37/lib/python3.7/site-packages/airflow/example_dags/example_dag_decorator.py took 0.093 seconds
[2024-08-28T10:16:27.052+0200] {processor.py:153} INFO - Started process (PID=75349) to work on /Users/roselina/opt/anaconda3/envs/python37/lib/python3.7/site-packages/airflow/example_dags/example_dag_decorator.py
[2024-08-28T10:16:27.054+0200] {processor.py:743} INFO - Processing file /Users/roselina/opt/anaconda3/envs/python37/lib/python3.7/site-packages/airflow/example_dags/example_dag_decorator.py for tasks to queue
[2024-08-28T10:16:27.055+0200] {logging_mixin.py:137} INFO - [2024-08-28T10:16:27.055+0200] {dagbag.py:532} INFO - Filling up the DagBag from /Users/roselina/opt/anaconda3/envs/python37/lib/python3.7/site-packages/airflow/example_dags/example_dag_decorator.py
[2024-08-28T10:16:27.074+0200] {logging_mixin.py:137} INFO - [2024-08-28T10:16:27.074+0200] {taskmixin.py:211} WARNING - Dependency <Task(_PythonDecoratedOperator): prepare_email>, send_email already registered for DAG: example_dag_decorator
[2024-08-28T10:16:27.075+0200] {logging_mixin.py:137} INFO - [2024-08-28T10:16:27.075+0200] {taskmixin.py:211} WARNING - Dependency <Task(EmailOperator): send_email>, prepare_email already registered for DAG: example_dag_decorator
[2024-08-28T10:16:27.085+0200] {processor.py:753} INFO - DAG(s) dict_keys(['example_dag_decorator']) retrieved from /Users/roselina/opt/anaconda3/envs/python37/lib/python3.7/site-packages/airflow/example_dags/example_dag_decorator.py
[2024-08-28T10:16:27.120+0200] {logging_mixin.py:137} INFO - [2024-08-28T10:16:27.120+0200] {dag.py:2705} INFO - Sync 1 DAGs
[2024-08-28T10:16:27.130+0200] {logging_mixin.py:137} INFO - [2024-08-28T10:16:27.130+0200] {dag.py:3456} INFO - Setting next_dagrun for example_dag_decorator to None, run_after=None
[2024-08-28T10:16:27.140+0200] {processor.py:175} INFO - Processing /Users/roselina/opt/anaconda3/envs/python37/lib/python3.7/site-packages/airflow/example_dags/example_dag_decorator.py took 0.092 seconds
[2024-08-28T10:17:09.541+0200] {processor.py:153} INFO - Started process (PID=75394) to work on /Users/roselina/opt/anaconda3/envs/python37/lib/python3.7/site-packages/airflow/example_dags/example_dag_decorator.py
[2024-08-28T10:17:09.543+0200] {processor.py:743} INFO - Processing file /Users/roselina/opt/anaconda3/envs/python37/lib/python3.7/site-packages/airflow/example_dags/example_dag_decorator.py for tasks to queue
[2024-08-28T10:17:09.546+0200] {logging_mixin.py:137} INFO - [2024-08-28T10:17:09.545+0200] {dagbag.py:532} INFO - Filling up the DagBag from /Users/roselina/opt/anaconda3/envs/python37/lib/python3.7/site-packages/airflow/example_dags/example_dag_decorator.py
[2024-08-28T10:17:09.564+0200] {logging_mixin.py:137} INFO - [2024-08-28T10:17:09.564+0200] {taskmixin.py:211} WARNING - Dependency <Task(_PythonDecoratedOperator): prepare_email>, send_email already registered for DAG: example_dag_decorator
[2024-08-28T10:17:09.565+0200] {logging_mixin.py:137} INFO - [2024-08-28T10:17:09.565+0200] {taskmixin.py:211} WARNING - Dependency <Task(EmailOperator): send_email>, prepare_email already registered for DAG: example_dag_decorator
[2024-08-28T10:17:09.575+0200] {processor.py:753} INFO - DAG(s) dict_keys(['example_dag_decorator']) retrieved from /Users/roselina/opt/anaconda3/envs/python37/lib/python3.7/site-packages/airflow/example_dags/example_dag_decorator.py
[2024-08-28T10:17:09.608+0200] {logging_mixin.py:137} INFO - [2024-08-28T10:17:09.608+0200] {dag.py:2705} INFO - Sync 1 DAGs
[2024-08-28T10:17:09.618+0200] {logging_mixin.py:137} INFO - [2024-08-28T10:17:09.618+0200] {dag.py:3456} INFO - Setting next_dagrun for example_dag_decorator to None, run_after=None
[2024-08-28T10:17:09.628+0200] {processor.py:175} INFO - Processing /Users/roselina/opt/anaconda3/envs/python37/lib/python3.7/site-packages/airflow/example_dags/example_dag_decorator.py took 0.092 seconds
[2024-08-28T10:17:49.575+0200] {processor.py:153} INFO - Started process (PID=75455) to work on /Users/roselina/opt/anaconda3/envs/python37/lib/python3.7/site-packages/airflow/example_dags/example_dag_decorator.py
[2024-08-28T10:17:49.579+0200] {processor.py:743} INFO - Processing file /Users/roselina/opt/anaconda3/envs/python37/lib/python3.7/site-packages/airflow/example_dags/example_dag_decorator.py for tasks to queue
[2024-08-28T10:17:49.581+0200] {logging_mixin.py:137} INFO - [2024-08-28T10:17:49.580+0200] {dagbag.py:532} INFO - Filling up the DagBag from /Users/roselina/opt/anaconda3/envs/python37/lib/python3.7/site-packages/airflow/example_dags/example_dag_decorator.py
[2024-08-28T10:17:49.605+0200] {logging_mixin.py:137} INFO - [2024-08-28T10:17:49.605+0200] {taskmixin.py:211} WARNING - Dependency <Task(_PythonDecoratedOperator): prepare_email>, send_email already registered for DAG: example_dag_decorator
[2024-08-28T10:17:49.606+0200] {logging_mixin.py:137} INFO - [2024-08-28T10:17:49.606+0200] {taskmixin.py:211} WARNING - Dependency <Task(EmailOperator): send_email>, prepare_email already registered for DAG: example_dag_decorator
[2024-08-28T10:17:49.617+0200] {processor.py:753} INFO - DAG(s) dict_keys(['example_dag_decorator']) retrieved from /Users/roselina/opt/anaconda3/envs/python37/lib/python3.7/site-packages/airflow/example_dags/example_dag_decorator.py
[2024-08-28T10:17:49.653+0200] {logging_mixin.py:137} INFO - [2024-08-28T10:17:49.653+0200] {dag.py:2705} INFO - Sync 1 DAGs
[2024-08-28T10:17:49.663+0200] {logging_mixin.py:137} INFO - [2024-08-28T10:17:49.663+0200] {dag.py:3456} INFO - Setting next_dagrun for example_dag_decorator to None, run_after=None
[2024-08-28T10:17:49.673+0200] {processor.py:175} INFO - Processing /Users/roselina/opt/anaconda3/envs/python37/lib/python3.7/site-packages/airflow/example_dags/example_dag_decorator.py took 0.105 seconds
[2024-08-28T10:44:13.413+0200] {processor.py:153} INFO - Started process (PID=75547) to work on /Users/roselina/opt/anaconda3/envs/python37/lib/python3.7/site-packages/airflow/example_dags/example_dag_decorator.py
[2024-08-28T10:44:13.414+0200] {processor.py:743} INFO - Processing file /Users/roselina/opt/anaconda3/envs/python37/lib/python3.7/site-packages/airflow/example_dags/example_dag_decorator.py for tasks to queue
[2024-08-28T10:44:13.416+0200] {logging_mixin.py:137} INFO - [2024-08-28T10:44:13.415+0200] {dagbag.py:532} INFO - Filling up the DagBag from /Users/roselina/opt/anaconda3/envs/python37/lib/python3.7/site-packages/airflow/example_dags/example_dag_decorator.py
[2024-08-28T10:44:13.433+0200] {logging_mixin.py:137} INFO - [2024-08-28T10:44:13.433+0200] {taskmixin.py:211} WARNING - Dependency <Task(_PythonDecoratedOperator): prepare_email>, send_email already registered for DAG: example_dag_decorator
[2024-08-28T10:44:13.434+0200] {logging_mixin.py:137} INFO - [2024-08-28T10:44:13.433+0200] {taskmixin.py:211} WARNING - Dependency <Task(EmailOperator): send_email>, prepare_email already registered for DAG: example_dag_decorator
[2024-08-28T10:44:13.443+0200] {processor.py:753} INFO - DAG(s) dict_keys(['example_dag_decorator']) retrieved from /Users/roselina/opt/anaconda3/envs/python37/lib/python3.7/site-packages/airflow/example_dags/example_dag_decorator.py
[2024-08-28T10:44:13.477+0200] {logging_mixin.py:137} INFO - [2024-08-28T10:44:13.477+0200] {dag.py:2705} INFO - Sync 1 DAGs
[2024-08-28T10:44:13.488+0200] {logging_mixin.py:137} INFO - [2024-08-28T10:44:13.488+0200] {dag.py:3456} INFO - Setting next_dagrun for example_dag_decorator to None, run_after=None
[2024-08-28T10:44:13.499+0200] {processor.py:175} INFO - Processing /Users/roselina/opt/anaconda3/envs/python37/lib/python3.7/site-packages/airflow/example_dags/example_dag_decorator.py took 0.090 seconds
[2024-08-28T10:44:56.123+0200] {processor.py:153} INFO - Started process (PID=75609) to work on /Users/roselina/opt/anaconda3/envs/python37/lib/python3.7/site-packages/airflow/example_dags/example_dag_decorator.py
[2024-08-28T10:44:56.124+0200] {processor.py:743} INFO - Processing file /Users/roselina/opt/anaconda3/envs/python37/lib/python3.7/site-packages/airflow/example_dags/example_dag_decorator.py for tasks to queue
[2024-08-28T10:44:56.126+0200] {logging_mixin.py:137} INFO - [2024-08-28T10:44:56.125+0200] {dagbag.py:532} INFO - Filling up the DagBag from /Users/roselina/opt/anaconda3/envs/python37/lib/python3.7/site-packages/airflow/example_dags/example_dag_decorator.py
[2024-08-28T10:44:56.147+0200] {logging_mixin.py:137} INFO - [2024-08-28T10:44:56.147+0200] {taskmixin.py:211} WARNING - Dependency <Task(_PythonDecoratedOperator): prepare_email>, send_email already registered for DAG: example_dag_decorator
[2024-08-28T10:44:56.148+0200] {logging_mixin.py:137} INFO - [2024-08-28T10:44:56.147+0200] {taskmixin.py:211} WARNING - Dependency <Task(EmailOperator): send_email>, prepare_email already registered for DAG: example_dag_decorator
[2024-08-28T10:44:56.160+0200] {processor.py:753} INFO - DAG(s) dict_keys(['example_dag_decorator']) retrieved from /Users/roselina/opt/anaconda3/envs/python37/lib/python3.7/site-packages/airflow/example_dags/example_dag_decorator.py
[2024-08-28T10:44:56.197+0200] {logging_mixin.py:137} INFO - [2024-08-28T10:44:56.196+0200] {dag.py:2705} INFO - Sync 1 DAGs
[2024-08-28T10:44:56.208+0200] {logging_mixin.py:137} INFO - [2024-08-28T10:44:56.208+0200] {dag.py:3456} INFO - Setting next_dagrun for example_dag_decorator to None, run_after=None
[2024-08-28T10:44:56.218+0200] {processor.py:175} INFO - Processing /Users/roselina/opt/anaconda3/envs/python37/lib/python3.7/site-packages/airflow/example_dags/example_dag_decorator.py took 0.100 seconds
[2024-08-28T10:45:37.586+0200] {processor.py:153} INFO - Started process (PID=75656) to work on /Users/roselina/opt/anaconda3/envs/python37/lib/python3.7/site-packages/airflow/example_dags/example_dag_decorator.py
[2024-08-28T10:45:37.588+0200] {processor.py:743} INFO - Processing file /Users/roselina/opt/anaconda3/envs/python37/lib/python3.7/site-packages/airflow/example_dags/example_dag_decorator.py for tasks to queue
[2024-08-28T10:45:37.592+0200] {logging_mixin.py:137} INFO - [2024-08-28T10:45:37.591+0200] {dagbag.py:532} INFO - Filling up the DagBag from /Users/roselina/opt/anaconda3/envs/python37/lib/python3.7/site-packages/airflow/example_dags/example_dag_decorator.py
[2024-08-28T10:45:37.614+0200] {logging_mixin.py:137} INFO - [2024-08-28T10:45:37.614+0200] {taskmixin.py:211} WARNING - Dependency <Task(_PythonDecoratedOperator): prepare_email>, send_email already registered for DAG: example_dag_decorator
[2024-08-28T10:45:37.615+0200] {logging_mixin.py:137} INFO - [2024-08-28T10:45:37.614+0200] {taskmixin.py:211} WARNING - Dependency <Task(EmailOperator): send_email>, prepare_email already registered for DAG: example_dag_decorator
[2024-08-28T10:45:37.625+0200] {processor.py:753} INFO - DAG(s) dict_keys(['example_dag_decorator']) retrieved from /Users/roselina/opt/anaconda3/envs/python37/lib/python3.7/site-packages/airflow/example_dags/example_dag_decorator.py
[2024-08-28T10:45:37.660+0200] {logging_mixin.py:137} INFO - [2024-08-28T10:45:37.660+0200] {dag.py:2705} INFO - Sync 1 DAGs
[2024-08-28T10:45:37.670+0200] {logging_mixin.py:137} INFO - [2024-08-28T10:45:37.670+0200] {dag.py:3456} INFO - Setting next_dagrun for example_dag_decorator to None, run_after=None
[2024-08-28T10:45:37.679+0200] {processor.py:175} INFO - Processing /Users/roselina/opt/anaconda3/envs/python37/lib/python3.7/site-packages/airflow/example_dags/example_dag_decorator.py took 0.098 seconds
[2024-08-28T10:46:17.574+0200] {processor.py:153} INFO - Started process (PID=75701) to work on /Users/roselina/opt/anaconda3/envs/python37/lib/python3.7/site-packages/airflow/example_dags/example_dag_decorator.py
[2024-08-28T10:46:17.576+0200] {processor.py:743} INFO - Processing file /Users/roselina/opt/anaconda3/envs/python37/lib/python3.7/site-packages/airflow/example_dags/example_dag_decorator.py for tasks to queue
[2024-08-28T10:46:17.577+0200] {logging_mixin.py:137} INFO - [2024-08-28T10:46:17.577+0200] {dagbag.py:532} INFO - Filling up the DagBag from /Users/roselina/opt/anaconda3/envs/python37/lib/python3.7/site-packages/airflow/example_dags/example_dag_decorator.py
[2024-08-28T10:46:17.596+0200] {logging_mixin.py:137} INFO - [2024-08-28T10:46:17.596+0200] {taskmixin.py:211} WARNING - Dependency <Task(_PythonDecoratedOperator): prepare_email>, send_email already registered for DAG: example_dag_decorator
[2024-08-28T10:46:17.597+0200] {logging_mixin.py:137} INFO - [2024-08-28T10:46:17.597+0200] {taskmixin.py:211} WARNING - Dependency <Task(EmailOperator): send_email>, prepare_email already registered for DAG: example_dag_decorator
[2024-08-28T10:46:17.608+0200] {processor.py:753} INFO - DAG(s) dict_keys(['example_dag_decorator']) retrieved from /Users/roselina/opt/anaconda3/envs/python37/lib/python3.7/site-packages/airflow/example_dags/example_dag_decorator.py
[2024-08-28T10:46:17.641+0200] {logging_mixin.py:137} INFO - [2024-08-28T10:46:17.641+0200] {dag.py:2705} INFO - Sync 1 DAGs
[2024-08-28T10:46:17.652+0200] {logging_mixin.py:137} INFO - [2024-08-28T10:46:17.652+0200] {dag.py:3456} INFO - Setting next_dagrun for example_dag_decorator to None, run_after=None
[2024-08-28T10:46:17.662+0200] {processor.py:175} INFO - Processing /Users/roselina/opt/anaconda3/envs/python37/lib/python3.7/site-packages/airflow/example_dags/example_dag_decorator.py took 0.092 seconds
[2024-08-28T10:46:59.186+0200] {processor.py:153} INFO - Started process (PID=75755) to work on /Users/roselina/opt/anaconda3/envs/python37/lib/python3.7/site-packages/airflow/example_dags/example_dag_decorator.py
[2024-08-28T10:46:59.188+0200] {processor.py:743} INFO - Processing file /Users/roselina/opt/anaconda3/envs/python37/lib/python3.7/site-packages/airflow/example_dags/example_dag_decorator.py for tasks to queue
[2024-08-28T10:46:59.190+0200] {logging_mixin.py:137} INFO - [2024-08-28T10:46:59.189+0200] {dagbag.py:532} INFO - Filling up the DagBag from /Users/roselina/opt/anaconda3/envs/python37/lib/python3.7/site-packages/airflow/example_dags/example_dag_decorator.py
[2024-08-28T10:46:59.210+0200] {logging_mixin.py:137} INFO - [2024-08-28T10:46:59.209+0200] {taskmixin.py:211} WARNING - Dependency <Task(_PythonDecoratedOperator): prepare_email>, send_email already registered for DAG: example_dag_decorator
[2024-08-28T10:46:59.210+0200] {logging_mixin.py:137} INFO - [2024-08-28T10:46:59.210+0200] {taskmixin.py:211} WARNING - Dependency <Task(EmailOperator): send_email>, prepare_email already registered for DAG: example_dag_decorator
[2024-08-28T10:46:59.222+0200] {processor.py:753} INFO - DAG(s) dict_keys(['example_dag_decorator']) retrieved from /Users/roselina/opt/anaconda3/envs/python37/lib/python3.7/site-packages/airflow/example_dags/example_dag_decorator.py
[2024-08-28T10:46:59.255+0200] {logging_mixin.py:137} INFO - [2024-08-28T10:46:59.255+0200] {dag.py:2705} INFO - Sync 1 DAGs
[2024-08-28T10:46:59.265+0200] {logging_mixin.py:137} INFO - [2024-08-28T10:46:59.265+0200] {dag.py:3456} INFO - Setting next_dagrun for example_dag_decorator to None, run_after=None
[2024-08-28T10:46:59.275+0200] {processor.py:175} INFO - Processing /Users/roselina/opt/anaconda3/envs/python37/lib/python3.7/site-packages/airflow/example_dags/example_dag_decorator.py took 0.093 seconds
[2024-08-28T10:47:41.280+0200] {processor.py:153} INFO - Started process (PID=75803) to work on /Users/roselina/opt/anaconda3/envs/python37/lib/python3.7/site-packages/airflow/example_dags/example_dag_decorator.py
[2024-08-28T10:47:41.281+0200] {processor.py:743} INFO - Processing file /Users/roselina/opt/anaconda3/envs/python37/lib/python3.7/site-packages/airflow/example_dags/example_dag_decorator.py for tasks to queue
[2024-08-28T10:47:41.283+0200] {logging_mixin.py:137} INFO - [2024-08-28T10:47:41.282+0200] {dagbag.py:532} INFO - Filling up the DagBag from /Users/roselina/opt/anaconda3/envs/python37/lib/python3.7/site-packages/airflow/example_dags/example_dag_decorator.py
[2024-08-28T10:47:41.303+0200] {logging_mixin.py:137} INFO - [2024-08-28T10:47:41.303+0200] {taskmixin.py:211} WARNING - Dependency <Task(_PythonDecoratedOperator): prepare_email>, send_email already registered for DAG: example_dag_decorator
[2024-08-28T10:47:41.304+0200] {logging_mixin.py:137} INFO - [2024-08-28T10:47:41.303+0200] {taskmixin.py:211} WARNING - Dependency <Task(EmailOperator): send_email>, prepare_email already registered for DAG: example_dag_decorator
[2024-08-28T10:47:41.316+0200] {processor.py:753} INFO - DAG(s) dict_keys(['example_dag_decorator']) retrieved from /Users/roselina/opt/anaconda3/envs/python37/lib/python3.7/site-packages/airflow/example_dags/example_dag_decorator.py
[2024-08-28T10:47:41.349+0200] {logging_mixin.py:137} INFO - [2024-08-28T10:47:41.348+0200] {dag.py:2705} INFO - Sync 1 DAGs
[2024-08-28T10:47:41.359+0200] {logging_mixin.py:137} INFO - [2024-08-28T10:47:41.359+0200] {dag.py:3456} INFO - Setting next_dagrun for example_dag_decorator to None, run_after=None
[2024-08-28T10:47:41.370+0200] {processor.py:175} INFO - Processing /Users/roselina/opt/anaconda3/envs/python37/lib/python3.7/site-packages/airflow/example_dags/example_dag_decorator.py took 0.096 seconds
[2024-08-28T10:48:21.929+0200] {processor.py:153} INFO - Started process (PID=75869) to work on /Users/roselina/opt/anaconda3/envs/python37/lib/python3.7/site-packages/airflow/example_dags/example_dag_decorator.py
[2024-08-28T10:48:21.931+0200] {processor.py:743} INFO - Processing file /Users/roselina/opt/anaconda3/envs/python37/lib/python3.7/site-packages/airflow/example_dags/example_dag_decorator.py for tasks to queue
[2024-08-28T10:48:21.932+0200] {logging_mixin.py:137} INFO - [2024-08-28T10:48:21.932+0200] {dagbag.py:532} INFO - Filling up the DagBag from /Users/roselina/opt/anaconda3/envs/python37/lib/python3.7/site-packages/airflow/example_dags/example_dag_decorator.py
[2024-08-28T10:48:21.950+0200] {logging_mixin.py:137} INFO - [2024-08-28T10:48:21.950+0200] {taskmixin.py:211} WARNING - Dependency <Task(_PythonDecoratedOperator): prepare_email>, send_email already registered for DAG: example_dag_decorator
[2024-08-28T10:48:21.951+0200] {logging_mixin.py:137} INFO - [2024-08-28T10:48:21.951+0200] {taskmixin.py:211} WARNING - Dependency <Task(EmailOperator): send_email>, prepare_email already registered for DAG: example_dag_decorator
[2024-08-28T10:48:21.961+0200] {processor.py:753} INFO - DAG(s) dict_keys(['example_dag_decorator']) retrieved from /Users/roselina/opt/anaconda3/envs/python37/lib/python3.7/site-packages/airflow/example_dags/example_dag_decorator.py
[2024-08-28T10:48:22.007+0200] {logging_mixin.py:137} INFO - [2024-08-28T10:48:22.007+0200] {dag.py:2705} INFO - Sync 1 DAGs
[2024-08-28T10:48:22.018+0200] {logging_mixin.py:137} INFO - [2024-08-28T10:48:22.018+0200] {dag.py:3456} INFO - Setting next_dagrun for example_dag_decorator to None, run_after=None
[2024-08-28T10:48:22.029+0200] {processor.py:175} INFO - Processing /Users/roselina/opt/anaconda3/envs/python37/lib/python3.7/site-packages/airflow/example_dags/example_dag_decorator.py took 0.104 seconds
[2024-08-28T10:49:03.141+0200] {processor.py:153} INFO - Started process (PID=75924) to work on /Users/roselina/opt/anaconda3/envs/python37/lib/python3.7/site-packages/airflow/example_dags/example_dag_decorator.py
[2024-08-28T10:49:03.143+0200] {processor.py:743} INFO - Processing file /Users/roselina/opt/anaconda3/envs/python37/lib/python3.7/site-packages/airflow/example_dags/example_dag_decorator.py for tasks to queue
[2024-08-28T10:49:03.145+0200] {logging_mixin.py:137} INFO - [2024-08-28T10:49:03.144+0200] {dagbag.py:532} INFO - Filling up the DagBag from /Users/roselina/opt/anaconda3/envs/python37/lib/python3.7/site-packages/airflow/example_dags/example_dag_decorator.py
[2024-08-28T10:49:03.166+0200] {logging_mixin.py:137} INFO - [2024-08-28T10:49:03.166+0200] {taskmixin.py:211} WARNING - Dependency <Task(_PythonDecoratedOperator): prepare_email>, send_email already registered for DAG: example_dag_decorator
[2024-08-28T10:49:03.167+0200] {logging_mixin.py:137} INFO - [2024-08-28T10:49:03.167+0200] {taskmixin.py:211} WARNING - Dependency <Task(EmailOperator): send_email>, prepare_email already registered for DAG: example_dag_decorator
[2024-08-28T10:49:03.189+0200] {processor.py:753} INFO - DAG(s) dict_keys(['example_dag_decorator']) retrieved from /Users/roselina/opt/anaconda3/envs/python37/lib/python3.7/site-packages/airflow/example_dags/example_dag_decorator.py
[2024-08-28T10:49:03.231+0200] {logging_mixin.py:137} INFO - [2024-08-28T10:49:03.230+0200] {dag.py:2705} INFO - Sync 1 DAGs
[2024-08-28T10:49:03.241+0200] {logging_mixin.py:137} INFO - [2024-08-28T10:49:03.241+0200] {dag.py:3456} INFO - Setting next_dagrun for example_dag_decorator to None, run_after=None
[2024-08-28T10:49:03.252+0200] {processor.py:175} INFO - Processing /Users/roselina/opt/anaconda3/envs/python37/lib/python3.7/site-packages/airflow/example_dags/example_dag_decorator.py took 0.114 seconds
[2024-08-28T10:49:45.326+0200] {processor.py:153} INFO - Started process (PID=75969) to work on /Users/roselina/opt/anaconda3/envs/python37/lib/python3.7/site-packages/airflow/example_dags/example_dag_decorator.py
[2024-08-28T10:49:45.331+0200] {processor.py:743} INFO - Processing file /Users/roselina/opt/anaconda3/envs/python37/lib/python3.7/site-packages/airflow/example_dags/example_dag_decorator.py for tasks to queue
[2024-08-28T10:49:45.332+0200] {logging_mixin.py:137} INFO - [2024-08-28T10:49:45.332+0200] {dagbag.py:532} INFO - Filling up the DagBag from /Users/roselina/opt/anaconda3/envs/python37/lib/python3.7/site-packages/airflow/example_dags/example_dag_decorator.py
[2024-08-28T10:49:45.366+0200] {logging_mixin.py:137} INFO - [2024-08-28T10:49:45.365+0200] {taskmixin.py:211} WARNING - Dependency <Task(_PythonDecoratedOperator): prepare_email>, send_email already registered for DAG: example_dag_decorator
[2024-08-28T10:49:45.366+0200] {logging_mixin.py:137} INFO - [2024-08-28T10:49:45.366+0200] {taskmixin.py:211} WARNING - Dependency <Task(EmailOperator): send_email>, prepare_email already registered for DAG: example_dag_decorator
[2024-08-28T10:49:45.382+0200] {processor.py:753} INFO - DAG(s) dict_keys(['example_dag_decorator']) retrieved from /Users/roselina/opt/anaconda3/envs/python37/lib/python3.7/site-packages/airflow/example_dags/example_dag_decorator.py
[2024-08-28T10:49:45.421+0200] {logging_mixin.py:137} INFO - [2024-08-28T10:49:45.421+0200] {dag.py:2705} INFO - Sync 1 DAGs
[2024-08-28T10:49:45.432+0200] {logging_mixin.py:137} INFO - [2024-08-28T10:49:45.432+0200] {dag.py:3456} INFO - Setting next_dagrun for example_dag_decorator to None, run_after=None
[2024-08-28T10:49:45.442+0200] {processor.py:175} INFO - Processing /Users/roselina/opt/anaconda3/envs/python37/lib/python3.7/site-packages/airflow/example_dags/example_dag_decorator.py took 0.120 seconds
[2024-08-28T10:50:26.071+0200] {processor.py:153} INFO - Started process (PID=76014) to work on /Users/roselina/opt/anaconda3/envs/python37/lib/python3.7/site-packages/airflow/example_dags/example_dag_decorator.py
[2024-08-28T10:50:26.073+0200] {processor.py:743} INFO - Processing file /Users/roselina/opt/anaconda3/envs/python37/lib/python3.7/site-packages/airflow/example_dags/example_dag_decorator.py for tasks to queue
[2024-08-28T10:50:26.074+0200] {logging_mixin.py:137} INFO - [2024-08-28T10:50:26.074+0200] {dagbag.py:532} INFO - Filling up the DagBag from /Users/roselina/opt/anaconda3/envs/python37/lib/python3.7/site-packages/airflow/example_dags/example_dag_decorator.py
[2024-08-28T10:50:26.094+0200] {logging_mixin.py:137} INFO - [2024-08-28T10:50:26.093+0200] {taskmixin.py:211} WARNING - Dependency <Task(_PythonDecoratedOperator): prepare_email>, send_email already registered for DAG: example_dag_decorator
[2024-08-28T10:50:26.094+0200] {logging_mixin.py:137} INFO - [2024-08-28T10:50:26.094+0200] {taskmixin.py:211} WARNING - Dependency <Task(EmailOperator): send_email>, prepare_email already registered for DAG: example_dag_decorator
[2024-08-28T10:50:26.104+0200] {processor.py:753} INFO - DAG(s) dict_keys(['example_dag_decorator']) retrieved from /Users/roselina/opt/anaconda3/envs/python37/lib/python3.7/site-packages/airflow/example_dags/example_dag_decorator.py
[2024-08-28T10:50:26.139+0200] {logging_mixin.py:137} INFO - [2024-08-28T10:50:26.138+0200] {dag.py:2705} INFO - Sync 1 DAGs
[2024-08-28T10:50:26.149+0200] {logging_mixin.py:137} INFO - [2024-08-28T10:50:26.149+0200] {dag.py:3456} INFO - Setting next_dagrun for example_dag_decorator to None, run_after=None
[2024-08-28T10:50:26.159+0200] {processor.py:175} INFO - Processing /Users/roselina/opt/anaconda3/envs/python37/lib/python3.7/site-packages/airflow/example_dags/example_dag_decorator.py took 0.092 seconds
[2024-08-28T10:51:06.869+0200] {processor.py:153} INFO - Started process (PID=76068) to work on /Users/roselina/opt/anaconda3/envs/python37/lib/python3.7/site-packages/airflow/example_dags/example_dag_decorator.py
[2024-08-28T10:51:06.870+0200] {processor.py:743} INFO - Processing file /Users/roselina/opt/anaconda3/envs/python37/lib/python3.7/site-packages/airflow/example_dags/example_dag_decorator.py for tasks to queue
[2024-08-28T10:51:06.871+0200] {logging_mixin.py:137} INFO - [2024-08-28T10:51:06.871+0200] {dagbag.py:532} INFO - Filling up the DagBag from /Users/roselina/opt/anaconda3/envs/python37/lib/python3.7/site-packages/airflow/example_dags/example_dag_decorator.py
[2024-08-28T10:51:06.883+0200] {logging_mixin.py:137} INFO - [2024-08-28T10:51:06.883+0200] {taskmixin.py:211} WARNING - Dependency <Task(_PythonDecoratedOperator): prepare_email>, send_email already registered for DAG: example_dag_decorator
[2024-08-28T10:51:06.883+0200] {logging_mixin.py:137} INFO - [2024-08-28T10:51:06.883+0200] {taskmixin.py:211} WARNING - Dependency <Task(EmailOperator): send_email>, prepare_email already registered for DAG: example_dag_decorator
[2024-08-28T10:51:06.893+0200] {processor.py:753} INFO - DAG(s) dict_keys(['example_dag_decorator']) retrieved from /Users/roselina/opt/anaconda3/envs/python37/lib/python3.7/site-packages/airflow/example_dags/example_dag_decorator.py
[2024-08-28T10:51:06.929+0200] {logging_mixin.py:137} INFO - [2024-08-28T10:51:06.929+0200] {dag.py:2705} INFO - Sync 1 DAGs
[2024-08-28T10:51:06.940+0200] {logging_mixin.py:137} INFO - [2024-08-28T10:51:06.940+0200] {dag.py:3456} INFO - Setting next_dagrun for example_dag_decorator to None, run_after=None
[2024-08-28T10:51:06.953+0200] {processor.py:175} INFO - Processing /Users/roselina/opt/anaconda3/envs/python37/lib/python3.7/site-packages/airflow/example_dags/example_dag_decorator.py took 0.086 seconds
[2024-08-28T10:51:49.480+0200] {processor.py:153} INFO - Started process (PID=76120) to work on /Users/roselina/opt/anaconda3/envs/python37/lib/python3.7/site-packages/airflow/example_dags/example_dag_decorator.py
[2024-08-28T10:51:49.482+0200] {processor.py:743} INFO - Processing file /Users/roselina/opt/anaconda3/envs/python37/lib/python3.7/site-packages/airflow/example_dags/example_dag_decorator.py for tasks to queue
[2024-08-28T10:51:49.483+0200] {logging_mixin.py:137} INFO - [2024-08-28T10:51:49.483+0200] {dagbag.py:532} INFO - Filling up the DagBag from /Users/roselina/opt/anaconda3/envs/python37/lib/python3.7/site-packages/airflow/example_dags/example_dag_decorator.py
[2024-08-28T10:51:49.507+0200] {logging_mixin.py:137} INFO - [2024-08-28T10:51:49.507+0200] {taskmixin.py:211} WARNING - Dependency <Task(_PythonDecoratedOperator): prepare_email>, send_email already registered for DAG: example_dag_decorator
[2024-08-28T10:51:49.508+0200] {logging_mixin.py:137} INFO - [2024-08-28T10:51:49.507+0200] {taskmixin.py:211} WARNING - Dependency <Task(EmailOperator): send_email>, prepare_email already registered for DAG: example_dag_decorator
[2024-08-28T10:51:49.518+0200] {processor.py:753} INFO - DAG(s) dict_keys(['example_dag_decorator']) retrieved from /Users/roselina/opt/anaconda3/envs/python37/lib/python3.7/site-packages/airflow/example_dags/example_dag_decorator.py
[2024-08-28T10:51:49.554+0200] {logging_mixin.py:137} INFO - [2024-08-28T10:51:49.553+0200] {dag.py:2705} INFO - Sync 1 DAGs
[2024-08-28T10:51:49.566+0200] {logging_mixin.py:137} INFO - [2024-08-28T10:51:49.566+0200] {dag.py:3456} INFO - Setting next_dagrun for example_dag_decorator to None, run_after=None
[2024-08-28T10:51:49.576+0200] {processor.py:175} INFO - Processing /Users/roselina/opt/anaconda3/envs/python37/lib/python3.7/site-packages/airflow/example_dags/example_dag_decorator.py took 0.101 seconds
[2024-08-28T10:52:29.443+0200] {processor.py:153} INFO - Started process (PID=76175) to work on /Users/roselina/opt/anaconda3/envs/python37/lib/python3.7/site-packages/airflow/example_dags/example_dag_decorator.py
[2024-08-28T10:52:29.445+0200] {processor.py:743} INFO - Processing file /Users/roselina/opt/anaconda3/envs/python37/lib/python3.7/site-packages/airflow/example_dags/example_dag_decorator.py for tasks to queue
[2024-08-28T10:52:29.446+0200] {logging_mixin.py:137} INFO - [2024-08-28T10:52:29.446+0200] {dagbag.py:532} INFO - Filling up the DagBag from /Users/roselina/opt/anaconda3/envs/python37/lib/python3.7/site-packages/airflow/example_dags/example_dag_decorator.py
[2024-08-28T10:52:29.466+0200] {logging_mixin.py:137} INFO - [2024-08-28T10:52:29.466+0200] {taskmixin.py:211} WARNING - Dependency <Task(_PythonDecoratedOperator): prepare_email>, send_email already registered for DAG: example_dag_decorator
[2024-08-28T10:52:29.467+0200] {logging_mixin.py:137} INFO - [2024-08-28T10:52:29.466+0200] {taskmixin.py:211} WARNING - Dependency <Task(EmailOperator): send_email>, prepare_email already registered for DAG: example_dag_decorator
[2024-08-28T10:52:29.477+0200] {processor.py:753} INFO - DAG(s) dict_keys(['example_dag_decorator']) retrieved from /Users/roselina/opt/anaconda3/envs/python37/lib/python3.7/site-packages/airflow/example_dags/example_dag_decorator.py
[2024-08-28T10:52:29.511+0200] {logging_mixin.py:137} INFO - [2024-08-28T10:52:29.511+0200] {dag.py:2705} INFO - Sync 1 DAGs
[2024-08-28T10:52:29.522+0200] {logging_mixin.py:137} INFO - [2024-08-28T10:52:29.522+0200] {dag.py:3456} INFO - Setting next_dagrun for example_dag_decorator to None, run_after=None
[2024-08-28T10:52:29.532+0200] {processor.py:175} INFO - Processing /Users/roselina/opt/anaconda3/envs/python37/lib/python3.7/site-packages/airflow/example_dags/example_dag_decorator.py took 0.094 seconds
[2024-08-28T10:53:12.128+0200] {processor.py:153} INFO - Started process (PID=76221) to work on /Users/roselina/opt/anaconda3/envs/python37/lib/python3.7/site-packages/airflow/example_dags/example_dag_decorator.py
[2024-08-28T10:53:12.134+0200] {processor.py:743} INFO - Processing file /Users/roselina/opt/anaconda3/envs/python37/lib/python3.7/site-packages/airflow/example_dags/example_dag_decorator.py for tasks to queue
[2024-08-28T10:53:12.135+0200] {logging_mixin.py:137} INFO - [2024-08-28T10:53:12.134+0200] {dagbag.py:532} INFO - Filling up the DagBag from /Users/roselina/opt/anaconda3/envs/python37/lib/python3.7/site-packages/airflow/example_dags/example_dag_decorator.py
[2024-08-28T10:53:12.153+0200] {logging_mixin.py:137} INFO - [2024-08-28T10:53:12.153+0200] {taskmixin.py:211} WARNING - Dependency <Task(_PythonDecoratedOperator): prepare_email>, send_email already registered for DAG: example_dag_decorator
[2024-08-28T10:53:12.154+0200] {logging_mixin.py:137} INFO - [2024-08-28T10:53:12.154+0200] {taskmixin.py:211} WARNING - Dependency <Task(EmailOperator): send_email>, prepare_email already registered for DAG: example_dag_decorator
[2024-08-28T10:53:12.167+0200] {processor.py:753} INFO - DAG(s) dict_keys(['example_dag_decorator']) retrieved from /Users/roselina/opt/anaconda3/envs/python37/lib/python3.7/site-packages/airflow/example_dags/example_dag_decorator.py
[2024-08-28T10:53:12.201+0200] {logging_mixin.py:137} INFO - [2024-08-28T10:53:12.200+0200] {dag.py:2705} INFO - Sync 1 DAGs
[2024-08-28T10:53:12.211+0200] {logging_mixin.py:137} INFO - [2024-08-28T10:53:12.211+0200] {dag.py:3456} INFO - Setting next_dagrun for example_dag_decorator to None, run_after=None
[2024-08-28T10:53:12.221+0200] {processor.py:175} INFO - Processing /Users/roselina/opt/anaconda3/envs/python37/lib/python3.7/site-packages/airflow/example_dags/example_dag_decorator.py took 0.098 seconds
