[2024-08-28T10:11:34.900+0200] {processor.py:153} INFO - Started process (PID=74951) to work on /Users/roselina/opt/anaconda3/envs/python37/lib/python3.7/site-packages/airflow/example_dags/example_dynamic_task_mapping.py
[2024-08-28T10:11:34.902+0200] {processor.py:743} INFO - Processing file /Users/roselina/opt/anaconda3/envs/python37/lib/python3.7/site-packages/airflow/example_dags/example_dynamic_task_mapping.py for tasks to queue
[2024-08-28T10:11:34.903+0200] {logging_mixin.py:137} INFO - [2024-08-28T10:11:34.902+0200] {dagbag.py:532} INFO - Filling up the DagBag from /Users/roselina/opt/anaconda3/envs/python37/lib/python3.7/site-packages/airflow/example_dags/example_dynamic_task_mapping.py
[2024-08-28T10:11:34.923+0200] {processor.py:753} INFO - DAG(s) dict_keys(['example_dynamic_task_mapping']) retrieved from /Users/roselina/opt/anaconda3/envs/python37/lib/python3.7/site-packages/airflow/example_dags/example_dynamic_task_mapping.py
[2024-08-28T10:11:34.986+0200] {logging_mixin.py:137} INFO - [2024-08-28T10:11:34.986+0200] {manager.py:504} INFO - Created Permission View: can read on DAG:example_dynamic_task_mapping
[2024-08-28T10:11:34.991+0200] {logging_mixin.py:137} INFO - [2024-08-28T10:11:34.990+0200] {manager.py:504} INFO - Created Permission View: can delete on DAG:example_dynamic_task_mapping
[2024-08-28T10:11:34.994+0200] {logging_mixin.py:137} INFO - [2024-08-28T10:11:34.994+0200] {manager.py:504} INFO - Created Permission View: can edit on DAG:example_dynamic_task_mapping
[2024-08-28T10:11:34.995+0200] {logging_mixin.py:137} INFO - [2024-08-28T10:11:34.994+0200] {dag.py:2705} INFO - Sync 1 DAGs
[2024-08-28T10:11:35.001+0200] {logging_mixin.py:137} INFO - [2024-08-28T10:11:35.001+0200] {dag.py:2726} INFO - Creating ORM DAG for example_dynamic_task_mapping
[2024-08-28T10:11:35.007+0200] {logging_mixin.py:137} INFO - [2024-08-28T10:11:35.007+0200] {dag.py:3456} INFO - Setting next_dagrun for example_dynamic_task_mapping to 2022-03-04T00:00:00+00:00, run_after=2022-03-05T00:00:00+00:00
[2024-08-28T10:11:35.017+0200] {processor.py:175} INFO - Processing /Users/roselina/opt/anaconda3/envs/python37/lib/python3.7/site-packages/airflow/example_dags/example_dynamic_task_mapping.py took 0.120 seconds
[2024-08-28T10:12:16.257+0200] {processor.py:153} INFO - Started process (PID=75013) to work on /Users/roselina/opt/anaconda3/envs/python37/lib/python3.7/site-packages/airflow/example_dags/example_dynamic_task_mapping.py
[2024-08-28T10:12:16.259+0200] {processor.py:743} INFO - Processing file /Users/roselina/opt/anaconda3/envs/python37/lib/python3.7/site-packages/airflow/example_dags/example_dynamic_task_mapping.py for tasks to queue
[2024-08-28T10:12:16.261+0200] {logging_mixin.py:137} INFO - [2024-08-28T10:12:16.260+0200] {dagbag.py:532} INFO - Filling up the DagBag from /Users/roselina/opt/anaconda3/envs/python37/lib/python3.7/site-packages/airflow/example_dags/example_dynamic_task_mapping.py
[2024-08-28T10:12:16.285+0200] {processor.py:753} INFO - DAG(s) dict_keys(['example_dynamic_task_mapping']) retrieved from /Users/roselina/opt/anaconda3/envs/python37/lib/python3.7/site-packages/airflow/example_dags/example_dynamic_task_mapping.py
[2024-08-28T10:12:16.303+0200] {logging_mixin.py:137} INFO - [2024-08-28T10:12:16.302+0200] {dag.py:2705} INFO - Sync 1 DAGs
[2024-08-28T10:12:16.314+0200] {logging_mixin.py:137} INFO - [2024-08-28T10:12:16.314+0200] {dag.py:3456} INFO - Setting next_dagrun for example_dynamic_task_mapping to 2022-03-04T00:00:00+00:00, run_after=2022-03-05T00:00:00+00:00
[2024-08-28T10:12:16.324+0200] {processor.py:175} INFO - Processing /Users/roselina/opt/anaconda3/envs/python37/lib/python3.7/site-packages/airflow/example_dags/example_dynamic_task_mapping.py took 0.071 seconds
[2024-08-28T10:12:58.713+0200] {processor.py:153} INFO - Started process (PID=75088) to work on /Users/roselina/opt/anaconda3/envs/python37/lib/python3.7/site-packages/airflow/example_dags/example_dynamic_task_mapping.py
[2024-08-28T10:12:58.715+0200] {processor.py:743} INFO - Processing file /Users/roselina/opt/anaconda3/envs/python37/lib/python3.7/site-packages/airflow/example_dags/example_dynamic_task_mapping.py for tasks to queue
[2024-08-28T10:12:58.716+0200] {logging_mixin.py:137} INFO - [2024-08-28T10:12:58.716+0200] {dagbag.py:532} INFO - Filling up the DagBag from /Users/roselina/opt/anaconda3/envs/python37/lib/python3.7/site-packages/airflow/example_dags/example_dynamic_task_mapping.py
[2024-08-28T10:12:58.748+0200] {processor.py:753} INFO - DAG(s) dict_keys(['example_dynamic_task_mapping']) retrieved from /Users/roselina/opt/anaconda3/envs/python37/lib/python3.7/site-packages/airflow/example_dags/example_dynamic_task_mapping.py
[2024-08-28T10:12:58.763+0200] {logging_mixin.py:137} INFO - [2024-08-28T10:12:58.762+0200] {dag.py:2705} INFO - Sync 1 DAGs
[2024-08-28T10:12:58.775+0200] {logging_mixin.py:137} INFO - [2024-08-28T10:12:58.775+0200] {dag.py:3456} INFO - Setting next_dagrun for example_dynamic_task_mapping to 2022-03-04T00:00:00+00:00, run_after=2022-03-05T00:00:00+00:00
[2024-08-28T10:12:58.786+0200] {processor.py:175} INFO - Processing /Users/roselina/opt/anaconda3/envs/python37/lib/python3.7/site-packages/airflow/example_dags/example_dynamic_task_mapping.py took 0.077 seconds
[2024-08-28T10:13:39.948+0200] {processor.py:153} INFO - Started process (PID=75132) to work on /Users/roselina/opt/anaconda3/envs/python37/lib/python3.7/site-packages/airflow/example_dags/example_dynamic_task_mapping.py
[2024-08-28T10:13:39.950+0200] {processor.py:743} INFO - Processing file /Users/roselina/opt/anaconda3/envs/python37/lib/python3.7/site-packages/airflow/example_dags/example_dynamic_task_mapping.py for tasks to queue
[2024-08-28T10:13:39.952+0200] {logging_mixin.py:137} INFO - [2024-08-28T10:13:39.951+0200] {dagbag.py:532} INFO - Filling up the DagBag from /Users/roselina/opt/anaconda3/envs/python37/lib/python3.7/site-packages/airflow/example_dags/example_dynamic_task_mapping.py
[2024-08-28T10:13:39.978+0200] {processor.py:753} INFO - DAG(s) dict_keys(['example_dynamic_task_mapping']) retrieved from /Users/roselina/opt/anaconda3/envs/python37/lib/python3.7/site-packages/airflow/example_dags/example_dynamic_task_mapping.py
[2024-08-28T10:13:39.993+0200] {logging_mixin.py:137} INFO - [2024-08-28T10:13:39.992+0200] {dag.py:2705} INFO - Sync 1 DAGs
[2024-08-28T10:13:40.007+0200] {logging_mixin.py:137} INFO - [2024-08-28T10:13:40.007+0200] {dag.py:3456} INFO - Setting next_dagrun for example_dynamic_task_mapping to 2022-03-04T00:00:00+00:00, run_after=2022-03-05T00:00:00+00:00
[2024-08-28T10:13:40.019+0200] {processor.py:175} INFO - Processing /Users/roselina/opt/anaconda3/envs/python37/lib/python3.7/site-packages/airflow/example_dags/example_dynamic_task_mapping.py took 0.075 seconds
[2024-08-28T10:14:23.275+0200] {processor.py:153} INFO - Started process (PID=75211) to work on /Users/roselina/opt/anaconda3/envs/python37/lib/python3.7/site-packages/airflow/example_dags/example_dynamic_task_mapping.py
[2024-08-28T10:14:23.278+0200] {processor.py:743} INFO - Processing file /Users/roselina/opt/anaconda3/envs/python37/lib/python3.7/site-packages/airflow/example_dags/example_dynamic_task_mapping.py for tasks to queue
[2024-08-28T10:14:23.280+0200] {logging_mixin.py:137} INFO - [2024-08-28T10:14:23.279+0200] {dagbag.py:532} INFO - Filling up the DagBag from /Users/roselina/opt/anaconda3/envs/python37/lib/python3.7/site-packages/airflow/example_dags/example_dynamic_task_mapping.py
[2024-08-28T10:14:23.308+0200] {processor.py:753} INFO - DAG(s) dict_keys(['example_dynamic_task_mapping']) retrieved from /Users/roselina/opt/anaconda3/envs/python37/lib/python3.7/site-packages/airflow/example_dags/example_dynamic_task_mapping.py
[2024-08-28T10:14:23.324+0200] {logging_mixin.py:137} INFO - [2024-08-28T10:14:23.323+0200] {dag.py:2705} INFO - Sync 1 DAGs
[2024-08-28T10:14:23.337+0200] {logging_mixin.py:137} INFO - [2024-08-28T10:14:23.337+0200] {dag.py:3456} INFO - Setting next_dagrun for example_dynamic_task_mapping to 2022-03-04T00:00:00+00:00, run_after=2022-03-05T00:00:00+00:00
[2024-08-28T10:14:23.347+0200] {processor.py:175} INFO - Processing /Users/roselina/opt/anaconda3/envs/python37/lib/python3.7/site-packages/airflow/example_dags/example_dynamic_task_mapping.py took 0.076 seconds
[2024-08-28T10:15:04.145+0200] {processor.py:153} INFO - Started process (PID=75258) to work on /Users/roselina/opt/anaconda3/envs/python37/lib/python3.7/site-packages/airflow/example_dags/example_dynamic_task_mapping.py
[2024-08-28T10:15:04.147+0200] {processor.py:743} INFO - Processing file /Users/roselina/opt/anaconda3/envs/python37/lib/python3.7/site-packages/airflow/example_dags/example_dynamic_task_mapping.py for tasks to queue
[2024-08-28T10:15:04.148+0200] {logging_mixin.py:137} INFO - [2024-08-28T10:15:04.148+0200] {dagbag.py:532} INFO - Filling up the DagBag from /Users/roselina/opt/anaconda3/envs/python37/lib/python3.7/site-packages/airflow/example_dags/example_dynamic_task_mapping.py
[2024-08-28T10:15:04.173+0200] {processor.py:753} INFO - DAG(s) dict_keys(['example_dynamic_task_mapping']) retrieved from /Users/roselina/opt/anaconda3/envs/python37/lib/python3.7/site-packages/airflow/example_dags/example_dynamic_task_mapping.py
[2024-08-28T10:15:04.186+0200] {logging_mixin.py:137} INFO - [2024-08-28T10:15:04.186+0200] {dag.py:2705} INFO - Sync 1 DAGs
[2024-08-28T10:15:04.198+0200] {logging_mixin.py:137} INFO - [2024-08-28T10:15:04.197+0200] {dag.py:3456} INFO - Setting next_dagrun for example_dynamic_task_mapping to 2022-03-04T00:00:00+00:00, run_after=2022-03-05T00:00:00+00:00
[2024-08-28T10:15:04.207+0200] {processor.py:175} INFO - Processing /Users/roselina/opt/anaconda3/envs/python37/lib/python3.7/site-packages/airflow/example_dags/example_dynamic_task_mapping.py took 0.066 seconds
[2024-08-28T10:15:45.945+0200] {processor.py:153} INFO - Started process (PID=75302) to work on /Users/roselina/opt/anaconda3/envs/python37/lib/python3.7/site-packages/airflow/example_dags/example_dynamic_task_mapping.py
[2024-08-28T10:15:45.947+0200] {processor.py:743} INFO - Processing file /Users/roselina/opt/anaconda3/envs/python37/lib/python3.7/site-packages/airflow/example_dags/example_dynamic_task_mapping.py for tasks to queue
[2024-08-28T10:15:45.948+0200] {logging_mixin.py:137} INFO - [2024-08-28T10:15:45.948+0200] {dagbag.py:532} INFO - Filling up the DagBag from /Users/roselina/opt/anaconda3/envs/python37/lib/python3.7/site-packages/airflow/example_dags/example_dynamic_task_mapping.py
[2024-08-28T10:15:45.971+0200] {processor.py:753} INFO - DAG(s) dict_keys(['example_dynamic_task_mapping']) retrieved from /Users/roselina/opt/anaconda3/envs/python37/lib/python3.7/site-packages/airflow/example_dags/example_dynamic_task_mapping.py
[2024-08-28T10:15:45.983+0200] {logging_mixin.py:137} INFO - [2024-08-28T10:15:45.983+0200] {dag.py:2705} INFO - Sync 1 DAGs
[2024-08-28T10:15:45.995+0200] {logging_mixin.py:137} INFO - [2024-08-28T10:15:45.994+0200] {dag.py:3456} INFO - Setting next_dagrun for example_dynamic_task_mapping to 2022-03-04T00:00:00+00:00, run_after=2022-03-05T00:00:00+00:00
[2024-08-28T10:15:46.003+0200] {processor.py:175} INFO - Processing /Users/roselina/opt/anaconda3/envs/python37/lib/python3.7/site-packages/airflow/example_dags/example_dynamic_task_mapping.py took 0.063 seconds
[2024-08-28T10:16:25.357+0200] {processor.py:153} INFO - Started process (PID=75347) to work on /Users/roselina/opt/anaconda3/envs/python37/lib/python3.7/site-packages/airflow/example_dags/example_dynamic_task_mapping.py
[2024-08-28T10:16:25.359+0200] {processor.py:743} INFO - Processing file /Users/roselina/opt/anaconda3/envs/python37/lib/python3.7/site-packages/airflow/example_dags/example_dynamic_task_mapping.py for tasks to queue
[2024-08-28T10:16:25.360+0200] {logging_mixin.py:137} INFO - [2024-08-28T10:16:25.360+0200] {dagbag.py:532} INFO - Filling up the DagBag from /Users/roselina/opt/anaconda3/envs/python37/lib/python3.7/site-packages/airflow/example_dags/example_dynamic_task_mapping.py
[2024-08-28T10:16:25.386+0200] {processor.py:753} INFO - DAG(s) dict_keys(['example_dynamic_task_mapping']) retrieved from /Users/roselina/opt/anaconda3/envs/python37/lib/python3.7/site-packages/airflow/example_dags/example_dynamic_task_mapping.py
[2024-08-28T10:16:25.400+0200] {logging_mixin.py:137} INFO - [2024-08-28T10:16:25.399+0200] {dag.py:2705} INFO - Sync 1 DAGs
[2024-08-28T10:16:25.412+0200] {logging_mixin.py:137} INFO - [2024-08-28T10:16:25.412+0200] {dag.py:3456} INFO - Setting next_dagrun for example_dynamic_task_mapping to 2022-03-04T00:00:00+00:00, run_after=2022-03-05T00:00:00+00:00
[2024-08-28T10:16:25.422+0200] {processor.py:175} INFO - Processing /Users/roselina/opt/anaconda3/envs/python37/lib/python3.7/site-packages/airflow/example_dags/example_dynamic_task_mapping.py took 0.069 seconds
[2024-08-28T10:17:07.203+0200] {processor.py:153} INFO - Started process (PID=75392) to work on /Users/roselina/opt/anaconda3/envs/python37/lib/python3.7/site-packages/airflow/example_dags/example_dynamic_task_mapping.py
[2024-08-28T10:17:07.205+0200] {processor.py:743} INFO - Processing file /Users/roselina/opt/anaconda3/envs/python37/lib/python3.7/site-packages/airflow/example_dags/example_dynamic_task_mapping.py for tasks to queue
[2024-08-28T10:17:07.206+0200] {logging_mixin.py:137} INFO - [2024-08-28T10:17:07.206+0200] {dagbag.py:532} INFO - Filling up the DagBag from /Users/roselina/opt/anaconda3/envs/python37/lib/python3.7/site-packages/airflow/example_dags/example_dynamic_task_mapping.py
[2024-08-28T10:17:07.232+0200] {processor.py:753} INFO - DAG(s) dict_keys(['example_dynamic_task_mapping']) retrieved from /Users/roselina/opt/anaconda3/envs/python37/lib/python3.7/site-packages/airflow/example_dags/example_dynamic_task_mapping.py
[2024-08-28T10:17:07.245+0200] {logging_mixin.py:137} INFO - [2024-08-28T10:17:07.245+0200] {dag.py:2705} INFO - Sync 1 DAGs
[2024-08-28T10:17:07.258+0200] {logging_mixin.py:137} INFO - [2024-08-28T10:17:07.258+0200] {dag.py:3456} INFO - Setting next_dagrun for example_dynamic_task_mapping to 2022-03-04T00:00:00+00:00, run_after=2022-03-05T00:00:00+00:00
[2024-08-28T10:17:07.268+0200] {processor.py:175} INFO - Processing /Users/roselina/opt/anaconda3/envs/python37/lib/python3.7/site-packages/airflow/example_dags/example_dynamic_task_mapping.py took 0.070 seconds
[2024-08-28T10:17:47.831+0200] {processor.py:153} INFO - Started process (PID=75448) to work on /Users/roselina/opt/anaconda3/envs/python37/lib/python3.7/site-packages/airflow/example_dags/example_dynamic_task_mapping.py
[2024-08-28T10:17:47.833+0200] {processor.py:743} INFO - Processing file /Users/roselina/opt/anaconda3/envs/python37/lib/python3.7/site-packages/airflow/example_dags/example_dynamic_task_mapping.py for tasks to queue
[2024-08-28T10:17:47.834+0200] {logging_mixin.py:137} INFO - [2024-08-28T10:17:47.834+0200] {dagbag.py:532} INFO - Filling up the DagBag from /Users/roselina/opt/anaconda3/envs/python37/lib/python3.7/site-packages/airflow/example_dags/example_dynamic_task_mapping.py
[2024-08-28T10:17:47.856+0200] {processor.py:753} INFO - DAG(s) dict_keys(['example_dynamic_task_mapping']) retrieved from /Users/roselina/opt/anaconda3/envs/python37/lib/python3.7/site-packages/airflow/example_dags/example_dynamic_task_mapping.py
[2024-08-28T10:17:47.869+0200] {logging_mixin.py:137} INFO - [2024-08-28T10:17:47.869+0200] {dag.py:2705} INFO - Sync 1 DAGs
[2024-08-28T10:17:47.882+0200] {logging_mixin.py:137} INFO - [2024-08-28T10:17:47.882+0200] {dag.py:3456} INFO - Setting next_dagrun for example_dynamic_task_mapping to 2022-03-04T00:00:00+00:00, run_after=2022-03-05T00:00:00+00:00
[2024-08-28T10:17:47.892+0200] {processor.py:175} INFO - Processing /Users/roselina/opt/anaconda3/envs/python37/lib/python3.7/site-packages/airflow/example_dags/example_dynamic_task_mapping.py took 0.065 seconds
[2024-08-28T10:44:11.091+0200] {processor.py:153} INFO - Started process (PID=75545) to work on /Users/roselina/opt/anaconda3/envs/python37/lib/python3.7/site-packages/airflow/example_dags/example_dynamic_task_mapping.py
[2024-08-28T10:44:11.093+0200] {processor.py:743} INFO - Processing file /Users/roselina/opt/anaconda3/envs/python37/lib/python3.7/site-packages/airflow/example_dags/example_dynamic_task_mapping.py for tasks to queue
[2024-08-28T10:44:11.094+0200] {logging_mixin.py:137} INFO - [2024-08-28T10:44:11.093+0200] {dagbag.py:532} INFO - Filling up the DagBag from /Users/roselina/opt/anaconda3/envs/python37/lib/python3.7/site-packages/airflow/example_dags/example_dynamic_task_mapping.py
[2024-08-28T10:44:11.113+0200] {processor.py:753} INFO - DAG(s) dict_keys(['example_dynamic_task_mapping']) retrieved from /Users/roselina/opt/anaconda3/envs/python37/lib/python3.7/site-packages/airflow/example_dags/example_dynamic_task_mapping.py
[2024-08-28T10:44:11.126+0200] {logging_mixin.py:137} INFO - [2024-08-28T10:44:11.126+0200] {dag.py:2705} INFO - Sync 1 DAGs
[2024-08-28T10:44:11.139+0200] {logging_mixin.py:137} INFO - [2024-08-28T10:44:11.139+0200] {dag.py:3456} INFO - Setting next_dagrun for example_dynamic_task_mapping to 2022-03-04T00:00:00+00:00, run_after=2022-03-05T00:00:00+00:00
[2024-08-28T10:44:11.149+0200] {processor.py:175} INFO - Processing /Users/roselina/opt/anaconda3/envs/python37/lib/python3.7/site-packages/airflow/example_dags/example_dynamic_task_mapping.py took 0.060 seconds
[2024-08-28T10:44:53.798+0200] {processor.py:153} INFO - Started process (PID=75607) to work on /Users/roselina/opt/anaconda3/envs/python37/lib/python3.7/site-packages/airflow/example_dags/example_dynamic_task_mapping.py
[2024-08-28T10:44:53.800+0200] {processor.py:743} INFO - Processing file /Users/roselina/opt/anaconda3/envs/python37/lib/python3.7/site-packages/airflow/example_dags/example_dynamic_task_mapping.py for tasks to queue
[2024-08-28T10:44:53.802+0200] {logging_mixin.py:137} INFO - [2024-08-28T10:44:53.801+0200] {dagbag.py:532} INFO - Filling up the DagBag from /Users/roselina/opt/anaconda3/envs/python37/lib/python3.7/site-packages/airflow/example_dags/example_dynamic_task_mapping.py
[2024-08-28T10:44:53.827+0200] {processor.py:753} INFO - DAG(s) dict_keys(['example_dynamic_task_mapping']) retrieved from /Users/roselina/opt/anaconda3/envs/python37/lib/python3.7/site-packages/airflow/example_dags/example_dynamic_task_mapping.py
[2024-08-28T10:44:53.841+0200] {logging_mixin.py:137} INFO - [2024-08-28T10:44:53.841+0200] {dag.py:2705} INFO - Sync 1 DAGs
[2024-08-28T10:44:53.853+0200] {logging_mixin.py:137} INFO - [2024-08-28T10:44:53.853+0200] {dag.py:3456} INFO - Setting next_dagrun for example_dynamic_task_mapping to 2022-03-04T00:00:00+00:00, run_after=2022-03-05T00:00:00+00:00
[2024-08-28T10:44:53.863+0200] {processor.py:175} INFO - Processing /Users/roselina/opt/anaconda3/envs/python37/lib/python3.7/site-packages/airflow/example_dags/example_dynamic_task_mapping.py took 0.069 seconds
[2024-08-28T10:45:35.256+0200] {processor.py:153} INFO - Started process (PID=75654) to work on /Users/roselina/opt/anaconda3/envs/python37/lib/python3.7/site-packages/airflow/example_dags/example_dynamic_task_mapping.py
[2024-08-28T10:45:35.259+0200] {processor.py:743} INFO - Processing file /Users/roselina/opt/anaconda3/envs/python37/lib/python3.7/site-packages/airflow/example_dags/example_dynamic_task_mapping.py for tasks to queue
[2024-08-28T10:45:35.260+0200] {logging_mixin.py:137} INFO - [2024-08-28T10:45:35.260+0200] {dagbag.py:532} INFO - Filling up the DagBag from /Users/roselina/opt/anaconda3/envs/python37/lib/python3.7/site-packages/airflow/example_dags/example_dynamic_task_mapping.py
[2024-08-28T10:45:35.294+0200] {processor.py:753} INFO - DAG(s) dict_keys(['example_dynamic_task_mapping']) retrieved from /Users/roselina/opt/anaconda3/envs/python37/lib/python3.7/site-packages/airflow/example_dags/example_dynamic_task_mapping.py
[2024-08-28T10:45:35.311+0200] {logging_mixin.py:137} INFO - [2024-08-28T10:45:35.311+0200] {dag.py:2705} INFO - Sync 1 DAGs
[2024-08-28T10:45:35.324+0200] {logging_mixin.py:137} INFO - [2024-08-28T10:45:35.323+0200] {dag.py:3456} INFO - Setting next_dagrun for example_dynamic_task_mapping to 2022-03-04T00:00:00+00:00, run_after=2022-03-05T00:00:00+00:00
[2024-08-28T10:45:35.334+0200] {processor.py:175} INFO - Processing /Users/roselina/opt/anaconda3/envs/python37/lib/python3.7/site-packages/airflow/example_dags/example_dynamic_task_mapping.py took 0.083 seconds
[2024-08-28T10:46:15.419+0200] {processor.py:153} INFO - Started process (PID=75699) to work on /Users/roselina/opt/anaconda3/envs/python37/lib/python3.7/site-packages/airflow/example_dags/example_dynamic_task_mapping.py
[2024-08-28T10:46:15.421+0200] {processor.py:743} INFO - Processing file /Users/roselina/opt/anaconda3/envs/python37/lib/python3.7/site-packages/airflow/example_dags/example_dynamic_task_mapping.py for tasks to queue
[2024-08-28T10:46:15.422+0200] {logging_mixin.py:137} INFO - [2024-08-28T10:46:15.422+0200] {dagbag.py:532} INFO - Filling up the DagBag from /Users/roselina/opt/anaconda3/envs/python37/lib/python3.7/site-packages/airflow/example_dags/example_dynamic_task_mapping.py
[2024-08-28T10:46:15.447+0200] {processor.py:753} INFO - DAG(s) dict_keys(['example_dynamic_task_mapping']) retrieved from /Users/roselina/opt/anaconda3/envs/python37/lib/python3.7/site-packages/airflow/example_dags/example_dynamic_task_mapping.py
[2024-08-28T10:46:15.464+0200] {logging_mixin.py:137} INFO - [2024-08-28T10:46:15.464+0200] {dag.py:2705} INFO - Sync 1 DAGs
[2024-08-28T10:46:15.477+0200] {logging_mixin.py:137} INFO - [2024-08-28T10:46:15.476+0200] {dag.py:3456} INFO - Setting next_dagrun for example_dynamic_task_mapping to 2022-03-04T00:00:00+00:00, run_after=2022-03-05T00:00:00+00:00
[2024-08-28T10:46:15.486+0200] {processor.py:175} INFO - Processing /Users/roselina/opt/anaconda3/envs/python37/lib/python3.7/site-packages/airflow/example_dags/example_dynamic_task_mapping.py took 0.072 seconds
[2024-08-28T10:46:56.751+0200] {processor.py:153} INFO - Started process (PID=75753) to work on /Users/roselina/opt/anaconda3/envs/python37/lib/python3.7/site-packages/airflow/example_dags/example_dynamic_task_mapping.py
[2024-08-28T10:46:56.753+0200] {processor.py:743} INFO - Processing file /Users/roselina/opt/anaconda3/envs/python37/lib/python3.7/site-packages/airflow/example_dags/example_dynamic_task_mapping.py for tasks to queue
[2024-08-28T10:46:56.754+0200] {logging_mixin.py:137} INFO - [2024-08-28T10:46:56.754+0200] {dagbag.py:532} INFO - Filling up the DagBag from /Users/roselina/opt/anaconda3/envs/python37/lib/python3.7/site-packages/airflow/example_dags/example_dynamic_task_mapping.py
[2024-08-28T10:46:56.784+0200] {processor.py:753} INFO - DAG(s) dict_keys(['example_dynamic_task_mapping']) retrieved from /Users/roselina/opt/anaconda3/envs/python37/lib/python3.7/site-packages/airflow/example_dags/example_dynamic_task_mapping.py
[2024-08-28T10:46:56.810+0200] {logging_mixin.py:137} INFO - [2024-08-28T10:46:56.810+0200] {dag.py:2705} INFO - Sync 1 DAGs
[2024-08-28T10:46:56.823+0200] {logging_mixin.py:137} INFO - [2024-08-28T10:46:56.823+0200] {dag.py:3456} INFO - Setting next_dagrun for example_dynamic_task_mapping to 2022-03-04T00:00:00+00:00, run_after=2022-03-05T00:00:00+00:00
[2024-08-28T10:46:56.833+0200] {processor.py:175} INFO - Processing /Users/roselina/opt/anaconda3/envs/python37/lib/python3.7/site-packages/airflow/example_dags/example_dynamic_task_mapping.py took 0.086 seconds
[2024-08-28T10:47:39.091+0200] {processor.py:153} INFO - Started process (PID=75801) to work on /Users/roselina/opt/anaconda3/envs/python37/lib/python3.7/site-packages/airflow/example_dags/example_dynamic_task_mapping.py
[2024-08-28T10:47:39.092+0200] {processor.py:743} INFO - Processing file /Users/roselina/opt/anaconda3/envs/python37/lib/python3.7/site-packages/airflow/example_dags/example_dynamic_task_mapping.py for tasks to queue
[2024-08-28T10:47:39.092+0200] {logging_mixin.py:137} INFO - [2024-08-28T10:47:39.092+0200] {dagbag.py:532} INFO - Filling up the DagBag from /Users/roselina/opt/anaconda3/envs/python37/lib/python3.7/site-packages/airflow/example_dags/example_dynamic_task_mapping.py
[2024-08-28T10:47:39.113+0200] {processor.py:753} INFO - DAG(s) dict_keys(['example_dynamic_task_mapping']) retrieved from /Users/roselina/opt/anaconda3/envs/python37/lib/python3.7/site-packages/airflow/example_dags/example_dynamic_task_mapping.py
[2024-08-28T10:47:39.129+0200] {logging_mixin.py:137} INFO - [2024-08-28T10:47:39.128+0200] {dag.py:2705} INFO - Sync 1 DAGs
[2024-08-28T10:47:39.144+0200] {logging_mixin.py:137} INFO - [2024-08-28T10:47:39.143+0200] {dag.py:3456} INFO - Setting next_dagrun for example_dynamic_task_mapping to 2022-03-04T00:00:00+00:00, run_after=2022-03-05T00:00:00+00:00
[2024-08-28T10:47:39.154+0200] {processor.py:175} INFO - Processing /Users/roselina/opt/anaconda3/envs/python37/lib/python3.7/site-packages/airflow/example_dags/example_dynamic_task_mapping.py took 0.066 seconds
[2024-08-28T10:48:20.560+0200] {processor.py:153} INFO - Started process (PID=75864) to work on /Users/roselina/opt/anaconda3/envs/python37/lib/python3.7/site-packages/airflow/example_dags/example_dynamic_task_mapping.py
[2024-08-28T10:48:20.562+0200] {processor.py:743} INFO - Processing file /Users/roselina/opt/anaconda3/envs/python37/lib/python3.7/site-packages/airflow/example_dags/example_dynamic_task_mapping.py for tasks to queue
[2024-08-28T10:48:20.563+0200] {logging_mixin.py:137} INFO - [2024-08-28T10:48:20.562+0200] {dagbag.py:532} INFO - Filling up the DagBag from /Users/roselina/opt/anaconda3/envs/python37/lib/python3.7/site-packages/airflow/example_dags/example_dynamic_task_mapping.py
[2024-08-28T10:48:20.589+0200] {processor.py:753} INFO - DAG(s) dict_keys(['example_dynamic_task_mapping']) retrieved from /Users/roselina/opt/anaconda3/envs/python37/lib/python3.7/site-packages/airflow/example_dags/example_dynamic_task_mapping.py
[2024-08-28T10:48:20.601+0200] {logging_mixin.py:137} INFO - [2024-08-28T10:48:20.601+0200] {dag.py:2705} INFO - Sync 1 DAGs
[2024-08-28T10:48:20.613+0200] {logging_mixin.py:137} INFO - [2024-08-28T10:48:20.613+0200] {dag.py:3456} INFO - Setting next_dagrun for example_dynamic_task_mapping to 2022-03-04T00:00:00+00:00, run_after=2022-03-05T00:00:00+00:00
[2024-08-28T10:48:20.631+0200] {processor.py:175} INFO - Processing /Users/roselina/opt/anaconda3/envs/python37/lib/python3.7/site-packages/airflow/example_dags/example_dynamic_task_mapping.py took 0.075 seconds
[2024-08-28T10:49:01.403+0200] {processor.py:153} INFO - Started process (PID=75922) to work on /Users/roselina/opt/anaconda3/envs/python37/lib/python3.7/site-packages/airflow/example_dags/example_dynamic_task_mapping.py
[2024-08-28T10:49:01.404+0200] {processor.py:743} INFO - Processing file /Users/roselina/opt/anaconda3/envs/python37/lib/python3.7/site-packages/airflow/example_dags/example_dynamic_task_mapping.py for tasks to queue
[2024-08-28T10:49:01.406+0200] {logging_mixin.py:137} INFO - [2024-08-28T10:49:01.405+0200] {dagbag.py:532} INFO - Filling up the DagBag from /Users/roselina/opt/anaconda3/envs/python37/lib/python3.7/site-packages/airflow/example_dags/example_dynamic_task_mapping.py
[2024-08-28T10:49:01.429+0200] {processor.py:753} INFO - DAG(s) dict_keys(['example_dynamic_task_mapping']) retrieved from /Users/roselina/opt/anaconda3/envs/python37/lib/python3.7/site-packages/airflow/example_dags/example_dynamic_task_mapping.py
[2024-08-28T10:49:01.442+0200] {logging_mixin.py:137} INFO - [2024-08-28T10:49:01.442+0200] {dag.py:2705} INFO - Sync 1 DAGs
[2024-08-28T10:49:01.455+0200] {logging_mixin.py:137} INFO - [2024-08-28T10:49:01.454+0200] {dag.py:3456} INFO - Setting next_dagrun for example_dynamic_task_mapping to 2022-03-04T00:00:00+00:00, run_after=2022-03-05T00:00:00+00:00
[2024-08-28T10:49:01.465+0200] {processor.py:175} INFO - Processing /Users/roselina/opt/anaconda3/envs/python37/lib/python3.7/site-packages/airflow/example_dags/example_dynamic_task_mapping.py took 0.066 seconds
[2024-08-28T10:49:42.885+0200] {processor.py:153} INFO - Started process (PID=75967) to work on /Users/roselina/opt/anaconda3/envs/python37/lib/python3.7/site-packages/airflow/example_dags/example_dynamic_task_mapping.py
[2024-08-28T10:49:42.886+0200] {processor.py:743} INFO - Processing file /Users/roselina/opt/anaconda3/envs/python37/lib/python3.7/site-packages/airflow/example_dags/example_dynamic_task_mapping.py for tasks to queue
[2024-08-28T10:49:42.888+0200] {logging_mixin.py:137} INFO - [2024-08-28T10:49:42.887+0200] {dagbag.py:532} INFO - Filling up the DagBag from /Users/roselina/opt/anaconda3/envs/python37/lib/python3.7/site-packages/airflow/example_dags/example_dynamic_task_mapping.py
[2024-08-28T10:49:42.913+0200] {processor.py:753} INFO - DAG(s) dict_keys(['example_dynamic_task_mapping']) retrieved from /Users/roselina/opt/anaconda3/envs/python37/lib/python3.7/site-packages/airflow/example_dags/example_dynamic_task_mapping.py
[2024-08-28T10:49:42.936+0200] {logging_mixin.py:137} INFO - [2024-08-28T10:49:42.936+0200] {dag.py:2705} INFO - Sync 1 DAGs
[2024-08-28T10:49:42.951+0200] {logging_mixin.py:137} INFO - [2024-08-28T10:49:42.951+0200] {dag.py:3456} INFO - Setting next_dagrun for example_dynamic_task_mapping to 2022-03-04T00:00:00+00:00, run_after=2022-03-05T00:00:00+00:00
[2024-08-28T10:49:42.960+0200] {processor.py:175} INFO - Processing /Users/roselina/opt/anaconda3/envs/python37/lib/python3.7/site-packages/airflow/example_dags/example_dynamic_task_mapping.py took 0.080 seconds
[2024-08-28T10:50:23.744+0200] {processor.py:153} INFO - Started process (PID=76012) to work on /Users/roselina/opt/anaconda3/envs/python37/lib/python3.7/site-packages/airflow/example_dags/example_dynamic_task_mapping.py
[2024-08-28T10:50:23.746+0200] {processor.py:743} INFO - Processing file /Users/roselina/opt/anaconda3/envs/python37/lib/python3.7/site-packages/airflow/example_dags/example_dynamic_task_mapping.py for tasks to queue
[2024-08-28T10:50:23.747+0200] {logging_mixin.py:137} INFO - [2024-08-28T10:50:23.747+0200] {dagbag.py:532} INFO - Filling up the DagBag from /Users/roselina/opt/anaconda3/envs/python37/lib/python3.7/site-packages/airflow/example_dags/example_dynamic_task_mapping.py
[2024-08-28T10:50:23.775+0200] {processor.py:753} INFO - DAG(s) dict_keys(['example_dynamic_task_mapping']) retrieved from /Users/roselina/opt/anaconda3/envs/python37/lib/python3.7/site-packages/airflow/example_dags/example_dynamic_task_mapping.py
[2024-08-28T10:50:23.789+0200] {logging_mixin.py:137} INFO - [2024-08-28T10:50:23.789+0200] {dag.py:2705} INFO - Sync 1 DAGs
[2024-08-28T10:50:23.801+0200] {logging_mixin.py:137} INFO - [2024-08-28T10:50:23.801+0200] {dag.py:3456} INFO - Setting next_dagrun for example_dynamic_task_mapping to 2022-03-04T00:00:00+00:00, run_after=2022-03-05T00:00:00+00:00
[2024-08-28T10:50:23.815+0200] {processor.py:175} INFO - Processing /Users/roselina/opt/anaconda3/envs/python37/lib/python3.7/site-packages/airflow/example_dags/example_dynamic_task_mapping.py took 0.075 seconds
[2024-08-28T10:51:04.556+0200] {processor.py:153} INFO - Started process (PID=76065) to work on /Users/roselina/opt/anaconda3/envs/python37/lib/python3.7/site-packages/airflow/example_dags/example_dynamic_task_mapping.py
[2024-08-28T10:51:04.558+0200] {processor.py:743} INFO - Processing file /Users/roselina/opt/anaconda3/envs/python37/lib/python3.7/site-packages/airflow/example_dags/example_dynamic_task_mapping.py for tasks to queue
[2024-08-28T10:51:04.559+0200] {logging_mixin.py:137} INFO - [2024-08-28T10:51:04.559+0200] {dagbag.py:532} INFO - Filling up the DagBag from /Users/roselina/opt/anaconda3/envs/python37/lib/python3.7/site-packages/airflow/example_dags/example_dynamic_task_mapping.py
[2024-08-28T10:51:04.582+0200] {processor.py:753} INFO - DAG(s) dict_keys(['example_dynamic_task_mapping']) retrieved from /Users/roselina/opt/anaconda3/envs/python37/lib/python3.7/site-packages/airflow/example_dags/example_dynamic_task_mapping.py
[2024-08-28T10:51:04.598+0200] {logging_mixin.py:137} INFO - [2024-08-28T10:51:04.598+0200] {dag.py:2705} INFO - Sync 1 DAGs
[2024-08-28T10:51:04.610+0200] {logging_mixin.py:137} INFO - [2024-08-28T10:51:04.610+0200] {dag.py:3456} INFO - Setting next_dagrun for example_dynamic_task_mapping to 2022-03-04T00:00:00+00:00, run_after=2022-03-05T00:00:00+00:00
[2024-08-28T10:51:04.621+0200] {processor.py:175} INFO - Processing /Users/roselina/opt/anaconda3/envs/python37/lib/python3.7/site-packages/airflow/example_dags/example_dynamic_task_mapping.py took 0.068 seconds
[2024-08-28T10:51:47.053+0200] {processor.py:153} INFO - Started process (PID=76118) to work on /Users/roselina/opt/anaconda3/envs/python37/lib/python3.7/site-packages/airflow/example_dags/example_dynamic_task_mapping.py
[2024-08-28T10:51:47.057+0200] {processor.py:743} INFO - Processing file /Users/roselina/opt/anaconda3/envs/python37/lib/python3.7/site-packages/airflow/example_dags/example_dynamic_task_mapping.py for tasks to queue
[2024-08-28T10:51:47.058+0200] {logging_mixin.py:137} INFO - [2024-08-28T10:51:47.058+0200] {dagbag.py:532} INFO - Filling up the DagBag from /Users/roselina/opt/anaconda3/envs/python37/lib/python3.7/site-packages/airflow/example_dags/example_dynamic_task_mapping.py
[2024-08-28T10:51:47.094+0200] {processor.py:753} INFO - DAG(s) dict_keys(['example_dynamic_task_mapping']) retrieved from /Users/roselina/opt/anaconda3/envs/python37/lib/python3.7/site-packages/airflow/example_dags/example_dynamic_task_mapping.py
[2024-08-28T10:51:47.110+0200] {logging_mixin.py:137} INFO - [2024-08-28T10:51:47.110+0200] {dag.py:2705} INFO - Sync 1 DAGs
[2024-08-28T10:51:47.123+0200] {logging_mixin.py:137} INFO - [2024-08-28T10:51:47.123+0200] {dag.py:3456} INFO - Setting next_dagrun for example_dynamic_task_mapping to 2022-03-04T00:00:00+00:00, run_after=2022-03-05T00:00:00+00:00
[2024-08-28T10:51:47.133+0200] {processor.py:175} INFO - Processing /Users/roselina/opt/anaconda3/envs/python37/lib/python3.7/site-packages/airflow/example_dags/example_dynamic_task_mapping.py took 0.084 seconds
[2024-08-28T10:52:27.111+0200] {processor.py:153} INFO - Started process (PID=76173) to work on /Users/roselina/opt/anaconda3/envs/python37/lib/python3.7/site-packages/airflow/example_dags/example_dynamic_task_mapping.py
[2024-08-28T10:52:27.112+0200] {processor.py:743} INFO - Processing file /Users/roselina/opt/anaconda3/envs/python37/lib/python3.7/site-packages/airflow/example_dags/example_dynamic_task_mapping.py for tasks to queue
[2024-08-28T10:52:27.113+0200] {logging_mixin.py:137} INFO - [2024-08-28T10:52:27.113+0200] {dagbag.py:532} INFO - Filling up the DagBag from /Users/roselina/opt/anaconda3/envs/python37/lib/python3.7/site-packages/airflow/example_dags/example_dynamic_task_mapping.py
[2024-08-28T10:52:27.129+0200] {processor.py:753} INFO - DAG(s) dict_keys(['example_dynamic_task_mapping']) retrieved from /Users/roselina/opt/anaconda3/envs/python37/lib/python3.7/site-packages/airflow/example_dags/example_dynamic_task_mapping.py
[2024-08-28T10:52:27.140+0200] {logging_mixin.py:137} INFO - [2024-08-28T10:52:27.140+0200] {dag.py:2705} INFO - Sync 1 DAGs
[2024-08-28T10:52:27.153+0200] {logging_mixin.py:137} INFO - [2024-08-28T10:52:27.153+0200] {dag.py:3456} INFO - Setting next_dagrun for example_dynamic_task_mapping to 2022-03-04T00:00:00+00:00, run_after=2022-03-05T00:00:00+00:00
[2024-08-28T10:52:27.166+0200] {processor.py:175} INFO - Processing /Users/roselina/opt/anaconda3/envs/python37/lib/python3.7/site-packages/airflow/example_dags/example_dynamic_task_mapping.py took 0.057 seconds
[2024-08-28T10:53:09.799+0200] {processor.py:153} INFO - Started process (PID=76219) to work on /Users/roselina/opt/anaconda3/envs/python37/lib/python3.7/site-packages/airflow/example_dags/example_dynamic_task_mapping.py
[2024-08-28T10:53:09.801+0200] {processor.py:743} INFO - Processing file /Users/roselina/opt/anaconda3/envs/python37/lib/python3.7/site-packages/airflow/example_dags/example_dynamic_task_mapping.py for tasks to queue
[2024-08-28T10:53:09.803+0200] {logging_mixin.py:137} INFO - [2024-08-28T10:53:09.802+0200] {dagbag.py:532} INFO - Filling up the DagBag from /Users/roselina/opt/anaconda3/envs/python37/lib/python3.7/site-packages/airflow/example_dags/example_dynamic_task_mapping.py
[2024-08-28T10:53:09.829+0200] {processor.py:753} INFO - DAG(s) dict_keys(['example_dynamic_task_mapping']) retrieved from /Users/roselina/opt/anaconda3/envs/python37/lib/python3.7/site-packages/airflow/example_dags/example_dynamic_task_mapping.py
[2024-08-28T10:53:09.844+0200] {logging_mixin.py:137} INFO - [2024-08-28T10:53:09.843+0200] {dag.py:2705} INFO - Sync 1 DAGs
[2024-08-28T10:53:09.856+0200] {logging_mixin.py:137} INFO - [2024-08-28T10:53:09.856+0200] {dag.py:3456} INFO - Setting next_dagrun for example_dynamic_task_mapping to 2022-03-04T00:00:00+00:00, run_after=2022-03-05T00:00:00+00:00
[2024-08-28T10:53:09.865+0200] {processor.py:175} INFO - Processing /Users/roselina/opt/anaconda3/envs/python37/lib/python3.7/site-packages/airflow/example_dags/example_dynamic_task_mapping.py took 0.070 seconds
