[2024-08-28T10:11:15.610+0200] {processor.py:153} INFO - Started process (PID=74929) to work on /Users/roselina/opt/anaconda3/envs/python37/lib/python3.7/site-packages/airflow/example_dags/example_task_group.py
[2024-08-28T10:11:15.611+0200] {processor.py:743} INFO - Processing file /Users/roselina/opt/anaconda3/envs/python37/lib/python3.7/site-packages/airflow/example_dags/example_task_group.py for tasks to queue
[2024-08-28T10:11:15.612+0200] {logging_mixin.py:137} INFO - [2024-08-28T10:11:15.611+0200] {dagbag.py:532} INFO - Filling up the DagBag from /Users/roselina/opt/anaconda3/envs/python37/lib/python3.7/site-packages/airflow/example_dags/example_task_group.py
[2024-08-28T10:11:15.624+0200] {processor.py:753} INFO - DAG(s) dict_keys(['example_task_group']) retrieved from /Users/roselina/opt/anaconda3/envs/python37/lib/python3.7/site-packages/airflow/example_dags/example_task_group.py
[2024-08-28T10:11:15.679+0200] {logging_mixin.py:137} INFO - [2024-08-28T10:11:15.679+0200] {manager.py:504} INFO - Created Permission View: can read on DAG:example_task_group
[2024-08-28T10:11:15.683+0200] {logging_mixin.py:137} INFO - [2024-08-28T10:11:15.683+0200] {manager.py:504} INFO - Created Permission View: can delete on DAG:example_task_group
[2024-08-28T10:11:15.687+0200] {logging_mixin.py:137} INFO - [2024-08-28T10:11:15.687+0200] {manager.py:504} INFO - Created Permission View: can edit on DAG:example_task_group
[2024-08-28T10:11:15.687+0200] {logging_mixin.py:137} INFO - [2024-08-28T10:11:15.687+0200] {dag.py:2705} INFO - Sync 1 DAGs
[2024-08-28T10:11:15.694+0200] {logging_mixin.py:137} INFO - [2024-08-28T10:11:15.694+0200] {dag.py:2726} INFO - Creating ORM DAG for example_task_group
[2024-08-28T10:11:15.700+0200] {logging_mixin.py:137} INFO - [2024-08-28T10:11:15.699+0200] {dag.py:3456} INFO - Setting next_dagrun for example_task_group to 2024-08-27T08:11:15.699639+00:00, run_after=2024-08-28T08:11:15.699639+00:00
[2024-08-28T10:11:15.708+0200] {processor.py:175} INFO - Processing /Users/roselina/opt/anaconda3/envs/python37/lib/python3.7/site-packages/airflow/example_dags/example_task_group.py took 0.100 seconds
[2024-08-28T10:12:00.351+0200] {processor.py:153} INFO - Started process (PID=74994) to work on /Users/roselina/opt/anaconda3/envs/python37/lib/python3.7/site-packages/airflow/example_dags/example_task_group.py
[2024-08-28T10:12:00.353+0200] {processor.py:743} INFO - Processing file /Users/roselina/opt/anaconda3/envs/python37/lib/python3.7/site-packages/airflow/example_dags/example_task_group.py for tasks to queue
[2024-08-28T10:12:00.354+0200] {logging_mixin.py:137} INFO - [2024-08-28T10:12:00.354+0200] {dagbag.py:532} INFO - Filling up the DagBag from /Users/roselina/opt/anaconda3/envs/python37/lib/python3.7/site-packages/airflow/example_dags/example_task_group.py
[2024-08-28T10:12:00.381+0200] {processor.py:753} INFO - DAG(s) dict_keys(['example_task_group']) retrieved from /Users/roselina/opt/anaconda3/envs/python37/lib/python3.7/site-packages/airflow/example_dags/example_task_group.py
[2024-08-28T10:12:00.400+0200] {logging_mixin.py:137} INFO - [2024-08-28T10:12:00.400+0200] {dag.py:2705} INFO - Sync 1 DAGs
[2024-08-28T10:12:00.413+0200] {logging_mixin.py:137} INFO - [2024-08-28T10:12:00.413+0200] {dag.py:3456} INFO - Setting next_dagrun for example_task_group to 2024-08-27T08:12:00.413243+00:00, run_after=2024-08-28T08:12:00.413243+00:00
[2024-08-28T10:12:00.424+0200] {processor.py:175} INFO - Processing /Users/roselina/opt/anaconda3/envs/python37/lib/python3.7/site-packages/airflow/example_dags/example_task_group.py took 0.077 seconds
[2024-08-28T10:12:40.990+0200] {processor.py:153} INFO - Started process (PID=75050) to work on /Users/roselina/opt/anaconda3/envs/python37/lib/python3.7/site-packages/airflow/example_dags/example_task_group.py
[2024-08-28T10:12:40.999+0200] {processor.py:743} INFO - Processing file /Users/roselina/opt/anaconda3/envs/python37/lib/python3.7/site-packages/airflow/example_dags/example_task_group.py for tasks to queue
[2024-08-28T10:12:41.000+0200] {logging_mixin.py:137} INFO - [2024-08-28T10:12:41.000+0200] {dagbag.py:532} INFO - Filling up the DagBag from /Users/roselina/opt/anaconda3/envs/python37/lib/python3.7/site-packages/airflow/example_dags/example_task_group.py
[2024-08-28T10:12:41.021+0200] {processor.py:753} INFO - DAG(s) dict_keys(['example_task_group']) retrieved from /Users/roselina/opt/anaconda3/envs/python37/lib/python3.7/site-packages/airflow/example_dags/example_task_group.py
[2024-08-28T10:12:41.036+0200] {logging_mixin.py:137} INFO - [2024-08-28T10:12:41.035+0200] {dag.py:2705} INFO - Sync 1 DAGs
[2024-08-28T10:12:41.048+0200] {logging_mixin.py:137} INFO - [2024-08-28T10:12:41.047+0200] {dag.py:3456} INFO - Setting next_dagrun for example_task_group to 2024-08-27T08:12:41.047752+00:00, run_after=2024-08-28T08:12:41.047752+00:00
[2024-08-28T10:12:41.063+0200] {processor.py:175} INFO - Processing /Users/roselina/opt/anaconda3/envs/python37/lib/python3.7/site-packages/airflow/example_dags/example_task_group.py took 0.077 seconds
[2024-08-28T10:13:23.679+0200] {processor.py:153} INFO - Started process (PID=75114) to work on /Users/roselina/opt/anaconda3/envs/python37/lib/python3.7/site-packages/airflow/example_dags/example_task_group.py
[2024-08-28T10:13:23.680+0200] {processor.py:743} INFO - Processing file /Users/roselina/opt/anaconda3/envs/python37/lib/python3.7/site-packages/airflow/example_dags/example_task_group.py for tasks to queue
[2024-08-28T10:13:23.681+0200] {logging_mixin.py:137} INFO - [2024-08-28T10:13:23.681+0200] {dagbag.py:532} INFO - Filling up the DagBag from /Users/roselina/opt/anaconda3/envs/python37/lib/python3.7/site-packages/airflow/example_dags/example_task_group.py
[2024-08-28T10:13:23.699+0200] {processor.py:753} INFO - DAG(s) dict_keys(['example_task_group']) retrieved from /Users/roselina/opt/anaconda3/envs/python37/lib/python3.7/site-packages/airflow/example_dags/example_task_group.py
[2024-08-28T10:13:23.714+0200] {logging_mixin.py:137} INFO - [2024-08-28T10:13:23.713+0200] {dag.py:2705} INFO - Sync 1 DAGs
[2024-08-28T10:13:23.729+0200] {logging_mixin.py:137} INFO - [2024-08-28T10:13:23.729+0200] {dag.py:3456} INFO - Setting next_dagrun for example_task_group to 2024-08-27T08:13:23.729430+00:00, run_after=2024-08-28T08:13:23.729430+00:00
[2024-08-28T10:13:23.741+0200] {processor.py:175} INFO - Processing /Users/roselina/opt/anaconda3/envs/python37/lib/python3.7/site-packages/airflow/example_dags/example_task_group.py took 0.065 seconds
[2024-08-28T10:14:05.565+0200] {processor.py:153} INFO - Started process (PID=75191) to work on /Users/roselina/opt/anaconda3/envs/python37/lib/python3.7/site-packages/airflow/example_dags/example_task_group.py
[2024-08-28T10:14:05.568+0200] {processor.py:743} INFO - Processing file /Users/roselina/opt/anaconda3/envs/python37/lib/python3.7/site-packages/airflow/example_dags/example_task_group.py for tasks to queue
[2024-08-28T10:14:05.570+0200] {logging_mixin.py:137} INFO - [2024-08-28T10:14:05.569+0200] {dagbag.py:532} INFO - Filling up the DagBag from /Users/roselina/opt/anaconda3/envs/python37/lib/python3.7/site-packages/airflow/example_dags/example_task_group.py
[2024-08-28T10:14:05.592+0200] {processor.py:753} INFO - DAG(s) dict_keys(['example_task_group']) retrieved from /Users/roselina/opt/anaconda3/envs/python37/lib/python3.7/site-packages/airflow/example_dags/example_task_group.py
[2024-08-28T10:14:05.608+0200] {logging_mixin.py:137} INFO - [2024-08-28T10:14:05.607+0200] {dag.py:2705} INFO - Sync 1 DAGs
[2024-08-28T10:14:05.623+0200] {logging_mixin.py:137} INFO - [2024-08-28T10:14:05.621+0200] {dag.py:3456} INFO - Setting next_dagrun for example_task_group to 2024-08-27T08:14:05.621639+00:00, run_after=2024-08-28T08:14:05.621639+00:00
[2024-08-28T10:14:05.646+0200] {processor.py:175} INFO - Processing /Users/roselina/opt/anaconda3/envs/python37/lib/python3.7/site-packages/airflow/example_dags/example_task_group.py took 0.087 seconds
[2024-08-28T10:14:47.804+0200] {processor.py:153} INFO - Started process (PID=75240) to work on /Users/roselina/opt/anaconda3/envs/python37/lib/python3.7/site-packages/airflow/example_dags/example_task_group.py
[2024-08-28T10:14:47.806+0200] {processor.py:743} INFO - Processing file /Users/roselina/opt/anaconda3/envs/python37/lib/python3.7/site-packages/airflow/example_dags/example_task_group.py for tasks to queue
[2024-08-28T10:14:47.808+0200] {logging_mixin.py:137} INFO - [2024-08-28T10:14:47.808+0200] {dagbag.py:532} INFO - Filling up the DagBag from /Users/roselina/opt/anaconda3/envs/python37/lib/python3.7/site-packages/airflow/example_dags/example_task_group.py
[2024-08-28T10:14:47.829+0200] {processor.py:753} INFO - DAG(s) dict_keys(['example_task_group']) retrieved from /Users/roselina/opt/anaconda3/envs/python37/lib/python3.7/site-packages/airflow/example_dags/example_task_group.py
[2024-08-28T10:14:47.846+0200] {logging_mixin.py:137} INFO - [2024-08-28T10:14:47.846+0200] {dag.py:2705} INFO - Sync 1 DAGs
[2024-08-28T10:14:47.860+0200] {logging_mixin.py:137} INFO - [2024-08-28T10:14:47.860+0200] {dag.py:3456} INFO - Setting next_dagrun for example_task_group to 2024-08-27T08:14:47.860499+00:00, run_after=2024-08-28T08:14:47.860499+00:00
[2024-08-28T10:14:47.871+0200] {processor.py:175} INFO - Processing /Users/roselina/opt/anaconda3/envs/python37/lib/python3.7/site-packages/airflow/example_dags/example_task_group.py took 0.072 seconds
[2024-08-28T10:15:29.130+0200] {processor.py:153} INFO - Started process (PID=75284) to work on /Users/roselina/opt/anaconda3/envs/python37/lib/python3.7/site-packages/airflow/example_dags/example_task_group.py
[2024-08-28T10:15:29.132+0200] {processor.py:743} INFO - Processing file /Users/roselina/opt/anaconda3/envs/python37/lib/python3.7/site-packages/airflow/example_dags/example_task_group.py for tasks to queue
[2024-08-28T10:15:29.133+0200] {logging_mixin.py:137} INFO - [2024-08-28T10:15:29.133+0200] {dagbag.py:532} INFO - Filling up the DagBag from /Users/roselina/opt/anaconda3/envs/python37/lib/python3.7/site-packages/airflow/example_dags/example_task_group.py
[2024-08-28T10:15:29.153+0200] {processor.py:753} INFO - DAG(s) dict_keys(['example_task_group']) retrieved from /Users/roselina/opt/anaconda3/envs/python37/lib/python3.7/site-packages/airflow/example_dags/example_task_group.py
[2024-08-28T10:15:29.169+0200] {logging_mixin.py:137} INFO - [2024-08-28T10:15:29.169+0200] {dag.py:2705} INFO - Sync 1 DAGs
[2024-08-28T10:15:29.182+0200] {logging_mixin.py:137} INFO - [2024-08-28T10:15:29.181+0200] {dag.py:3456} INFO - Setting next_dagrun for example_task_group to 2024-08-27T08:15:29.181614+00:00, run_after=2024-08-28T08:15:29.181614+00:00
[2024-08-28T10:15:29.191+0200] {processor.py:175} INFO - Processing /Users/roselina/opt/anaconda3/envs/python37/lib/python3.7/site-packages/airflow/example_dags/example_task_group.py took 0.065 seconds
[2024-08-28T10:16:08.698+0200] {processor.py:153} INFO - Started process (PID=75329) to work on /Users/roselina/opt/anaconda3/envs/python37/lib/python3.7/site-packages/airflow/example_dags/example_task_group.py
[2024-08-28T10:16:08.700+0200] {processor.py:743} INFO - Processing file /Users/roselina/opt/anaconda3/envs/python37/lib/python3.7/site-packages/airflow/example_dags/example_task_group.py for tasks to queue
[2024-08-28T10:16:08.701+0200] {logging_mixin.py:137} INFO - [2024-08-28T10:16:08.701+0200] {dagbag.py:532} INFO - Filling up the DagBag from /Users/roselina/opt/anaconda3/envs/python37/lib/python3.7/site-packages/airflow/example_dags/example_task_group.py
[2024-08-28T10:16:08.722+0200] {processor.py:753} INFO - DAG(s) dict_keys(['example_task_group']) retrieved from /Users/roselina/opt/anaconda3/envs/python37/lib/python3.7/site-packages/airflow/example_dags/example_task_group.py
[2024-08-28T10:16:08.737+0200] {logging_mixin.py:137} INFO - [2024-08-28T10:16:08.737+0200] {dag.py:2705} INFO - Sync 1 DAGs
[2024-08-28T10:16:08.750+0200] {logging_mixin.py:137} INFO - [2024-08-28T10:16:08.750+0200] {dag.py:3456} INFO - Setting next_dagrun for example_task_group to 2024-08-27T08:16:08.750154+00:00, run_after=2024-08-28T08:16:08.750154+00:00
[2024-08-28T10:16:08.759+0200] {processor.py:175} INFO - Processing /Users/roselina/opt/anaconda3/envs/python37/lib/python3.7/site-packages/airflow/example_dags/example_task_group.py took 0.065 seconds
[2024-08-28T10:16:50.069+0200] {processor.py:153} INFO - Started process (PID=75374) to work on /Users/roselina/opt/anaconda3/envs/python37/lib/python3.7/site-packages/airflow/example_dags/example_task_group.py
[2024-08-28T10:16:50.071+0200] {processor.py:743} INFO - Processing file /Users/roselina/opt/anaconda3/envs/python37/lib/python3.7/site-packages/airflow/example_dags/example_task_group.py for tasks to queue
[2024-08-28T10:16:50.073+0200] {logging_mixin.py:137} INFO - [2024-08-28T10:16:50.072+0200] {dagbag.py:532} INFO - Filling up the DagBag from /Users/roselina/opt/anaconda3/envs/python37/lib/python3.7/site-packages/airflow/example_dags/example_task_group.py
[2024-08-28T10:16:50.091+0200] {processor.py:753} INFO - DAG(s) dict_keys(['example_task_group']) retrieved from /Users/roselina/opt/anaconda3/envs/python37/lib/python3.7/site-packages/airflow/example_dags/example_task_group.py
[2024-08-28T10:16:50.112+0200] {logging_mixin.py:137} INFO - [2024-08-28T10:16:50.112+0200] {dag.py:2705} INFO - Sync 1 DAGs
[2024-08-28T10:16:50.126+0200] {logging_mixin.py:137} INFO - [2024-08-28T10:16:50.125+0200] {dag.py:3456} INFO - Setting next_dagrun for example_task_group to 2024-08-27T08:16:50.125756+00:00, run_after=2024-08-28T08:16:50.125756+00:00
[2024-08-28T10:16:50.137+0200] {processor.py:175} INFO - Processing /Users/roselina/opt/anaconda3/envs/python37/lib/python3.7/site-packages/airflow/example_dags/example_task_group.py took 0.073 seconds
[2024-08-28T10:17:31.367+0200] {processor.py:153} INFO - Started process (PID=75428) to work on /Users/roselina/opt/anaconda3/envs/python37/lib/python3.7/site-packages/airflow/example_dags/example_task_group.py
[2024-08-28T10:17:31.369+0200] {processor.py:743} INFO - Processing file /Users/roselina/opt/anaconda3/envs/python37/lib/python3.7/site-packages/airflow/example_dags/example_task_group.py for tasks to queue
[2024-08-28T10:17:31.371+0200] {logging_mixin.py:137} INFO - [2024-08-28T10:17:31.370+0200] {dagbag.py:532} INFO - Filling up the DagBag from /Users/roselina/opt/anaconda3/envs/python37/lib/python3.7/site-packages/airflow/example_dags/example_task_group.py
[2024-08-28T10:17:31.395+0200] {processor.py:753} INFO - DAG(s) dict_keys(['example_task_group']) retrieved from /Users/roselina/opt/anaconda3/envs/python37/lib/python3.7/site-packages/airflow/example_dags/example_task_group.py
[2024-08-28T10:17:31.416+0200] {logging_mixin.py:137} INFO - [2024-08-28T10:17:31.416+0200] {dag.py:2705} INFO - Sync 1 DAGs
[2024-08-28T10:17:31.429+0200] {logging_mixin.py:137} INFO - [2024-08-28T10:17:31.429+0200] {dag.py:3456} INFO - Setting next_dagrun for example_task_group to 2024-08-27T08:17:31.429292+00:00, run_after=2024-08-28T08:17:31.429292+00:00
[2024-08-28T10:17:31.439+0200] {processor.py:175} INFO - Processing /Users/roselina/opt/anaconda3/envs/python37/lib/python3.7/site-packages/airflow/example_dags/example_task_group.py took 0.076 seconds
[2024-08-28T10:43:54.003+0200] {processor.py:153} INFO - Started process (PID=75523) to work on /Users/roselina/opt/anaconda3/envs/python37/lib/python3.7/site-packages/airflow/example_dags/example_task_group.py
[2024-08-28T10:43:54.004+0200] {processor.py:743} INFO - Processing file /Users/roselina/opt/anaconda3/envs/python37/lib/python3.7/site-packages/airflow/example_dags/example_task_group.py for tasks to queue
[2024-08-28T10:43:54.004+0200] {logging_mixin.py:137} INFO - [2024-08-28T10:43:54.004+0200] {dagbag.py:532} INFO - Filling up the DagBag from /Users/roselina/opt/anaconda3/envs/python37/lib/python3.7/site-packages/airflow/example_dags/example_task_group.py
[2024-08-28T10:43:54.016+0200] {processor.py:753} INFO - DAG(s) dict_keys(['example_task_group']) retrieved from /Users/roselina/opt/anaconda3/envs/python37/lib/python3.7/site-packages/airflow/example_dags/example_task_group.py
[2024-08-28T10:43:54.029+0200] {logging_mixin.py:137} INFO - [2024-08-28T10:43:54.029+0200] {dag.py:2705} INFO - Sync 1 DAGs
[2024-08-28T10:43:54.041+0200] {logging_mixin.py:137} INFO - [2024-08-28T10:43:54.041+0200] {dag.py:3456} INFO - Setting next_dagrun for example_task_group to 2024-08-27T08:43:54.041087+00:00, run_after=2024-08-28T08:43:54.041087+00:00
[2024-08-28T10:43:54.051+0200] {processor.py:175} INFO - Processing /Users/roselina/opt/anaconda3/envs/python37/lib/python3.7/site-packages/airflow/example_dags/example_task_group.py took 0.051 seconds
[2024-08-28T10:44:35.751+0200] {processor.py:153} INFO - Started process (PID=75577) to work on /Users/roselina/opt/anaconda3/envs/python37/lib/python3.7/site-packages/airflow/example_dags/example_task_group.py
[2024-08-28T10:44:35.753+0200] {processor.py:743} INFO - Processing file /Users/roselina/opt/anaconda3/envs/python37/lib/python3.7/site-packages/airflow/example_dags/example_task_group.py for tasks to queue
[2024-08-28T10:44:35.754+0200] {logging_mixin.py:137} INFO - [2024-08-28T10:44:35.754+0200] {dagbag.py:532} INFO - Filling up the DagBag from /Users/roselina/opt/anaconda3/envs/python37/lib/python3.7/site-packages/airflow/example_dags/example_task_group.py
[2024-08-28T10:44:35.775+0200] {processor.py:753} INFO - DAG(s) dict_keys(['example_task_group']) retrieved from /Users/roselina/opt/anaconda3/envs/python37/lib/python3.7/site-packages/airflow/example_dags/example_task_group.py
[2024-08-28T10:44:35.790+0200] {logging_mixin.py:137} INFO - [2024-08-28T10:44:35.790+0200] {dag.py:2705} INFO - Sync 1 DAGs
[2024-08-28T10:44:35.804+0200] {logging_mixin.py:137} INFO - [2024-08-28T10:44:35.804+0200] {dag.py:3456} INFO - Setting next_dagrun for example_task_group to 2024-08-27T08:44:35.804472+00:00, run_after=2024-08-28T08:44:35.804472+00:00
[2024-08-28T10:44:35.815+0200] {processor.py:175} INFO - Processing /Users/roselina/opt/anaconda3/envs/python37/lib/python3.7/site-packages/airflow/example_dags/example_task_group.py took 0.069 seconds
[2024-08-28T10:45:17.966+0200] {processor.py:153} INFO - Started process (PID=75635) to work on /Users/roselina/opt/anaconda3/envs/python37/lib/python3.7/site-packages/airflow/example_dags/example_task_group.py
[2024-08-28T10:45:17.967+0200] {processor.py:743} INFO - Processing file /Users/roselina/opt/anaconda3/envs/python37/lib/python3.7/site-packages/airflow/example_dags/example_task_group.py for tasks to queue
[2024-08-28T10:45:17.969+0200] {logging_mixin.py:137} INFO - [2024-08-28T10:45:17.968+0200] {dagbag.py:532} INFO - Filling up the DagBag from /Users/roselina/opt/anaconda3/envs/python37/lib/python3.7/site-packages/airflow/example_dags/example_task_group.py
[2024-08-28T10:45:17.988+0200] {processor.py:753} INFO - DAG(s) dict_keys(['example_task_group']) retrieved from /Users/roselina/opt/anaconda3/envs/python37/lib/python3.7/site-packages/airflow/example_dags/example_task_group.py
[2024-08-28T10:45:18.003+0200] {logging_mixin.py:137} INFO - [2024-08-28T10:45:18.002+0200] {dag.py:2705} INFO - Sync 1 DAGs
[2024-08-28T10:45:18.015+0200] {logging_mixin.py:137} INFO - [2024-08-28T10:45:18.015+0200] {dag.py:3456} INFO - Setting next_dagrun for example_task_group to 2024-08-27T08:45:18.014956+00:00, run_after=2024-08-28T08:45:18.014956+00:00
[2024-08-28T10:45:18.025+0200] {processor.py:175} INFO - Processing /Users/roselina/opt/anaconda3/envs/python37/lib/python3.7/site-packages/airflow/example_dags/example_task_group.py took 0.063 seconds
[2024-08-28T10:45:58.739+0200] {processor.py:153} INFO - Started process (PID=75681) to work on /Users/roselina/opt/anaconda3/envs/python37/lib/python3.7/site-packages/airflow/example_dags/example_task_group.py
[2024-08-28T10:45:58.740+0200] {processor.py:743} INFO - Processing file /Users/roselina/opt/anaconda3/envs/python37/lib/python3.7/site-packages/airflow/example_dags/example_task_group.py for tasks to queue
[2024-08-28T10:45:58.741+0200] {logging_mixin.py:137} INFO - [2024-08-28T10:45:58.741+0200] {dagbag.py:532} INFO - Filling up the DagBag from /Users/roselina/opt/anaconda3/envs/python37/lib/python3.7/site-packages/airflow/example_dags/example_task_group.py
[2024-08-28T10:45:58.752+0200] {processor.py:753} INFO - DAG(s) dict_keys(['example_task_group']) retrieved from /Users/roselina/opt/anaconda3/envs/python37/lib/python3.7/site-packages/airflow/example_dags/example_task_group.py
[2024-08-28T10:45:58.765+0200] {logging_mixin.py:137} INFO - [2024-08-28T10:45:58.764+0200] {dag.py:2705} INFO - Sync 1 DAGs
[2024-08-28T10:45:58.776+0200] {logging_mixin.py:137} INFO - [2024-08-28T10:45:58.776+0200] {dag.py:3456} INFO - Setting next_dagrun for example_task_group to 2024-08-27T08:45:58.776508+00:00, run_after=2024-08-28T08:45:58.776508+00:00
[2024-08-28T10:45:58.787+0200] {processor.py:175} INFO - Processing /Users/roselina/opt/anaconda3/envs/python37/lib/python3.7/site-packages/airflow/example_dags/example_task_group.py took 0.050 seconds
[2024-08-28T10:46:40.280+0200] {processor.py:153} INFO - Started process (PID=75726) to work on /Users/roselina/opt/anaconda3/envs/python37/lib/python3.7/site-packages/airflow/example_dags/example_task_group.py
[2024-08-28T10:46:40.282+0200] {processor.py:743} INFO - Processing file /Users/roselina/opt/anaconda3/envs/python37/lib/python3.7/site-packages/airflow/example_dags/example_task_group.py for tasks to queue
[2024-08-28T10:46:40.282+0200] {logging_mixin.py:137} INFO - [2024-08-28T10:46:40.282+0200] {dagbag.py:532} INFO - Filling up the DagBag from /Users/roselina/opt/anaconda3/envs/python37/lib/python3.7/site-packages/airflow/example_dags/example_task_group.py
[2024-08-28T10:46:40.295+0200] {processor.py:753} INFO - DAG(s) dict_keys(['example_task_group']) retrieved from /Users/roselina/opt/anaconda3/envs/python37/lib/python3.7/site-packages/airflow/example_dags/example_task_group.py
[2024-08-28T10:46:40.309+0200] {logging_mixin.py:137} INFO - [2024-08-28T10:46:40.308+0200] {dag.py:2705} INFO - Sync 1 DAGs
[2024-08-28T10:46:40.321+0200] {logging_mixin.py:137} INFO - [2024-08-28T10:46:40.321+0200] {dag.py:3456} INFO - Setting next_dagrun for example_task_group to 2024-08-27T08:46:40.321502+00:00, run_after=2024-08-28T08:46:40.321502+00:00
[2024-08-28T10:46:40.333+0200] {processor.py:175} INFO - Processing /Users/roselina/opt/anaconda3/envs/python37/lib/python3.7/site-packages/airflow/example_dags/example_task_group.py took 0.055 seconds
[2024-08-28T10:47:21.149+0200] {processor.py:153} INFO - Started process (PID=75781) to work on /Users/roselina/opt/anaconda3/envs/python37/lib/python3.7/site-packages/airflow/example_dags/example_task_group.py
[2024-08-28T10:47:21.151+0200] {processor.py:743} INFO - Processing file /Users/roselina/opt/anaconda3/envs/python37/lib/python3.7/site-packages/airflow/example_dags/example_task_group.py for tasks to queue
[2024-08-28T10:47:21.151+0200] {logging_mixin.py:137} INFO - [2024-08-28T10:47:21.151+0200] {dagbag.py:532} INFO - Filling up the DagBag from /Users/roselina/opt/anaconda3/envs/python37/lib/python3.7/site-packages/airflow/example_dags/example_task_group.py
[2024-08-28T10:47:21.162+0200] {processor.py:753} INFO - DAG(s) dict_keys(['example_task_group']) retrieved from /Users/roselina/opt/anaconda3/envs/python37/lib/python3.7/site-packages/airflow/example_dags/example_task_group.py
[2024-08-28T10:47:21.174+0200] {logging_mixin.py:137} INFO - [2024-08-28T10:47:21.174+0200] {dag.py:2705} INFO - Sync 1 DAGs
[2024-08-28T10:47:21.186+0200] {logging_mixin.py:137} INFO - [2024-08-28T10:47:21.185+0200] {dag.py:3456} INFO - Setting next_dagrun for example_task_group to 2024-08-27T08:47:21.185707+00:00, run_after=2024-08-28T08:47:21.185707+00:00
[2024-08-28T10:47:21.195+0200] {processor.py:175} INFO - Processing /Users/roselina/opt/anaconda3/envs/python37/lib/python3.7/site-packages/airflow/example_dags/example_task_group.py took 0.048 seconds
[2024-08-28T10:48:02.601+0200] {processor.py:153} INFO - Started process (PID=75831) to work on /Users/roselina/opt/anaconda3/envs/python37/lib/python3.7/site-packages/airflow/example_dags/example_task_group.py
[2024-08-28T10:48:02.603+0200] {processor.py:743} INFO - Processing file /Users/roselina/opt/anaconda3/envs/python37/lib/python3.7/site-packages/airflow/example_dags/example_task_group.py for tasks to queue
[2024-08-28T10:48:02.604+0200] {logging_mixin.py:137} INFO - [2024-08-28T10:48:02.603+0200] {dagbag.py:532} INFO - Filling up the DagBag from /Users/roselina/opt/anaconda3/envs/python37/lib/python3.7/site-packages/airflow/example_dags/example_task_group.py
[2024-08-28T10:48:02.614+0200] {processor.py:753} INFO - DAG(s) dict_keys(['example_task_group']) retrieved from /Users/roselina/opt/anaconda3/envs/python37/lib/python3.7/site-packages/airflow/example_dags/example_task_group.py
[2024-08-28T10:48:02.626+0200] {logging_mixin.py:137} INFO - [2024-08-28T10:48:02.626+0200] {dag.py:2705} INFO - Sync 1 DAGs
[2024-08-28T10:48:02.638+0200] {logging_mixin.py:137} INFO - [2024-08-28T10:48:02.637+0200] {dag.py:3456} INFO - Setting next_dagrun for example_task_group to 2024-08-27T08:48:02.637692+00:00, run_after=2024-08-28T08:48:02.637692+00:00
[2024-08-28T10:48:02.647+0200] {processor.py:175} INFO - Processing /Users/roselina/opt/anaconda3/envs/python37/lib/python3.7/site-packages/airflow/example_dags/example_task_group.py took 0.048 seconds
[2024-08-28T10:48:44.018+0200] {processor.py:153} INFO - Started process (PID=75895) to work on /Users/roselina/opt/anaconda3/envs/python37/lib/python3.7/site-packages/airflow/example_dags/example_task_group.py
[2024-08-28T10:48:44.019+0200] {processor.py:743} INFO - Processing file /Users/roselina/opt/anaconda3/envs/python37/lib/python3.7/site-packages/airflow/example_dags/example_task_group.py for tasks to queue
[2024-08-28T10:48:44.020+0200] {logging_mixin.py:137} INFO - [2024-08-28T10:48:44.019+0200] {dagbag.py:532} INFO - Filling up the DagBag from /Users/roselina/opt/anaconda3/envs/python37/lib/python3.7/site-packages/airflow/example_dags/example_task_group.py
[2024-08-28T10:48:44.031+0200] {processor.py:753} INFO - DAG(s) dict_keys(['example_task_group']) retrieved from /Users/roselina/opt/anaconda3/envs/python37/lib/python3.7/site-packages/airflow/example_dags/example_task_group.py
[2024-08-28T10:48:44.044+0200] {logging_mixin.py:137} INFO - [2024-08-28T10:48:44.044+0200] {dag.py:2705} INFO - Sync 1 DAGs
[2024-08-28T10:48:44.056+0200] {logging_mixin.py:137} INFO - [2024-08-28T10:48:44.056+0200] {dag.py:3456} INFO - Setting next_dagrun for example_task_group to 2024-08-27T08:48:44.056292+00:00, run_after=2024-08-28T08:48:44.056292+00:00
[2024-08-28T10:48:44.066+0200] {processor.py:175} INFO - Processing /Users/roselina/opt/anaconda3/envs/python37/lib/python3.7/site-packages/airflow/example_dags/example_task_group.py took 0.051 seconds
[2024-08-28T10:49:25.429+0200] {processor.py:153} INFO - Started process (PID=75948) to work on /Users/roselina/opt/anaconda3/envs/python37/lib/python3.7/site-packages/airflow/example_dags/example_task_group.py
[2024-08-28T10:49:25.430+0200] {processor.py:743} INFO - Processing file /Users/roselina/opt/anaconda3/envs/python37/lib/python3.7/site-packages/airflow/example_dags/example_task_group.py for tasks to queue
[2024-08-28T10:49:25.431+0200] {logging_mixin.py:137} INFO - [2024-08-28T10:49:25.430+0200] {dagbag.py:532} INFO - Filling up the DagBag from /Users/roselina/opt/anaconda3/envs/python37/lib/python3.7/site-packages/airflow/example_dags/example_task_group.py
[2024-08-28T10:49:25.442+0200] {processor.py:753} INFO - DAG(s) dict_keys(['example_task_group']) retrieved from /Users/roselina/opt/anaconda3/envs/python37/lib/python3.7/site-packages/airflow/example_dags/example_task_group.py
[2024-08-28T10:49:25.454+0200] {logging_mixin.py:137} INFO - [2024-08-28T10:49:25.454+0200] {dag.py:2705} INFO - Sync 1 DAGs
[2024-08-28T10:49:25.465+0200] {logging_mixin.py:137} INFO - [2024-08-28T10:49:25.465+0200] {dag.py:3456} INFO - Setting next_dagrun for example_task_group to 2024-08-27T08:49:25.465515+00:00, run_after=2024-08-28T08:49:25.465515+00:00
[2024-08-28T10:49:25.475+0200] {processor.py:175} INFO - Processing /Users/roselina/opt/anaconda3/envs/python37/lib/python3.7/site-packages/airflow/example_dags/example_task_group.py took 0.049 seconds
[2024-08-28T10:50:06.932+0200] {processor.py:153} INFO - Started process (PID=75994) to work on /Users/roselina/opt/anaconda3/envs/python37/lib/python3.7/site-packages/airflow/example_dags/example_task_group.py
[2024-08-28T10:50:06.934+0200] {processor.py:743} INFO - Processing file /Users/roselina/opt/anaconda3/envs/python37/lib/python3.7/site-packages/airflow/example_dags/example_task_group.py for tasks to queue
[2024-08-28T10:50:06.936+0200] {logging_mixin.py:137} INFO - [2024-08-28T10:50:06.935+0200] {dagbag.py:532} INFO - Filling up the DagBag from /Users/roselina/opt/anaconda3/envs/python37/lib/python3.7/site-packages/airflow/example_dags/example_task_group.py
[2024-08-28T10:50:06.955+0200] {processor.py:753} INFO - DAG(s) dict_keys(['example_task_group']) retrieved from /Users/roselina/opt/anaconda3/envs/python37/lib/python3.7/site-packages/airflow/example_dags/example_task_group.py
[2024-08-28T10:50:06.972+0200] {logging_mixin.py:137} INFO - [2024-08-28T10:50:06.972+0200] {dag.py:2705} INFO - Sync 1 DAGs
[2024-08-28T10:50:06.985+0200] {logging_mixin.py:137} INFO - [2024-08-28T10:50:06.984+0200] {dag.py:3456} INFO - Setting next_dagrun for example_task_group to 2024-08-27T08:50:06.984819+00:00, run_after=2024-08-28T08:50:06.984819+00:00
[2024-08-28T10:50:06.995+0200] {processor.py:175} INFO - Processing /Users/roselina/opt/anaconda3/envs/python37/lib/python3.7/site-packages/airflow/example_dags/example_task_group.py took 0.067 seconds
[2024-08-28T10:50:48.031+0200] {processor.py:153} INFO - Started process (PID=76038) to work on /Users/roselina/opt/anaconda3/envs/python37/lib/python3.7/site-packages/airflow/example_dags/example_task_group.py
[2024-08-28T10:50:48.034+0200] {processor.py:743} INFO - Processing file /Users/roselina/opt/anaconda3/envs/python37/lib/python3.7/site-packages/airflow/example_dags/example_task_group.py for tasks to queue
[2024-08-28T10:50:48.035+0200] {logging_mixin.py:137} INFO - [2024-08-28T10:50:48.035+0200] {dagbag.py:532} INFO - Filling up the DagBag from /Users/roselina/opt/anaconda3/envs/python37/lib/python3.7/site-packages/airflow/example_dags/example_task_group.py
[2024-08-28T10:50:48.053+0200] {processor.py:753} INFO - DAG(s) dict_keys(['example_task_group']) retrieved from /Users/roselina/opt/anaconda3/envs/python37/lib/python3.7/site-packages/airflow/example_dags/example_task_group.py
[2024-08-28T10:50:48.070+0200] {logging_mixin.py:137} INFO - [2024-08-28T10:50:48.070+0200] {dag.py:2705} INFO - Sync 1 DAGs
[2024-08-28T10:50:48.084+0200] {logging_mixin.py:137} INFO - [2024-08-28T10:50:48.084+0200] {dag.py:3456} INFO - Setting next_dagrun for example_task_group to 2024-08-27T08:50:48.083982+00:00, run_after=2024-08-28T08:50:48.083982+00:00
[2024-08-28T10:50:48.094+0200] {processor.py:175} INFO - Processing /Users/roselina/opt/anaconda3/envs/python37/lib/python3.7/site-packages/airflow/example_dags/example_task_group.py took 0.068 seconds
[2024-08-28T10:51:30.578+0200] {processor.py:153} INFO - Started process (PID=76100) to work on /Users/roselina/opt/anaconda3/envs/python37/lib/python3.7/site-packages/airflow/example_dags/example_task_group.py
[2024-08-28T10:51:30.580+0200] {processor.py:743} INFO - Processing file /Users/roselina/opt/anaconda3/envs/python37/lib/python3.7/site-packages/airflow/example_dags/example_task_group.py for tasks to queue
[2024-08-28T10:51:30.581+0200] {logging_mixin.py:137} INFO - [2024-08-28T10:51:30.581+0200] {dagbag.py:532} INFO - Filling up the DagBag from /Users/roselina/opt/anaconda3/envs/python37/lib/python3.7/site-packages/airflow/example_dags/example_task_group.py
[2024-08-28T10:51:30.600+0200] {processor.py:753} INFO - DAG(s) dict_keys(['example_task_group']) retrieved from /Users/roselina/opt/anaconda3/envs/python37/lib/python3.7/site-packages/airflow/example_dags/example_task_group.py
[2024-08-28T10:51:30.615+0200] {logging_mixin.py:137} INFO - [2024-08-28T10:51:30.615+0200] {dag.py:2705} INFO - Sync 1 DAGs
[2024-08-28T10:51:30.629+0200] {logging_mixin.py:137} INFO - [2024-08-28T10:51:30.628+0200] {dag.py:3456} INFO - Setting next_dagrun for example_task_group to 2024-08-27T08:51:30.628685+00:00, run_after=2024-08-28T08:51:30.628685+00:00
[2024-08-28T10:51:30.639+0200] {processor.py:175} INFO - Processing /Users/roselina/opt/anaconda3/envs/python37/lib/python3.7/site-packages/airflow/example_dags/example_task_group.py took 0.065 seconds
[2024-08-28T10:52:10.440+0200] {processor.py:153} INFO - Started process (PID=76153) to work on /Users/roselina/opt/anaconda3/envs/python37/lib/python3.7/site-packages/airflow/example_dags/example_task_group.py
[2024-08-28T10:52:10.442+0200] {processor.py:743} INFO - Processing file /Users/roselina/opt/anaconda3/envs/python37/lib/python3.7/site-packages/airflow/example_dags/example_task_group.py for tasks to queue
[2024-08-28T10:52:10.444+0200] {logging_mixin.py:137} INFO - [2024-08-28T10:52:10.443+0200] {dagbag.py:532} INFO - Filling up the DagBag from /Users/roselina/opt/anaconda3/envs/python37/lib/python3.7/site-packages/airflow/example_dags/example_task_group.py
[2024-08-28T10:52:10.463+0200] {processor.py:753} INFO - DAG(s) dict_keys(['example_task_group']) retrieved from /Users/roselina/opt/anaconda3/envs/python37/lib/python3.7/site-packages/airflow/example_dags/example_task_group.py
[2024-08-28T10:52:10.480+0200] {logging_mixin.py:137} INFO - [2024-08-28T10:52:10.479+0200] {dag.py:2705} INFO - Sync 1 DAGs
[2024-08-28T10:52:10.492+0200] {logging_mixin.py:137} INFO - [2024-08-28T10:52:10.492+0200] {dag.py:3456} INFO - Setting next_dagrun for example_task_group to 2024-08-27T08:52:10.492395+00:00, run_after=2024-08-28T08:52:10.492395+00:00
[2024-08-28T10:52:10.503+0200] {processor.py:175} INFO - Processing /Users/roselina/opt/anaconda3/envs/python37/lib/python3.7/site-packages/airflow/example_dags/example_task_group.py took 0.067 seconds
[2024-08-28T10:52:53.013+0200] {processor.py:153} INFO - Started process (PID=76200) to work on /Users/roselina/opt/anaconda3/envs/python37/lib/python3.7/site-packages/airflow/example_dags/example_task_group.py
[2024-08-28T10:52:53.015+0200] {processor.py:743} INFO - Processing file /Users/roselina/opt/anaconda3/envs/python37/lib/python3.7/site-packages/airflow/example_dags/example_task_group.py for tasks to queue
[2024-08-28T10:52:53.016+0200] {logging_mixin.py:137} INFO - [2024-08-28T10:52:53.016+0200] {dagbag.py:532} INFO - Filling up the DagBag from /Users/roselina/opt/anaconda3/envs/python37/lib/python3.7/site-packages/airflow/example_dags/example_task_group.py
[2024-08-28T10:52:53.039+0200] {processor.py:753} INFO - DAG(s) dict_keys(['example_task_group']) retrieved from /Users/roselina/opt/anaconda3/envs/python37/lib/python3.7/site-packages/airflow/example_dags/example_task_group.py
[2024-08-28T10:52:53.054+0200] {logging_mixin.py:137} INFO - [2024-08-28T10:52:53.053+0200] {dag.py:2705} INFO - Sync 1 DAGs
[2024-08-28T10:52:53.066+0200] {logging_mixin.py:137} INFO - [2024-08-28T10:52:53.065+0200] {dag.py:3456} INFO - Setting next_dagrun for example_task_group to 2024-08-27T08:52:53.065678+00:00, run_after=2024-08-28T08:52:53.065678+00:00
[2024-08-28T10:52:53.075+0200] {processor.py:175} INFO - Processing /Users/roselina/opt/anaconda3/envs/python37/lib/python3.7/site-packages/airflow/example_dags/example_task_group.py took 0.067 seconds
