[2024-08-28T10:11:14.157+0200] {processor.py:153} INFO - Started process (PID=74927) to work on /Users/roselina/opt/anaconda3/envs/python37/lib/python3.7/site-packages/airflow/example_dags/example_time_delta_sensor_async.py
[2024-08-28T10:11:14.158+0200] {processor.py:743} INFO - Processing file /Users/roselina/opt/anaconda3/envs/python37/lib/python3.7/site-packages/airflow/example_dags/example_time_delta_sensor_async.py for tasks to queue
[2024-08-28T10:11:14.159+0200] {logging_mixin.py:137} INFO - [2024-08-28T10:11:14.159+0200] {dagbag.py:532} INFO - Filling up the DagBag from /Users/roselina/opt/anaconda3/envs/python37/lib/python3.7/site-packages/airflow/example_dags/example_time_delta_sensor_async.py
[2024-08-28T10:11:14.175+0200] {processor.py:753} INFO - DAG(s) dict_keys(['example_time_delta_sensor_async']) retrieved from /Users/roselina/opt/anaconda3/envs/python37/lib/python3.7/site-packages/airflow/example_dags/example_time_delta_sensor_async.py
[2024-08-28T10:11:14.234+0200] {logging_mixin.py:137} INFO - [2024-08-28T10:11:14.234+0200] {manager.py:504} INFO - Created Permission View: can read on DAG:example_time_delta_sensor_async
[2024-08-28T10:11:14.239+0200] {logging_mixin.py:137} INFO - [2024-08-28T10:11:14.238+0200] {manager.py:504} INFO - Created Permission View: can delete on DAG:example_time_delta_sensor_async
[2024-08-28T10:11:14.243+0200] {logging_mixin.py:137} INFO - [2024-08-28T10:11:14.243+0200] {manager.py:504} INFO - Created Permission View: can edit on DAG:example_time_delta_sensor_async
[2024-08-28T10:11:14.243+0200] {logging_mixin.py:137} INFO - [2024-08-28T10:11:14.243+0200] {dag.py:2705} INFO - Sync 1 DAGs
[2024-08-28T10:11:14.250+0200] {logging_mixin.py:137} INFO - [2024-08-28T10:11:14.250+0200] {dag.py:2726} INFO - Creating ORM DAG for example_time_delta_sensor_async
[2024-08-28T10:11:14.255+0200] {logging_mixin.py:137} INFO - [2024-08-28T10:11:14.255+0200] {dag.py:3456} INFO - Setting next_dagrun for example_time_delta_sensor_async to None, run_after=None
[2024-08-28T10:11:14.264+0200] {processor.py:175} INFO - Processing /Users/roselina/opt/anaconda3/envs/python37/lib/python3.7/site-packages/airflow/example_dags/example_time_delta_sensor_async.py took 0.111 seconds
[2024-08-28T10:11:58.480+0200] {processor.py:153} INFO - Started process (PID=74982) to work on /Users/roselina/opt/anaconda3/envs/python37/lib/python3.7/site-packages/airflow/example_dags/example_time_delta_sensor_async.py
[2024-08-28T10:11:58.482+0200] {processor.py:743} INFO - Processing file /Users/roselina/opt/anaconda3/envs/python37/lib/python3.7/site-packages/airflow/example_dags/example_time_delta_sensor_async.py for tasks to queue
[2024-08-28T10:11:58.484+0200] {logging_mixin.py:137} INFO - [2024-08-28T10:11:58.483+0200] {dagbag.py:532} INFO - Filling up the DagBag from /Users/roselina/opt/anaconda3/envs/python37/lib/python3.7/site-packages/airflow/example_dags/example_time_delta_sensor_async.py
[2024-08-28T10:11:58.499+0200] {processor.py:753} INFO - DAG(s) dict_keys(['example_time_delta_sensor_async']) retrieved from /Users/roselina/opt/anaconda3/envs/python37/lib/python3.7/site-packages/airflow/example_dags/example_time_delta_sensor_async.py
[2024-08-28T10:11:58.514+0200] {logging_mixin.py:137} INFO - [2024-08-28T10:11:58.514+0200] {dag.py:2705} INFO - Sync 1 DAGs
[2024-08-28T10:11:58.526+0200] {logging_mixin.py:137} INFO - [2024-08-28T10:11:58.526+0200] {dag.py:3456} INFO - Setting next_dagrun for example_time_delta_sensor_async to None, run_after=None
[2024-08-28T10:11:58.536+0200] {processor.py:175} INFO - Processing /Users/roselina/opt/anaconda3/envs/python37/lib/python3.7/site-packages/airflow/example_dags/example_time_delta_sensor_async.py took 0.060 seconds
[2024-08-28T10:12:38.660+0200] {processor.py:153} INFO - Started process (PID=75047) to work on /Users/roselina/opt/anaconda3/envs/python37/lib/python3.7/site-packages/airflow/example_dags/example_time_delta_sensor_async.py
[2024-08-28T10:12:38.662+0200] {processor.py:743} INFO - Processing file /Users/roselina/opt/anaconda3/envs/python37/lib/python3.7/site-packages/airflow/example_dags/example_time_delta_sensor_async.py for tasks to queue
[2024-08-28T10:12:38.663+0200] {logging_mixin.py:137} INFO - [2024-08-28T10:12:38.663+0200] {dagbag.py:532} INFO - Filling up the DagBag from /Users/roselina/opt/anaconda3/envs/python37/lib/python3.7/site-packages/airflow/example_dags/example_time_delta_sensor_async.py
[2024-08-28T10:12:38.680+0200] {processor.py:753} INFO - DAG(s) dict_keys(['example_time_delta_sensor_async']) retrieved from /Users/roselina/opt/anaconda3/envs/python37/lib/python3.7/site-packages/airflow/example_dags/example_time_delta_sensor_async.py
[2024-08-28T10:12:38.703+0200] {logging_mixin.py:137} INFO - [2024-08-28T10:12:38.702+0200] {dag.py:2705} INFO - Sync 1 DAGs
[2024-08-28T10:12:38.716+0200] {logging_mixin.py:137} INFO - [2024-08-28T10:12:38.715+0200] {dag.py:3456} INFO - Setting next_dagrun for example_time_delta_sensor_async to None, run_after=None
[2024-08-28T10:12:38.725+0200] {processor.py:175} INFO - Processing /Users/roselina/opt/anaconda3/envs/python37/lib/python3.7/site-packages/airflow/example_dags/example_time_delta_sensor_async.py took 0.070 seconds
[2024-08-28T10:13:22.177+0200] {processor.py:153} INFO - Started process (PID=75112) to work on /Users/roselina/opt/anaconda3/envs/python37/lib/python3.7/site-packages/airflow/example_dags/example_time_delta_sensor_async.py
[2024-08-28T10:13:22.179+0200] {processor.py:743} INFO - Processing file /Users/roselina/opt/anaconda3/envs/python37/lib/python3.7/site-packages/airflow/example_dags/example_time_delta_sensor_async.py for tasks to queue
[2024-08-28T10:13:22.180+0200] {logging_mixin.py:137} INFO - [2024-08-28T10:13:22.179+0200] {dagbag.py:532} INFO - Filling up the DagBag from /Users/roselina/opt/anaconda3/envs/python37/lib/python3.7/site-packages/airflow/example_dags/example_time_delta_sensor_async.py
[2024-08-28T10:13:22.195+0200] {processor.py:753} INFO - DAG(s) dict_keys(['example_time_delta_sensor_async']) retrieved from /Users/roselina/opt/anaconda3/envs/python37/lib/python3.7/site-packages/airflow/example_dags/example_time_delta_sensor_async.py
[2024-08-28T10:13:22.212+0200] {logging_mixin.py:137} INFO - [2024-08-28T10:13:22.212+0200] {dag.py:2705} INFO - Sync 1 DAGs
[2024-08-28T10:13:22.225+0200] {logging_mixin.py:137} INFO - [2024-08-28T10:13:22.225+0200] {dag.py:3456} INFO - Setting next_dagrun for example_time_delta_sensor_async to None, run_after=None
[2024-08-28T10:13:22.236+0200] {processor.py:175} INFO - Processing /Users/roselina/opt/anaconda3/envs/python37/lib/python3.7/site-packages/airflow/example_dags/example_time_delta_sensor_async.py took 0.062 seconds
[2024-08-28T10:14:03.233+0200] {processor.py:153} INFO - Started process (PID=75183) to work on /Users/roselina/opt/anaconda3/envs/python37/lib/python3.7/site-packages/airflow/example_dags/example_time_delta_sensor_async.py
[2024-08-28T10:14:03.235+0200] {processor.py:743} INFO - Processing file /Users/roselina/opt/anaconda3/envs/python37/lib/python3.7/site-packages/airflow/example_dags/example_time_delta_sensor_async.py for tasks to queue
[2024-08-28T10:14:03.237+0200] {logging_mixin.py:137} INFO - [2024-08-28T10:14:03.236+0200] {dagbag.py:532} INFO - Filling up the DagBag from /Users/roselina/opt/anaconda3/envs/python37/lib/python3.7/site-packages/airflow/example_dags/example_time_delta_sensor_async.py
[2024-08-28T10:14:03.252+0200] {processor.py:753} INFO - DAG(s) dict_keys(['example_time_delta_sensor_async']) retrieved from /Users/roselina/opt/anaconda3/envs/python37/lib/python3.7/site-packages/airflow/example_dags/example_time_delta_sensor_async.py
[2024-08-28T10:14:03.280+0200] {logging_mixin.py:137} INFO - [2024-08-28T10:14:03.279+0200] {dag.py:2705} INFO - Sync 1 DAGs
[2024-08-28T10:14:03.298+0200] {logging_mixin.py:137} INFO - [2024-08-28T10:14:03.297+0200] {dag.py:3456} INFO - Setting next_dagrun for example_time_delta_sensor_async to None, run_after=None
[2024-08-28T10:14:03.307+0200] {processor.py:175} INFO - Processing /Users/roselina/opt/anaconda3/envs/python37/lib/python3.7/site-packages/airflow/example_dags/example_time_delta_sensor_async.py took 0.078 seconds
[2024-08-28T10:14:46.136+0200] {processor.py:153} INFO - Started process (PID=75237) to work on /Users/roselina/opt/anaconda3/envs/python37/lib/python3.7/site-packages/airflow/example_dags/example_time_delta_sensor_async.py
[2024-08-28T10:14:46.138+0200] {processor.py:743} INFO - Processing file /Users/roselina/opt/anaconda3/envs/python37/lib/python3.7/site-packages/airflow/example_dags/example_time_delta_sensor_async.py for tasks to queue
[2024-08-28T10:14:46.140+0200] {logging_mixin.py:137} INFO - [2024-08-28T10:14:46.139+0200] {dagbag.py:532} INFO - Filling up the DagBag from /Users/roselina/opt/anaconda3/envs/python37/lib/python3.7/site-packages/airflow/example_dags/example_time_delta_sensor_async.py
[2024-08-28T10:14:46.158+0200] {processor.py:753} INFO - DAG(s) dict_keys(['example_time_delta_sensor_async']) retrieved from /Users/roselina/opt/anaconda3/envs/python37/lib/python3.7/site-packages/airflow/example_dags/example_time_delta_sensor_async.py
[2024-08-28T10:14:46.178+0200] {logging_mixin.py:137} INFO - [2024-08-28T10:14:46.178+0200] {dag.py:2705} INFO - Sync 1 DAGs
[2024-08-28T10:14:46.193+0200] {logging_mixin.py:137} INFO - [2024-08-28T10:14:46.193+0200] {dag.py:3456} INFO - Setting next_dagrun for example_time_delta_sensor_async to None, run_after=None
[2024-08-28T10:14:46.203+0200] {processor.py:175} INFO - Processing /Users/roselina/opt/anaconda3/envs/python37/lib/python3.7/site-packages/airflow/example_dags/example_time_delta_sensor_async.py took 0.071 seconds
[2024-08-28T10:15:26.801+0200] {processor.py:153} INFO - Started process (PID=75282) to work on /Users/roselina/opt/anaconda3/envs/python37/lib/python3.7/site-packages/airflow/example_dags/example_time_delta_sensor_async.py
[2024-08-28T10:15:26.803+0200] {processor.py:743} INFO - Processing file /Users/roselina/opt/anaconda3/envs/python37/lib/python3.7/site-packages/airflow/example_dags/example_time_delta_sensor_async.py for tasks to queue
[2024-08-28T10:15:26.804+0200] {logging_mixin.py:137} INFO - [2024-08-28T10:15:26.804+0200] {dagbag.py:532} INFO - Filling up the DagBag from /Users/roselina/opt/anaconda3/envs/python37/lib/python3.7/site-packages/airflow/example_dags/example_time_delta_sensor_async.py
[2024-08-28T10:15:26.821+0200] {processor.py:753} INFO - DAG(s) dict_keys(['example_time_delta_sensor_async']) retrieved from /Users/roselina/opt/anaconda3/envs/python37/lib/python3.7/site-packages/airflow/example_dags/example_time_delta_sensor_async.py
[2024-08-28T10:15:26.838+0200] {logging_mixin.py:137} INFO - [2024-08-28T10:15:26.838+0200] {dag.py:2705} INFO - Sync 1 DAGs
[2024-08-28T10:15:26.851+0200] {logging_mixin.py:137} INFO - [2024-08-28T10:15:26.850+0200] {dag.py:3456} INFO - Setting next_dagrun for example_time_delta_sensor_async to None, run_after=None
[2024-08-28T10:15:26.860+0200] {processor.py:175} INFO - Processing /Users/roselina/opt/anaconda3/envs/python37/lib/python3.7/site-packages/airflow/example_dags/example_time_delta_sensor_async.py took 0.063 seconds
[2024-08-28T10:16:06.376+0200] {processor.py:153} INFO - Started process (PID=75326) to work on /Users/roselina/opt/anaconda3/envs/python37/lib/python3.7/site-packages/airflow/example_dags/example_time_delta_sensor_async.py
[2024-08-28T10:16:06.378+0200] {processor.py:743} INFO - Processing file /Users/roselina/opt/anaconda3/envs/python37/lib/python3.7/site-packages/airflow/example_dags/example_time_delta_sensor_async.py for tasks to queue
[2024-08-28T10:16:06.379+0200] {logging_mixin.py:137} INFO - [2024-08-28T10:16:06.379+0200] {dagbag.py:532} INFO - Filling up the DagBag from /Users/roselina/opt/anaconda3/envs/python37/lib/python3.7/site-packages/airflow/example_dags/example_time_delta_sensor_async.py
[2024-08-28T10:16:06.396+0200] {processor.py:753} INFO - DAG(s) dict_keys(['example_time_delta_sensor_async']) retrieved from /Users/roselina/opt/anaconda3/envs/python37/lib/python3.7/site-packages/airflow/example_dags/example_time_delta_sensor_async.py
[2024-08-28T10:16:06.412+0200] {logging_mixin.py:137} INFO - [2024-08-28T10:16:06.411+0200] {dag.py:2705} INFO - Sync 1 DAGs
[2024-08-28T10:16:06.424+0200] {logging_mixin.py:137} INFO - [2024-08-28T10:16:06.424+0200] {dag.py:3456} INFO - Setting next_dagrun for example_time_delta_sensor_async to None, run_after=None
[2024-08-28T10:16:06.434+0200] {processor.py:175} INFO - Processing /Users/roselina/opt/anaconda3/envs/python37/lib/python3.7/site-packages/airflow/example_dags/example_time_delta_sensor_async.py took 0.063 seconds
[2024-08-28T10:16:47.739+0200] {processor.py:153} INFO - Started process (PID=75372) to work on /Users/roselina/opt/anaconda3/envs/python37/lib/python3.7/site-packages/airflow/example_dags/example_time_delta_sensor_async.py
[2024-08-28T10:16:47.741+0200] {processor.py:743} INFO - Processing file /Users/roselina/opt/anaconda3/envs/python37/lib/python3.7/site-packages/airflow/example_dags/example_time_delta_sensor_async.py for tasks to queue
[2024-08-28T10:16:47.742+0200] {logging_mixin.py:137} INFO - [2024-08-28T10:16:47.742+0200] {dagbag.py:532} INFO - Filling up the DagBag from /Users/roselina/opt/anaconda3/envs/python37/lib/python3.7/site-packages/airflow/example_dags/example_time_delta_sensor_async.py
[2024-08-28T10:16:47.759+0200] {processor.py:753} INFO - DAG(s) dict_keys(['example_time_delta_sensor_async']) retrieved from /Users/roselina/opt/anaconda3/envs/python37/lib/python3.7/site-packages/airflow/example_dags/example_time_delta_sensor_async.py
[2024-08-28T10:16:47.782+0200] {logging_mixin.py:137} INFO - [2024-08-28T10:16:47.781+0200] {dag.py:2705} INFO - Sync 1 DAGs
[2024-08-28T10:16:47.794+0200] {logging_mixin.py:137} INFO - [2024-08-28T10:16:47.794+0200] {dag.py:3456} INFO - Setting next_dagrun for example_time_delta_sensor_async to None, run_after=None
[2024-08-28T10:16:47.803+0200] {processor.py:175} INFO - Processing /Users/roselina/opt/anaconda3/envs/python37/lib/python3.7/site-packages/airflow/example_dags/example_time_delta_sensor_async.py took 0.069 seconds
[2024-08-28T10:17:29.036+0200] {processor.py:153} INFO - Started process (PID=75424) to work on /Users/roselina/opt/anaconda3/envs/python37/lib/python3.7/site-packages/airflow/example_dags/example_time_delta_sensor_async.py
[2024-08-28T10:17:29.038+0200] {processor.py:743} INFO - Processing file /Users/roselina/opt/anaconda3/envs/python37/lib/python3.7/site-packages/airflow/example_dags/example_time_delta_sensor_async.py for tasks to queue
[2024-08-28T10:17:29.040+0200] {logging_mixin.py:137} INFO - [2024-08-28T10:17:29.039+0200] {dagbag.py:532} INFO - Filling up the DagBag from /Users/roselina/opt/anaconda3/envs/python37/lib/python3.7/site-packages/airflow/example_dags/example_time_delta_sensor_async.py
[2024-08-28T10:17:29.056+0200] {processor.py:753} INFO - DAG(s) dict_keys(['example_time_delta_sensor_async']) retrieved from /Users/roselina/opt/anaconda3/envs/python37/lib/python3.7/site-packages/airflow/example_dags/example_time_delta_sensor_async.py
[2024-08-28T10:17:29.079+0200] {logging_mixin.py:137} INFO - [2024-08-28T10:17:29.079+0200] {dag.py:2705} INFO - Sync 1 DAGs
[2024-08-28T10:17:29.093+0200] {logging_mixin.py:137} INFO - [2024-08-28T10:17:29.093+0200] {dag.py:3456} INFO - Setting next_dagrun for example_time_delta_sensor_async to None, run_after=None
[2024-08-28T10:17:29.103+0200] {processor.py:175} INFO - Processing /Users/roselina/opt/anaconda3/envs/python37/lib/python3.7/site-packages/airflow/example_dags/example_time_delta_sensor_async.py took 0.070 seconds
[2024-08-28T10:43:51.709+0200] {processor.py:153} INFO - Started process (PID=75520) to work on /Users/roselina/opt/anaconda3/envs/python37/lib/python3.7/site-packages/airflow/example_dags/example_time_delta_sensor_async.py
[2024-08-28T10:43:51.711+0200] {processor.py:743} INFO - Processing file /Users/roselina/opt/anaconda3/envs/python37/lib/python3.7/site-packages/airflow/example_dags/example_time_delta_sensor_async.py for tasks to queue
[2024-08-28T10:43:51.713+0200] {logging_mixin.py:137} INFO - [2024-08-28T10:43:51.712+0200] {dagbag.py:532} INFO - Filling up the DagBag from /Users/roselina/opt/anaconda3/envs/python37/lib/python3.7/site-packages/airflow/example_dags/example_time_delta_sensor_async.py
[2024-08-28T10:43:51.728+0200] {processor.py:753} INFO - DAG(s) dict_keys(['example_time_delta_sensor_async']) retrieved from /Users/roselina/opt/anaconda3/envs/python37/lib/python3.7/site-packages/airflow/example_dags/example_time_delta_sensor_async.py
[2024-08-28T10:43:51.743+0200] {logging_mixin.py:137} INFO - [2024-08-28T10:43:51.743+0200] {dag.py:2705} INFO - Sync 1 DAGs
[2024-08-28T10:43:51.757+0200] {logging_mixin.py:137} INFO - [2024-08-28T10:43:51.756+0200] {dag.py:3456} INFO - Setting next_dagrun for example_time_delta_sensor_async to None, run_after=None
[2024-08-28T10:43:51.767+0200] {processor.py:175} INFO - Processing /Users/roselina/opt/anaconda3/envs/python37/lib/python3.7/site-packages/airflow/example_dags/example_time_delta_sensor_async.py took 0.061 seconds
[2024-08-28T10:44:34.066+0200] {processor.py:153} INFO - Started process (PID=75575) to work on /Users/roselina/opt/anaconda3/envs/python37/lib/python3.7/site-packages/airflow/example_dags/example_time_delta_sensor_async.py
[2024-08-28T10:44:34.067+0200] {processor.py:743} INFO - Processing file /Users/roselina/opt/anaconda3/envs/python37/lib/python3.7/site-packages/airflow/example_dags/example_time_delta_sensor_async.py for tasks to queue
[2024-08-28T10:44:34.069+0200] {logging_mixin.py:137} INFO - [2024-08-28T10:44:34.068+0200] {dagbag.py:532} INFO - Filling up the DagBag from /Users/roselina/opt/anaconda3/envs/python37/lib/python3.7/site-packages/airflow/example_dags/example_time_delta_sensor_async.py
[2024-08-28T10:44:34.095+0200] {processor.py:753} INFO - DAG(s) dict_keys(['example_time_delta_sensor_async']) retrieved from /Users/roselina/opt/anaconda3/envs/python37/lib/python3.7/site-packages/airflow/example_dags/example_time_delta_sensor_async.py
[2024-08-28T10:44:34.113+0200] {logging_mixin.py:137} INFO - [2024-08-28T10:44:34.113+0200] {dag.py:2705} INFO - Sync 1 DAGs
[2024-08-28T10:44:34.126+0200] {logging_mixin.py:137} INFO - [2024-08-28T10:44:34.126+0200] {dag.py:3456} INFO - Setting next_dagrun for example_time_delta_sensor_async to None, run_after=None
[2024-08-28T10:44:34.136+0200] {processor.py:175} INFO - Processing /Users/roselina/opt/anaconda3/envs/python37/lib/python3.7/site-packages/airflow/example_dags/example_time_delta_sensor_async.py took 0.076 seconds
[2024-08-28T10:45:16.940+0200] {processor.py:153} INFO - Started process (PID=75633) to work on /Users/roselina/opt/anaconda3/envs/python37/lib/python3.7/site-packages/airflow/example_dags/example_time_delta_sensor_async.py
[2024-08-28T10:45:16.942+0200] {processor.py:743} INFO - Processing file /Users/roselina/opt/anaconda3/envs/python37/lib/python3.7/site-packages/airflow/example_dags/example_time_delta_sensor_async.py for tasks to queue
[2024-08-28T10:45:16.943+0200] {logging_mixin.py:137} INFO - [2024-08-28T10:45:16.943+0200] {dagbag.py:532} INFO - Filling up the DagBag from /Users/roselina/opt/anaconda3/envs/python37/lib/python3.7/site-packages/airflow/example_dags/example_time_delta_sensor_async.py
[2024-08-28T10:45:16.960+0200] {processor.py:753} INFO - DAG(s) dict_keys(['example_time_delta_sensor_async']) retrieved from /Users/roselina/opt/anaconda3/envs/python37/lib/python3.7/site-packages/airflow/example_dags/example_time_delta_sensor_async.py
[2024-08-28T10:45:16.976+0200] {logging_mixin.py:137} INFO - [2024-08-28T10:45:16.976+0200] {dag.py:2705} INFO - Sync 1 DAGs
[2024-08-28T10:45:16.988+0200] {logging_mixin.py:137} INFO - [2024-08-28T10:45:16.988+0200] {dag.py:3456} INFO - Setting next_dagrun for example_time_delta_sensor_async to None, run_after=None
[2024-08-28T10:45:16.998+0200] {processor.py:175} INFO - Processing /Users/roselina/opt/anaconda3/envs/python37/lib/python3.7/site-packages/airflow/example_dags/example_time_delta_sensor_async.py took 0.063 seconds
[2024-08-28T10:45:58.273+0200] {processor.py:153} INFO - Started process (PID=75679) to work on /Users/roselina/opt/anaconda3/envs/python37/lib/python3.7/site-packages/airflow/example_dags/example_time_delta_sensor_async.py
[2024-08-28T10:45:58.275+0200] {processor.py:743} INFO - Processing file /Users/roselina/opt/anaconda3/envs/python37/lib/python3.7/site-packages/airflow/example_dags/example_time_delta_sensor_async.py for tasks to queue
[2024-08-28T10:45:58.277+0200] {logging_mixin.py:137} INFO - [2024-08-28T10:45:58.276+0200] {dagbag.py:532} INFO - Filling up the DagBag from /Users/roselina/opt/anaconda3/envs/python37/lib/python3.7/site-packages/airflow/example_dags/example_time_delta_sensor_async.py
[2024-08-28T10:45:58.294+0200] {processor.py:753} INFO - DAG(s) dict_keys(['example_time_delta_sensor_async']) retrieved from /Users/roselina/opt/anaconda3/envs/python37/lib/python3.7/site-packages/airflow/example_dags/example_time_delta_sensor_async.py
[2024-08-28T10:45:58.312+0200] {logging_mixin.py:137} INFO - [2024-08-28T10:45:58.312+0200] {dag.py:2705} INFO - Sync 1 DAGs
[2024-08-28T10:45:58.324+0200] {logging_mixin.py:137} INFO - [2024-08-28T10:45:58.324+0200] {dag.py:3456} INFO - Setting next_dagrun for example_time_delta_sensor_async to None, run_after=None
[2024-08-28T10:45:58.334+0200] {processor.py:175} INFO - Processing /Users/roselina/opt/anaconda3/envs/python37/lib/python3.7/site-packages/airflow/example_dags/example_time_delta_sensor_async.py took 0.066 seconds
[2024-08-28T10:46:39.184+0200] {processor.py:153} INFO - Started process (PID=75724) to work on /Users/roselina/opt/anaconda3/envs/python37/lib/python3.7/site-packages/airflow/example_dags/example_time_delta_sensor_async.py
[2024-08-28T10:46:39.186+0200] {processor.py:743} INFO - Processing file /Users/roselina/opt/anaconda3/envs/python37/lib/python3.7/site-packages/airflow/example_dags/example_time_delta_sensor_async.py for tasks to queue
[2024-08-28T10:46:39.187+0200] {logging_mixin.py:137} INFO - [2024-08-28T10:46:39.186+0200] {dagbag.py:532} INFO - Filling up the DagBag from /Users/roselina/opt/anaconda3/envs/python37/lib/python3.7/site-packages/airflow/example_dags/example_time_delta_sensor_async.py
[2024-08-28T10:46:39.204+0200] {processor.py:753} INFO - DAG(s) dict_keys(['example_time_delta_sensor_async']) retrieved from /Users/roselina/opt/anaconda3/envs/python37/lib/python3.7/site-packages/airflow/example_dags/example_time_delta_sensor_async.py
[2024-08-28T10:46:39.222+0200] {logging_mixin.py:137} INFO - [2024-08-28T10:46:39.222+0200] {dag.py:2705} INFO - Sync 1 DAGs
[2024-08-28T10:46:39.235+0200] {logging_mixin.py:137} INFO - [2024-08-28T10:46:39.235+0200] {dag.py:3456} INFO - Setting next_dagrun for example_time_delta_sensor_async to None, run_after=None
[2024-08-28T10:46:39.246+0200] {processor.py:175} INFO - Processing /Users/roselina/opt/anaconda3/envs/python37/lib/python3.7/site-packages/airflow/example_dags/example_time_delta_sensor_async.py took 0.067 seconds
[2024-08-28T10:47:19.816+0200] {processor.py:153} INFO - Started process (PID=75779) to work on /Users/roselina/opt/anaconda3/envs/python37/lib/python3.7/site-packages/airflow/example_dags/example_time_delta_sensor_async.py
[2024-08-28T10:47:19.818+0200] {processor.py:743} INFO - Processing file /Users/roselina/opt/anaconda3/envs/python37/lib/python3.7/site-packages/airflow/example_dags/example_time_delta_sensor_async.py for tasks to queue
[2024-08-28T10:47:19.819+0200] {logging_mixin.py:137} INFO - [2024-08-28T10:47:19.819+0200] {dagbag.py:532} INFO - Filling up the DagBag from /Users/roselina/opt/anaconda3/envs/python37/lib/python3.7/site-packages/airflow/example_dags/example_time_delta_sensor_async.py
[2024-08-28T10:47:19.836+0200] {processor.py:753} INFO - DAG(s) dict_keys(['example_time_delta_sensor_async']) retrieved from /Users/roselina/opt/anaconda3/envs/python37/lib/python3.7/site-packages/airflow/example_dags/example_time_delta_sensor_async.py
[2024-08-28T10:47:19.854+0200] {logging_mixin.py:137} INFO - [2024-08-28T10:47:19.854+0200] {dag.py:2705} INFO - Sync 1 DAGs
[2024-08-28T10:47:19.867+0200] {logging_mixin.py:137} INFO - [2024-08-28T10:47:19.867+0200] {dag.py:3456} INFO - Setting next_dagrun for example_time_delta_sensor_async to None, run_after=None
[2024-08-28T10:47:19.877+0200] {processor.py:175} INFO - Processing /Users/roselina/opt/anaconda3/envs/python37/lib/python3.7/site-packages/airflow/example_dags/example_time_delta_sensor_async.py took 0.065 seconds
[2024-08-28T10:48:01.619+0200] {processor.py:153} INFO - Started process (PID=75829) to work on /Users/roselina/opt/anaconda3/envs/python37/lib/python3.7/site-packages/airflow/example_dags/example_time_delta_sensor_async.py
[2024-08-28T10:48:01.622+0200] {processor.py:743} INFO - Processing file /Users/roselina/opt/anaconda3/envs/python37/lib/python3.7/site-packages/airflow/example_dags/example_time_delta_sensor_async.py for tasks to queue
[2024-08-28T10:48:01.623+0200] {logging_mixin.py:137} INFO - [2024-08-28T10:48:01.623+0200] {dagbag.py:532} INFO - Filling up the DagBag from /Users/roselina/opt/anaconda3/envs/python37/lib/python3.7/site-packages/airflow/example_dags/example_time_delta_sensor_async.py
[2024-08-28T10:48:01.641+0200] {processor.py:753} INFO - DAG(s) dict_keys(['example_time_delta_sensor_async']) retrieved from /Users/roselina/opt/anaconda3/envs/python37/lib/python3.7/site-packages/airflow/example_dags/example_time_delta_sensor_async.py
[2024-08-28T10:48:01.660+0200] {logging_mixin.py:137} INFO - [2024-08-28T10:48:01.660+0200] {dag.py:2705} INFO - Sync 1 DAGs
[2024-08-28T10:48:01.672+0200] {logging_mixin.py:137} INFO - [2024-08-28T10:48:01.672+0200] {dag.py:3456} INFO - Setting next_dagrun for example_time_delta_sensor_async to None, run_after=None
[2024-08-28T10:48:01.682+0200] {processor.py:175} INFO - Processing /Users/roselina/opt/anaconda3/envs/python37/lib/python3.7/site-packages/airflow/example_dags/example_time_delta_sensor_async.py took 0.068 seconds
[2024-08-28T10:48:42.704+0200] {processor.py:153} INFO - Started process (PID=75893) to work on /Users/roselina/opt/anaconda3/envs/python37/lib/python3.7/site-packages/airflow/example_dags/example_time_delta_sensor_async.py
[2024-08-28T10:48:42.705+0200] {processor.py:743} INFO - Processing file /Users/roselina/opt/anaconda3/envs/python37/lib/python3.7/site-packages/airflow/example_dags/example_time_delta_sensor_async.py for tasks to queue
[2024-08-28T10:48:42.705+0200] {logging_mixin.py:137} INFO - [2024-08-28T10:48:42.705+0200] {dagbag.py:532} INFO - Filling up the DagBag from /Users/roselina/opt/anaconda3/envs/python37/lib/python3.7/site-packages/airflow/example_dags/example_time_delta_sensor_async.py
[2024-08-28T10:48:42.715+0200] {processor.py:753} INFO - DAG(s) dict_keys(['example_time_delta_sensor_async']) retrieved from /Users/roselina/opt/anaconda3/envs/python37/lib/python3.7/site-packages/airflow/example_dags/example_time_delta_sensor_async.py
[2024-08-28T10:48:42.729+0200] {logging_mixin.py:137} INFO - [2024-08-28T10:48:42.729+0200] {dag.py:2705} INFO - Sync 1 DAGs
[2024-08-28T10:48:42.742+0200] {logging_mixin.py:137} INFO - [2024-08-28T10:48:42.741+0200] {dag.py:3456} INFO - Setting next_dagrun for example_time_delta_sensor_async to None, run_after=None
[2024-08-28T10:48:42.753+0200] {processor.py:175} INFO - Processing /Users/roselina/opt/anaconda3/envs/python37/lib/python3.7/site-packages/airflow/example_dags/example_time_delta_sensor_async.py took 0.051 seconds
[2024-08-28T10:49:24.077+0200] {processor.py:153} INFO - Started process (PID=75946) to work on /Users/roselina/opt/anaconda3/envs/python37/lib/python3.7/site-packages/airflow/example_dags/example_time_delta_sensor_async.py
[2024-08-28T10:49:24.079+0200] {processor.py:743} INFO - Processing file /Users/roselina/opt/anaconda3/envs/python37/lib/python3.7/site-packages/airflow/example_dags/example_time_delta_sensor_async.py for tasks to queue
[2024-08-28T10:49:24.081+0200] {logging_mixin.py:137} INFO - [2024-08-28T10:49:24.080+0200] {dagbag.py:532} INFO - Filling up the DagBag from /Users/roselina/opt/anaconda3/envs/python37/lib/python3.7/site-packages/airflow/example_dags/example_time_delta_sensor_async.py
[2024-08-28T10:49:24.097+0200] {processor.py:753} INFO - DAG(s) dict_keys(['example_time_delta_sensor_async']) retrieved from /Users/roselina/opt/anaconda3/envs/python37/lib/python3.7/site-packages/airflow/example_dags/example_time_delta_sensor_async.py
[2024-08-28T10:49:24.112+0200] {logging_mixin.py:137} INFO - [2024-08-28T10:49:24.112+0200] {dag.py:2705} INFO - Sync 1 DAGs
[2024-08-28T10:49:24.125+0200] {logging_mixin.py:137} INFO - [2024-08-28T10:49:24.124+0200] {dag.py:3456} INFO - Setting next_dagrun for example_time_delta_sensor_async to None, run_after=None
[2024-08-28T10:49:24.135+0200] {processor.py:175} INFO - Processing /Users/roselina/opt/anaconda3/envs/python37/lib/python3.7/site-packages/airflow/example_dags/example_time_delta_sensor_async.py took 0.062 seconds
[2024-08-28T10:50:05.057+0200] {processor.py:153} INFO - Started process (PID=75992) to work on /Users/roselina/opt/anaconda3/envs/python37/lib/python3.7/site-packages/airflow/example_dags/example_time_delta_sensor_async.py
[2024-08-28T10:50:05.059+0200] {processor.py:743} INFO - Processing file /Users/roselina/opt/anaconda3/envs/python37/lib/python3.7/site-packages/airflow/example_dags/example_time_delta_sensor_async.py for tasks to queue
[2024-08-28T10:50:05.061+0200] {logging_mixin.py:137} INFO - [2024-08-28T10:50:05.060+0200] {dagbag.py:532} INFO - Filling up the DagBag from /Users/roselina/opt/anaconda3/envs/python37/lib/python3.7/site-packages/airflow/example_dags/example_time_delta_sensor_async.py
[2024-08-28T10:50:05.074+0200] {processor.py:753} INFO - DAG(s) dict_keys(['example_time_delta_sensor_async']) retrieved from /Users/roselina/opt/anaconda3/envs/python37/lib/python3.7/site-packages/airflow/example_dags/example_time_delta_sensor_async.py
[2024-08-28T10:50:05.090+0200] {logging_mixin.py:137} INFO - [2024-08-28T10:50:05.090+0200] {dag.py:2705} INFO - Sync 1 DAGs
[2024-08-28T10:50:05.103+0200] {logging_mixin.py:137} INFO - [2024-08-28T10:50:05.103+0200] {dag.py:3456} INFO - Setting next_dagrun for example_time_delta_sensor_async to None, run_after=None
[2024-08-28T10:50:05.113+0200] {processor.py:175} INFO - Processing /Users/roselina/opt/anaconda3/envs/python37/lib/python3.7/site-packages/airflow/example_dags/example_time_delta_sensor_async.py took 0.060 seconds
[2024-08-28T10:50:46.519+0200] {processor.py:153} INFO - Started process (PID=76036) to work on /Users/roselina/opt/anaconda3/envs/python37/lib/python3.7/site-packages/airflow/example_dags/example_time_delta_sensor_async.py
[2024-08-28T10:50:46.521+0200] {processor.py:743} INFO - Processing file /Users/roselina/opt/anaconda3/envs/python37/lib/python3.7/site-packages/airflow/example_dags/example_time_delta_sensor_async.py for tasks to queue
[2024-08-28T10:50:46.522+0200] {logging_mixin.py:137} INFO - [2024-08-28T10:50:46.522+0200] {dagbag.py:532} INFO - Filling up the DagBag from /Users/roselina/opt/anaconda3/envs/python37/lib/python3.7/site-packages/airflow/example_dags/example_time_delta_sensor_async.py
[2024-08-28T10:50:46.540+0200] {processor.py:753} INFO - DAG(s) dict_keys(['example_time_delta_sensor_async']) retrieved from /Users/roselina/opt/anaconda3/envs/python37/lib/python3.7/site-packages/airflow/example_dags/example_time_delta_sensor_async.py
[2024-08-28T10:50:46.560+0200] {logging_mixin.py:137} INFO - [2024-08-28T10:50:46.560+0200] {dag.py:2705} INFO - Sync 1 DAGs
[2024-08-28T10:50:46.573+0200] {logging_mixin.py:137} INFO - [2024-08-28T10:50:46.573+0200] {dag.py:3456} INFO - Setting next_dagrun for example_time_delta_sensor_async to None, run_after=None
[2024-08-28T10:50:46.582+0200] {processor.py:175} INFO - Processing /Users/roselina/opt/anaconda3/envs/python37/lib/python3.7/site-packages/airflow/example_dags/example_time_delta_sensor_async.py took 0.068 seconds
[2024-08-28T10:51:28.904+0200] {processor.py:153} INFO - Started process (PID=76098) to work on /Users/roselina/opt/anaconda3/envs/python37/lib/python3.7/site-packages/airflow/example_dags/example_time_delta_sensor_async.py
[2024-08-28T10:51:28.906+0200] {processor.py:743} INFO - Processing file /Users/roselina/opt/anaconda3/envs/python37/lib/python3.7/site-packages/airflow/example_dags/example_time_delta_sensor_async.py for tasks to queue
[2024-08-28T10:51:28.907+0200] {logging_mixin.py:137} INFO - [2024-08-28T10:51:28.906+0200] {dagbag.py:532} INFO - Filling up the DagBag from /Users/roselina/opt/anaconda3/envs/python37/lib/python3.7/site-packages/airflow/example_dags/example_time_delta_sensor_async.py
[2024-08-28T10:51:28.924+0200] {processor.py:753} INFO - DAG(s) dict_keys(['example_time_delta_sensor_async']) retrieved from /Users/roselina/opt/anaconda3/envs/python37/lib/python3.7/site-packages/airflow/example_dags/example_time_delta_sensor_async.py
[2024-08-28T10:51:28.942+0200] {logging_mixin.py:137} INFO - [2024-08-28T10:51:28.942+0200] {dag.py:2705} INFO - Sync 1 DAGs
[2024-08-28T10:51:28.954+0200] {logging_mixin.py:137} INFO - [2024-08-28T10:51:28.954+0200] {dag.py:3456} INFO - Setting next_dagrun for example_time_delta_sensor_async to None, run_after=None
[2024-08-28T10:51:28.965+0200] {processor.py:175} INFO - Processing /Users/roselina/opt/anaconda3/envs/python37/lib/python3.7/site-packages/airflow/example_dags/example_time_delta_sensor_async.py took 0.066 seconds
[2024-08-28T10:52:08.760+0200] {processor.py:153} INFO - Started process (PID=76150) to work on /Users/roselina/opt/anaconda3/envs/python37/lib/python3.7/site-packages/airflow/example_dags/example_time_delta_sensor_async.py
[2024-08-28T10:52:08.763+0200] {processor.py:743} INFO - Processing file /Users/roselina/opt/anaconda3/envs/python37/lib/python3.7/site-packages/airflow/example_dags/example_time_delta_sensor_async.py for tasks to queue
[2024-08-28T10:52:08.764+0200] {logging_mixin.py:137} INFO - [2024-08-28T10:52:08.764+0200] {dagbag.py:532} INFO - Filling up the DagBag from /Users/roselina/opt/anaconda3/envs/python37/lib/python3.7/site-packages/airflow/example_dags/example_time_delta_sensor_async.py
[2024-08-28T10:52:08.780+0200] {processor.py:753} INFO - DAG(s) dict_keys(['example_time_delta_sensor_async']) retrieved from /Users/roselina/opt/anaconda3/envs/python37/lib/python3.7/site-packages/airflow/example_dags/example_time_delta_sensor_async.py
[2024-08-28T10:52:08.799+0200] {logging_mixin.py:137} INFO - [2024-08-28T10:52:08.799+0200] {dag.py:2705} INFO - Sync 1 DAGs
[2024-08-28T10:52:08.813+0200] {logging_mixin.py:137} INFO - [2024-08-28T10:52:08.813+0200] {dag.py:3456} INFO - Setting next_dagrun for example_time_delta_sensor_async to None, run_after=None
[2024-08-28T10:52:08.823+0200] {processor.py:175} INFO - Processing /Users/roselina/opt/anaconda3/envs/python37/lib/python3.7/site-packages/airflow/example_dags/example_time_delta_sensor_async.py took 0.066 seconds
[2024-08-28T10:52:50.734+0200] {processor.py:153} INFO - Started process (PID=76198) to work on /Users/roselina/opt/anaconda3/envs/python37/lib/python3.7/site-packages/airflow/example_dags/example_time_delta_sensor_async.py
[2024-08-28T10:52:50.736+0200] {processor.py:743} INFO - Processing file /Users/roselina/opt/anaconda3/envs/python37/lib/python3.7/site-packages/airflow/example_dags/example_time_delta_sensor_async.py for tasks to queue
[2024-08-28T10:52:50.737+0200] {logging_mixin.py:137} INFO - [2024-08-28T10:52:50.737+0200] {dagbag.py:532} INFO - Filling up the DagBag from /Users/roselina/opt/anaconda3/envs/python37/lib/python3.7/site-packages/airflow/example_dags/example_time_delta_sensor_async.py
[2024-08-28T10:52:50.754+0200] {processor.py:753} INFO - DAG(s) dict_keys(['example_time_delta_sensor_async']) retrieved from /Users/roselina/opt/anaconda3/envs/python37/lib/python3.7/site-packages/airflow/example_dags/example_time_delta_sensor_async.py
[2024-08-28T10:52:50.776+0200] {logging_mixin.py:137} INFO - [2024-08-28T10:52:50.776+0200] {dag.py:2705} INFO - Sync 1 DAGs
[2024-08-28T10:52:50.788+0200] {logging_mixin.py:137} INFO - [2024-08-28T10:52:50.788+0200] {dag.py:3456} INFO - Setting next_dagrun for example_time_delta_sensor_async to None, run_after=None
[2024-08-28T10:52:50.798+0200] {processor.py:175} INFO - Processing /Users/roselina/opt/anaconda3/envs/python37/lib/python3.7/site-packages/airflow/example_dags/example_time_delta_sensor_async.py took 0.068 seconds
