[2024-08-28T10:11:30.637+0200] {processor.py:153} INFO - Started process (PID=74945) to work on /Users/roselina/opt/anaconda3/envs/python37/lib/python3.7/site-packages/airflow/example_dags/example_latest_only_with_trigger.py
[2024-08-28T10:11:30.639+0200] {processor.py:743} INFO - Processing file /Users/roselina/opt/anaconda3/envs/python37/lib/python3.7/site-packages/airflow/example_dags/example_latest_only_with_trigger.py for tasks to queue
[2024-08-28T10:11:30.640+0200] {logging_mixin.py:137} INFO - [2024-08-28T10:11:30.640+0200] {dagbag.py:532} INFO - Filling up the DagBag from /Users/roselina/opt/anaconda3/envs/python37/lib/python3.7/site-packages/airflow/example_dags/example_latest_only_with_trigger.py
[2024-08-28T10:11:30.657+0200] {processor.py:753} INFO - DAG(s) dict_keys(['latest_only_with_trigger']) retrieved from /Users/roselina/opt/anaconda3/envs/python37/lib/python3.7/site-packages/airflow/example_dags/example_latest_only_with_trigger.py
[2024-08-28T10:11:30.720+0200] {logging_mixin.py:137} INFO - [2024-08-28T10:11:30.720+0200] {manager.py:504} INFO - Created Permission View: can read on DAG:latest_only_with_trigger
[2024-08-28T10:11:30.725+0200] {logging_mixin.py:137} INFO - [2024-08-28T10:11:30.724+0200] {manager.py:504} INFO - Created Permission View: can delete on DAG:latest_only_with_trigger
[2024-08-28T10:11:30.728+0200] {logging_mixin.py:137} INFO - [2024-08-28T10:11:30.727+0200] {manager.py:504} INFO - Created Permission View: can edit on DAG:latest_only_with_trigger
[2024-08-28T10:11:30.728+0200] {logging_mixin.py:137} INFO - [2024-08-28T10:11:30.728+0200] {dag.py:2705} INFO - Sync 1 DAGs
[2024-08-28T10:11:30.735+0200] {logging_mixin.py:137} INFO - [2024-08-28T10:11:30.734+0200] {dag.py:2726} INFO - Creating ORM DAG for latest_only_with_trigger
[2024-08-28T10:11:30.740+0200] {logging_mixin.py:137} INFO - [2024-08-28T10:11:30.740+0200] {dag.py:3456} INFO - Setting next_dagrun for latest_only_with_trigger to 2024-08-28T04:11:30.740077+00:00, run_after=2024-08-28T08:11:30.740077+00:00
[2024-08-28T10:11:30.749+0200] {processor.py:175} INFO - Processing /Users/roselina/opt/anaconda3/envs/python37/lib/python3.7/site-packages/airflow/example_dags/example_latest_only_with_trigger.py took 0.116 seconds
[2024-08-28T10:12:12.629+0200] {processor.py:153} INFO - Started process (PID=75009) to work on /Users/roselina/opt/anaconda3/envs/python37/lib/python3.7/site-packages/airflow/example_dags/example_latest_only_with_trigger.py
[2024-08-28T10:12:12.630+0200] {processor.py:743} INFO - Processing file /Users/roselina/opt/anaconda3/envs/python37/lib/python3.7/site-packages/airflow/example_dags/example_latest_only_with_trigger.py for tasks to queue
[2024-08-28T10:12:12.631+0200] {logging_mixin.py:137} INFO - [2024-08-28T10:12:12.631+0200] {dagbag.py:532} INFO - Filling up the DagBag from /Users/roselina/opt/anaconda3/envs/python37/lib/python3.7/site-packages/airflow/example_dags/example_latest_only_with_trigger.py
[2024-08-28T10:12:12.651+0200] {processor.py:753} INFO - DAG(s) dict_keys(['latest_only_with_trigger']) retrieved from /Users/roselina/opt/anaconda3/envs/python37/lib/python3.7/site-packages/airflow/example_dags/example_latest_only_with_trigger.py
[2024-08-28T10:12:12.666+0200] {logging_mixin.py:137} INFO - [2024-08-28T10:12:12.666+0200] {dag.py:2705} INFO - Sync 1 DAGs
[2024-08-28T10:12:12.678+0200] {logging_mixin.py:137} INFO - [2024-08-28T10:12:12.678+0200] {dag.py:3456} INFO - Setting next_dagrun for latest_only_with_trigger to 2024-08-28T04:12:12.678375+00:00, run_after=2024-08-28T08:12:12.678375+00:00
[2024-08-28T10:12:12.688+0200] {processor.py:175} INFO - Processing /Users/roselina/opt/anaconda3/envs/python37/lib/python3.7/site-packages/airflow/example_dags/example_latest_only_with_trigger.py took 0.063 seconds
[2024-08-28T10:12:54.063+0200] {processor.py:153} INFO - Started process (PID=75079) to work on /Users/roselina/opt/anaconda3/envs/python37/lib/python3.7/site-packages/airflow/example_dags/example_latest_only_with_trigger.py
[2024-08-28T10:12:54.065+0200] {processor.py:743} INFO - Processing file /Users/roselina/opt/anaconda3/envs/python37/lib/python3.7/site-packages/airflow/example_dags/example_latest_only_with_trigger.py for tasks to queue
[2024-08-28T10:12:54.067+0200] {logging_mixin.py:137} INFO - [2024-08-28T10:12:54.066+0200] {dagbag.py:532} INFO - Filling up the DagBag from /Users/roselina/opt/anaconda3/envs/python37/lib/python3.7/site-packages/airflow/example_dags/example_latest_only_with_trigger.py
[2024-08-28T10:12:54.087+0200] {processor.py:753} INFO - DAG(s) dict_keys(['latest_only_with_trigger']) retrieved from /Users/roselina/opt/anaconda3/envs/python37/lib/python3.7/site-packages/airflow/example_dags/example_latest_only_with_trigger.py
[2024-08-28T10:12:54.110+0200] {logging_mixin.py:137} INFO - [2024-08-28T10:12:54.109+0200] {dag.py:2705} INFO - Sync 1 DAGs
[2024-08-28T10:12:54.126+0200] {logging_mixin.py:137} INFO - [2024-08-28T10:12:54.126+0200] {dag.py:3456} INFO - Setting next_dagrun for latest_only_with_trigger to 2024-08-28T04:12:54.126030+00:00, run_after=2024-08-28T08:12:54.126030+00:00
[2024-08-28T10:12:54.137+0200] {processor.py:175} INFO - Processing /Users/roselina/opt/anaconda3/envs/python37/lib/python3.7/site-packages/airflow/example_dags/example_latest_only_with_trigger.py took 0.079 seconds
[2024-08-28T10:13:35.303+0200] {processor.py:153} INFO - Started process (PID=75128) to work on /Users/roselina/opt/anaconda3/envs/python37/lib/python3.7/site-packages/airflow/example_dags/example_latest_only_with_trigger.py
[2024-08-28T10:13:35.304+0200] {processor.py:743} INFO - Processing file /Users/roselina/opt/anaconda3/envs/python37/lib/python3.7/site-packages/airflow/example_dags/example_latest_only_with_trigger.py for tasks to queue
[2024-08-28T10:13:35.305+0200] {logging_mixin.py:137} INFO - [2024-08-28T10:13:35.305+0200] {dagbag.py:532} INFO - Filling up the DagBag from /Users/roselina/opt/anaconda3/envs/python37/lib/python3.7/site-packages/airflow/example_dags/example_latest_only_with_trigger.py
[2024-08-28T10:13:35.319+0200] {processor.py:753} INFO - DAG(s) dict_keys(['latest_only_with_trigger']) retrieved from /Users/roselina/opt/anaconda3/envs/python37/lib/python3.7/site-packages/airflow/example_dags/example_latest_only_with_trigger.py
[2024-08-28T10:13:35.335+0200] {logging_mixin.py:137} INFO - [2024-08-28T10:13:35.334+0200] {dag.py:2705} INFO - Sync 1 DAGs
[2024-08-28T10:13:35.348+0200] {logging_mixin.py:137} INFO - [2024-08-28T10:13:35.348+0200] {dag.py:3456} INFO - Setting next_dagrun for latest_only_with_trigger to 2024-08-28T04:13:35.347824+00:00, run_after=2024-08-28T08:13:35.347824+00:00
[2024-08-28T10:13:35.359+0200] {processor.py:175} INFO - Processing /Users/roselina/opt/anaconda3/envs/python37/lib/python3.7/site-packages/airflow/example_dags/example_latest_only_with_trigger.py took 0.059 seconds
[2024-08-28T10:14:18.687+0200] {processor.py:153} INFO - Started process (PID=75207) to work on /Users/roselina/opt/anaconda3/envs/python37/lib/python3.7/site-packages/airflow/example_dags/example_latest_only_with_trigger.py
[2024-08-28T10:14:18.689+0200] {processor.py:743} INFO - Processing file /Users/roselina/opt/anaconda3/envs/python37/lib/python3.7/site-packages/airflow/example_dags/example_latest_only_with_trigger.py for tasks to queue
[2024-08-28T10:14:18.690+0200] {logging_mixin.py:137} INFO - [2024-08-28T10:14:18.689+0200] {dagbag.py:532} INFO - Filling up the DagBag from /Users/roselina/opt/anaconda3/envs/python37/lib/python3.7/site-packages/airflow/example_dags/example_latest_only_with_trigger.py
[2024-08-28T10:14:18.711+0200] {processor.py:753} INFO - DAG(s) dict_keys(['latest_only_with_trigger']) retrieved from /Users/roselina/opt/anaconda3/envs/python37/lib/python3.7/site-packages/airflow/example_dags/example_latest_only_with_trigger.py
[2024-08-28T10:14:18.728+0200] {logging_mixin.py:137} INFO - [2024-08-28T10:14:18.728+0200] {dag.py:2705} INFO - Sync 1 DAGs
[2024-08-28T10:14:18.742+0200] {logging_mixin.py:137} INFO - [2024-08-28T10:14:18.741+0200] {dag.py:3456} INFO - Setting next_dagrun for latest_only_with_trigger to 2024-08-28T04:14:18.741654+00:00, run_after=2024-08-28T08:14:18.741654+00:00
[2024-08-28T10:14:18.755+0200] {processor.py:175} INFO - Processing /Users/roselina/opt/anaconda3/envs/python37/lib/python3.7/site-packages/airflow/example_dags/example_latest_only_with_trigger.py took 0.072 seconds
[2024-08-28T10:15:00.796+0200] {processor.py:153} INFO - Started process (PID=75253) to work on /Users/roselina/opt/anaconda3/envs/python37/lib/python3.7/site-packages/airflow/example_dags/example_latest_only_with_trigger.py
[2024-08-28T10:15:00.798+0200] {processor.py:743} INFO - Processing file /Users/roselina/opt/anaconda3/envs/python37/lib/python3.7/site-packages/airflow/example_dags/example_latest_only_with_trigger.py for tasks to queue
[2024-08-28T10:15:00.799+0200] {logging_mixin.py:137} INFO - [2024-08-28T10:15:00.798+0200] {dagbag.py:532} INFO - Filling up the DagBag from /Users/roselina/opt/anaconda3/envs/python37/lib/python3.7/site-packages/airflow/example_dags/example_latest_only_with_trigger.py
[2024-08-28T10:15:00.815+0200] {processor.py:753} INFO - DAG(s) dict_keys(['latest_only_with_trigger']) retrieved from /Users/roselina/opt/anaconda3/envs/python37/lib/python3.7/site-packages/airflow/example_dags/example_latest_only_with_trigger.py
[2024-08-28T10:15:00.829+0200] {logging_mixin.py:137} INFO - [2024-08-28T10:15:00.829+0200] {dag.py:2705} INFO - Sync 1 DAGs
[2024-08-28T10:15:00.842+0200] {logging_mixin.py:137} INFO - [2024-08-28T10:15:00.841+0200] {dag.py:3456} INFO - Setting next_dagrun for latest_only_with_trigger to 2024-08-28T04:15:00.841751+00:00, run_after=2024-08-28T08:15:00.841751+00:00
[2024-08-28T10:15:00.857+0200] {processor.py:175} INFO - Processing /Users/roselina/opt/anaconda3/envs/python37/lib/python3.7/site-packages/airflow/example_dags/example_latest_only_with_trigger.py took 0.064 seconds
[2024-08-28T10:15:42.894+0200] {processor.py:153} INFO - Started process (PID=75298) to work on /Users/roselina/opt/anaconda3/envs/python37/lib/python3.7/site-packages/airflow/example_dags/example_latest_only_with_trigger.py
[2024-08-28T10:15:42.902+0200] {processor.py:743} INFO - Processing file /Users/roselina/opt/anaconda3/envs/python37/lib/python3.7/site-packages/airflow/example_dags/example_latest_only_with_trigger.py for tasks to queue
[2024-08-28T10:15:42.903+0200] {logging_mixin.py:137} INFO - [2024-08-28T10:15:42.903+0200] {dagbag.py:532} INFO - Filling up the DagBag from /Users/roselina/opt/anaconda3/envs/python37/lib/python3.7/site-packages/airflow/example_dags/example_latest_only_with_trigger.py
[2024-08-28T10:15:42.932+0200] {processor.py:753} INFO - DAG(s) dict_keys(['latest_only_with_trigger']) retrieved from /Users/roselina/opt/anaconda3/envs/python37/lib/python3.7/site-packages/airflow/example_dags/example_latest_only_with_trigger.py
[2024-08-28T10:15:42.947+0200] {logging_mixin.py:137} INFO - [2024-08-28T10:15:42.946+0200] {dag.py:2705} INFO - Sync 1 DAGs
[2024-08-28T10:15:42.958+0200] {logging_mixin.py:137} INFO - [2024-08-28T10:15:42.958+0200] {dag.py:3456} INFO - Setting next_dagrun for latest_only_with_trigger to 2024-08-28T04:15:42.958281+00:00, run_after=2024-08-28T08:15:42.958281+00:00
[2024-08-28T10:15:42.968+0200] {processor.py:175} INFO - Processing /Users/roselina/opt/anaconda3/envs/python37/lib/python3.7/site-packages/airflow/example_dags/example_latest_only_with_trigger.py took 0.079 seconds
[2024-08-28T10:16:20.713+0200] {processor.py:153} INFO - Started process (PID=75342) to work on /Users/roselina/opt/anaconda3/envs/python37/lib/python3.7/site-packages/airflow/example_dags/example_latest_only_with_trigger.py
[2024-08-28T10:16:20.715+0200] {processor.py:743} INFO - Processing file /Users/roselina/opt/anaconda3/envs/python37/lib/python3.7/site-packages/airflow/example_dags/example_latest_only_with_trigger.py for tasks to queue
[2024-08-28T10:16:20.716+0200] {logging_mixin.py:137} INFO - [2024-08-28T10:16:20.715+0200] {dagbag.py:532} INFO - Filling up the DagBag from /Users/roselina/opt/anaconda3/envs/python37/lib/python3.7/site-packages/airflow/example_dags/example_latest_only_with_trigger.py
[2024-08-28T10:16:20.735+0200] {processor.py:753} INFO - DAG(s) dict_keys(['latest_only_with_trigger']) retrieved from /Users/roselina/opt/anaconda3/envs/python37/lib/python3.7/site-packages/airflow/example_dags/example_latest_only_with_trigger.py
[2024-08-28T10:16:20.751+0200] {logging_mixin.py:137} INFO - [2024-08-28T10:16:20.750+0200] {dag.py:2705} INFO - Sync 1 DAGs
[2024-08-28T10:16:20.763+0200] {logging_mixin.py:137} INFO - [2024-08-28T10:16:20.763+0200] {dag.py:3456} INFO - Setting next_dagrun for latest_only_with_trigger to 2024-08-28T04:16:20.763345+00:00, run_after=2024-08-28T08:16:20.763345+00:00
[2024-08-28T10:16:20.773+0200] {processor.py:175} INFO - Processing /Users/roselina/opt/anaconda3/envs/python37/lib/python3.7/site-packages/airflow/example_dags/example_latest_only_with_trigger.py took 0.064 seconds
[2024-08-28T10:17:03.254+0200] {processor.py:153} INFO - Started process (PID=75388) to work on /Users/roselina/opt/anaconda3/envs/python37/lib/python3.7/site-packages/airflow/example_dags/example_latest_only_with_trigger.py
[2024-08-28T10:17:03.256+0200] {processor.py:743} INFO - Processing file /Users/roselina/opt/anaconda3/envs/python37/lib/python3.7/site-packages/airflow/example_dags/example_latest_only_with_trigger.py for tasks to queue
[2024-08-28T10:17:03.257+0200] {logging_mixin.py:137} INFO - [2024-08-28T10:17:03.257+0200] {dagbag.py:532} INFO - Filling up the DagBag from /Users/roselina/opt/anaconda3/envs/python37/lib/python3.7/site-packages/airflow/example_dags/example_latest_only_with_trigger.py
[2024-08-28T10:17:03.277+0200] {processor.py:753} INFO - DAG(s) dict_keys(['latest_only_with_trigger']) retrieved from /Users/roselina/opt/anaconda3/envs/python37/lib/python3.7/site-packages/airflow/example_dags/example_latest_only_with_trigger.py
[2024-08-28T10:17:03.294+0200] {logging_mixin.py:137} INFO - [2024-08-28T10:17:03.294+0200] {dag.py:2705} INFO - Sync 1 DAGs
[2024-08-28T10:17:03.307+0200] {logging_mixin.py:137} INFO - [2024-08-28T10:17:03.307+0200] {dag.py:3456} INFO - Setting next_dagrun for latest_only_with_trigger to 2024-08-28T04:17:03.307170+00:00, run_after=2024-08-28T08:17:03.307170+00:00
[2024-08-28T10:17:03.317+0200] {processor.py:175} INFO - Processing /Users/roselina/opt/anaconda3/envs/python37/lib/python3.7/site-packages/airflow/example_dags/example_latest_only_with_trigger.py took 0.068 seconds
[2024-08-28T10:17:43.355+0200] {processor.py:153} INFO - Started process (PID=75443) to work on /Users/roselina/opt/anaconda3/envs/python37/lib/python3.7/site-packages/airflow/example_dags/example_latest_only_with_trigger.py
[2024-08-28T10:17:43.356+0200] {processor.py:743} INFO - Processing file /Users/roselina/opt/anaconda3/envs/python37/lib/python3.7/site-packages/airflow/example_dags/example_latest_only_with_trigger.py for tasks to queue
[2024-08-28T10:17:43.357+0200] {logging_mixin.py:137} INFO - [2024-08-28T10:17:43.357+0200] {dagbag.py:532} INFO - Filling up the DagBag from /Users/roselina/opt/anaconda3/envs/python37/lib/python3.7/site-packages/airflow/example_dags/example_latest_only_with_trigger.py
[2024-08-28T10:17:43.370+0200] {processor.py:753} INFO - DAG(s) dict_keys(['latest_only_with_trigger']) retrieved from /Users/roselina/opt/anaconda3/envs/python37/lib/python3.7/site-packages/airflow/example_dags/example_latest_only_with_trigger.py
[2024-08-28T10:17:43.385+0200] {logging_mixin.py:137} INFO - [2024-08-28T10:17:43.385+0200] {dag.py:2705} INFO - Sync 1 DAGs
[2024-08-28T10:17:43.399+0200] {logging_mixin.py:137} INFO - [2024-08-28T10:17:43.399+0200] {dag.py:3456} INFO - Setting next_dagrun for latest_only_with_trigger to 2024-08-28T04:17:43.399055+00:00, run_after=2024-08-28T08:17:43.399055+00:00
[2024-08-28T10:17:43.410+0200] {processor.py:175} INFO - Processing /Users/roselina/opt/anaconda3/envs/python37/lib/python3.7/site-packages/airflow/example_dags/example_latest_only_with_trigger.py took 0.057 seconds
[2024-08-28T10:44:06.944+0200] {processor.py:153} INFO - Started process (PID=75540) to work on /Users/roselina/opt/anaconda3/envs/python37/lib/python3.7/site-packages/airflow/example_dags/example_latest_only_with_trigger.py
[2024-08-28T10:44:06.945+0200] {processor.py:743} INFO - Processing file /Users/roselina/opt/anaconda3/envs/python37/lib/python3.7/site-packages/airflow/example_dags/example_latest_only_with_trigger.py for tasks to queue
[2024-08-28T10:44:06.946+0200] {logging_mixin.py:137} INFO - [2024-08-28T10:44:06.946+0200] {dagbag.py:532} INFO - Filling up the DagBag from /Users/roselina/opt/anaconda3/envs/python37/lib/python3.7/site-packages/airflow/example_dags/example_latest_only_with_trigger.py
[2024-08-28T10:44:06.961+0200] {processor.py:753} INFO - DAG(s) dict_keys(['latest_only_with_trigger']) retrieved from /Users/roselina/opt/anaconda3/envs/python37/lib/python3.7/site-packages/airflow/example_dags/example_latest_only_with_trigger.py
[2024-08-28T10:44:06.976+0200] {logging_mixin.py:137} INFO - [2024-08-28T10:44:06.976+0200] {dag.py:2705} INFO - Sync 1 DAGs
[2024-08-28T10:44:06.989+0200] {logging_mixin.py:137} INFO - [2024-08-28T10:44:06.988+0200] {dag.py:3456} INFO - Setting next_dagrun for latest_only_with_trigger to 2024-08-28T04:44:06.988669+00:00, run_after=2024-08-28T08:44:06.988669+00:00
[2024-08-28T10:44:07.000+0200] {processor.py:175} INFO - Processing /Users/roselina/opt/anaconda3/envs/python37/lib/python3.7/site-packages/airflow/example_dags/example_latest_only_with_trigger.py took 0.059 seconds
[2024-08-28T10:44:49.796+0200] {processor.py:153} INFO - Started process (PID=75600) to work on /Users/roselina/opt/anaconda3/envs/python37/lib/python3.7/site-packages/airflow/example_dags/example_latest_only_with_trigger.py
[2024-08-28T10:44:49.798+0200] {processor.py:743} INFO - Processing file /Users/roselina/opt/anaconda3/envs/python37/lib/python3.7/site-packages/airflow/example_dags/example_latest_only_with_trigger.py for tasks to queue
[2024-08-28T10:44:49.799+0200] {logging_mixin.py:137} INFO - [2024-08-28T10:44:49.799+0200] {dagbag.py:532} INFO - Filling up the DagBag from /Users/roselina/opt/anaconda3/envs/python37/lib/python3.7/site-packages/airflow/example_dags/example_latest_only_with_trigger.py
[2024-08-28T10:44:49.822+0200] {processor.py:753} INFO - DAG(s) dict_keys(['latest_only_with_trigger']) retrieved from /Users/roselina/opt/anaconda3/envs/python37/lib/python3.7/site-packages/airflow/example_dags/example_latest_only_with_trigger.py
[2024-08-28T10:44:49.841+0200] {logging_mixin.py:137} INFO - [2024-08-28T10:44:49.840+0200] {dag.py:2705} INFO - Sync 1 DAGs
[2024-08-28T10:44:49.854+0200] {logging_mixin.py:137} INFO - [2024-08-28T10:44:49.853+0200] {dag.py:3456} INFO - Setting next_dagrun for latest_only_with_trigger to 2024-08-28T04:44:49.853711+00:00, run_after=2024-08-28T08:44:49.853711+00:00
[2024-08-28T10:44:49.865+0200] {processor.py:175} INFO - Processing /Users/roselina/opt/anaconda3/envs/python37/lib/python3.7/site-packages/airflow/example_dags/example_latest_only_with_trigger.py took 0.073 seconds
[2024-08-28T10:45:30.912+0200] {processor.py:153} INFO - Started process (PID=75650) to work on /Users/roselina/opt/anaconda3/envs/python37/lib/python3.7/site-packages/airflow/example_dags/example_latest_only_with_trigger.py
[2024-08-28T10:45:30.913+0200] {processor.py:743} INFO - Processing file /Users/roselina/opt/anaconda3/envs/python37/lib/python3.7/site-packages/airflow/example_dags/example_latest_only_with_trigger.py for tasks to queue
[2024-08-28T10:45:30.914+0200] {logging_mixin.py:137} INFO - [2024-08-28T10:45:30.914+0200] {dagbag.py:532} INFO - Filling up the DagBag from /Users/roselina/opt/anaconda3/envs/python37/lib/python3.7/site-packages/airflow/example_dags/example_latest_only_with_trigger.py
[2024-08-28T10:45:30.926+0200] {processor.py:753} INFO - DAG(s) dict_keys(['latest_only_with_trigger']) retrieved from /Users/roselina/opt/anaconda3/envs/python37/lib/python3.7/site-packages/airflow/example_dags/example_latest_only_with_trigger.py
[2024-08-28T10:45:30.945+0200] {logging_mixin.py:137} INFO - [2024-08-28T10:45:30.944+0200] {dag.py:2705} INFO - Sync 1 DAGs
[2024-08-28T10:45:30.958+0200] {logging_mixin.py:137} INFO - [2024-08-28T10:45:30.958+0200] {dag.py:3456} INFO - Setting next_dagrun for latest_only_with_trigger to 2024-08-28T04:45:30.958443+00:00, run_after=2024-08-28T08:45:30.958443+00:00
[2024-08-28T10:45:30.969+0200] {processor.py:175} INFO - Processing /Users/roselina/opt/anaconda3/envs/python37/lib/python3.7/site-packages/airflow/example_dags/example_latest_only_with_trigger.py took 0.060 seconds
[2024-08-28T10:46:11.412+0200] {processor.py:153} INFO - Started process (PID=75695) to work on /Users/roselina/opt/anaconda3/envs/python37/lib/python3.7/site-packages/airflow/example_dags/example_latest_only_with_trigger.py
[2024-08-28T10:46:11.422+0200] {processor.py:743} INFO - Processing file /Users/roselina/opt/anaconda3/envs/python37/lib/python3.7/site-packages/airflow/example_dags/example_latest_only_with_trigger.py for tasks to queue
[2024-08-28T10:46:11.426+0200] {logging_mixin.py:137} INFO - [2024-08-28T10:46:11.426+0200] {dagbag.py:532} INFO - Filling up the DagBag from /Users/roselina/opt/anaconda3/envs/python37/lib/python3.7/site-packages/airflow/example_dags/example_latest_only_with_trigger.py
[2024-08-28T10:46:11.475+0200] {processor.py:753} INFO - DAG(s) dict_keys(['latest_only_with_trigger']) retrieved from /Users/roselina/opt/anaconda3/envs/python37/lib/python3.7/site-packages/airflow/example_dags/example_latest_only_with_trigger.py
[2024-08-28T10:46:11.491+0200] {logging_mixin.py:137} INFO - [2024-08-28T10:46:11.490+0200] {dag.py:2705} INFO - Sync 1 DAGs
[2024-08-28T10:46:11.504+0200] {logging_mixin.py:137} INFO - [2024-08-28T10:46:11.503+0200] {dag.py:3456} INFO - Setting next_dagrun for latest_only_with_trigger to 2024-08-28T04:46:11.503570+00:00, run_after=2024-08-28T08:46:11.503570+00:00
[2024-08-28T10:46:11.519+0200] {processor.py:175} INFO - Processing /Users/roselina/opt/anaconda3/envs/python37/lib/python3.7/site-packages/airflow/example_dags/example_latest_only_with_trigger.py took 0.115 seconds
[2024-08-28T10:46:52.760+0200] {processor.py:153} INFO - Started process (PID=75744) to work on /Users/roselina/opt/anaconda3/envs/python37/lib/python3.7/site-packages/airflow/example_dags/example_latest_only_with_trigger.py
[2024-08-28T10:46:52.762+0200] {processor.py:743} INFO - Processing file /Users/roselina/opt/anaconda3/envs/python37/lib/python3.7/site-packages/airflow/example_dags/example_latest_only_with_trigger.py for tasks to queue
[2024-08-28T10:46:52.764+0200] {logging_mixin.py:137} INFO - [2024-08-28T10:46:52.763+0200] {dagbag.py:532} INFO - Filling up the DagBag from /Users/roselina/opt/anaconda3/envs/python37/lib/python3.7/site-packages/airflow/example_dags/example_latest_only_with_trigger.py
[2024-08-28T10:46:52.783+0200] {processor.py:753} INFO - DAG(s) dict_keys(['latest_only_with_trigger']) retrieved from /Users/roselina/opt/anaconda3/envs/python37/lib/python3.7/site-packages/airflow/example_dags/example_latest_only_with_trigger.py
[2024-08-28T10:46:52.810+0200] {logging_mixin.py:137} INFO - [2024-08-28T10:46:52.809+0200] {dag.py:2705} INFO - Sync 1 DAGs
[2024-08-28T10:46:52.823+0200] {logging_mixin.py:137} INFO - [2024-08-28T10:46:52.822+0200] {dag.py:3456} INFO - Setting next_dagrun for latest_only_with_trigger to 2024-08-28T04:46:52.822799+00:00, run_after=2024-08-28T08:46:52.822799+00:00
[2024-08-28T10:46:52.832+0200] {processor.py:175} INFO - Processing /Users/roselina/opt/anaconda3/envs/python37/lib/python3.7/site-packages/airflow/example_dags/example_latest_only_with_trigger.py took 0.077 seconds
[2024-08-28T10:47:34.482+0200] {processor.py:153} INFO - Started process (PID=75796) to work on /Users/roselina/opt/anaconda3/envs/python37/lib/python3.7/site-packages/airflow/example_dags/example_latest_only_with_trigger.py
[2024-08-28T10:47:34.484+0200] {processor.py:743} INFO - Processing file /Users/roselina/opt/anaconda3/envs/python37/lib/python3.7/site-packages/airflow/example_dags/example_latest_only_with_trigger.py for tasks to queue
[2024-08-28T10:47:34.485+0200] {logging_mixin.py:137} INFO - [2024-08-28T10:47:34.484+0200] {dagbag.py:532} INFO - Filling up the DagBag from /Users/roselina/opt/anaconda3/envs/python37/lib/python3.7/site-packages/airflow/example_dags/example_latest_only_with_trigger.py
[2024-08-28T10:47:34.503+0200] {processor.py:753} INFO - DAG(s) dict_keys(['latest_only_with_trigger']) retrieved from /Users/roselina/opt/anaconda3/envs/python37/lib/python3.7/site-packages/airflow/example_dags/example_latest_only_with_trigger.py
[2024-08-28T10:47:34.520+0200] {logging_mixin.py:137} INFO - [2024-08-28T10:47:34.519+0200] {dag.py:2705} INFO - Sync 1 DAGs
[2024-08-28T10:47:34.532+0200] {logging_mixin.py:137} INFO - [2024-08-28T10:47:34.532+0200] {dag.py:3456} INFO - Setting next_dagrun for latest_only_with_trigger to 2024-08-28T04:47:34.532103+00:00, run_after=2024-08-28T08:47:34.532103+00:00
[2024-08-28T10:47:34.542+0200] {processor.py:175} INFO - Processing /Users/roselina/opt/anaconda3/envs/python37/lib/python3.7/site-packages/airflow/example_dags/example_latest_only_with_trigger.py took 0.064 seconds
[2024-08-28T10:48:16.558+0200] {processor.py:153} INFO - Started process (PID=75859) to work on /Users/roselina/opt/anaconda3/envs/python37/lib/python3.7/site-packages/airflow/example_dags/example_latest_only_with_trigger.py
[2024-08-28T10:48:16.561+0200] {processor.py:743} INFO - Processing file /Users/roselina/opt/anaconda3/envs/python37/lib/python3.7/site-packages/airflow/example_dags/example_latest_only_with_trigger.py for tasks to queue
[2024-08-28T10:48:16.562+0200] {logging_mixin.py:137} INFO - [2024-08-28T10:48:16.562+0200] {dagbag.py:532} INFO - Filling up the DagBag from /Users/roselina/opt/anaconda3/envs/python37/lib/python3.7/site-packages/airflow/example_dags/example_latest_only_with_trigger.py
[2024-08-28T10:48:16.586+0200] {processor.py:753} INFO - DAG(s) dict_keys(['latest_only_with_trigger']) retrieved from /Users/roselina/opt/anaconda3/envs/python37/lib/python3.7/site-packages/airflow/example_dags/example_latest_only_with_trigger.py
[2024-08-28T10:48:16.604+0200] {logging_mixin.py:137} INFO - [2024-08-28T10:48:16.603+0200] {dag.py:2705} INFO - Sync 1 DAGs
[2024-08-28T10:48:16.618+0200] {logging_mixin.py:137} INFO - [2024-08-28T10:48:16.618+0200] {dag.py:3456} INFO - Setting next_dagrun for latest_only_with_trigger to 2024-08-28T04:48:16.617921+00:00, run_after=2024-08-28T08:48:16.617921+00:00
[2024-08-28T10:48:16.630+0200] {processor.py:175} INFO - Processing /Users/roselina/opt/anaconda3/envs/python37/lib/python3.7/site-packages/airflow/example_dags/example_latest_only_with_trigger.py took 0.076 seconds
[2024-08-28T10:48:57.924+0200] {processor.py:153} INFO - Started process (PID=75917) to work on /Users/roselina/opt/anaconda3/envs/python37/lib/python3.7/site-packages/airflow/example_dags/example_latest_only_with_trigger.py
[2024-08-28T10:48:57.925+0200] {processor.py:743} INFO - Processing file /Users/roselina/opt/anaconda3/envs/python37/lib/python3.7/site-packages/airflow/example_dags/example_latest_only_with_trigger.py for tasks to queue
[2024-08-28T10:48:57.927+0200] {logging_mixin.py:137} INFO - [2024-08-28T10:48:57.926+0200] {dagbag.py:532} INFO - Filling up the DagBag from /Users/roselina/opt/anaconda3/envs/python37/lib/python3.7/site-packages/airflow/example_dags/example_latest_only_with_trigger.py
[2024-08-28T10:48:57.976+0200] {processor.py:753} INFO - DAG(s) dict_keys(['latest_only_with_trigger']) retrieved from /Users/roselina/opt/anaconda3/envs/python37/lib/python3.7/site-packages/airflow/example_dags/example_latest_only_with_trigger.py
[2024-08-28T10:48:58.000+0200] {logging_mixin.py:137} INFO - [2024-08-28T10:48:58.000+0200] {dag.py:2705} INFO - Sync 1 DAGs
[2024-08-28T10:48:58.014+0200] {logging_mixin.py:137} INFO - [2024-08-28T10:48:58.014+0200] {dag.py:3456} INFO - Setting next_dagrun for latest_only_with_trigger to 2024-08-28T04:48:58.014395+00:00, run_after=2024-08-28T08:48:58.014395+00:00
[2024-08-28T10:48:58.025+0200] {processor.py:175} INFO - Processing /Users/roselina/opt/anaconda3/envs/python37/lib/python3.7/site-packages/airflow/example_dags/example_latest_only_with_trigger.py took 0.107 seconds
[2024-08-28T10:49:39.383+0200] {processor.py:153} INFO - Started process (PID=75963) to work on /Users/roselina/opt/anaconda3/envs/python37/lib/python3.7/site-packages/airflow/example_dags/example_latest_only_with_trigger.py
[2024-08-28T10:49:39.385+0200] {processor.py:743} INFO - Processing file /Users/roselina/opt/anaconda3/envs/python37/lib/python3.7/site-packages/airflow/example_dags/example_latest_only_with_trigger.py for tasks to queue
[2024-08-28T10:49:39.386+0200] {logging_mixin.py:137} INFO - [2024-08-28T10:49:39.386+0200] {dagbag.py:532} INFO - Filling up the DagBag from /Users/roselina/opt/anaconda3/envs/python37/lib/python3.7/site-packages/airflow/example_dags/example_latest_only_with_trigger.py
[2024-08-28T10:49:39.407+0200] {processor.py:753} INFO - DAG(s) dict_keys(['latest_only_with_trigger']) retrieved from /Users/roselina/opt/anaconda3/envs/python37/lib/python3.7/site-packages/airflow/example_dags/example_latest_only_with_trigger.py
[2024-08-28T10:49:39.431+0200] {logging_mixin.py:137} INFO - [2024-08-28T10:49:39.431+0200] {dag.py:2705} INFO - Sync 1 DAGs
[2024-08-28T10:49:39.443+0200] {logging_mixin.py:137} INFO - [2024-08-28T10:49:39.443+0200] {dag.py:3456} INFO - Setting next_dagrun for latest_only_with_trigger to 2024-08-28T04:49:39.443164+00:00, run_after=2024-08-28T08:49:39.443164+00:00
[2024-08-28T10:49:39.454+0200] {processor.py:175} INFO - Processing /Users/roselina/opt/anaconda3/envs/python37/lib/python3.7/site-packages/airflow/example_dags/example_latest_only_with_trigger.py took 0.076 seconds
[2024-08-28T10:50:20.224+0200] {processor.py:153} INFO - Started process (PID=76008) to work on /Users/roselina/opt/anaconda3/envs/python37/lib/python3.7/site-packages/airflow/example_dags/example_latest_only_with_trigger.py
[2024-08-28T10:50:20.226+0200] {processor.py:743} INFO - Processing file /Users/roselina/opt/anaconda3/envs/python37/lib/python3.7/site-packages/airflow/example_dags/example_latest_only_with_trigger.py for tasks to queue
[2024-08-28T10:50:20.228+0200] {logging_mixin.py:137} INFO - [2024-08-28T10:50:20.227+0200] {dagbag.py:532} INFO - Filling up the DagBag from /Users/roselina/opt/anaconda3/envs/python37/lib/python3.7/site-packages/airflow/example_dags/example_latest_only_with_trigger.py
[2024-08-28T10:50:20.246+0200] {processor.py:753} INFO - DAG(s) dict_keys(['latest_only_with_trigger']) retrieved from /Users/roselina/opt/anaconda3/envs/python37/lib/python3.7/site-packages/airflow/example_dags/example_latest_only_with_trigger.py
[2024-08-28T10:50:20.261+0200] {logging_mixin.py:137} INFO - [2024-08-28T10:50:20.260+0200] {dag.py:2705} INFO - Sync 1 DAGs
[2024-08-28T10:50:20.277+0200] {logging_mixin.py:137} INFO - [2024-08-28T10:50:20.276+0200] {dag.py:3456} INFO - Setting next_dagrun for latest_only_with_trigger to 2024-08-28T04:50:20.276631+00:00, run_after=2024-08-28T08:50:20.276631+00:00
[2024-08-28T10:50:20.287+0200] {processor.py:175} INFO - Processing /Users/roselina/opt/anaconda3/envs/python37/lib/python3.7/site-packages/airflow/example_dags/example_latest_only_with_trigger.py took 0.067 seconds
[2024-08-28T10:51:00.689+0200] {processor.py:153} INFO - Started process (PID=76061) to work on /Users/roselina/opt/anaconda3/envs/python37/lib/python3.7/site-packages/airflow/example_dags/example_latest_only_with_trigger.py
[2024-08-28T10:51:00.691+0200] {processor.py:743} INFO - Processing file /Users/roselina/opt/anaconda3/envs/python37/lib/python3.7/site-packages/airflow/example_dags/example_latest_only_with_trigger.py for tasks to queue
[2024-08-28T10:51:00.692+0200] {logging_mixin.py:137} INFO - [2024-08-28T10:51:00.692+0200] {dagbag.py:532} INFO - Filling up the DagBag from /Users/roselina/opt/anaconda3/envs/python37/lib/python3.7/site-packages/airflow/example_dags/example_latest_only_with_trigger.py
[2024-08-28T10:51:00.704+0200] {processor.py:753} INFO - DAG(s) dict_keys(['latest_only_with_trigger']) retrieved from /Users/roselina/opt/anaconda3/envs/python37/lib/python3.7/site-packages/airflow/example_dags/example_latest_only_with_trigger.py
[2024-08-28T10:51:00.719+0200] {logging_mixin.py:137} INFO - [2024-08-28T10:51:00.719+0200] {dag.py:2705} INFO - Sync 1 DAGs
[2024-08-28T10:51:00.732+0200] {logging_mixin.py:137} INFO - [2024-08-28T10:51:00.731+0200] {dag.py:3456} INFO - Setting next_dagrun for latest_only_with_trigger to 2024-08-28T04:51:00.731688+00:00, run_after=2024-08-28T08:51:00.731688+00:00
[2024-08-28T10:51:00.743+0200] {processor.py:175} INFO - Processing /Users/roselina/opt/anaconda3/envs/python37/lib/python3.7/site-packages/airflow/example_dags/example_latest_only_with_trigger.py took 0.056 seconds
[2024-08-28T10:51:43.198+0200] {processor.py:153} INFO - Started process (PID=76114) to work on /Users/roselina/opt/anaconda3/envs/python37/lib/python3.7/site-packages/airflow/example_dags/example_latest_only_with_trigger.py
[2024-08-28T10:51:43.200+0200] {processor.py:743} INFO - Processing file /Users/roselina/opt/anaconda3/envs/python37/lib/python3.7/site-packages/airflow/example_dags/example_latest_only_with_trigger.py for tasks to queue
[2024-08-28T10:51:43.201+0200] {logging_mixin.py:137} INFO - [2024-08-28T10:51:43.201+0200] {dagbag.py:532} INFO - Filling up the DagBag from /Users/roselina/opt/anaconda3/envs/python37/lib/python3.7/site-packages/airflow/example_dags/example_latest_only_with_trigger.py
[2024-08-28T10:51:43.219+0200] {processor.py:753} INFO - DAG(s) dict_keys(['latest_only_with_trigger']) retrieved from /Users/roselina/opt/anaconda3/envs/python37/lib/python3.7/site-packages/airflow/example_dags/example_latest_only_with_trigger.py
[2024-08-28T10:51:43.234+0200] {logging_mixin.py:137} INFO - [2024-08-28T10:51:43.233+0200] {dag.py:2705} INFO - Sync 1 DAGs
[2024-08-28T10:51:43.246+0200] {logging_mixin.py:137} INFO - [2024-08-28T10:51:43.246+0200] {dag.py:3456} INFO - Setting next_dagrun for latest_only_with_trigger to 2024-08-28T04:51:43.245972+00:00, run_after=2024-08-28T08:51:43.245972+00:00
[2024-08-28T10:51:43.256+0200] {processor.py:175} INFO - Processing /Users/roselina/opt/anaconda3/envs/python37/lib/python3.7/site-packages/airflow/example_dags/example_latest_only_with_trigger.py took 0.062 seconds
[2024-08-28T10:52:23.136+0200] {processor.py:153} INFO - Started process (PID=76168) to work on /Users/roselina/opt/anaconda3/envs/python37/lib/python3.7/site-packages/airflow/example_dags/example_latest_only_with_trigger.py
[2024-08-28T10:52:23.138+0200] {processor.py:743} INFO - Processing file /Users/roselina/opt/anaconda3/envs/python37/lib/python3.7/site-packages/airflow/example_dags/example_latest_only_with_trigger.py for tasks to queue
[2024-08-28T10:52:23.140+0200] {logging_mixin.py:137} INFO - [2024-08-28T10:52:23.139+0200] {dagbag.py:532} INFO - Filling up the DagBag from /Users/roselina/opt/anaconda3/envs/python37/lib/python3.7/site-packages/airflow/example_dags/example_latest_only_with_trigger.py
[2024-08-28T10:52:23.181+0200] {processor.py:753} INFO - DAG(s) dict_keys(['latest_only_with_trigger']) retrieved from /Users/roselina/opt/anaconda3/envs/python37/lib/python3.7/site-packages/airflow/example_dags/example_latest_only_with_trigger.py
[2024-08-28T10:52:23.202+0200] {logging_mixin.py:137} INFO - [2024-08-28T10:52:23.202+0200] {dag.py:2705} INFO - Sync 1 DAGs
[2024-08-28T10:52:23.213+0200] {logging_mixin.py:137} INFO - [2024-08-28T10:52:23.213+0200] {dag.py:3456} INFO - Setting next_dagrun for latest_only_with_trigger to 2024-08-28T04:52:23.213302+00:00, run_after=2024-08-28T08:52:23.213302+00:00
[2024-08-28T10:52:23.223+0200] {processor.py:175} INFO - Processing /Users/roselina/opt/anaconda3/envs/python37/lib/python3.7/site-packages/airflow/example_dags/example_latest_only_with_trigger.py took 0.092 seconds
[2024-08-28T10:53:05.913+0200] {processor.py:153} INFO - Started process (PID=76215) to work on /Users/roselina/opt/anaconda3/envs/python37/lib/python3.7/site-packages/airflow/example_dags/example_latest_only_with_trigger.py
[2024-08-28T10:53:05.914+0200] {processor.py:743} INFO - Processing file /Users/roselina/opt/anaconda3/envs/python37/lib/python3.7/site-packages/airflow/example_dags/example_latest_only_with_trigger.py for tasks to queue
[2024-08-28T10:53:05.916+0200] {logging_mixin.py:137} INFO - [2024-08-28T10:53:05.915+0200] {dagbag.py:532} INFO - Filling up the DagBag from /Users/roselina/opt/anaconda3/envs/python37/lib/python3.7/site-packages/airflow/example_dags/example_latest_only_with_trigger.py
[2024-08-28T10:53:05.937+0200] {processor.py:753} INFO - DAG(s) dict_keys(['latest_only_with_trigger']) retrieved from /Users/roselina/opt/anaconda3/envs/python37/lib/python3.7/site-packages/airflow/example_dags/example_latest_only_with_trigger.py
[2024-08-28T10:53:05.952+0200] {logging_mixin.py:137} INFO - [2024-08-28T10:53:05.951+0200] {dag.py:2705} INFO - Sync 1 DAGs
[2024-08-28T10:53:05.964+0200] {logging_mixin.py:137} INFO - [2024-08-28T10:53:05.964+0200] {dag.py:3456} INFO - Setting next_dagrun for latest_only_with_trigger to 2024-08-28T04:53:05.964185+00:00, run_after=2024-08-28T08:53:05.964185+00:00
[2024-08-28T10:53:05.974+0200] {processor.py:175} INFO - Processing /Users/roselina/opt/anaconda3/envs/python37/lib/python3.7/site-packages/airflow/example_dags/example_latest_only_with_trigger.py took 0.067 seconds
