[2024-08-28T10:11:18.259+0200] {processor.py:153} INFO - Started process (PID=74932) to work on /Users/roselina/opt/anaconda3/envs/python37/lib/python3.7/site-packages/airflow/example_dags/example_sla_dag.py
[2024-08-28T10:11:18.261+0200] {processor.py:743} INFO - Processing file /Users/roselina/opt/anaconda3/envs/python37/lib/python3.7/site-packages/airflow/example_dags/example_sla_dag.py for tasks to queue
[2024-08-28T10:11:18.262+0200] {logging_mixin.py:137} INFO - [2024-08-28T10:11:18.262+0200] {dagbag.py:532} INFO - Filling up the DagBag from /Users/roselina/opt/anaconda3/envs/python37/lib/python3.7/site-packages/airflow/example_dags/example_sla_dag.py
[2024-08-28T10:11:18.285+0200] {processor.py:753} INFO - DAG(s) dict_keys(['example_sla_dag']) retrieved from /Users/roselina/opt/anaconda3/envs/python37/lib/python3.7/site-packages/airflow/example_dags/example_sla_dag.py
[2024-08-28T10:11:18.340+0200] {logging_mixin.py:137} INFO - [2024-08-28T10:11:18.340+0200] {manager.py:504} INFO - Created Permission View: can read on DAG:example_sla_dag
[2024-08-28T10:11:18.354+0200] {logging_mixin.py:137} INFO - [2024-08-28T10:11:18.353+0200] {manager.py:504} INFO - Created Permission View: can delete on DAG:example_sla_dag
[2024-08-28T10:11:18.358+0200] {logging_mixin.py:137} INFO - [2024-08-28T10:11:18.357+0200] {manager.py:504} INFO - Created Permission View: can edit on DAG:example_sla_dag
[2024-08-28T10:11:18.358+0200] {logging_mixin.py:137} INFO - [2024-08-28T10:11:18.358+0200] {dag.py:2705} INFO - Sync 1 DAGs
[2024-08-28T10:11:18.365+0200] {logging_mixin.py:137} INFO - [2024-08-28T10:11:18.365+0200] {dag.py:2726} INFO - Creating ORM DAG for example_sla_dag
[2024-08-28T10:11:18.372+0200] {logging_mixin.py:137} INFO - [2024-08-28T10:11:18.372+0200] {dag.py:3456} INFO - Setting next_dagrun for example_sla_dag to 2024-08-28T08:08:00+00:00, run_after=2024-08-28T08:10:00+00:00
[2024-08-28T10:11:18.380+0200] {processor.py:175} INFO - Processing /Users/roselina/opt/anaconda3/envs/python37/lib/python3.7/site-packages/airflow/example_dags/example_sla_dag.py took 0.125 seconds
[2024-08-28T10:12:01.305+0200] {processor.py:153} INFO - Started process (PID=74996) to work on /Users/roselina/opt/anaconda3/envs/python37/lib/python3.7/site-packages/airflow/example_dags/example_sla_dag.py
[2024-08-28T10:12:01.307+0200] {processor.py:743} INFO - Processing file /Users/roselina/opt/anaconda3/envs/python37/lib/python3.7/site-packages/airflow/example_dags/example_sla_dag.py for tasks to queue
[2024-08-28T10:12:01.307+0200] {logging_mixin.py:137} INFO - [2024-08-28T10:12:01.307+0200] {dagbag.py:532} INFO - Filling up the DagBag from /Users/roselina/opt/anaconda3/envs/python37/lib/python3.7/site-packages/airflow/example_dags/example_sla_dag.py
[2024-08-28T10:12:01.327+0200] {processor.py:753} INFO - DAG(s) dict_keys(['example_sla_dag']) retrieved from /Users/roselina/opt/anaconda3/envs/python37/lib/python3.7/site-packages/airflow/example_dags/example_sla_dag.py
[2024-08-28T10:12:01.339+0200] {logging_mixin.py:137} INFO - [2024-08-28T10:12:01.339+0200] {dag.py:2705} INFO - Sync 1 DAGs
[2024-08-28T10:12:01.353+0200] {logging_mixin.py:137} INFO - [2024-08-28T10:12:01.352+0200] {dag.py:3456} INFO - Setting next_dagrun for example_sla_dag to 2024-08-28T08:10:00+00:00, run_after=2024-08-28T08:12:00+00:00
[2024-08-28T10:12:01.368+0200] {processor.py:175} INFO - Processing /Users/roselina/opt/anaconda3/envs/python37/lib/python3.7/site-packages/airflow/example_dags/example_sla_dag.py took 0.065 seconds
[2024-08-28T10:12:43.027+0200] {processor.py:153} INFO - Started process (PID=75053) to work on /Users/roselina/opt/anaconda3/envs/python37/lib/python3.7/site-packages/airflow/example_dags/example_sla_dag.py
[2024-08-28T10:12:43.029+0200] {processor.py:743} INFO - Processing file /Users/roselina/opt/anaconda3/envs/python37/lib/python3.7/site-packages/airflow/example_dags/example_sla_dag.py for tasks to queue
[2024-08-28T10:12:43.030+0200] {logging_mixin.py:137} INFO - [2024-08-28T10:12:43.030+0200] {dagbag.py:532} INFO - Filling up the DagBag from /Users/roselina/opt/anaconda3/envs/python37/lib/python3.7/site-packages/airflow/example_dags/example_sla_dag.py
[2024-08-28T10:12:43.064+0200] {processor.py:753} INFO - DAG(s) dict_keys(['example_sla_dag']) retrieved from /Users/roselina/opt/anaconda3/envs/python37/lib/python3.7/site-packages/airflow/example_dags/example_sla_dag.py
[2024-08-28T10:12:43.079+0200] {logging_mixin.py:137} INFO - [2024-08-28T10:12:43.078+0200] {dag.py:2705} INFO - Sync 1 DAGs
[2024-08-28T10:12:43.091+0200] {logging_mixin.py:137} INFO - [2024-08-28T10:12:43.091+0200] {dag.py:3456} INFO - Setting next_dagrun for example_sla_dag to 2024-08-28T08:10:00+00:00, run_after=2024-08-28T08:12:00+00:00
[2024-08-28T10:12:43.100+0200] {processor.py:175} INFO - Processing /Users/roselina/opt/anaconda3/envs/python37/lib/python3.7/site-packages/airflow/example_dags/example_sla_dag.py took 0.077 seconds
[2024-08-28T10:13:24.994+0200] {processor.py:153} INFO - Started process (PID=75116) to work on /Users/roselina/opt/anaconda3/envs/python37/lib/python3.7/site-packages/airflow/example_dags/example_sla_dag.py
[2024-08-28T10:13:24.995+0200] {processor.py:743} INFO - Processing file /Users/roselina/opt/anaconda3/envs/python37/lib/python3.7/site-packages/airflow/example_dags/example_sla_dag.py for tasks to queue
[2024-08-28T10:13:24.995+0200] {logging_mixin.py:137} INFO - [2024-08-28T10:13:24.995+0200] {dagbag.py:532} INFO - Filling up the DagBag from /Users/roselina/opt/anaconda3/envs/python37/lib/python3.7/site-packages/airflow/example_dags/example_sla_dag.py
[2024-08-28T10:13:25.011+0200] {processor.py:753} INFO - DAG(s) dict_keys(['example_sla_dag']) retrieved from /Users/roselina/opt/anaconda3/envs/python37/lib/python3.7/site-packages/airflow/example_dags/example_sla_dag.py
[2024-08-28T10:13:25.023+0200] {logging_mixin.py:137} INFO - [2024-08-28T10:13:25.022+0200] {dag.py:2705} INFO - Sync 1 DAGs
[2024-08-28T10:13:25.036+0200] {logging_mixin.py:137} INFO - [2024-08-28T10:13:25.036+0200] {dag.py:3456} INFO - Setting next_dagrun for example_sla_dag to 2024-08-28T08:10:00+00:00, run_after=2024-08-28T08:12:00+00:00
[2024-08-28T10:13:25.045+0200] {processor.py:175} INFO - Processing /Users/roselina/opt/anaconda3/envs/python37/lib/python3.7/site-packages/airflow/example_dags/example_sla_dag.py took 0.054 seconds
[2024-08-28T10:14:07.637+0200] {processor.py:153} INFO - Started process (PID=75194) to work on /Users/roselina/opt/anaconda3/envs/python37/lib/python3.7/site-packages/airflow/example_dags/example_sla_dag.py
[2024-08-28T10:14:07.639+0200] {processor.py:743} INFO - Processing file /Users/roselina/opt/anaconda3/envs/python37/lib/python3.7/site-packages/airflow/example_dags/example_sla_dag.py for tasks to queue
[2024-08-28T10:14:07.641+0200] {logging_mixin.py:137} INFO - [2024-08-28T10:14:07.640+0200] {dagbag.py:532} INFO - Filling up the DagBag from /Users/roselina/opt/anaconda3/envs/python37/lib/python3.7/site-packages/airflow/example_dags/example_sla_dag.py
[2024-08-28T10:14:07.667+0200] {processor.py:753} INFO - DAG(s) dict_keys(['example_sla_dag']) retrieved from /Users/roselina/opt/anaconda3/envs/python37/lib/python3.7/site-packages/airflow/example_dags/example_sla_dag.py
[2024-08-28T10:14:07.681+0200] {logging_mixin.py:137} INFO - [2024-08-28T10:14:07.681+0200] {dag.py:2705} INFO - Sync 1 DAGs
[2024-08-28T10:14:07.695+0200] {logging_mixin.py:137} INFO - [2024-08-28T10:14:07.695+0200] {dag.py:3456} INFO - Setting next_dagrun for example_sla_dag to 2024-08-28T08:12:00+00:00, run_after=2024-08-28T08:14:00+00:00
[2024-08-28T10:14:07.705+0200] {processor.py:175} INFO - Processing /Users/roselina/opt/anaconda3/envs/python37/lib/python3.7/site-packages/airflow/example_dags/example_sla_dag.py took 0.072 seconds
[2024-08-28T10:14:50.249+0200] {processor.py:153} INFO - Started process (PID=75242) to work on /Users/roselina/opt/anaconda3/envs/python37/lib/python3.7/site-packages/airflow/example_dags/example_sla_dag.py
[2024-08-28T10:14:50.251+0200] {processor.py:743} INFO - Processing file /Users/roselina/opt/anaconda3/envs/python37/lib/python3.7/site-packages/airflow/example_dags/example_sla_dag.py for tasks to queue
[2024-08-28T10:14:50.253+0200] {logging_mixin.py:137} INFO - [2024-08-28T10:14:50.252+0200] {dagbag.py:532} INFO - Filling up the DagBag from /Users/roselina/opt/anaconda3/envs/python37/lib/python3.7/site-packages/airflow/example_dags/example_sla_dag.py
[2024-08-28T10:14:50.288+0200] {processor.py:753} INFO - DAG(s) dict_keys(['example_sla_dag']) retrieved from /Users/roselina/opt/anaconda3/envs/python37/lib/python3.7/site-packages/airflow/example_dags/example_sla_dag.py
[2024-08-28T10:14:50.303+0200] {logging_mixin.py:137} INFO - [2024-08-28T10:14:50.303+0200] {dag.py:2705} INFO - Sync 1 DAGs
[2024-08-28T10:14:50.317+0200] {logging_mixin.py:137} INFO - [2024-08-28T10:14:50.317+0200] {dag.py:3456} INFO - Setting next_dagrun for example_sla_dag to 2024-08-28T08:12:00+00:00, run_after=2024-08-28T08:14:00+00:00
[2024-08-28T10:14:50.326+0200] {processor.py:175} INFO - Processing /Users/roselina/opt/anaconda3/envs/python37/lib/python3.7/site-packages/airflow/example_dags/example_sla_dag.py took 0.086 seconds
[2024-08-28T10:15:31.465+0200] {processor.py:153} INFO - Started process (PID=75286) to work on /Users/roselina/opt/anaconda3/envs/python37/lib/python3.7/site-packages/airflow/example_dags/example_sla_dag.py
[2024-08-28T10:15:31.467+0200] {processor.py:743} INFO - Processing file /Users/roselina/opt/anaconda3/envs/python37/lib/python3.7/site-packages/airflow/example_dags/example_sla_dag.py for tasks to queue
[2024-08-28T10:15:31.469+0200] {logging_mixin.py:137} INFO - [2024-08-28T10:15:31.468+0200] {dagbag.py:532} INFO - Filling up the DagBag from /Users/roselina/opt/anaconda3/envs/python37/lib/python3.7/site-packages/airflow/example_dags/example_sla_dag.py
[2024-08-28T10:15:31.493+0200] {processor.py:753} INFO - DAG(s) dict_keys(['example_sla_dag']) retrieved from /Users/roselina/opt/anaconda3/envs/python37/lib/python3.7/site-packages/airflow/example_dags/example_sla_dag.py
[2024-08-28T10:15:31.510+0200] {logging_mixin.py:137} INFO - [2024-08-28T10:15:31.510+0200] {dag.py:2705} INFO - Sync 1 DAGs
[2024-08-28T10:15:31.524+0200] {logging_mixin.py:137} INFO - [2024-08-28T10:15:31.524+0200] {dag.py:3456} INFO - Setting next_dagrun for example_sla_dag to 2024-08-28T08:12:00+00:00, run_after=2024-08-28T08:14:00+00:00
[2024-08-28T10:15:31.533+0200] {processor.py:175} INFO - Processing /Users/roselina/opt/anaconda3/envs/python37/lib/python3.7/site-packages/airflow/example_dags/example_sla_dag.py took 0.072 seconds
[2024-08-28T10:16:10.376+0200] {processor.py:153} INFO - Started process (PID=75331) to work on /Users/roselina/opt/anaconda3/envs/python37/lib/python3.7/site-packages/airflow/example_dags/example_sla_dag.py
[2024-08-28T10:16:10.378+0200] {processor.py:743} INFO - Processing file /Users/roselina/opt/anaconda3/envs/python37/lib/python3.7/site-packages/airflow/example_dags/example_sla_dag.py for tasks to queue
[2024-08-28T10:16:10.379+0200] {logging_mixin.py:137} INFO - [2024-08-28T10:16:10.379+0200] {dagbag.py:532} INFO - Filling up the DagBag from /Users/roselina/opt/anaconda3/envs/python37/lib/python3.7/site-packages/airflow/example_dags/example_sla_dag.py
[2024-08-28T10:16:10.405+0200] {processor.py:753} INFO - DAG(s) dict_keys(['example_sla_dag']) retrieved from /Users/roselina/opt/anaconda3/envs/python37/lib/python3.7/site-packages/airflow/example_dags/example_sla_dag.py
[2024-08-28T10:16:10.418+0200] {logging_mixin.py:137} INFO - [2024-08-28T10:16:10.418+0200] {dag.py:2705} INFO - Sync 1 DAGs
[2024-08-28T10:16:10.433+0200] {logging_mixin.py:137} INFO - [2024-08-28T10:16:10.432+0200] {dag.py:3456} INFO - Setting next_dagrun for example_sla_dag to 2024-08-28T08:14:00+00:00, run_after=2024-08-28T08:16:00+00:00
[2024-08-28T10:16:10.443+0200] {processor.py:175} INFO - Processing /Users/roselina/opt/anaconda3/envs/python37/lib/python3.7/site-packages/airflow/example_dags/example_sla_dag.py took 0.071 seconds
[2024-08-28T10:16:51.740+0200] {processor.py:153} INFO - Started process (PID=75376) to work on /Users/roselina/opt/anaconda3/envs/python37/lib/python3.7/site-packages/airflow/example_dags/example_sla_dag.py
[2024-08-28T10:16:51.743+0200] {processor.py:743} INFO - Processing file /Users/roselina/opt/anaconda3/envs/python37/lib/python3.7/site-packages/airflow/example_dags/example_sla_dag.py for tasks to queue
[2024-08-28T10:16:51.745+0200] {logging_mixin.py:137} INFO - [2024-08-28T10:16:51.744+0200] {dagbag.py:532} INFO - Filling up the DagBag from /Users/roselina/opt/anaconda3/envs/python37/lib/python3.7/site-packages/airflow/example_dags/example_sla_dag.py
[2024-08-28T10:16:51.771+0200] {processor.py:753} INFO - DAG(s) dict_keys(['example_sla_dag']) retrieved from /Users/roselina/opt/anaconda3/envs/python37/lib/python3.7/site-packages/airflow/example_dags/example_sla_dag.py
[2024-08-28T10:16:51.784+0200] {logging_mixin.py:137} INFO - [2024-08-28T10:16:51.783+0200] {dag.py:2705} INFO - Sync 1 DAGs
[2024-08-28T10:16:51.798+0200] {logging_mixin.py:137} INFO - [2024-08-28T10:16:51.797+0200] {dag.py:3456} INFO - Setting next_dagrun for example_sla_dag to 2024-08-28T08:14:00+00:00, run_after=2024-08-28T08:16:00+00:00
[2024-08-28T10:16:51.807+0200] {processor.py:175} INFO - Processing /Users/roselina/opt/anaconda3/envs/python37/lib/python3.7/site-packages/airflow/example_dags/example_sla_dag.py took 0.071 seconds
[2024-08-28T10:17:33.030+0200] {processor.py:153} INFO - Started process (PID=75430) to work on /Users/roselina/opt/anaconda3/envs/python37/lib/python3.7/site-packages/airflow/example_dags/example_sla_dag.py
[2024-08-28T10:17:33.032+0200] {processor.py:743} INFO - Processing file /Users/roselina/opt/anaconda3/envs/python37/lib/python3.7/site-packages/airflow/example_dags/example_sla_dag.py for tasks to queue
[2024-08-28T10:17:33.033+0200] {logging_mixin.py:137} INFO - [2024-08-28T10:17:33.033+0200] {dagbag.py:532} INFO - Filling up the DagBag from /Users/roselina/opt/anaconda3/envs/python37/lib/python3.7/site-packages/airflow/example_dags/example_sla_dag.py
[2024-08-28T10:17:33.059+0200] {processor.py:753} INFO - DAG(s) dict_keys(['example_sla_dag']) retrieved from /Users/roselina/opt/anaconda3/envs/python37/lib/python3.7/site-packages/airflow/example_dags/example_sla_dag.py
[2024-08-28T10:17:33.073+0200] {logging_mixin.py:137} INFO - [2024-08-28T10:17:33.073+0200] {dag.py:2705} INFO - Sync 1 DAGs
[2024-08-28T10:17:33.087+0200] {logging_mixin.py:137} INFO - [2024-08-28T10:17:33.087+0200] {dag.py:3456} INFO - Setting next_dagrun for example_sla_dag to 2024-08-28T08:14:00+00:00, run_after=2024-08-28T08:16:00+00:00
[2024-08-28T10:17:33.097+0200] {processor.py:175} INFO - Processing /Users/roselina/opt/anaconda3/envs/python37/lib/python3.7/site-packages/airflow/example_dags/example_sla_dag.py took 0.071 seconds
[2024-08-28T10:43:55.695+0200] {processor.py:153} INFO - Started process (PID=75526) to work on /Users/roselina/opt/anaconda3/envs/python37/lib/python3.7/site-packages/airflow/example_dags/example_sla_dag.py
[2024-08-28T10:43:55.696+0200] {processor.py:743} INFO - Processing file /Users/roselina/opt/anaconda3/envs/python37/lib/python3.7/site-packages/airflow/example_dags/example_sla_dag.py for tasks to queue
[2024-08-28T10:43:55.697+0200] {logging_mixin.py:137} INFO - [2024-08-28T10:43:55.696+0200] {dagbag.py:532} INFO - Filling up the DagBag from /Users/roselina/opt/anaconda3/envs/python37/lib/python3.7/site-packages/airflow/example_dags/example_sla_dag.py
[2024-08-28T10:43:55.714+0200] {processor.py:753} INFO - DAG(s) dict_keys(['example_sla_dag']) retrieved from /Users/roselina/opt/anaconda3/envs/python37/lib/python3.7/site-packages/airflow/example_dags/example_sla_dag.py
[2024-08-28T10:43:55.727+0200] {logging_mixin.py:137} INFO - [2024-08-28T10:43:55.727+0200] {dag.py:2705} INFO - Sync 1 DAGs
[2024-08-28T10:43:55.740+0200] {logging_mixin.py:137} INFO - [2024-08-28T10:43:55.740+0200] {dag.py:3456} INFO - Setting next_dagrun for example_sla_dag to 2024-08-28T08:40:00+00:00, run_after=2024-08-28T08:42:00+00:00
[2024-08-28T10:43:55.749+0200] {processor.py:175} INFO - Processing /Users/roselina/opt/anaconda3/envs/python37/lib/python3.7/site-packages/airflow/example_dags/example_sla_dag.py took 0.056 seconds
[2024-08-28T10:44:37.435+0200] {processor.py:153} INFO - Started process (PID=75579) to work on /Users/roselina/opt/anaconda3/envs/python37/lib/python3.7/site-packages/airflow/example_dags/example_sla_dag.py
[2024-08-28T10:44:37.437+0200] {processor.py:743} INFO - Processing file /Users/roselina/opt/anaconda3/envs/python37/lib/python3.7/site-packages/airflow/example_dags/example_sla_dag.py for tasks to queue
[2024-08-28T10:44:37.438+0200] {logging_mixin.py:137} INFO - [2024-08-28T10:44:37.438+0200] {dagbag.py:532} INFO - Filling up the DagBag from /Users/roselina/opt/anaconda3/envs/python37/lib/python3.7/site-packages/airflow/example_dags/example_sla_dag.py
[2024-08-28T10:44:37.464+0200] {processor.py:753} INFO - DAG(s) dict_keys(['example_sla_dag']) retrieved from /Users/roselina/opt/anaconda3/envs/python37/lib/python3.7/site-packages/airflow/example_dags/example_sla_dag.py
[2024-08-28T10:44:37.477+0200] {logging_mixin.py:137} INFO - [2024-08-28T10:44:37.477+0200] {dag.py:2705} INFO - Sync 1 DAGs
[2024-08-28T10:44:37.493+0200] {logging_mixin.py:137} INFO - [2024-08-28T10:44:37.492+0200] {dag.py:3456} INFO - Setting next_dagrun for example_sla_dag to 2024-08-28T08:42:00+00:00, run_after=2024-08-28T08:44:00+00:00
[2024-08-28T10:44:37.502+0200] {processor.py:175} INFO - Processing /Users/roselina/opt/anaconda3/envs/python37/lib/python3.7/site-packages/airflow/example_dags/example_sla_dag.py took 0.072 seconds
[2024-08-28T10:45:20.293+0200] {processor.py:153} INFO - Started process (PID=75637) to work on /Users/roselina/opt/anaconda3/envs/python37/lib/python3.7/site-packages/airflow/example_dags/example_sla_dag.py
[2024-08-28T10:45:20.296+0200] {processor.py:743} INFO - Processing file /Users/roselina/opt/anaconda3/envs/python37/lib/python3.7/site-packages/airflow/example_dags/example_sla_dag.py for tasks to queue
[2024-08-28T10:45:20.298+0200] {logging_mixin.py:137} INFO - [2024-08-28T10:45:20.298+0200] {dagbag.py:532} INFO - Filling up the DagBag from /Users/roselina/opt/anaconda3/envs/python37/lib/python3.7/site-packages/airflow/example_dags/example_sla_dag.py
[2024-08-28T10:45:20.325+0200] {processor.py:753} INFO - DAG(s) dict_keys(['example_sla_dag']) retrieved from /Users/roselina/opt/anaconda3/envs/python37/lib/python3.7/site-packages/airflow/example_dags/example_sla_dag.py
[2024-08-28T10:45:20.339+0200] {logging_mixin.py:137} INFO - [2024-08-28T10:45:20.338+0200] {dag.py:2705} INFO - Sync 1 DAGs
[2024-08-28T10:45:20.352+0200] {logging_mixin.py:137} INFO - [2024-08-28T10:45:20.352+0200] {dag.py:3456} INFO - Setting next_dagrun for example_sla_dag to 2024-08-28T08:42:00+00:00, run_after=2024-08-28T08:44:00+00:00
[2024-08-28T10:45:20.362+0200] {processor.py:175} INFO - Processing /Users/roselina/opt/anaconda3/envs/python37/lib/python3.7/site-packages/airflow/example_dags/example_sla_dag.py took 0.073 seconds
[2024-08-28T10:46:01.084+0200] {processor.py:153} INFO - Started process (PID=75683) to work on /Users/roselina/opt/anaconda3/envs/python37/lib/python3.7/site-packages/airflow/example_dags/example_sla_dag.py
[2024-08-28T10:46:01.086+0200] {processor.py:743} INFO - Processing file /Users/roselina/opt/anaconda3/envs/python37/lib/python3.7/site-packages/airflow/example_dags/example_sla_dag.py for tasks to queue
[2024-08-28T10:46:01.087+0200] {logging_mixin.py:137} INFO - [2024-08-28T10:46:01.086+0200] {dagbag.py:532} INFO - Filling up the DagBag from /Users/roselina/opt/anaconda3/envs/python37/lib/python3.7/site-packages/airflow/example_dags/example_sla_dag.py
[2024-08-28T10:46:01.114+0200] {processor.py:753} INFO - DAG(s) dict_keys(['example_sla_dag']) retrieved from /Users/roselina/opt/anaconda3/envs/python37/lib/python3.7/site-packages/airflow/example_dags/example_sla_dag.py
[2024-08-28T10:46:01.127+0200] {logging_mixin.py:137} INFO - [2024-08-28T10:46:01.127+0200] {dag.py:2705} INFO - Sync 1 DAGs
[2024-08-28T10:46:01.142+0200] {logging_mixin.py:137} INFO - [2024-08-28T10:46:01.141+0200] {dag.py:3456} INFO - Setting next_dagrun for example_sla_dag to 2024-08-28T08:44:00+00:00, run_after=2024-08-28T08:46:00+00:00
[2024-08-28T10:46:01.151+0200] {processor.py:175} INFO - Processing /Users/roselina/opt/anaconda3/envs/python37/lib/python3.7/site-packages/airflow/example_dags/example_sla_dag.py took 0.072 seconds
[2024-08-28T10:46:42.379+0200] {processor.py:153} INFO - Started process (PID=75728) to work on /Users/roselina/opt/anaconda3/envs/python37/lib/python3.7/site-packages/airflow/example_dags/example_sla_dag.py
[2024-08-28T10:46:42.381+0200] {processor.py:743} INFO - Processing file /Users/roselina/opt/anaconda3/envs/python37/lib/python3.7/site-packages/airflow/example_dags/example_sla_dag.py for tasks to queue
[2024-08-28T10:46:42.382+0200] {logging_mixin.py:137} INFO - [2024-08-28T10:46:42.382+0200] {dagbag.py:532} INFO - Filling up the DagBag from /Users/roselina/opt/anaconda3/envs/python37/lib/python3.7/site-packages/airflow/example_dags/example_sla_dag.py
[2024-08-28T10:46:42.406+0200] {processor.py:753} INFO - DAG(s) dict_keys(['example_sla_dag']) retrieved from /Users/roselina/opt/anaconda3/envs/python37/lib/python3.7/site-packages/airflow/example_dags/example_sla_dag.py
[2024-08-28T10:46:42.420+0200] {logging_mixin.py:137} INFO - [2024-08-28T10:46:42.419+0200] {dag.py:2705} INFO - Sync 1 DAGs
[2024-08-28T10:46:42.434+0200] {logging_mixin.py:137} INFO - [2024-08-28T10:46:42.434+0200] {dag.py:3456} INFO - Setting next_dagrun for example_sla_dag to 2024-08-28T08:44:00+00:00, run_after=2024-08-28T08:46:00+00:00
[2024-08-28T10:46:42.449+0200] {processor.py:175} INFO - Processing /Users/roselina/opt/anaconda3/envs/python37/lib/python3.7/site-packages/airflow/example_dags/example_sla_dag.py took 0.073 seconds
[2024-08-28T10:47:23.496+0200] {processor.py:153} INFO - Started process (PID=75785) to work on /Users/roselina/opt/anaconda3/envs/python37/lib/python3.7/site-packages/airflow/example_dags/example_sla_dag.py
[2024-08-28T10:47:23.498+0200] {processor.py:743} INFO - Processing file /Users/roselina/opt/anaconda3/envs/python37/lib/python3.7/site-packages/airflow/example_dags/example_sla_dag.py for tasks to queue
[2024-08-28T10:47:23.500+0200] {logging_mixin.py:137} INFO - [2024-08-28T10:47:23.499+0200] {dagbag.py:532} INFO - Filling up the DagBag from /Users/roselina/opt/anaconda3/envs/python37/lib/python3.7/site-packages/airflow/example_dags/example_sla_dag.py
[2024-08-28T10:47:23.525+0200] {processor.py:753} INFO - DAG(s) dict_keys(['example_sla_dag']) retrieved from /Users/roselina/opt/anaconda3/envs/python37/lib/python3.7/site-packages/airflow/example_dags/example_sla_dag.py
[2024-08-28T10:47:23.541+0200] {logging_mixin.py:137} INFO - [2024-08-28T10:47:23.540+0200] {dag.py:2705} INFO - Sync 1 DAGs
[2024-08-28T10:47:23.554+0200] {logging_mixin.py:137} INFO - [2024-08-28T10:47:23.554+0200] {dag.py:3456} INFO - Setting next_dagrun for example_sla_dag to 2024-08-28T08:44:00+00:00, run_after=2024-08-28T08:46:00+00:00
[2024-08-28T10:47:23.563+0200] {processor.py:175} INFO - Processing /Users/roselina/opt/anaconda3/envs/python37/lib/python3.7/site-packages/airflow/example_dags/example_sla_dag.py took 0.071 seconds
[2024-08-28T10:48:04.942+0200] {processor.py:153} INFO - Started process (PID=75836) to work on /Users/roselina/opt/anaconda3/envs/python37/lib/python3.7/site-packages/airflow/example_dags/example_sla_dag.py
[2024-08-28T10:48:04.944+0200] {processor.py:743} INFO - Processing file /Users/roselina/opt/anaconda3/envs/python37/lib/python3.7/site-packages/airflow/example_dags/example_sla_dag.py for tasks to queue
[2024-08-28T10:48:04.945+0200] {logging_mixin.py:137} INFO - [2024-08-28T10:48:04.945+0200] {dagbag.py:532} INFO - Filling up the DagBag from /Users/roselina/opt/anaconda3/envs/python37/lib/python3.7/site-packages/airflow/example_dags/example_sla_dag.py
[2024-08-28T10:48:04.969+0200] {processor.py:753} INFO - DAG(s) dict_keys(['example_sla_dag']) retrieved from /Users/roselina/opt/anaconda3/envs/python37/lib/python3.7/site-packages/airflow/example_dags/example_sla_dag.py
[2024-08-28T10:48:04.986+0200] {logging_mixin.py:137} INFO - [2024-08-28T10:48:04.985+0200] {dag.py:2705} INFO - Sync 1 DAGs
[2024-08-28T10:48:05.000+0200] {logging_mixin.py:137} INFO - [2024-08-28T10:48:04.999+0200] {dag.py:3456} INFO - Setting next_dagrun for example_sla_dag to 2024-08-28T08:46:00+00:00, run_after=2024-08-28T08:48:00+00:00
[2024-08-28T10:48:05.009+0200] {processor.py:175} INFO - Processing /Users/roselina/opt/anaconda3/envs/python37/lib/python3.7/site-packages/airflow/example_dags/example_sla_dag.py took 0.071 seconds
[2024-08-28T10:48:46.354+0200] {processor.py:153} INFO - Started process (PID=75897) to work on /Users/roselina/opt/anaconda3/envs/python37/lib/python3.7/site-packages/airflow/example_dags/example_sla_dag.py
[2024-08-28T10:48:46.356+0200] {processor.py:743} INFO - Processing file /Users/roselina/opt/anaconda3/envs/python37/lib/python3.7/site-packages/airflow/example_dags/example_sla_dag.py for tasks to queue
[2024-08-28T10:48:46.357+0200] {logging_mixin.py:137} INFO - [2024-08-28T10:48:46.357+0200] {dagbag.py:532} INFO - Filling up the DagBag from /Users/roselina/opt/anaconda3/envs/python37/lib/python3.7/site-packages/airflow/example_dags/example_sla_dag.py
[2024-08-28T10:48:46.380+0200] {processor.py:753} INFO - DAG(s) dict_keys(['example_sla_dag']) retrieved from /Users/roselina/opt/anaconda3/envs/python37/lib/python3.7/site-packages/airflow/example_dags/example_sla_dag.py
[2024-08-28T10:48:46.396+0200] {logging_mixin.py:137} INFO - [2024-08-28T10:48:46.396+0200] {dag.py:2705} INFO - Sync 1 DAGs
[2024-08-28T10:48:46.410+0200] {logging_mixin.py:137} INFO - [2024-08-28T10:48:46.410+0200] {dag.py:3456} INFO - Setting next_dagrun for example_sla_dag to 2024-08-28T08:46:00+00:00, run_after=2024-08-28T08:48:00+00:00
[2024-08-28T10:48:46.421+0200] {processor.py:175} INFO - Processing /Users/roselina/opt/anaconda3/envs/python37/lib/python3.7/site-packages/airflow/example_dags/example_sla_dag.py took 0.071 seconds
[2024-08-28T10:49:27.771+0200] {processor.py:153} INFO - Started process (PID=75950) to work on /Users/roselina/opt/anaconda3/envs/python37/lib/python3.7/site-packages/airflow/example_dags/example_sla_dag.py
[2024-08-28T10:49:27.773+0200] {processor.py:743} INFO - Processing file /Users/roselina/opt/anaconda3/envs/python37/lib/python3.7/site-packages/airflow/example_dags/example_sla_dag.py for tasks to queue
[2024-08-28T10:49:27.775+0200] {logging_mixin.py:137} INFO - [2024-08-28T10:49:27.774+0200] {dagbag.py:532} INFO - Filling up the DagBag from /Users/roselina/opt/anaconda3/envs/python37/lib/python3.7/site-packages/airflow/example_dags/example_sla_dag.py
[2024-08-28T10:49:27.800+0200] {processor.py:753} INFO - DAG(s) dict_keys(['example_sla_dag']) retrieved from /Users/roselina/opt/anaconda3/envs/python37/lib/python3.7/site-packages/airflow/example_dags/example_sla_dag.py
[2024-08-28T10:49:27.813+0200] {logging_mixin.py:137} INFO - [2024-08-28T10:49:27.813+0200] {dag.py:2705} INFO - Sync 1 DAGs
[2024-08-28T10:49:27.827+0200] {logging_mixin.py:137} INFO - [2024-08-28T10:49:27.827+0200] {dag.py:3456} INFO - Setting next_dagrun for example_sla_dag to 2024-08-28T08:46:00+00:00, run_after=2024-08-28T08:48:00+00:00
[2024-08-28T10:49:27.836+0200] {processor.py:175} INFO - Processing /Users/roselina/opt/anaconda3/envs/python37/lib/python3.7/site-packages/airflow/example_dags/example_sla_dag.py took 0.070 seconds
[2024-08-28T10:50:09.267+0200] {processor.py:153} INFO - Started process (PID=75996) to work on /Users/roselina/opt/anaconda3/envs/python37/lib/python3.7/site-packages/airflow/example_dags/example_sla_dag.py
[2024-08-28T10:50:09.269+0200] {processor.py:743} INFO - Processing file /Users/roselina/opt/anaconda3/envs/python37/lib/python3.7/site-packages/airflow/example_dags/example_sla_dag.py for tasks to queue
[2024-08-28T10:50:09.270+0200] {logging_mixin.py:137} INFO - [2024-08-28T10:50:09.270+0200] {dagbag.py:532} INFO - Filling up the DagBag from /Users/roselina/opt/anaconda3/envs/python37/lib/python3.7/site-packages/airflow/example_dags/example_sla_dag.py
[2024-08-28T10:50:09.296+0200] {processor.py:753} INFO - DAG(s) dict_keys(['example_sla_dag']) retrieved from /Users/roselina/opt/anaconda3/envs/python37/lib/python3.7/site-packages/airflow/example_dags/example_sla_dag.py
[2024-08-28T10:50:09.311+0200] {logging_mixin.py:137} INFO - [2024-08-28T10:50:09.310+0200] {dag.py:2705} INFO - Sync 1 DAGs
[2024-08-28T10:50:09.325+0200] {logging_mixin.py:137} INFO - [2024-08-28T10:50:09.325+0200] {dag.py:3456} INFO - Setting next_dagrun for example_sla_dag to 2024-08-28T08:48:00+00:00, run_after=2024-08-28T08:50:00+00:00
[2024-08-28T10:50:09.335+0200] {processor.py:175} INFO - Processing /Users/roselina/opt/anaconda3/envs/python37/lib/python3.7/site-packages/airflow/example_dags/example_sla_dag.py took 0.072 seconds
[2024-08-28T10:50:49.383+0200] {processor.py:153} INFO - Started process (PID=76040) to work on /Users/roselina/opt/anaconda3/envs/python37/lib/python3.7/site-packages/airflow/example_dags/example_sla_dag.py
[2024-08-28T10:50:49.384+0200] {processor.py:743} INFO - Processing file /Users/roselina/opt/anaconda3/envs/python37/lib/python3.7/site-packages/airflow/example_dags/example_sla_dag.py for tasks to queue
[2024-08-28T10:50:49.385+0200] {logging_mixin.py:137} INFO - [2024-08-28T10:50:49.384+0200] {dagbag.py:532} INFO - Filling up the DagBag from /Users/roselina/opt/anaconda3/envs/python37/lib/python3.7/site-packages/airflow/example_dags/example_sla_dag.py
[2024-08-28T10:50:49.400+0200] {processor.py:753} INFO - DAG(s) dict_keys(['example_sla_dag']) retrieved from /Users/roselina/opt/anaconda3/envs/python37/lib/python3.7/site-packages/airflow/example_dags/example_sla_dag.py
[2024-08-28T10:50:49.411+0200] {logging_mixin.py:137} INFO - [2024-08-28T10:50:49.411+0200] {dag.py:2705} INFO - Sync 1 DAGs
[2024-08-28T10:50:49.424+0200] {logging_mixin.py:137} INFO - [2024-08-28T10:50:49.423+0200] {dag.py:3456} INFO - Setting next_dagrun for example_sla_dag to 2024-08-28T08:48:00+00:00, run_after=2024-08-28T08:50:00+00:00
[2024-08-28T10:50:49.433+0200] {processor.py:175} INFO - Processing /Users/roselina/opt/anaconda3/envs/python37/lib/python3.7/site-packages/airflow/example_dags/example_sla_dag.py took 0.052 seconds
[2024-08-28T10:51:32.907+0200] {processor.py:153} INFO - Started process (PID=76102) to work on /Users/roselina/opt/anaconda3/envs/python37/lib/python3.7/site-packages/airflow/example_dags/example_sla_dag.py
[2024-08-28T10:51:32.909+0200] {processor.py:743} INFO - Processing file /Users/roselina/opt/anaconda3/envs/python37/lib/python3.7/site-packages/airflow/example_dags/example_sla_dag.py for tasks to queue
[2024-08-28T10:51:32.910+0200] {logging_mixin.py:137} INFO - [2024-08-28T10:51:32.910+0200] {dagbag.py:532} INFO - Filling up the DagBag from /Users/roselina/opt/anaconda3/envs/python37/lib/python3.7/site-packages/airflow/example_dags/example_sla_dag.py
[2024-08-28T10:51:32.940+0200] {processor.py:753} INFO - DAG(s) dict_keys(['example_sla_dag']) retrieved from /Users/roselina/opt/anaconda3/envs/python37/lib/python3.7/site-packages/airflow/example_dags/example_sla_dag.py
[2024-08-28T10:51:32.956+0200] {logging_mixin.py:137} INFO - [2024-08-28T10:51:32.955+0200] {dag.py:2705} INFO - Sync 1 DAGs
[2024-08-28T10:51:32.970+0200] {logging_mixin.py:137} INFO - [2024-08-28T10:51:32.970+0200] {dag.py:3456} INFO - Setting next_dagrun for example_sla_dag to 2024-08-28T08:48:00+00:00, run_after=2024-08-28T08:50:00+00:00
[2024-08-28T10:51:32.980+0200] {processor.py:175} INFO - Processing /Users/roselina/opt/anaconda3/envs/python37/lib/python3.7/site-packages/airflow/example_dags/example_sla_dag.py took 0.077 seconds
[2024-08-28T10:52:12.759+0200] {processor.py:153} INFO - Started process (PID=76156) to work on /Users/roselina/opt/anaconda3/envs/python37/lib/python3.7/site-packages/airflow/example_dags/example_sla_dag.py
[2024-08-28T10:52:12.761+0200] {processor.py:743} INFO - Processing file /Users/roselina/opt/anaconda3/envs/python37/lib/python3.7/site-packages/airflow/example_dags/example_sla_dag.py for tasks to queue
[2024-08-28T10:52:12.763+0200] {logging_mixin.py:137} INFO - [2024-08-28T10:52:12.762+0200] {dagbag.py:532} INFO - Filling up the DagBag from /Users/roselina/opt/anaconda3/envs/python37/lib/python3.7/site-packages/airflow/example_dags/example_sla_dag.py
[2024-08-28T10:52:12.793+0200] {processor.py:753} INFO - DAG(s) dict_keys(['example_sla_dag']) retrieved from /Users/roselina/opt/anaconda3/envs/python37/lib/python3.7/site-packages/airflow/example_dags/example_sla_dag.py
[2024-08-28T10:52:12.811+0200] {logging_mixin.py:137} INFO - [2024-08-28T10:52:12.810+0200] {dag.py:2705} INFO - Sync 1 DAGs
[2024-08-28T10:52:12.826+0200] {logging_mixin.py:137} INFO - [2024-08-28T10:52:12.826+0200] {dag.py:3456} INFO - Setting next_dagrun for example_sla_dag to 2024-08-28T08:50:00+00:00, run_after=2024-08-28T08:52:00+00:00
[2024-08-28T10:52:12.837+0200] {processor.py:175} INFO - Processing /Users/roselina/opt/anaconda3/envs/python37/lib/python3.7/site-packages/airflow/example_dags/example_sla_dag.py took 0.082 seconds
[2024-08-28T10:52:54.748+0200] {processor.py:153} INFO - Started process (PID=76202) to work on /Users/roselina/opt/anaconda3/envs/python37/lib/python3.7/site-packages/airflow/example_dags/example_sla_dag.py
[2024-08-28T10:52:54.749+0200] {processor.py:743} INFO - Processing file /Users/roselina/opt/anaconda3/envs/python37/lib/python3.7/site-packages/airflow/example_dags/example_sla_dag.py for tasks to queue
[2024-08-28T10:52:54.751+0200] {logging_mixin.py:137} INFO - [2024-08-28T10:52:54.750+0200] {dagbag.py:532} INFO - Filling up the DagBag from /Users/roselina/opt/anaconda3/envs/python37/lib/python3.7/site-packages/airflow/example_dags/example_sla_dag.py
[2024-08-28T10:52:54.780+0200] {processor.py:753} INFO - DAG(s) dict_keys(['example_sla_dag']) retrieved from /Users/roselina/opt/anaconda3/envs/python37/lib/python3.7/site-packages/airflow/example_dags/example_sla_dag.py
[2024-08-28T10:52:54.794+0200] {logging_mixin.py:137} INFO - [2024-08-28T10:52:54.794+0200] {dag.py:2705} INFO - Sync 1 DAGs
[2024-08-28T10:52:54.808+0200] {logging_mixin.py:137} INFO - [2024-08-28T10:52:54.808+0200] {dag.py:3456} INFO - Setting next_dagrun for example_sla_dag to 2024-08-28T08:50:00+00:00, run_after=2024-08-28T08:52:00+00:00
[2024-08-28T10:52:54.819+0200] {processor.py:175} INFO - Processing /Users/roselina/opt/anaconda3/envs/python37/lib/python3.7/site-packages/airflow/example_dags/example_sla_dag.py took 0.076 seconds
