[2024-08-28T10:11:28.457+0200] {processor.py:153} INFO - Started process (PID=74943) to work on /Users/roselina/opt/anaconda3/envs/python37/lib/python3.7/site-packages/airflow/example_dags/example_nested_branch_dag.py
[2024-08-28T10:11:28.459+0200] {processor.py:743} INFO - Processing file /Users/roselina/opt/anaconda3/envs/python37/lib/python3.7/site-packages/airflow/example_dags/example_nested_branch_dag.py for tasks to queue
[2024-08-28T10:11:28.460+0200] {logging_mixin.py:137} INFO - [2024-08-28T10:11:28.460+0200] {dagbag.py:532} INFO - Filling up the DagBag from /Users/roselina/opt/anaconda3/envs/python37/lib/python3.7/site-packages/airflow/example_dags/example_nested_branch_dag.py
[2024-08-28T10:11:28.486+0200] {processor.py:753} INFO - DAG(s) dict_keys(['example_nested_branch_dag']) retrieved from /Users/roselina/opt/anaconda3/envs/python37/lib/python3.7/site-packages/airflow/example_dags/example_nested_branch_dag.py
[2024-08-28T10:11:28.543+0200] {logging_mixin.py:137} INFO - [2024-08-28T10:11:28.543+0200] {manager.py:504} INFO - Created Permission View: can read on DAG:example_nested_branch_dag
[2024-08-28T10:11:28.548+0200] {logging_mixin.py:137} INFO - [2024-08-28T10:11:28.548+0200] {manager.py:504} INFO - Created Permission View: can delete on DAG:example_nested_branch_dag
[2024-08-28T10:11:28.551+0200] {logging_mixin.py:137} INFO - [2024-08-28T10:11:28.551+0200] {manager.py:504} INFO - Created Permission View: can edit on DAG:example_nested_branch_dag
[2024-08-28T10:11:28.552+0200] {logging_mixin.py:137} INFO - [2024-08-28T10:11:28.551+0200] {dag.py:2705} INFO - Sync 1 DAGs
[2024-08-28T10:11:28.558+0200] {logging_mixin.py:137} INFO - [2024-08-28T10:11:28.558+0200] {dag.py:2726} INFO - Creating ORM DAG for example_nested_branch_dag
[2024-08-28T10:11:28.564+0200] {logging_mixin.py:137} INFO - [2024-08-28T10:11:28.564+0200] {dag.py:3456} INFO - Setting next_dagrun for example_nested_branch_dag to 2024-08-27T00:00:00+00:00, run_after=2024-08-28T00:00:00+00:00
[2024-08-28T10:11:28.573+0200] {processor.py:175} INFO - Processing /Users/roselina/opt/anaconda3/envs/python37/lib/python3.7/site-packages/airflow/example_dags/example_nested_branch_dag.py took 0.121 seconds
[2024-08-28T10:12:11.235+0200] {processor.py:153} INFO - Started process (PID=75006) to work on /Users/roselina/opt/anaconda3/envs/python37/lib/python3.7/site-packages/airflow/example_dags/example_nested_branch_dag.py
[2024-08-28T10:12:11.236+0200] {processor.py:743} INFO - Processing file /Users/roselina/opt/anaconda3/envs/python37/lib/python3.7/site-packages/airflow/example_dags/example_nested_branch_dag.py for tasks to queue
[2024-08-28T10:12:11.238+0200] {logging_mixin.py:137} INFO - [2024-08-28T10:12:11.237+0200] {dagbag.py:532} INFO - Filling up the DagBag from /Users/roselina/opt/anaconda3/envs/python37/lib/python3.7/site-packages/airflow/example_dags/example_nested_branch_dag.py
[2024-08-28T10:12:11.265+0200] {processor.py:753} INFO - DAG(s) dict_keys(['example_nested_branch_dag']) retrieved from /Users/roselina/opt/anaconda3/envs/python37/lib/python3.7/site-packages/airflow/example_dags/example_nested_branch_dag.py
[2024-08-28T10:12:11.282+0200] {logging_mixin.py:137} INFO - [2024-08-28T10:12:11.282+0200] {dag.py:2705} INFO - Sync 1 DAGs
[2024-08-28T10:12:11.294+0200] {logging_mixin.py:137} INFO - [2024-08-28T10:12:11.294+0200] {dag.py:3456} INFO - Setting next_dagrun for example_nested_branch_dag to 2024-08-27T00:00:00+00:00, run_after=2024-08-28T00:00:00+00:00
[2024-08-28T10:12:11.304+0200] {processor.py:175} INFO - Processing /Users/roselina/opt/anaconda3/envs/python37/lib/python3.7/site-packages/airflow/example_dags/example_nested_branch_dag.py took 0.074 seconds
[2024-08-28T10:12:52.010+0200] {processor.py:153} INFO - Started process (PID=75075) to work on /Users/roselina/opt/anaconda3/envs/python37/lib/python3.7/site-packages/airflow/example_dags/example_nested_branch_dag.py
[2024-08-28T10:12:52.011+0200] {processor.py:743} INFO - Processing file /Users/roselina/opt/anaconda3/envs/python37/lib/python3.7/site-packages/airflow/example_dags/example_nested_branch_dag.py for tasks to queue
[2024-08-28T10:12:52.012+0200] {logging_mixin.py:137} INFO - [2024-08-28T10:12:52.012+0200] {dagbag.py:532} INFO - Filling up the DagBag from /Users/roselina/opt/anaconda3/envs/python37/lib/python3.7/site-packages/airflow/example_dags/example_nested_branch_dag.py
[2024-08-28T10:12:52.032+0200] {processor.py:753} INFO - DAG(s) dict_keys(['example_nested_branch_dag']) retrieved from /Users/roselina/opt/anaconda3/envs/python37/lib/python3.7/site-packages/airflow/example_dags/example_nested_branch_dag.py
[2024-08-28T10:12:52.048+0200] {logging_mixin.py:137} INFO - [2024-08-28T10:12:52.048+0200] {dag.py:2705} INFO - Sync 1 DAGs
[2024-08-28T10:12:52.064+0200] {logging_mixin.py:137} INFO - [2024-08-28T10:12:52.063+0200] {dag.py:3456} INFO - Setting next_dagrun for example_nested_branch_dag to 2024-08-27T00:00:00+00:00, run_after=2024-08-28T00:00:00+00:00
[2024-08-28T10:12:52.075+0200] {processor.py:175} INFO - Processing /Users/roselina/opt/anaconda3/envs/python37/lib/python3.7/site-packages/airflow/example_dags/example_nested_branch_dag.py took 0.067 seconds
[2024-08-28T10:13:33.946+0200] {processor.py:153} INFO - Started process (PID=75126) to work on /Users/roselina/opt/anaconda3/envs/python37/lib/python3.7/site-packages/airflow/example_dags/example_nested_branch_dag.py
[2024-08-28T10:13:33.948+0200] {processor.py:743} INFO - Processing file /Users/roselina/opt/anaconda3/envs/python37/lib/python3.7/site-packages/airflow/example_dags/example_nested_branch_dag.py for tasks to queue
[2024-08-28T10:13:33.949+0200] {logging_mixin.py:137} INFO - [2024-08-28T10:13:33.949+0200] {dagbag.py:532} INFO - Filling up the DagBag from /Users/roselina/opt/anaconda3/envs/python37/lib/python3.7/site-packages/airflow/example_dags/example_nested_branch_dag.py
[2024-08-28T10:13:33.971+0200] {processor.py:753} INFO - DAG(s) dict_keys(['example_nested_branch_dag']) retrieved from /Users/roselina/opt/anaconda3/envs/python37/lib/python3.7/site-packages/airflow/example_dags/example_nested_branch_dag.py
[2024-08-28T10:13:33.986+0200] {logging_mixin.py:137} INFO - [2024-08-28T10:13:33.986+0200] {dag.py:2705} INFO - Sync 1 DAGs
[2024-08-28T10:13:34.000+0200] {logging_mixin.py:137} INFO - [2024-08-28T10:13:34.000+0200] {dag.py:3456} INFO - Setting next_dagrun for example_nested_branch_dag to 2024-08-27T00:00:00+00:00, run_after=2024-08-28T00:00:00+00:00
[2024-08-28T10:13:34.010+0200] {processor.py:175} INFO - Processing /Users/roselina/opt/anaconda3/envs/python37/lib/python3.7/site-packages/airflow/example_dags/example_nested_branch_dag.py took 0.067 seconds
[2024-08-28T10:14:16.906+0200] {processor.py:153} INFO - Started process (PID=75205) to work on /Users/roselina/opt/anaconda3/envs/python37/lib/python3.7/site-packages/airflow/example_dags/example_nested_branch_dag.py
[2024-08-28T10:14:16.910+0200] {processor.py:743} INFO - Processing file /Users/roselina/opt/anaconda3/envs/python37/lib/python3.7/site-packages/airflow/example_dags/example_nested_branch_dag.py for tasks to queue
[2024-08-28T10:14:16.913+0200] {logging_mixin.py:137} INFO - [2024-08-28T10:14:16.912+0200] {dagbag.py:532} INFO - Filling up the DagBag from /Users/roselina/opt/anaconda3/envs/python37/lib/python3.7/site-packages/airflow/example_dags/example_nested_branch_dag.py
[2024-08-28T10:14:16.936+0200] {processor.py:753} INFO - DAG(s) dict_keys(['example_nested_branch_dag']) retrieved from /Users/roselina/opt/anaconda3/envs/python37/lib/python3.7/site-packages/airflow/example_dags/example_nested_branch_dag.py
[2024-08-28T10:14:16.951+0200] {logging_mixin.py:137} INFO - [2024-08-28T10:14:16.950+0200] {dag.py:2705} INFO - Sync 1 DAGs
[2024-08-28T10:14:16.965+0200] {logging_mixin.py:137} INFO - [2024-08-28T10:14:16.965+0200] {dag.py:3456} INFO - Setting next_dagrun for example_nested_branch_dag to 2024-08-27T00:00:00+00:00, run_after=2024-08-28T00:00:00+00:00
[2024-08-28T10:14:16.976+0200] {processor.py:175} INFO - Processing /Users/roselina/opt/anaconda3/envs/python37/lib/python3.7/site-packages/airflow/example_dags/example_nested_branch_dag.py took 0.082 seconds
[2024-08-28T10:14:59.425+0200] {processor.py:153} INFO - Started process (PID=75251) to work on /Users/roselina/opt/anaconda3/envs/python37/lib/python3.7/site-packages/airflow/example_dags/example_nested_branch_dag.py
[2024-08-28T10:14:59.427+0200] {processor.py:743} INFO - Processing file /Users/roselina/opt/anaconda3/envs/python37/lib/python3.7/site-packages/airflow/example_dags/example_nested_branch_dag.py for tasks to queue
[2024-08-28T10:14:59.429+0200] {logging_mixin.py:137} INFO - [2024-08-28T10:14:59.428+0200] {dagbag.py:532} INFO - Filling up the DagBag from /Users/roselina/opt/anaconda3/envs/python37/lib/python3.7/site-packages/airflow/example_dags/example_nested_branch_dag.py
[2024-08-28T10:14:59.457+0200] {processor.py:753} INFO - DAG(s) dict_keys(['example_nested_branch_dag']) retrieved from /Users/roselina/opt/anaconda3/envs/python37/lib/python3.7/site-packages/airflow/example_dags/example_nested_branch_dag.py
[2024-08-28T10:14:59.472+0200] {logging_mixin.py:137} INFO - [2024-08-28T10:14:59.471+0200] {dag.py:2705} INFO - Sync 1 DAGs
[2024-08-28T10:14:59.484+0200] {logging_mixin.py:137} INFO - [2024-08-28T10:14:59.484+0200] {dag.py:3456} INFO - Setting next_dagrun for example_nested_branch_dag to 2024-08-27T00:00:00+00:00, run_after=2024-08-28T00:00:00+00:00
[2024-08-28T10:14:59.493+0200] {processor.py:175} INFO - Processing /Users/roselina/opt/anaconda3/envs/python37/lib/python3.7/site-packages/airflow/example_dags/example_nested_branch_dag.py took 0.075 seconds
[2024-08-28T10:15:40.561+0200] {processor.py:153} INFO - Started process (PID=75296) to work on /Users/roselina/opt/anaconda3/envs/python37/lib/python3.7/site-packages/airflow/example_dags/example_nested_branch_dag.py
[2024-08-28T10:15:40.563+0200] {processor.py:743} INFO - Processing file /Users/roselina/opt/anaconda3/envs/python37/lib/python3.7/site-packages/airflow/example_dags/example_nested_branch_dag.py for tasks to queue
[2024-08-28T10:15:40.564+0200] {logging_mixin.py:137} INFO - [2024-08-28T10:15:40.564+0200] {dagbag.py:532} INFO - Filling up the DagBag from /Users/roselina/opt/anaconda3/envs/python37/lib/python3.7/site-packages/airflow/example_dags/example_nested_branch_dag.py
[2024-08-28T10:15:40.593+0200] {processor.py:753} INFO - DAG(s) dict_keys(['example_nested_branch_dag']) retrieved from /Users/roselina/opt/anaconda3/envs/python37/lib/python3.7/site-packages/airflow/example_dags/example_nested_branch_dag.py
[2024-08-28T10:15:40.611+0200] {logging_mixin.py:137} INFO - [2024-08-28T10:15:40.610+0200] {dag.py:2705} INFO - Sync 1 DAGs
[2024-08-28T10:15:40.623+0200] {logging_mixin.py:137} INFO - [2024-08-28T10:15:40.622+0200] {dag.py:3456} INFO - Setting next_dagrun for example_nested_branch_dag to 2024-08-27T00:00:00+00:00, run_after=2024-08-28T00:00:00+00:00
[2024-08-28T10:15:40.633+0200] {processor.py:175} INFO - Processing /Users/roselina/opt/anaconda3/envs/python37/lib/python3.7/site-packages/airflow/example_dags/example_nested_branch_dag.py took 0.076 seconds
[2024-08-28T10:16:18.705+0200] {processor.py:153} INFO - Started process (PID=75340) to work on /Users/roselina/opt/anaconda3/envs/python37/lib/python3.7/site-packages/airflow/example_dags/example_nested_branch_dag.py
[2024-08-28T10:16:18.707+0200] {processor.py:743} INFO - Processing file /Users/roselina/opt/anaconda3/envs/python37/lib/python3.7/site-packages/airflow/example_dags/example_nested_branch_dag.py for tasks to queue
[2024-08-28T10:16:18.708+0200] {logging_mixin.py:137} INFO - [2024-08-28T10:16:18.707+0200] {dagbag.py:532} INFO - Filling up the DagBag from /Users/roselina/opt/anaconda3/envs/python37/lib/python3.7/site-packages/airflow/example_dags/example_nested_branch_dag.py
[2024-08-28T10:16:18.733+0200] {processor.py:753} INFO - DAG(s) dict_keys(['example_nested_branch_dag']) retrieved from /Users/roselina/opt/anaconda3/envs/python37/lib/python3.7/site-packages/airflow/example_dags/example_nested_branch_dag.py
[2024-08-28T10:16:18.748+0200] {logging_mixin.py:137} INFO - [2024-08-28T10:16:18.747+0200] {dag.py:2705} INFO - Sync 1 DAGs
[2024-08-28T10:16:18.760+0200] {logging_mixin.py:137} INFO - [2024-08-28T10:16:18.760+0200] {dag.py:3456} INFO - Setting next_dagrun for example_nested_branch_dag to 2024-08-27T00:00:00+00:00, run_after=2024-08-28T00:00:00+00:00
[2024-08-28T10:16:18.770+0200] {processor.py:175} INFO - Processing /Users/roselina/opt/anaconda3/envs/python37/lib/python3.7/site-packages/airflow/example_dags/example_nested_branch_dag.py took 0.069 seconds
[2024-08-28T10:17:01.133+0200] {processor.py:153} INFO - Started process (PID=75386) to work on /Users/roselina/opt/anaconda3/envs/python37/lib/python3.7/site-packages/airflow/example_dags/example_nested_branch_dag.py
[2024-08-28T10:17:01.135+0200] {processor.py:743} INFO - Processing file /Users/roselina/opt/anaconda3/envs/python37/lib/python3.7/site-packages/airflow/example_dags/example_nested_branch_dag.py for tasks to queue
[2024-08-28T10:17:01.136+0200] {logging_mixin.py:137} INFO - [2024-08-28T10:17:01.136+0200] {dagbag.py:532} INFO - Filling up the DagBag from /Users/roselina/opt/anaconda3/envs/python37/lib/python3.7/site-packages/airflow/example_dags/example_nested_branch_dag.py
[2024-08-28T10:17:01.162+0200] {processor.py:753} INFO - DAG(s) dict_keys(['example_nested_branch_dag']) retrieved from /Users/roselina/opt/anaconda3/envs/python37/lib/python3.7/site-packages/airflow/example_dags/example_nested_branch_dag.py
[2024-08-28T10:17:01.175+0200] {logging_mixin.py:137} INFO - [2024-08-28T10:17:01.175+0200] {dag.py:2705} INFO - Sync 1 DAGs
[2024-08-28T10:17:01.188+0200] {logging_mixin.py:137} INFO - [2024-08-28T10:17:01.188+0200] {dag.py:3456} INFO - Setting next_dagrun for example_nested_branch_dag to 2024-08-27T00:00:00+00:00, run_after=2024-08-28T00:00:00+00:00
[2024-08-28T10:17:01.197+0200] {processor.py:175} INFO - Processing /Users/roselina/opt/anaconda3/envs/python37/lib/python3.7/site-packages/airflow/example_dags/example_nested_branch_dag.py took 0.068 seconds
[2024-08-28T10:17:41.806+0200] {processor.py:153} INFO - Started process (PID=75440) to work on /Users/roselina/opt/anaconda3/envs/python37/lib/python3.7/site-packages/airflow/example_dags/example_nested_branch_dag.py
[2024-08-28T10:17:41.808+0200] {processor.py:743} INFO - Processing file /Users/roselina/opt/anaconda3/envs/python37/lib/python3.7/site-packages/airflow/example_dags/example_nested_branch_dag.py for tasks to queue
[2024-08-28T10:17:41.809+0200] {logging_mixin.py:137} INFO - [2024-08-28T10:17:41.809+0200] {dagbag.py:532} INFO - Filling up the DagBag from /Users/roselina/opt/anaconda3/envs/python37/lib/python3.7/site-packages/airflow/example_dags/example_nested_branch_dag.py
[2024-08-28T10:17:41.838+0200] {processor.py:753} INFO - DAG(s) dict_keys(['example_nested_branch_dag']) retrieved from /Users/roselina/opt/anaconda3/envs/python37/lib/python3.7/site-packages/airflow/example_dags/example_nested_branch_dag.py
[2024-08-28T10:17:41.853+0200] {logging_mixin.py:137} INFO - [2024-08-28T10:17:41.852+0200] {dag.py:2705} INFO - Sync 1 DAGs
[2024-08-28T10:17:41.866+0200] {logging_mixin.py:137} INFO - [2024-08-28T10:17:41.865+0200] {dag.py:3456} INFO - Setting next_dagrun for example_nested_branch_dag to 2024-08-27T00:00:00+00:00, run_after=2024-08-28T00:00:00+00:00
[2024-08-28T10:17:41.875+0200] {processor.py:175} INFO - Processing /Users/roselina/opt/anaconda3/envs/python37/lib/python3.7/site-packages/airflow/example_dags/example_nested_branch_dag.py took 0.074 seconds
[2024-08-28T10:44:04.785+0200] {processor.py:153} INFO - Started process (PID=75538) to work on /Users/roselina/opt/anaconda3/envs/python37/lib/python3.7/site-packages/airflow/example_dags/example_nested_branch_dag.py
[2024-08-28T10:44:04.786+0200] {processor.py:743} INFO - Processing file /Users/roselina/opt/anaconda3/envs/python37/lib/python3.7/site-packages/airflow/example_dags/example_nested_branch_dag.py for tasks to queue
[2024-08-28T10:44:04.787+0200] {logging_mixin.py:137} INFO - [2024-08-28T10:44:04.787+0200] {dagbag.py:532} INFO - Filling up the DagBag from /Users/roselina/opt/anaconda3/envs/python37/lib/python3.7/site-packages/airflow/example_dags/example_nested_branch_dag.py
[2024-08-28T10:44:04.812+0200] {processor.py:753} INFO - DAG(s) dict_keys(['example_nested_branch_dag']) retrieved from /Users/roselina/opt/anaconda3/envs/python37/lib/python3.7/site-packages/airflow/example_dags/example_nested_branch_dag.py
[2024-08-28T10:44:04.827+0200] {logging_mixin.py:137} INFO - [2024-08-28T10:44:04.827+0200] {dag.py:2705} INFO - Sync 1 DAGs
[2024-08-28T10:44:04.840+0200] {logging_mixin.py:137} INFO - [2024-08-28T10:44:04.840+0200] {dag.py:3456} INFO - Setting next_dagrun for example_nested_branch_dag to 2024-08-27T00:00:00+00:00, run_after=2024-08-28T00:00:00+00:00
[2024-08-28T10:44:04.852+0200] {processor.py:175} INFO - Processing /Users/roselina/opt/anaconda3/envs/python37/lib/python3.7/site-packages/airflow/example_dags/example_nested_branch_dag.py took 0.071 seconds
[2024-08-28T10:44:47.460+0200] {processor.py:153} INFO - Started process (PID=75594) to work on /Users/roselina/opt/anaconda3/envs/python37/lib/python3.7/site-packages/airflow/example_dags/example_nested_branch_dag.py
[2024-08-28T10:44:47.462+0200] {processor.py:743} INFO - Processing file /Users/roselina/opt/anaconda3/envs/python37/lib/python3.7/site-packages/airflow/example_dags/example_nested_branch_dag.py for tasks to queue
[2024-08-28T10:44:47.463+0200] {logging_mixin.py:137} INFO - [2024-08-28T10:44:47.463+0200] {dagbag.py:532} INFO - Filling up the DagBag from /Users/roselina/opt/anaconda3/envs/python37/lib/python3.7/site-packages/airflow/example_dags/example_nested_branch_dag.py
[2024-08-28T10:44:47.491+0200] {processor.py:753} INFO - DAG(s) dict_keys(['example_nested_branch_dag']) retrieved from /Users/roselina/opt/anaconda3/envs/python37/lib/python3.7/site-packages/airflow/example_dags/example_nested_branch_dag.py
[2024-08-28T10:44:47.506+0200] {logging_mixin.py:137} INFO - [2024-08-28T10:44:47.506+0200] {dag.py:2705} INFO - Sync 1 DAGs
[2024-08-28T10:44:47.519+0200] {logging_mixin.py:137} INFO - [2024-08-28T10:44:47.519+0200] {dag.py:3456} INFO - Setting next_dagrun for example_nested_branch_dag to 2024-08-27T00:00:00+00:00, run_after=2024-08-28T00:00:00+00:00
[2024-08-28T10:44:47.529+0200] {processor.py:175} INFO - Processing /Users/roselina/opt/anaconda3/envs/python37/lib/python3.7/site-packages/airflow/example_dags/example_nested_branch_dag.py took 0.073 seconds
[2024-08-28T10:45:29.419+0200] {processor.py:153} INFO - Started process (PID=75647) to work on /Users/roselina/opt/anaconda3/envs/python37/lib/python3.7/site-packages/airflow/example_dags/example_nested_branch_dag.py
[2024-08-28T10:45:29.423+0200] {processor.py:743} INFO - Processing file /Users/roselina/opt/anaconda3/envs/python37/lib/python3.7/site-packages/airflow/example_dags/example_nested_branch_dag.py for tasks to queue
[2024-08-28T10:45:29.425+0200] {logging_mixin.py:137} INFO - [2024-08-28T10:45:29.425+0200] {dagbag.py:532} INFO - Filling up the DagBag from /Users/roselina/opt/anaconda3/envs/python37/lib/python3.7/site-packages/airflow/example_dags/example_nested_branch_dag.py
[2024-08-28T10:45:29.461+0200] {processor.py:753} INFO - DAG(s) dict_keys(['example_nested_branch_dag']) retrieved from /Users/roselina/opt/anaconda3/envs/python37/lib/python3.7/site-packages/airflow/example_dags/example_nested_branch_dag.py
[2024-08-28T10:45:29.485+0200] {logging_mixin.py:137} INFO - [2024-08-28T10:45:29.485+0200] {dag.py:2705} INFO - Sync 1 DAGs
[2024-08-28T10:45:29.499+0200] {logging_mixin.py:137} INFO - [2024-08-28T10:45:29.498+0200] {dag.py:3456} INFO - Setting next_dagrun for example_nested_branch_dag to 2024-08-27T00:00:00+00:00, run_after=2024-08-28T00:00:00+00:00
[2024-08-28T10:45:29.511+0200] {processor.py:175} INFO - Processing /Users/roselina/opt/anaconda3/envs/python37/lib/python3.7/site-packages/airflow/example_dags/example_nested_branch_dag.py took 0.101 seconds
[2024-08-28T10:46:09.080+0200] {processor.py:153} INFO - Started process (PID=75693) to work on /Users/roselina/opt/anaconda3/envs/python37/lib/python3.7/site-packages/airflow/example_dags/example_nested_branch_dag.py
[2024-08-28T10:46:09.081+0200] {processor.py:743} INFO - Processing file /Users/roselina/opt/anaconda3/envs/python37/lib/python3.7/site-packages/airflow/example_dags/example_nested_branch_dag.py for tasks to queue
[2024-08-28T10:46:09.083+0200] {logging_mixin.py:137} INFO - [2024-08-28T10:46:09.082+0200] {dagbag.py:532} INFO - Filling up the DagBag from /Users/roselina/opt/anaconda3/envs/python37/lib/python3.7/site-packages/airflow/example_dags/example_nested_branch_dag.py
[2024-08-28T10:46:09.108+0200] {processor.py:753} INFO - DAG(s) dict_keys(['example_nested_branch_dag']) retrieved from /Users/roselina/opt/anaconda3/envs/python37/lib/python3.7/site-packages/airflow/example_dags/example_nested_branch_dag.py
[2024-08-28T10:46:09.123+0200] {logging_mixin.py:137} INFO - [2024-08-28T10:46:09.122+0200] {dag.py:2705} INFO - Sync 1 DAGs
[2024-08-28T10:46:09.136+0200] {logging_mixin.py:137} INFO - [2024-08-28T10:46:09.136+0200] {dag.py:3456} INFO - Setting next_dagrun for example_nested_branch_dag to 2024-08-27T00:00:00+00:00, run_after=2024-08-28T00:00:00+00:00
[2024-08-28T10:46:09.146+0200] {processor.py:175} INFO - Processing /Users/roselina/opt/anaconda3/envs/python37/lib/python3.7/site-packages/airflow/example_dags/example_nested_branch_dag.py took 0.070 seconds
[2024-08-28T10:46:50.420+0200] {processor.py:153} INFO - Started process (PID=75739) to work on /Users/roselina/opt/anaconda3/envs/python37/lib/python3.7/site-packages/airflow/example_dags/example_nested_branch_dag.py
[2024-08-28T10:46:50.422+0200] {processor.py:743} INFO - Processing file /Users/roselina/opt/anaconda3/envs/python37/lib/python3.7/site-packages/airflow/example_dags/example_nested_branch_dag.py for tasks to queue
[2024-08-28T10:46:50.424+0200] {logging_mixin.py:137} INFO - [2024-08-28T10:46:50.423+0200] {dagbag.py:532} INFO - Filling up the DagBag from /Users/roselina/opt/anaconda3/envs/python37/lib/python3.7/site-packages/airflow/example_dags/example_nested_branch_dag.py
[2024-08-28T10:46:50.452+0200] {processor.py:753} INFO - DAG(s) dict_keys(['example_nested_branch_dag']) retrieved from /Users/roselina/opt/anaconda3/envs/python37/lib/python3.7/site-packages/airflow/example_dags/example_nested_branch_dag.py
[2024-08-28T10:46:50.467+0200] {logging_mixin.py:137} INFO - [2024-08-28T10:46:50.467+0200] {dag.py:2705} INFO - Sync 1 DAGs
[2024-08-28T10:46:50.480+0200] {logging_mixin.py:137} INFO - [2024-08-28T10:46:50.480+0200] {dag.py:3456} INFO - Setting next_dagrun for example_nested_branch_dag to 2024-08-27T00:00:00+00:00, run_after=2024-08-28T00:00:00+00:00
[2024-08-28T10:46:50.489+0200] {processor.py:175} INFO - Processing /Users/roselina/opt/anaconda3/envs/python37/lib/python3.7/site-packages/airflow/example_dags/example_nested_branch_dag.py took 0.074 seconds
[2024-08-28T10:47:32.143+0200] {processor.py:153} INFO - Started process (PID=75794) to work on /Users/roselina/opt/anaconda3/envs/python37/lib/python3.7/site-packages/airflow/example_dags/example_nested_branch_dag.py
[2024-08-28T10:47:32.145+0200] {processor.py:743} INFO - Processing file /Users/roselina/opt/anaconda3/envs/python37/lib/python3.7/site-packages/airflow/example_dags/example_nested_branch_dag.py for tasks to queue
[2024-08-28T10:47:32.146+0200] {logging_mixin.py:137} INFO - [2024-08-28T10:47:32.146+0200] {dagbag.py:532} INFO - Filling up the DagBag from /Users/roselina/opt/anaconda3/envs/python37/lib/python3.7/site-packages/airflow/example_dags/example_nested_branch_dag.py
[2024-08-28T10:47:32.172+0200] {processor.py:753} INFO - DAG(s) dict_keys(['example_nested_branch_dag']) retrieved from /Users/roselina/opt/anaconda3/envs/python37/lib/python3.7/site-packages/airflow/example_dags/example_nested_branch_dag.py
[2024-08-28T10:47:32.186+0200] {logging_mixin.py:137} INFO - [2024-08-28T10:47:32.186+0200] {dag.py:2705} INFO - Sync 1 DAGs
[2024-08-28T10:47:32.199+0200] {logging_mixin.py:137} INFO - [2024-08-28T10:47:32.198+0200] {dag.py:3456} INFO - Setting next_dagrun for example_nested_branch_dag to 2024-08-27T00:00:00+00:00, run_after=2024-08-28T00:00:00+00:00
[2024-08-28T10:47:32.208+0200] {processor.py:175} INFO - Processing /Users/roselina/opt/anaconda3/envs/python37/lib/python3.7/site-packages/airflow/example_dags/example_nested_branch_dag.py took 0.070 seconds
[2024-08-28T10:48:14.221+0200] {processor.py:153} INFO - Started process (PID=75856) to work on /Users/roselina/opt/anaconda3/envs/python37/lib/python3.7/site-packages/airflow/example_dags/example_nested_branch_dag.py
[2024-08-28T10:48:14.223+0200] {processor.py:743} INFO - Processing file /Users/roselina/opt/anaconda3/envs/python37/lib/python3.7/site-packages/airflow/example_dags/example_nested_branch_dag.py for tasks to queue
[2024-08-28T10:48:14.224+0200] {logging_mixin.py:137} INFO - [2024-08-28T10:48:14.224+0200] {dagbag.py:532} INFO - Filling up the DagBag from /Users/roselina/opt/anaconda3/envs/python37/lib/python3.7/site-packages/airflow/example_dags/example_nested_branch_dag.py
[2024-08-28T10:48:14.250+0200] {processor.py:753} INFO - DAG(s) dict_keys(['example_nested_branch_dag']) retrieved from /Users/roselina/opt/anaconda3/envs/python37/lib/python3.7/site-packages/airflow/example_dags/example_nested_branch_dag.py
[2024-08-28T10:48:14.272+0200] {logging_mixin.py:137} INFO - [2024-08-28T10:48:14.270+0200] {dag.py:2705} INFO - Sync 1 DAGs
[2024-08-28T10:48:14.286+0200] {logging_mixin.py:137} INFO - [2024-08-28T10:48:14.286+0200] {dag.py:3456} INFO - Setting next_dagrun for example_nested_branch_dag to 2024-08-27T00:00:00+00:00, run_after=2024-08-28T00:00:00+00:00
[2024-08-28T10:48:14.299+0200] {processor.py:175} INFO - Processing /Users/roselina/opt/anaconda3/envs/python37/lib/python3.7/site-packages/airflow/example_dags/example_nested_branch_dag.py took 0.083 seconds
[2024-08-28T10:48:55.594+0200] {processor.py:153} INFO - Started process (PID=75914) to work on /Users/roselina/opt/anaconda3/envs/python37/lib/python3.7/site-packages/airflow/example_dags/example_nested_branch_dag.py
[2024-08-28T10:48:55.596+0200] {processor.py:743} INFO - Processing file /Users/roselina/opt/anaconda3/envs/python37/lib/python3.7/site-packages/airflow/example_dags/example_nested_branch_dag.py for tasks to queue
[2024-08-28T10:48:55.597+0200] {logging_mixin.py:137} INFO - [2024-08-28T10:48:55.597+0200] {dagbag.py:532} INFO - Filling up the DagBag from /Users/roselina/opt/anaconda3/envs/python37/lib/python3.7/site-packages/airflow/example_dags/example_nested_branch_dag.py
[2024-08-28T10:48:55.624+0200] {processor.py:753} INFO - DAG(s) dict_keys(['example_nested_branch_dag']) retrieved from /Users/roselina/opt/anaconda3/envs/python37/lib/python3.7/site-packages/airflow/example_dags/example_nested_branch_dag.py
[2024-08-28T10:48:55.640+0200] {logging_mixin.py:137} INFO - [2024-08-28T10:48:55.640+0200] {dag.py:2705} INFO - Sync 1 DAGs
[2024-08-28T10:48:55.653+0200] {logging_mixin.py:137} INFO - [2024-08-28T10:48:55.653+0200] {dag.py:3456} INFO - Setting next_dagrun for example_nested_branch_dag to 2024-08-27T00:00:00+00:00, run_after=2024-08-28T00:00:00+00:00
[2024-08-28T10:48:55.666+0200] {processor.py:175} INFO - Processing /Users/roselina/opt/anaconda3/envs/python37/lib/python3.7/site-packages/airflow/example_dags/example_nested_branch_dag.py took 0.077 seconds
[2024-08-28T10:49:37.051+0200] {processor.py:153} INFO - Started process (PID=75961) to work on /Users/roselina/opt/anaconda3/envs/python37/lib/python3.7/site-packages/airflow/example_dags/example_nested_branch_dag.py
[2024-08-28T10:49:37.053+0200] {processor.py:743} INFO - Processing file /Users/roselina/opt/anaconda3/envs/python37/lib/python3.7/site-packages/airflow/example_dags/example_nested_branch_dag.py for tasks to queue
[2024-08-28T10:49:37.055+0200] {logging_mixin.py:137} INFO - [2024-08-28T10:49:37.054+0200] {dagbag.py:532} INFO - Filling up the DagBag from /Users/roselina/opt/anaconda3/envs/python37/lib/python3.7/site-packages/airflow/example_dags/example_nested_branch_dag.py
[2024-08-28T10:49:37.085+0200] {processor.py:753} INFO - DAG(s) dict_keys(['example_nested_branch_dag']) retrieved from /Users/roselina/opt/anaconda3/envs/python37/lib/python3.7/site-packages/airflow/example_dags/example_nested_branch_dag.py
[2024-08-28T10:49:37.099+0200] {logging_mixin.py:137} INFO - [2024-08-28T10:49:37.099+0200] {dag.py:2705} INFO - Sync 1 DAGs
[2024-08-28T10:49:37.112+0200] {logging_mixin.py:137} INFO - [2024-08-28T10:49:37.112+0200] {dag.py:3456} INFO - Setting next_dagrun for example_nested_branch_dag to 2024-08-27T00:00:00+00:00, run_after=2024-08-28T00:00:00+00:00
[2024-08-28T10:49:37.122+0200] {processor.py:175} INFO - Processing /Users/roselina/opt/anaconda3/envs/python37/lib/python3.7/site-packages/airflow/example_dags/example_nested_branch_dag.py took 0.076 seconds
[2024-08-28T10:50:18.365+0200] {processor.py:153} INFO - Started process (PID=76005) to work on /Users/roselina/opt/anaconda3/envs/python37/lib/python3.7/site-packages/airflow/example_dags/example_nested_branch_dag.py
[2024-08-28T10:50:18.368+0200] {processor.py:743} INFO - Processing file /Users/roselina/opt/anaconda3/envs/python37/lib/python3.7/site-packages/airflow/example_dags/example_nested_branch_dag.py for tasks to queue
[2024-08-28T10:50:18.370+0200] {logging_mixin.py:137} INFO - [2024-08-28T10:50:18.369+0200] {dagbag.py:532} INFO - Filling up the DagBag from /Users/roselina/opt/anaconda3/envs/python37/lib/python3.7/site-packages/airflow/example_dags/example_nested_branch_dag.py
[2024-08-28T10:50:18.395+0200] {processor.py:753} INFO - DAG(s) dict_keys(['example_nested_branch_dag']) retrieved from /Users/roselina/opt/anaconda3/envs/python37/lib/python3.7/site-packages/airflow/example_dags/example_nested_branch_dag.py
[2024-08-28T10:50:18.410+0200] {logging_mixin.py:137} INFO - [2024-08-28T10:50:18.409+0200] {dag.py:2705} INFO - Sync 1 DAGs
[2024-08-28T10:50:18.423+0200] {logging_mixin.py:137} INFO - [2024-08-28T10:50:18.422+0200] {dag.py:3456} INFO - Setting next_dagrun for example_nested_branch_dag to 2024-08-27T00:00:00+00:00, run_after=2024-08-28T00:00:00+00:00
[2024-08-28T10:50:18.433+0200] {processor.py:175} INFO - Processing /Users/roselina/opt/anaconda3/envs/python37/lib/python3.7/site-packages/airflow/example_dags/example_nested_branch_dag.py took 0.072 seconds
[2024-08-28T10:50:58.360+0200] {processor.py:153} INFO - Started process (PID=76055) to work on /Users/roselina/opt/anaconda3/envs/python37/lib/python3.7/site-packages/airflow/example_dags/example_nested_branch_dag.py
[2024-08-28T10:50:58.363+0200] {processor.py:743} INFO - Processing file /Users/roselina/opt/anaconda3/envs/python37/lib/python3.7/site-packages/airflow/example_dags/example_nested_branch_dag.py for tasks to queue
[2024-08-28T10:50:58.365+0200] {logging_mixin.py:137} INFO - [2024-08-28T10:50:58.364+0200] {dagbag.py:532} INFO - Filling up the DagBag from /Users/roselina/opt/anaconda3/envs/python37/lib/python3.7/site-packages/airflow/example_dags/example_nested_branch_dag.py
[2024-08-28T10:50:58.391+0200] {processor.py:753} INFO - DAG(s) dict_keys(['example_nested_branch_dag']) retrieved from /Users/roselina/opt/anaconda3/envs/python37/lib/python3.7/site-packages/airflow/example_dags/example_nested_branch_dag.py
[2024-08-28T10:50:58.405+0200] {logging_mixin.py:137} INFO - [2024-08-28T10:50:58.405+0200] {dag.py:2705} INFO - Sync 1 DAGs
[2024-08-28T10:50:58.417+0200] {logging_mixin.py:137} INFO - [2024-08-28T10:50:58.417+0200] {dag.py:3456} INFO - Setting next_dagrun for example_nested_branch_dag to 2024-08-27T00:00:00+00:00, run_after=2024-08-28T00:00:00+00:00
[2024-08-28T10:50:58.426+0200] {processor.py:175} INFO - Processing /Users/roselina/opt/anaconda3/envs/python37/lib/python3.7/site-packages/airflow/example_dags/example_nested_branch_dag.py took 0.071 seconds
[2024-08-28T10:51:41.734+0200] {processor.py:153} INFO - Started process (PID=76112) to work on /Users/roselina/opt/anaconda3/envs/python37/lib/python3.7/site-packages/airflow/example_dags/example_nested_branch_dag.py
[2024-08-28T10:51:41.736+0200] {processor.py:743} INFO - Processing file /Users/roselina/opt/anaconda3/envs/python37/lib/python3.7/site-packages/airflow/example_dags/example_nested_branch_dag.py for tasks to queue
[2024-08-28T10:51:41.738+0200] {logging_mixin.py:137} INFO - [2024-08-28T10:51:41.737+0200] {dagbag.py:532} INFO - Filling up the DagBag from /Users/roselina/opt/anaconda3/envs/python37/lib/python3.7/site-packages/airflow/example_dags/example_nested_branch_dag.py
[2024-08-28T10:51:41.773+0200] {processor.py:753} INFO - DAG(s) dict_keys(['example_nested_branch_dag']) retrieved from /Users/roselina/opt/anaconda3/envs/python37/lib/python3.7/site-packages/airflow/example_dags/example_nested_branch_dag.py
[2024-08-28T10:51:41.787+0200] {logging_mixin.py:137} INFO - [2024-08-28T10:51:41.787+0200] {dag.py:2705} INFO - Sync 1 DAGs
[2024-08-28T10:51:41.800+0200] {logging_mixin.py:137} INFO - [2024-08-28T10:51:41.800+0200] {dag.py:3456} INFO - Setting next_dagrun for example_nested_branch_dag to 2024-08-27T00:00:00+00:00, run_after=2024-08-28T00:00:00+00:00
[2024-08-28T10:51:41.810+0200] {processor.py:175} INFO - Processing /Users/roselina/opt/anaconda3/envs/python37/lib/python3.7/site-packages/airflow/example_dags/example_nested_branch_dag.py took 0.081 seconds
[2024-08-28T10:52:20.777+0200] {processor.py:153} INFO - Started process (PID=76166) to work on /Users/roselina/opt/anaconda3/envs/python37/lib/python3.7/site-packages/airflow/example_dags/example_nested_branch_dag.py
[2024-08-28T10:52:20.780+0200] {processor.py:743} INFO - Processing file /Users/roselina/opt/anaconda3/envs/python37/lib/python3.7/site-packages/airflow/example_dags/example_nested_branch_dag.py for tasks to queue
[2024-08-28T10:52:20.781+0200] {logging_mixin.py:137} INFO - [2024-08-28T10:52:20.780+0200] {dagbag.py:532} INFO - Filling up the DagBag from /Users/roselina/opt/anaconda3/envs/python37/lib/python3.7/site-packages/airflow/example_dags/example_nested_branch_dag.py
[2024-08-28T10:52:20.812+0200] {processor.py:753} INFO - DAG(s) dict_keys(['example_nested_branch_dag']) retrieved from /Users/roselina/opt/anaconda3/envs/python37/lib/python3.7/site-packages/airflow/example_dags/example_nested_branch_dag.py
[2024-08-28T10:52:20.828+0200] {logging_mixin.py:137} INFO - [2024-08-28T10:52:20.828+0200] {dag.py:2705} INFO - Sync 1 DAGs
[2024-08-28T10:52:20.840+0200] {logging_mixin.py:137} INFO - [2024-08-28T10:52:20.840+0200] {dag.py:3456} INFO - Setting next_dagrun for example_nested_branch_dag to 2024-08-27T00:00:00+00:00, run_after=2024-08-28T00:00:00+00:00
[2024-08-28T10:52:20.849+0200] {processor.py:175} INFO - Processing /Users/roselina/opt/anaconda3/envs/python37/lib/python3.7/site-packages/airflow/example_dags/example_nested_branch_dag.py took 0.076 seconds
[2024-08-28T10:53:04.721+0200] {processor.py:153} INFO - Started process (PID=76213) to work on /Users/roselina/opt/anaconda3/envs/python37/lib/python3.7/site-packages/airflow/example_dags/example_nested_branch_dag.py
[2024-08-28T10:53:04.722+0200] {processor.py:743} INFO - Processing file /Users/roselina/opt/anaconda3/envs/python37/lib/python3.7/site-packages/airflow/example_dags/example_nested_branch_dag.py for tasks to queue
[2024-08-28T10:53:04.724+0200] {logging_mixin.py:137} INFO - [2024-08-28T10:53:04.723+0200] {dagbag.py:532} INFO - Filling up the DagBag from /Users/roselina/opt/anaconda3/envs/python37/lib/python3.7/site-packages/airflow/example_dags/example_nested_branch_dag.py
[2024-08-28T10:53:04.748+0200] {processor.py:753} INFO - DAG(s) dict_keys(['example_nested_branch_dag']) retrieved from /Users/roselina/opt/anaconda3/envs/python37/lib/python3.7/site-packages/airflow/example_dags/example_nested_branch_dag.py
[2024-08-28T10:53:04.763+0200] {logging_mixin.py:137} INFO - [2024-08-28T10:53:04.763+0200] {dag.py:2705} INFO - Sync 1 DAGs
[2024-08-28T10:53:04.777+0200] {logging_mixin.py:137} INFO - [2024-08-28T10:53:04.777+0200] {dag.py:3456} INFO - Setting next_dagrun for example_nested_branch_dag to 2024-08-27T00:00:00+00:00, run_after=2024-08-28T00:00:00+00:00
[2024-08-28T10:53:04.787+0200] {processor.py:175} INFO - Processing /Users/roselina/opt/anaconda3/envs/python37/lib/python3.7/site-packages/airflow/example_dags/example_nested_branch_dag.py took 0.070 seconds
