[2024-08-28T10:11:11.635+0200] {processor.py:153} INFO - Started process (PID=74925) to work on /Users/roselina/opt/anaconda3/envs/python37/lib/python3.7/site-packages/airflow/example_dags/example_trigger_target_dag.py
[2024-08-28T10:11:11.636+0200] {processor.py:743} INFO - Processing file /Users/roselina/opt/anaconda3/envs/python37/lib/python3.7/site-packages/airflow/example_dags/example_trigger_target_dag.py for tasks to queue
[2024-08-28T10:11:11.638+0200] {logging_mixin.py:137} INFO - [2024-08-28T10:11:11.637+0200] {dagbag.py:532} INFO - Filling up the DagBag from /Users/roselina/opt/anaconda3/envs/python37/lib/python3.7/site-packages/airflow/example_dags/example_trigger_target_dag.py
[2024-08-28T10:11:11.659+0200] {processor.py:753} INFO - DAG(s) dict_keys(['example_trigger_target_dag']) retrieved from /Users/roselina/opt/anaconda3/envs/python37/lib/python3.7/site-packages/airflow/example_dags/example_trigger_target_dag.py
[2024-08-28T10:11:11.720+0200] {logging_mixin.py:137} INFO - [2024-08-28T10:11:11.720+0200] {manager.py:504} INFO - Created Permission View: can read on DAG:example_trigger_target_dag
[2024-08-28T10:11:11.725+0200] {logging_mixin.py:137} INFO - [2024-08-28T10:11:11.725+0200] {manager.py:504} INFO - Created Permission View: can delete on DAG:example_trigger_target_dag
[2024-08-28T10:11:11.729+0200] {logging_mixin.py:137} INFO - [2024-08-28T10:11:11.729+0200] {manager.py:504} INFO - Created Permission View: can edit on DAG:example_trigger_target_dag
[2024-08-28T10:11:11.730+0200] {logging_mixin.py:137} INFO - [2024-08-28T10:11:11.729+0200] {dag.py:2705} INFO - Sync 1 DAGs
[2024-08-28T10:11:11.741+0200] {logging_mixin.py:137} INFO - [2024-08-28T10:11:11.741+0200] {dag.py:2726} INFO - Creating ORM DAG for example_trigger_target_dag
[2024-08-28T10:11:11.748+0200] {logging_mixin.py:137} INFO - [2024-08-28T10:11:11.748+0200] {dag.py:3456} INFO - Setting next_dagrun for example_trigger_target_dag to None, run_after=None
[2024-08-28T10:11:11.760+0200] {processor.py:175} INFO - Processing /Users/roselina/opt/anaconda3/envs/python37/lib/python3.7/site-packages/airflow/example_dags/example_trigger_target_dag.py took 0.129 seconds
[2024-08-28T10:11:56.778+0200] {processor.py:153} INFO - Started process (PID=74977) to work on /Users/roselina/opt/anaconda3/envs/python37/lib/python3.7/site-packages/airflow/example_dags/example_trigger_target_dag.py
[2024-08-28T10:11:56.780+0200] {processor.py:743} INFO - Processing file /Users/roselina/opt/anaconda3/envs/python37/lib/python3.7/site-packages/airflow/example_dags/example_trigger_target_dag.py for tasks to queue
[2024-08-28T10:11:56.781+0200] {logging_mixin.py:137} INFO - [2024-08-28T10:11:56.780+0200] {dagbag.py:532} INFO - Filling up the DagBag from /Users/roselina/opt/anaconda3/envs/python37/lib/python3.7/site-packages/airflow/example_dags/example_trigger_target_dag.py
[2024-08-28T10:11:56.802+0200] {processor.py:753} INFO - DAG(s) dict_keys(['example_trigger_target_dag']) retrieved from /Users/roselina/opt/anaconda3/envs/python37/lib/python3.7/site-packages/airflow/example_dags/example_trigger_target_dag.py
[2024-08-28T10:11:56.816+0200] {logging_mixin.py:137} INFO - [2024-08-28T10:11:56.816+0200] {dag.py:2705} INFO - Sync 1 DAGs
[2024-08-28T10:11:56.828+0200] {logging_mixin.py:137} INFO - [2024-08-28T10:11:56.828+0200] {dag.py:3456} INFO - Setting next_dagrun for example_trigger_target_dag to None, run_after=None
[2024-08-28T10:11:56.840+0200] {processor.py:175} INFO - Processing /Users/roselina/opt/anaconda3/envs/python37/lib/python3.7/site-packages/airflow/example_dags/example_trigger_target_dag.py took 0.064 seconds
[2024-08-28T10:12:37.129+0200] {processor.py:153} INFO - Started process (PID=75045) to work on /Users/roselina/opt/anaconda3/envs/python37/lib/python3.7/site-packages/airflow/example_dags/example_trigger_target_dag.py
[2024-08-28T10:12:37.131+0200] {processor.py:743} INFO - Processing file /Users/roselina/opt/anaconda3/envs/python37/lib/python3.7/site-packages/airflow/example_dags/example_trigger_target_dag.py for tasks to queue
[2024-08-28T10:12:37.132+0200] {logging_mixin.py:137} INFO - [2024-08-28T10:12:37.132+0200] {dagbag.py:532} INFO - Filling up the DagBag from /Users/roselina/opt/anaconda3/envs/python37/lib/python3.7/site-packages/airflow/example_dags/example_trigger_target_dag.py
[2024-08-28T10:12:37.157+0200] {processor.py:753} INFO - DAG(s) dict_keys(['example_trigger_target_dag']) retrieved from /Users/roselina/opt/anaconda3/envs/python37/lib/python3.7/site-packages/airflow/example_dags/example_trigger_target_dag.py
[2024-08-28T10:12:37.176+0200] {logging_mixin.py:137} INFO - [2024-08-28T10:12:37.175+0200] {dag.py:2705} INFO - Sync 1 DAGs
[2024-08-28T10:12:37.188+0200] {logging_mixin.py:137} INFO - [2024-08-28T10:12:37.187+0200] {dag.py:3456} INFO - Setting next_dagrun for example_trigger_target_dag to None, run_after=None
[2024-08-28T10:12:37.197+0200] {processor.py:175} INFO - Processing /Users/roselina/opt/anaconda3/envs/python37/lib/python3.7/site-packages/airflow/example_dags/example_trigger_target_dag.py took 0.073 seconds
[2024-08-28T10:13:19.853+0200] {processor.py:153} INFO - Started process (PID=75110) to work on /Users/roselina/opt/anaconda3/envs/python37/lib/python3.7/site-packages/airflow/example_dags/example_trigger_target_dag.py
[2024-08-28T10:13:19.854+0200] {processor.py:743} INFO - Processing file /Users/roselina/opt/anaconda3/envs/python37/lib/python3.7/site-packages/airflow/example_dags/example_trigger_target_dag.py for tasks to queue
[2024-08-28T10:13:19.856+0200] {logging_mixin.py:137} INFO - [2024-08-28T10:13:19.855+0200] {dagbag.py:532} INFO - Filling up the DagBag from /Users/roselina/opt/anaconda3/envs/python37/lib/python3.7/site-packages/airflow/example_dags/example_trigger_target_dag.py
[2024-08-28T10:13:19.876+0200] {processor.py:753} INFO - DAG(s) dict_keys(['example_trigger_target_dag']) retrieved from /Users/roselina/opt/anaconda3/envs/python37/lib/python3.7/site-packages/airflow/example_dags/example_trigger_target_dag.py
[2024-08-28T10:13:19.891+0200] {logging_mixin.py:137} INFO - [2024-08-28T10:13:19.891+0200] {dag.py:2705} INFO - Sync 1 DAGs
[2024-08-28T10:13:19.906+0200] {logging_mixin.py:137} INFO - [2024-08-28T10:13:19.906+0200] {dag.py:3456} INFO - Setting next_dagrun for example_trigger_target_dag to None, run_after=None
[2024-08-28T10:13:19.917+0200] {processor.py:175} INFO - Processing /Users/roselina/opt/anaconda3/envs/python37/lib/python3.7/site-packages/airflow/example_dags/example_trigger_target_dag.py took 0.068 seconds
[2024-08-28T10:14:01.067+0200] {processor.py:153} INFO - Started process (PID=75173) to work on /Users/roselina/opt/anaconda3/envs/python37/lib/python3.7/site-packages/airflow/example_dags/example_trigger_target_dag.py
[2024-08-28T10:14:01.070+0200] {processor.py:743} INFO - Processing file /Users/roselina/opt/anaconda3/envs/python37/lib/python3.7/site-packages/airflow/example_dags/example_trigger_target_dag.py for tasks to queue
[2024-08-28T10:14:01.072+0200] {logging_mixin.py:137} INFO - [2024-08-28T10:14:01.071+0200] {dagbag.py:532} INFO - Filling up the DagBag from /Users/roselina/opt/anaconda3/envs/python37/lib/python3.7/site-packages/airflow/example_dags/example_trigger_target_dag.py
[2024-08-28T10:14:01.100+0200] {processor.py:753} INFO - DAG(s) dict_keys(['example_trigger_target_dag']) retrieved from /Users/roselina/opt/anaconda3/envs/python37/lib/python3.7/site-packages/airflow/example_dags/example_trigger_target_dag.py
[2024-08-28T10:14:01.122+0200] {logging_mixin.py:137} INFO - [2024-08-28T10:14:01.121+0200] {dag.py:2705} INFO - Sync 1 DAGs
[2024-08-28T10:14:01.139+0200] {logging_mixin.py:137} INFO - [2024-08-28T10:14:01.138+0200] {dag.py:3456} INFO - Setting next_dagrun for example_trigger_target_dag to None, run_after=None
[2024-08-28T10:14:01.150+0200] {processor.py:175} INFO - Processing /Users/roselina/opt/anaconda3/envs/python37/lib/python3.7/site-packages/airflow/example_dags/example_trigger_target_dag.py took 0.090 seconds
[2024-08-28T10:14:43.807+0200] {processor.py:153} INFO - Started process (PID=75235) to work on /Users/roselina/opt/anaconda3/envs/python37/lib/python3.7/site-packages/airflow/example_dags/example_trigger_target_dag.py
[2024-08-28T10:14:43.808+0200] {processor.py:743} INFO - Processing file /Users/roselina/opt/anaconda3/envs/python37/lib/python3.7/site-packages/airflow/example_dags/example_trigger_target_dag.py for tasks to queue
[2024-08-28T10:14:43.809+0200] {logging_mixin.py:137} INFO - [2024-08-28T10:14:43.809+0200] {dagbag.py:532} INFO - Filling up the DagBag from /Users/roselina/opt/anaconda3/envs/python37/lib/python3.7/site-packages/airflow/example_dags/example_trigger_target_dag.py
[2024-08-28T10:14:43.838+0200] {processor.py:753} INFO - DAG(s) dict_keys(['example_trigger_target_dag']) retrieved from /Users/roselina/opt/anaconda3/envs/python37/lib/python3.7/site-packages/airflow/example_dags/example_trigger_target_dag.py
[2024-08-28T10:14:43.853+0200] {logging_mixin.py:137} INFO - [2024-08-28T10:14:43.853+0200] {dag.py:2705} INFO - Sync 1 DAGs
[2024-08-28T10:14:43.865+0200] {logging_mixin.py:137} INFO - [2024-08-28T10:14:43.865+0200] {dag.py:3456} INFO - Setting next_dagrun for example_trigger_target_dag to None, run_after=None
[2024-08-28T10:14:43.875+0200] {processor.py:175} INFO - Processing /Users/roselina/opt/anaconda3/envs/python37/lib/python3.7/site-packages/airflow/example_dags/example_trigger_target_dag.py took 0.074 seconds
[2024-08-28T10:15:24.477+0200] {processor.py:153} INFO - Started process (PID=75280) to work on /Users/roselina/opt/anaconda3/envs/python37/lib/python3.7/site-packages/airflow/example_dags/example_trigger_target_dag.py
[2024-08-28T10:15:24.479+0200] {processor.py:743} INFO - Processing file /Users/roselina/opt/anaconda3/envs/python37/lib/python3.7/site-packages/airflow/example_dags/example_trigger_target_dag.py for tasks to queue
[2024-08-28T10:15:24.480+0200] {logging_mixin.py:137} INFO - [2024-08-28T10:15:24.480+0200] {dagbag.py:532} INFO - Filling up the DagBag from /Users/roselina/opt/anaconda3/envs/python37/lib/python3.7/site-packages/airflow/example_dags/example_trigger_target_dag.py
[2024-08-28T10:15:24.503+0200] {processor.py:753} INFO - DAG(s) dict_keys(['example_trigger_target_dag']) retrieved from /Users/roselina/opt/anaconda3/envs/python37/lib/python3.7/site-packages/airflow/example_dags/example_trigger_target_dag.py
[2024-08-28T10:15:24.517+0200] {logging_mixin.py:137} INFO - [2024-08-28T10:15:24.517+0200] {dag.py:2705} INFO - Sync 1 DAGs
[2024-08-28T10:15:24.529+0200] {logging_mixin.py:137} INFO - [2024-08-28T10:15:24.529+0200] {dag.py:3456} INFO - Setting next_dagrun for example_trigger_target_dag to None, run_after=None
[2024-08-28T10:15:24.538+0200] {processor.py:175} INFO - Processing /Users/roselina/opt/anaconda3/envs/python37/lib/python3.7/site-packages/airflow/example_dags/example_trigger_target_dag.py took 0.066 seconds
[2024-08-28T10:16:05.049+0200] {processor.py:153} INFO - Started process (PID=75324) to work on /Users/roselina/opt/anaconda3/envs/python37/lib/python3.7/site-packages/airflow/example_dags/example_trigger_target_dag.py
[2024-08-28T10:16:05.051+0200] {processor.py:743} INFO - Processing file /Users/roselina/opt/anaconda3/envs/python37/lib/python3.7/site-packages/airflow/example_dags/example_trigger_target_dag.py for tasks to queue
[2024-08-28T10:16:05.052+0200] {logging_mixin.py:137} INFO - [2024-08-28T10:16:05.052+0200] {dagbag.py:532} INFO - Filling up the DagBag from /Users/roselina/opt/anaconda3/envs/python37/lib/python3.7/site-packages/airflow/example_dags/example_trigger_target_dag.py
[2024-08-28T10:16:05.075+0200] {processor.py:753} INFO - DAG(s) dict_keys(['example_trigger_target_dag']) retrieved from /Users/roselina/opt/anaconda3/envs/python37/lib/python3.7/site-packages/airflow/example_dags/example_trigger_target_dag.py
[2024-08-28T10:16:05.088+0200] {logging_mixin.py:137} INFO - [2024-08-28T10:16:05.088+0200] {dag.py:2705} INFO - Sync 1 DAGs
[2024-08-28T10:16:05.100+0200] {logging_mixin.py:137} INFO - [2024-08-28T10:16:05.100+0200] {dag.py:3456} INFO - Setting next_dagrun for example_trigger_target_dag to None, run_after=None
[2024-08-28T10:16:05.110+0200] {processor.py:175} INFO - Processing /Users/roselina/opt/anaconda3/envs/python37/lib/python3.7/site-packages/airflow/example_dags/example_trigger_target_dag.py took 0.065 seconds
[2024-08-28T10:16:45.702+0200] {processor.py:153} INFO - Started process (PID=75370) to work on /Users/roselina/opt/anaconda3/envs/python37/lib/python3.7/site-packages/airflow/example_dags/example_trigger_target_dag.py
[2024-08-28T10:16:45.704+0200] {processor.py:743} INFO - Processing file /Users/roselina/opt/anaconda3/envs/python37/lib/python3.7/site-packages/airflow/example_dags/example_trigger_target_dag.py for tasks to queue
[2024-08-28T10:16:45.705+0200] {logging_mixin.py:137} INFO - [2024-08-28T10:16:45.704+0200] {dagbag.py:532} INFO - Filling up the DagBag from /Users/roselina/opt/anaconda3/envs/python37/lib/python3.7/site-packages/airflow/example_dags/example_trigger_target_dag.py
[2024-08-28T10:16:45.728+0200] {processor.py:753} INFO - DAG(s) dict_keys(['example_trigger_target_dag']) retrieved from /Users/roselina/opt/anaconda3/envs/python37/lib/python3.7/site-packages/airflow/example_dags/example_trigger_target_dag.py
[2024-08-28T10:16:45.744+0200] {logging_mixin.py:137} INFO - [2024-08-28T10:16:45.744+0200] {dag.py:2705} INFO - Sync 1 DAGs
[2024-08-28T10:16:45.757+0200] {logging_mixin.py:137} INFO - [2024-08-28T10:16:45.756+0200] {dag.py:3456} INFO - Setting next_dagrun for example_trigger_target_dag to None, run_after=None
[2024-08-28T10:16:45.766+0200] {processor.py:175} INFO - Processing /Users/roselina/opt/anaconda3/envs/python37/lib/python3.7/site-packages/airflow/example_dags/example_trigger_target_dag.py took 0.069 seconds
[2024-08-28T10:17:27.482+0200] {processor.py:153} INFO - Started process (PID=75420) to work on /Users/roselina/opt/anaconda3/envs/python37/lib/python3.7/site-packages/airflow/example_dags/example_trigger_target_dag.py
[2024-08-28T10:17:27.483+0200] {processor.py:743} INFO - Processing file /Users/roselina/opt/anaconda3/envs/python37/lib/python3.7/site-packages/airflow/example_dags/example_trigger_target_dag.py for tasks to queue
[2024-08-28T10:17:27.484+0200] {logging_mixin.py:137} INFO - [2024-08-28T10:17:27.484+0200] {dagbag.py:532} INFO - Filling up the DagBag from /Users/roselina/opt/anaconda3/envs/python37/lib/python3.7/site-packages/airflow/example_dags/example_trigger_target_dag.py
[2024-08-28T10:17:27.499+0200] {processor.py:753} INFO - DAG(s) dict_keys(['example_trigger_target_dag']) retrieved from /Users/roselina/opt/anaconda3/envs/python37/lib/python3.7/site-packages/airflow/example_dags/example_trigger_target_dag.py
[2024-08-28T10:17:27.513+0200] {logging_mixin.py:137} INFO - [2024-08-28T10:17:27.513+0200] {dag.py:2705} INFO - Sync 1 DAGs
[2024-08-28T10:17:27.527+0200] {logging_mixin.py:137} INFO - [2024-08-28T10:17:27.526+0200] {dag.py:3456} INFO - Setting next_dagrun for example_trigger_target_dag to None, run_after=None
[2024-08-28T10:17:27.538+0200] {processor.py:175} INFO - Processing /Users/roselina/opt/anaconda3/envs/python37/lib/python3.7/site-packages/airflow/example_dags/example_trigger_target_dag.py took 0.059 seconds
[2024-08-28T10:43:49.395+0200] {processor.py:153} INFO - Started process (PID=75516) to work on /Users/roselina/opt/anaconda3/envs/python37/lib/python3.7/site-packages/airflow/example_dags/example_trigger_target_dag.py
[2024-08-28T10:43:49.397+0200] {processor.py:743} INFO - Processing file /Users/roselina/opt/anaconda3/envs/python37/lib/python3.7/site-packages/airflow/example_dags/example_trigger_target_dag.py for tasks to queue
[2024-08-28T10:43:49.398+0200] {logging_mixin.py:137} INFO - [2024-08-28T10:43:49.398+0200] {dagbag.py:532} INFO - Filling up the DagBag from /Users/roselina/opt/anaconda3/envs/python37/lib/python3.7/site-packages/airflow/example_dags/example_trigger_target_dag.py
[2024-08-28T10:43:49.420+0200] {processor.py:753} INFO - DAG(s) dict_keys(['example_trigger_target_dag']) retrieved from /Users/roselina/opt/anaconda3/envs/python37/lib/python3.7/site-packages/airflow/example_dags/example_trigger_target_dag.py
[2024-08-28T10:43:49.438+0200] {logging_mixin.py:137} INFO - [2024-08-28T10:43:49.437+0200] {dag.py:2705} INFO - Sync 1 DAGs
[2024-08-28T10:43:49.451+0200] {logging_mixin.py:137} INFO - [2024-08-28T10:43:49.450+0200] {dag.py:3456} INFO - Setting next_dagrun for example_trigger_target_dag to None, run_after=None
[2024-08-28T10:43:49.461+0200] {processor.py:175} INFO - Processing /Users/roselina/opt/anaconda3/envs/python37/lib/python3.7/site-packages/airflow/example_dags/example_trigger_target_dag.py took 0.069 seconds
[2024-08-28T10:44:31.727+0200] {processor.py:153} INFO - Started process (PID=75571) to work on /Users/roselina/opt/anaconda3/envs/python37/lib/python3.7/site-packages/airflow/example_dags/example_trigger_target_dag.py
[2024-08-28T10:44:31.729+0200] {processor.py:743} INFO - Processing file /Users/roselina/opt/anaconda3/envs/python37/lib/python3.7/site-packages/airflow/example_dags/example_trigger_target_dag.py for tasks to queue
[2024-08-28T10:44:31.730+0200] {logging_mixin.py:137} INFO - [2024-08-28T10:44:31.730+0200] {dagbag.py:532} INFO - Filling up the DagBag from /Users/roselina/opt/anaconda3/envs/python37/lib/python3.7/site-packages/airflow/example_dags/example_trigger_target_dag.py
[2024-08-28T10:44:31.756+0200] {processor.py:753} INFO - DAG(s) dict_keys(['example_trigger_target_dag']) retrieved from /Users/roselina/opt/anaconda3/envs/python37/lib/python3.7/site-packages/airflow/example_dags/example_trigger_target_dag.py
[2024-08-28T10:44:31.773+0200] {logging_mixin.py:137} INFO - [2024-08-28T10:44:31.772+0200] {dag.py:2705} INFO - Sync 1 DAGs
[2024-08-28T10:44:31.787+0200] {logging_mixin.py:137} INFO - [2024-08-28T10:44:31.787+0200] {dag.py:3456} INFO - Setting next_dagrun for example_trigger_target_dag to None, run_after=None
[2024-08-28T10:44:31.798+0200] {processor.py:175} INFO - Processing /Users/roselina/opt/anaconda3/envs/python37/lib/python3.7/site-packages/airflow/example_dags/example_trigger_target_dag.py took 0.074 seconds
[2024-08-28T10:45:14.611+0200] {processor.py:153} INFO - Started process (PID=75631) to work on /Users/roselina/opt/anaconda3/envs/python37/lib/python3.7/site-packages/airflow/example_dags/example_trigger_target_dag.py
[2024-08-28T10:45:14.614+0200] {processor.py:743} INFO - Processing file /Users/roselina/opt/anaconda3/envs/python37/lib/python3.7/site-packages/airflow/example_dags/example_trigger_target_dag.py for tasks to queue
[2024-08-28T10:45:14.615+0200] {logging_mixin.py:137} INFO - [2024-08-28T10:45:14.614+0200] {dagbag.py:532} INFO - Filling up the DagBag from /Users/roselina/opt/anaconda3/envs/python37/lib/python3.7/site-packages/airflow/example_dags/example_trigger_target_dag.py
[2024-08-28T10:45:14.637+0200] {processor.py:753} INFO - DAG(s) dict_keys(['example_trigger_target_dag']) retrieved from /Users/roselina/opt/anaconda3/envs/python37/lib/python3.7/site-packages/airflow/example_dags/example_trigger_target_dag.py
[2024-08-28T10:45:14.654+0200] {logging_mixin.py:137} INFO - [2024-08-28T10:45:14.653+0200] {dag.py:2705} INFO - Sync 1 DAGs
[2024-08-28T10:45:14.667+0200] {logging_mixin.py:137} INFO - [2024-08-28T10:45:14.667+0200] {dag.py:3456} INFO - Setting next_dagrun for example_trigger_target_dag to None, run_after=None
[2024-08-28T10:45:14.679+0200] {processor.py:175} INFO - Processing /Users/roselina/opt/anaconda3/envs/python37/lib/python3.7/site-packages/airflow/example_dags/example_trigger_target_dag.py took 0.072 seconds
[2024-08-28T10:45:55.944+0200] {processor.py:153} INFO - Started process (PID=75677) to work on /Users/roselina/opt/anaconda3/envs/python37/lib/python3.7/site-packages/airflow/example_dags/example_trigger_target_dag.py
[2024-08-28T10:45:55.946+0200] {processor.py:743} INFO - Processing file /Users/roselina/opt/anaconda3/envs/python37/lib/python3.7/site-packages/airflow/example_dags/example_trigger_target_dag.py for tasks to queue
[2024-08-28T10:45:55.947+0200] {logging_mixin.py:137} INFO - [2024-08-28T10:45:55.947+0200] {dagbag.py:532} INFO - Filling up the DagBag from /Users/roselina/opt/anaconda3/envs/python37/lib/python3.7/site-packages/airflow/example_dags/example_trigger_target_dag.py
[2024-08-28T10:45:55.969+0200] {processor.py:753} INFO - DAG(s) dict_keys(['example_trigger_target_dag']) retrieved from /Users/roselina/opt/anaconda3/envs/python37/lib/python3.7/site-packages/airflow/example_dags/example_trigger_target_dag.py
[2024-08-28T10:45:55.983+0200] {logging_mixin.py:137} INFO - [2024-08-28T10:45:55.983+0200] {dag.py:2705} INFO - Sync 1 DAGs
[2024-08-28T10:45:55.996+0200] {logging_mixin.py:137} INFO - [2024-08-28T10:45:55.995+0200] {dag.py:3456} INFO - Setting next_dagrun for example_trigger_target_dag to None, run_after=None
[2024-08-28T10:45:56.006+0200] {processor.py:175} INFO - Processing /Users/roselina/opt/anaconda3/envs/python37/lib/python3.7/site-packages/airflow/example_dags/example_trigger_target_dag.py took 0.066 seconds
[2024-08-28T10:46:37.245+0200] {processor.py:153} INFO - Started process (PID=75722) to work on /Users/roselina/opt/anaconda3/envs/python37/lib/python3.7/site-packages/airflow/example_dags/example_trigger_target_dag.py
[2024-08-28T10:46:37.247+0200] {processor.py:743} INFO - Processing file /Users/roselina/opt/anaconda3/envs/python37/lib/python3.7/site-packages/airflow/example_dags/example_trigger_target_dag.py for tasks to queue
[2024-08-28T10:46:37.248+0200] {logging_mixin.py:137} INFO - [2024-08-28T10:46:37.248+0200] {dagbag.py:532} INFO - Filling up the DagBag from /Users/roselina/opt/anaconda3/envs/python37/lib/python3.7/site-packages/airflow/example_dags/example_trigger_target_dag.py
[2024-08-28T10:46:37.272+0200] {processor.py:753} INFO - DAG(s) dict_keys(['example_trigger_target_dag']) retrieved from /Users/roselina/opt/anaconda3/envs/python37/lib/python3.7/site-packages/airflow/example_dags/example_trigger_target_dag.py
[2024-08-28T10:46:37.286+0200] {logging_mixin.py:137} INFO - [2024-08-28T10:46:37.286+0200] {dag.py:2705} INFO - Sync 1 DAGs
[2024-08-28T10:46:37.299+0200] {logging_mixin.py:137} INFO - [2024-08-28T10:46:37.299+0200] {dag.py:3456} INFO - Setting next_dagrun for example_trigger_target_dag to None, run_after=None
[2024-08-28T10:46:37.309+0200] {processor.py:175} INFO - Processing /Users/roselina/opt/anaconda3/envs/python37/lib/python3.7/site-packages/airflow/example_dags/example_trigger_target_dag.py took 0.068 seconds
[2024-08-28T10:47:18.148+0200] {processor.py:153} INFO - Started process (PID=75777) to work on /Users/roselina/opt/anaconda3/envs/python37/lib/python3.7/site-packages/airflow/example_dags/example_trigger_target_dag.py
[2024-08-28T10:47:18.150+0200] {processor.py:743} INFO - Processing file /Users/roselina/opt/anaconda3/envs/python37/lib/python3.7/site-packages/airflow/example_dags/example_trigger_target_dag.py for tasks to queue
[2024-08-28T10:47:18.151+0200] {logging_mixin.py:137} INFO - [2024-08-28T10:47:18.151+0200] {dagbag.py:532} INFO - Filling up the DagBag from /Users/roselina/opt/anaconda3/envs/python37/lib/python3.7/site-packages/airflow/example_dags/example_trigger_target_dag.py
[2024-08-28T10:47:18.173+0200] {processor.py:753} INFO - DAG(s) dict_keys(['example_trigger_target_dag']) retrieved from /Users/roselina/opt/anaconda3/envs/python37/lib/python3.7/site-packages/airflow/example_dags/example_trigger_target_dag.py
[2024-08-28T10:47:18.187+0200] {logging_mixin.py:137} INFO - [2024-08-28T10:47:18.187+0200] {dag.py:2705} INFO - Sync 1 DAGs
[2024-08-28T10:47:18.199+0200] {logging_mixin.py:137} INFO - [2024-08-28T10:47:18.199+0200] {dag.py:3456} INFO - Setting next_dagrun for example_trigger_target_dag to None, run_after=None
[2024-08-28T10:47:18.210+0200] {processor.py:175} INFO - Processing /Users/roselina/opt/anaconda3/envs/python37/lib/python3.7/site-packages/airflow/example_dags/example_trigger_target_dag.py took 0.065 seconds
[2024-08-28T10:47:59.802+0200] {processor.py:153} INFO - Started process (PID=75827) to work on /Users/roselina/opt/anaconda3/envs/python37/lib/python3.7/site-packages/airflow/example_dags/example_trigger_target_dag.py
[2024-08-28T10:47:59.804+0200] {processor.py:743} INFO - Processing file /Users/roselina/opt/anaconda3/envs/python37/lib/python3.7/site-packages/airflow/example_dags/example_trigger_target_dag.py for tasks to queue
[2024-08-28T10:47:59.805+0200] {logging_mixin.py:137} INFO - [2024-08-28T10:47:59.804+0200] {dagbag.py:532} INFO - Filling up the DagBag from /Users/roselina/opt/anaconda3/envs/python37/lib/python3.7/site-packages/airflow/example_dags/example_trigger_target_dag.py
[2024-08-28T10:47:59.827+0200] {processor.py:753} INFO - DAG(s) dict_keys(['example_trigger_target_dag']) retrieved from /Users/roselina/opt/anaconda3/envs/python37/lib/python3.7/site-packages/airflow/example_dags/example_trigger_target_dag.py
[2024-08-28T10:47:59.845+0200] {logging_mixin.py:137} INFO - [2024-08-28T10:47:59.844+0200] {dag.py:2705} INFO - Sync 1 DAGs
[2024-08-28T10:47:59.857+0200] {logging_mixin.py:137} INFO - [2024-08-28T10:47:59.857+0200] {dag.py:3456} INFO - Setting next_dagrun for example_trigger_target_dag to None, run_after=None
[2024-08-28T10:47:59.867+0200] {processor.py:175} INFO - Processing /Users/roselina/opt/anaconda3/envs/python37/lib/python3.7/site-packages/airflow/example_dags/example_trigger_target_dag.py took 0.070 seconds
[2024-08-28T10:48:41.066+0200] {processor.py:153} INFO - Started process (PID=75890) to work on /Users/roselina/opt/anaconda3/envs/python37/lib/python3.7/site-packages/airflow/example_dags/example_trigger_target_dag.py
[2024-08-28T10:48:41.068+0200] {processor.py:743} INFO - Processing file /Users/roselina/opt/anaconda3/envs/python37/lib/python3.7/site-packages/airflow/example_dags/example_trigger_target_dag.py for tasks to queue
[2024-08-28T10:48:41.069+0200] {logging_mixin.py:137} INFO - [2024-08-28T10:48:41.069+0200] {dagbag.py:532} INFO - Filling up the DagBag from /Users/roselina/opt/anaconda3/envs/python37/lib/python3.7/site-packages/airflow/example_dags/example_trigger_target_dag.py
[2024-08-28T10:48:41.092+0200] {processor.py:753} INFO - DAG(s) dict_keys(['example_trigger_target_dag']) retrieved from /Users/roselina/opt/anaconda3/envs/python37/lib/python3.7/site-packages/airflow/example_dags/example_trigger_target_dag.py
[2024-08-28T10:48:41.107+0200] {logging_mixin.py:137} INFO - [2024-08-28T10:48:41.107+0200] {dag.py:2705} INFO - Sync 1 DAGs
[2024-08-28T10:48:41.119+0200] {logging_mixin.py:137} INFO - [2024-08-28T10:48:41.119+0200] {dag.py:3456} INFO - Setting next_dagrun for example_trigger_target_dag to None, run_after=None
[2024-08-28T10:48:41.129+0200] {processor.py:175} INFO - Processing /Users/roselina/opt/anaconda3/envs/python37/lib/python3.7/site-packages/airflow/example_dags/example_trigger_target_dag.py took 0.067 seconds
[2024-08-28T10:49:21.747+0200] {processor.py:153} INFO - Started process (PID=75944) to work on /Users/roselina/opt/anaconda3/envs/python37/lib/python3.7/site-packages/airflow/example_dags/example_trigger_target_dag.py
[2024-08-28T10:49:21.748+0200] {processor.py:743} INFO - Processing file /Users/roselina/opt/anaconda3/envs/python37/lib/python3.7/site-packages/airflow/example_dags/example_trigger_target_dag.py for tasks to queue
[2024-08-28T10:49:21.749+0200] {logging_mixin.py:137} INFO - [2024-08-28T10:49:21.749+0200] {dagbag.py:532} INFO - Filling up the DagBag from /Users/roselina/opt/anaconda3/envs/python37/lib/python3.7/site-packages/airflow/example_dags/example_trigger_target_dag.py
[2024-08-28T10:49:21.774+0200] {processor.py:753} INFO - DAG(s) dict_keys(['example_trigger_target_dag']) retrieved from /Users/roselina/opt/anaconda3/envs/python37/lib/python3.7/site-packages/airflow/example_dags/example_trigger_target_dag.py
[2024-08-28T10:49:21.788+0200] {logging_mixin.py:137} INFO - [2024-08-28T10:49:21.788+0200] {dag.py:2705} INFO - Sync 1 DAGs
[2024-08-28T10:49:21.801+0200] {logging_mixin.py:137} INFO - [2024-08-28T10:49:21.801+0200] {dag.py:3456} INFO - Setting next_dagrun for example_trigger_target_dag to None, run_after=None
[2024-08-28T10:49:21.811+0200] {processor.py:175} INFO - Processing /Users/roselina/opt/anaconda3/envs/python37/lib/python3.7/site-packages/airflow/example_dags/example_trigger_target_dag.py took 0.067 seconds
[2024-08-28T10:50:03.436+0200] {processor.py:153} INFO - Started process (PID=75990) to work on /Users/roselina/opt/anaconda3/envs/python37/lib/python3.7/site-packages/airflow/example_dags/example_trigger_target_dag.py
[2024-08-28T10:50:03.438+0200] {processor.py:743} INFO - Processing file /Users/roselina/opt/anaconda3/envs/python37/lib/python3.7/site-packages/airflow/example_dags/example_trigger_target_dag.py for tasks to queue
[2024-08-28T10:50:03.440+0200] {logging_mixin.py:137} INFO - [2024-08-28T10:50:03.439+0200] {dagbag.py:532} INFO - Filling up the DagBag from /Users/roselina/opt/anaconda3/envs/python37/lib/python3.7/site-packages/airflow/example_dags/example_trigger_target_dag.py
[2024-08-28T10:50:03.463+0200] {processor.py:753} INFO - DAG(s) dict_keys(['example_trigger_target_dag']) retrieved from /Users/roselina/opt/anaconda3/envs/python37/lib/python3.7/site-packages/airflow/example_dags/example_trigger_target_dag.py
[2024-08-28T10:50:03.477+0200] {logging_mixin.py:137} INFO - [2024-08-28T10:50:03.477+0200] {dag.py:2705} INFO - Sync 1 DAGs
[2024-08-28T10:50:03.490+0200] {logging_mixin.py:137} INFO - [2024-08-28T10:50:03.490+0200] {dag.py:3456} INFO - Setting next_dagrun for example_trigger_target_dag to None, run_after=None
[2024-08-28T10:50:03.500+0200] {processor.py:175} INFO - Processing /Users/roselina/opt/anaconda3/envs/python37/lib/python3.7/site-packages/airflow/example_dags/example_trigger_target_dag.py took 0.068 seconds
[2024-08-28T10:50:44.193+0200] {processor.py:153} INFO - Started process (PID=76034) to work on /Users/roselina/opt/anaconda3/envs/python37/lib/python3.7/site-packages/airflow/example_dags/example_trigger_target_dag.py
[2024-08-28T10:50:44.195+0200] {processor.py:743} INFO - Processing file /Users/roselina/opt/anaconda3/envs/python37/lib/python3.7/site-packages/airflow/example_dags/example_trigger_target_dag.py for tasks to queue
[2024-08-28T10:50:44.196+0200] {logging_mixin.py:137} INFO - [2024-08-28T10:50:44.196+0200] {dagbag.py:532} INFO - Filling up the DagBag from /Users/roselina/opt/anaconda3/envs/python37/lib/python3.7/site-packages/airflow/example_dags/example_trigger_target_dag.py
[2024-08-28T10:50:44.220+0200] {processor.py:753} INFO - DAG(s) dict_keys(['example_trigger_target_dag']) retrieved from /Users/roselina/opt/anaconda3/envs/python37/lib/python3.7/site-packages/airflow/example_dags/example_trigger_target_dag.py
[2024-08-28T10:50:44.237+0200] {logging_mixin.py:137} INFO - [2024-08-28T10:50:44.237+0200] {dag.py:2705} INFO - Sync 1 DAGs
[2024-08-28T10:50:44.249+0200] {logging_mixin.py:137} INFO - [2024-08-28T10:50:44.249+0200] {dag.py:3456} INFO - Setting next_dagrun for example_trigger_target_dag to None, run_after=None
[2024-08-28T10:50:44.258+0200] {processor.py:175} INFO - Processing /Users/roselina/opt/anaconda3/envs/python37/lib/python3.7/site-packages/airflow/example_dags/example_trigger_target_dag.py took 0.070 seconds
[2024-08-28T10:51:26.576+0200] {processor.py:153} INFO - Started process (PID=76096) to work on /Users/roselina/opt/anaconda3/envs/python37/lib/python3.7/site-packages/airflow/example_dags/example_trigger_target_dag.py
[2024-08-28T10:51:26.580+0200] {processor.py:743} INFO - Processing file /Users/roselina/opt/anaconda3/envs/python37/lib/python3.7/site-packages/airflow/example_dags/example_trigger_target_dag.py for tasks to queue
[2024-08-28T10:51:26.581+0200] {logging_mixin.py:137} INFO - [2024-08-28T10:51:26.581+0200] {dagbag.py:532} INFO - Filling up the DagBag from /Users/roselina/opt/anaconda3/envs/python37/lib/python3.7/site-packages/airflow/example_dags/example_trigger_target_dag.py
[2024-08-28T10:51:26.606+0200] {processor.py:753} INFO - DAG(s) dict_keys(['example_trigger_target_dag']) retrieved from /Users/roselina/opt/anaconda3/envs/python37/lib/python3.7/site-packages/airflow/example_dags/example_trigger_target_dag.py
[2024-08-28T10:51:26.620+0200] {logging_mixin.py:137} INFO - [2024-08-28T10:51:26.620+0200] {dag.py:2705} INFO - Sync 1 DAGs
[2024-08-28T10:51:26.632+0200] {logging_mixin.py:137} INFO - [2024-08-28T10:51:26.632+0200] {dag.py:3456} INFO - Setting next_dagrun for example_trigger_target_dag to None, run_after=None
[2024-08-28T10:51:26.642+0200] {processor.py:175} INFO - Processing /Users/roselina/opt/anaconda3/envs/python37/lib/python3.7/site-packages/airflow/example_dags/example_trigger_target_dag.py took 0.071 seconds
[2024-08-28T10:52:06.449+0200] {processor.py:153} INFO - Started process (PID=76147) to work on /Users/roselina/opt/anaconda3/envs/python37/lib/python3.7/site-packages/airflow/example_dags/example_trigger_target_dag.py
[2024-08-28T10:52:06.451+0200] {processor.py:743} INFO - Processing file /Users/roselina/opt/anaconda3/envs/python37/lib/python3.7/site-packages/airflow/example_dags/example_trigger_target_dag.py for tasks to queue
[2024-08-28T10:52:06.452+0200] {logging_mixin.py:137} INFO - [2024-08-28T10:52:06.452+0200] {dagbag.py:532} INFO - Filling up the DagBag from /Users/roselina/opt/anaconda3/envs/python37/lib/python3.7/site-packages/airflow/example_dags/example_trigger_target_dag.py
[2024-08-28T10:52:06.478+0200] {processor.py:753} INFO - DAG(s) dict_keys(['example_trigger_target_dag']) retrieved from /Users/roselina/opt/anaconda3/envs/python37/lib/python3.7/site-packages/airflow/example_dags/example_trigger_target_dag.py
[2024-08-28T10:52:06.494+0200] {logging_mixin.py:137} INFO - [2024-08-28T10:52:06.494+0200] {dag.py:2705} INFO - Sync 1 DAGs
[2024-08-28T10:52:06.510+0200] {logging_mixin.py:137} INFO - [2024-08-28T10:52:06.510+0200] {dag.py:3456} INFO - Setting next_dagrun for example_trigger_target_dag to None, run_after=None
[2024-08-28T10:52:06.521+0200] {processor.py:175} INFO - Processing /Users/roselina/opt/anaconda3/envs/python37/lib/python3.7/site-packages/airflow/example_dags/example_trigger_target_dag.py took 0.086 seconds
[2024-08-28T10:52:49.004+0200] {processor.py:153} INFO - Started process (PID=76196) to work on /Users/roselina/opt/anaconda3/envs/python37/lib/python3.7/site-packages/airflow/example_dags/example_trigger_target_dag.py
[2024-08-28T10:52:49.005+0200] {processor.py:743} INFO - Processing file /Users/roselina/opt/anaconda3/envs/python37/lib/python3.7/site-packages/airflow/example_dags/example_trigger_target_dag.py for tasks to queue
[2024-08-28T10:52:49.006+0200] {logging_mixin.py:137} INFO - [2024-08-28T10:52:49.006+0200] {dagbag.py:532} INFO - Filling up the DagBag from /Users/roselina/opt/anaconda3/envs/python37/lib/python3.7/site-packages/airflow/example_dags/example_trigger_target_dag.py
[2024-08-28T10:52:49.024+0200] {processor.py:753} INFO - DAG(s) dict_keys(['example_trigger_target_dag']) retrieved from /Users/roselina/opt/anaconda3/envs/python37/lib/python3.7/site-packages/airflow/example_dags/example_trigger_target_dag.py
[2024-08-28T10:52:49.038+0200] {logging_mixin.py:137} INFO - [2024-08-28T10:52:49.038+0200] {dag.py:2705} INFO - Sync 1 DAGs
[2024-08-28T10:52:49.052+0200] {logging_mixin.py:137} INFO - [2024-08-28T10:52:49.051+0200] {dag.py:3456} INFO - Setting next_dagrun for example_trigger_target_dag to None, run_after=None
[2024-08-28T10:52:49.072+0200] {processor.py:175} INFO - Processing /Users/roselina/opt/anaconda3/envs/python37/lib/python3.7/site-packages/airflow/example_dags/example_trigger_target_dag.py took 0.070 seconds
