[2024-08-28T10:11:44.248+0200] {processor.py:153} INFO - Started process (PID=74960) to work on /Users/roselina/opt/anaconda3/envs/python37/lib/python3.7/site-packages/airflow/example_dags/example_branch_datetime_operator.py
[2024-08-28T10:11:44.250+0200] {processor.py:743} INFO - Processing file /Users/roselina/opt/anaconda3/envs/python37/lib/python3.7/site-packages/airflow/example_dags/example_branch_datetime_operator.py for tasks to queue
[2024-08-28T10:11:44.251+0200] {logging_mixin.py:137} INFO - [2024-08-28T10:11:44.250+0200] {dagbag.py:532} INFO - Filling up the DagBag from /Users/roselina/opt/anaconda3/envs/python37/lib/python3.7/site-packages/airflow/example_dags/example_branch_datetime_operator.py
[2024-08-28T10:11:44.270+0200] {processor.py:753} INFO - DAG(s) dict_keys(['example_branch_datetime_operator', 'example_branch_datetime_operator_3', 'example_branch_datetime_operator_2']) retrieved from /Users/roselina/opt/anaconda3/envs/python37/lib/python3.7/site-packages/airflow/example_dags/example_branch_datetime_operator.py
[2024-08-28T10:11:44.329+0200] {logging_mixin.py:137} INFO - [2024-08-28T10:11:44.328+0200] {manager.py:504} INFO - Created Permission View: can read on DAG:example_branch_datetime_operator
[2024-08-28T10:11:44.334+0200] {logging_mixin.py:137} INFO - [2024-08-28T10:11:44.334+0200] {manager.py:504} INFO - Created Permission View: can delete on DAG:example_branch_datetime_operator
[2024-08-28T10:11:44.337+0200] {logging_mixin.py:137} INFO - [2024-08-28T10:11:44.337+0200] {manager.py:504} INFO - Created Permission View: can edit on DAG:example_branch_datetime_operator
[2024-08-28T10:11:44.344+0200] {logging_mixin.py:137} INFO - [2024-08-28T10:11:44.344+0200] {manager.py:504} INFO - Created Permission View: can read on DAG:example_branch_datetime_operator_3
[2024-08-28T10:11:44.347+0200] {logging_mixin.py:137} INFO - [2024-08-28T10:11:44.347+0200] {manager.py:504} INFO - Created Permission View: can delete on DAG:example_branch_datetime_operator_3
[2024-08-28T10:11:44.350+0200] {logging_mixin.py:137} INFO - [2024-08-28T10:11:44.350+0200] {manager.py:504} INFO - Created Permission View: can edit on DAG:example_branch_datetime_operator_3
[2024-08-28T10:11:44.356+0200] {logging_mixin.py:137} INFO - [2024-08-28T10:11:44.356+0200] {manager.py:504} INFO - Created Permission View: can read on DAG:example_branch_datetime_operator_2
[2024-08-28T10:11:44.359+0200] {logging_mixin.py:137} INFO - [2024-08-28T10:11:44.359+0200] {manager.py:504} INFO - Created Permission View: can delete on DAG:example_branch_datetime_operator_2
[2024-08-28T10:11:44.362+0200] {logging_mixin.py:137} INFO - [2024-08-28T10:11:44.362+0200] {manager.py:504} INFO - Created Permission View: can edit on DAG:example_branch_datetime_operator_2
[2024-08-28T10:11:44.362+0200] {logging_mixin.py:137} INFO - [2024-08-28T10:11:44.362+0200] {dag.py:2705} INFO - Sync 3 DAGs
[2024-08-28T10:11:44.369+0200] {logging_mixin.py:137} INFO - [2024-08-28T10:11:44.369+0200] {dag.py:2726} INFO - Creating ORM DAG for example_branch_datetime_operator_2
[2024-08-28T10:11:44.370+0200] {logging_mixin.py:137} INFO - [2024-08-28T10:11:44.370+0200] {dag.py:2726} INFO - Creating ORM DAG for example_branch_datetime_operator_3
[2024-08-28T10:11:44.370+0200] {logging_mixin.py:137} INFO - [2024-08-28T10:11:44.370+0200] {dag.py:2726} INFO - Creating ORM DAG for example_branch_datetime_operator
[2024-08-28T10:11:44.376+0200] {logging_mixin.py:137} INFO - [2024-08-28T10:11:44.376+0200] {dag.py:3456} INFO - Setting next_dagrun for example_branch_datetime_operator to 2024-08-27T00:00:00+00:00, run_after=2024-08-28T00:00:00+00:00
[2024-08-28T10:11:44.377+0200] {logging_mixin.py:137} INFO - [2024-08-28T10:11:44.377+0200] {dag.py:3456} INFO - Setting next_dagrun for example_branch_datetime_operator_2 to 2024-08-27T00:00:00+00:00, run_after=2024-08-28T00:00:00+00:00
[2024-08-28T10:11:44.379+0200] {logging_mixin.py:137} INFO - [2024-08-28T10:11:44.378+0200] {dag.py:3456} INFO - Setting next_dagrun for example_branch_datetime_operator_3 to 2024-08-27T00:00:00+00:00, run_after=2024-08-28T00:00:00+00:00
[2024-08-28T10:11:44.388+0200] {processor.py:175} INFO - Processing /Users/roselina/opt/anaconda3/envs/python37/lib/python3.7/site-packages/airflow/example_dags/example_branch_datetime_operator.py took 0.144 seconds
[2024-08-28T10:12:25.520+0200] {processor.py:153} INFO - Started process (PID=75023) to work on /Users/roselina/opt/anaconda3/envs/python37/lib/python3.7/site-packages/airflow/example_dags/example_branch_datetime_operator.py
[2024-08-28T10:12:25.522+0200] {processor.py:743} INFO - Processing file /Users/roselina/opt/anaconda3/envs/python37/lib/python3.7/site-packages/airflow/example_dags/example_branch_datetime_operator.py for tasks to queue
[2024-08-28T10:12:25.523+0200] {logging_mixin.py:137} INFO - [2024-08-28T10:12:25.522+0200] {dagbag.py:532} INFO - Filling up the DagBag from /Users/roselina/opt/anaconda3/envs/python37/lib/python3.7/site-packages/airflow/example_dags/example_branch_datetime_operator.py
[2024-08-28T10:12:25.540+0200] {processor.py:753} INFO - DAG(s) dict_keys(['example_branch_datetime_operator_2', 'example_branch_datetime_operator_3', 'example_branch_datetime_operator']) retrieved from /Users/roselina/opt/anaconda3/envs/python37/lib/python3.7/site-packages/airflow/example_dags/example_branch_datetime_operator.py
[2024-08-28T10:12:25.568+0200] {logging_mixin.py:137} INFO - [2024-08-28T10:12:25.568+0200] {dag.py:2705} INFO - Sync 3 DAGs
[2024-08-28T10:12:25.582+0200] {logging_mixin.py:137} INFO - [2024-08-28T10:12:25.581+0200] {dag.py:3456} INFO - Setting next_dagrun for example_branch_datetime_operator to 2024-08-27T00:00:00+00:00, run_after=2024-08-28T00:00:00+00:00
[2024-08-28T10:12:25.584+0200] {logging_mixin.py:137} INFO - [2024-08-28T10:12:25.584+0200] {dag.py:3456} INFO - Setting next_dagrun for example_branch_datetime_operator_2 to 2024-08-27T00:00:00+00:00, run_after=2024-08-28T00:00:00+00:00
[2024-08-28T10:12:25.585+0200] {logging_mixin.py:137} INFO - [2024-08-28T10:12:25.585+0200] {dag.py:3456} INFO - Setting next_dagrun for example_branch_datetime_operator_3 to 2024-08-27T00:00:00+00:00, run_after=2024-08-28T00:00:00+00:00
[2024-08-28T10:12:25.595+0200] {processor.py:175} INFO - Processing /Users/roselina/opt/anaconda3/envs/python37/lib/python3.7/site-packages/airflow/example_dags/example_branch_datetime_operator.py took 0.078 seconds
[2024-08-28T10:13:07.892+0200] {processor.py:153} INFO - Started process (PID=75097) to work on /Users/roselina/opt/anaconda3/envs/python37/lib/python3.7/site-packages/airflow/example_dags/example_branch_datetime_operator.py
[2024-08-28T10:13:07.894+0200] {processor.py:743} INFO - Processing file /Users/roselina/opt/anaconda3/envs/python37/lib/python3.7/site-packages/airflow/example_dags/example_branch_datetime_operator.py for tasks to queue
[2024-08-28T10:13:07.895+0200] {logging_mixin.py:137} INFO - [2024-08-28T10:13:07.894+0200] {dagbag.py:532} INFO - Filling up the DagBag from /Users/roselina/opt/anaconda3/envs/python37/lib/python3.7/site-packages/airflow/example_dags/example_branch_datetime_operator.py
[2024-08-28T10:13:07.920+0200] {processor.py:753} INFO - DAG(s) dict_keys(['example_branch_datetime_operator', 'example_branch_datetime_operator_3', 'example_branch_datetime_operator_2']) retrieved from /Users/roselina/opt/anaconda3/envs/python37/lib/python3.7/site-packages/airflow/example_dags/example_branch_datetime_operator.py
[2024-08-28T10:13:07.942+0200] {logging_mixin.py:137} INFO - [2024-08-28T10:13:07.942+0200] {dag.py:2705} INFO - Sync 3 DAGs
[2024-08-28T10:13:07.956+0200] {logging_mixin.py:137} INFO - [2024-08-28T10:13:07.956+0200] {dag.py:3456} INFO - Setting next_dagrun for example_branch_datetime_operator to 2024-08-27T00:00:00+00:00, run_after=2024-08-28T00:00:00+00:00
[2024-08-28T10:13:07.959+0200] {logging_mixin.py:137} INFO - [2024-08-28T10:13:07.958+0200] {dag.py:3456} INFO - Setting next_dagrun for example_branch_datetime_operator_2 to 2024-08-27T00:00:00+00:00, run_after=2024-08-28T00:00:00+00:00
[2024-08-28T10:13:07.960+0200] {logging_mixin.py:137} INFO - [2024-08-28T10:13:07.960+0200] {dag.py:3456} INFO - Setting next_dagrun for example_branch_datetime_operator_3 to 2024-08-27T00:00:00+00:00, run_after=2024-08-28T00:00:00+00:00
[2024-08-28T10:13:07.970+0200] {processor.py:175} INFO - Processing /Users/roselina/opt/anaconda3/envs/python37/lib/python3.7/site-packages/airflow/example_dags/example_branch_datetime_operator.py took 0.083 seconds
[2024-08-28T10:13:48.396+0200] {processor.py:153} INFO - Started process (PID=75148) to work on /Users/roselina/opt/anaconda3/envs/python37/lib/python3.7/site-packages/airflow/example_dags/example_branch_datetime_operator.py
[2024-08-28T10:13:48.398+0200] {processor.py:743} INFO - Processing file /Users/roselina/opt/anaconda3/envs/python37/lib/python3.7/site-packages/airflow/example_dags/example_branch_datetime_operator.py for tasks to queue
[2024-08-28T10:13:48.399+0200] {logging_mixin.py:137} INFO - [2024-08-28T10:13:48.399+0200] {dagbag.py:532} INFO - Filling up the DagBag from /Users/roselina/opt/anaconda3/envs/python37/lib/python3.7/site-packages/airflow/example_dags/example_branch_datetime_operator.py
[2024-08-28T10:13:48.418+0200] {processor.py:753} INFO - DAG(s) dict_keys(['example_branch_datetime_operator', 'example_branch_datetime_operator_3', 'example_branch_datetime_operator_2']) retrieved from /Users/roselina/opt/anaconda3/envs/python37/lib/python3.7/site-packages/airflow/example_dags/example_branch_datetime_operator.py
[2024-08-28T10:13:48.440+0200] {logging_mixin.py:137} INFO - [2024-08-28T10:13:48.439+0200] {dag.py:2705} INFO - Sync 3 DAGs
[2024-08-28T10:13:48.454+0200] {logging_mixin.py:137} INFO - [2024-08-28T10:13:48.454+0200] {dag.py:3456} INFO - Setting next_dagrun for example_branch_datetime_operator to 2024-08-27T00:00:00+00:00, run_after=2024-08-28T00:00:00+00:00
[2024-08-28T10:13:48.457+0200] {logging_mixin.py:137} INFO - [2024-08-28T10:13:48.457+0200] {dag.py:3456} INFO - Setting next_dagrun for example_branch_datetime_operator_2 to 2024-08-27T00:00:00+00:00, run_after=2024-08-28T00:00:00+00:00
[2024-08-28T10:13:48.458+0200] {logging_mixin.py:137} INFO - [2024-08-28T10:13:48.458+0200] {dag.py:3456} INFO - Setting next_dagrun for example_branch_datetime_operator_3 to 2024-08-27T00:00:00+00:00, run_after=2024-08-28T00:00:00+00:00
[2024-08-28T10:13:48.468+0200] {processor.py:175} INFO - Processing /Users/roselina/opt/anaconda3/envs/python37/lib/python3.7/site-packages/airflow/example_dags/example_branch_datetime_operator.py took 0.074 seconds
[2024-08-28T10:14:32.293+0200] {processor.py:153} INFO - Started process (PID=75223) to work on /Users/roselina/opt/anaconda3/envs/python37/lib/python3.7/site-packages/airflow/example_dags/example_branch_datetime_operator.py
[2024-08-28T10:14:32.295+0200] {processor.py:743} INFO - Processing file /Users/roselina/opt/anaconda3/envs/python37/lib/python3.7/site-packages/airflow/example_dags/example_branch_datetime_operator.py for tasks to queue
[2024-08-28T10:14:32.297+0200] {logging_mixin.py:137} INFO - [2024-08-28T10:14:32.296+0200] {dagbag.py:532} INFO - Filling up the DagBag from /Users/roselina/opt/anaconda3/envs/python37/lib/python3.7/site-packages/airflow/example_dags/example_branch_datetime_operator.py
[2024-08-28T10:14:32.319+0200] {processor.py:753} INFO - DAG(s) dict_keys(['example_branch_datetime_operator_3', 'example_branch_datetime_operator', 'example_branch_datetime_operator_2']) retrieved from /Users/roselina/opt/anaconda3/envs/python37/lib/python3.7/site-packages/airflow/example_dags/example_branch_datetime_operator.py
[2024-08-28T10:14:32.342+0200] {logging_mixin.py:137} INFO - [2024-08-28T10:14:32.342+0200] {dag.py:2705} INFO - Sync 3 DAGs
[2024-08-28T10:14:32.358+0200] {logging_mixin.py:137} INFO - [2024-08-28T10:14:32.358+0200] {dag.py:3456} INFO - Setting next_dagrun for example_branch_datetime_operator to 2024-08-27T00:00:00+00:00, run_after=2024-08-28T00:00:00+00:00
[2024-08-28T10:14:32.361+0200] {logging_mixin.py:137} INFO - [2024-08-28T10:14:32.360+0200] {dag.py:3456} INFO - Setting next_dagrun for example_branch_datetime_operator_2 to 2024-08-27T00:00:00+00:00, run_after=2024-08-28T00:00:00+00:00
[2024-08-28T10:14:32.362+0200] {logging_mixin.py:137} INFO - [2024-08-28T10:14:32.362+0200] {dag.py:3456} INFO - Setting next_dagrun for example_branch_datetime_operator_3 to 2024-08-27T00:00:00+00:00, run_after=2024-08-28T00:00:00+00:00
[2024-08-28T10:14:32.373+0200] {processor.py:175} INFO - Processing /Users/roselina/opt/anaconda3/envs/python37/lib/python3.7/site-packages/airflow/example_dags/example_branch_datetime_operator.py took 0.086 seconds
[2024-08-28T10:15:13.747+0200] {processor.py:153} INFO - Started process (PID=75267) to work on /Users/roselina/opt/anaconda3/envs/python37/lib/python3.7/site-packages/airflow/example_dags/example_branch_datetime_operator.py
[2024-08-28T10:15:13.749+0200] {processor.py:743} INFO - Processing file /Users/roselina/opt/anaconda3/envs/python37/lib/python3.7/site-packages/airflow/example_dags/example_branch_datetime_operator.py for tasks to queue
[2024-08-28T10:15:13.750+0200] {logging_mixin.py:137} INFO - [2024-08-28T10:15:13.750+0200] {dagbag.py:532} INFO - Filling up the DagBag from /Users/roselina/opt/anaconda3/envs/python37/lib/python3.7/site-packages/airflow/example_dags/example_branch_datetime_operator.py
[2024-08-28T10:15:13.772+0200] {processor.py:753} INFO - DAG(s) dict_keys(['example_branch_datetime_operator', 'example_branch_datetime_operator_2', 'example_branch_datetime_operator_3']) retrieved from /Users/roselina/opt/anaconda3/envs/python37/lib/python3.7/site-packages/airflow/example_dags/example_branch_datetime_operator.py
[2024-08-28T10:15:13.792+0200] {logging_mixin.py:137} INFO - [2024-08-28T10:15:13.791+0200] {dag.py:2705} INFO - Sync 3 DAGs
[2024-08-28T10:15:13.805+0200] {logging_mixin.py:137} INFO - [2024-08-28T10:15:13.804+0200] {dag.py:3456} INFO - Setting next_dagrun for example_branch_datetime_operator to 2024-08-27T00:00:00+00:00, run_after=2024-08-28T00:00:00+00:00
[2024-08-28T10:15:13.807+0200] {logging_mixin.py:137} INFO - [2024-08-28T10:15:13.807+0200] {dag.py:3456} INFO - Setting next_dagrun for example_branch_datetime_operator_2 to 2024-08-27T00:00:00+00:00, run_after=2024-08-28T00:00:00+00:00
[2024-08-28T10:15:13.808+0200] {logging_mixin.py:137} INFO - [2024-08-28T10:15:13.808+0200] {dag.py:3456} INFO - Setting next_dagrun for example_branch_datetime_operator_3 to 2024-08-27T00:00:00+00:00, run_after=2024-08-28T00:00:00+00:00
[2024-08-28T10:15:13.817+0200] {processor.py:175} INFO - Processing /Users/roselina/opt/anaconda3/envs/python37/lib/python3.7/site-packages/airflow/example_dags/example_branch_datetime_operator.py took 0.074 seconds
[2024-08-28T10:15:54.878+0200] {processor.py:153} INFO - Started process (PID=75312) to work on /Users/roselina/opt/anaconda3/envs/python37/lib/python3.7/site-packages/airflow/example_dags/example_branch_datetime_operator.py
[2024-08-28T10:15:54.879+0200] {processor.py:743} INFO - Processing file /Users/roselina/opt/anaconda3/envs/python37/lib/python3.7/site-packages/airflow/example_dags/example_branch_datetime_operator.py for tasks to queue
[2024-08-28T10:15:54.881+0200] {logging_mixin.py:137} INFO - [2024-08-28T10:15:54.880+0200] {dagbag.py:532} INFO - Filling up the DagBag from /Users/roselina/opt/anaconda3/envs/python37/lib/python3.7/site-packages/airflow/example_dags/example_branch_datetime_operator.py
[2024-08-28T10:15:54.900+0200] {processor.py:753} INFO - DAG(s) dict_keys(['example_branch_datetime_operator_3', 'example_branch_datetime_operator', 'example_branch_datetime_operator_2']) retrieved from /Users/roselina/opt/anaconda3/envs/python37/lib/python3.7/site-packages/airflow/example_dags/example_branch_datetime_operator.py
[2024-08-28T10:15:54.918+0200] {logging_mixin.py:137} INFO - [2024-08-28T10:15:54.918+0200] {dag.py:2705} INFO - Sync 3 DAGs
[2024-08-28T10:15:54.931+0200] {logging_mixin.py:137} INFO - [2024-08-28T10:15:54.930+0200] {dag.py:3456} INFO - Setting next_dagrun for example_branch_datetime_operator to 2024-08-27T00:00:00+00:00, run_after=2024-08-28T00:00:00+00:00
[2024-08-28T10:15:54.933+0200] {logging_mixin.py:137} INFO - [2024-08-28T10:15:54.933+0200] {dag.py:3456} INFO - Setting next_dagrun for example_branch_datetime_operator_2 to 2024-08-27T00:00:00+00:00, run_after=2024-08-28T00:00:00+00:00
[2024-08-28T10:15:54.934+0200] {logging_mixin.py:137} INFO - [2024-08-28T10:15:54.934+0200] {dag.py:3456} INFO - Setting next_dagrun for example_branch_datetime_operator_3 to 2024-08-27T00:00:00+00:00, run_after=2024-08-28T00:00:00+00:00
[2024-08-28T10:15:54.943+0200] {processor.py:175} INFO - Processing /Users/roselina/opt/anaconda3/envs/python37/lib/python3.7/site-packages/airflow/example_dags/example_branch_datetime_operator.py took 0.069 seconds
[2024-08-28T10:16:33.872+0200] {processor.py:153} INFO - Started process (PID=75356) to work on /Users/roselina/opt/anaconda3/envs/python37/lib/python3.7/site-packages/airflow/example_dags/example_branch_datetime_operator.py
[2024-08-28T10:16:33.874+0200] {processor.py:743} INFO - Processing file /Users/roselina/opt/anaconda3/envs/python37/lib/python3.7/site-packages/airflow/example_dags/example_branch_datetime_operator.py for tasks to queue
[2024-08-28T10:16:33.875+0200] {logging_mixin.py:137} INFO - [2024-08-28T10:16:33.875+0200] {dagbag.py:532} INFO - Filling up the DagBag from /Users/roselina/opt/anaconda3/envs/python37/lib/python3.7/site-packages/airflow/example_dags/example_branch_datetime_operator.py
[2024-08-28T10:16:33.896+0200] {processor.py:753} INFO - DAG(s) dict_keys(['example_branch_datetime_operator_3', 'example_branch_datetime_operator_2', 'example_branch_datetime_operator']) retrieved from /Users/roselina/opt/anaconda3/envs/python37/lib/python3.7/site-packages/airflow/example_dags/example_branch_datetime_operator.py
[2024-08-28T10:16:33.915+0200] {logging_mixin.py:137} INFO - [2024-08-28T10:16:33.915+0200] {dag.py:2705} INFO - Sync 3 DAGs
[2024-08-28T10:16:33.928+0200] {logging_mixin.py:137} INFO - [2024-08-28T10:16:33.928+0200] {dag.py:3456} INFO - Setting next_dagrun for example_branch_datetime_operator to 2024-08-27T00:00:00+00:00, run_after=2024-08-28T00:00:00+00:00
[2024-08-28T10:16:33.930+0200] {logging_mixin.py:137} INFO - [2024-08-28T10:16:33.930+0200] {dag.py:3456} INFO - Setting next_dagrun for example_branch_datetime_operator_2 to 2024-08-27T00:00:00+00:00, run_after=2024-08-28T00:00:00+00:00
[2024-08-28T10:16:33.932+0200] {logging_mixin.py:137} INFO - [2024-08-28T10:16:33.931+0200] {dag.py:3456} INFO - Setting next_dagrun for example_branch_datetime_operator_3 to 2024-08-27T00:00:00+00:00, run_after=2024-08-28T00:00:00+00:00
[2024-08-28T10:16:33.940+0200] {processor.py:175} INFO - Processing /Users/roselina/opt/anaconda3/envs/python37/lib/python3.7/site-packages/airflow/example_dags/example_branch_datetime_operator.py took 0.072 seconds
[2024-08-28T10:17:16.193+0200] {processor.py:153} INFO - Started process (PID=75402) to work on /Users/roselina/opt/anaconda3/envs/python37/lib/python3.7/site-packages/airflow/example_dags/example_branch_datetime_operator.py
[2024-08-28T10:17:16.195+0200] {processor.py:743} INFO - Processing file /Users/roselina/opt/anaconda3/envs/python37/lib/python3.7/site-packages/airflow/example_dags/example_branch_datetime_operator.py for tasks to queue
[2024-08-28T10:17:16.196+0200] {logging_mixin.py:137} INFO - [2024-08-28T10:17:16.196+0200] {dagbag.py:532} INFO - Filling up the DagBag from /Users/roselina/opt/anaconda3/envs/python37/lib/python3.7/site-packages/airflow/example_dags/example_branch_datetime_operator.py
[2024-08-28T10:17:16.215+0200] {processor.py:753} INFO - DAG(s) dict_keys(['example_branch_datetime_operator', 'example_branch_datetime_operator_2', 'example_branch_datetime_operator_3']) retrieved from /Users/roselina/opt/anaconda3/envs/python37/lib/python3.7/site-packages/airflow/example_dags/example_branch_datetime_operator.py
[2024-08-28T10:17:16.232+0200] {logging_mixin.py:137} INFO - [2024-08-28T10:17:16.232+0200] {dag.py:2705} INFO - Sync 3 DAGs
[2024-08-28T10:17:16.245+0200] {logging_mixin.py:137} INFO - [2024-08-28T10:17:16.244+0200] {dag.py:3456} INFO - Setting next_dagrun for example_branch_datetime_operator to 2024-08-27T00:00:00+00:00, run_after=2024-08-28T00:00:00+00:00
[2024-08-28T10:17:16.248+0200] {logging_mixin.py:137} INFO - [2024-08-28T10:17:16.247+0200] {dag.py:3456} INFO - Setting next_dagrun for example_branch_datetime_operator_2 to 2024-08-27T00:00:00+00:00, run_after=2024-08-28T00:00:00+00:00
[2024-08-28T10:17:16.249+0200] {logging_mixin.py:137} INFO - [2024-08-28T10:17:16.249+0200] {dag.py:3456} INFO - Setting next_dagrun for example_branch_datetime_operator_3 to 2024-08-27T00:00:00+00:00, run_after=2024-08-28T00:00:00+00:00
[2024-08-28T10:17:16.260+0200] {processor.py:175} INFO - Processing /Users/roselina/opt/anaconda3/envs/python37/lib/python3.7/site-packages/airflow/example_dags/example_branch_datetime_operator.py took 0.071 seconds
[2024-08-28T10:34:40.863+0200] {processor.py:153} INFO - Started process (PID=75477) to work on /Users/roselina/opt/anaconda3/envs/python37/lib/python3.7/site-packages/airflow/example_dags/example_branch_datetime_operator.py
[2024-08-28T10:34:40.865+0200] {processor.py:743} INFO - Processing file /Users/roselina/opt/anaconda3/envs/python37/lib/python3.7/site-packages/airflow/example_dags/example_branch_datetime_operator.py for tasks to queue
[2024-08-28T10:34:40.866+0200] {logging_mixin.py:137} INFO - [2024-08-28T10:34:40.866+0200] {dagbag.py:532} INFO - Filling up the DagBag from /Users/roselina/opt/anaconda3/envs/python37/lib/python3.7/site-packages/airflow/example_dags/example_branch_datetime_operator.py
[2024-08-28T10:34:40.885+0200] {processor.py:753} INFO - DAG(s) dict_keys(['example_branch_datetime_operator_2', 'example_branch_datetime_operator', 'example_branch_datetime_operator_3']) retrieved from /Users/roselina/opt/anaconda3/envs/python37/lib/python3.7/site-packages/airflow/example_dags/example_branch_datetime_operator.py
[2024-08-28T10:34:40.903+0200] {logging_mixin.py:137} INFO - [2024-08-28T10:34:40.902+0200] {dag.py:2705} INFO - Sync 3 DAGs
[2024-08-28T10:34:40.916+0200] {logging_mixin.py:137} INFO - [2024-08-28T10:34:40.916+0200] {dag.py:3456} INFO - Setting next_dagrun for example_branch_datetime_operator to 2024-08-27T00:00:00+00:00, run_after=2024-08-28T00:00:00+00:00
[2024-08-28T10:34:40.918+0200] {logging_mixin.py:137} INFO - [2024-08-28T10:34:40.918+0200] {dag.py:3456} INFO - Setting next_dagrun for example_branch_datetime_operator_2 to 2024-08-27T00:00:00+00:00, run_after=2024-08-28T00:00:00+00:00
[2024-08-28T10:34:40.920+0200] {logging_mixin.py:137} INFO - [2024-08-28T10:34:40.919+0200] {dag.py:3456} INFO - Setting next_dagrun for example_branch_datetime_operator_3 to 2024-08-27T00:00:00+00:00, run_after=2024-08-28T00:00:00+00:00
[2024-08-28T10:34:40.928+0200] {processor.py:175} INFO - Processing /Users/roselina/opt/anaconda3/envs/python37/lib/python3.7/site-packages/airflow/example_dags/example_branch_datetime_operator.py took 0.070 seconds
[2024-08-28T10:44:20.272+0200] {processor.py:153} INFO - Started process (PID=75555) to work on /Users/roselina/opt/anaconda3/envs/python37/lib/python3.7/site-packages/airflow/example_dags/example_branch_datetime_operator.py
[2024-08-28T10:44:20.274+0200] {processor.py:743} INFO - Processing file /Users/roselina/opt/anaconda3/envs/python37/lib/python3.7/site-packages/airflow/example_dags/example_branch_datetime_operator.py for tasks to queue
[2024-08-28T10:44:20.275+0200] {logging_mixin.py:137} INFO - [2024-08-28T10:44:20.274+0200] {dagbag.py:532} INFO - Filling up the DagBag from /Users/roselina/opt/anaconda3/envs/python37/lib/python3.7/site-packages/airflow/example_dags/example_branch_datetime_operator.py
[2024-08-28T10:44:20.294+0200] {processor.py:753} INFO - DAG(s) dict_keys(['example_branch_datetime_operator_3', 'example_branch_datetime_operator_2', 'example_branch_datetime_operator']) retrieved from /Users/roselina/opt/anaconda3/envs/python37/lib/python3.7/site-packages/airflow/example_dags/example_branch_datetime_operator.py
[2024-08-28T10:44:20.315+0200] {logging_mixin.py:137} INFO - [2024-08-28T10:44:20.314+0200] {dag.py:2705} INFO - Sync 3 DAGs
[2024-08-28T10:44:20.329+0200] {logging_mixin.py:137} INFO - [2024-08-28T10:44:20.329+0200] {dag.py:3456} INFO - Setting next_dagrun for example_branch_datetime_operator to 2024-08-27T00:00:00+00:00, run_after=2024-08-28T00:00:00+00:00
[2024-08-28T10:44:20.332+0200] {logging_mixin.py:137} INFO - [2024-08-28T10:44:20.332+0200] {dag.py:3456} INFO - Setting next_dagrun for example_branch_datetime_operator_2 to 2024-08-27T00:00:00+00:00, run_after=2024-08-28T00:00:00+00:00
[2024-08-28T10:44:20.334+0200] {logging_mixin.py:137} INFO - [2024-08-28T10:44:20.333+0200] {dag.py:3456} INFO - Setting next_dagrun for example_branch_datetime_operator_3 to 2024-08-27T00:00:00+00:00, run_after=2024-08-28T00:00:00+00:00
[2024-08-28T10:44:20.344+0200] {processor.py:175} INFO - Processing /Users/roselina/opt/anaconda3/envs/python37/lib/python3.7/site-packages/airflow/example_dags/example_branch_datetime_operator.py took 0.076 seconds
[2024-08-28T10:45:01.911+0200] {processor.py:153} INFO - Started process (PID=75617) to work on /Users/roselina/opt/anaconda3/envs/python37/lib/python3.7/site-packages/airflow/example_dags/example_branch_datetime_operator.py
[2024-08-28T10:45:01.912+0200] {processor.py:743} INFO - Processing file /Users/roselina/opt/anaconda3/envs/python37/lib/python3.7/site-packages/airflow/example_dags/example_branch_datetime_operator.py for tasks to queue
[2024-08-28T10:45:01.913+0200] {logging_mixin.py:137} INFO - [2024-08-28T10:45:01.913+0200] {dagbag.py:532} INFO - Filling up the DagBag from /Users/roselina/opt/anaconda3/envs/python37/lib/python3.7/site-packages/airflow/example_dags/example_branch_datetime_operator.py
[2024-08-28T10:45:01.925+0200] {processor.py:753} INFO - DAG(s) dict_keys(['example_branch_datetime_operator_2', 'example_branch_datetime_operator', 'example_branch_datetime_operator_3']) retrieved from /Users/roselina/opt/anaconda3/envs/python37/lib/python3.7/site-packages/airflow/example_dags/example_branch_datetime_operator.py
[2024-08-28T10:45:01.941+0200] {logging_mixin.py:137} INFO - [2024-08-28T10:45:01.941+0200] {dag.py:2705} INFO - Sync 3 DAGs
[2024-08-28T10:45:01.954+0200] {logging_mixin.py:137} INFO - [2024-08-28T10:45:01.954+0200] {dag.py:3456} INFO - Setting next_dagrun for example_branch_datetime_operator to 2024-08-27T00:00:00+00:00, run_after=2024-08-28T00:00:00+00:00
[2024-08-28T10:45:01.957+0200] {logging_mixin.py:137} INFO - [2024-08-28T10:45:01.957+0200] {dag.py:3456} INFO - Setting next_dagrun for example_branch_datetime_operator_2 to 2024-08-27T00:00:00+00:00, run_after=2024-08-28T00:00:00+00:00
[2024-08-28T10:45:01.958+0200] {logging_mixin.py:137} INFO - [2024-08-28T10:45:01.958+0200] {dag.py:3456} INFO - Setting next_dagrun for example_branch_datetime_operator_3 to 2024-08-27T00:00:00+00:00, run_after=2024-08-28T00:00:00+00:00
[2024-08-28T10:45:01.968+0200] {processor.py:175} INFO - Processing /Users/roselina/opt/anaconda3/envs/python37/lib/python3.7/site-packages/airflow/example_dags/example_branch_datetime_operator.py took 0.059 seconds
[2024-08-28T10:45:43.267+0200] {processor.py:153} INFO - Started process (PID=75663) to work on /Users/roselina/opt/anaconda3/envs/python37/lib/python3.7/site-packages/airflow/example_dags/example_branch_datetime_operator.py
[2024-08-28T10:45:43.268+0200] {processor.py:743} INFO - Processing file /Users/roselina/opt/anaconda3/envs/python37/lib/python3.7/site-packages/airflow/example_dags/example_branch_datetime_operator.py for tasks to queue
[2024-08-28T10:45:43.270+0200] {logging_mixin.py:137} INFO - [2024-08-28T10:45:43.269+0200] {dagbag.py:532} INFO - Filling up the DagBag from /Users/roselina/opt/anaconda3/envs/python37/lib/python3.7/site-packages/airflow/example_dags/example_branch_datetime_operator.py
[2024-08-28T10:45:43.292+0200] {processor.py:753} INFO - DAG(s) dict_keys(['example_branch_datetime_operator_2', 'example_branch_datetime_operator', 'example_branch_datetime_operator_3']) retrieved from /Users/roselina/opt/anaconda3/envs/python37/lib/python3.7/site-packages/airflow/example_dags/example_branch_datetime_operator.py
[2024-08-28T10:45:43.312+0200] {logging_mixin.py:137} INFO - [2024-08-28T10:45:43.312+0200] {dag.py:2705} INFO - Sync 3 DAGs
[2024-08-28T10:45:43.325+0200] {logging_mixin.py:137} INFO - [2024-08-28T10:45:43.325+0200] {dag.py:3456} INFO - Setting next_dagrun for example_branch_datetime_operator to 2024-08-27T00:00:00+00:00, run_after=2024-08-28T00:00:00+00:00
[2024-08-28T10:45:43.328+0200] {logging_mixin.py:137} INFO - [2024-08-28T10:45:43.328+0200] {dag.py:3456} INFO - Setting next_dagrun for example_branch_datetime_operator_2 to 2024-08-27T00:00:00+00:00, run_after=2024-08-28T00:00:00+00:00
[2024-08-28T10:45:43.329+0200] {logging_mixin.py:137} INFO - [2024-08-28T10:45:43.329+0200] {dag.py:3456} INFO - Setting next_dagrun for example_branch_datetime_operator_3 to 2024-08-27T00:00:00+00:00, run_after=2024-08-28T00:00:00+00:00
[2024-08-28T10:45:43.339+0200] {processor.py:175} INFO - Processing /Users/roselina/opt/anaconda3/envs/python37/lib/python3.7/site-packages/airflow/example_dags/example_branch_datetime_operator.py took 0.077 seconds
[2024-08-28T10:46:24.571+0200] {processor.py:153} INFO - Started process (PID=75709) to work on /Users/roselina/opt/anaconda3/envs/python37/lib/python3.7/site-packages/airflow/example_dags/example_branch_datetime_operator.py
[2024-08-28T10:46:24.573+0200] {processor.py:743} INFO - Processing file /Users/roselina/opt/anaconda3/envs/python37/lib/python3.7/site-packages/airflow/example_dags/example_branch_datetime_operator.py for tasks to queue
[2024-08-28T10:46:24.574+0200] {logging_mixin.py:137} INFO - [2024-08-28T10:46:24.573+0200] {dagbag.py:532} INFO - Filling up the DagBag from /Users/roselina/opt/anaconda3/envs/python37/lib/python3.7/site-packages/airflow/example_dags/example_branch_datetime_operator.py
[2024-08-28T10:46:24.595+0200] {processor.py:753} INFO - DAG(s) dict_keys(['example_branch_datetime_operator', 'example_branch_datetime_operator_2', 'example_branch_datetime_operator_3']) retrieved from /Users/roselina/opt/anaconda3/envs/python37/lib/python3.7/site-packages/airflow/example_dags/example_branch_datetime_operator.py
[2024-08-28T10:46:24.615+0200] {logging_mixin.py:137} INFO - [2024-08-28T10:46:24.615+0200] {dag.py:2705} INFO - Sync 3 DAGs
[2024-08-28T10:46:24.629+0200] {logging_mixin.py:137} INFO - [2024-08-28T10:46:24.628+0200] {dag.py:3456} INFO - Setting next_dagrun for example_branch_datetime_operator to 2024-08-27T00:00:00+00:00, run_after=2024-08-28T00:00:00+00:00
[2024-08-28T10:46:24.631+0200] {logging_mixin.py:137} INFO - [2024-08-28T10:46:24.631+0200] {dag.py:3456} INFO - Setting next_dagrun for example_branch_datetime_operator_2 to 2024-08-27T00:00:00+00:00, run_after=2024-08-28T00:00:00+00:00
[2024-08-28T10:46:24.633+0200] {logging_mixin.py:137} INFO - [2024-08-28T10:46:24.632+0200] {dag.py:3456} INFO - Setting next_dagrun for example_branch_datetime_operator_3 to 2024-08-27T00:00:00+00:00, run_after=2024-08-28T00:00:00+00:00
[2024-08-28T10:46:24.642+0200] {processor.py:175} INFO - Processing /Users/roselina/opt/anaconda3/envs/python37/lib/python3.7/site-packages/airflow/example_dags/example_branch_datetime_operator.py took 0.076 seconds
[2024-08-28T10:47:05.802+0200] {processor.py:153} INFO - Started process (PID=75762) to work on /Users/roselina/opt/anaconda3/envs/python37/lib/python3.7/site-packages/airflow/example_dags/example_branch_datetime_operator.py
[2024-08-28T10:47:05.804+0200] {processor.py:743} INFO - Processing file /Users/roselina/opt/anaconda3/envs/python37/lib/python3.7/site-packages/airflow/example_dags/example_branch_datetime_operator.py for tasks to queue
[2024-08-28T10:47:05.806+0200] {logging_mixin.py:137} INFO - [2024-08-28T10:47:05.805+0200] {dagbag.py:532} INFO - Filling up the DagBag from /Users/roselina/opt/anaconda3/envs/python37/lib/python3.7/site-packages/airflow/example_dags/example_branch_datetime_operator.py
[2024-08-28T10:47:05.827+0200] {processor.py:753} INFO - DAG(s) dict_keys(['example_branch_datetime_operator_2', 'example_branch_datetime_operator_3', 'example_branch_datetime_operator']) retrieved from /Users/roselina/opt/anaconda3/envs/python37/lib/python3.7/site-packages/airflow/example_dags/example_branch_datetime_operator.py
[2024-08-28T10:47:05.846+0200] {logging_mixin.py:137} INFO - [2024-08-28T10:47:05.846+0200] {dag.py:2705} INFO - Sync 3 DAGs
[2024-08-28T10:47:05.859+0200] {logging_mixin.py:137} INFO - [2024-08-28T10:47:05.859+0200] {dag.py:3456} INFO - Setting next_dagrun for example_branch_datetime_operator to 2024-08-27T00:00:00+00:00, run_after=2024-08-28T00:00:00+00:00
[2024-08-28T10:47:05.861+0200] {logging_mixin.py:137} INFO - [2024-08-28T10:47:05.861+0200] {dag.py:3456} INFO - Setting next_dagrun for example_branch_datetime_operator_2 to 2024-08-27T00:00:00+00:00, run_after=2024-08-28T00:00:00+00:00
[2024-08-28T10:47:05.863+0200] {logging_mixin.py:137} INFO - [2024-08-28T10:47:05.862+0200] {dag.py:3456} INFO - Setting next_dagrun for example_branch_datetime_operator_3 to 2024-08-27T00:00:00+00:00, run_after=2024-08-28T00:00:00+00:00
[2024-08-28T10:47:05.871+0200] {processor.py:175} INFO - Processing /Users/roselina/opt/anaconda3/envs/python37/lib/python3.7/site-packages/airflow/example_dags/example_branch_datetime_operator.py took 0.074 seconds
[2024-08-28T10:47:47.274+0200] {processor.py:153} INFO - Started process (PID=75812) to work on /Users/roselina/opt/anaconda3/envs/python37/lib/python3.7/site-packages/airflow/example_dags/example_branch_datetime_operator.py
[2024-08-28T10:47:47.275+0200] {processor.py:743} INFO - Processing file /Users/roselina/opt/anaconda3/envs/python37/lib/python3.7/site-packages/airflow/example_dags/example_branch_datetime_operator.py for tasks to queue
[2024-08-28T10:47:47.276+0200] {logging_mixin.py:137} INFO - [2024-08-28T10:47:47.275+0200] {dagbag.py:532} INFO - Filling up the DagBag from /Users/roselina/opt/anaconda3/envs/python37/lib/python3.7/site-packages/airflow/example_dags/example_branch_datetime_operator.py
[2024-08-28T10:47:47.287+0200] {processor.py:753} INFO - DAG(s) dict_keys(['example_branch_datetime_operator_3', 'example_branch_datetime_operator', 'example_branch_datetime_operator_2']) retrieved from /Users/roselina/opt/anaconda3/envs/python37/lib/python3.7/site-packages/airflow/example_dags/example_branch_datetime_operator.py
[2024-08-28T10:47:47.303+0200] {logging_mixin.py:137} INFO - [2024-08-28T10:47:47.303+0200] {dag.py:2705} INFO - Sync 3 DAGs
[2024-08-28T10:47:47.315+0200] {logging_mixin.py:137} INFO - [2024-08-28T10:47:47.315+0200] {dag.py:3456} INFO - Setting next_dagrun for example_branch_datetime_operator to 2024-08-27T00:00:00+00:00, run_after=2024-08-28T00:00:00+00:00
[2024-08-28T10:47:47.317+0200] {logging_mixin.py:137} INFO - [2024-08-28T10:47:47.317+0200] {dag.py:3456} INFO - Setting next_dagrun for example_branch_datetime_operator_2 to 2024-08-27T00:00:00+00:00, run_after=2024-08-28T00:00:00+00:00
[2024-08-28T10:47:47.319+0200] {logging_mixin.py:137} INFO - [2024-08-28T10:47:47.318+0200] {dag.py:3456} INFO - Setting next_dagrun for example_branch_datetime_operator_3 to 2024-08-27T00:00:00+00:00, run_after=2024-08-28T00:00:00+00:00
[2024-08-28T10:47:47.327+0200] {processor.py:175} INFO - Processing /Users/roselina/opt/anaconda3/envs/python37/lib/python3.7/site-packages/airflow/example_dags/example_branch_datetime_operator.py took 0.055 seconds
[2024-08-28T10:48:28.525+0200] {processor.py:153} INFO - Started process (PID=75878) to work on /Users/roselina/opt/anaconda3/envs/python37/lib/python3.7/site-packages/airflow/example_dags/example_branch_datetime_operator.py
[2024-08-28T10:48:28.526+0200] {processor.py:743} INFO - Processing file /Users/roselina/opt/anaconda3/envs/python37/lib/python3.7/site-packages/airflow/example_dags/example_branch_datetime_operator.py for tasks to queue
[2024-08-28T10:48:28.527+0200] {logging_mixin.py:137} INFO - [2024-08-28T10:48:28.527+0200] {dagbag.py:532} INFO - Filling up the DagBag from /Users/roselina/opt/anaconda3/envs/python37/lib/python3.7/site-packages/airflow/example_dags/example_branch_datetime_operator.py
[2024-08-28T10:48:28.545+0200] {processor.py:753} INFO - DAG(s) dict_keys(['example_branch_datetime_operator_3', 'example_branch_datetime_operator_2', 'example_branch_datetime_operator']) retrieved from /Users/roselina/opt/anaconda3/envs/python37/lib/python3.7/site-packages/airflow/example_dags/example_branch_datetime_operator.py
[2024-08-28T10:48:28.563+0200] {logging_mixin.py:137} INFO - [2024-08-28T10:48:28.562+0200] {dag.py:2705} INFO - Sync 3 DAGs
[2024-08-28T10:48:28.576+0200] {logging_mixin.py:137} INFO - [2024-08-28T10:48:28.576+0200] {dag.py:3456} INFO - Setting next_dagrun for example_branch_datetime_operator to 2024-08-27T00:00:00+00:00, run_after=2024-08-28T00:00:00+00:00
[2024-08-28T10:48:28.578+0200] {logging_mixin.py:137} INFO - [2024-08-28T10:48:28.578+0200] {dag.py:3456} INFO - Setting next_dagrun for example_branch_datetime_operator_2 to 2024-08-27T00:00:00+00:00, run_after=2024-08-28T00:00:00+00:00
[2024-08-28T10:48:28.580+0200] {logging_mixin.py:137} INFO - [2024-08-28T10:48:28.579+0200] {dag.py:3456} INFO - Setting next_dagrun for example_branch_datetime_operator_3 to 2024-08-27T00:00:00+00:00, run_after=2024-08-28T00:00:00+00:00
[2024-08-28T10:48:28.589+0200] {processor.py:175} INFO - Processing /Users/roselina/opt/anaconda3/envs/python37/lib/python3.7/site-packages/airflow/example_dags/example_branch_datetime_operator.py took 0.067 seconds
[2024-08-28T10:49:10.033+0200] {processor.py:153} INFO - Started process (PID=75931) to work on /Users/roselina/opt/anaconda3/envs/python37/lib/python3.7/site-packages/airflow/example_dags/example_branch_datetime_operator.py
[2024-08-28T10:49:10.035+0200] {processor.py:743} INFO - Processing file /Users/roselina/opt/anaconda3/envs/python37/lib/python3.7/site-packages/airflow/example_dags/example_branch_datetime_operator.py for tasks to queue
[2024-08-28T10:49:10.037+0200] {logging_mixin.py:137} INFO - [2024-08-28T10:49:10.036+0200] {dagbag.py:532} INFO - Filling up the DagBag from /Users/roselina/opt/anaconda3/envs/python37/lib/python3.7/site-packages/airflow/example_dags/example_branch_datetime_operator.py
[2024-08-28T10:49:10.057+0200] {processor.py:753} INFO - DAG(s) dict_keys(['example_branch_datetime_operator', 'example_branch_datetime_operator_2', 'example_branch_datetime_operator_3']) retrieved from /Users/roselina/opt/anaconda3/envs/python37/lib/python3.7/site-packages/airflow/example_dags/example_branch_datetime_operator.py
[2024-08-28T10:49:10.075+0200] {logging_mixin.py:137} INFO - [2024-08-28T10:49:10.075+0200] {dag.py:2705} INFO - Sync 3 DAGs
[2024-08-28T10:49:10.089+0200] {logging_mixin.py:137} INFO - [2024-08-28T10:49:10.088+0200] {dag.py:3456} INFO - Setting next_dagrun for example_branch_datetime_operator to 2024-08-27T00:00:00+00:00, run_after=2024-08-28T00:00:00+00:00
[2024-08-28T10:49:10.091+0200] {logging_mixin.py:137} INFO - [2024-08-28T10:49:10.091+0200] {dag.py:3456} INFO - Setting next_dagrun for example_branch_datetime_operator_2 to 2024-08-27T00:00:00+00:00, run_after=2024-08-28T00:00:00+00:00
[2024-08-28T10:49:10.092+0200] {logging_mixin.py:137} INFO - [2024-08-28T10:49:10.092+0200] {dag.py:3456} INFO - Setting next_dagrun for example_branch_datetime_operator_3 to 2024-08-27T00:00:00+00:00, run_after=2024-08-28T00:00:00+00:00
[2024-08-28T10:49:10.101+0200] {processor.py:175} INFO - Processing /Users/roselina/opt/anaconda3/envs/python37/lib/python3.7/site-packages/airflow/example_dags/example_branch_datetime_operator.py took 0.072 seconds
[2024-08-28T10:49:51.396+0200] {processor.py:153} INFO - Started process (PID=75977) to work on /Users/roselina/opt/anaconda3/envs/python37/lib/python3.7/site-packages/airflow/example_dags/example_branch_datetime_operator.py
[2024-08-28T10:49:51.397+0200] {processor.py:743} INFO - Processing file /Users/roselina/opt/anaconda3/envs/python37/lib/python3.7/site-packages/airflow/example_dags/example_branch_datetime_operator.py for tasks to queue
[2024-08-28T10:49:51.398+0200] {logging_mixin.py:137} INFO - [2024-08-28T10:49:51.398+0200] {dagbag.py:532} INFO - Filling up the DagBag from /Users/roselina/opt/anaconda3/envs/python37/lib/python3.7/site-packages/airflow/example_dags/example_branch_datetime_operator.py
[2024-08-28T10:49:51.418+0200] {processor.py:753} INFO - DAG(s) dict_keys(['example_branch_datetime_operator_3', 'example_branch_datetime_operator', 'example_branch_datetime_operator_2']) retrieved from /Users/roselina/opt/anaconda3/envs/python37/lib/python3.7/site-packages/airflow/example_dags/example_branch_datetime_operator.py
[2024-08-28T10:49:51.434+0200] {logging_mixin.py:137} INFO - [2024-08-28T10:49:51.434+0200] {dag.py:2705} INFO - Sync 3 DAGs
[2024-08-28T10:49:51.448+0200] {logging_mixin.py:137} INFO - [2024-08-28T10:49:51.448+0200] {dag.py:3456} INFO - Setting next_dagrun for example_branch_datetime_operator to 2024-08-27T00:00:00+00:00, run_after=2024-08-28T00:00:00+00:00
[2024-08-28T10:49:51.451+0200] {logging_mixin.py:137} INFO - [2024-08-28T10:49:51.450+0200] {dag.py:3456} INFO - Setting next_dagrun for example_branch_datetime_operator_2 to 2024-08-27T00:00:00+00:00, run_after=2024-08-28T00:00:00+00:00
[2024-08-28T10:49:51.452+0200] {logging_mixin.py:137} INFO - [2024-08-28T10:49:51.452+0200] {dag.py:3456} INFO - Setting next_dagrun for example_branch_datetime_operator_3 to 2024-08-27T00:00:00+00:00, run_after=2024-08-28T00:00:00+00:00
[2024-08-28T10:49:51.461+0200] {processor.py:175} INFO - Processing /Users/roselina/opt/anaconda3/envs/python37/lib/python3.7/site-packages/airflow/example_dags/example_branch_datetime_operator.py took 0.069 seconds
[2024-08-28T10:50:32.692+0200] {processor.py:153} INFO - Started process (PID=76021) to work on /Users/roselina/opt/anaconda3/envs/python37/lib/python3.7/site-packages/airflow/example_dags/example_branch_datetime_operator.py
[2024-08-28T10:50:32.694+0200] {processor.py:743} INFO - Processing file /Users/roselina/opt/anaconda3/envs/python37/lib/python3.7/site-packages/airflow/example_dags/example_branch_datetime_operator.py for tasks to queue
[2024-08-28T10:50:32.695+0200] {logging_mixin.py:137} INFO - [2024-08-28T10:50:32.695+0200] {dagbag.py:532} INFO - Filling up the DagBag from /Users/roselina/opt/anaconda3/envs/python37/lib/python3.7/site-packages/airflow/example_dags/example_branch_datetime_operator.py
[2024-08-28T10:50:32.716+0200] {processor.py:753} INFO - DAG(s) dict_keys(['example_branch_datetime_operator', 'example_branch_datetime_operator_2', 'example_branch_datetime_operator_3']) retrieved from /Users/roselina/opt/anaconda3/envs/python37/lib/python3.7/site-packages/airflow/example_dags/example_branch_datetime_operator.py
[2024-08-28T10:50:32.736+0200] {logging_mixin.py:137} INFO - [2024-08-28T10:50:32.735+0200] {dag.py:2705} INFO - Sync 3 DAGs
[2024-08-28T10:50:32.750+0200] {logging_mixin.py:137} INFO - [2024-08-28T10:50:32.750+0200] {dag.py:3456} INFO - Setting next_dagrun for example_branch_datetime_operator to 2024-08-27T00:00:00+00:00, run_after=2024-08-28T00:00:00+00:00
[2024-08-28T10:50:32.753+0200] {logging_mixin.py:137} INFO - [2024-08-28T10:50:32.753+0200] {dag.py:3456} INFO - Setting next_dagrun for example_branch_datetime_operator_2 to 2024-08-27T00:00:00+00:00, run_after=2024-08-28T00:00:00+00:00
[2024-08-28T10:50:32.757+0200] {logging_mixin.py:137} INFO - [2024-08-28T10:50:32.754+0200] {dag.py:3456} INFO - Setting next_dagrun for example_branch_datetime_operator_3 to 2024-08-27T00:00:00+00:00, run_after=2024-08-28T00:00:00+00:00
[2024-08-28T10:50:32.766+0200] {processor.py:175} INFO - Processing /Users/roselina/opt/anaconda3/envs/python37/lib/python3.7/site-packages/airflow/example_dags/example_branch_datetime_operator.py took 0.078 seconds
[2024-08-28T10:51:13.882+0200] {processor.py:153} INFO - Started process (PID=76076) to work on /Users/roselina/opt/anaconda3/envs/python37/lib/python3.7/site-packages/airflow/example_dags/example_branch_datetime_operator.py
[2024-08-28T10:51:13.884+0200] {processor.py:743} INFO - Processing file /Users/roselina/opt/anaconda3/envs/python37/lib/python3.7/site-packages/airflow/example_dags/example_branch_datetime_operator.py for tasks to queue
[2024-08-28T10:51:13.885+0200] {logging_mixin.py:137} INFO - [2024-08-28T10:51:13.885+0200] {dagbag.py:532} INFO - Filling up the DagBag from /Users/roselina/opt/anaconda3/envs/python37/lib/python3.7/site-packages/airflow/example_dags/example_branch_datetime_operator.py
[2024-08-28T10:51:13.906+0200] {processor.py:753} INFO - DAG(s) dict_keys(['example_branch_datetime_operator_3', 'example_branch_datetime_operator_2', 'example_branch_datetime_operator']) retrieved from /Users/roselina/opt/anaconda3/envs/python37/lib/python3.7/site-packages/airflow/example_dags/example_branch_datetime_operator.py
[2024-08-28T10:51:13.928+0200] {logging_mixin.py:137} INFO - [2024-08-28T10:51:13.927+0200] {dag.py:2705} INFO - Sync 3 DAGs
[2024-08-28T10:51:13.942+0200] {logging_mixin.py:137} INFO - [2024-08-28T10:51:13.942+0200] {dag.py:3456} INFO - Setting next_dagrun for example_branch_datetime_operator to 2024-08-27T00:00:00+00:00, run_after=2024-08-28T00:00:00+00:00
[2024-08-28T10:51:13.945+0200] {logging_mixin.py:137} INFO - [2024-08-28T10:51:13.945+0200] {dag.py:3456} INFO - Setting next_dagrun for example_branch_datetime_operator_2 to 2024-08-27T00:00:00+00:00, run_after=2024-08-28T00:00:00+00:00
[2024-08-28T10:51:13.946+0200] {logging_mixin.py:137} INFO - [2024-08-28T10:51:13.946+0200] {dag.py:3456} INFO - Setting next_dagrun for example_branch_datetime_operator_3 to 2024-08-27T00:00:00+00:00, run_after=2024-08-28T00:00:00+00:00
[2024-08-28T10:51:13.956+0200] {processor.py:175} INFO - Processing /Users/roselina/opt/anaconda3/envs/python37/lib/python3.7/site-packages/airflow/example_dags/example_branch_datetime_operator.py took 0.078 seconds
[2024-08-28T10:51:54.936+0200] {processor.py:153} INFO - Started process (PID=76128) to work on /Users/roselina/opt/anaconda3/envs/python37/lib/python3.7/site-packages/airflow/example_dags/example_branch_datetime_operator.py
[2024-08-28T10:51:54.937+0200] {processor.py:743} INFO - Processing file /Users/roselina/opt/anaconda3/envs/python37/lib/python3.7/site-packages/airflow/example_dags/example_branch_datetime_operator.py for tasks to queue
[2024-08-28T10:51:54.938+0200] {logging_mixin.py:137} INFO - [2024-08-28T10:51:54.938+0200] {dagbag.py:532} INFO - Filling up the DagBag from /Users/roselina/opt/anaconda3/envs/python37/lib/python3.7/site-packages/airflow/example_dags/example_branch_datetime_operator.py
[2024-08-28T10:51:54.954+0200] {processor.py:753} INFO - DAG(s) dict_keys(['example_branch_datetime_operator_3', 'example_branch_datetime_operator_2', 'example_branch_datetime_operator']) retrieved from /Users/roselina/opt/anaconda3/envs/python37/lib/python3.7/site-packages/airflow/example_dags/example_branch_datetime_operator.py
[2024-08-28T10:51:54.973+0200] {logging_mixin.py:137} INFO - [2024-08-28T10:51:54.972+0200] {dag.py:2705} INFO - Sync 3 DAGs
[2024-08-28T10:51:54.987+0200] {logging_mixin.py:137} INFO - [2024-08-28T10:51:54.987+0200] {dag.py:3456} INFO - Setting next_dagrun for example_branch_datetime_operator to 2024-08-27T00:00:00+00:00, run_after=2024-08-28T00:00:00+00:00
[2024-08-28T10:51:54.990+0200] {logging_mixin.py:137} INFO - [2024-08-28T10:51:54.990+0200] {dag.py:3456} INFO - Setting next_dagrun for example_branch_datetime_operator_2 to 2024-08-27T00:00:00+00:00, run_after=2024-08-28T00:00:00+00:00
[2024-08-28T10:51:54.992+0200] {logging_mixin.py:137} INFO - [2024-08-28T10:51:54.992+0200] {dag.py:3456} INFO - Setting next_dagrun for example_branch_datetime_operator_3 to 2024-08-27T00:00:00+00:00, run_after=2024-08-28T00:00:00+00:00
[2024-08-28T10:51:55.008+0200] {processor.py:175} INFO - Processing /Users/roselina/opt/anaconda3/envs/python37/lib/python3.7/site-packages/airflow/example_dags/example_branch_datetime_operator.py took 0.074 seconds
[2024-08-28T10:52:36.302+0200] {processor.py:153} INFO - Started process (PID=76183) to work on /Users/roselina/opt/anaconda3/envs/python37/lib/python3.7/site-packages/airflow/example_dags/example_branch_datetime_operator.py
[2024-08-28T10:52:36.304+0200] {processor.py:743} INFO - Processing file /Users/roselina/opt/anaconda3/envs/python37/lib/python3.7/site-packages/airflow/example_dags/example_branch_datetime_operator.py for tasks to queue
[2024-08-28T10:52:36.306+0200] {logging_mixin.py:137} INFO - [2024-08-28T10:52:36.305+0200] {dagbag.py:532} INFO - Filling up the DagBag from /Users/roselina/opt/anaconda3/envs/python37/lib/python3.7/site-packages/airflow/example_dags/example_branch_datetime_operator.py
[2024-08-28T10:52:36.327+0200] {processor.py:753} INFO - DAG(s) dict_keys(['example_branch_datetime_operator', 'example_branch_datetime_operator_2', 'example_branch_datetime_operator_3']) retrieved from /Users/roselina/opt/anaconda3/envs/python37/lib/python3.7/site-packages/airflow/example_dags/example_branch_datetime_operator.py
[2024-08-28T10:52:36.347+0200] {logging_mixin.py:137} INFO - [2024-08-28T10:52:36.346+0200] {dag.py:2705} INFO - Sync 3 DAGs
[2024-08-28T10:52:36.360+0200] {logging_mixin.py:137} INFO - [2024-08-28T10:52:36.359+0200] {dag.py:3456} INFO - Setting next_dagrun for example_branch_datetime_operator to 2024-08-27T00:00:00+00:00, run_after=2024-08-28T00:00:00+00:00
[2024-08-28T10:52:36.362+0200] {logging_mixin.py:137} INFO - [2024-08-28T10:52:36.362+0200] {dag.py:3456} INFO - Setting next_dagrun for example_branch_datetime_operator_2 to 2024-08-27T00:00:00+00:00, run_after=2024-08-28T00:00:00+00:00
[2024-08-28T10:52:36.363+0200] {logging_mixin.py:137} INFO - [2024-08-28T10:52:36.363+0200] {dag.py:3456} INFO - Setting next_dagrun for example_branch_datetime_operator_3 to 2024-08-27T00:00:00+00:00, run_after=2024-08-28T00:00:00+00:00
[2024-08-28T10:52:36.373+0200] {processor.py:175} INFO - Processing /Users/roselina/opt/anaconda3/envs/python37/lib/python3.7/site-packages/airflow/example_dags/example_branch_datetime_operator.py took 0.075 seconds
[2024-08-28T10:53:18.976+0200] {processor.py:153} INFO - Started process (PID=76230) to work on /Users/roselina/opt/anaconda3/envs/python37/lib/python3.7/site-packages/airflow/example_dags/example_branch_datetime_operator.py
[2024-08-28T10:53:18.978+0200] {processor.py:743} INFO - Processing file /Users/roselina/opt/anaconda3/envs/python37/lib/python3.7/site-packages/airflow/example_dags/example_branch_datetime_operator.py for tasks to queue
[2024-08-28T10:53:18.980+0200] {logging_mixin.py:137} INFO - [2024-08-28T10:53:18.979+0200] {dagbag.py:532} INFO - Filling up the DagBag from /Users/roselina/opt/anaconda3/envs/python37/lib/python3.7/site-packages/airflow/example_dags/example_branch_datetime_operator.py
[2024-08-28T10:53:19.001+0200] {processor.py:753} INFO - DAG(s) dict_keys(['example_branch_datetime_operator_2', 'example_branch_datetime_operator', 'example_branch_datetime_operator_3']) retrieved from /Users/roselina/opt/anaconda3/envs/python37/lib/python3.7/site-packages/airflow/example_dags/example_branch_datetime_operator.py
[2024-08-28T10:53:19.018+0200] {logging_mixin.py:137} INFO - [2024-08-28T10:53:19.018+0200] {dag.py:2705} INFO - Sync 3 DAGs
[2024-08-28T10:53:19.031+0200] {logging_mixin.py:137} INFO - [2024-08-28T10:53:19.031+0200] {dag.py:3456} INFO - Setting next_dagrun for example_branch_datetime_operator to 2024-08-27T00:00:00+00:00, run_after=2024-08-28T00:00:00+00:00
[2024-08-28T10:53:19.034+0200] {logging_mixin.py:137} INFO - [2024-08-28T10:53:19.033+0200] {dag.py:3456} INFO - Setting next_dagrun for example_branch_datetime_operator_2 to 2024-08-27T00:00:00+00:00, run_after=2024-08-28T00:00:00+00:00
[2024-08-28T10:53:19.036+0200] {logging_mixin.py:137} INFO - [2024-08-28T10:53:19.035+0200] {dag.py:3456} INFO - Setting next_dagrun for example_branch_datetime_operator_3 to 2024-08-27T00:00:00+00:00, run_after=2024-08-28T00:00:00+00:00
[2024-08-28T10:53:19.044+0200] {processor.py:175} INFO - Processing /Users/roselina/opt/anaconda3/envs/python37/lib/python3.7/site-packages/airflow/example_dags/example_branch_datetime_operator.py took 0.073 seconds
