[2024-08-28T10:11:19.512+0200] {processor.py:153} INFO - Started process (PID=74934) to work on /Users/roselina/opt/anaconda3/envs/python37/lib/python3.7/site-packages/airflow/example_dags/example_skip_dag.py
[2024-08-28T10:11:19.513+0200] {processor.py:743} INFO - Processing file /Users/roselina/opt/anaconda3/envs/python37/lib/python3.7/site-packages/airflow/example_dags/example_skip_dag.py for tasks to queue
[2024-08-28T10:11:19.514+0200] {logging_mixin.py:137} INFO - [2024-08-28T10:11:19.514+0200] {dagbag.py:532} INFO - Filling up the DagBag from /Users/roselina/opt/anaconda3/envs/python37/lib/python3.7/site-packages/airflow/example_dags/example_skip_dag.py
[2024-08-28T10:11:19.529+0200] {processor.py:753} INFO - DAG(s) dict_keys(['example_skip_dag']) retrieved from /Users/roselina/opt/anaconda3/envs/python37/lib/python3.7/site-packages/airflow/example_dags/example_skip_dag.py
[2024-08-28T10:11:19.590+0200] {logging_mixin.py:137} INFO - [2024-08-28T10:11:19.590+0200] {manager.py:504} INFO - Created Permission View: can read on DAG:example_skip_dag
[2024-08-28T10:11:19.594+0200] {logging_mixin.py:137} INFO - [2024-08-28T10:11:19.594+0200] {manager.py:504} INFO - Created Permission View: can delete on DAG:example_skip_dag
[2024-08-28T10:11:19.598+0200] {logging_mixin.py:137} INFO - [2024-08-28T10:11:19.598+0200] {manager.py:504} INFO - Created Permission View: can edit on DAG:example_skip_dag
[2024-08-28T10:11:19.599+0200] {logging_mixin.py:137} INFO - [2024-08-28T10:11:19.598+0200] {dag.py:2705} INFO - Sync 1 DAGs
[2024-08-28T10:11:19.606+0200] {logging_mixin.py:137} INFO - [2024-08-28T10:11:19.606+0200] {dag.py:2726} INFO - Creating ORM DAG for example_skip_dag
[2024-08-28T10:11:19.611+0200] {logging_mixin.py:137} INFO - [2024-08-28T10:11:19.611+0200] {dag.py:3456} INFO - Setting next_dagrun for example_skip_dag to 2024-08-27T08:11:19.611172+00:00, run_after=2024-08-28T08:11:19.611172+00:00
[2024-08-28T10:11:19.624+0200] {processor.py:175} INFO - Processing /Users/roselina/opt/anaconda3/envs/python37/lib/python3.7/site-packages/airflow/example_dags/example_skip_dag.py took 0.115 seconds
[2024-08-28T10:12:02.466+0200] {processor.py:153} INFO - Started process (PID=74997) to work on /Users/roselina/opt/anaconda3/envs/python37/lib/python3.7/site-packages/airflow/example_dags/example_skip_dag.py
[2024-08-28T10:12:02.468+0200] {processor.py:743} INFO - Processing file /Users/roselina/opt/anaconda3/envs/python37/lib/python3.7/site-packages/airflow/example_dags/example_skip_dag.py for tasks to queue
[2024-08-28T10:12:02.469+0200] {logging_mixin.py:137} INFO - [2024-08-28T10:12:02.469+0200] {dagbag.py:532} INFO - Filling up the DagBag from /Users/roselina/opt/anaconda3/envs/python37/lib/python3.7/site-packages/airflow/example_dags/example_skip_dag.py
[2024-08-28T10:12:02.485+0200] {processor.py:753} INFO - DAG(s) dict_keys(['example_skip_dag']) retrieved from /Users/roselina/opt/anaconda3/envs/python37/lib/python3.7/site-packages/airflow/example_dags/example_skip_dag.py
[2024-08-28T10:12:02.500+0200] {logging_mixin.py:137} INFO - [2024-08-28T10:12:02.500+0200] {dag.py:2705} INFO - Sync 1 DAGs
[2024-08-28T10:12:02.513+0200] {logging_mixin.py:137} INFO - [2024-08-28T10:12:02.513+0200] {dag.py:3456} INFO - Setting next_dagrun for example_skip_dag to 2024-08-27T08:12:02.513247+00:00, run_after=2024-08-28T08:12:02.513247+00:00
[2024-08-28T10:12:02.524+0200] {processor.py:175} INFO - Processing /Users/roselina/opt/anaconda3/envs/python37/lib/python3.7/site-packages/airflow/example_dags/example_skip_dag.py took 0.062 seconds
[2024-08-28T10:12:43.823+0200] {processor.py:153} INFO - Started process (PID=75056) to work on /Users/roselina/opt/anaconda3/envs/python37/lib/python3.7/site-packages/airflow/example_dags/example_skip_dag.py
[2024-08-28T10:12:43.825+0200] {processor.py:743} INFO - Processing file /Users/roselina/opt/anaconda3/envs/python37/lib/python3.7/site-packages/airflow/example_dags/example_skip_dag.py for tasks to queue
[2024-08-28T10:12:43.826+0200] {logging_mixin.py:137} INFO - [2024-08-28T10:12:43.826+0200] {dagbag.py:532} INFO - Filling up the DagBag from /Users/roselina/opt/anaconda3/envs/python37/lib/python3.7/site-packages/airflow/example_dags/example_skip_dag.py
[2024-08-28T10:12:43.846+0200] {processor.py:753} INFO - DAG(s) dict_keys(['example_skip_dag']) retrieved from /Users/roselina/opt/anaconda3/envs/python37/lib/python3.7/site-packages/airflow/example_dags/example_skip_dag.py
[2024-08-28T10:12:43.862+0200] {logging_mixin.py:137} INFO - [2024-08-28T10:12:43.862+0200] {dag.py:2705} INFO - Sync 1 DAGs
[2024-08-28T10:12:43.875+0200] {logging_mixin.py:137} INFO - [2024-08-28T10:12:43.875+0200] {dag.py:3456} INFO - Setting next_dagrun for example_skip_dag to 2024-08-27T08:12:43.875181+00:00, run_after=2024-08-28T08:12:43.875181+00:00
[2024-08-28T10:12:43.885+0200] {processor.py:175} INFO - Processing /Users/roselina/opt/anaconda3/envs/python37/lib/python3.7/site-packages/airflow/example_dags/example_skip_dag.py took 0.067 seconds
[2024-08-28T10:13:26.161+0200] {processor.py:153} INFO - Started process (PID=75117) to work on /Users/roselina/opt/anaconda3/envs/python37/lib/python3.7/site-packages/airflow/example_dags/example_skip_dag.py
[2024-08-28T10:13:26.163+0200] {processor.py:743} INFO - Processing file /Users/roselina/opt/anaconda3/envs/python37/lib/python3.7/site-packages/airflow/example_dags/example_skip_dag.py for tasks to queue
[2024-08-28T10:13:26.164+0200] {logging_mixin.py:137} INFO - [2024-08-28T10:13:26.164+0200] {dagbag.py:532} INFO - Filling up the DagBag from /Users/roselina/opt/anaconda3/envs/python37/lib/python3.7/site-packages/airflow/example_dags/example_skip_dag.py
[2024-08-28T10:13:26.179+0200] {processor.py:753} INFO - DAG(s) dict_keys(['example_skip_dag']) retrieved from /Users/roselina/opt/anaconda3/envs/python37/lib/python3.7/site-packages/airflow/example_dags/example_skip_dag.py
[2024-08-28T10:13:26.193+0200] {logging_mixin.py:137} INFO - [2024-08-28T10:13:26.193+0200] {dag.py:2705} INFO - Sync 1 DAGs
[2024-08-28T10:13:26.206+0200] {logging_mixin.py:137} INFO - [2024-08-28T10:13:26.205+0200] {dag.py:3456} INFO - Setting next_dagrun for example_skip_dag to 2024-08-27T08:13:26.205783+00:00, run_after=2024-08-28T08:13:26.205783+00:00
[2024-08-28T10:13:26.219+0200] {processor.py:175} INFO - Processing /Users/roselina/opt/anaconda3/envs/python37/lib/python3.7/site-packages/airflow/example_dags/example_skip_dag.py took 0.062 seconds
[2024-08-28T10:14:08.799+0200] {processor.py:153} INFO - Started process (PID=75195) to work on /Users/roselina/opt/anaconda3/envs/python37/lib/python3.7/site-packages/airflow/example_dags/example_skip_dag.py
[2024-08-28T10:14:08.801+0200] {processor.py:743} INFO - Processing file /Users/roselina/opt/anaconda3/envs/python37/lib/python3.7/site-packages/airflow/example_dags/example_skip_dag.py for tasks to queue
[2024-08-28T10:14:08.803+0200] {logging_mixin.py:137} INFO - [2024-08-28T10:14:08.802+0200] {dagbag.py:532} INFO - Filling up the DagBag from /Users/roselina/opt/anaconda3/envs/python37/lib/python3.7/site-packages/airflow/example_dags/example_skip_dag.py
[2024-08-28T10:14:08.826+0200] {processor.py:753} INFO - DAG(s) dict_keys(['example_skip_dag']) retrieved from /Users/roselina/opt/anaconda3/envs/python37/lib/python3.7/site-packages/airflow/example_dags/example_skip_dag.py
[2024-08-28T10:14:08.844+0200] {logging_mixin.py:137} INFO - [2024-08-28T10:14:08.844+0200] {dag.py:2705} INFO - Sync 1 DAGs
[2024-08-28T10:14:08.857+0200] {logging_mixin.py:137} INFO - [2024-08-28T10:14:08.856+0200] {dag.py:3456} INFO - Setting next_dagrun for example_skip_dag to 2024-08-27T08:14:08.856631+00:00, run_after=2024-08-28T08:14:08.856631+00:00
[2024-08-28T10:14:08.867+0200] {processor.py:175} INFO - Processing /Users/roselina/opt/anaconda3/envs/python37/lib/python3.7/site-packages/airflow/example_dags/example_skip_dag.py took 0.072 seconds
[2024-08-28T10:14:51.406+0200] {processor.py:153} INFO - Started process (PID=75243) to work on /Users/roselina/opt/anaconda3/envs/python37/lib/python3.7/site-packages/airflow/example_dags/example_skip_dag.py
[2024-08-28T10:14:51.408+0200] {processor.py:743} INFO - Processing file /Users/roselina/opt/anaconda3/envs/python37/lib/python3.7/site-packages/airflow/example_dags/example_skip_dag.py for tasks to queue
[2024-08-28T10:14:51.409+0200] {logging_mixin.py:137} INFO - [2024-08-28T10:14:51.409+0200] {dagbag.py:532} INFO - Filling up the DagBag from /Users/roselina/opt/anaconda3/envs/python37/lib/python3.7/site-packages/airflow/example_dags/example_skip_dag.py
[2024-08-28T10:14:51.430+0200] {processor.py:753} INFO - DAG(s) dict_keys(['example_skip_dag']) retrieved from /Users/roselina/opt/anaconda3/envs/python37/lib/python3.7/site-packages/airflow/example_dags/example_skip_dag.py
[2024-08-28T10:14:51.460+0200] {logging_mixin.py:137} INFO - [2024-08-28T10:14:51.460+0200] {dag.py:2705} INFO - Sync 1 DAGs
[2024-08-28T10:14:51.474+0200] {logging_mixin.py:137} INFO - [2024-08-28T10:14:51.473+0200] {dag.py:3456} INFO - Setting next_dagrun for example_skip_dag to 2024-08-27T08:14:51.473646+00:00, run_after=2024-08-28T08:14:51.473646+00:00
[2024-08-28T10:14:51.483+0200] {processor.py:175} INFO - Processing /Users/roselina/opt/anaconda3/envs/python37/lib/python3.7/site-packages/airflow/example_dags/example_skip_dag.py took 0.082 seconds
[2024-08-28T10:15:32.627+0200] {processor.py:153} INFO - Started process (PID=75287) to work on /Users/roselina/opt/anaconda3/envs/python37/lib/python3.7/site-packages/airflow/example_dags/example_skip_dag.py
[2024-08-28T10:15:32.629+0200] {processor.py:743} INFO - Processing file /Users/roselina/opt/anaconda3/envs/python37/lib/python3.7/site-packages/airflow/example_dags/example_skip_dag.py for tasks to queue
[2024-08-28T10:15:32.630+0200] {logging_mixin.py:137} INFO - [2024-08-28T10:15:32.630+0200] {dagbag.py:532} INFO - Filling up the DagBag from /Users/roselina/opt/anaconda3/envs/python37/lib/python3.7/site-packages/airflow/example_dags/example_skip_dag.py
[2024-08-28T10:15:32.648+0200] {processor.py:753} INFO - DAG(s) dict_keys(['example_skip_dag']) retrieved from /Users/roselina/opt/anaconda3/envs/python37/lib/python3.7/site-packages/airflow/example_dags/example_skip_dag.py
[2024-08-28T10:15:32.665+0200] {logging_mixin.py:137} INFO - [2024-08-28T10:15:32.665+0200] {dag.py:2705} INFO - Sync 1 DAGs
[2024-08-28T10:15:32.678+0200] {logging_mixin.py:137} INFO - [2024-08-28T10:15:32.678+0200] {dag.py:3456} INFO - Setting next_dagrun for example_skip_dag to 2024-08-27T08:15:32.678046+00:00, run_after=2024-08-28T08:15:32.678046+00:00
[2024-08-28T10:15:32.687+0200] {processor.py:175} INFO - Processing /Users/roselina/opt/anaconda3/envs/python37/lib/python3.7/site-packages/airflow/example_dags/example_skip_dag.py took 0.065 seconds
[2024-08-28T10:16:11.548+0200] {processor.py:153} INFO - Started process (PID=75332) to work on /Users/roselina/opt/anaconda3/envs/python37/lib/python3.7/site-packages/airflow/example_dags/example_skip_dag.py
[2024-08-28T10:16:11.550+0200] {processor.py:743} INFO - Processing file /Users/roselina/opt/anaconda3/envs/python37/lib/python3.7/site-packages/airflow/example_dags/example_skip_dag.py for tasks to queue
[2024-08-28T10:16:11.551+0200] {logging_mixin.py:137} INFO - [2024-08-28T10:16:11.551+0200] {dagbag.py:532} INFO - Filling up the DagBag from /Users/roselina/opt/anaconda3/envs/python37/lib/python3.7/site-packages/airflow/example_dags/example_skip_dag.py
[2024-08-28T10:16:11.569+0200] {processor.py:753} INFO - DAG(s) dict_keys(['example_skip_dag']) retrieved from /Users/roselina/opt/anaconda3/envs/python37/lib/python3.7/site-packages/airflow/example_dags/example_skip_dag.py
[2024-08-28T10:16:11.586+0200] {logging_mixin.py:137} INFO - [2024-08-28T10:16:11.586+0200] {dag.py:2705} INFO - Sync 1 DAGs
[2024-08-28T10:16:11.598+0200] {logging_mixin.py:137} INFO - [2024-08-28T10:16:11.598+0200] {dag.py:3456} INFO - Setting next_dagrun for example_skip_dag to 2024-08-27T08:16:11.598280+00:00, run_after=2024-08-28T08:16:11.598280+00:00
[2024-08-28T10:16:11.608+0200] {processor.py:175} INFO - Processing /Users/roselina/opt/anaconda3/envs/python37/lib/python3.7/site-packages/airflow/example_dags/example_skip_dag.py took 0.064 seconds
[2024-08-28T10:16:52.913+0200] {processor.py:153} INFO - Started process (PID=75377) to work on /Users/roselina/opt/anaconda3/envs/python37/lib/python3.7/site-packages/airflow/example_dags/example_skip_dag.py
[2024-08-28T10:16:52.915+0200] {processor.py:743} INFO - Processing file /Users/roselina/opt/anaconda3/envs/python37/lib/python3.7/site-packages/airflow/example_dags/example_skip_dag.py for tasks to queue
[2024-08-28T10:16:52.917+0200] {logging_mixin.py:137} INFO - [2024-08-28T10:16:52.916+0200] {dagbag.py:532} INFO - Filling up the DagBag from /Users/roselina/opt/anaconda3/envs/python37/lib/python3.7/site-packages/airflow/example_dags/example_skip_dag.py
[2024-08-28T10:16:52.947+0200] {processor.py:753} INFO - DAG(s) dict_keys(['example_skip_dag']) retrieved from /Users/roselina/opt/anaconda3/envs/python37/lib/python3.7/site-packages/airflow/example_dags/example_skip_dag.py
[2024-08-28T10:16:52.962+0200] {logging_mixin.py:137} INFO - [2024-08-28T10:16:52.962+0200] {dag.py:2705} INFO - Sync 1 DAGs
[2024-08-28T10:16:52.975+0200] {logging_mixin.py:137} INFO - [2024-08-28T10:16:52.974+0200] {dag.py:3456} INFO - Setting next_dagrun for example_skip_dag to 2024-08-27T08:16:52.974690+00:00, run_after=2024-08-28T08:16:52.974690+00:00
[2024-08-28T10:16:52.985+0200] {processor.py:175} INFO - Processing /Users/roselina/opt/anaconda3/envs/python37/lib/python3.7/site-packages/airflow/example_dags/example_skip_dag.py took 0.076 seconds
[2024-08-28T10:17:34.199+0200] {processor.py:153} INFO - Started process (PID=75431) to work on /Users/roselina/opt/anaconda3/envs/python37/lib/python3.7/site-packages/airflow/example_dags/example_skip_dag.py
[2024-08-28T10:17:34.200+0200] {processor.py:743} INFO - Processing file /Users/roselina/opt/anaconda3/envs/python37/lib/python3.7/site-packages/airflow/example_dags/example_skip_dag.py for tasks to queue
[2024-08-28T10:17:34.202+0200] {logging_mixin.py:137} INFO - [2024-08-28T10:17:34.201+0200] {dagbag.py:532} INFO - Filling up the DagBag from /Users/roselina/opt/anaconda3/envs/python37/lib/python3.7/site-packages/airflow/example_dags/example_skip_dag.py
[2024-08-28T10:17:34.220+0200] {processor.py:753} INFO - DAG(s) dict_keys(['example_skip_dag']) retrieved from /Users/roselina/opt/anaconda3/envs/python37/lib/python3.7/site-packages/airflow/example_dags/example_skip_dag.py
[2024-08-28T10:17:34.236+0200] {logging_mixin.py:137} INFO - [2024-08-28T10:17:34.236+0200] {dag.py:2705} INFO - Sync 1 DAGs
[2024-08-28T10:17:34.251+0200] {logging_mixin.py:137} INFO - [2024-08-28T10:17:34.250+0200] {dag.py:3456} INFO - Setting next_dagrun for example_skip_dag to 2024-08-27T08:17:34.250349+00:00, run_after=2024-08-28T08:17:34.250349+00:00
[2024-08-28T10:17:34.262+0200] {processor.py:175} INFO - Processing /Users/roselina/opt/anaconda3/envs/python37/lib/python3.7/site-packages/airflow/example_dags/example_skip_dag.py took 0.067 seconds
[2024-08-28T10:43:56.792+0200] {processor.py:153} INFO - Started process (PID=75528) to work on /Users/roselina/opt/anaconda3/envs/python37/lib/python3.7/site-packages/airflow/example_dags/example_skip_dag.py
[2024-08-28T10:43:56.793+0200] {processor.py:743} INFO - Processing file /Users/roselina/opt/anaconda3/envs/python37/lib/python3.7/site-packages/airflow/example_dags/example_skip_dag.py for tasks to queue
[2024-08-28T10:43:56.794+0200] {logging_mixin.py:137} INFO - [2024-08-28T10:43:56.794+0200] {dagbag.py:532} INFO - Filling up the DagBag from /Users/roselina/opt/anaconda3/envs/python37/lib/python3.7/site-packages/airflow/example_dags/example_skip_dag.py
[2024-08-28T10:43:56.809+0200] {processor.py:753} INFO - DAG(s) dict_keys(['example_skip_dag']) retrieved from /Users/roselina/opt/anaconda3/envs/python37/lib/python3.7/site-packages/airflow/example_dags/example_skip_dag.py
[2024-08-28T10:43:56.825+0200] {logging_mixin.py:137} INFO - [2024-08-28T10:43:56.825+0200] {dag.py:2705} INFO - Sync 1 DAGs
[2024-08-28T10:43:56.841+0200] {logging_mixin.py:137} INFO - [2024-08-28T10:43:56.840+0200] {dag.py:3456} INFO - Setting next_dagrun for example_skip_dag to 2024-08-27T08:43:56.840706+00:00, run_after=2024-08-28T08:43:56.840706+00:00
[2024-08-28T10:43:56.852+0200] {processor.py:175} INFO - Processing /Users/roselina/opt/anaconda3/envs/python37/lib/python3.7/site-packages/airflow/example_dags/example_skip_dag.py took 0.065 seconds
[2024-08-28T10:44:38.602+0200] {processor.py:153} INFO - Started process (PID=75580) to work on /Users/roselina/opt/anaconda3/envs/python37/lib/python3.7/site-packages/airflow/example_dags/example_skip_dag.py
[2024-08-28T10:44:38.604+0200] {processor.py:743} INFO - Processing file /Users/roselina/opt/anaconda3/envs/python37/lib/python3.7/site-packages/airflow/example_dags/example_skip_dag.py for tasks to queue
[2024-08-28T10:44:38.605+0200] {logging_mixin.py:137} INFO - [2024-08-28T10:44:38.605+0200] {dagbag.py:532} INFO - Filling up the DagBag from /Users/roselina/opt/anaconda3/envs/python37/lib/python3.7/site-packages/airflow/example_dags/example_skip_dag.py
[2024-08-28T10:44:38.622+0200] {processor.py:753} INFO - DAG(s) dict_keys(['example_skip_dag']) retrieved from /Users/roselina/opt/anaconda3/envs/python37/lib/python3.7/site-packages/airflow/example_dags/example_skip_dag.py
[2024-08-28T10:44:38.639+0200] {logging_mixin.py:137} INFO - [2024-08-28T10:44:38.639+0200] {dag.py:2705} INFO - Sync 1 DAGs
[2024-08-28T10:44:38.653+0200] {logging_mixin.py:137} INFO - [2024-08-28T10:44:38.653+0200] {dag.py:3456} INFO - Setting next_dagrun for example_skip_dag to 2024-08-27T08:44:38.653029+00:00, run_after=2024-08-28T08:44:38.653029+00:00
[2024-08-28T10:44:38.663+0200] {processor.py:175} INFO - Processing /Users/roselina/opt/anaconda3/envs/python37/lib/python3.7/site-packages/airflow/example_dags/example_skip_dag.py took 0.065 seconds
[2024-08-28T10:45:21.459+0200] {processor.py:153} INFO - Started process (PID=75638) to work on /Users/roselina/opt/anaconda3/envs/python37/lib/python3.7/site-packages/airflow/example_dags/example_skip_dag.py
[2024-08-28T10:45:21.461+0200] {processor.py:743} INFO - Processing file /Users/roselina/opt/anaconda3/envs/python37/lib/python3.7/site-packages/airflow/example_dags/example_skip_dag.py for tasks to queue
[2024-08-28T10:45:21.462+0200] {logging_mixin.py:137} INFO - [2024-08-28T10:45:21.462+0200] {dagbag.py:532} INFO - Filling up the DagBag from /Users/roselina/opt/anaconda3/envs/python37/lib/python3.7/site-packages/airflow/example_dags/example_skip_dag.py
[2024-08-28T10:45:21.481+0200] {processor.py:753} INFO - DAG(s) dict_keys(['example_skip_dag']) retrieved from /Users/roselina/opt/anaconda3/envs/python37/lib/python3.7/site-packages/airflow/example_dags/example_skip_dag.py
[2024-08-28T10:45:21.499+0200] {logging_mixin.py:137} INFO - [2024-08-28T10:45:21.499+0200] {dag.py:2705} INFO - Sync 1 DAGs
[2024-08-28T10:45:21.512+0200] {logging_mixin.py:137} INFO - [2024-08-28T10:45:21.512+0200] {dag.py:3456} INFO - Setting next_dagrun for example_skip_dag to 2024-08-27T08:45:21.512466+00:00, run_after=2024-08-28T08:45:21.512466+00:00
[2024-08-28T10:45:21.525+0200] {processor.py:175} INFO - Processing /Users/roselina/opt/anaconda3/envs/python37/lib/python3.7/site-packages/airflow/example_dags/example_skip_dag.py took 0.071 seconds
[2024-08-28T10:46:01.223+0200] {processor.py:153} INFO - Started process (PID=75684) to work on /Users/roselina/opt/anaconda3/envs/python37/lib/python3.7/site-packages/airflow/example_dags/example_skip_dag.py
[2024-08-28T10:46:01.224+0200] {processor.py:743} INFO - Processing file /Users/roselina/opt/anaconda3/envs/python37/lib/python3.7/site-packages/airflow/example_dags/example_skip_dag.py for tasks to queue
[2024-08-28T10:46:01.225+0200] {logging_mixin.py:137} INFO - [2024-08-28T10:46:01.225+0200] {dagbag.py:532} INFO - Filling up the DagBag from /Users/roselina/opt/anaconda3/envs/python37/lib/python3.7/site-packages/airflow/example_dags/example_skip_dag.py
[2024-08-28T10:46:01.235+0200] {processor.py:753} INFO - DAG(s) dict_keys(['example_skip_dag']) retrieved from /Users/roselina/opt/anaconda3/envs/python37/lib/python3.7/site-packages/airflow/example_dags/example_skip_dag.py
[2024-08-28T10:46:01.247+0200] {logging_mixin.py:137} INFO - [2024-08-28T10:46:01.247+0200] {dag.py:2705} INFO - Sync 1 DAGs
[2024-08-28T10:46:01.259+0200] {logging_mixin.py:137} INFO - [2024-08-28T10:46:01.259+0200] {dag.py:3456} INFO - Setting next_dagrun for example_skip_dag to 2024-08-27T08:46:01.259309+00:00, run_after=2024-08-28T08:46:01.259309+00:00
[2024-08-28T10:46:01.270+0200] {processor.py:175} INFO - Processing /Users/roselina/opt/anaconda3/envs/python37/lib/python3.7/site-packages/airflow/example_dags/example_skip_dag.py took 0.049 seconds
[2024-08-28T10:46:43.548+0200] {processor.py:153} INFO - Started process (PID=75729) to work on /Users/roselina/opt/anaconda3/envs/python37/lib/python3.7/site-packages/airflow/example_dags/example_skip_dag.py
[2024-08-28T10:46:43.549+0200] {processor.py:743} INFO - Processing file /Users/roselina/opt/anaconda3/envs/python37/lib/python3.7/site-packages/airflow/example_dags/example_skip_dag.py for tasks to queue
[2024-08-28T10:46:43.551+0200] {logging_mixin.py:137} INFO - [2024-08-28T10:46:43.550+0200] {dagbag.py:532} INFO - Filling up the DagBag from /Users/roselina/opt/anaconda3/envs/python37/lib/python3.7/site-packages/airflow/example_dags/example_skip_dag.py
[2024-08-28T10:46:43.571+0200] {processor.py:753} INFO - DAG(s) dict_keys(['example_skip_dag']) retrieved from /Users/roselina/opt/anaconda3/envs/python37/lib/python3.7/site-packages/airflow/example_dags/example_skip_dag.py
[2024-08-28T10:46:43.588+0200] {logging_mixin.py:137} INFO - [2024-08-28T10:46:43.587+0200] {dag.py:2705} INFO - Sync 1 DAGs
[2024-08-28T10:46:43.600+0200] {logging_mixin.py:137} INFO - [2024-08-28T10:46:43.600+0200] {dag.py:3456} INFO - Setting next_dagrun for example_skip_dag to 2024-08-27T08:46:43.600481+00:00, run_after=2024-08-28T08:46:43.600481+00:00
[2024-08-28T10:46:43.611+0200] {processor.py:175} INFO - Processing /Users/roselina/opt/anaconda3/envs/python37/lib/python3.7/site-packages/airflow/example_dags/example_skip_dag.py took 0.067 seconds
[2024-08-28T10:47:24.666+0200] {processor.py:153} INFO - Started process (PID=75786) to work on /Users/roselina/opt/anaconda3/envs/python37/lib/python3.7/site-packages/airflow/example_dags/example_skip_dag.py
[2024-08-28T10:47:24.668+0200] {processor.py:743} INFO - Processing file /Users/roselina/opt/anaconda3/envs/python37/lib/python3.7/site-packages/airflow/example_dags/example_skip_dag.py for tasks to queue
[2024-08-28T10:47:24.670+0200] {logging_mixin.py:137} INFO - [2024-08-28T10:47:24.669+0200] {dagbag.py:532} INFO - Filling up the DagBag from /Users/roselina/opt/anaconda3/envs/python37/lib/python3.7/site-packages/airflow/example_dags/example_skip_dag.py
[2024-08-28T10:47:24.691+0200] {processor.py:753} INFO - DAG(s) dict_keys(['example_skip_dag']) retrieved from /Users/roselina/opt/anaconda3/envs/python37/lib/python3.7/site-packages/airflow/example_dags/example_skip_dag.py
[2024-08-28T10:47:24.706+0200] {logging_mixin.py:137} INFO - [2024-08-28T10:47:24.706+0200] {dag.py:2705} INFO - Sync 1 DAGs
[2024-08-28T10:47:24.719+0200] {logging_mixin.py:137} INFO - [2024-08-28T10:47:24.719+0200] {dag.py:3456} INFO - Setting next_dagrun for example_skip_dag to 2024-08-27T08:47:24.719258+00:00, run_after=2024-08-28T08:47:24.719258+00:00
[2024-08-28T10:47:24.731+0200] {processor.py:175} INFO - Processing /Users/roselina/opt/anaconda3/envs/python37/lib/python3.7/site-packages/airflow/example_dags/example_skip_dag.py took 0.069 seconds
[2024-08-28T10:48:06.105+0200] {processor.py:153} INFO - Started process (PID=75837) to work on /Users/roselina/opt/anaconda3/envs/python37/lib/python3.7/site-packages/airflow/example_dags/example_skip_dag.py
[2024-08-28T10:48:06.107+0200] {processor.py:743} INFO - Processing file /Users/roselina/opt/anaconda3/envs/python37/lib/python3.7/site-packages/airflow/example_dags/example_skip_dag.py for tasks to queue
[2024-08-28T10:48:06.109+0200] {logging_mixin.py:137} INFO - [2024-08-28T10:48:06.108+0200] {dagbag.py:532} INFO - Filling up the DagBag from /Users/roselina/opt/anaconda3/envs/python37/lib/python3.7/site-packages/airflow/example_dags/example_skip_dag.py
[2024-08-28T10:48:06.127+0200] {processor.py:753} INFO - DAG(s) dict_keys(['example_skip_dag']) retrieved from /Users/roselina/opt/anaconda3/envs/python37/lib/python3.7/site-packages/airflow/example_dags/example_skip_dag.py
[2024-08-28T10:48:06.142+0200] {logging_mixin.py:137} INFO - [2024-08-28T10:48:06.142+0200] {dag.py:2705} INFO - Sync 1 DAGs
[2024-08-28T10:48:06.155+0200] {logging_mixin.py:137} INFO - [2024-08-28T10:48:06.155+0200] {dag.py:3456} INFO - Setting next_dagrun for example_skip_dag to 2024-08-27T08:48:06.154933+00:00, run_after=2024-08-28T08:48:06.154933+00:00
[2024-08-28T10:48:06.166+0200] {processor.py:175} INFO - Processing /Users/roselina/opt/anaconda3/envs/python37/lib/python3.7/site-packages/airflow/example_dags/example_skip_dag.py took 0.065 seconds
[2024-08-28T10:48:47.519+0200] {processor.py:153} INFO - Started process (PID=75898) to work on /Users/roselina/opt/anaconda3/envs/python37/lib/python3.7/site-packages/airflow/example_dags/example_skip_dag.py
[2024-08-28T10:48:47.521+0200] {processor.py:743} INFO - Processing file /Users/roselina/opt/anaconda3/envs/python37/lib/python3.7/site-packages/airflow/example_dags/example_skip_dag.py for tasks to queue
[2024-08-28T10:48:47.522+0200] {logging_mixin.py:137} INFO - [2024-08-28T10:48:47.522+0200] {dagbag.py:532} INFO - Filling up the DagBag from /Users/roselina/opt/anaconda3/envs/python37/lib/python3.7/site-packages/airflow/example_dags/example_skip_dag.py
[2024-08-28T10:48:47.541+0200] {processor.py:753} INFO - DAG(s) dict_keys(['example_skip_dag']) retrieved from /Users/roselina/opt/anaconda3/envs/python37/lib/python3.7/site-packages/airflow/example_dags/example_skip_dag.py
[2024-08-28T10:48:47.557+0200] {logging_mixin.py:137} INFO - [2024-08-28T10:48:47.557+0200] {dag.py:2705} INFO - Sync 1 DAGs
[2024-08-28T10:48:47.569+0200] {logging_mixin.py:137} INFO - [2024-08-28T10:48:47.569+0200] {dag.py:3456} INFO - Setting next_dagrun for example_skip_dag to 2024-08-27T08:48:47.569275+00:00, run_after=2024-08-28T08:48:47.569275+00:00
[2024-08-28T10:48:47.579+0200] {processor.py:175} INFO - Processing /Users/roselina/opt/anaconda3/envs/python37/lib/python3.7/site-packages/airflow/example_dags/example_skip_dag.py took 0.064 seconds
[2024-08-28T10:49:28.935+0200] {processor.py:153} INFO - Started process (PID=75951) to work on /Users/roselina/opt/anaconda3/envs/python37/lib/python3.7/site-packages/airflow/example_dags/example_skip_dag.py
[2024-08-28T10:49:28.937+0200] {processor.py:743} INFO - Processing file /Users/roselina/opt/anaconda3/envs/python37/lib/python3.7/site-packages/airflow/example_dags/example_skip_dag.py for tasks to queue
[2024-08-28T10:49:28.939+0200] {logging_mixin.py:137} INFO - [2024-08-28T10:49:28.938+0200] {dagbag.py:532} INFO - Filling up the DagBag from /Users/roselina/opt/anaconda3/envs/python37/lib/python3.7/site-packages/airflow/example_dags/example_skip_dag.py
[2024-08-28T10:49:28.957+0200] {processor.py:753} INFO - DAG(s) dict_keys(['example_skip_dag']) retrieved from /Users/roselina/opt/anaconda3/envs/python37/lib/python3.7/site-packages/airflow/example_dags/example_skip_dag.py
[2024-08-28T10:49:28.972+0200] {logging_mixin.py:137} INFO - [2024-08-28T10:49:28.971+0200] {dag.py:2705} INFO - Sync 1 DAGs
[2024-08-28T10:49:28.985+0200] {logging_mixin.py:137} INFO - [2024-08-28T10:49:28.984+0200] {dag.py:3456} INFO - Setting next_dagrun for example_skip_dag to 2024-08-27T08:49:28.984623+00:00, run_after=2024-08-28T08:49:28.984623+00:00
[2024-08-28T10:49:28.998+0200] {processor.py:175} INFO - Processing /Users/roselina/opt/anaconda3/envs/python37/lib/python3.7/site-packages/airflow/example_dags/example_skip_dag.py took 0.067 seconds
[2024-08-28T10:50:10.433+0200] {processor.py:153} INFO - Started process (PID=75997) to work on /Users/roselina/opt/anaconda3/envs/python37/lib/python3.7/site-packages/airflow/example_dags/example_skip_dag.py
[2024-08-28T10:50:10.435+0200] {processor.py:743} INFO - Processing file /Users/roselina/opt/anaconda3/envs/python37/lib/python3.7/site-packages/airflow/example_dags/example_skip_dag.py for tasks to queue
[2024-08-28T10:50:10.436+0200] {logging_mixin.py:137} INFO - [2024-08-28T10:50:10.436+0200] {dagbag.py:532} INFO - Filling up the DagBag from /Users/roselina/opt/anaconda3/envs/python37/lib/python3.7/site-packages/airflow/example_dags/example_skip_dag.py
[2024-08-28T10:50:10.456+0200] {processor.py:753} INFO - DAG(s) dict_keys(['example_skip_dag']) retrieved from /Users/roselina/opt/anaconda3/envs/python37/lib/python3.7/site-packages/airflow/example_dags/example_skip_dag.py
[2024-08-28T10:50:10.470+0200] {logging_mixin.py:137} INFO - [2024-08-28T10:50:10.470+0200] {dag.py:2705} INFO - Sync 1 DAGs
[2024-08-28T10:50:10.483+0200] {logging_mixin.py:137} INFO - [2024-08-28T10:50:10.483+0200] {dag.py:3456} INFO - Setting next_dagrun for example_skip_dag to 2024-08-27T08:50:10.483174+00:00, run_after=2024-08-28T08:50:10.483174+00:00
[2024-08-28T10:50:10.493+0200] {processor.py:175} INFO - Processing /Users/roselina/opt/anaconda3/envs/python37/lib/python3.7/site-packages/airflow/example_dags/example_skip_dag.py took 0.064 seconds
[2024-08-28T10:50:50.559+0200] {processor.py:153} INFO - Started process (PID=76041) to work on /Users/roselina/opt/anaconda3/envs/python37/lib/python3.7/site-packages/airflow/example_dags/example_skip_dag.py
[2024-08-28T10:50:50.561+0200] {processor.py:743} INFO - Processing file /Users/roselina/opt/anaconda3/envs/python37/lib/python3.7/site-packages/airflow/example_dags/example_skip_dag.py for tasks to queue
[2024-08-28T10:50:50.563+0200] {logging_mixin.py:137} INFO - [2024-08-28T10:50:50.562+0200] {dagbag.py:532} INFO - Filling up the DagBag from /Users/roselina/opt/anaconda3/envs/python37/lib/python3.7/site-packages/airflow/example_dags/example_skip_dag.py
[2024-08-28T10:50:50.581+0200] {processor.py:753} INFO - DAG(s) dict_keys(['example_skip_dag']) retrieved from /Users/roselina/opt/anaconda3/envs/python37/lib/python3.7/site-packages/airflow/example_dags/example_skip_dag.py
[2024-08-28T10:50:50.598+0200] {logging_mixin.py:137} INFO - [2024-08-28T10:50:50.598+0200] {dag.py:2705} INFO - Sync 1 DAGs
[2024-08-28T10:50:50.611+0200] {logging_mixin.py:137} INFO - [2024-08-28T10:50:50.611+0200] {dag.py:3456} INFO - Setting next_dagrun for example_skip_dag to 2024-08-27T08:50:50.610992+00:00, run_after=2024-08-28T08:50:50.610992+00:00
[2024-08-28T10:50:50.622+0200] {processor.py:175} INFO - Processing /Users/roselina/opt/anaconda3/envs/python37/lib/python3.7/site-packages/airflow/example_dags/example_skip_dag.py took 0.067 seconds
[2024-08-28T10:51:33.388+0200] {processor.py:153} INFO - Started process (PID=76103) to work on /Users/roselina/opt/anaconda3/envs/python37/lib/python3.7/site-packages/airflow/example_dags/example_skip_dag.py
[2024-08-28T10:51:33.390+0200] {processor.py:743} INFO - Processing file /Users/roselina/opt/anaconda3/envs/python37/lib/python3.7/site-packages/airflow/example_dags/example_skip_dag.py for tasks to queue
[2024-08-28T10:51:33.391+0200] {logging_mixin.py:137} INFO - [2024-08-28T10:51:33.391+0200] {dagbag.py:532} INFO - Filling up the DagBag from /Users/roselina/opt/anaconda3/envs/python37/lib/python3.7/site-packages/airflow/example_dags/example_skip_dag.py
[2024-08-28T10:51:33.410+0200] {processor.py:753} INFO - DAG(s) dict_keys(['example_skip_dag']) retrieved from /Users/roselina/opt/anaconda3/envs/python37/lib/python3.7/site-packages/airflow/example_dags/example_skip_dag.py
[2024-08-28T10:51:33.427+0200] {logging_mixin.py:137} INFO - [2024-08-28T10:51:33.427+0200] {dag.py:2705} INFO - Sync 1 DAGs
[2024-08-28T10:51:33.439+0200] {logging_mixin.py:137} INFO - [2024-08-28T10:51:33.439+0200] {dag.py:3456} INFO - Setting next_dagrun for example_skip_dag to 2024-08-27T08:51:33.439491+00:00, run_after=2024-08-28T08:51:33.439491+00:00
[2024-08-28T10:51:33.450+0200] {processor.py:175} INFO - Processing /Users/roselina/opt/anaconda3/envs/python37/lib/python3.7/site-packages/airflow/example_dags/example_skip_dag.py took 0.066 seconds
[2024-08-28T10:52:13.913+0200] {processor.py:153} INFO - Started process (PID=76157) to work on /Users/roselina/opt/anaconda3/envs/python37/lib/python3.7/site-packages/airflow/example_dags/example_skip_dag.py
[2024-08-28T10:52:13.915+0200] {processor.py:743} INFO - Processing file /Users/roselina/opt/anaconda3/envs/python37/lib/python3.7/site-packages/airflow/example_dags/example_skip_dag.py for tasks to queue
[2024-08-28T10:52:13.916+0200] {logging_mixin.py:137} INFO - [2024-08-28T10:52:13.916+0200] {dagbag.py:532} INFO - Filling up the DagBag from /Users/roselina/opt/anaconda3/envs/python37/lib/python3.7/site-packages/airflow/example_dags/example_skip_dag.py
[2024-08-28T10:52:13.938+0200] {processor.py:753} INFO - DAG(s) dict_keys(['example_skip_dag']) retrieved from /Users/roselina/opt/anaconda3/envs/python37/lib/python3.7/site-packages/airflow/example_dags/example_skip_dag.py
[2024-08-28T10:52:13.958+0200] {logging_mixin.py:137} INFO - [2024-08-28T10:52:13.957+0200] {dag.py:2705} INFO - Sync 1 DAGs
[2024-08-28T10:52:13.972+0200] {logging_mixin.py:137} INFO - [2024-08-28T10:52:13.971+0200] {dag.py:3456} INFO - Setting next_dagrun for example_skip_dag to 2024-08-27T08:52:13.971675+00:00, run_after=2024-08-28T08:52:13.971675+00:00
[2024-08-28T10:52:13.982+0200] {processor.py:175} INFO - Processing /Users/roselina/opt/anaconda3/envs/python37/lib/python3.7/site-packages/airflow/example_dags/example_skip_dag.py took 0.074 seconds
[2024-08-28T10:52:55.916+0200] {processor.py:153} INFO - Started process (PID=76203) to work on /Users/roselina/opt/anaconda3/envs/python37/lib/python3.7/site-packages/airflow/example_dags/example_skip_dag.py
[2024-08-28T10:52:55.918+0200] {processor.py:743} INFO - Processing file /Users/roselina/opt/anaconda3/envs/python37/lib/python3.7/site-packages/airflow/example_dags/example_skip_dag.py for tasks to queue
[2024-08-28T10:52:55.919+0200] {logging_mixin.py:137} INFO - [2024-08-28T10:52:55.919+0200] {dagbag.py:532} INFO - Filling up the DagBag from /Users/roselina/opt/anaconda3/envs/python37/lib/python3.7/site-packages/airflow/example_dags/example_skip_dag.py
[2024-08-28T10:52:55.940+0200] {processor.py:753} INFO - DAG(s) dict_keys(['example_skip_dag']) retrieved from /Users/roselina/opt/anaconda3/envs/python37/lib/python3.7/site-packages/airflow/example_dags/example_skip_dag.py
[2024-08-28T10:52:55.958+0200] {logging_mixin.py:137} INFO - [2024-08-28T10:52:55.958+0200] {dag.py:2705} INFO - Sync 1 DAGs
[2024-08-28T10:52:55.971+0200] {logging_mixin.py:137} INFO - [2024-08-28T10:52:55.971+0200] {dag.py:3456} INFO - Setting next_dagrun for example_skip_dag to 2024-08-27T08:52:55.971093+00:00, run_after=2024-08-28T08:52:55.971093+00:00
[2024-08-28T10:52:55.982+0200] {processor.py:175} INFO - Processing /Users/roselina/opt/anaconda3/envs/python37/lib/python3.7/site-packages/airflow/example_dags/example_skip_dag.py took 0.070 seconds
