[2024-08-28T10:11:32.472+0200] {processor.py:153} INFO - Started process (PID=74947) to work on /Users/roselina/opt/anaconda3/envs/python37/lib/python3.7/site-packages/airflow/example_dags/example_kubernetes_executor.py
[2024-08-28T10:11:32.474+0200] {processor.py:743} INFO - Processing file /Users/roselina/opt/anaconda3/envs/python37/lib/python3.7/site-packages/airflow/example_dags/example_kubernetes_executor.py for tasks to queue
[2024-08-28T10:11:32.476+0200] {logging_mixin.py:137} INFO - [2024-08-28T10:11:32.475+0200] {dagbag.py:532} INFO - Filling up the DagBag from /Users/roselina/opt/anaconda3/envs/python37/lib/python3.7/site-packages/airflow/example_dags/example_kubernetes_executor.py
[2024-08-28T10:11:32.494+0200] {logging_mixin.py:137} INFO - [2024-08-28T10:11:32.493+0200] {example_kubernetes_executor.py:42} WARNING - The example_kubernetes_executor example DAG requires the kubernetes provider. Please install it with: pip install apache-airflow[cncf.kubernetes]
[2024-08-28T10:11:32.494+0200] {processor.py:755} WARNING - No viable dags retrieved from /Users/roselina/opt/anaconda3/envs/python37/lib/python3.7/site-packages/airflow/example_dags/example_kubernetes_executor.py
[2024-08-28T10:11:32.501+0200] {processor.py:175} INFO - Processing /Users/roselina/opt/anaconda3/envs/python37/lib/python3.7/site-packages/airflow/example_dags/example_kubernetes_executor.py took 0.033 seconds
[2024-08-28T10:12:13.928+0200] {processor.py:153} INFO - Started process (PID=75011) to work on /Users/roselina/opt/anaconda3/envs/python37/lib/python3.7/site-packages/airflow/example_dags/example_kubernetes_executor.py
[2024-08-28T10:12:13.930+0200] {processor.py:743} INFO - Processing file /Users/roselina/opt/anaconda3/envs/python37/lib/python3.7/site-packages/airflow/example_dags/example_kubernetes_executor.py for tasks to queue
[2024-08-28T10:12:13.932+0200] {logging_mixin.py:137} INFO - [2024-08-28T10:12:13.931+0200] {dagbag.py:532} INFO - Filling up the DagBag from /Users/roselina/opt/anaconda3/envs/python37/lib/python3.7/site-packages/airflow/example_dags/example_kubernetes_executor.py
[2024-08-28T10:12:13.952+0200] {logging_mixin.py:137} INFO - [2024-08-28T10:12:13.951+0200] {example_kubernetes_executor.py:42} WARNING - The example_kubernetes_executor example DAG requires the kubernetes provider. Please install it with: pip install apache-airflow[cncf.kubernetes]
[2024-08-28T10:12:13.952+0200] {processor.py:755} WARNING - No viable dags retrieved from /Users/roselina/opt/anaconda3/envs/python37/lib/python3.7/site-packages/airflow/example_dags/example_kubernetes_executor.py
[2024-08-28T10:12:13.970+0200] {processor.py:175} INFO - Processing /Users/roselina/opt/anaconda3/envs/python37/lib/python3.7/site-packages/airflow/example_dags/example_kubernetes_executor.py took 0.046 seconds
[2024-08-28T10:12:56.382+0200] {processor.py:153} INFO - Started process (PID=75086) to work on /Users/roselina/opt/anaconda3/envs/python37/lib/python3.7/site-packages/airflow/example_dags/example_kubernetes_executor.py
[2024-08-28T10:12:56.384+0200] {processor.py:743} INFO - Processing file /Users/roselina/opt/anaconda3/envs/python37/lib/python3.7/site-packages/airflow/example_dags/example_kubernetes_executor.py for tasks to queue
[2024-08-28T10:12:56.385+0200] {logging_mixin.py:137} INFO - [2024-08-28T10:12:56.385+0200] {dagbag.py:532} INFO - Filling up the DagBag from /Users/roselina/opt/anaconda3/envs/python37/lib/python3.7/site-packages/airflow/example_dags/example_kubernetes_executor.py
[2024-08-28T10:12:56.411+0200] {logging_mixin.py:137} INFO - [2024-08-28T10:12:56.410+0200] {example_kubernetes_executor.py:42} WARNING - The example_kubernetes_executor example DAG requires the kubernetes provider. Please install it with: pip install apache-airflow[cncf.kubernetes]
[2024-08-28T10:12:56.412+0200] {processor.py:755} WARNING - No viable dags retrieved from /Users/roselina/opt/anaconda3/envs/python37/lib/python3.7/site-packages/airflow/example_dags/example_kubernetes_executor.py
[2024-08-28T10:12:56.420+0200] {processor.py:175} INFO - Processing /Users/roselina/opt/anaconda3/envs/python37/lib/python3.7/site-packages/airflow/example_dags/example_kubernetes_executor.py took 0.043 seconds
[2024-08-28T10:13:37.630+0200] {processor.py:153} INFO - Started process (PID=75130) to work on /Users/roselina/opt/anaconda3/envs/python37/lib/python3.7/site-packages/airflow/example_dags/example_kubernetes_executor.py
[2024-08-28T10:13:37.631+0200] {processor.py:743} INFO - Processing file /Users/roselina/opt/anaconda3/envs/python37/lib/python3.7/site-packages/airflow/example_dags/example_kubernetes_executor.py for tasks to queue
[2024-08-28T10:13:37.633+0200] {logging_mixin.py:137} INFO - [2024-08-28T10:13:37.632+0200] {dagbag.py:532} INFO - Filling up the DagBag from /Users/roselina/opt/anaconda3/envs/python37/lib/python3.7/site-packages/airflow/example_dags/example_kubernetes_executor.py
[2024-08-28T10:13:37.649+0200] {logging_mixin.py:137} INFO - [2024-08-28T10:13:37.649+0200] {example_kubernetes_executor.py:42} WARNING - The example_kubernetes_executor example DAG requires the kubernetes provider. Please install it with: pip install apache-airflow[cncf.kubernetes]
[2024-08-28T10:13:37.650+0200] {processor.py:755} WARNING - No viable dags retrieved from /Users/roselina/opt/anaconda3/envs/python37/lib/python3.7/site-packages/airflow/example_dags/example_kubernetes_executor.py
[2024-08-28T10:13:37.658+0200] {processor.py:175} INFO - Processing /Users/roselina/opt/anaconda3/envs/python37/lib/python3.7/site-packages/airflow/example_dags/example_kubernetes_executor.py took 0.031 seconds
[2024-08-28T10:14:21.007+0200] {processor.py:153} INFO - Started process (PID=75209) to work on /Users/roselina/opt/anaconda3/envs/python37/lib/python3.7/site-packages/airflow/example_dags/example_kubernetes_executor.py
[2024-08-28T10:14:21.009+0200] {processor.py:743} INFO - Processing file /Users/roselina/opt/anaconda3/envs/python37/lib/python3.7/site-packages/airflow/example_dags/example_kubernetes_executor.py for tasks to queue
[2024-08-28T10:14:21.011+0200] {logging_mixin.py:137} INFO - [2024-08-28T10:14:21.010+0200] {dagbag.py:532} INFO - Filling up the DagBag from /Users/roselina/opt/anaconda3/envs/python37/lib/python3.7/site-packages/airflow/example_dags/example_kubernetes_executor.py
[2024-08-28T10:14:21.031+0200] {logging_mixin.py:137} INFO - [2024-08-28T10:14:21.031+0200] {example_kubernetes_executor.py:42} WARNING - The example_kubernetes_executor example DAG requires the kubernetes provider. Please install it with: pip install apache-airflow[cncf.kubernetes]
[2024-08-28T10:14:21.032+0200] {processor.py:755} WARNING - No viable dags retrieved from /Users/roselina/opt/anaconda3/envs/python37/lib/python3.7/site-packages/airflow/example_dags/example_kubernetes_executor.py
[2024-08-28T10:14:21.041+0200] {processor.py:175} INFO - Processing /Users/roselina/opt/anaconda3/envs/python37/lib/python3.7/site-packages/airflow/example_dags/example_kubernetes_executor.py took 0.039 seconds
[2024-08-28T10:15:02.960+0200] {processor.py:153} INFO - Started process (PID=75256) to work on /Users/roselina/opt/anaconda3/envs/python37/lib/python3.7/site-packages/airflow/example_dags/example_kubernetes_executor.py
[2024-08-28T10:15:02.961+0200] {processor.py:743} INFO - Processing file /Users/roselina/opt/anaconda3/envs/python37/lib/python3.7/site-packages/airflow/example_dags/example_kubernetes_executor.py for tasks to queue
[2024-08-28T10:15:02.962+0200] {logging_mixin.py:137} INFO - [2024-08-28T10:15:02.962+0200] {dagbag.py:532} INFO - Filling up the DagBag from /Users/roselina/opt/anaconda3/envs/python37/lib/python3.7/site-packages/airflow/example_dags/example_kubernetes_executor.py
[2024-08-28T10:15:02.972+0200] {logging_mixin.py:137} INFO - [2024-08-28T10:15:02.972+0200] {example_kubernetes_executor.py:42} WARNING - The example_kubernetes_executor example DAG requires the kubernetes provider. Please install it with: pip install apache-airflow[cncf.kubernetes]
[2024-08-28T10:15:02.973+0200] {processor.py:755} WARNING - No viable dags retrieved from /Users/roselina/opt/anaconda3/envs/python37/lib/python3.7/site-packages/airflow/example_dags/example_kubernetes_executor.py
[2024-08-28T10:15:02.978+0200] {processor.py:175} INFO - Processing /Users/roselina/opt/anaconda3/envs/python37/lib/python3.7/site-packages/airflow/example_dags/example_kubernetes_executor.py took 0.020 seconds
[2024-08-28T10:15:44.563+0200] {processor.py:153} INFO - Started process (PID=75300) to work on /Users/roselina/opt/anaconda3/envs/python37/lib/python3.7/site-packages/airflow/example_dags/example_kubernetes_executor.py
[2024-08-28T10:15:44.566+0200] {processor.py:743} INFO - Processing file /Users/roselina/opt/anaconda3/envs/python37/lib/python3.7/site-packages/airflow/example_dags/example_kubernetes_executor.py for tasks to queue
[2024-08-28T10:15:44.567+0200] {logging_mixin.py:137} INFO - [2024-08-28T10:15:44.567+0200] {dagbag.py:532} INFO - Filling up the DagBag from /Users/roselina/opt/anaconda3/envs/python37/lib/python3.7/site-packages/airflow/example_dags/example_kubernetes_executor.py
[2024-08-28T10:15:44.602+0200] {logging_mixin.py:137} INFO - [2024-08-28T10:15:44.602+0200] {example_kubernetes_executor.py:42} WARNING - The example_kubernetes_executor example DAG requires the kubernetes provider. Please install it with: pip install apache-airflow[cncf.kubernetes]
[2024-08-28T10:15:44.603+0200] {processor.py:755} WARNING - No viable dags retrieved from /Users/roselina/opt/anaconda3/envs/python37/lib/python3.7/site-packages/airflow/example_dags/example_kubernetes_executor.py
[2024-08-28T10:15:44.612+0200] {processor.py:175} INFO - Processing /Users/roselina/opt/anaconda3/envs/python37/lib/python3.7/site-packages/airflow/example_dags/example_kubernetes_executor.py took 0.053 seconds
[2024-08-28T10:16:23.033+0200] {processor.py:153} INFO - Started process (PID=75345) to work on /Users/roselina/opt/anaconda3/envs/python37/lib/python3.7/site-packages/airflow/example_dags/example_kubernetes_executor.py
[2024-08-28T10:16:23.034+0200] {processor.py:743} INFO - Processing file /Users/roselina/opt/anaconda3/envs/python37/lib/python3.7/site-packages/airflow/example_dags/example_kubernetes_executor.py for tasks to queue
[2024-08-28T10:16:23.035+0200] {logging_mixin.py:137} INFO - [2024-08-28T10:16:23.034+0200] {dagbag.py:532} INFO - Filling up the DagBag from /Users/roselina/opt/anaconda3/envs/python37/lib/python3.7/site-packages/airflow/example_dags/example_kubernetes_executor.py
[2024-08-28T10:16:23.045+0200] {logging_mixin.py:137} INFO - [2024-08-28T10:16:23.044+0200] {example_kubernetes_executor.py:42} WARNING - The example_kubernetes_executor example DAG requires the kubernetes provider. Please install it with: pip install apache-airflow[cncf.kubernetes]
[2024-08-28T10:16:23.045+0200] {processor.py:755} WARNING - No viable dags retrieved from /Users/roselina/opt/anaconda3/envs/python37/lib/python3.7/site-packages/airflow/example_dags/example_kubernetes_executor.py
[2024-08-28T10:16:23.051+0200] {processor.py:175} INFO - Processing /Users/roselina/opt/anaconda3/envs/python37/lib/python3.7/site-packages/airflow/example_dags/example_kubernetes_executor.py took 0.020 seconds
[2024-08-28T10:17:05.252+0200] {processor.py:153} INFO - Started process (PID=75390) to work on /Users/roselina/opt/anaconda3/envs/python37/lib/python3.7/site-packages/airflow/example_dags/example_kubernetes_executor.py
[2024-08-28T10:17:05.254+0200] {processor.py:743} INFO - Processing file /Users/roselina/opt/anaconda3/envs/python37/lib/python3.7/site-packages/airflow/example_dags/example_kubernetes_executor.py for tasks to queue
[2024-08-28T10:17:05.255+0200] {logging_mixin.py:137} INFO - [2024-08-28T10:17:05.255+0200] {dagbag.py:532} INFO - Filling up the DagBag from /Users/roselina/opt/anaconda3/envs/python37/lib/python3.7/site-packages/airflow/example_dags/example_kubernetes_executor.py
[2024-08-28T10:17:05.273+0200] {logging_mixin.py:137} INFO - [2024-08-28T10:17:05.273+0200] {example_kubernetes_executor.py:42} WARNING - The example_kubernetes_executor example DAG requires the kubernetes provider. Please install it with: pip install apache-airflow[cncf.kubernetes]
[2024-08-28T10:17:05.274+0200] {processor.py:755} WARNING - No viable dags retrieved from /Users/roselina/opt/anaconda3/envs/python37/lib/python3.7/site-packages/airflow/example_dags/example_kubernetes_executor.py
[2024-08-28T10:17:05.281+0200] {processor.py:175} INFO - Processing /Users/roselina/opt/anaconda3/envs/python37/lib/python3.7/site-packages/airflow/example_dags/example_kubernetes_executor.py took 0.033 seconds
[2024-08-28T10:17:45.701+0200] {processor.py:153} INFO - Started process (PID=75446) to work on /Users/roselina/opt/anaconda3/envs/python37/lib/python3.7/site-packages/airflow/example_dags/example_kubernetes_executor.py
[2024-08-28T10:17:45.703+0200] {processor.py:743} INFO - Processing file /Users/roselina/opt/anaconda3/envs/python37/lib/python3.7/site-packages/airflow/example_dags/example_kubernetes_executor.py for tasks to queue
[2024-08-28T10:17:45.705+0200] {logging_mixin.py:137} INFO - [2024-08-28T10:17:45.704+0200] {dagbag.py:532} INFO - Filling up the DagBag from /Users/roselina/opt/anaconda3/envs/python37/lib/python3.7/site-packages/airflow/example_dags/example_kubernetes_executor.py
[2024-08-28T10:17:45.721+0200] {logging_mixin.py:137} INFO - [2024-08-28T10:17:45.721+0200] {example_kubernetes_executor.py:42} WARNING - The example_kubernetes_executor example DAG requires the kubernetes provider. Please install it with: pip install apache-airflow[cncf.kubernetes]
[2024-08-28T10:17:45.722+0200] {processor.py:755} WARNING - No viable dags retrieved from /Users/roselina/opt/anaconda3/envs/python37/lib/python3.7/site-packages/airflow/example_dags/example_kubernetes_executor.py
[2024-08-28T10:17:45.729+0200] {processor.py:175} INFO - Processing /Users/roselina/opt/anaconda3/envs/python37/lib/python3.7/site-packages/airflow/example_dags/example_kubernetes_executor.py took 0.033 seconds
[2024-08-28T10:44:09.267+0200] {processor.py:153} INFO - Started process (PID=75542) to work on /Users/roselina/opt/anaconda3/envs/python37/lib/python3.7/site-packages/airflow/example_dags/example_kubernetes_executor.py
[2024-08-28T10:44:09.270+0200] {processor.py:743} INFO - Processing file /Users/roselina/opt/anaconda3/envs/python37/lib/python3.7/site-packages/airflow/example_dags/example_kubernetes_executor.py for tasks to queue
[2024-08-28T10:44:09.271+0200] {logging_mixin.py:137} INFO - [2024-08-28T10:44:09.270+0200] {dagbag.py:532} INFO - Filling up the DagBag from /Users/roselina/opt/anaconda3/envs/python37/lib/python3.7/site-packages/airflow/example_dags/example_kubernetes_executor.py
[2024-08-28T10:44:09.291+0200] {logging_mixin.py:137} INFO - [2024-08-28T10:44:09.291+0200] {example_kubernetes_executor.py:42} WARNING - The example_kubernetes_executor example DAG requires the kubernetes provider. Please install it with: pip install apache-airflow[cncf.kubernetes]
[2024-08-28T10:44:09.291+0200] {processor.py:755} WARNING - No viable dags retrieved from /Users/roselina/opt/anaconda3/envs/python37/lib/python3.7/site-packages/airflow/example_dags/example_kubernetes_executor.py
[2024-08-28T10:44:09.298+0200] {processor.py:175} INFO - Processing /Users/roselina/opt/anaconda3/envs/python37/lib/python3.7/site-packages/airflow/example_dags/example_kubernetes_executor.py took 0.035 seconds
[2024-08-28T10:44:51.456+0200] {processor.py:153} INFO - Started process (PID=75604) to work on /Users/roselina/opt/anaconda3/envs/python37/lib/python3.7/site-packages/airflow/example_dags/example_kubernetes_executor.py
[2024-08-28T10:44:51.457+0200] {processor.py:743} INFO - Processing file /Users/roselina/opt/anaconda3/envs/python37/lib/python3.7/site-packages/airflow/example_dags/example_kubernetes_executor.py for tasks to queue
[2024-08-28T10:44:51.459+0200] {logging_mixin.py:137} INFO - [2024-08-28T10:44:51.458+0200] {dagbag.py:532} INFO - Filling up the DagBag from /Users/roselina/opt/anaconda3/envs/python37/lib/python3.7/site-packages/airflow/example_dags/example_kubernetes_executor.py
[2024-08-28T10:44:51.476+0200] {logging_mixin.py:137} INFO - [2024-08-28T10:44:51.476+0200] {example_kubernetes_executor.py:42} WARNING - The example_kubernetes_executor example DAG requires the kubernetes provider. Please install it with: pip install apache-airflow[cncf.kubernetes]
[2024-08-28T10:44:51.477+0200] {processor.py:755} WARNING - No viable dags retrieved from /Users/roselina/opt/anaconda3/envs/python37/lib/python3.7/site-packages/airflow/example_dags/example_kubernetes_executor.py
[2024-08-28T10:44:51.485+0200] {processor.py:175} INFO - Processing /Users/roselina/opt/anaconda3/envs/python37/lib/python3.7/site-packages/airflow/example_dags/example_kubernetes_executor.py took 0.034 seconds
[2024-08-28T10:45:32.926+0200] {processor.py:153} INFO - Started process (PID=75652) to work on /Users/roselina/opt/anaconda3/envs/python37/lib/python3.7/site-packages/airflow/example_dags/example_kubernetes_executor.py
[2024-08-28T10:45:32.927+0200] {processor.py:743} INFO - Processing file /Users/roselina/opt/anaconda3/envs/python37/lib/python3.7/site-packages/airflow/example_dags/example_kubernetes_executor.py for tasks to queue
[2024-08-28T10:45:32.929+0200] {logging_mixin.py:137} INFO - [2024-08-28T10:45:32.928+0200] {dagbag.py:532} INFO - Filling up the DagBag from /Users/roselina/opt/anaconda3/envs/python37/lib/python3.7/site-packages/airflow/example_dags/example_kubernetes_executor.py
[2024-08-28T10:45:32.947+0200] {logging_mixin.py:137} INFO - [2024-08-28T10:45:32.947+0200] {example_kubernetes_executor.py:42} WARNING - The example_kubernetes_executor example DAG requires the kubernetes provider. Please install it with: pip install apache-airflow[cncf.kubernetes]
[2024-08-28T10:45:32.948+0200] {processor.py:755} WARNING - No viable dags retrieved from /Users/roselina/opt/anaconda3/envs/python37/lib/python3.7/site-packages/airflow/example_dags/example_kubernetes_executor.py
[2024-08-28T10:45:32.956+0200] {processor.py:175} INFO - Processing /Users/roselina/opt/anaconda3/envs/python37/lib/python3.7/site-packages/airflow/example_dags/example_kubernetes_executor.py took 0.034 seconds
[2024-08-28T10:46:13.846+0200] {processor.py:153} INFO - Started process (PID=75697) to work on /Users/roselina/opt/anaconda3/envs/python37/lib/python3.7/site-packages/airflow/example_dags/example_kubernetes_executor.py
[2024-08-28T10:46:13.848+0200] {processor.py:743} INFO - Processing file /Users/roselina/opt/anaconda3/envs/python37/lib/python3.7/site-packages/airflow/example_dags/example_kubernetes_executor.py for tasks to queue
[2024-08-28T10:46:13.849+0200] {logging_mixin.py:137} INFO - [2024-08-28T10:46:13.849+0200] {dagbag.py:532} INFO - Filling up the DagBag from /Users/roselina/opt/anaconda3/envs/python37/lib/python3.7/site-packages/airflow/example_dags/example_kubernetes_executor.py
[2024-08-28T10:46:13.866+0200] {logging_mixin.py:137} INFO - [2024-08-28T10:46:13.866+0200] {example_kubernetes_executor.py:42} WARNING - The example_kubernetes_executor example DAG requires the kubernetes provider. Please install it with: pip install apache-airflow[cncf.kubernetes]
[2024-08-28T10:46:13.867+0200] {processor.py:755} WARNING - No viable dags retrieved from /Users/roselina/opt/anaconda3/envs/python37/lib/python3.7/site-packages/airflow/example_dags/example_kubernetes_executor.py
[2024-08-28T10:46:13.874+0200] {processor.py:175} INFO - Processing /Users/roselina/opt/anaconda3/envs/python37/lib/python3.7/site-packages/airflow/example_dags/example_kubernetes_executor.py took 0.032 seconds
[2024-08-28T10:46:55.080+0200] {processor.py:153} INFO - Started process (PID=75750) to work on /Users/roselina/opt/anaconda3/envs/python37/lib/python3.7/site-packages/airflow/example_dags/example_kubernetes_executor.py
[2024-08-28T10:46:55.082+0200] {processor.py:743} INFO - Processing file /Users/roselina/opt/anaconda3/envs/python37/lib/python3.7/site-packages/airflow/example_dags/example_kubernetes_executor.py for tasks to queue
[2024-08-28T10:46:55.084+0200] {logging_mixin.py:137} INFO - [2024-08-28T10:46:55.083+0200] {dagbag.py:532} INFO - Filling up the DagBag from /Users/roselina/opt/anaconda3/envs/python37/lib/python3.7/site-packages/airflow/example_dags/example_kubernetes_executor.py
[2024-08-28T10:46:55.101+0200] {logging_mixin.py:137} INFO - [2024-08-28T10:46:55.100+0200] {example_kubernetes_executor.py:42} WARNING - The example_kubernetes_executor example DAG requires the kubernetes provider. Please install it with: pip install apache-airflow[cncf.kubernetes]
[2024-08-28T10:46:55.101+0200] {processor.py:755} WARNING - No viable dags retrieved from /Users/roselina/opt/anaconda3/envs/python37/lib/python3.7/site-packages/airflow/example_dags/example_kubernetes_executor.py
[2024-08-28T10:46:55.108+0200] {processor.py:175} INFO - Processing /Users/roselina/opt/anaconda3/envs/python37/lib/python3.7/site-packages/airflow/example_dags/example_kubernetes_executor.py took 0.033 seconds
[2024-08-28T10:47:36.767+0200] {processor.py:153} INFO - Started process (PID=75798) to work on /Users/roselina/opt/anaconda3/envs/python37/lib/python3.7/site-packages/airflow/example_dags/example_kubernetes_executor.py
[2024-08-28T10:47:36.770+0200] {processor.py:743} INFO - Processing file /Users/roselina/opt/anaconda3/envs/python37/lib/python3.7/site-packages/airflow/example_dags/example_kubernetes_executor.py for tasks to queue
[2024-08-28T10:47:36.771+0200] {logging_mixin.py:137} INFO - [2024-08-28T10:47:36.771+0200] {dagbag.py:532} INFO - Filling up the DagBag from /Users/roselina/opt/anaconda3/envs/python37/lib/python3.7/site-packages/airflow/example_dags/example_kubernetes_executor.py
[2024-08-28T10:47:36.791+0200] {logging_mixin.py:137} INFO - [2024-08-28T10:47:36.791+0200] {example_kubernetes_executor.py:42} WARNING - The example_kubernetes_executor example DAG requires the kubernetes provider. Please install it with: pip install apache-airflow[cncf.kubernetes]
[2024-08-28T10:47:36.792+0200] {processor.py:755} WARNING - No viable dags retrieved from /Users/roselina/opt/anaconda3/envs/python37/lib/python3.7/site-packages/airflow/example_dags/example_kubernetes_executor.py
[2024-08-28T10:47:36.801+0200] {processor.py:175} INFO - Processing /Users/roselina/opt/anaconda3/envs/python37/lib/python3.7/site-packages/airflow/example_dags/example_kubernetes_executor.py took 0.038 seconds
[2024-08-28T10:48:18.219+0200] {processor.py:153} INFO - Started process (PID=75862) to work on /Users/roselina/opt/anaconda3/envs/python37/lib/python3.7/site-packages/airflow/example_dags/example_kubernetes_executor.py
[2024-08-28T10:48:18.222+0200] {processor.py:743} INFO - Processing file /Users/roselina/opt/anaconda3/envs/python37/lib/python3.7/site-packages/airflow/example_dags/example_kubernetes_executor.py for tasks to queue
[2024-08-28T10:48:18.223+0200] {logging_mixin.py:137} INFO - [2024-08-28T10:48:18.223+0200] {dagbag.py:532} INFO - Filling up the DagBag from /Users/roselina/opt/anaconda3/envs/python37/lib/python3.7/site-packages/airflow/example_dags/example_kubernetes_executor.py
[2024-08-28T10:48:18.245+0200] {logging_mixin.py:137} INFO - [2024-08-28T10:48:18.245+0200] {example_kubernetes_executor.py:42} WARNING - The example_kubernetes_executor example DAG requires the kubernetes provider. Please install it with: pip install apache-airflow[cncf.kubernetes]
[2024-08-28T10:48:18.246+0200] {processor.py:755} WARNING - No viable dags retrieved from /Users/roselina/opt/anaconda3/envs/python37/lib/python3.7/site-packages/airflow/example_dags/example_kubernetes_executor.py
[2024-08-28T10:48:18.254+0200] {processor.py:175} INFO - Processing /Users/roselina/opt/anaconda3/envs/python37/lib/python3.7/site-packages/airflow/example_dags/example_kubernetes_executor.py took 0.041 seconds
[2024-08-28T10:48:59.587+0200] {processor.py:153} INFO - Started process (PID=75920) to work on /Users/roselina/opt/anaconda3/envs/python37/lib/python3.7/site-packages/airflow/example_dags/example_kubernetes_executor.py
[2024-08-28T10:48:59.588+0200] {processor.py:743} INFO - Processing file /Users/roselina/opt/anaconda3/envs/python37/lib/python3.7/site-packages/airflow/example_dags/example_kubernetes_executor.py for tasks to queue
[2024-08-28T10:48:59.590+0200] {logging_mixin.py:137} INFO - [2024-08-28T10:48:59.589+0200] {dagbag.py:532} INFO - Filling up the DagBag from /Users/roselina/opt/anaconda3/envs/python37/lib/python3.7/site-packages/airflow/example_dags/example_kubernetes_executor.py
[2024-08-28T10:48:59.610+0200] {logging_mixin.py:137} INFO - [2024-08-28T10:48:59.610+0200] {example_kubernetes_executor.py:42} WARNING - The example_kubernetes_executor example DAG requires the kubernetes provider. Please install it with: pip install apache-airflow[cncf.kubernetes]
[2024-08-28T10:48:59.611+0200] {processor.py:755} WARNING - No viable dags retrieved from /Users/roselina/opt/anaconda3/envs/python37/lib/python3.7/site-packages/airflow/example_dags/example_kubernetes_executor.py
[2024-08-28T10:48:59.643+0200] {processor.py:175} INFO - Processing /Users/roselina/opt/anaconda3/envs/python37/lib/python3.7/site-packages/airflow/example_dags/example_kubernetes_executor.py took 0.061 seconds
[2024-08-28T10:49:41.051+0200] {processor.py:153} INFO - Started process (PID=75965) to work on /Users/roselina/opt/anaconda3/envs/python37/lib/python3.7/site-packages/airflow/example_dags/example_kubernetes_executor.py
[2024-08-28T10:49:41.052+0200] {processor.py:743} INFO - Processing file /Users/roselina/opt/anaconda3/envs/python37/lib/python3.7/site-packages/airflow/example_dags/example_kubernetes_executor.py for tasks to queue
[2024-08-28T10:49:41.054+0200] {logging_mixin.py:137} INFO - [2024-08-28T10:49:41.053+0200] {dagbag.py:532} INFO - Filling up the DagBag from /Users/roselina/opt/anaconda3/envs/python37/lib/python3.7/site-packages/airflow/example_dags/example_kubernetes_executor.py
[2024-08-28T10:49:41.078+0200] {logging_mixin.py:137} INFO - [2024-08-28T10:49:41.077+0200] {example_kubernetes_executor.py:42} WARNING - The example_kubernetes_executor example DAG requires the kubernetes provider. Please install it with: pip install apache-airflow[cncf.kubernetes]
[2024-08-28T10:49:41.078+0200] {processor.py:755} WARNING - No viable dags retrieved from /Users/roselina/opt/anaconda3/envs/python37/lib/python3.7/site-packages/airflow/example_dags/example_kubernetes_executor.py
[2024-08-28T10:49:41.085+0200] {processor.py:175} INFO - Processing /Users/roselina/opt/anaconda3/envs/python37/lib/python3.7/site-packages/airflow/example_dags/example_kubernetes_executor.py took 0.039 seconds
[2024-08-28T10:50:22.366+0200] {processor.py:153} INFO - Started process (PID=76010) to work on /Users/roselina/opt/anaconda3/envs/python37/lib/python3.7/site-packages/airflow/example_dags/example_kubernetes_executor.py
[2024-08-28T10:50:22.367+0200] {processor.py:743} INFO - Processing file /Users/roselina/opt/anaconda3/envs/python37/lib/python3.7/site-packages/airflow/example_dags/example_kubernetes_executor.py for tasks to queue
[2024-08-28T10:50:22.369+0200] {logging_mixin.py:137} INFO - [2024-08-28T10:50:22.368+0200] {dagbag.py:532} INFO - Filling up the DagBag from /Users/roselina/opt/anaconda3/envs/python37/lib/python3.7/site-packages/airflow/example_dags/example_kubernetes_executor.py
[2024-08-28T10:50:22.387+0200] {logging_mixin.py:137} INFO - [2024-08-28T10:50:22.386+0200] {example_kubernetes_executor.py:42} WARNING - The example_kubernetes_executor example DAG requires the kubernetes provider. Please install it with: pip install apache-airflow[cncf.kubernetes]
[2024-08-28T10:50:22.388+0200] {processor.py:755} WARNING - No viable dags retrieved from /Users/roselina/opt/anaconda3/envs/python37/lib/python3.7/site-packages/airflow/example_dags/example_kubernetes_executor.py
[2024-08-28T10:50:22.395+0200] {processor.py:175} INFO - Processing /Users/roselina/opt/anaconda3/envs/python37/lib/python3.7/site-packages/airflow/example_dags/example_kubernetes_executor.py took 0.033 seconds
[2024-08-28T10:51:03.011+0200] {processor.py:153} INFO - Started process (PID=76063) to work on /Users/roselina/opt/anaconda3/envs/python37/lib/python3.7/site-packages/airflow/example_dags/example_kubernetes_executor.py
[2024-08-28T10:51:03.013+0200] {processor.py:743} INFO - Processing file /Users/roselina/opt/anaconda3/envs/python37/lib/python3.7/site-packages/airflow/example_dags/example_kubernetes_executor.py for tasks to queue
[2024-08-28T10:51:03.014+0200] {logging_mixin.py:137} INFO - [2024-08-28T10:51:03.014+0200] {dagbag.py:532} INFO - Filling up the DagBag from /Users/roselina/opt/anaconda3/envs/python37/lib/python3.7/site-packages/airflow/example_dags/example_kubernetes_executor.py
[2024-08-28T10:51:03.032+0200] {logging_mixin.py:137} INFO - [2024-08-28T10:51:03.031+0200] {example_kubernetes_executor.py:42} WARNING - The example_kubernetes_executor example DAG requires the kubernetes provider. Please install it with: pip install apache-airflow[cncf.kubernetes]
[2024-08-28T10:51:03.032+0200] {processor.py:755} WARNING - No viable dags retrieved from /Users/roselina/opt/anaconda3/envs/python37/lib/python3.7/site-packages/airflow/example_dags/example_kubernetes_executor.py
[2024-08-28T10:51:03.040+0200] {processor.py:175} INFO - Processing /Users/roselina/opt/anaconda3/envs/python37/lib/python3.7/site-packages/airflow/example_dags/example_kubernetes_executor.py took 0.033 seconds
[2024-08-28T10:51:44.714+0200] {processor.py:153} INFO - Started process (PID=76116) to work on /Users/roselina/opt/anaconda3/envs/python37/lib/python3.7/site-packages/airflow/example_dags/example_kubernetes_executor.py
[2024-08-28T10:51:44.716+0200] {processor.py:743} INFO - Processing file /Users/roselina/opt/anaconda3/envs/python37/lib/python3.7/site-packages/airflow/example_dags/example_kubernetes_executor.py for tasks to queue
[2024-08-28T10:51:44.718+0200] {logging_mixin.py:137} INFO - [2024-08-28T10:51:44.717+0200] {dagbag.py:532} INFO - Filling up the DagBag from /Users/roselina/opt/anaconda3/envs/python37/lib/python3.7/site-packages/airflow/example_dags/example_kubernetes_executor.py
[2024-08-28T10:51:44.734+0200] {logging_mixin.py:137} INFO - [2024-08-28T10:51:44.734+0200] {example_kubernetes_executor.py:42} WARNING - The example_kubernetes_executor example DAG requires the kubernetes provider. Please install it with: pip install apache-airflow[cncf.kubernetes]
[2024-08-28T10:51:44.735+0200] {processor.py:755} WARNING - No viable dags retrieved from /Users/roselina/opt/anaconda3/envs/python37/lib/python3.7/site-packages/airflow/example_dags/example_kubernetes_executor.py
[2024-08-28T10:51:44.742+0200] {processor.py:175} INFO - Processing /Users/roselina/opt/anaconda3/envs/python37/lib/python3.7/site-packages/airflow/example_dags/example_kubernetes_executor.py took 0.032 seconds
[2024-08-28T10:52:25.419+0200] {processor.py:153} INFO - Started process (PID=76170) to work on /Users/roselina/opt/anaconda3/envs/python37/lib/python3.7/site-packages/airflow/example_dags/example_kubernetes_executor.py
[2024-08-28T10:52:25.421+0200] {processor.py:743} INFO - Processing file /Users/roselina/opt/anaconda3/envs/python37/lib/python3.7/site-packages/airflow/example_dags/example_kubernetes_executor.py for tasks to queue
[2024-08-28T10:52:25.423+0200] {logging_mixin.py:137} INFO - [2024-08-28T10:52:25.422+0200] {dagbag.py:532} INFO - Filling up the DagBag from /Users/roselina/opt/anaconda3/envs/python37/lib/python3.7/site-packages/airflow/example_dags/example_kubernetes_executor.py
[2024-08-28T10:52:25.439+0200] {logging_mixin.py:137} INFO - [2024-08-28T10:52:25.439+0200] {example_kubernetes_executor.py:42} WARNING - The example_kubernetes_executor example DAG requires the kubernetes provider. Please install it with: pip install apache-airflow[cncf.kubernetes]
[2024-08-28T10:52:25.439+0200] {processor.py:755} WARNING - No viable dags retrieved from /Users/roselina/opt/anaconda3/envs/python37/lib/python3.7/site-packages/airflow/example_dags/example_kubernetes_executor.py
[2024-08-28T10:52:25.446+0200] {processor.py:175} INFO - Processing /Users/roselina/opt/anaconda3/envs/python37/lib/python3.7/site-packages/airflow/example_dags/example_kubernetes_executor.py took 0.031 seconds
[2024-08-28T10:53:07.458+0200] {processor.py:153} INFO - Started process (PID=76217) to work on /Users/roselina/opt/anaconda3/envs/python37/lib/python3.7/site-packages/airflow/example_dags/example_kubernetes_executor.py
[2024-08-28T10:53:07.461+0200] {processor.py:743} INFO - Processing file /Users/roselina/opt/anaconda3/envs/python37/lib/python3.7/site-packages/airflow/example_dags/example_kubernetes_executor.py for tasks to queue
[2024-08-28T10:53:07.462+0200] {logging_mixin.py:137} INFO - [2024-08-28T10:53:07.461+0200] {dagbag.py:532} INFO - Filling up the DagBag from /Users/roselina/opt/anaconda3/envs/python37/lib/python3.7/site-packages/airflow/example_dags/example_kubernetes_executor.py
[2024-08-28T10:53:07.480+0200] {logging_mixin.py:137} INFO - [2024-08-28T10:53:07.479+0200] {example_kubernetes_executor.py:42} WARNING - The example_kubernetes_executor example DAG requires the kubernetes provider. Please install it with: pip install apache-airflow[cncf.kubernetes]
[2024-08-28T10:53:07.480+0200] {processor.py:755} WARNING - No viable dags retrieved from /Users/roselina/opt/anaconda3/envs/python37/lib/python3.7/site-packages/airflow/example_dags/example_kubernetes_executor.py
[2024-08-28T10:53:07.488+0200] {processor.py:175} INFO - Processing /Users/roselina/opt/anaconda3/envs/python37/lib/python3.7/site-packages/airflow/example_dags/example_kubernetes_executor.py took 0.034 seconds
