[2024-08-28T10:11:15.355+0200] {processor.py:153} INFO - Started process (PID=74928) to work on /Users/roselina/opt/anaconda3/envs/python37/lib/python3.7/site-packages/airflow/example_dags/example_task_group_decorator.py
[2024-08-28T10:11:15.356+0200] {processor.py:743} INFO - Processing file /Users/roselina/opt/anaconda3/envs/python37/lib/python3.7/site-packages/airflow/example_dags/example_task_group_decorator.py for tasks to queue
[2024-08-28T10:11:15.357+0200] {logging_mixin.py:137} INFO - [2024-08-28T10:11:15.356+0200] {dagbag.py:532} INFO - Filling up the DagBag from /Users/roselina/opt/anaconda3/envs/python37/lib/python3.7/site-packages/airflow/example_dags/example_task_group_decorator.py
[2024-08-28T10:11:15.378+0200] {processor.py:753} INFO - DAG(s) dict_keys(['example_task_group_decorator']) retrieved from /Users/roselina/opt/anaconda3/envs/python37/lib/python3.7/site-packages/airflow/example_dags/example_task_group_decorator.py
[2024-08-28T10:11:15.437+0200] {logging_mixin.py:137} INFO - [2024-08-28T10:11:15.437+0200] {manager.py:504} INFO - Created Permission View: can read on DAG:example_task_group_decorator
[2024-08-28T10:11:15.442+0200] {logging_mixin.py:137} INFO - [2024-08-28T10:11:15.442+0200] {manager.py:504} INFO - Created Permission View: can delete on DAG:example_task_group_decorator
[2024-08-28T10:11:15.449+0200] {logging_mixin.py:137} INFO - [2024-08-28T10:11:15.448+0200] {manager.py:504} INFO - Created Permission View: can edit on DAG:example_task_group_decorator
[2024-08-28T10:11:15.449+0200] {logging_mixin.py:137} INFO - [2024-08-28T10:11:15.449+0200] {dag.py:2705} INFO - Sync 1 DAGs
[2024-08-28T10:11:15.457+0200] {logging_mixin.py:137} INFO - [2024-08-28T10:11:15.457+0200] {dag.py:2726} INFO - Creating ORM DAG for example_task_group_decorator
[2024-08-28T10:11:15.463+0200] {logging_mixin.py:137} INFO - [2024-08-28T10:11:15.463+0200] {dag.py:3456} INFO - Setting next_dagrun for example_task_group_decorator to 2024-08-27T08:11:15.463136+00:00, run_after=2024-08-28T08:11:15.463136+00:00
[2024-08-28T10:11:15.473+0200] {processor.py:175} INFO - Processing /Users/roselina/opt/anaconda3/envs/python37/lib/python3.7/site-packages/airflow/example_dags/example_task_group_decorator.py took 0.120 seconds
[2024-08-28T10:11:59.642+0200] {processor.py:153} INFO - Started process (PID=74984) to work on /Users/roselina/opt/anaconda3/envs/python37/lib/python3.7/site-packages/airflow/example_dags/example_task_group_decorator.py
[2024-08-28T10:11:59.643+0200] {processor.py:743} INFO - Processing file /Users/roselina/opt/anaconda3/envs/python37/lib/python3.7/site-packages/airflow/example_dags/example_task_group_decorator.py for tasks to queue
[2024-08-28T10:11:59.644+0200] {logging_mixin.py:137} INFO - [2024-08-28T10:11:59.644+0200] {dagbag.py:532} INFO - Filling up the DagBag from /Users/roselina/opt/anaconda3/envs/python37/lib/python3.7/site-packages/airflow/example_dags/example_task_group_decorator.py
[2024-08-28T10:11:59.671+0200] {processor.py:753} INFO - DAG(s) dict_keys(['example_task_group_decorator']) retrieved from /Users/roselina/opt/anaconda3/envs/python37/lib/python3.7/site-packages/airflow/example_dags/example_task_group_decorator.py
[2024-08-28T10:11:59.687+0200] {logging_mixin.py:137} INFO - [2024-08-28T10:11:59.687+0200] {dag.py:2705} INFO - Sync 1 DAGs
[2024-08-28T10:11:59.699+0200] {logging_mixin.py:137} INFO - [2024-08-28T10:11:59.699+0200] {dag.py:3456} INFO - Setting next_dagrun for example_task_group_decorator to 2024-08-27T08:11:59.699288+00:00, run_after=2024-08-28T08:11:59.699288+00:00
[2024-08-28T10:11:59.709+0200] {processor.py:175} INFO - Processing /Users/roselina/opt/anaconda3/envs/python37/lib/python3.7/site-packages/airflow/example_dags/example_task_group_decorator.py took 0.071 seconds
[2024-08-28T10:12:39.831+0200] {processor.py:153} INFO - Started process (PID=75049) to work on /Users/roselina/opt/anaconda3/envs/python37/lib/python3.7/site-packages/airflow/example_dags/example_task_group_decorator.py
[2024-08-28T10:12:39.833+0200] {processor.py:743} INFO - Processing file /Users/roselina/opt/anaconda3/envs/python37/lib/python3.7/site-packages/airflow/example_dags/example_task_group_decorator.py for tasks to queue
[2024-08-28T10:12:39.834+0200] {logging_mixin.py:137} INFO - [2024-08-28T10:12:39.834+0200] {dagbag.py:532} INFO - Filling up the DagBag from /Users/roselina/opt/anaconda3/envs/python37/lib/python3.7/site-packages/airflow/example_dags/example_task_group_decorator.py
[2024-08-28T10:12:39.866+0200] {processor.py:753} INFO - DAG(s) dict_keys(['example_task_group_decorator']) retrieved from /Users/roselina/opt/anaconda3/envs/python37/lib/python3.7/site-packages/airflow/example_dags/example_task_group_decorator.py
[2024-08-28T10:12:39.882+0200] {logging_mixin.py:137} INFO - [2024-08-28T10:12:39.882+0200] {dag.py:2705} INFO - Sync 1 DAGs
[2024-08-28T10:12:39.894+0200] {logging_mixin.py:137} INFO - [2024-08-28T10:12:39.893+0200] {dag.py:3456} INFO - Setting next_dagrun for example_task_group_decorator to 2024-08-27T08:12:39.893800+00:00, run_after=2024-08-28T08:12:39.893800+00:00
[2024-08-28T10:12:39.904+0200] {processor.py:175} INFO - Processing /Users/roselina/opt/anaconda3/envs/python37/lib/python3.7/site-packages/airflow/example_dags/example_task_group_decorator.py took 0.078 seconds
[2024-08-28T10:13:22.520+0200] {processor.py:153} INFO - Started process (PID=75113) to work on /Users/roselina/opt/anaconda3/envs/python37/lib/python3.7/site-packages/airflow/example_dags/example_task_group_decorator.py
[2024-08-28T10:13:22.522+0200] {processor.py:743} INFO - Processing file /Users/roselina/opt/anaconda3/envs/python37/lib/python3.7/site-packages/airflow/example_dags/example_task_group_decorator.py for tasks to queue
[2024-08-28T10:13:22.523+0200] {logging_mixin.py:137} INFO - [2024-08-28T10:13:22.523+0200] {dagbag.py:532} INFO - Filling up the DagBag from /Users/roselina/opt/anaconda3/envs/python37/lib/python3.7/site-packages/airflow/example_dags/example_task_group_decorator.py
[2024-08-28T10:13:22.549+0200] {processor.py:753} INFO - DAG(s) dict_keys(['example_task_group_decorator']) retrieved from /Users/roselina/opt/anaconda3/envs/python37/lib/python3.7/site-packages/airflow/example_dags/example_task_group_decorator.py
[2024-08-28T10:13:22.570+0200] {logging_mixin.py:137} INFO - [2024-08-28T10:13:22.570+0200] {dag.py:2705} INFO - Sync 1 DAGs
[2024-08-28T10:13:22.583+0200] {logging_mixin.py:137} INFO - [2024-08-28T10:13:22.582+0200] {dag.py:3456} INFO - Setting next_dagrun for example_task_group_decorator to 2024-08-27T08:13:22.582585+00:00, run_after=2024-08-28T08:13:22.582585+00:00
[2024-08-28T10:13:22.593+0200] {processor.py:175} INFO - Processing /Users/roselina/opt/anaconda3/envs/python37/lib/python3.7/site-packages/airflow/example_dags/example_task_group_decorator.py took 0.076 seconds
[2024-08-28T10:14:04.408+0200] {processor.py:153} INFO - Started process (PID=75189) to work on /Users/roselina/opt/anaconda3/envs/python37/lib/python3.7/site-packages/airflow/example_dags/example_task_group_decorator.py
[2024-08-28T10:14:04.411+0200] {processor.py:743} INFO - Processing file /Users/roselina/opt/anaconda3/envs/python37/lib/python3.7/site-packages/airflow/example_dags/example_task_group_decorator.py for tasks to queue
[2024-08-28T10:14:04.412+0200] {logging_mixin.py:137} INFO - [2024-08-28T10:14:04.412+0200] {dagbag.py:532} INFO - Filling up the DagBag from /Users/roselina/opt/anaconda3/envs/python37/lib/python3.7/site-packages/airflow/example_dags/example_task_group_decorator.py
[2024-08-28T10:14:04.441+0200] {processor.py:753} INFO - DAG(s) dict_keys(['example_task_group_decorator']) retrieved from /Users/roselina/opt/anaconda3/envs/python37/lib/python3.7/site-packages/airflow/example_dags/example_task_group_decorator.py
[2024-08-28T10:14:04.457+0200] {logging_mixin.py:137} INFO - [2024-08-28T10:14:04.456+0200] {dag.py:2705} INFO - Sync 1 DAGs
[2024-08-28T10:14:04.469+0200] {logging_mixin.py:137} INFO - [2024-08-28T10:14:04.469+0200] {dag.py:3456} INFO - Setting next_dagrun for example_task_group_decorator to 2024-08-27T08:14:04.469276+00:00, run_after=2024-08-28T08:14:04.469276+00:00
[2024-08-28T10:14:04.479+0200] {processor.py:175} INFO - Processing /Users/roselina/opt/anaconda3/envs/python37/lib/python3.7/site-packages/airflow/example_dags/example_task_group_decorator.py took 0.084 seconds
[2024-08-28T10:14:47.277+0200] {processor.py:153} INFO - Started process (PID=75239) to work on /Users/roselina/opt/anaconda3/envs/python37/lib/python3.7/site-packages/airflow/example_dags/example_task_group_decorator.py
[2024-08-28T10:14:47.278+0200] {processor.py:743} INFO - Processing file /Users/roselina/opt/anaconda3/envs/python37/lib/python3.7/site-packages/airflow/example_dags/example_task_group_decorator.py for tasks to queue
[2024-08-28T10:14:47.279+0200] {logging_mixin.py:137} INFO - [2024-08-28T10:14:47.279+0200] {dagbag.py:532} INFO - Filling up the DagBag from /Users/roselina/opt/anaconda3/envs/python37/lib/python3.7/site-packages/airflow/example_dags/example_task_group_decorator.py
[2024-08-28T10:14:47.304+0200] {processor.py:753} INFO - DAG(s) dict_keys(['example_task_group_decorator']) retrieved from /Users/roselina/opt/anaconda3/envs/python37/lib/python3.7/site-packages/airflow/example_dags/example_task_group_decorator.py
[2024-08-28T10:14:47.320+0200] {logging_mixin.py:137} INFO - [2024-08-28T10:14:47.320+0200] {dag.py:2705} INFO - Sync 1 DAGs
[2024-08-28T10:14:47.334+0200] {logging_mixin.py:137} INFO - [2024-08-28T10:14:47.333+0200] {dag.py:3456} INFO - Setting next_dagrun for example_task_group_decorator to 2024-08-27T08:14:47.333551+00:00, run_after=2024-08-28T08:14:47.333551+00:00
[2024-08-28T10:14:47.345+0200] {processor.py:175} INFO - Processing /Users/roselina/opt/anaconda3/envs/python37/lib/python3.7/site-packages/airflow/example_dags/example_task_group_decorator.py took 0.070 seconds
[2024-08-28T10:15:27.966+0200] {processor.py:153} INFO - Started process (PID=75283) to work on /Users/roselina/opt/anaconda3/envs/python37/lib/python3.7/site-packages/airflow/example_dags/example_task_group_decorator.py
[2024-08-28T10:15:27.967+0200] {processor.py:743} INFO - Processing file /Users/roselina/opt/anaconda3/envs/python37/lib/python3.7/site-packages/airflow/example_dags/example_task_group_decorator.py for tasks to queue
[2024-08-28T10:15:27.969+0200] {logging_mixin.py:137} INFO - [2024-08-28T10:15:27.968+0200] {dagbag.py:532} INFO - Filling up the DagBag from /Users/roselina/opt/anaconda3/envs/python37/lib/python3.7/site-packages/airflow/example_dags/example_task_group_decorator.py
[2024-08-28T10:15:27.999+0200] {processor.py:753} INFO - DAG(s) dict_keys(['example_task_group_decorator']) retrieved from /Users/roselina/opt/anaconda3/envs/python37/lib/python3.7/site-packages/airflow/example_dags/example_task_group_decorator.py
[2024-08-28T10:15:28.016+0200] {logging_mixin.py:137} INFO - [2024-08-28T10:15:28.015+0200] {dag.py:2705} INFO - Sync 1 DAGs
[2024-08-28T10:15:28.027+0200] {logging_mixin.py:137} INFO - [2024-08-28T10:15:28.027+0200] {dag.py:3456} INFO - Setting next_dagrun for example_task_group_decorator to 2024-08-27T08:15:28.027077+00:00, run_after=2024-08-28T08:15:28.027077+00:00
[2024-08-28T10:15:28.036+0200] {processor.py:175} INFO - Processing /Users/roselina/opt/anaconda3/envs/python37/lib/python3.7/site-packages/airflow/example_dags/example_task_group_decorator.py took 0.075 seconds
[2024-08-28T10:16:07.528+0200] {processor.py:153} INFO - Started process (PID=75328) to work on /Users/roselina/opt/anaconda3/envs/python37/lib/python3.7/site-packages/airflow/example_dags/example_task_group_decorator.py
[2024-08-28T10:16:07.529+0200] {processor.py:743} INFO - Processing file /Users/roselina/opt/anaconda3/envs/python37/lib/python3.7/site-packages/airflow/example_dags/example_task_group_decorator.py for tasks to queue
[2024-08-28T10:16:07.530+0200] {logging_mixin.py:137} INFO - [2024-08-28T10:16:07.530+0200] {dagbag.py:532} INFO - Filling up the DagBag from /Users/roselina/opt/anaconda3/envs/python37/lib/python3.7/site-packages/airflow/example_dags/example_task_group_decorator.py
[2024-08-28T10:16:07.555+0200] {processor.py:753} INFO - DAG(s) dict_keys(['example_task_group_decorator']) retrieved from /Users/roselina/opt/anaconda3/envs/python37/lib/python3.7/site-packages/airflow/example_dags/example_task_group_decorator.py
[2024-08-28T10:16:07.574+0200] {logging_mixin.py:137} INFO - [2024-08-28T10:16:07.574+0200] {dag.py:2705} INFO - Sync 1 DAGs
[2024-08-28T10:16:07.588+0200] {logging_mixin.py:137} INFO - [2024-08-28T10:16:07.588+0200] {dag.py:3456} INFO - Setting next_dagrun for example_task_group_decorator to 2024-08-27T08:16:07.588093+00:00, run_after=2024-08-28T08:16:07.588093+00:00
[2024-08-28T10:16:07.599+0200] {processor.py:175} INFO - Processing /Users/roselina/opt/anaconda3/envs/python37/lib/python3.7/site-packages/airflow/example_dags/example_task_group_decorator.py took 0.074 seconds
[2024-08-28T10:16:48.904+0200] {processor.py:153} INFO - Started process (PID=75373) to work on /Users/roselina/opt/anaconda3/envs/python37/lib/python3.7/site-packages/airflow/example_dags/example_task_group_decorator.py
[2024-08-28T10:16:48.906+0200] {processor.py:743} INFO - Processing file /Users/roselina/opt/anaconda3/envs/python37/lib/python3.7/site-packages/airflow/example_dags/example_task_group_decorator.py for tasks to queue
[2024-08-28T10:16:48.907+0200] {logging_mixin.py:137} INFO - [2024-08-28T10:16:48.907+0200] {dagbag.py:532} INFO - Filling up the DagBag from /Users/roselina/opt/anaconda3/envs/python37/lib/python3.7/site-packages/airflow/example_dags/example_task_group_decorator.py
[2024-08-28T10:16:48.935+0200] {processor.py:753} INFO - DAG(s) dict_keys(['example_task_group_decorator']) retrieved from /Users/roselina/opt/anaconda3/envs/python37/lib/python3.7/site-packages/airflow/example_dags/example_task_group_decorator.py
[2024-08-28T10:16:48.950+0200] {logging_mixin.py:137} INFO - [2024-08-28T10:16:48.950+0200] {dag.py:2705} INFO - Sync 1 DAGs
[2024-08-28T10:16:48.962+0200] {logging_mixin.py:137} INFO - [2024-08-28T10:16:48.962+0200] {dag.py:3456} INFO - Setting next_dagrun for example_task_group_decorator to 2024-08-27T08:16:48.962275+00:00, run_after=2024-08-28T08:16:48.962275+00:00
[2024-08-28T10:16:48.972+0200] {processor.py:175} INFO - Processing /Users/roselina/opt/anaconda3/envs/python37/lib/python3.7/site-packages/airflow/example_dags/example_task_group_decorator.py took 0.073 seconds
[2024-08-28T10:17:30.203+0200] {processor.py:153} INFO - Started process (PID=75427) to work on /Users/roselina/opt/anaconda3/envs/python37/lib/python3.7/site-packages/airflow/example_dags/example_task_group_decorator.py
[2024-08-28T10:17:30.205+0200] {processor.py:743} INFO - Processing file /Users/roselina/opt/anaconda3/envs/python37/lib/python3.7/site-packages/airflow/example_dags/example_task_group_decorator.py for tasks to queue
[2024-08-28T10:17:30.206+0200] {logging_mixin.py:137} INFO - [2024-08-28T10:17:30.206+0200] {dagbag.py:532} INFO - Filling up the DagBag from /Users/roselina/opt/anaconda3/envs/python37/lib/python3.7/site-packages/airflow/example_dags/example_task_group_decorator.py
[2024-08-28T10:17:30.235+0200] {processor.py:753} INFO - DAG(s) dict_keys(['example_task_group_decorator']) retrieved from /Users/roselina/opt/anaconda3/envs/python37/lib/python3.7/site-packages/airflow/example_dags/example_task_group_decorator.py
[2024-08-28T10:17:30.255+0200] {logging_mixin.py:137} INFO - [2024-08-28T10:17:30.255+0200] {dag.py:2705} INFO - Sync 1 DAGs
[2024-08-28T10:17:30.268+0200] {logging_mixin.py:137} INFO - [2024-08-28T10:17:30.268+0200] {dag.py:3456} INFO - Setting next_dagrun for example_task_group_decorator to 2024-08-27T08:17:30.268268+00:00, run_after=2024-08-28T08:17:30.268268+00:00
[2024-08-28T10:17:30.278+0200] {processor.py:175} INFO - Processing /Users/roselina/opt/anaconda3/envs/python37/lib/python3.7/site-packages/airflow/example_dags/example_task_group_decorator.py took 0.080 seconds
[2024-08-28T10:43:52.866+0200] {processor.py:153} INFO - Started process (PID=75521) to work on /Users/roselina/opt/anaconda3/envs/python37/lib/python3.7/site-packages/airflow/example_dags/example_task_group_decorator.py
[2024-08-28T10:43:52.868+0200] {processor.py:743} INFO - Processing file /Users/roselina/opt/anaconda3/envs/python37/lib/python3.7/site-packages/airflow/example_dags/example_task_group_decorator.py for tasks to queue
[2024-08-28T10:43:52.869+0200] {logging_mixin.py:137} INFO - [2024-08-28T10:43:52.869+0200] {dagbag.py:532} INFO - Filling up the DagBag from /Users/roselina/opt/anaconda3/envs/python37/lib/python3.7/site-packages/airflow/example_dags/example_task_group_decorator.py
[2024-08-28T10:43:52.894+0200] {processor.py:753} INFO - DAG(s) dict_keys(['example_task_group_decorator']) retrieved from /Users/roselina/opt/anaconda3/envs/python37/lib/python3.7/site-packages/airflow/example_dags/example_task_group_decorator.py
[2024-08-28T10:43:52.909+0200] {logging_mixin.py:137} INFO - [2024-08-28T10:43:52.909+0200] {dag.py:2705} INFO - Sync 1 DAGs
[2024-08-28T10:43:52.921+0200] {logging_mixin.py:137} INFO - [2024-08-28T10:43:52.921+0200] {dag.py:3456} INFO - Setting next_dagrun for example_task_group_decorator to 2024-08-27T08:43:52.921019+00:00, run_after=2024-08-28T08:43:52.921019+00:00
[2024-08-28T10:43:52.931+0200] {processor.py:175} INFO - Processing /Users/roselina/opt/anaconda3/envs/python37/lib/python3.7/site-packages/airflow/example_dags/example_task_group_decorator.py took 0.068 seconds
[2024-08-28T10:44:35.234+0200] {processor.py:153} INFO - Started process (PID=75576) to work on /Users/roselina/opt/anaconda3/envs/python37/lib/python3.7/site-packages/airflow/example_dags/example_task_group_decorator.py
[2024-08-28T10:44:35.236+0200] {processor.py:743} INFO - Processing file /Users/roselina/opt/anaconda3/envs/python37/lib/python3.7/site-packages/airflow/example_dags/example_task_group_decorator.py for tasks to queue
[2024-08-28T10:44:35.237+0200] {logging_mixin.py:137} INFO - [2024-08-28T10:44:35.237+0200] {dagbag.py:532} INFO - Filling up the DagBag from /Users/roselina/opt/anaconda3/envs/python37/lib/python3.7/site-packages/airflow/example_dags/example_task_group_decorator.py
[2024-08-28T10:44:35.264+0200] {processor.py:753} INFO - DAG(s) dict_keys(['example_task_group_decorator']) retrieved from /Users/roselina/opt/anaconda3/envs/python37/lib/python3.7/site-packages/airflow/example_dags/example_task_group_decorator.py
[2024-08-28T10:44:35.284+0200] {logging_mixin.py:137} INFO - [2024-08-28T10:44:35.284+0200] {dag.py:2705} INFO - Sync 1 DAGs
[2024-08-28T10:44:35.297+0200] {logging_mixin.py:137} INFO - [2024-08-28T10:44:35.297+0200] {dag.py:3456} INFO - Setting next_dagrun for example_task_group_decorator to 2024-08-27T08:44:35.296907+00:00, run_after=2024-08-28T08:44:35.296907+00:00
[2024-08-28T10:44:35.307+0200] {processor.py:175} INFO - Processing /Users/roselina/opt/anaconda3/envs/python37/lib/python3.7/site-packages/airflow/example_dags/example_task_group_decorator.py took 0.079 seconds
[2024-08-28T10:45:17.440+0200] {processor.py:153} INFO - Started process (PID=75634) to work on /Users/roselina/opt/anaconda3/envs/python37/lib/python3.7/site-packages/airflow/example_dags/example_task_group_decorator.py
[2024-08-28T10:45:17.441+0200] {processor.py:743} INFO - Processing file /Users/roselina/opt/anaconda3/envs/python37/lib/python3.7/site-packages/airflow/example_dags/example_task_group_decorator.py for tasks to queue
[2024-08-28T10:45:17.443+0200] {logging_mixin.py:137} INFO - [2024-08-28T10:45:17.442+0200] {dagbag.py:532} INFO - Filling up the DagBag from /Users/roselina/opt/anaconda3/envs/python37/lib/python3.7/site-packages/airflow/example_dags/example_task_group_decorator.py
[2024-08-28T10:45:17.472+0200] {processor.py:753} INFO - DAG(s) dict_keys(['example_task_group_decorator']) retrieved from /Users/roselina/opt/anaconda3/envs/python37/lib/python3.7/site-packages/airflow/example_dags/example_task_group_decorator.py
[2024-08-28T10:45:17.492+0200] {logging_mixin.py:137} INFO - [2024-08-28T10:45:17.488+0200] {dag.py:2705} INFO - Sync 1 DAGs
[2024-08-28T10:45:17.504+0200] {logging_mixin.py:137} INFO - [2024-08-28T10:45:17.504+0200] {dag.py:3456} INFO - Setting next_dagrun for example_task_group_decorator to 2024-08-27T08:45:17.504070+00:00, run_after=2024-08-28T08:45:17.504070+00:00
[2024-08-28T10:45:17.515+0200] {processor.py:175} INFO - Processing /Users/roselina/opt/anaconda3/envs/python37/lib/python3.7/site-packages/airflow/example_dags/example_task_group_decorator.py took 0.080 seconds
[2024-08-28T10:45:58.608+0200] {processor.py:153} INFO - Started process (PID=75680) to work on /Users/roselina/opt/anaconda3/envs/python37/lib/python3.7/site-packages/airflow/example_dags/example_task_group_decorator.py
[2024-08-28T10:45:58.609+0200] {processor.py:743} INFO - Processing file /Users/roselina/opt/anaconda3/envs/python37/lib/python3.7/site-packages/airflow/example_dags/example_task_group_decorator.py for tasks to queue
[2024-08-28T10:45:58.610+0200] {logging_mixin.py:137} INFO - [2024-08-28T10:45:58.610+0200] {dagbag.py:532} INFO - Filling up the DagBag from /Users/roselina/opt/anaconda3/envs/python37/lib/python3.7/site-packages/airflow/example_dags/example_task_group_decorator.py
[2024-08-28T10:45:58.637+0200] {processor.py:753} INFO - DAG(s) dict_keys(['example_task_group_decorator']) retrieved from /Users/roselina/opt/anaconda3/envs/python37/lib/python3.7/site-packages/airflow/example_dags/example_task_group_decorator.py
[2024-08-28T10:45:58.653+0200] {logging_mixin.py:137} INFO - [2024-08-28T10:45:58.653+0200] {dag.py:2705} INFO - Sync 1 DAGs
[2024-08-28T10:45:58.666+0200] {logging_mixin.py:137} INFO - [2024-08-28T10:45:58.666+0200] {dag.py:3456} INFO - Setting next_dagrun for example_task_group_decorator to 2024-08-27T08:45:58.665795+00:00, run_after=2024-08-28T08:45:58.665795+00:00
[2024-08-28T10:45:58.676+0200] {processor.py:175} INFO - Processing /Users/roselina/opt/anaconda3/envs/python37/lib/python3.7/site-packages/airflow/example_dags/example_task_group_decorator.py took 0.072 seconds
[2024-08-28T10:46:40.082+0200] {processor.py:153} INFO - Started process (PID=75725) to work on /Users/roselina/opt/anaconda3/envs/python37/lib/python3.7/site-packages/airflow/example_dags/example_task_group_decorator.py
[2024-08-28T10:46:40.084+0200] {processor.py:743} INFO - Processing file /Users/roselina/opt/anaconda3/envs/python37/lib/python3.7/site-packages/airflow/example_dags/example_task_group_decorator.py for tasks to queue
[2024-08-28T10:46:40.085+0200] {logging_mixin.py:137} INFO - [2024-08-28T10:46:40.085+0200] {dagbag.py:532} INFO - Filling up the DagBag from /Users/roselina/opt/anaconda3/envs/python37/lib/python3.7/site-packages/airflow/example_dags/example_task_group_decorator.py
[2024-08-28T10:46:40.112+0200] {processor.py:753} INFO - DAG(s) dict_keys(['example_task_group_decorator']) retrieved from /Users/roselina/opt/anaconda3/envs/python37/lib/python3.7/site-packages/airflow/example_dags/example_task_group_decorator.py
[2024-08-28T10:46:40.127+0200] {logging_mixin.py:137} INFO - [2024-08-28T10:46:40.127+0200] {dag.py:2705} INFO - Sync 1 DAGs
[2024-08-28T10:46:40.139+0200] {logging_mixin.py:137} INFO - [2024-08-28T10:46:40.139+0200] {dag.py:3456} INFO - Setting next_dagrun for example_task_group_decorator to 2024-08-27T08:46:40.139353+00:00, run_after=2024-08-28T08:46:40.139353+00:00
[2024-08-28T10:46:40.149+0200] {processor.py:175} INFO - Processing /Users/roselina/opt/anaconda3/envs/python37/lib/python3.7/site-packages/airflow/example_dags/example_task_group_decorator.py took 0.071 seconds
[2024-08-28T10:47:20.985+0200] {processor.py:153} INFO - Started process (PID=75780) to work on /Users/roselina/opt/anaconda3/envs/python37/lib/python3.7/site-packages/airflow/example_dags/example_task_group_decorator.py
[2024-08-28T10:47:20.986+0200] {processor.py:743} INFO - Processing file /Users/roselina/opt/anaconda3/envs/python37/lib/python3.7/site-packages/airflow/example_dags/example_task_group_decorator.py for tasks to queue
[2024-08-28T10:47:20.988+0200] {logging_mixin.py:137} INFO - [2024-08-28T10:47:20.987+0200] {dagbag.py:532} INFO - Filling up the DagBag from /Users/roselina/opt/anaconda3/envs/python37/lib/python3.7/site-packages/airflow/example_dags/example_task_group_decorator.py
[2024-08-28T10:47:21.017+0200] {processor.py:753} INFO - DAG(s) dict_keys(['example_task_group_decorator']) retrieved from /Users/roselina/opt/anaconda3/envs/python37/lib/python3.7/site-packages/airflow/example_dags/example_task_group_decorator.py
[2024-08-28T10:47:21.033+0200] {logging_mixin.py:137} INFO - [2024-08-28T10:47:21.033+0200] {dag.py:2705} INFO - Sync 1 DAGs
[2024-08-28T10:47:21.045+0200] {logging_mixin.py:137} INFO - [2024-08-28T10:47:21.045+0200] {dag.py:3456} INFO - Setting next_dagrun for example_task_group_decorator to 2024-08-27T08:47:21.045320+00:00, run_after=2024-08-28T08:47:21.045320+00:00
[2024-08-28T10:47:21.055+0200] {processor.py:175} INFO - Processing /Users/roselina/opt/anaconda3/envs/python37/lib/python3.7/site-packages/airflow/example_dags/example_task_group_decorator.py took 0.075 seconds
[2024-08-28T10:48:02.445+0200] {processor.py:153} INFO - Started process (PID=75830) to work on /Users/roselina/opt/anaconda3/envs/python37/lib/python3.7/site-packages/airflow/example_dags/example_task_group_decorator.py
[2024-08-28T10:48:02.448+0200] {processor.py:743} INFO - Processing file /Users/roselina/opt/anaconda3/envs/python37/lib/python3.7/site-packages/airflow/example_dags/example_task_group_decorator.py for tasks to queue
[2024-08-28T10:48:02.449+0200] {logging_mixin.py:137} INFO - [2024-08-28T10:48:02.449+0200] {dagbag.py:532} INFO - Filling up the DagBag from /Users/roselina/opt/anaconda3/envs/python37/lib/python3.7/site-packages/airflow/example_dags/example_task_group_decorator.py
[2024-08-28T10:48:02.479+0200] {processor.py:753} INFO - DAG(s) dict_keys(['example_task_group_decorator']) retrieved from /Users/roselina/opt/anaconda3/envs/python37/lib/python3.7/site-packages/airflow/example_dags/example_task_group_decorator.py
[2024-08-28T10:48:02.497+0200] {logging_mixin.py:137} INFO - [2024-08-28T10:48:02.496+0200] {dag.py:2705} INFO - Sync 1 DAGs
[2024-08-28T10:48:02.508+0200] {logging_mixin.py:137} INFO - [2024-08-28T10:48:02.508+0200] {dag.py:3456} INFO - Setting next_dagrun for example_task_group_decorator to 2024-08-27T08:48:02.507855+00:00, run_after=2024-08-28T08:48:02.507855+00:00
[2024-08-28T10:48:02.517+0200] {processor.py:175} INFO - Processing /Users/roselina/opt/anaconda3/envs/python37/lib/python3.7/site-packages/airflow/example_dags/example_task_group_decorator.py took 0.077 seconds
[2024-08-28T10:48:43.881+0200] {processor.py:153} INFO - Started process (PID=75894) to work on /Users/roselina/opt/anaconda3/envs/python37/lib/python3.7/site-packages/airflow/example_dags/example_task_group_decorator.py
[2024-08-28T10:48:43.883+0200] {processor.py:743} INFO - Processing file /Users/roselina/opt/anaconda3/envs/python37/lib/python3.7/site-packages/airflow/example_dags/example_task_group_decorator.py for tasks to queue
[2024-08-28T10:48:43.885+0200] {logging_mixin.py:137} INFO - [2024-08-28T10:48:43.884+0200] {dagbag.py:532} INFO - Filling up the DagBag from /Users/roselina/opt/anaconda3/envs/python37/lib/python3.7/site-packages/airflow/example_dags/example_task_group_decorator.py
[2024-08-28T10:48:43.914+0200] {processor.py:753} INFO - DAG(s) dict_keys(['example_task_group_decorator']) retrieved from /Users/roselina/opt/anaconda3/envs/python37/lib/python3.7/site-packages/airflow/example_dags/example_task_group_decorator.py
[2024-08-28T10:48:43.931+0200] {logging_mixin.py:137} INFO - [2024-08-28T10:48:43.931+0200] {dag.py:2705} INFO - Sync 1 DAGs
[2024-08-28T10:48:43.943+0200] {logging_mixin.py:137} INFO - [2024-08-28T10:48:43.943+0200] {dag.py:3456} INFO - Setting next_dagrun for example_task_group_decorator to 2024-08-27T08:48:43.943221+00:00, run_after=2024-08-28T08:48:43.943221+00:00
[2024-08-28T10:48:43.954+0200] {processor.py:175} INFO - Processing /Users/roselina/opt/anaconda3/envs/python37/lib/python3.7/site-packages/airflow/example_dags/example_task_group_decorator.py took 0.077 seconds
[2024-08-28T10:49:25.240+0200] {processor.py:153} INFO - Started process (PID=75947) to work on /Users/roselina/opt/anaconda3/envs/python37/lib/python3.7/site-packages/airflow/example_dags/example_task_group_decorator.py
[2024-08-28T10:49:25.244+0200] {processor.py:743} INFO - Processing file /Users/roselina/opt/anaconda3/envs/python37/lib/python3.7/site-packages/airflow/example_dags/example_task_group_decorator.py for tasks to queue
[2024-08-28T10:49:25.245+0200] {logging_mixin.py:137} INFO - [2024-08-28T10:49:25.245+0200] {dagbag.py:532} INFO - Filling up the DagBag from /Users/roselina/opt/anaconda3/envs/python37/lib/python3.7/site-packages/airflow/example_dags/example_task_group_decorator.py
[2024-08-28T10:49:25.274+0200] {processor.py:753} INFO - DAG(s) dict_keys(['example_task_group_decorator']) retrieved from /Users/roselina/opt/anaconda3/envs/python37/lib/python3.7/site-packages/airflow/example_dags/example_task_group_decorator.py
[2024-08-28T10:49:25.291+0200] {logging_mixin.py:137} INFO - [2024-08-28T10:49:25.291+0200] {dag.py:2705} INFO - Sync 1 DAGs
[2024-08-28T10:49:25.303+0200] {logging_mixin.py:137} INFO - [2024-08-28T10:49:25.303+0200] {dag.py:3456} INFO - Setting next_dagrun for example_task_group_decorator to 2024-08-27T08:49:25.302926+00:00, run_after=2024-08-28T08:49:25.302926+00:00
[2024-08-28T10:49:25.312+0200] {processor.py:175} INFO - Processing /Users/roselina/opt/anaconda3/envs/python37/lib/python3.7/site-packages/airflow/example_dags/example_task_group_decorator.py took 0.077 seconds
[2024-08-28T10:50:06.220+0200] {processor.py:153} INFO - Started process (PID=75993) to work on /Users/roselina/opt/anaconda3/envs/python37/lib/python3.7/site-packages/airflow/example_dags/example_task_group_decorator.py
[2024-08-28T10:50:06.223+0200] {processor.py:743} INFO - Processing file /Users/roselina/opt/anaconda3/envs/python37/lib/python3.7/site-packages/airflow/example_dags/example_task_group_decorator.py for tasks to queue
[2024-08-28T10:50:06.225+0200] {logging_mixin.py:137} INFO - [2024-08-28T10:50:06.224+0200] {dagbag.py:532} INFO - Filling up the DagBag from /Users/roselina/opt/anaconda3/envs/python37/lib/python3.7/site-packages/airflow/example_dags/example_task_group_decorator.py
[2024-08-28T10:50:06.254+0200] {processor.py:753} INFO - DAG(s) dict_keys(['example_task_group_decorator']) retrieved from /Users/roselina/opt/anaconda3/envs/python37/lib/python3.7/site-packages/airflow/example_dags/example_task_group_decorator.py
[2024-08-28T10:50:06.269+0200] {logging_mixin.py:137} INFO - [2024-08-28T10:50:06.269+0200] {dag.py:2705} INFO - Sync 1 DAGs
[2024-08-28T10:50:06.282+0200] {logging_mixin.py:137} INFO - [2024-08-28T10:50:06.282+0200] {dag.py:3456} INFO - Setting next_dagrun for example_task_group_decorator to 2024-08-27T08:50:06.282491+00:00, run_after=2024-08-28T08:50:06.282491+00:00
[2024-08-28T10:50:06.293+0200] {processor.py:175} INFO - Processing /Users/roselina/opt/anaconda3/envs/python37/lib/python3.7/site-packages/airflow/example_dags/example_task_group_decorator.py took 0.078 seconds
[2024-08-28T10:50:47.677+0200] {processor.py:153} INFO - Started process (PID=76037) to work on /Users/roselina/opt/anaconda3/envs/python37/lib/python3.7/site-packages/airflow/example_dags/example_task_group_decorator.py
[2024-08-28T10:50:47.683+0200] {processor.py:743} INFO - Processing file /Users/roselina/opt/anaconda3/envs/python37/lib/python3.7/site-packages/airflow/example_dags/example_task_group_decorator.py for tasks to queue
[2024-08-28T10:50:47.684+0200] {logging_mixin.py:137} INFO - [2024-08-28T10:50:47.684+0200] {dagbag.py:532} INFO - Filling up the DagBag from /Users/roselina/opt/anaconda3/envs/python37/lib/python3.7/site-packages/airflow/example_dags/example_task_group_decorator.py
[2024-08-28T10:50:47.712+0200] {processor.py:753} INFO - DAG(s) dict_keys(['example_task_group_decorator']) retrieved from /Users/roselina/opt/anaconda3/envs/python37/lib/python3.7/site-packages/airflow/example_dags/example_task_group_decorator.py
[2024-08-28T10:50:47.726+0200] {logging_mixin.py:137} INFO - [2024-08-28T10:50:47.726+0200] {dag.py:2705} INFO - Sync 1 DAGs
[2024-08-28T10:50:47.737+0200] {logging_mixin.py:137} INFO - [2024-08-28T10:50:47.737+0200] {dag.py:3456} INFO - Setting next_dagrun for example_task_group_decorator to 2024-08-27T08:50:47.737280+00:00, run_after=2024-08-28T08:50:47.737280+00:00
[2024-08-28T10:50:47.747+0200] {processor.py:175} INFO - Processing /Users/roselina/opt/anaconda3/envs/python37/lib/python3.7/site-packages/airflow/example_dags/example_task_group_decorator.py took 0.073 seconds
[2024-08-28T10:51:29.409+0200] {processor.py:153} INFO - Started process (PID=76099) to work on /Users/roselina/opt/anaconda3/envs/python37/lib/python3.7/site-packages/airflow/example_dags/example_task_group_decorator.py
[2024-08-28T10:51:29.411+0200] {processor.py:743} INFO - Processing file /Users/roselina/opt/anaconda3/envs/python37/lib/python3.7/site-packages/airflow/example_dags/example_task_group_decorator.py for tasks to queue
[2024-08-28T10:51:29.412+0200] {logging_mixin.py:137} INFO - [2024-08-28T10:51:29.411+0200] {dagbag.py:532} INFO - Filling up the DagBag from /Users/roselina/opt/anaconda3/envs/python37/lib/python3.7/site-packages/airflow/example_dags/example_task_group_decorator.py
[2024-08-28T10:51:29.442+0200] {processor.py:753} INFO - DAG(s) dict_keys(['example_task_group_decorator']) retrieved from /Users/roselina/opt/anaconda3/envs/python37/lib/python3.7/site-packages/airflow/example_dags/example_task_group_decorator.py
[2024-08-28T10:51:29.457+0200] {logging_mixin.py:137} INFO - [2024-08-28T10:51:29.457+0200] {dag.py:2705} INFO - Sync 1 DAGs
[2024-08-28T10:51:29.469+0200] {logging_mixin.py:137} INFO - [2024-08-28T10:51:29.468+0200] {dag.py:3456} INFO - Setting next_dagrun for example_task_group_decorator to 2024-08-27T08:51:29.468643+00:00, run_after=2024-08-28T08:51:29.468643+00:00
[2024-08-28T10:51:29.478+0200] {processor.py:175} INFO - Processing /Users/roselina/opt/anaconda3/envs/python37/lib/python3.7/site-packages/airflow/example_dags/example_task_group_decorator.py took 0.074 seconds
[2024-08-28T10:52:09.912+0200] {processor.py:153} INFO - Started process (PID=76152) to work on /Users/roselina/opt/anaconda3/envs/python37/lib/python3.7/site-packages/airflow/example_dags/example_task_group_decorator.py
[2024-08-28T10:52:09.913+0200] {processor.py:743} INFO - Processing file /Users/roselina/opt/anaconda3/envs/python37/lib/python3.7/site-packages/airflow/example_dags/example_task_group_decorator.py for tasks to queue
[2024-08-28T10:52:09.914+0200] {logging_mixin.py:137} INFO - [2024-08-28T10:52:09.914+0200] {dagbag.py:532} INFO - Filling up the DagBag from /Users/roselina/opt/anaconda3/envs/python37/lib/python3.7/site-packages/airflow/example_dags/example_task_group_decorator.py
[2024-08-28T10:52:09.943+0200] {processor.py:753} INFO - DAG(s) dict_keys(['example_task_group_decorator']) retrieved from /Users/roselina/opt/anaconda3/envs/python37/lib/python3.7/site-packages/airflow/example_dags/example_task_group_decorator.py
[2024-08-28T10:52:09.960+0200] {logging_mixin.py:137} INFO - [2024-08-28T10:52:09.960+0200] {dag.py:2705} INFO - Sync 1 DAGs
[2024-08-28T10:52:09.973+0200] {logging_mixin.py:137} INFO - [2024-08-28T10:52:09.973+0200] {dag.py:3456} INFO - Setting next_dagrun for example_task_group_decorator to 2024-08-27T08:52:09.972984+00:00, run_after=2024-08-28T08:52:09.972984+00:00
[2024-08-28T10:52:09.984+0200] {processor.py:175} INFO - Processing /Users/roselina/opt/anaconda3/envs/python37/lib/python3.7/site-packages/airflow/example_dags/example_task_group_decorator.py took 0.075 seconds
[2024-08-28T10:52:51.843+0200] {processor.py:153} INFO - Started process (PID=76199) to work on /Users/roselina/opt/anaconda3/envs/python37/lib/python3.7/site-packages/airflow/example_dags/example_task_group_decorator.py
[2024-08-28T10:52:51.845+0200] {processor.py:743} INFO - Processing file /Users/roselina/opt/anaconda3/envs/python37/lib/python3.7/site-packages/airflow/example_dags/example_task_group_decorator.py for tasks to queue
[2024-08-28T10:52:51.846+0200] {logging_mixin.py:137} INFO - [2024-08-28T10:52:51.846+0200] {dagbag.py:532} INFO - Filling up the DagBag from /Users/roselina/opt/anaconda3/envs/python37/lib/python3.7/site-packages/airflow/example_dags/example_task_group_decorator.py
[2024-08-28T10:52:51.877+0200] {processor.py:753} INFO - DAG(s) dict_keys(['example_task_group_decorator']) retrieved from /Users/roselina/opt/anaconda3/envs/python37/lib/python3.7/site-packages/airflow/example_dags/example_task_group_decorator.py
[2024-08-28T10:52:51.893+0200] {logging_mixin.py:137} INFO - [2024-08-28T10:52:51.892+0200] {dag.py:2705} INFO - Sync 1 DAGs
[2024-08-28T10:52:51.905+0200] {logging_mixin.py:137} INFO - [2024-08-28T10:52:51.905+0200] {dag.py:3456} INFO - Setting next_dagrun for example_task_group_decorator to 2024-08-27T08:52:51.904845+00:00, run_after=2024-08-28T08:52:51.904845+00:00
[2024-08-28T10:52:51.914+0200] {processor.py:175} INFO - Processing /Users/roselina/opt/anaconda3/envs/python37/lib/python3.7/site-packages/airflow/example_dags/example_task_group_decorator.py took 0.076 seconds
