[2024-08-28T10:11:31.193+0200] {processor.py:153} INFO - Started process (PID=74946) to work on /Users/roselina/opt/anaconda3/envs/python37/lib/python3.7/site-packages/airflow/example_dags/example_latest_only.py
[2024-08-28T10:11:31.195+0200] {processor.py:743} INFO - Processing file /Users/roselina/opt/anaconda3/envs/python37/lib/python3.7/site-packages/airflow/example_dags/example_latest_only.py for tasks to queue
[2024-08-28T10:11:31.196+0200] {logging_mixin.py:137} INFO - [2024-08-28T10:11:31.196+0200] {dagbag.py:532} INFO - Filling up the DagBag from /Users/roselina/opt/anaconda3/envs/python37/lib/python3.7/site-packages/airflow/example_dags/example_latest_only.py
[2024-08-28T10:11:31.214+0200] {processor.py:753} INFO - DAG(s) dict_keys(['latest_only']) retrieved from /Users/roselina/opt/anaconda3/envs/python37/lib/python3.7/site-packages/airflow/example_dags/example_latest_only.py
[2024-08-28T10:11:31.272+0200] {logging_mixin.py:137} INFO - [2024-08-28T10:11:31.272+0200] {manager.py:504} INFO - Created Permission View: can read on DAG:latest_only
[2024-08-28T10:11:31.277+0200] {logging_mixin.py:137} INFO - [2024-08-28T10:11:31.276+0200] {manager.py:504} INFO - Created Permission View: can delete on DAG:latest_only
[2024-08-28T10:11:31.281+0200] {logging_mixin.py:137} INFO - [2024-08-28T10:11:31.281+0200] {manager.py:504} INFO - Created Permission View: can edit on DAG:latest_only
[2024-08-28T10:11:31.281+0200] {logging_mixin.py:137} INFO - [2024-08-28T10:11:31.281+0200] {dag.py:2705} INFO - Sync 1 DAGs
[2024-08-28T10:11:31.288+0200] {logging_mixin.py:137} INFO - [2024-08-28T10:11:31.288+0200] {dag.py:2726} INFO - Creating ORM DAG for latest_only
[2024-08-28T10:11:31.294+0200] {logging_mixin.py:137} INFO - [2024-08-28T10:11:31.293+0200] {dag.py:3456} INFO - Setting next_dagrun for latest_only to 2024-08-28T04:11:31.293592+00:00, run_after=2024-08-28T08:11:31.293592+00:00
[2024-08-28T10:11:31.303+0200] {processor.py:175} INFO - Processing /Users/roselina/opt/anaconda3/envs/python37/lib/python3.7/site-packages/airflow/example_dags/example_latest_only.py took 0.114 seconds
[2024-08-28T10:12:12.765+0200] {processor.py:153} INFO - Started process (PID=75010) to work on /Users/roselina/opt/anaconda3/envs/python37/lib/python3.7/site-packages/airflow/example_dags/example_latest_only.py
[2024-08-28T10:12:12.766+0200] {processor.py:743} INFO - Processing file /Users/roselina/opt/anaconda3/envs/python37/lib/python3.7/site-packages/airflow/example_dags/example_latest_only.py for tasks to queue
[2024-08-28T10:12:12.766+0200] {logging_mixin.py:137} INFO - [2024-08-28T10:12:12.766+0200] {dagbag.py:532} INFO - Filling up the DagBag from /Users/roselina/opt/anaconda3/envs/python37/lib/python3.7/site-packages/airflow/example_dags/example_latest_only.py
[2024-08-28T10:12:12.777+0200] {processor.py:753} INFO - DAG(s) dict_keys(['latest_only']) retrieved from /Users/roselina/opt/anaconda3/envs/python37/lib/python3.7/site-packages/airflow/example_dags/example_latest_only.py
[2024-08-28T10:12:12.790+0200] {logging_mixin.py:137} INFO - [2024-08-28T10:12:12.789+0200] {dag.py:2705} INFO - Sync 1 DAGs
[2024-08-28T10:12:12.803+0200] {logging_mixin.py:137} INFO - [2024-08-28T10:12:12.802+0200] {dag.py:3456} INFO - Setting next_dagrun for latest_only to 2024-08-28T04:12:12.802516+00:00, run_after=2024-08-28T08:12:12.802516+00:00
[2024-08-28T10:12:12.813+0200] {processor.py:175} INFO - Processing /Users/roselina/opt/anaconda3/envs/python37/lib/python3.7/site-packages/airflow/example_dags/example_latest_only.py took 0.051 seconds
[2024-08-28T10:12:55.209+0200] {processor.py:153} INFO - Started process (PID=75083) to work on /Users/roselina/opt/anaconda3/envs/python37/lib/python3.7/site-packages/airflow/example_dags/example_latest_only.py
[2024-08-28T10:12:55.210+0200] {processor.py:743} INFO - Processing file /Users/roselina/opt/anaconda3/envs/python37/lib/python3.7/site-packages/airflow/example_dags/example_latest_only.py for tasks to queue
[2024-08-28T10:12:55.211+0200] {logging_mixin.py:137} INFO - [2024-08-28T10:12:55.211+0200] {dagbag.py:532} INFO - Filling up the DagBag from /Users/roselina/opt/anaconda3/envs/python37/lib/python3.7/site-packages/airflow/example_dags/example_latest_only.py
[2024-08-28T10:12:55.229+0200] {processor.py:753} INFO - DAG(s) dict_keys(['latest_only']) retrieved from /Users/roselina/opt/anaconda3/envs/python37/lib/python3.7/site-packages/airflow/example_dags/example_latest_only.py
[2024-08-28T10:12:55.244+0200] {logging_mixin.py:137} INFO - [2024-08-28T10:12:55.244+0200] {dag.py:2705} INFO - Sync 1 DAGs
[2024-08-28T10:12:55.257+0200] {logging_mixin.py:137} INFO - [2024-08-28T10:12:55.256+0200] {dag.py:3456} INFO - Setting next_dagrun for latest_only to 2024-08-28T04:12:55.256725+00:00, run_after=2024-08-28T08:12:55.256725+00:00
[2024-08-28T10:12:55.267+0200] {processor.py:175} INFO - Processing /Users/roselina/opt/anaconda3/envs/python37/lib/python3.7/site-packages/airflow/example_dags/example_latest_only.py took 0.061 seconds
[2024-08-28T10:13:36.473+0200] {processor.py:153} INFO - Started process (PID=75129) to work on /Users/roselina/opt/anaconda3/envs/python37/lib/python3.7/site-packages/airflow/example_dags/example_latest_only.py
[2024-08-28T10:13:36.474+0200] {processor.py:743} INFO - Processing file /Users/roselina/opt/anaconda3/envs/python37/lib/python3.7/site-packages/airflow/example_dags/example_latest_only.py for tasks to queue
[2024-08-28T10:13:36.475+0200] {logging_mixin.py:137} INFO - [2024-08-28T10:13:36.475+0200] {dagbag.py:532} INFO - Filling up the DagBag from /Users/roselina/opt/anaconda3/envs/python37/lib/python3.7/site-packages/airflow/example_dags/example_latest_only.py
[2024-08-28T10:13:36.492+0200] {processor.py:753} INFO - DAG(s) dict_keys(['latest_only']) retrieved from /Users/roselina/opt/anaconda3/envs/python37/lib/python3.7/site-packages/airflow/example_dags/example_latest_only.py
[2024-08-28T10:13:36.509+0200] {logging_mixin.py:137} INFO - [2024-08-28T10:13:36.508+0200] {dag.py:2705} INFO - Sync 1 DAGs
[2024-08-28T10:13:36.522+0200] {logging_mixin.py:137} INFO - [2024-08-28T10:13:36.521+0200] {dag.py:3456} INFO - Setting next_dagrun for latest_only to 2024-08-28T04:13:36.521576+00:00, run_after=2024-08-28T08:13:36.521576+00:00
[2024-08-28T10:13:36.533+0200] {processor.py:175} INFO - Processing /Users/roselina/opt/anaconda3/envs/python37/lib/python3.7/site-packages/airflow/example_dags/example_latest_only.py took 0.064 seconds
[2024-08-28T10:14:19.835+0200] {processor.py:153} INFO - Started process (PID=75208) to work on /Users/roselina/opt/anaconda3/envs/python37/lib/python3.7/site-packages/airflow/example_dags/example_latest_only.py
[2024-08-28T10:14:19.837+0200] {processor.py:743} INFO - Processing file /Users/roselina/opt/anaconda3/envs/python37/lib/python3.7/site-packages/airflow/example_dags/example_latest_only.py for tasks to queue
[2024-08-28T10:14:19.838+0200] {logging_mixin.py:137} INFO - [2024-08-28T10:14:19.838+0200] {dagbag.py:532} INFO - Filling up the DagBag from /Users/roselina/opt/anaconda3/envs/python37/lib/python3.7/site-packages/airflow/example_dags/example_latest_only.py
[2024-08-28T10:14:19.857+0200] {processor.py:753} INFO - DAG(s) dict_keys(['latest_only']) retrieved from /Users/roselina/opt/anaconda3/envs/python37/lib/python3.7/site-packages/airflow/example_dags/example_latest_only.py
[2024-08-28T10:14:19.879+0200] {logging_mixin.py:137} INFO - [2024-08-28T10:14:19.878+0200] {dag.py:2705} INFO - Sync 1 DAGs
[2024-08-28T10:14:19.895+0200] {logging_mixin.py:137} INFO - [2024-08-28T10:14:19.895+0200] {dag.py:3456} INFO - Setting next_dagrun for latest_only to 2024-08-28T04:14:19.894874+00:00, run_after=2024-08-28T08:14:19.894874+00:00
[2024-08-28T10:14:19.907+0200] {processor.py:175} INFO - Processing /Users/roselina/opt/anaconda3/envs/python37/lib/python3.7/site-packages/airflow/example_dags/example_latest_only.py took 0.075 seconds
[2024-08-28T10:15:01.968+0200] {processor.py:153} INFO - Started process (PID=75254) to work on /Users/roselina/opt/anaconda3/envs/python37/lib/python3.7/site-packages/airflow/example_dags/example_latest_only.py
[2024-08-28T10:15:01.969+0200] {processor.py:743} INFO - Processing file /Users/roselina/opt/anaconda3/envs/python37/lib/python3.7/site-packages/airflow/example_dags/example_latest_only.py for tasks to queue
[2024-08-28T10:15:01.971+0200] {logging_mixin.py:137} INFO - [2024-08-28T10:15:01.970+0200] {dagbag.py:532} INFO - Filling up the DagBag from /Users/roselina/opt/anaconda3/envs/python37/lib/python3.7/site-packages/airflow/example_dags/example_latest_only.py
[2024-08-28T10:15:01.988+0200] {processor.py:753} INFO - DAG(s) dict_keys(['latest_only']) retrieved from /Users/roselina/opt/anaconda3/envs/python37/lib/python3.7/site-packages/airflow/example_dags/example_latest_only.py
[2024-08-28T10:15:02.004+0200] {logging_mixin.py:137} INFO - [2024-08-28T10:15:02.004+0200] {dag.py:2705} INFO - Sync 1 DAGs
[2024-08-28T10:15:02.018+0200] {logging_mixin.py:137} INFO - [2024-08-28T10:15:02.018+0200] {dag.py:3456} INFO - Setting next_dagrun for latest_only to 2024-08-28T04:15:02.018090+00:00, run_after=2024-08-28T08:15:02.018090+00:00
[2024-08-28T10:15:02.029+0200] {processor.py:175} INFO - Processing /Users/roselina/opt/anaconda3/envs/python37/lib/python3.7/site-packages/airflow/example_dags/example_latest_only.py took 0.067 seconds
[2024-08-28T10:15:44.060+0200] {processor.py:153} INFO - Started process (PID=75299) to work on /Users/roselina/opt/anaconda3/envs/python37/lib/python3.7/site-packages/airflow/example_dags/example_latest_only.py
[2024-08-28T10:15:44.062+0200] {processor.py:743} INFO - Processing file /Users/roselina/opt/anaconda3/envs/python37/lib/python3.7/site-packages/airflow/example_dags/example_latest_only.py for tasks to queue
[2024-08-28T10:15:44.063+0200] {logging_mixin.py:137} INFO - [2024-08-28T10:15:44.063+0200] {dagbag.py:532} INFO - Filling up the DagBag from /Users/roselina/opt/anaconda3/envs/python37/lib/python3.7/site-packages/airflow/example_dags/example_latest_only.py
[2024-08-28T10:15:44.082+0200] {processor.py:753} INFO - DAG(s) dict_keys(['latest_only']) retrieved from /Users/roselina/opt/anaconda3/envs/python37/lib/python3.7/site-packages/airflow/example_dags/example_latest_only.py
[2024-08-28T10:15:44.103+0200] {logging_mixin.py:137} INFO - [2024-08-28T10:15:44.102+0200] {dag.py:2705} INFO - Sync 1 DAGs
[2024-08-28T10:15:44.116+0200] {logging_mixin.py:137} INFO - [2024-08-28T10:15:44.116+0200] {dag.py:3456} INFO - Setting next_dagrun for latest_only to 2024-08-28T04:15:44.115906+00:00, run_after=2024-08-28T08:15:44.115906+00:00
[2024-08-28T10:15:44.125+0200] {processor.py:175} INFO - Processing /Users/roselina/opt/anaconda3/envs/python37/lib/python3.7/site-packages/airflow/example_dags/example_latest_only.py took 0.069 seconds
[2024-08-28T10:16:21.884+0200] {processor.py:153} INFO - Started process (PID=75343) to work on /Users/roselina/opt/anaconda3/envs/python37/lib/python3.7/site-packages/airflow/example_dags/example_latest_only.py
[2024-08-28T10:16:21.886+0200] {processor.py:743} INFO - Processing file /Users/roselina/opt/anaconda3/envs/python37/lib/python3.7/site-packages/airflow/example_dags/example_latest_only.py for tasks to queue
[2024-08-28T10:16:21.887+0200] {logging_mixin.py:137} INFO - [2024-08-28T10:16:21.886+0200] {dagbag.py:532} INFO - Filling up the DagBag from /Users/roselina/opt/anaconda3/envs/python37/lib/python3.7/site-packages/airflow/example_dags/example_latest_only.py
[2024-08-28T10:16:21.905+0200] {processor.py:753} INFO - DAG(s) dict_keys(['latest_only']) retrieved from /Users/roselina/opt/anaconda3/envs/python37/lib/python3.7/site-packages/airflow/example_dags/example_latest_only.py
[2024-08-28T10:16:21.923+0200] {logging_mixin.py:137} INFO - [2024-08-28T10:16:21.923+0200] {dag.py:2705} INFO - Sync 1 DAGs
[2024-08-28T10:16:21.936+0200] {logging_mixin.py:137} INFO - [2024-08-28T10:16:21.936+0200] {dag.py:3456} INFO - Setting next_dagrun for latest_only to 2024-08-28T04:16:21.935868+00:00, run_after=2024-08-28T08:16:21.935868+00:00
[2024-08-28T10:16:21.946+0200] {processor.py:175} INFO - Processing /Users/roselina/opt/anaconda3/envs/python37/lib/python3.7/site-packages/airflow/example_dags/example_latest_only.py took 0.067 seconds
[2024-08-28T10:17:04.075+0200] {processor.py:153} INFO - Started process (PID=75389) to work on /Users/roselina/opt/anaconda3/envs/python37/lib/python3.7/site-packages/airflow/example_dags/example_latest_only.py
[2024-08-28T10:17:04.077+0200] {processor.py:743} INFO - Processing file /Users/roselina/opt/anaconda3/envs/python37/lib/python3.7/site-packages/airflow/example_dags/example_latest_only.py for tasks to queue
[2024-08-28T10:17:04.079+0200] {logging_mixin.py:137} INFO - [2024-08-28T10:17:04.078+0200] {dagbag.py:532} INFO - Filling up the DagBag from /Users/roselina/opt/anaconda3/envs/python37/lib/python3.7/site-packages/airflow/example_dags/example_latest_only.py
[2024-08-28T10:17:04.096+0200] {processor.py:753} INFO - DAG(s) dict_keys(['latest_only']) retrieved from /Users/roselina/opt/anaconda3/envs/python37/lib/python3.7/site-packages/airflow/example_dags/example_latest_only.py
[2024-08-28T10:17:04.111+0200] {logging_mixin.py:137} INFO - [2024-08-28T10:17:04.110+0200] {dag.py:2705} INFO - Sync 1 DAGs
[2024-08-28T10:17:04.123+0200] {logging_mixin.py:137} INFO - [2024-08-28T10:17:04.123+0200] {dag.py:3456} INFO - Setting next_dagrun for latest_only to 2024-08-28T04:17:04.123356+00:00, run_after=2024-08-28T08:17:04.123356+00:00
[2024-08-28T10:17:04.134+0200] {processor.py:175} INFO - Processing /Users/roselina/opt/anaconda3/envs/python37/lib/python3.7/site-packages/airflow/example_dags/example_latest_only.py took 0.063 seconds
[2024-08-28T10:17:44.534+0200] {processor.py:153} INFO - Started process (PID=75445) to work on /Users/roselina/opt/anaconda3/envs/python37/lib/python3.7/site-packages/airflow/example_dags/example_latest_only.py
[2024-08-28T10:17:44.536+0200] {processor.py:743} INFO - Processing file /Users/roselina/opt/anaconda3/envs/python37/lib/python3.7/site-packages/airflow/example_dags/example_latest_only.py for tasks to queue
[2024-08-28T10:17:44.537+0200] {logging_mixin.py:137} INFO - [2024-08-28T10:17:44.537+0200] {dagbag.py:532} INFO - Filling up the DagBag from /Users/roselina/opt/anaconda3/envs/python37/lib/python3.7/site-packages/airflow/example_dags/example_latest_only.py
[2024-08-28T10:17:44.556+0200] {processor.py:753} INFO - DAG(s) dict_keys(['latest_only']) retrieved from /Users/roselina/opt/anaconda3/envs/python37/lib/python3.7/site-packages/airflow/example_dags/example_latest_only.py
[2024-08-28T10:17:44.571+0200] {logging_mixin.py:137} INFO - [2024-08-28T10:17:44.570+0200] {dag.py:2705} INFO - Sync 1 DAGs
[2024-08-28T10:17:44.584+0200] {logging_mixin.py:137} INFO - [2024-08-28T10:17:44.584+0200] {dag.py:3456} INFO - Setting next_dagrun for latest_only to 2024-08-28T04:17:44.583834+00:00, run_after=2024-08-28T08:17:44.583834+00:00
[2024-08-28T10:17:44.593+0200] {processor.py:175} INFO - Processing /Users/roselina/opt/anaconda3/envs/python37/lib/python3.7/site-packages/airflow/example_dags/example_latest_only.py took 0.064 seconds
[2024-08-28T10:44:08.107+0200] {processor.py:153} INFO - Started process (PID=75541) to work on /Users/roselina/opt/anaconda3/envs/python37/lib/python3.7/site-packages/airflow/example_dags/example_latest_only.py
[2024-08-28T10:44:08.109+0200] {processor.py:743} INFO - Processing file /Users/roselina/opt/anaconda3/envs/python37/lib/python3.7/site-packages/airflow/example_dags/example_latest_only.py for tasks to queue
[2024-08-28T10:44:08.110+0200] {logging_mixin.py:137} INFO - [2024-08-28T10:44:08.110+0200] {dagbag.py:532} INFO - Filling up the DagBag from /Users/roselina/opt/anaconda3/envs/python37/lib/python3.7/site-packages/airflow/example_dags/example_latest_only.py
[2024-08-28T10:44:08.123+0200] {processor.py:753} INFO - DAG(s) dict_keys(['latest_only']) retrieved from /Users/roselina/opt/anaconda3/envs/python37/lib/python3.7/site-packages/airflow/example_dags/example_latest_only.py
[2024-08-28T10:44:08.139+0200] {logging_mixin.py:137} INFO - [2024-08-28T10:44:08.138+0200] {dag.py:2705} INFO - Sync 1 DAGs
[2024-08-28T10:44:08.154+0200] {logging_mixin.py:137} INFO - [2024-08-28T10:44:08.154+0200] {dag.py:3456} INFO - Setting next_dagrun for latest_only to 2024-08-28T04:44:08.153891+00:00, run_after=2024-08-28T08:44:08.153891+00:00
[2024-08-28T10:44:08.164+0200] {processor.py:175} INFO - Processing /Users/roselina/opt/anaconda3/envs/python37/lib/python3.7/site-packages/airflow/example_dags/example_latest_only.py took 0.061 seconds
[2024-08-28T10:44:50.958+0200] {processor.py:153} INFO - Started process (PID=75601) to work on /Users/roselina/opt/anaconda3/envs/python37/lib/python3.7/site-packages/airflow/example_dags/example_latest_only.py
[2024-08-28T10:44:50.960+0200] {processor.py:743} INFO - Processing file /Users/roselina/opt/anaconda3/envs/python37/lib/python3.7/site-packages/airflow/example_dags/example_latest_only.py for tasks to queue
[2024-08-28T10:44:50.962+0200] {logging_mixin.py:137} INFO - [2024-08-28T10:44:50.961+0200] {dagbag.py:532} INFO - Filling up the DagBag from /Users/roselina/opt/anaconda3/envs/python37/lib/python3.7/site-packages/airflow/example_dags/example_latest_only.py
[2024-08-28T10:44:50.980+0200] {processor.py:753} INFO - DAG(s) dict_keys(['latest_only']) retrieved from /Users/roselina/opt/anaconda3/envs/python37/lib/python3.7/site-packages/airflow/example_dags/example_latest_only.py
[2024-08-28T10:44:50.996+0200] {logging_mixin.py:137} INFO - [2024-08-28T10:44:50.995+0200] {dag.py:2705} INFO - Sync 1 DAGs
[2024-08-28T10:44:51.008+0200] {logging_mixin.py:137} INFO - [2024-08-28T10:44:51.008+0200] {dag.py:3456} INFO - Setting next_dagrun for latest_only to 2024-08-28T04:44:51.008462+00:00, run_after=2024-08-28T08:44:51.008462+00:00
[2024-08-28T10:44:51.023+0200] {processor.py:175} INFO - Processing /Users/roselina/opt/anaconda3/envs/python37/lib/python3.7/site-packages/airflow/example_dags/example_latest_only.py took 0.069 seconds
[2024-08-28T10:45:32.090+0200] {processor.py:153} INFO - Started process (PID=75651) to work on /Users/roselina/opt/anaconda3/envs/python37/lib/python3.7/site-packages/airflow/example_dags/example_latest_only.py
[2024-08-28T10:45:32.092+0200] {processor.py:743} INFO - Processing file /Users/roselina/opt/anaconda3/envs/python37/lib/python3.7/site-packages/airflow/example_dags/example_latest_only.py for tasks to queue
[2024-08-28T10:45:32.093+0200] {logging_mixin.py:137} INFO - [2024-08-28T10:45:32.093+0200] {dagbag.py:532} INFO - Filling up the DagBag from /Users/roselina/opt/anaconda3/envs/python37/lib/python3.7/site-packages/airflow/example_dags/example_latest_only.py
[2024-08-28T10:45:32.130+0200] {processor.py:753} INFO - DAG(s) dict_keys(['latest_only']) retrieved from /Users/roselina/opt/anaconda3/envs/python37/lib/python3.7/site-packages/airflow/example_dags/example_latest_only.py
[2024-08-28T10:45:32.146+0200] {logging_mixin.py:137} INFO - [2024-08-28T10:45:32.145+0200] {dag.py:2705} INFO - Sync 1 DAGs
[2024-08-28T10:45:32.159+0200] {logging_mixin.py:137} INFO - [2024-08-28T10:45:32.159+0200] {dag.py:3456} INFO - Setting next_dagrun for latest_only to 2024-08-28T04:45:32.159319+00:00, run_after=2024-08-28T08:45:32.159319+00:00
[2024-08-28T10:45:32.171+0200] {processor.py:175} INFO - Processing /Users/roselina/opt/anaconda3/envs/python37/lib/python3.7/site-packages/airflow/example_dags/example_latest_only.py took 0.086 seconds
[2024-08-28T10:46:12.684+0200] {processor.py:153} INFO - Started process (PID=75696) to work on /Users/roselina/opt/anaconda3/envs/python37/lib/python3.7/site-packages/airflow/example_dags/example_latest_only.py
[2024-08-28T10:46:12.685+0200] {processor.py:743} INFO - Processing file /Users/roselina/opt/anaconda3/envs/python37/lib/python3.7/site-packages/airflow/example_dags/example_latest_only.py for tasks to queue
[2024-08-28T10:46:12.687+0200] {logging_mixin.py:137} INFO - [2024-08-28T10:46:12.686+0200] {dagbag.py:532} INFO - Filling up the DagBag from /Users/roselina/opt/anaconda3/envs/python37/lib/python3.7/site-packages/airflow/example_dags/example_latest_only.py
[2024-08-28T10:46:12.705+0200] {processor.py:753} INFO - DAG(s) dict_keys(['latest_only']) retrieved from /Users/roselina/opt/anaconda3/envs/python37/lib/python3.7/site-packages/airflow/example_dags/example_latest_only.py
[2024-08-28T10:46:12.720+0200] {logging_mixin.py:137} INFO - [2024-08-28T10:46:12.720+0200] {dag.py:2705} INFO - Sync 1 DAGs
[2024-08-28T10:46:12.733+0200] {logging_mixin.py:137} INFO - [2024-08-28T10:46:12.733+0200] {dag.py:3456} INFO - Setting next_dagrun for latest_only to 2024-08-28T04:46:12.732872+00:00, run_after=2024-08-28T08:46:12.732872+00:00
[2024-08-28T10:46:12.743+0200] {processor.py:175} INFO - Processing /Users/roselina/opt/anaconda3/envs/python37/lib/python3.7/site-packages/airflow/example_dags/example_latest_only.py took 0.064 seconds
[2024-08-28T10:46:53.920+0200] {processor.py:153} INFO - Started process (PID=75749) to work on /Users/roselina/opt/anaconda3/envs/python37/lib/python3.7/site-packages/airflow/example_dags/example_latest_only.py
[2024-08-28T10:46:53.923+0200] {processor.py:743} INFO - Processing file /Users/roselina/opt/anaconda3/envs/python37/lib/python3.7/site-packages/airflow/example_dags/example_latest_only.py for tasks to queue
[2024-08-28T10:46:53.924+0200] {logging_mixin.py:137} INFO - [2024-08-28T10:46:53.924+0200] {dagbag.py:532} INFO - Filling up the DagBag from /Users/roselina/opt/anaconda3/envs/python37/lib/python3.7/site-packages/airflow/example_dags/example_latest_only.py
[2024-08-28T10:46:53.943+0200] {processor.py:753} INFO - DAG(s) dict_keys(['latest_only']) retrieved from /Users/roselina/opt/anaconda3/envs/python37/lib/python3.7/site-packages/airflow/example_dags/example_latest_only.py
[2024-08-28T10:46:53.966+0200] {logging_mixin.py:137} INFO - [2024-08-28T10:46:53.966+0200] {dag.py:2705} INFO - Sync 1 DAGs
[2024-08-28T10:46:53.980+0200] {logging_mixin.py:137} INFO - [2024-08-28T10:46:53.980+0200] {dag.py:3456} INFO - Setting next_dagrun for latest_only to 2024-08-28T04:46:53.979997+00:00, run_after=2024-08-28T08:46:53.979997+00:00
[2024-08-28T10:46:53.990+0200] {processor.py:175} INFO - Processing /Users/roselina/opt/anaconda3/envs/python37/lib/python3.7/site-packages/airflow/example_dags/example_latest_only.py took 0.074 seconds
[2024-08-28T10:47:35.626+0200] {processor.py:153} INFO - Started process (PID=75797) to work on /Users/roselina/opt/anaconda3/envs/python37/lib/python3.7/site-packages/airflow/example_dags/example_latest_only.py
[2024-08-28T10:47:35.627+0200] {processor.py:743} INFO - Processing file /Users/roselina/opt/anaconda3/envs/python37/lib/python3.7/site-packages/airflow/example_dags/example_latest_only.py for tasks to queue
[2024-08-28T10:47:35.628+0200] {logging_mixin.py:137} INFO - [2024-08-28T10:47:35.628+0200] {dagbag.py:532} INFO - Filling up the DagBag from /Users/roselina/opt/anaconda3/envs/python37/lib/python3.7/site-packages/airflow/example_dags/example_latest_only.py
[2024-08-28T10:47:35.641+0200] {processor.py:753} INFO - DAG(s) dict_keys(['latest_only']) retrieved from /Users/roselina/opt/anaconda3/envs/python37/lib/python3.7/site-packages/airflow/example_dags/example_latest_only.py
[2024-08-28T10:47:35.664+0200] {logging_mixin.py:137} INFO - [2024-08-28T10:47:35.664+0200] {dag.py:2705} INFO - Sync 1 DAGs
[2024-08-28T10:47:35.679+0200] {logging_mixin.py:137} INFO - [2024-08-28T10:47:35.678+0200] {dag.py:3456} INFO - Setting next_dagrun for latest_only to 2024-08-28T04:47:35.678708+00:00, run_after=2024-08-28T08:47:35.678708+00:00
[2024-08-28T10:47:35.690+0200] {processor.py:175} INFO - Processing /Users/roselina/opt/anaconda3/envs/python37/lib/python3.7/site-packages/airflow/example_dags/example_latest_only.py took 0.066 seconds
[2024-08-28T10:48:17.613+0200] {processor.py:153} INFO - Started process (PID=75861) to work on /Users/roselina/opt/anaconda3/envs/python37/lib/python3.7/site-packages/airflow/example_dags/example_latest_only.py
[2024-08-28T10:48:17.621+0200] {processor.py:743} INFO - Processing file /Users/roselina/opt/anaconda3/envs/python37/lib/python3.7/site-packages/airflow/example_dags/example_latest_only.py for tasks to queue
[2024-08-28T10:48:17.623+0200] {logging_mixin.py:137} INFO - [2024-08-28T10:48:17.622+0200] {dagbag.py:532} INFO - Filling up the DagBag from /Users/roselina/opt/anaconda3/envs/python37/lib/python3.7/site-packages/airflow/example_dags/example_latest_only.py
[2024-08-28T10:48:17.644+0200] {processor.py:753} INFO - DAG(s) dict_keys(['latest_only']) retrieved from /Users/roselina/opt/anaconda3/envs/python37/lib/python3.7/site-packages/airflow/example_dags/example_latest_only.py
[2024-08-28T10:48:17.660+0200] {logging_mixin.py:137} INFO - [2024-08-28T10:48:17.659+0200] {dag.py:2705} INFO - Sync 1 DAGs
[2024-08-28T10:48:17.673+0200] {logging_mixin.py:137} INFO - [2024-08-28T10:48:17.673+0200] {dag.py:3456} INFO - Setting next_dagrun for latest_only to 2024-08-28T04:48:17.672907+00:00, run_after=2024-08-28T08:48:17.672907+00:00
[2024-08-28T10:48:17.685+0200] {processor.py:175} INFO - Processing /Users/roselina/opt/anaconda3/envs/python37/lib/python3.7/site-packages/airflow/example_dags/example_latest_only.py took 0.077 seconds
[2024-08-28T10:48:59.179+0200] {processor.py:153} INFO - Started process (PID=75919) to work on /Users/roselina/opt/anaconda3/envs/python37/lib/python3.7/site-packages/airflow/example_dags/example_latest_only.py
[2024-08-28T10:48:59.180+0200] {processor.py:743} INFO - Processing file /Users/roselina/opt/anaconda3/envs/python37/lib/python3.7/site-packages/airflow/example_dags/example_latest_only.py for tasks to queue
[2024-08-28T10:48:59.181+0200] {logging_mixin.py:137} INFO - [2024-08-28T10:48:59.181+0200] {dagbag.py:532} INFO - Filling up the DagBag from /Users/roselina/opt/anaconda3/envs/python37/lib/python3.7/site-packages/airflow/example_dags/example_latest_only.py
[2024-08-28T10:48:59.192+0200] {processor.py:753} INFO - DAG(s) dict_keys(['latest_only']) retrieved from /Users/roselina/opt/anaconda3/envs/python37/lib/python3.7/site-packages/airflow/example_dags/example_latest_only.py
[2024-08-28T10:48:59.207+0200] {logging_mixin.py:137} INFO - [2024-08-28T10:48:59.207+0200] {dag.py:2705} INFO - Sync 1 DAGs
[2024-08-28T10:48:59.223+0200] {logging_mixin.py:137} INFO - [2024-08-28T10:48:59.223+0200] {dag.py:3456} INFO - Setting next_dagrun for latest_only to 2024-08-28T04:48:59.223041+00:00, run_after=2024-08-28T08:48:59.223041+00:00
[2024-08-28T10:48:59.235+0200] {processor.py:175} INFO - Processing /Users/roselina/opt/anaconda3/envs/python37/lib/python3.7/site-packages/airflow/example_dags/example_latest_only.py took 0.058 seconds
[2024-08-28T10:49:40.549+0200] {processor.py:153} INFO - Started process (PID=75964) to work on /Users/roselina/opt/anaconda3/envs/python37/lib/python3.7/site-packages/airflow/example_dags/example_latest_only.py
[2024-08-28T10:49:40.553+0200] {processor.py:743} INFO - Processing file /Users/roselina/opt/anaconda3/envs/python37/lib/python3.7/site-packages/airflow/example_dags/example_latest_only.py for tasks to queue
[2024-08-28T10:49:40.554+0200] {logging_mixin.py:137} INFO - [2024-08-28T10:49:40.554+0200] {dagbag.py:532} INFO - Filling up the DagBag from /Users/roselina/opt/anaconda3/envs/python37/lib/python3.7/site-packages/airflow/example_dags/example_latest_only.py
[2024-08-28T10:49:40.570+0200] {processor.py:753} INFO - DAG(s) dict_keys(['latest_only']) retrieved from /Users/roselina/opt/anaconda3/envs/python37/lib/python3.7/site-packages/airflow/example_dags/example_latest_only.py
[2024-08-28T10:49:40.584+0200] {logging_mixin.py:137} INFO - [2024-08-28T10:49:40.583+0200] {dag.py:2705} INFO - Sync 1 DAGs
[2024-08-28T10:49:40.601+0200] {logging_mixin.py:137} INFO - [2024-08-28T10:49:40.601+0200] {dag.py:3456} INFO - Setting next_dagrun for latest_only to 2024-08-28T04:49:40.601048+00:00, run_after=2024-08-28T08:49:40.601048+00:00
[2024-08-28T10:49:40.613+0200] {processor.py:175} INFO - Processing /Users/roselina/opt/anaconda3/envs/python37/lib/python3.7/site-packages/airflow/example_dags/example_latest_only.py took 0.068 seconds
[2024-08-28T10:50:21.387+0200] {processor.py:153} INFO - Started process (PID=76009) to work on /Users/roselina/opt/anaconda3/envs/python37/lib/python3.7/site-packages/airflow/example_dags/example_latest_only.py
[2024-08-28T10:50:21.389+0200] {processor.py:743} INFO - Processing file /Users/roselina/opt/anaconda3/envs/python37/lib/python3.7/site-packages/airflow/example_dags/example_latest_only.py for tasks to queue
[2024-08-28T10:50:21.390+0200] {logging_mixin.py:137} INFO - [2024-08-28T10:50:21.390+0200] {dagbag.py:532} INFO - Filling up the DagBag from /Users/roselina/opt/anaconda3/envs/python37/lib/python3.7/site-packages/airflow/example_dags/example_latest_only.py
[2024-08-28T10:50:21.409+0200] {processor.py:753} INFO - DAG(s) dict_keys(['latest_only']) retrieved from /Users/roselina/opt/anaconda3/envs/python37/lib/python3.7/site-packages/airflow/example_dags/example_latest_only.py
[2024-08-28T10:50:21.426+0200] {logging_mixin.py:137} INFO - [2024-08-28T10:50:21.425+0200] {dag.py:2705} INFO - Sync 1 DAGs
[2024-08-28T10:50:21.439+0200] {logging_mixin.py:137} INFO - [2024-08-28T10:50:21.439+0200] {dag.py:3456} INFO - Setting next_dagrun for latest_only to 2024-08-28T04:50:21.439336+00:00, run_after=2024-08-28T08:50:21.439336+00:00
[2024-08-28T10:50:21.449+0200] {processor.py:175} INFO - Processing /Users/roselina/opt/anaconda3/envs/python37/lib/python3.7/site-packages/airflow/example_dags/example_latest_only.py took 0.067 seconds
[2024-08-28T10:51:01.838+0200] {processor.py:153} INFO - Started process (PID=76062) to work on /Users/roselina/opt/anaconda3/envs/python37/lib/python3.7/site-packages/airflow/example_dags/example_latest_only.py
[2024-08-28T10:51:01.839+0200] {processor.py:743} INFO - Processing file /Users/roselina/opt/anaconda3/envs/python37/lib/python3.7/site-packages/airflow/example_dags/example_latest_only.py for tasks to queue
[2024-08-28T10:51:01.840+0200] {logging_mixin.py:137} INFO - [2024-08-28T10:51:01.840+0200] {dagbag.py:532} INFO - Filling up the DagBag from /Users/roselina/opt/anaconda3/envs/python37/lib/python3.7/site-packages/airflow/example_dags/example_latest_only.py
[2024-08-28T10:51:01.851+0200] {processor.py:753} INFO - DAG(s) dict_keys(['latest_only']) retrieved from /Users/roselina/opt/anaconda3/envs/python37/lib/python3.7/site-packages/airflow/example_dags/example_latest_only.py
[2024-08-28T10:51:01.863+0200] {logging_mixin.py:137} INFO - [2024-08-28T10:51:01.863+0200] {dag.py:2705} INFO - Sync 1 DAGs
[2024-08-28T10:51:01.875+0200] {logging_mixin.py:137} INFO - [2024-08-28T10:51:01.875+0200] {dag.py:3456} INFO - Setting next_dagrun for latest_only to 2024-08-28T04:51:01.875526+00:00, run_after=2024-08-28T08:51:01.875526+00:00
[2024-08-28T10:51:01.887+0200] {processor.py:175} INFO - Processing /Users/roselina/opt/anaconda3/envs/python37/lib/python3.7/site-packages/airflow/example_dags/example_latest_only.py took 0.050 seconds
[2024-08-28T10:51:43.542+0200] {processor.py:153} INFO - Started process (PID=76115) to work on /Users/roselina/opt/anaconda3/envs/python37/lib/python3.7/site-packages/airflow/example_dags/example_latest_only.py
[2024-08-28T10:51:43.544+0200] {processor.py:743} INFO - Processing file /Users/roselina/opt/anaconda3/envs/python37/lib/python3.7/site-packages/airflow/example_dags/example_latest_only.py for tasks to queue
[2024-08-28T10:51:43.545+0200] {logging_mixin.py:137} INFO - [2024-08-28T10:51:43.545+0200] {dagbag.py:532} INFO - Filling up the DagBag from /Users/roselina/opt/anaconda3/envs/python37/lib/python3.7/site-packages/airflow/example_dags/example_latest_only.py
[2024-08-28T10:51:43.563+0200] {processor.py:753} INFO - DAG(s) dict_keys(['latest_only']) retrieved from /Users/roselina/opt/anaconda3/envs/python37/lib/python3.7/site-packages/airflow/example_dags/example_latest_only.py
[2024-08-28T10:51:43.584+0200] {logging_mixin.py:137} INFO - [2024-08-28T10:51:43.583+0200] {dag.py:2705} INFO - Sync 1 DAGs
[2024-08-28T10:51:43.598+0200] {logging_mixin.py:137} INFO - [2024-08-28T10:51:43.597+0200] {dag.py:3456} INFO - Setting next_dagrun for latest_only to 2024-08-28T04:51:43.597766+00:00, run_after=2024-08-28T08:51:43.597766+00:00
[2024-08-28T10:51:43.608+0200] {processor.py:175} INFO - Processing /Users/roselina/opt/anaconda3/envs/python37/lib/python3.7/site-packages/airflow/example_dags/example_latest_only.py took 0.071 seconds
[2024-08-28T10:52:24.252+0200] {processor.py:153} INFO - Started process (PID=76169) to work on /Users/roselina/opt/anaconda3/envs/python37/lib/python3.7/site-packages/airflow/example_dags/example_latest_only.py
[2024-08-28T10:52:24.254+0200] {processor.py:743} INFO - Processing file /Users/roselina/opt/anaconda3/envs/python37/lib/python3.7/site-packages/airflow/example_dags/example_latest_only.py for tasks to queue
[2024-08-28T10:52:24.255+0200] {logging_mixin.py:137} INFO - [2024-08-28T10:52:24.255+0200] {dagbag.py:532} INFO - Filling up the DagBag from /Users/roselina/opt/anaconda3/envs/python37/lib/python3.7/site-packages/airflow/example_dags/example_latest_only.py
[2024-08-28T10:52:24.272+0200] {processor.py:753} INFO - DAG(s) dict_keys(['latest_only']) retrieved from /Users/roselina/opt/anaconda3/envs/python37/lib/python3.7/site-packages/airflow/example_dags/example_latest_only.py
[2024-08-28T10:52:24.286+0200] {logging_mixin.py:137} INFO - [2024-08-28T10:52:24.286+0200] {dag.py:2705} INFO - Sync 1 DAGs
[2024-08-28T10:52:24.298+0200] {logging_mixin.py:137} INFO - [2024-08-28T10:52:24.298+0200] {dag.py:3456} INFO - Setting next_dagrun for latest_only to 2024-08-28T04:52:24.298535+00:00, run_after=2024-08-28T08:52:24.298535+00:00
[2024-08-28T10:52:24.308+0200] {processor.py:175} INFO - Processing /Users/roselina/opt/anaconda3/envs/python37/lib/python3.7/site-packages/airflow/example_dags/example_latest_only.py took 0.060 seconds
[2024-08-28T10:53:07.081+0200] {processor.py:153} INFO - Started process (PID=76216) to work on /Users/roselina/opt/anaconda3/envs/python37/lib/python3.7/site-packages/airflow/example_dags/example_latest_only.py
[2024-08-28T10:53:07.082+0200] {processor.py:743} INFO - Processing file /Users/roselina/opt/anaconda3/envs/python37/lib/python3.7/site-packages/airflow/example_dags/example_latest_only.py for tasks to queue
[2024-08-28T10:53:07.084+0200] {logging_mixin.py:137} INFO - [2024-08-28T10:53:07.083+0200] {dagbag.py:532} INFO - Filling up the DagBag from /Users/roselina/opt/anaconda3/envs/python37/lib/python3.7/site-packages/airflow/example_dags/example_latest_only.py
[2024-08-28T10:53:07.102+0200] {processor.py:753} INFO - DAG(s) dict_keys(['latest_only']) retrieved from /Users/roselina/opt/anaconda3/envs/python37/lib/python3.7/site-packages/airflow/example_dags/example_latest_only.py
[2024-08-28T10:53:07.119+0200] {logging_mixin.py:137} INFO - [2024-08-28T10:53:07.119+0200] {dag.py:2705} INFO - Sync 1 DAGs
[2024-08-28T10:53:07.133+0200] {logging_mixin.py:137} INFO - [2024-08-28T10:53:07.133+0200] {dag.py:3456} INFO - Setting next_dagrun for latest_only to 2024-08-28T04:53:07.133021+00:00, run_after=2024-08-28T08:53:07.133021+00:00
[2024-08-28T10:53:07.144+0200] {processor.py:175} INFO - Processing /Users/roselina/opt/anaconda3/envs/python37/lib/python3.7/site-packages/airflow/example_dags/example_latest_only.py took 0.067 seconds
