[2024-08-28T10:11:38.968+0200] {processor.py:153} INFO - Started process (PID=74955) to work on /Users/roselina/opt/anaconda3/envs/python37/lib/python3.7/site-packages/airflow/example_dags/example_branch_python_dop_operator_3.py
[2024-08-28T10:11:38.970+0200] {processor.py:743} INFO - Processing file /Users/roselina/opt/anaconda3/envs/python37/lib/python3.7/site-packages/airflow/example_dags/example_branch_python_dop_operator_3.py for tasks to queue
[2024-08-28T10:11:38.971+0200] {logging_mixin.py:137} INFO - [2024-08-28T10:11:38.971+0200] {dagbag.py:532} INFO - Filling up the DagBag from /Users/roselina/opt/anaconda3/envs/python37/lib/python3.7/site-packages/airflow/example_dags/example_branch_python_dop_operator_3.py
[2024-08-28T10:11:39.003+0200] {processor.py:753} INFO - DAG(s) dict_keys(['example_branch_dop_operator_v3']) retrieved from /Users/roselina/opt/anaconda3/envs/python37/lib/python3.7/site-packages/airflow/example_dags/example_branch_python_dop_operator_3.py
[2024-08-28T10:11:39.070+0200] {logging_mixin.py:137} INFO - [2024-08-28T10:11:39.070+0200] {manager.py:504} INFO - Created Permission View: can read on DAG:example_branch_dop_operator_v3
[2024-08-28T10:11:39.075+0200] {logging_mixin.py:137} INFO - [2024-08-28T10:11:39.075+0200] {manager.py:504} INFO - Created Permission View: can delete on DAG:example_branch_dop_operator_v3
[2024-08-28T10:11:39.079+0200] {logging_mixin.py:137} INFO - [2024-08-28T10:11:39.079+0200] {manager.py:504} INFO - Created Permission View: can edit on DAG:example_branch_dop_operator_v3
[2024-08-28T10:11:39.079+0200] {logging_mixin.py:137} INFO - [2024-08-28T10:11:39.079+0200] {dag.py:2705} INFO - Sync 1 DAGs
[2024-08-28T10:11:39.087+0200] {logging_mixin.py:137} INFO - [2024-08-28T10:11:39.086+0200] {dag.py:2726} INFO - Creating ORM DAG for example_branch_dop_operator_v3
[2024-08-28T10:11:39.096+0200] {logging_mixin.py:137} INFO - [2024-08-28T10:11:39.096+0200] {dag.py:3456} INFO - Setting next_dagrun for example_branch_dop_operator_v3 to 2024-08-28T08:10:00+00:00, run_after=2024-08-28T08:11:00+00:00
[2024-08-28T10:11:39.106+0200] {processor.py:175} INFO - Processing /Users/roselina/opt/anaconda3/envs/python37/lib/python3.7/site-packages/airflow/example_dags/example_branch_python_dop_operator_3.py took 0.143 seconds
[2024-08-28T10:12:20.370+0200] {processor.py:153} INFO - Started process (PID=75017) to work on /Users/roselina/opt/anaconda3/envs/python37/lib/python3.7/site-packages/airflow/example_dags/example_branch_python_dop_operator_3.py
[2024-08-28T10:12:20.372+0200] {processor.py:743} INFO - Processing file /Users/roselina/opt/anaconda3/envs/python37/lib/python3.7/site-packages/airflow/example_dags/example_branch_python_dop_operator_3.py for tasks to queue
[2024-08-28T10:12:20.373+0200] {logging_mixin.py:137} INFO - [2024-08-28T10:12:20.373+0200] {dagbag.py:532} INFO - Filling up the DagBag from /Users/roselina/opt/anaconda3/envs/python37/lib/python3.7/site-packages/airflow/example_dags/example_branch_python_dop_operator_3.py
[2024-08-28T10:12:20.396+0200] {processor.py:753} INFO - DAG(s) dict_keys(['example_branch_dop_operator_v3']) retrieved from /Users/roselina/opt/anaconda3/envs/python37/lib/python3.7/site-packages/airflow/example_dags/example_branch_python_dop_operator_3.py
[2024-08-28T10:12:20.412+0200] {logging_mixin.py:137} INFO - [2024-08-28T10:12:20.412+0200] {dag.py:2705} INFO - Sync 1 DAGs
[2024-08-28T10:12:20.427+0200] {logging_mixin.py:137} INFO - [2024-08-28T10:12:20.427+0200] {dag.py:3456} INFO - Setting next_dagrun for example_branch_dop_operator_v3 to 2024-08-28T08:11:00+00:00, run_after=2024-08-28T08:12:00+00:00
[2024-08-28T10:12:20.437+0200] {processor.py:175} INFO - Processing /Users/roselina/opt/anaconda3/envs/python37/lib/python3.7/site-packages/airflow/example_dags/example_branch_python_dop_operator_3.py took 0.071 seconds
[2024-08-28T10:13:02.182+0200] {processor.py:153} INFO - Started process (PID=75092) to work on /Users/roselina/opt/anaconda3/envs/python37/lib/python3.7/site-packages/airflow/example_dags/example_branch_python_dop_operator_3.py
[2024-08-28T10:13:02.184+0200] {processor.py:743} INFO - Processing file /Users/roselina/opt/anaconda3/envs/python37/lib/python3.7/site-packages/airflow/example_dags/example_branch_python_dop_operator_3.py for tasks to queue
[2024-08-28T10:13:02.185+0200] {logging_mixin.py:137} INFO - [2024-08-28T10:13:02.185+0200] {dagbag.py:532} INFO - Filling up the DagBag from /Users/roselina/opt/anaconda3/envs/python37/lib/python3.7/site-packages/airflow/example_dags/example_branch_python_dop_operator_3.py
[2024-08-28T10:13:02.212+0200] {processor.py:753} INFO - DAG(s) dict_keys(['example_branch_dop_operator_v3']) retrieved from /Users/roselina/opt/anaconda3/envs/python37/lib/python3.7/site-packages/airflow/example_dags/example_branch_python_dop_operator_3.py
[2024-08-28T10:13:02.227+0200] {logging_mixin.py:137} INFO - [2024-08-28T10:13:02.227+0200] {dag.py:2705} INFO - Sync 1 DAGs
[2024-08-28T10:13:02.242+0200] {logging_mixin.py:137} INFO - [2024-08-28T10:13:02.242+0200] {dag.py:3456} INFO - Setting next_dagrun for example_branch_dop_operator_v3 to 2024-08-28T08:12:00+00:00, run_after=2024-08-28T08:13:00+00:00
[2024-08-28T10:13:02.253+0200] {processor.py:175} INFO - Processing /Users/roselina/opt/anaconda3/envs/python37/lib/python3.7/site-packages/airflow/example_dags/example_branch_python_dop_operator_3.py took 0.075 seconds
[2024-08-28T10:13:44.065+0200] {processor.py:153} INFO - Started process (PID=75143) to work on /Users/roselina/opt/anaconda3/envs/python37/lib/python3.7/site-packages/airflow/example_dags/example_branch_python_dop_operator_3.py
[2024-08-28T10:13:44.067+0200] {processor.py:743} INFO - Processing file /Users/roselina/opt/anaconda3/envs/python37/lib/python3.7/site-packages/airflow/example_dags/example_branch_python_dop_operator_3.py for tasks to queue
[2024-08-28T10:13:44.069+0200] {logging_mixin.py:137} INFO - [2024-08-28T10:13:44.068+0200] {dagbag.py:532} INFO - Filling up the DagBag from /Users/roselina/opt/anaconda3/envs/python37/lib/python3.7/site-packages/airflow/example_dags/example_branch_python_dop_operator_3.py
[2024-08-28T10:13:44.090+0200] {processor.py:753} INFO - DAG(s) dict_keys(['example_branch_dop_operator_v3']) retrieved from /Users/roselina/opt/anaconda3/envs/python37/lib/python3.7/site-packages/airflow/example_dags/example_branch_python_dop_operator_3.py
[2024-08-28T10:13:44.107+0200] {logging_mixin.py:137} INFO - [2024-08-28T10:13:44.106+0200] {dag.py:2705} INFO - Sync 1 DAGs
[2024-08-28T10:13:44.125+0200] {logging_mixin.py:137} INFO - [2024-08-28T10:13:44.125+0200] {dag.py:3456} INFO - Setting next_dagrun for example_branch_dop_operator_v3 to 2024-08-28T08:12:00+00:00, run_after=2024-08-28T08:13:00+00:00
[2024-08-28T10:13:44.136+0200] {processor.py:175} INFO - Processing /Users/roselina/opt/anaconda3/envs/python37/lib/python3.7/site-packages/airflow/example_dags/example_branch_python_dop_operator_3.py took 0.074 seconds
[2024-08-28T10:14:27.131+0200] {processor.py:153} INFO - Started process (PID=75216) to work on /Users/roselina/opt/anaconda3/envs/python37/lib/python3.7/site-packages/airflow/example_dags/example_branch_python_dop_operator_3.py
[2024-08-28T10:14:27.133+0200] {processor.py:743} INFO - Processing file /Users/roselina/opt/anaconda3/envs/python37/lib/python3.7/site-packages/airflow/example_dags/example_branch_python_dop_operator_3.py for tasks to queue
[2024-08-28T10:14:27.136+0200] {logging_mixin.py:137} INFO - [2024-08-28T10:14:27.135+0200] {dagbag.py:532} INFO - Filling up the DagBag from /Users/roselina/opt/anaconda3/envs/python37/lib/python3.7/site-packages/airflow/example_dags/example_branch_python_dop_operator_3.py
[2024-08-28T10:14:27.161+0200] {processor.py:753} INFO - DAG(s) dict_keys(['example_branch_dop_operator_v3']) retrieved from /Users/roselina/opt/anaconda3/envs/python37/lib/python3.7/site-packages/airflow/example_dags/example_branch_python_dop_operator_3.py
[2024-08-28T10:14:27.180+0200] {logging_mixin.py:137} INFO - [2024-08-28T10:14:27.179+0200] {dag.py:2705} INFO - Sync 1 DAGs
[2024-08-28T10:14:27.198+0200] {logging_mixin.py:137} INFO - [2024-08-28T10:14:27.198+0200] {dag.py:3456} INFO - Setting next_dagrun for example_branch_dop_operator_v3 to 2024-08-28T08:13:00+00:00, run_after=2024-08-28T08:14:00+00:00
[2024-08-28T10:14:27.210+0200] {processor.py:175} INFO - Processing /Users/roselina/opt/anaconda3/envs/python37/lib/python3.7/site-packages/airflow/example_dags/example_branch_python_dop_operator_3.py took 0.081 seconds
[2024-08-28T10:15:08.578+0200] {processor.py:153} INFO - Started process (PID=75262) to work on /Users/roselina/opt/anaconda3/envs/python37/lib/python3.7/site-packages/airflow/example_dags/example_branch_python_dop_operator_3.py
[2024-08-28T10:15:08.580+0200] {processor.py:743} INFO - Processing file /Users/roselina/opt/anaconda3/envs/python37/lib/python3.7/site-packages/airflow/example_dags/example_branch_python_dop_operator_3.py for tasks to queue
[2024-08-28T10:15:08.581+0200] {logging_mixin.py:137} INFO - [2024-08-28T10:15:08.581+0200] {dagbag.py:532} INFO - Filling up the DagBag from /Users/roselina/opt/anaconda3/envs/python37/lib/python3.7/site-packages/airflow/example_dags/example_branch_python_dop_operator_3.py
[2024-08-28T10:15:08.609+0200] {processor.py:753} INFO - DAG(s) dict_keys(['example_branch_dop_operator_v3']) retrieved from /Users/roselina/opt/anaconda3/envs/python37/lib/python3.7/site-packages/airflow/example_dags/example_branch_python_dop_operator_3.py
[2024-08-28T10:15:08.623+0200] {logging_mixin.py:137} INFO - [2024-08-28T10:15:08.623+0200] {dag.py:2705} INFO - Sync 1 DAGs
[2024-08-28T10:15:08.639+0200] {logging_mixin.py:137} INFO - [2024-08-28T10:15:08.638+0200] {dag.py:3456} INFO - Setting next_dagrun for example_branch_dop_operator_v3 to 2024-08-28T08:14:00+00:00, run_after=2024-08-28T08:15:00+00:00
[2024-08-28T10:15:08.650+0200] {processor.py:175} INFO - Processing /Users/roselina/opt/anaconda3/envs/python37/lib/python3.7/site-packages/airflow/example_dags/example_branch_python_dop_operator_3.py took 0.076 seconds
[2024-08-28T10:15:49.702+0200] {processor.py:153} INFO - Started process (PID=75306) to work on /Users/roselina/opt/anaconda3/envs/python37/lib/python3.7/site-packages/airflow/example_dags/example_branch_python_dop_operator_3.py
[2024-08-28T10:15:49.704+0200] {processor.py:743} INFO - Processing file /Users/roselina/opt/anaconda3/envs/python37/lib/python3.7/site-packages/airflow/example_dags/example_branch_python_dop_operator_3.py for tasks to queue
[2024-08-28T10:15:49.705+0200] {logging_mixin.py:137} INFO - [2024-08-28T10:15:49.705+0200] {dagbag.py:532} INFO - Filling up the DagBag from /Users/roselina/opt/anaconda3/envs/python37/lib/python3.7/site-packages/airflow/example_dags/example_branch_python_dop_operator_3.py
[2024-08-28T10:15:49.721+0200] {processor.py:753} INFO - DAG(s) dict_keys(['example_branch_dop_operator_v3']) retrieved from /Users/roselina/opt/anaconda3/envs/python37/lib/python3.7/site-packages/airflow/example_dags/example_branch_python_dop_operator_3.py
[2024-08-28T10:15:49.732+0200] {logging_mixin.py:137} INFO - [2024-08-28T10:15:49.732+0200] {dag.py:2705} INFO - Sync 1 DAGs
[2024-08-28T10:15:49.746+0200] {logging_mixin.py:137} INFO - [2024-08-28T10:15:49.746+0200] {dag.py:3456} INFO - Setting next_dagrun for example_branch_dop_operator_v3 to 2024-08-28T08:14:00+00:00, run_after=2024-08-28T08:15:00+00:00
[2024-08-28T10:15:49.756+0200] {processor.py:175} INFO - Processing /Users/roselina/opt/anaconda3/envs/python37/lib/python3.7/site-packages/airflow/example_dags/example_branch_python_dop_operator_3.py took 0.056 seconds
[2024-08-28T10:16:29.487+0200] {processor.py:153} INFO - Started process (PID=75351) to work on /Users/roselina/opt/anaconda3/envs/python37/lib/python3.7/site-packages/airflow/example_dags/example_branch_python_dop_operator_3.py
[2024-08-28T10:16:29.489+0200] {processor.py:743} INFO - Processing file /Users/roselina/opt/anaconda3/envs/python37/lib/python3.7/site-packages/airflow/example_dags/example_branch_python_dop_operator_3.py for tasks to queue
[2024-08-28T10:16:29.490+0200] {logging_mixin.py:137} INFO - [2024-08-28T10:16:29.490+0200] {dagbag.py:532} INFO - Filling up the DagBag from /Users/roselina/opt/anaconda3/envs/python37/lib/python3.7/site-packages/airflow/example_dags/example_branch_python_dop_operator_3.py
[2024-08-28T10:16:29.516+0200] {processor.py:753} INFO - DAG(s) dict_keys(['example_branch_dop_operator_v3']) retrieved from /Users/roselina/opt/anaconda3/envs/python37/lib/python3.7/site-packages/airflow/example_dags/example_branch_python_dop_operator_3.py
[2024-08-28T10:16:29.531+0200] {logging_mixin.py:137} INFO - [2024-08-28T10:16:29.530+0200] {dag.py:2705} INFO - Sync 1 DAGs
[2024-08-28T10:16:29.545+0200] {logging_mixin.py:137} INFO - [2024-08-28T10:16:29.545+0200] {dag.py:3456} INFO - Setting next_dagrun for example_branch_dop_operator_v3 to 2024-08-28T08:15:00+00:00, run_after=2024-08-28T08:16:00+00:00
[2024-08-28T10:16:29.555+0200] {processor.py:175} INFO - Processing /Users/roselina/opt/anaconda3/envs/python37/lib/python3.7/site-packages/airflow/example_dags/example_branch_python_dop_operator_3.py took 0.072 seconds
[2024-08-28T10:17:11.984+0200] {processor.py:153} INFO - Started process (PID=75397) to work on /Users/roselina/opt/anaconda3/envs/python37/lib/python3.7/site-packages/airflow/example_dags/example_branch_python_dop_operator_3.py
[2024-08-28T10:17:11.986+0200] {processor.py:743} INFO - Processing file /Users/roselina/opt/anaconda3/envs/python37/lib/python3.7/site-packages/airflow/example_dags/example_branch_python_dop_operator_3.py for tasks to queue
[2024-08-28T10:17:11.988+0200] {logging_mixin.py:137} INFO - [2024-08-28T10:17:11.987+0200] {dagbag.py:532} INFO - Filling up the DagBag from /Users/roselina/opt/anaconda3/envs/python37/lib/python3.7/site-packages/airflow/example_dags/example_branch_python_dop_operator_3.py
[2024-08-28T10:17:12.012+0200] {processor.py:753} INFO - DAG(s) dict_keys(['example_branch_dop_operator_v3']) retrieved from /Users/roselina/opt/anaconda3/envs/python37/lib/python3.7/site-packages/airflow/example_dags/example_branch_python_dop_operator_3.py
[2024-08-28T10:17:12.026+0200] {logging_mixin.py:137} INFO - [2024-08-28T10:17:12.026+0200] {dag.py:2705} INFO - Sync 1 DAGs
[2024-08-28T10:17:12.041+0200] {logging_mixin.py:137} INFO - [2024-08-28T10:17:12.041+0200] {dag.py:3456} INFO - Setting next_dagrun for example_branch_dop_operator_v3 to 2024-08-28T08:16:00+00:00, run_after=2024-08-28T08:17:00+00:00
[2024-08-28T10:17:12.051+0200] {processor.py:175} INFO - Processing /Users/roselina/opt/anaconda3/envs/python37/lib/python3.7/site-packages/airflow/example_dags/example_branch_python_dop_operator_3.py took 0.071 seconds
[2024-08-28T10:17:52.026+0200] {processor.py:153} INFO - Started process (PID=75459) to work on /Users/roselina/opt/anaconda3/envs/python37/lib/python3.7/site-packages/airflow/example_dags/example_branch_python_dop_operator_3.py
[2024-08-28T10:17:52.029+0200] {processor.py:743} INFO - Processing file /Users/roselina/opt/anaconda3/envs/python37/lib/python3.7/site-packages/airflow/example_dags/example_branch_python_dop_operator_3.py for tasks to queue
[2024-08-28T10:17:52.031+0200] {logging_mixin.py:137} INFO - [2024-08-28T10:17:52.031+0200] {dagbag.py:532} INFO - Filling up the DagBag from /Users/roselina/opt/anaconda3/envs/python37/lib/python3.7/site-packages/airflow/example_dags/example_branch_python_dop_operator_3.py
[2024-08-28T10:17:52.061+0200] {processor.py:753} INFO - DAG(s) dict_keys(['example_branch_dop_operator_v3']) retrieved from /Users/roselina/opt/anaconda3/envs/python37/lib/python3.7/site-packages/airflow/example_dags/example_branch_python_dop_operator_3.py
[2024-08-28T10:17:52.075+0200] {logging_mixin.py:137} INFO - [2024-08-28T10:17:52.075+0200] {dag.py:2705} INFO - Sync 1 DAGs
[2024-08-28T10:17:52.090+0200] {logging_mixin.py:137} INFO - [2024-08-28T10:17:52.090+0200] {dag.py:3456} INFO - Setting next_dagrun for example_branch_dop_operator_v3 to 2024-08-28T08:16:00+00:00, run_after=2024-08-28T08:17:00+00:00
[2024-08-28T10:17:52.099+0200] {processor.py:175} INFO - Processing /Users/roselina/opt/anaconda3/envs/python37/lib/python3.7/site-packages/airflow/example_dags/example_branch_python_dop_operator_3.py took 0.078 seconds
[2024-08-28T10:44:15.102+0200] {processor.py:153} INFO - Started process (PID=75549) to work on /Users/roselina/opt/anaconda3/envs/python37/lib/python3.7/site-packages/airflow/example_dags/example_branch_python_dop_operator_3.py
[2024-08-28T10:44:15.104+0200] {processor.py:743} INFO - Processing file /Users/roselina/opt/anaconda3/envs/python37/lib/python3.7/site-packages/airflow/example_dags/example_branch_python_dop_operator_3.py for tasks to queue
[2024-08-28T10:44:15.105+0200] {logging_mixin.py:137} INFO - [2024-08-28T10:44:15.104+0200] {dagbag.py:532} INFO - Filling up the DagBag from /Users/roselina/opt/anaconda3/envs/python37/lib/python3.7/site-packages/airflow/example_dags/example_branch_python_dop_operator_3.py
[2024-08-28T10:44:15.126+0200] {processor.py:753} INFO - DAG(s) dict_keys(['example_branch_dop_operator_v3']) retrieved from /Users/roselina/opt/anaconda3/envs/python37/lib/python3.7/site-packages/airflow/example_dags/example_branch_python_dop_operator_3.py
[2024-08-28T10:44:15.140+0200] {logging_mixin.py:137} INFO - [2024-08-28T10:44:15.139+0200] {dag.py:2705} INFO - Sync 1 DAGs
[2024-08-28T10:44:15.155+0200] {logging_mixin.py:137} INFO - [2024-08-28T10:44:15.154+0200] {dag.py:3456} INFO - Setting next_dagrun for example_branch_dop_operator_v3 to 2024-08-28T08:43:00+00:00, run_after=2024-08-28T08:44:00+00:00
[2024-08-28T10:44:15.167+0200] {processor.py:175} INFO - Processing /Users/roselina/opt/anaconda3/envs/python37/lib/python3.7/site-packages/airflow/example_dags/example_branch_python_dop_operator_3.py took 0.068 seconds
[2024-08-28T10:44:57.631+0200] {processor.py:153} INFO - Started process (PID=75611) to work on /Users/roselina/opt/anaconda3/envs/python37/lib/python3.7/site-packages/airflow/example_dags/example_branch_python_dop_operator_3.py
[2024-08-28T10:44:57.633+0200] {processor.py:743} INFO - Processing file /Users/roselina/opt/anaconda3/envs/python37/lib/python3.7/site-packages/airflow/example_dags/example_branch_python_dop_operator_3.py for tasks to queue
[2024-08-28T10:44:57.634+0200] {logging_mixin.py:137} INFO - [2024-08-28T10:44:57.634+0200] {dagbag.py:532} INFO - Filling up the DagBag from /Users/roselina/opt/anaconda3/envs/python37/lib/python3.7/site-packages/airflow/example_dags/example_branch_python_dop_operator_3.py
[2024-08-28T10:44:57.661+0200] {processor.py:753} INFO - DAG(s) dict_keys(['example_branch_dop_operator_v3']) retrieved from /Users/roselina/opt/anaconda3/envs/python37/lib/python3.7/site-packages/airflow/example_dags/example_branch_python_dop_operator_3.py
[2024-08-28T10:44:57.677+0200] {logging_mixin.py:137} INFO - [2024-08-28T10:44:57.676+0200] {dag.py:2705} INFO - Sync 1 DAGs
[2024-08-28T10:44:57.692+0200] {logging_mixin.py:137} INFO - [2024-08-28T10:44:57.692+0200] {dag.py:3456} INFO - Setting next_dagrun for example_branch_dop_operator_v3 to 2024-08-28T08:43:00+00:00, run_after=2024-08-28T08:44:00+00:00
[2024-08-28T10:44:57.702+0200] {processor.py:175} INFO - Processing /Users/roselina/opt/anaconda3/envs/python37/lib/python3.7/site-packages/airflow/example_dags/example_branch_python_dop_operator_3.py took 0.076 seconds
[2024-08-28T10:45:38.395+0200] {processor.py:153} INFO - Started process (PID=75658) to work on /Users/roselina/opt/anaconda3/envs/python37/lib/python3.7/site-packages/airflow/example_dags/example_branch_python_dop_operator_3.py
[2024-08-28T10:45:38.396+0200] {processor.py:743} INFO - Processing file /Users/roselina/opt/anaconda3/envs/python37/lib/python3.7/site-packages/airflow/example_dags/example_branch_python_dop_operator_3.py for tasks to queue
[2024-08-28T10:45:38.397+0200] {logging_mixin.py:137} INFO - [2024-08-28T10:45:38.397+0200] {dagbag.py:532} INFO - Filling up the DagBag from /Users/roselina/opt/anaconda3/envs/python37/lib/python3.7/site-packages/airflow/example_dags/example_branch_python_dop_operator_3.py
[2024-08-28T10:45:38.418+0200] {processor.py:753} INFO - DAG(s) dict_keys(['example_branch_dop_operator_v3']) retrieved from /Users/roselina/opt/anaconda3/envs/python37/lib/python3.7/site-packages/airflow/example_dags/example_branch_python_dop_operator_3.py
[2024-08-28T10:45:38.431+0200] {logging_mixin.py:137} INFO - [2024-08-28T10:45:38.431+0200] {dag.py:2705} INFO - Sync 1 DAGs
[2024-08-28T10:45:38.444+0200] {logging_mixin.py:137} INFO - [2024-08-28T10:45:38.444+0200] {dag.py:3456} INFO - Setting next_dagrun for example_branch_dop_operator_v3 to 2024-08-28T08:44:00+00:00, run_after=2024-08-28T08:45:00+00:00
[2024-08-28T10:45:38.454+0200] {processor.py:175} INFO - Processing /Users/roselina/opt/anaconda3/envs/python37/lib/python3.7/site-packages/airflow/example_dags/example_branch_python_dop_operator_3.py took 0.063 seconds
[2024-08-28T10:46:19.409+0200] {processor.py:153} INFO - Started process (PID=75704) to work on /Users/roselina/opt/anaconda3/envs/python37/lib/python3.7/site-packages/airflow/example_dags/example_branch_python_dop_operator_3.py
[2024-08-28T10:46:19.411+0200] {processor.py:743} INFO - Processing file /Users/roselina/opt/anaconda3/envs/python37/lib/python3.7/site-packages/airflow/example_dags/example_branch_python_dop_operator_3.py for tasks to queue
[2024-08-28T10:46:19.413+0200] {logging_mixin.py:137} INFO - [2024-08-28T10:46:19.412+0200] {dagbag.py:532} INFO - Filling up the DagBag from /Users/roselina/opt/anaconda3/envs/python37/lib/python3.7/site-packages/airflow/example_dags/example_branch_python_dop_operator_3.py
[2024-08-28T10:46:19.440+0200] {processor.py:753} INFO - DAG(s) dict_keys(['example_branch_dop_operator_v3']) retrieved from /Users/roselina/opt/anaconda3/envs/python37/lib/python3.7/site-packages/airflow/example_dags/example_branch_python_dop_operator_3.py
[2024-08-28T10:46:19.456+0200] {logging_mixin.py:137} INFO - [2024-08-28T10:46:19.456+0200] {dag.py:2705} INFO - Sync 1 DAGs
[2024-08-28T10:46:19.472+0200] {logging_mixin.py:137} INFO - [2024-08-28T10:46:19.471+0200] {dag.py:3456} INFO - Setting next_dagrun for example_branch_dop_operator_v3 to 2024-08-28T08:45:00+00:00, run_after=2024-08-28T08:46:00+00:00
[2024-08-28T10:46:19.482+0200] {processor.py:175} INFO - Processing /Users/roselina/opt/anaconda3/envs/python37/lib/python3.7/site-packages/airflow/example_dags/example_branch_python_dop_operator_3.py took 0.077 seconds
[2024-08-28T10:47:00.633+0200] {processor.py:153} INFO - Started process (PID=75757) to work on /Users/roselina/opt/anaconda3/envs/python37/lib/python3.7/site-packages/airflow/example_dags/example_branch_python_dop_operator_3.py
[2024-08-28T10:47:00.634+0200] {processor.py:743} INFO - Processing file /Users/roselina/opt/anaconda3/envs/python37/lib/python3.7/site-packages/airflow/example_dags/example_branch_python_dop_operator_3.py for tasks to queue
[2024-08-28T10:47:00.636+0200] {logging_mixin.py:137} INFO - [2024-08-28T10:47:00.635+0200] {dagbag.py:532} INFO - Filling up the DagBag from /Users/roselina/opt/anaconda3/envs/python37/lib/python3.7/site-packages/airflow/example_dags/example_branch_python_dop_operator_3.py
[2024-08-28T10:47:00.659+0200] {processor.py:753} INFO - DAG(s) dict_keys(['example_branch_dop_operator_v3']) retrieved from /Users/roselina/opt/anaconda3/envs/python37/lib/python3.7/site-packages/airflow/example_dags/example_branch_python_dop_operator_3.py
[2024-08-28T10:47:00.673+0200] {logging_mixin.py:137} INFO - [2024-08-28T10:47:00.672+0200] {dag.py:2705} INFO - Sync 1 DAGs
[2024-08-28T10:47:00.691+0200] {logging_mixin.py:137} INFO - [2024-08-28T10:47:00.691+0200] {dag.py:3456} INFO - Setting next_dagrun for example_branch_dop_operator_v3 to 2024-08-28T08:46:00+00:00, run_after=2024-08-28T08:47:00+00:00
[2024-08-28T10:47:00.700+0200] {processor.py:175} INFO - Processing /Users/roselina/opt/anaconda3/envs/python37/lib/python3.7/site-packages/airflow/example_dags/example_branch_python_dop_operator_3.py took 0.072 seconds
[2024-08-28T10:47:42.551+0200] {processor.py:153} INFO - Started process (PID=75805) to work on /Users/roselina/opt/anaconda3/envs/python37/lib/python3.7/site-packages/airflow/example_dags/example_branch_python_dop_operator_3.py
[2024-08-28T10:47:42.553+0200] {processor.py:743} INFO - Processing file /Users/roselina/opt/anaconda3/envs/python37/lib/python3.7/site-packages/airflow/example_dags/example_branch_python_dop_operator_3.py for tasks to queue
[2024-08-28T10:47:42.554+0200] {logging_mixin.py:137} INFO - [2024-08-28T10:47:42.554+0200] {dagbag.py:532} INFO - Filling up the DagBag from /Users/roselina/opt/anaconda3/envs/python37/lib/python3.7/site-packages/airflow/example_dags/example_branch_python_dop_operator_3.py
[2024-08-28T10:47:42.583+0200] {processor.py:753} INFO - DAG(s) dict_keys(['example_branch_dop_operator_v3']) retrieved from /Users/roselina/opt/anaconda3/envs/python37/lib/python3.7/site-packages/airflow/example_dags/example_branch_python_dop_operator_3.py
[2024-08-28T10:47:42.598+0200] {logging_mixin.py:137} INFO - [2024-08-28T10:47:42.598+0200] {dag.py:2705} INFO - Sync 1 DAGs
[2024-08-28T10:47:42.614+0200] {logging_mixin.py:137} INFO - [2024-08-28T10:47:42.614+0200] {dag.py:3456} INFO - Setting next_dagrun for example_branch_dop_operator_v3 to 2024-08-28T08:46:00+00:00, run_after=2024-08-28T08:47:00+00:00
[2024-08-28T10:47:42.625+0200] {processor.py:175} INFO - Processing /Users/roselina/opt/anaconda3/envs/python37/lib/python3.7/site-packages/airflow/example_dags/example_branch_python_dop_operator_3.py took 0.079 seconds
[2024-08-28T10:48:23.363+0200] {processor.py:153} INFO - Started process (PID=75872) to work on /Users/roselina/opt/anaconda3/envs/python37/lib/python3.7/site-packages/airflow/example_dags/example_branch_python_dop_operator_3.py
[2024-08-28T10:48:23.364+0200] {processor.py:743} INFO - Processing file /Users/roselina/opt/anaconda3/envs/python37/lib/python3.7/site-packages/airflow/example_dags/example_branch_python_dop_operator_3.py for tasks to queue
[2024-08-28T10:48:23.364+0200] {logging_mixin.py:137} INFO - [2024-08-28T10:48:23.364+0200] {dagbag.py:532} INFO - Filling up the DagBag from /Users/roselina/opt/anaconda3/envs/python37/lib/python3.7/site-packages/airflow/example_dags/example_branch_python_dop_operator_3.py
[2024-08-28T10:48:23.381+0200] {processor.py:753} INFO - DAG(s) dict_keys(['example_branch_dop_operator_v3']) retrieved from /Users/roselina/opt/anaconda3/envs/python37/lib/python3.7/site-packages/airflow/example_dags/example_branch_python_dop_operator_3.py
[2024-08-28T10:48:23.393+0200] {logging_mixin.py:137} INFO - [2024-08-28T10:48:23.393+0200] {dag.py:2705} INFO - Sync 1 DAGs
[2024-08-28T10:48:23.407+0200] {logging_mixin.py:137} INFO - [2024-08-28T10:48:23.407+0200] {dag.py:3456} INFO - Setting next_dagrun for example_branch_dop_operator_v3 to 2024-08-28T08:47:00+00:00, run_after=2024-08-28T08:48:00+00:00
[2024-08-28T10:48:23.417+0200] {processor.py:175} INFO - Processing /Users/roselina/opt/anaconda3/envs/python37/lib/python3.7/site-packages/airflow/example_dags/example_branch_python_dop_operator_3.py took 0.056 seconds
[2024-08-28T10:49:04.868+0200] {processor.py:153} INFO - Started process (PID=75926) to work on /Users/roselina/opt/anaconda3/envs/python37/lib/python3.7/site-packages/airflow/example_dags/example_branch_python_dop_operator_3.py
[2024-08-28T10:49:04.870+0200] {processor.py:743} INFO - Processing file /Users/roselina/opt/anaconda3/envs/python37/lib/python3.7/site-packages/airflow/example_dags/example_branch_python_dop_operator_3.py for tasks to queue
[2024-08-28T10:49:04.872+0200] {logging_mixin.py:137} INFO - [2024-08-28T10:49:04.871+0200] {dagbag.py:532} INFO - Filling up the DagBag from /Users/roselina/opt/anaconda3/envs/python37/lib/python3.7/site-packages/airflow/example_dags/example_branch_python_dop_operator_3.py
[2024-08-28T10:49:04.905+0200] {processor.py:753} INFO - DAG(s) dict_keys(['example_branch_dop_operator_v3']) retrieved from /Users/roselina/opt/anaconda3/envs/python37/lib/python3.7/site-packages/airflow/example_dags/example_branch_python_dop_operator_3.py
[2024-08-28T10:49:04.920+0200] {logging_mixin.py:137} INFO - [2024-08-28T10:49:04.919+0200] {dag.py:2705} INFO - Sync 1 DAGs
[2024-08-28T10:49:04.934+0200] {logging_mixin.py:137} INFO - [2024-08-28T10:49:04.934+0200] {dag.py:3456} INFO - Setting next_dagrun for example_branch_dop_operator_v3 to 2024-08-28T08:48:00+00:00, run_after=2024-08-28T08:49:00+00:00
[2024-08-28T10:49:04.945+0200] {processor.py:175} INFO - Processing /Users/roselina/opt/anaconda3/envs/python37/lib/python3.7/site-packages/airflow/example_dags/example_branch_python_dop_operator_3.py took 0.082 seconds
[2024-08-28T10:49:47.390+0200] {processor.py:153} INFO - Started process (PID=75972) to work on /Users/roselina/opt/anaconda3/envs/python37/lib/python3.7/site-packages/airflow/example_dags/example_branch_python_dop_operator_3.py
[2024-08-28T10:49:47.391+0200] {processor.py:743} INFO - Processing file /Users/roselina/opt/anaconda3/envs/python37/lib/python3.7/site-packages/airflow/example_dags/example_branch_python_dop_operator_3.py for tasks to queue
[2024-08-28T10:49:47.392+0200] {logging_mixin.py:137} INFO - [2024-08-28T10:49:47.392+0200] {dagbag.py:532} INFO - Filling up the DagBag from /Users/roselina/opt/anaconda3/envs/python37/lib/python3.7/site-packages/airflow/example_dags/example_branch_python_dop_operator_3.py
[2024-08-28T10:49:47.412+0200] {processor.py:753} INFO - DAG(s) dict_keys(['example_branch_dop_operator_v3']) retrieved from /Users/roselina/opt/anaconda3/envs/python37/lib/python3.7/site-packages/airflow/example_dags/example_branch_python_dop_operator_3.py
[2024-08-28T10:49:47.433+0200] {logging_mixin.py:137} INFO - [2024-08-28T10:49:47.433+0200] {dag.py:2705} INFO - Sync 1 DAGs
[2024-08-28T10:49:47.448+0200] {logging_mixin.py:137} INFO - [2024-08-28T10:49:47.448+0200] {dag.py:3456} INFO - Setting next_dagrun for example_branch_dop_operator_v3 to 2024-08-28T08:48:00+00:00, run_after=2024-08-28T08:49:00+00:00
[2024-08-28T10:49:47.458+0200] {processor.py:175} INFO - Processing /Users/roselina/opt/anaconda3/envs/python37/lib/python3.7/site-packages/airflow/example_dags/example_branch_python_dop_operator_3.py took 0.071 seconds
[2024-08-28T10:50:27.514+0200] {processor.py:153} INFO - Started process (PID=76016) to work on /Users/roselina/opt/anaconda3/envs/python37/lib/python3.7/site-packages/airflow/example_dags/example_branch_python_dop_operator_3.py
[2024-08-28T10:50:27.515+0200] {processor.py:743} INFO - Processing file /Users/roselina/opt/anaconda3/envs/python37/lib/python3.7/site-packages/airflow/example_dags/example_branch_python_dop_operator_3.py for tasks to queue
[2024-08-28T10:50:27.515+0200] {logging_mixin.py:137} INFO - [2024-08-28T10:50:27.515+0200] {dagbag.py:532} INFO - Filling up the DagBag from /Users/roselina/opt/anaconda3/envs/python37/lib/python3.7/site-packages/airflow/example_dags/example_branch_python_dop_operator_3.py
[2024-08-28T10:50:27.531+0200] {processor.py:753} INFO - DAG(s) dict_keys(['example_branch_dop_operator_v3']) retrieved from /Users/roselina/opt/anaconda3/envs/python37/lib/python3.7/site-packages/airflow/example_dags/example_branch_python_dop_operator_3.py
[2024-08-28T10:50:27.542+0200] {logging_mixin.py:137} INFO - [2024-08-28T10:50:27.542+0200] {dag.py:2705} INFO - Sync 1 DAGs
[2024-08-28T10:50:27.556+0200] {logging_mixin.py:137} INFO - [2024-08-28T10:50:27.556+0200] {dag.py:3456} INFO - Setting next_dagrun for example_branch_dop_operator_v3 to 2024-08-28T08:49:00+00:00, run_after=2024-08-28T08:50:00+00:00
[2024-08-28T10:50:27.566+0200] {processor.py:175} INFO - Processing /Users/roselina/opt/anaconda3/envs/python37/lib/python3.7/site-packages/airflow/example_dags/example_branch_python_dop_operator_3.py took 0.054 seconds
[2024-08-28T10:51:08.693+0200] {processor.py:153} INFO - Started process (PID=76070) to work on /Users/roselina/opt/anaconda3/envs/python37/lib/python3.7/site-packages/airflow/example_dags/example_branch_python_dop_operator_3.py
[2024-08-28T10:51:08.697+0200] {processor.py:743} INFO - Processing file /Users/roselina/opt/anaconda3/envs/python37/lib/python3.7/site-packages/airflow/example_dags/example_branch_python_dop_operator_3.py for tasks to queue
[2024-08-28T10:51:08.698+0200] {logging_mixin.py:137} INFO - [2024-08-28T10:51:08.698+0200] {dagbag.py:532} INFO - Filling up the DagBag from /Users/roselina/opt/anaconda3/envs/python37/lib/python3.7/site-packages/airflow/example_dags/example_branch_python_dop_operator_3.py
[2024-08-28T10:51:08.723+0200] {processor.py:753} INFO - DAG(s) dict_keys(['example_branch_dop_operator_v3']) retrieved from /Users/roselina/opt/anaconda3/envs/python37/lib/python3.7/site-packages/airflow/example_dags/example_branch_python_dop_operator_3.py
[2024-08-28T10:51:08.737+0200] {logging_mixin.py:137} INFO - [2024-08-28T10:51:08.737+0200] {dag.py:2705} INFO - Sync 1 DAGs
[2024-08-28T10:51:08.752+0200] {logging_mixin.py:137} INFO - [2024-08-28T10:51:08.751+0200] {dag.py:3456} INFO - Setting next_dagrun for example_branch_dop_operator_v3 to 2024-08-28T08:50:00+00:00, run_after=2024-08-28T08:51:00+00:00
[2024-08-28T10:51:08.761+0200] {processor.py:175} INFO - Processing /Users/roselina/opt/anaconda3/envs/python37/lib/python3.7/site-packages/airflow/example_dags/example_branch_python_dop_operator_3.py took 0.073 seconds
[2024-08-28T10:51:50.033+0200] {processor.py:153} INFO - Started process (PID=76122) to work on /Users/roselina/opt/anaconda3/envs/python37/lib/python3.7/site-packages/airflow/example_dags/example_branch_python_dop_operator_3.py
[2024-08-28T10:51:50.033+0200] {processor.py:743} INFO - Processing file /Users/roselina/opt/anaconda3/envs/python37/lib/python3.7/site-packages/airflow/example_dags/example_branch_python_dop_operator_3.py for tasks to queue
[2024-08-28T10:51:50.034+0200] {logging_mixin.py:137} INFO - [2024-08-28T10:51:50.034+0200] {dagbag.py:532} INFO - Filling up the DagBag from /Users/roselina/opt/anaconda3/envs/python37/lib/python3.7/site-packages/airflow/example_dags/example_branch_python_dop_operator_3.py
[2024-08-28T10:51:50.050+0200] {processor.py:753} INFO - DAG(s) dict_keys(['example_branch_dop_operator_v3']) retrieved from /Users/roselina/opt/anaconda3/envs/python37/lib/python3.7/site-packages/airflow/example_dags/example_branch_python_dop_operator_3.py
[2024-08-28T10:51:50.061+0200] {logging_mixin.py:137} INFO - [2024-08-28T10:51:50.061+0200] {dag.py:2705} INFO - Sync 1 DAGs
[2024-08-28T10:51:50.075+0200] {logging_mixin.py:137} INFO - [2024-08-28T10:51:50.074+0200] {dag.py:3456} INFO - Setting next_dagrun for example_branch_dop_operator_v3 to 2024-08-28T08:50:00+00:00, run_after=2024-08-28T08:51:00+00:00
[2024-08-28T10:51:50.084+0200] {processor.py:175} INFO - Processing /Users/roselina/opt/anaconda3/envs/python37/lib/python3.7/site-packages/airflow/example_dags/example_branch_python_dop_operator_3.py took 0.053 seconds
[2024-08-28T10:52:31.131+0200] {processor.py:153} INFO - Started process (PID=76177) to work on /Users/roselina/opt/anaconda3/envs/python37/lib/python3.7/site-packages/airflow/example_dags/example_branch_python_dop_operator_3.py
[2024-08-28T10:52:31.132+0200] {processor.py:743} INFO - Processing file /Users/roselina/opt/anaconda3/envs/python37/lib/python3.7/site-packages/airflow/example_dags/example_branch_python_dop_operator_3.py for tasks to queue
[2024-08-28T10:52:31.134+0200] {logging_mixin.py:137} INFO - [2024-08-28T10:52:31.133+0200] {dagbag.py:532} INFO - Filling up the DagBag from /Users/roselina/opt/anaconda3/envs/python37/lib/python3.7/site-packages/airflow/example_dags/example_branch_python_dop_operator_3.py
[2024-08-28T10:52:31.159+0200] {processor.py:753} INFO - DAG(s) dict_keys(['example_branch_dop_operator_v3']) retrieved from /Users/roselina/opt/anaconda3/envs/python37/lib/python3.7/site-packages/airflow/example_dags/example_branch_python_dop_operator_3.py
[2024-08-28T10:52:31.173+0200] {logging_mixin.py:137} INFO - [2024-08-28T10:52:31.173+0200] {dag.py:2705} INFO - Sync 1 DAGs
[2024-08-28T10:52:31.188+0200] {logging_mixin.py:137} INFO - [2024-08-28T10:52:31.187+0200] {dag.py:3456} INFO - Setting next_dagrun for example_branch_dop_operator_v3 to 2024-08-28T08:51:00+00:00, run_after=2024-08-28T08:52:00+00:00
[2024-08-28T10:52:31.198+0200] {processor.py:175} INFO - Processing /Users/roselina/opt/anaconda3/envs/python37/lib/python3.7/site-packages/airflow/example_dags/example_branch_python_dop_operator_3.py took 0.071 seconds
[2024-08-28T10:53:13.807+0200] {processor.py:153} INFO - Started process (PID=76223) to work on /Users/roselina/opt/anaconda3/envs/python37/lib/python3.7/site-packages/airflow/example_dags/example_branch_python_dop_operator_3.py
[2024-08-28T10:53:13.809+0200] {processor.py:743} INFO - Processing file /Users/roselina/opt/anaconda3/envs/python37/lib/python3.7/site-packages/airflow/example_dags/example_branch_python_dop_operator_3.py for tasks to queue
[2024-08-28T10:53:13.811+0200] {logging_mixin.py:137} INFO - [2024-08-28T10:53:13.810+0200] {dagbag.py:532} INFO - Filling up the DagBag from /Users/roselina/opt/anaconda3/envs/python37/lib/python3.7/site-packages/airflow/example_dags/example_branch_python_dop_operator_3.py
[2024-08-28T10:53:13.835+0200] {processor.py:753} INFO - DAG(s) dict_keys(['example_branch_dop_operator_v3']) retrieved from /Users/roselina/opt/anaconda3/envs/python37/lib/python3.7/site-packages/airflow/example_dags/example_branch_python_dop_operator_3.py
[2024-08-28T10:53:13.849+0200] {logging_mixin.py:137} INFO - [2024-08-28T10:53:13.849+0200] {dag.py:2705} INFO - Sync 1 DAGs
[2024-08-28T10:53:13.864+0200] {logging_mixin.py:137} INFO - [2024-08-28T10:53:13.864+0200] {dag.py:3456} INFO - Setting next_dagrun for example_branch_dop_operator_v3 to 2024-08-28T08:52:00+00:00, run_after=2024-08-28T08:53:00+00:00
[2024-08-28T10:53:13.873+0200] {processor.py:175} INFO - Processing /Users/roselina/opt/anaconda3/envs/python37/lib/python3.7/site-packages/airflow/example_dags/example_branch_python_dop_operator_3.py took 0.071 seconds
