[2024-08-28T10:11:40.914+0200] {processor.py:153} INFO - Started process (PID=74957) to work on /Users/roselina/opt/anaconda3/envs/python37/lib/python3.7/site-packages/airflow/example_dags/example_branch_operator.py
[2024-08-28T10:11:40.915+0200] {processor.py:743} INFO - Processing file /Users/roselina/opt/anaconda3/envs/python37/lib/python3.7/site-packages/airflow/example_dags/example_branch_operator.py for tasks to queue
[2024-08-28T10:11:40.917+0200] {logging_mixin.py:137} INFO - [2024-08-28T10:11:40.916+0200] {dagbag.py:532} INFO - Filling up the DagBag from /Users/roselina/opt/anaconda3/envs/python37/lib/python3.7/site-packages/airflow/example_dags/example_branch_operator.py
[2024-08-28T10:11:40.938+0200] {processor.py:753} INFO - DAG(s) dict_keys(['example_branch_operator']) retrieved from /Users/roselina/opt/anaconda3/envs/python37/lib/python3.7/site-packages/airflow/example_dags/example_branch_operator.py
[2024-08-28T10:11:41.000+0200] {logging_mixin.py:137} INFO - [2024-08-28T10:11:41.000+0200] {manager.py:504} INFO - Created Permission View: can read on DAG:example_branch_operator
[2024-08-28T10:11:41.005+0200] {logging_mixin.py:137} INFO - [2024-08-28T10:11:41.005+0200] {manager.py:504} INFO - Created Permission View: can delete on DAG:example_branch_operator
[2024-08-28T10:11:41.008+0200] {logging_mixin.py:137} INFO - [2024-08-28T10:11:41.008+0200] {manager.py:504} INFO - Created Permission View: can edit on DAG:example_branch_operator
[2024-08-28T10:11:41.009+0200] {logging_mixin.py:137} INFO - [2024-08-28T10:11:41.009+0200] {dag.py:2705} INFO - Sync 1 DAGs
[2024-08-28T10:11:41.015+0200] {logging_mixin.py:137} INFO - [2024-08-28T10:11:41.015+0200] {dag.py:2726} INFO - Creating ORM DAG for example_branch_operator
[2024-08-28T10:11:41.021+0200] {logging_mixin.py:137} INFO - [2024-08-28T10:11:41.021+0200] {dag.py:3456} INFO - Setting next_dagrun for example_branch_operator to 2024-08-27T00:00:00+00:00, run_after=2024-08-28T00:00:00+00:00
[2024-08-28T10:11:41.031+0200] {processor.py:175} INFO - Processing /Users/roselina/opt/anaconda3/envs/python37/lib/python3.7/site-packages/airflow/example_dags/example_branch_operator.py took 0.122 seconds
[2024-08-28T10:12:22.692+0200] {processor.py:153} INFO - Started process (PID=75019) to work on /Users/roselina/opt/anaconda3/envs/python37/lib/python3.7/site-packages/airflow/example_dags/example_branch_operator.py
[2024-08-28T10:12:22.694+0200] {processor.py:743} INFO - Processing file /Users/roselina/opt/anaconda3/envs/python37/lib/python3.7/site-packages/airflow/example_dags/example_branch_operator.py for tasks to queue
[2024-08-28T10:12:22.696+0200] {logging_mixin.py:137} INFO - [2024-08-28T10:12:22.695+0200] {dagbag.py:532} INFO - Filling up the DagBag from /Users/roselina/opt/anaconda3/envs/python37/lib/python3.7/site-packages/airflow/example_dags/example_branch_operator.py
[2024-08-28T10:12:22.715+0200] {processor.py:753} INFO - DAG(s) dict_keys(['example_branch_operator']) retrieved from /Users/roselina/opt/anaconda3/envs/python37/lib/python3.7/site-packages/airflow/example_dags/example_branch_operator.py
[2024-08-28T10:12:22.731+0200] {logging_mixin.py:137} INFO - [2024-08-28T10:12:22.730+0200] {dag.py:2705} INFO - Sync 1 DAGs
[2024-08-28T10:12:22.747+0200] {logging_mixin.py:137} INFO - [2024-08-28T10:12:22.747+0200] {dag.py:3456} INFO - Setting next_dagrun for example_branch_operator to 2024-08-27T00:00:00+00:00, run_after=2024-08-28T00:00:00+00:00
[2024-08-28T10:12:22.757+0200] {processor.py:175} INFO - Processing /Users/roselina/opt/anaconda3/envs/python37/lib/python3.7/site-packages/airflow/example_dags/example_branch_operator.py took 0.069 seconds
[2024-08-28T10:13:04.397+0200] {processor.py:153} INFO - Started process (PID=75094) to work on /Users/roselina/opt/anaconda3/envs/python37/lib/python3.7/site-packages/airflow/example_dags/example_branch_operator.py
[2024-08-28T10:13:04.399+0200] {processor.py:743} INFO - Processing file /Users/roselina/opt/anaconda3/envs/python37/lib/python3.7/site-packages/airflow/example_dags/example_branch_operator.py for tasks to queue
[2024-08-28T10:13:04.401+0200] {logging_mixin.py:137} INFO - [2024-08-28T10:13:04.400+0200] {dagbag.py:532} INFO - Filling up the DagBag from /Users/roselina/opt/anaconda3/envs/python37/lib/python3.7/site-packages/airflow/example_dags/example_branch_operator.py
[2024-08-28T10:13:04.421+0200] {processor.py:753} INFO - DAG(s) dict_keys(['example_branch_operator']) retrieved from /Users/roselina/opt/anaconda3/envs/python37/lib/python3.7/site-packages/airflow/example_dags/example_branch_operator.py
[2024-08-28T10:13:04.440+0200] {logging_mixin.py:137} INFO - [2024-08-28T10:13:04.439+0200] {dag.py:2705} INFO - Sync 1 DAGs
[2024-08-28T10:13:04.453+0200] {logging_mixin.py:137} INFO - [2024-08-28T10:13:04.452+0200] {dag.py:3456} INFO - Setting next_dagrun for example_branch_operator to 2024-08-27T00:00:00+00:00, run_after=2024-08-28T00:00:00+00:00
[2024-08-28T10:13:04.462+0200] {processor.py:175} INFO - Processing /Users/roselina/opt/anaconda3/envs/python37/lib/python3.7/site-packages/airflow/example_dags/example_branch_operator.py took 0.070 seconds
[2024-08-28T10:13:45.636+0200] {processor.py:153} INFO - Started process (PID=75145) to work on /Users/roselina/opt/anaconda3/envs/python37/lib/python3.7/site-packages/airflow/example_dags/example_branch_operator.py
[2024-08-28T10:13:45.637+0200] {processor.py:743} INFO - Processing file /Users/roselina/opt/anaconda3/envs/python37/lib/python3.7/site-packages/airflow/example_dags/example_branch_operator.py for tasks to queue
[2024-08-28T10:13:45.637+0200] {logging_mixin.py:137} INFO - [2024-08-28T10:13:45.637+0200] {dagbag.py:532} INFO - Filling up the DagBag from /Users/roselina/opt/anaconda3/envs/python37/lib/python3.7/site-packages/airflow/example_dags/example_branch_operator.py
[2024-08-28T10:13:45.658+0200] {processor.py:753} INFO - DAG(s) dict_keys(['example_branch_operator']) retrieved from /Users/roselina/opt/anaconda3/envs/python37/lib/python3.7/site-packages/airflow/example_dags/example_branch_operator.py
[2024-08-28T10:13:45.677+0200] {logging_mixin.py:137} INFO - [2024-08-28T10:13:45.677+0200] {dag.py:2705} INFO - Sync 1 DAGs
[2024-08-28T10:13:45.694+0200] {logging_mixin.py:137} INFO - [2024-08-28T10:13:45.694+0200] {dag.py:3456} INFO - Setting next_dagrun for example_branch_operator to 2024-08-27T00:00:00+00:00, run_after=2024-08-28T00:00:00+00:00
[2024-08-28T10:13:45.706+0200] {processor.py:175} INFO - Processing /Users/roselina/opt/anaconda3/envs/python37/lib/python3.7/site-packages/airflow/example_dags/example_branch_operator.py took 0.073 seconds
[2024-08-28T10:14:29.457+0200] {processor.py:153} INFO - Started process (PID=75218) to work on /Users/roselina/opt/anaconda3/envs/python37/lib/python3.7/site-packages/airflow/example_dags/example_branch_operator.py
[2024-08-28T10:14:29.460+0200] {processor.py:743} INFO - Processing file /Users/roselina/opt/anaconda3/envs/python37/lib/python3.7/site-packages/airflow/example_dags/example_branch_operator.py for tasks to queue
[2024-08-28T10:14:29.461+0200] {logging_mixin.py:137} INFO - [2024-08-28T10:14:29.460+0200] {dagbag.py:532} INFO - Filling up the DagBag from /Users/roselina/opt/anaconda3/envs/python37/lib/python3.7/site-packages/airflow/example_dags/example_branch_operator.py
[2024-08-28T10:14:29.537+0200] {processor.py:753} INFO - DAG(s) dict_keys(['example_branch_operator']) retrieved from /Users/roselina/opt/anaconda3/envs/python37/lib/python3.7/site-packages/airflow/example_dags/example_branch_operator.py
[2024-08-28T10:14:29.588+0200] {logging_mixin.py:137} INFO - [2024-08-28T10:14:29.588+0200] {dag.py:2705} INFO - Sync 1 DAGs
[2024-08-28T10:14:29.606+0200] {logging_mixin.py:137} INFO - [2024-08-28T10:14:29.605+0200] {dag.py:3456} INFO - Setting next_dagrun for example_branch_operator to 2024-08-27T00:00:00+00:00, run_after=2024-08-28T00:00:00+00:00
[2024-08-28T10:14:29.617+0200] {processor.py:175} INFO - Processing /Users/roselina/opt/anaconda3/envs/python37/lib/python3.7/site-packages/airflow/example_dags/example_branch_operator.py took 0.166 seconds
[2024-08-28T10:15:10.914+0200] {processor.py:153} INFO - Started process (PID=75264) to work on /Users/roselina/opt/anaconda3/envs/python37/lib/python3.7/site-packages/airflow/example_dags/example_branch_operator.py
[2024-08-28T10:15:10.916+0200] {processor.py:743} INFO - Processing file /Users/roselina/opt/anaconda3/envs/python37/lib/python3.7/site-packages/airflow/example_dags/example_branch_operator.py for tasks to queue
[2024-08-28T10:15:10.917+0200] {logging_mixin.py:137} INFO - [2024-08-28T10:15:10.917+0200] {dagbag.py:532} INFO - Filling up the DagBag from /Users/roselina/opt/anaconda3/envs/python37/lib/python3.7/site-packages/airflow/example_dags/example_branch_operator.py
[2024-08-28T10:15:10.938+0200] {processor.py:753} INFO - DAG(s) dict_keys(['example_branch_operator']) retrieved from /Users/roselina/opt/anaconda3/envs/python37/lib/python3.7/site-packages/airflow/example_dags/example_branch_operator.py
[2024-08-28T10:15:10.956+0200] {logging_mixin.py:137} INFO - [2024-08-28T10:15:10.956+0200] {dag.py:2705} INFO - Sync 1 DAGs
[2024-08-28T10:15:10.969+0200] {logging_mixin.py:137} INFO - [2024-08-28T10:15:10.969+0200] {dag.py:3456} INFO - Setting next_dagrun for example_branch_operator to 2024-08-27T00:00:00+00:00, run_after=2024-08-28T00:00:00+00:00
[2024-08-28T10:15:10.979+0200] {processor.py:175} INFO - Processing /Users/roselina/opt/anaconda3/envs/python37/lib/python3.7/site-packages/airflow/example_dags/example_branch_operator.py took 0.070 seconds
[2024-08-28T10:15:52.036+0200] {processor.py:153} INFO - Started process (PID=75309) to work on /Users/roselina/opt/anaconda3/envs/python37/lib/python3.7/site-packages/airflow/example_dags/example_branch_operator.py
[2024-08-28T10:15:52.038+0200] {processor.py:743} INFO - Processing file /Users/roselina/opt/anaconda3/envs/python37/lib/python3.7/site-packages/airflow/example_dags/example_branch_operator.py for tasks to queue
[2024-08-28T10:15:52.039+0200] {logging_mixin.py:137} INFO - [2024-08-28T10:15:52.038+0200] {dagbag.py:532} INFO - Filling up the DagBag from /Users/roselina/opt/anaconda3/envs/python37/lib/python3.7/site-packages/airflow/example_dags/example_branch_operator.py
[2024-08-28T10:15:52.057+0200] {processor.py:753} INFO - DAG(s) dict_keys(['example_branch_operator']) retrieved from /Users/roselina/opt/anaconda3/envs/python37/lib/python3.7/site-packages/airflow/example_dags/example_branch_operator.py
[2024-08-28T10:15:52.073+0200] {logging_mixin.py:137} INFO - [2024-08-28T10:15:52.073+0200] {dag.py:2705} INFO - Sync 1 DAGs
[2024-08-28T10:15:52.086+0200] {logging_mixin.py:137} INFO - [2024-08-28T10:15:52.085+0200] {dag.py:3456} INFO - Setting next_dagrun for example_branch_operator to 2024-08-27T00:00:00+00:00, run_after=2024-08-28T00:00:00+00:00
[2024-08-28T10:15:52.096+0200] {processor.py:175} INFO - Processing /Users/roselina/opt/anaconda3/envs/python37/lib/python3.7/site-packages/airflow/example_dags/example_branch_operator.py took 0.064 seconds
[2024-08-28T10:16:31.051+0200] {processor.py:153} INFO - Started process (PID=75353) to work on /Users/roselina/opt/anaconda3/envs/python37/lib/python3.7/site-packages/airflow/example_dags/example_branch_operator.py
[2024-08-28T10:16:31.053+0200] {processor.py:743} INFO - Processing file /Users/roselina/opt/anaconda3/envs/python37/lib/python3.7/site-packages/airflow/example_dags/example_branch_operator.py for tasks to queue
[2024-08-28T10:16:31.054+0200] {logging_mixin.py:137} INFO - [2024-08-28T10:16:31.053+0200] {dagbag.py:532} INFO - Filling up the DagBag from /Users/roselina/opt/anaconda3/envs/python37/lib/python3.7/site-packages/airflow/example_dags/example_branch_operator.py
[2024-08-28T10:16:31.074+0200] {processor.py:753} INFO - DAG(s) dict_keys(['example_branch_operator']) retrieved from /Users/roselina/opt/anaconda3/envs/python37/lib/python3.7/site-packages/airflow/example_dags/example_branch_operator.py
[2024-08-28T10:16:31.090+0200] {logging_mixin.py:137} INFO - [2024-08-28T10:16:31.089+0200] {dag.py:2705} INFO - Sync 1 DAGs
[2024-08-28T10:16:31.103+0200] {logging_mixin.py:137} INFO - [2024-08-28T10:16:31.103+0200] {dag.py:3456} INFO - Setting next_dagrun for example_branch_operator to 2024-08-27T00:00:00+00:00, run_after=2024-08-28T00:00:00+00:00
[2024-08-28T10:16:31.112+0200] {processor.py:175} INFO - Processing /Users/roselina/opt/anaconda3/envs/python37/lib/python3.7/site-packages/airflow/example_dags/example_branch_operator.py took 0.065 seconds
[2024-08-28T10:17:13.541+0200] {processor.py:153} INFO - Started process (PID=75399) to work on /Users/roselina/opt/anaconda3/envs/python37/lib/python3.7/site-packages/airflow/example_dags/example_branch_operator.py
[2024-08-28T10:17:13.542+0200] {processor.py:743} INFO - Processing file /Users/roselina/opt/anaconda3/envs/python37/lib/python3.7/site-packages/airflow/example_dags/example_branch_operator.py for tasks to queue
[2024-08-28T10:17:13.543+0200] {logging_mixin.py:137} INFO - [2024-08-28T10:17:13.543+0200] {dagbag.py:532} INFO - Filling up the DagBag from /Users/roselina/opt/anaconda3/envs/python37/lib/python3.7/site-packages/airflow/example_dags/example_branch_operator.py
[2024-08-28T10:17:13.563+0200] {processor.py:753} INFO - DAG(s) dict_keys(['example_branch_operator']) retrieved from /Users/roselina/opt/anaconda3/envs/python37/lib/python3.7/site-packages/airflow/example_dags/example_branch_operator.py
[2024-08-28T10:17:13.578+0200] {logging_mixin.py:137} INFO - [2024-08-28T10:17:13.578+0200] {dag.py:2705} INFO - Sync 1 DAGs
[2024-08-28T10:17:13.592+0200] {logging_mixin.py:137} INFO - [2024-08-28T10:17:13.592+0200] {dag.py:3456} INFO - Setting next_dagrun for example_branch_operator to 2024-08-27T00:00:00+00:00, run_after=2024-08-28T00:00:00+00:00
[2024-08-28T10:17:13.602+0200] {processor.py:175} INFO - Processing /Users/roselina/opt/anaconda3/envs/python37/lib/python3.7/site-packages/airflow/example_dags/example_branch_operator.py took 0.066 seconds
[2024-08-28T10:17:54.066+0200] {processor.py:153} INFO - Started process (PID=75461) to work on /Users/roselina/opt/anaconda3/envs/python37/lib/python3.7/site-packages/airflow/example_dags/example_branch_operator.py
[2024-08-28T10:17:54.071+0200] {processor.py:743} INFO - Processing file /Users/roselina/opt/anaconda3/envs/python37/lib/python3.7/site-packages/airflow/example_dags/example_branch_operator.py for tasks to queue
[2024-08-28T10:17:54.072+0200] {logging_mixin.py:137} INFO - [2024-08-28T10:17:54.072+0200] {dagbag.py:532} INFO - Filling up the DagBag from /Users/roselina/opt/anaconda3/envs/python37/lib/python3.7/site-packages/airflow/example_dags/example_branch_operator.py
[2024-08-28T10:17:54.121+0200] {processor.py:753} INFO - DAG(s) dict_keys(['example_branch_operator']) retrieved from /Users/roselina/opt/anaconda3/envs/python37/lib/python3.7/site-packages/airflow/example_dags/example_branch_operator.py
[2024-08-28T10:17:54.138+0200] {logging_mixin.py:137} INFO - [2024-08-28T10:17:54.138+0200] {dag.py:2705} INFO - Sync 1 DAGs
[2024-08-28T10:17:54.151+0200] {logging_mixin.py:137} INFO - [2024-08-28T10:17:54.150+0200] {dag.py:3456} INFO - Setting next_dagrun for example_branch_operator to 2024-08-27T00:00:00+00:00, run_after=2024-08-28T00:00:00+00:00
[2024-08-28T10:17:54.160+0200] {processor.py:175} INFO - Processing /Users/roselina/opt/anaconda3/envs/python37/lib/python3.7/site-packages/airflow/example_dags/example_branch_operator.py took 0.099 seconds
[2024-08-28T10:44:17.111+0200] {processor.py:153} INFO - Started process (PID=75552) to work on /Users/roselina/opt/anaconda3/envs/python37/lib/python3.7/site-packages/airflow/example_dags/example_branch_operator.py
[2024-08-28T10:44:17.112+0200] {processor.py:743} INFO - Processing file /Users/roselina/opt/anaconda3/envs/python37/lib/python3.7/site-packages/airflow/example_dags/example_branch_operator.py for tasks to queue
[2024-08-28T10:44:17.113+0200] {logging_mixin.py:137} INFO - [2024-08-28T10:44:17.113+0200] {dagbag.py:532} INFO - Filling up the DagBag from /Users/roselina/opt/anaconda3/envs/python37/lib/python3.7/site-packages/airflow/example_dags/example_branch_operator.py
[2024-08-28T10:44:17.131+0200] {processor.py:753} INFO - DAG(s) dict_keys(['example_branch_operator']) retrieved from /Users/roselina/opt/anaconda3/envs/python37/lib/python3.7/site-packages/airflow/example_dags/example_branch_operator.py
[2024-08-28T10:44:17.147+0200] {logging_mixin.py:137} INFO - [2024-08-28T10:44:17.146+0200] {dag.py:2705} INFO - Sync 1 DAGs
[2024-08-28T10:44:17.160+0200] {logging_mixin.py:137} INFO - [2024-08-28T10:44:17.160+0200] {dag.py:3456} INFO - Setting next_dagrun for example_branch_operator to 2024-08-27T00:00:00+00:00, run_after=2024-08-28T00:00:00+00:00
[2024-08-28T10:44:17.170+0200] {processor.py:175} INFO - Processing /Users/roselina/opt/anaconda3/envs/python37/lib/python3.7/site-packages/airflow/example_dags/example_branch_operator.py took 0.063 seconds
[2024-08-28T10:44:59.948+0200] {processor.py:153} INFO - Started process (PID=75614) to work on /Users/roselina/opt/anaconda3/envs/python37/lib/python3.7/site-packages/airflow/example_dags/example_branch_operator.py
[2024-08-28T10:44:59.950+0200] {processor.py:743} INFO - Processing file /Users/roselina/opt/anaconda3/envs/python37/lib/python3.7/site-packages/airflow/example_dags/example_branch_operator.py for tasks to queue
[2024-08-28T10:44:59.952+0200] {logging_mixin.py:137} INFO - [2024-08-28T10:44:59.951+0200] {dagbag.py:532} INFO - Filling up the DagBag from /Users/roselina/opt/anaconda3/envs/python37/lib/python3.7/site-packages/airflow/example_dags/example_branch_operator.py
[2024-08-28T10:44:59.971+0200] {processor.py:753} INFO - DAG(s) dict_keys(['example_branch_operator']) retrieved from /Users/roselina/opt/anaconda3/envs/python37/lib/python3.7/site-packages/airflow/example_dags/example_branch_operator.py
[2024-08-28T10:44:59.987+0200] {logging_mixin.py:137} INFO - [2024-08-28T10:44:59.987+0200] {dag.py:2705} INFO - Sync 1 DAGs
[2024-08-28T10:45:00.000+0200] {logging_mixin.py:137} INFO - [2024-08-28T10:45:00.000+0200] {dag.py:3456} INFO - Setting next_dagrun for example_branch_operator to 2024-08-27T00:00:00+00:00, run_after=2024-08-28T00:00:00+00:00
[2024-08-28T10:45:00.013+0200] {processor.py:175} INFO - Processing /Users/roselina/opt/anaconda3/envs/python37/lib/python3.7/site-packages/airflow/example_dags/example_branch_operator.py took 0.069 seconds
[2024-08-28T10:45:40.721+0200] {processor.py:153} INFO - Started process (PID=75660) to work on /Users/roselina/opt/anaconda3/envs/python37/lib/python3.7/site-packages/airflow/example_dags/example_branch_operator.py
[2024-08-28T10:45:40.723+0200] {processor.py:743} INFO - Processing file /Users/roselina/opt/anaconda3/envs/python37/lib/python3.7/site-packages/airflow/example_dags/example_branch_operator.py for tasks to queue
[2024-08-28T10:45:40.724+0200] {logging_mixin.py:137} INFO - [2024-08-28T10:45:40.724+0200] {dagbag.py:532} INFO - Filling up the DagBag from /Users/roselina/opt/anaconda3/envs/python37/lib/python3.7/site-packages/airflow/example_dags/example_branch_operator.py
[2024-08-28T10:45:40.745+0200] {processor.py:753} INFO - DAG(s) dict_keys(['example_branch_operator']) retrieved from /Users/roselina/opt/anaconda3/envs/python37/lib/python3.7/site-packages/airflow/example_dags/example_branch_operator.py
[2024-08-28T10:45:40.760+0200] {logging_mixin.py:137} INFO - [2024-08-28T10:45:40.760+0200] {dag.py:2705} INFO - Sync 1 DAGs
[2024-08-28T10:45:40.775+0200] {logging_mixin.py:137} INFO - [2024-08-28T10:45:40.775+0200] {dag.py:3456} INFO - Setting next_dagrun for example_branch_operator to 2024-08-27T00:00:00+00:00, run_after=2024-08-28T00:00:00+00:00
[2024-08-28T10:45:40.785+0200] {processor.py:175} INFO - Processing /Users/roselina/opt/anaconda3/envs/python37/lib/python3.7/site-packages/airflow/example_dags/example_branch_operator.py took 0.068 seconds
[2024-08-28T10:46:21.743+0200] {processor.py:153} INFO - Started process (PID=75706) to work on /Users/roselina/opt/anaconda3/envs/python37/lib/python3.7/site-packages/airflow/example_dags/example_branch_operator.py
[2024-08-28T10:46:21.745+0200] {processor.py:743} INFO - Processing file /Users/roselina/opt/anaconda3/envs/python37/lib/python3.7/site-packages/airflow/example_dags/example_branch_operator.py for tasks to queue
[2024-08-28T10:46:21.746+0200] {logging_mixin.py:137} INFO - [2024-08-28T10:46:21.746+0200] {dagbag.py:532} INFO - Filling up the DagBag from /Users/roselina/opt/anaconda3/envs/python37/lib/python3.7/site-packages/airflow/example_dags/example_branch_operator.py
[2024-08-28T10:46:21.766+0200] {processor.py:753} INFO - DAG(s) dict_keys(['example_branch_operator']) retrieved from /Users/roselina/opt/anaconda3/envs/python37/lib/python3.7/site-packages/airflow/example_dags/example_branch_operator.py
[2024-08-28T10:46:21.782+0200] {logging_mixin.py:137} INFO - [2024-08-28T10:46:21.781+0200] {dag.py:2705} INFO - Sync 1 DAGs
[2024-08-28T10:46:21.795+0200] {logging_mixin.py:137} INFO - [2024-08-28T10:46:21.795+0200] {dag.py:3456} INFO - Setting next_dagrun for example_branch_operator to 2024-08-27T00:00:00+00:00, run_after=2024-08-28T00:00:00+00:00
[2024-08-28T10:46:21.805+0200] {processor.py:175} INFO - Processing /Users/roselina/opt/anaconda3/envs/python37/lib/python3.7/site-packages/airflow/example_dags/example_branch_operator.py took 0.066 seconds
[2024-08-28T10:47:02.974+0200] {processor.py:153} INFO - Started process (PID=75759) to work on /Users/roselina/opt/anaconda3/envs/python37/lib/python3.7/site-packages/airflow/example_dags/example_branch_operator.py
[2024-08-28T10:47:02.976+0200] {processor.py:743} INFO - Processing file /Users/roselina/opt/anaconda3/envs/python37/lib/python3.7/site-packages/airflow/example_dags/example_branch_operator.py for tasks to queue
[2024-08-28T10:47:02.978+0200] {logging_mixin.py:137} INFO - [2024-08-28T10:47:02.977+0200] {dagbag.py:532} INFO - Filling up the DagBag from /Users/roselina/opt/anaconda3/envs/python37/lib/python3.7/site-packages/airflow/example_dags/example_branch_operator.py
[2024-08-28T10:47:02.999+0200] {processor.py:753} INFO - DAG(s) dict_keys(['example_branch_operator']) retrieved from /Users/roselina/opt/anaconda3/envs/python37/lib/python3.7/site-packages/airflow/example_dags/example_branch_operator.py
[2024-08-28T10:47:03.015+0200] {logging_mixin.py:137} INFO - [2024-08-28T10:47:03.015+0200] {dag.py:2705} INFO - Sync 1 DAGs
[2024-08-28T10:47:03.031+0200] {logging_mixin.py:137} INFO - [2024-08-28T10:47:03.030+0200] {dag.py:3456} INFO - Setting next_dagrun for example_branch_operator to 2024-08-27T00:00:00+00:00, run_after=2024-08-28T00:00:00+00:00
[2024-08-28T10:47:03.040+0200] {processor.py:175} INFO - Processing /Users/roselina/opt/anaconda3/envs/python37/lib/python3.7/site-packages/airflow/example_dags/example_branch_operator.py took 0.071 seconds
[2024-08-28T10:47:44.881+0200] {processor.py:153} INFO - Started process (PID=75807) to work on /Users/roselina/opt/anaconda3/envs/python37/lib/python3.7/site-packages/airflow/example_dags/example_branch_operator.py
[2024-08-28T10:47:44.887+0200] {processor.py:743} INFO - Processing file /Users/roselina/opt/anaconda3/envs/python37/lib/python3.7/site-packages/airflow/example_dags/example_branch_operator.py for tasks to queue
[2024-08-28T10:47:44.888+0200] {logging_mixin.py:137} INFO - [2024-08-28T10:47:44.888+0200] {dagbag.py:532} INFO - Filling up the DagBag from /Users/roselina/opt/anaconda3/envs/python37/lib/python3.7/site-packages/airflow/example_dags/example_branch_operator.py
[2024-08-28T10:47:44.913+0200] {processor.py:753} INFO - DAG(s) dict_keys(['example_branch_operator']) retrieved from /Users/roselina/opt/anaconda3/envs/python37/lib/python3.7/site-packages/airflow/example_dags/example_branch_operator.py
[2024-08-28T10:47:44.931+0200] {logging_mixin.py:137} INFO - [2024-08-28T10:47:44.931+0200] {dag.py:2705} INFO - Sync 1 DAGs
[2024-08-28T10:47:44.944+0200] {logging_mixin.py:137} INFO - [2024-08-28T10:47:44.944+0200] {dag.py:3456} INFO - Setting next_dagrun for example_branch_operator to 2024-08-27T00:00:00+00:00, run_after=2024-08-28T00:00:00+00:00
[2024-08-28T10:47:44.954+0200] {processor.py:175} INFO - Processing /Users/roselina/opt/anaconda3/envs/python37/lib/python3.7/site-packages/airflow/example_dags/example_branch_operator.py took 0.077 seconds
[2024-08-28T10:48:25.815+0200] {processor.py:153} INFO - Started process (PID=75874) to work on /Users/roselina/opt/anaconda3/envs/python37/lib/python3.7/site-packages/airflow/example_dags/example_branch_operator.py
[2024-08-28T10:48:25.817+0200] {processor.py:743} INFO - Processing file /Users/roselina/opt/anaconda3/envs/python37/lib/python3.7/site-packages/airflow/example_dags/example_branch_operator.py for tasks to queue
[2024-08-28T10:48:25.818+0200] {logging_mixin.py:137} INFO - [2024-08-28T10:48:25.818+0200] {dagbag.py:532} INFO - Filling up the DagBag from /Users/roselina/opt/anaconda3/envs/python37/lib/python3.7/site-packages/airflow/example_dags/example_branch_operator.py
[2024-08-28T10:48:25.842+0200] {processor.py:753} INFO - DAG(s) dict_keys(['example_branch_operator']) retrieved from /Users/roselina/opt/anaconda3/envs/python37/lib/python3.7/site-packages/airflow/example_dags/example_branch_operator.py
[2024-08-28T10:48:25.859+0200] {logging_mixin.py:137} INFO - [2024-08-28T10:48:25.859+0200] {dag.py:2705} INFO - Sync 1 DAGs
[2024-08-28T10:48:25.872+0200] {logging_mixin.py:137} INFO - [2024-08-28T10:48:25.872+0200] {dag.py:3456} INFO - Setting next_dagrun for example_branch_operator to 2024-08-27T00:00:00+00:00, run_after=2024-08-28T00:00:00+00:00
[2024-08-28T10:48:25.886+0200] {processor.py:175} INFO - Processing /Users/roselina/opt/anaconda3/envs/python37/lib/python3.7/site-packages/airflow/example_dags/example_branch_operator.py took 0.075 seconds
[2024-08-28T10:49:07.204+0200] {processor.py:153} INFO - Started process (PID=75928) to work on /Users/roselina/opt/anaconda3/envs/python37/lib/python3.7/site-packages/airflow/example_dags/example_branch_operator.py
[2024-08-28T10:49:07.206+0200] {processor.py:743} INFO - Processing file /Users/roselina/opt/anaconda3/envs/python37/lib/python3.7/site-packages/airflow/example_dags/example_branch_operator.py for tasks to queue
[2024-08-28T10:49:07.207+0200] {logging_mixin.py:137} INFO - [2024-08-28T10:49:07.206+0200] {dagbag.py:532} INFO - Filling up the DagBag from /Users/roselina/opt/anaconda3/envs/python37/lib/python3.7/site-packages/airflow/example_dags/example_branch_operator.py
[2024-08-28T10:49:07.226+0200] {processor.py:753} INFO - DAG(s) dict_keys(['example_branch_operator']) retrieved from /Users/roselina/opt/anaconda3/envs/python37/lib/python3.7/site-packages/airflow/example_dags/example_branch_operator.py
[2024-08-28T10:49:07.243+0200] {logging_mixin.py:137} INFO - [2024-08-28T10:49:07.243+0200] {dag.py:2705} INFO - Sync 1 DAGs
[2024-08-28T10:49:07.257+0200] {logging_mixin.py:137} INFO - [2024-08-28T10:49:07.257+0200] {dag.py:3456} INFO - Setting next_dagrun for example_branch_operator to 2024-08-27T00:00:00+00:00, run_after=2024-08-28T00:00:00+00:00
[2024-08-28T10:49:07.267+0200] {processor.py:175} INFO - Processing /Users/roselina/opt/anaconda3/envs/python37/lib/python3.7/site-packages/airflow/example_dags/example_branch_operator.py took 0.067 seconds
[2024-08-28T10:49:48.716+0200] {processor.py:153} INFO - Started process (PID=75974) to work on /Users/roselina/opt/anaconda3/envs/python37/lib/python3.7/site-packages/airflow/example_dags/example_branch_operator.py
[2024-08-28T10:49:48.718+0200] {processor.py:743} INFO - Processing file /Users/roselina/opt/anaconda3/envs/python37/lib/python3.7/site-packages/airflow/example_dags/example_branch_operator.py for tasks to queue
[2024-08-28T10:49:48.718+0200] {logging_mixin.py:137} INFO - [2024-08-28T10:49:48.718+0200] {dagbag.py:532} INFO - Filling up the DagBag from /Users/roselina/opt/anaconda3/envs/python37/lib/python3.7/site-packages/airflow/example_dags/example_branch_operator.py
[2024-08-28T10:49:48.730+0200] {processor.py:753} INFO - DAG(s) dict_keys(['example_branch_operator']) retrieved from /Users/roselina/opt/anaconda3/envs/python37/lib/python3.7/site-packages/airflow/example_dags/example_branch_operator.py
[2024-08-28T10:49:48.743+0200] {logging_mixin.py:137} INFO - [2024-08-28T10:49:48.743+0200] {dag.py:2705} INFO - Sync 1 DAGs
[2024-08-28T10:49:48.756+0200] {logging_mixin.py:137} INFO - [2024-08-28T10:49:48.756+0200] {dag.py:3456} INFO - Setting next_dagrun for example_branch_operator to 2024-08-27T00:00:00+00:00, run_after=2024-08-28T00:00:00+00:00
[2024-08-28T10:49:48.766+0200] {processor.py:175} INFO - Processing /Users/roselina/opt/anaconda3/envs/python37/lib/python3.7/site-packages/airflow/example_dags/example_branch_operator.py took 0.052 seconds
[2024-08-28T10:50:29.854+0200] {processor.py:153} INFO - Started process (PID=76018) to work on /Users/roselina/opt/anaconda3/envs/python37/lib/python3.7/site-packages/airflow/example_dags/example_branch_operator.py
[2024-08-28T10:50:29.856+0200] {processor.py:743} INFO - Processing file /Users/roselina/opt/anaconda3/envs/python37/lib/python3.7/site-packages/airflow/example_dags/example_branch_operator.py for tasks to queue
[2024-08-28T10:50:29.857+0200] {logging_mixin.py:137} INFO - [2024-08-28T10:50:29.856+0200] {dagbag.py:532} INFO - Filling up the DagBag from /Users/roselina/opt/anaconda3/envs/python37/lib/python3.7/site-packages/airflow/example_dags/example_branch_operator.py
[2024-08-28T10:50:29.877+0200] {processor.py:753} INFO - DAG(s) dict_keys(['example_branch_operator']) retrieved from /Users/roselina/opt/anaconda3/envs/python37/lib/python3.7/site-packages/airflow/example_dags/example_branch_operator.py
[2024-08-28T10:50:29.893+0200] {logging_mixin.py:137} INFO - [2024-08-28T10:50:29.893+0200] {dag.py:2705} INFO - Sync 1 DAGs
[2024-08-28T10:50:29.907+0200] {logging_mixin.py:137} INFO - [2024-08-28T10:50:29.907+0200] {dag.py:3456} INFO - Setting next_dagrun for example_branch_operator to 2024-08-27T00:00:00+00:00, run_after=2024-08-28T00:00:00+00:00
[2024-08-28T10:50:29.918+0200] {processor.py:175} INFO - Processing /Users/roselina/opt/anaconda3/envs/python37/lib/python3.7/site-packages/airflow/example_dags/example_branch_operator.py took 0.070 seconds
[2024-08-28T10:51:11.023+0200] {processor.py:153} INFO - Started process (PID=76072) to work on /Users/roselina/opt/anaconda3/envs/python37/lib/python3.7/site-packages/airflow/example_dags/example_branch_operator.py
[2024-08-28T10:51:11.025+0200] {processor.py:743} INFO - Processing file /Users/roselina/opt/anaconda3/envs/python37/lib/python3.7/site-packages/airflow/example_dags/example_branch_operator.py for tasks to queue
[2024-08-28T10:51:11.027+0200] {logging_mixin.py:137} INFO - [2024-08-28T10:51:11.026+0200] {dagbag.py:532} INFO - Filling up the DagBag from /Users/roselina/opt/anaconda3/envs/python37/lib/python3.7/site-packages/airflow/example_dags/example_branch_operator.py
[2024-08-28T10:51:11.048+0200] {processor.py:753} INFO - DAG(s) dict_keys(['example_branch_operator']) retrieved from /Users/roselina/opt/anaconda3/envs/python37/lib/python3.7/site-packages/airflow/example_dags/example_branch_operator.py
[2024-08-28T10:51:11.064+0200] {logging_mixin.py:137} INFO - [2024-08-28T10:51:11.063+0200] {dag.py:2705} INFO - Sync 1 DAGs
[2024-08-28T10:51:11.076+0200] {logging_mixin.py:137} INFO - [2024-08-28T10:51:11.076+0200] {dag.py:3456} INFO - Setting next_dagrun for example_branch_operator to 2024-08-27T00:00:00+00:00, run_after=2024-08-28T00:00:00+00:00
[2024-08-28T10:51:11.085+0200] {processor.py:175} INFO - Processing /Users/roselina/opt/anaconda3/envs/python37/lib/python3.7/site-packages/airflow/example_dags/example_branch_operator.py took 0.067 seconds
[2024-08-28T10:51:52.375+0200] {processor.py:153} INFO - Started process (PID=76124) to work on /Users/roselina/opt/anaconda3/envs/python37/lib/python3.7/site-packages/airflow/example_dags/example_branch_operator.py
[2024-08-28T10:51:52.377+0200] {processor.py:743} INFO - Processing file /Users/roselina/opt/anaconda3/envs/python37/lib/python3.7/site-packages/airflow/example_dags/example_branch_operator.py for tasks to queue
[2024-08-28T10:51:52.378+0200] {logging_mixin.py:137} INFO - [2024-08-28T10:51:52.378+0200] {dagbag.py:532} INFO - Filling up the DagBag from /Users/roselina/opt/anaconda3/envs/python37/lib/python3.7/site-packages/airflow/example_dags/example_branch_operator.py
[2024-08-28T10:51:52.401+0200] {processor.py:753} INFO - DAG(s) dict_keys(['example_branch_operator']) retrieved from /Users/roselina/opt/anaconda3/envs/python37/lib/python3.7/site-packages/airflow/example_dags/example_branch_operator.py
[2024-08-28T10:51:52.420+0200] {logging_mixin.py:137} INFO - [2024-08-28T10:51:52.420+0200] {dag.py:2705} INFO - Sync 1 DAGs
[2024-08-28T10:51:52.436+0200] {logging_mixin.py:137} INFO - [2024-08-28T10:51:52.435+0200] {dag.py:3456} INFO - Setting next_dagrun for example_branch_operator to 2024-08-27T00:00:00+00:00, run_after=2024-08-28T00:00:00+00:00
[2024-08-28T10:51:52.446+0200] {processor.py:175} INFO - Processing /Users/roselina/opt/anaconda3/envs/python37/lib/python3.7/site-packages/airflow/example_dags/example_branch_operator.py took 0.075 seconds
[2024-08-28T10:52:33.467+0200] {processor.py:153} INFO - Started process (PID=76179) to work on /Users/roselina/opt/anaconda3/envs/python37/lib/python3.7/site-packages/airflow/example_dags/example_branch_operator.py
[2024-08-28T10:52:33.468+0200] {processor.py:743} INFO - Processing file /Users/roselina/opt/anaconda3/envs/python37/lib/python3.7/site-packages/airflow/example_dags/example_branch_operator.py for tasks to queue
[2024-08-28T10:52:33.470+0200] {logging_mixin.py:137} INFO - [2024-08-28T10:52:33.469+0200] {dagbag.py:532} INFO - Filling up the DagBag from /Users/roselina/opt/anaconda3/envs/python37/lib/python3.7/site-packages/airflow/example_dags/example_branch_operator.py
[2024-08-28T10:52:33.489+0200] {processor.py:753} INFO - DAG(s) dict_keys(['example_branch_operator']) retrieved from /Users/roselina/opt/anaconda3/envs/python37/lib/python3.7/site-packages/airflow/example_dags/example_branch_operator.py
[2024-08-28T10:52:33.504+0200] {logging_mixin.py:137} INFO - [2024-08-28T10:52:33.504+0200] {dag.py:2705} INFO - Sync 1 DAGs
[2024-08-28T10:52:33.517+0200] {logging_mixin.py:137} INFO - [2024-08-28T10:52:33.517+0200] {dag.py:3456} INFO - Setting next_dagrun for example_branch_operator to 2024-08-27T00:00:00+00:00, run_after=2024-08-28T00:00:00+00:00
[2024-08-28T10:52:33.526+0200] {processor.py:175} INFO - Processing /Users/roselina/opt/anaconda3/envs/python37/lib/python3.7/site-packages/airflow/example_dags/example_branch_operator.py took 0.064 seconds
[2024-08-28T10:53:16.131+0200] {processor.py:153} INFO - Started process (PID=76226) to work on /Users/roselina/opt/anaconda3/envs/python37/lib/python3.7/site-packages/airflow/example_dags/example_branch_operator.py
[2024-08-28T10:53:16.133+0200] {processor.py:743} INFO - Processing file /Users/roselina/opt/anaconda3/envs/python37/lib/python3.7/site-packages/airflow/example_dags/example_branch_operator.py for tasks to queue
[2024-08-28T10:53:16.135+0200] {logging_mixin.py:137} INFO - [2024-08-28T10:53:16.135+0200] {dagbag.py:532} INFO - Filling up the DagBag from /Users/roselina/opt/anaconda3/envs/python37/lib/python3.7/site-packages/airflow/example_dags/example_branch_operator.py
[2024-08-28T10:53:16.155+0200] {processor.py:753} INFO - DAG(s) dict_keys(['example_branch_operator']) retrieved from /Users/roselina/opt/anaconda3/envs/python37/lib/python3.7/site-packages/airflow/example_dags/example_branch_operator.py
[2024-08-28T10:53:16.171+0200] {logging_mixin.py:137} INFO - [2024-08-28T10:53:16.171+0200] {dag.py:2705} INFO - Sync 1 DAGs
[2024-08-28T10:53:16.184+0200] {logging_mixin.py:137} INFO - [2024-08-28T10:53:16.184+0200] {dag.py:3456} INFO - Setting next_dagrun for example_branch_operator to 2024-08-27T00:00:00+00:00, run_after=2024-08-28T00:00:00+00:00
[2024-08-28T10:53:16.194+0200] {processor.py:175} INFO - Processing /Users/roselina/opt/anaconda3/envs/python37/lib/python3.7/site-packages/airflow/example_dags/example_branch_operator.py took 0.067 seconds
