[2024-08-28T10:11:45.511+0200] {processor.py:153} INFO - Started process (PID=74961) to work on /Users/roselina/opt/anaconda3/envs/python37/lib/python3.7/site-packages/airflow/example_dags/example_bash_operator.py
[2024-08-28T10:11:45.512+0200] {processor.py:743} INFO - Processing file /Users/roselina/opt/anaconda3/envs/python37/lib/python3.7/site-packages/airflow/example_dags/example_bash_operator.py for tasks to queue
[2024-08-28T10:11:45.513+0200] {logging_mixin.py:137} INFO - [2024-08-28T10:11:45.513+0200] {dagbag.py:532} INFO - Filling up the DagBag from /Users/roselina/opt/anaconda3/envs/python37/lib/python3.7/site-packages/airflow/example_dags/example_bash_operator.py
[2024-08-28T10:11:45.535+0200] {processor.py:753} INFO - DAG(s) dict_keys(['example_bash_operator']) retrieved from /Users/roselina/opt/anaconda3/envs/python37/lib/python3.7/site-packages/airflow/example_dags/example_bash_operator.py
[2024-08-28T10:11:45.601+0200] {logging_mixin.py:137} INFO - [2024-08-28T10:11:45.601+0200] {manager.py:504} INFO - Created Permission View: can read on DAG:example_bash_operator
[2024-08-28T10:11:45.606+0200] {logging_mixin.py:137} INFO - [2024-08-28T10:11:45.605+0200] {manager.py:504} INFO - Created Permission View: can delete on DAG:example_bash_operator
[2024-08-28T10:11:45.609+0200] {logging_mixin.py:137} INFO - [2024-08-28T10:11:45.608+0200] {manager.py:504} INFO - Created Permission View: can edit on DAG:example_bash_operator
[2024-08-28T10:11:45.609+0200] {logging_mixin.py:137} INFO - [2024-08-28T10:11:45.609+0200] {dag.py:2705} INFO - Sync 1 DAGs
[2024-08-28T10:11:45.616+0200] {logging_mixin.py:137} INFO - [2024-08-28T10:11:45.615+0200] {dag.py:2726} INFO - Creating ORM DAG for example_bash_operator
[2024-08-28T10:11:45.622+0200] {logging_mixin.py:137} INFO - [2024-08-28T10:11:45.621+0200] {dag.py:3456} INFO - Setting next_dagrun for example_bash_operator to 2024-08-27T00:00:00+00:00, run_after=2024-08-28T00:00:00+00:00
[2024-08-28T10:11:45.631+0200] {processor.py:175} INFO - Processing /Users/roselina/opt/anaconda3/envs/python37/lib/python3.7/site-packages/airflow/example_dags/example_bash_operator.py took 0.124 seconds
[2024-08-28T10:12:26.679+0200] {processor.py:153} INFO - Started process (PID=75024) to work on /Users/roselina/opt/anaconda3/envs/python37/lib/python3.7/site-packages/airflow/example_dags/example_bash_operator.py
[2024-08-28T10:12:26.681+0200] {processor.py:743} INFO - Processing file /Users/roselina/opt/anaconda3/envs/python37/lib/python3.7/site-packages/airflow/example_dags/example_bash_operator.py for tasks to queue
[2024-08-28T10:12:26.682+0200] {logging_mixin.py:137} INFO - [2024-08-28T10:12:26.682+0200] {dagbag.py:532} INFO - Filling up the DagBag from /Users/roselina/opt/anaconda3/envs/python37/lib/python3.7/site-packages/airflow/example_dags/example_bash_operator.py
[2024-08-28T10:12:26.705+0200] {processor.py:753} INFO - DAG(s) dict_keys(['example_bash_operator']) retrieved from /Users/roselina/opt/anaconda3/envs/python37/lib/python3.7/site-packages/airflow/example_dags/example_bash_operator.py
[2024-08-28T10:12:26.725+0200] {logging_mixin.py:137} INFO - [2024-08-28T10:12:26.725+0200] {dag.py:2705} INFO - Sync 1 DAGs
[2024-08-28T10:12:26.738+0200] {logging_mixin.py:137} INFO - [2024-08-28T10:12:26.737+0200] {dag.py:3456} INFO - Setting next_dagrun for example_bash_operator to 2024-08-27T00:00:00+00:00, run_after=2024-08-28T00:00:00+00:00
[2024-08-28T10:12:26.747+0200] {processor.py:175} INFO - Processing /Users/roselina/opt/anaconda3/envs/python37/lib/python3.7/site-packages/airflow/example_dags/example_bash_operator.py took 0.072 seconds
[2024-08-28T10:13:09.060+0200] {processor.py:153} INFO - Started process (PID=75098) to work on /Users/roselina/opt/anaconda3/envs/python37/lib/python3.7/site-packages/airflow/example_dags/example_bash_operator.py
[2024-08-28T10:13:09.062+0200] {processor.py:743} INFO - Processing file /Users/roselina/opt/anaconda3/envs/python37/lib/python3.7/site-packages/airflow/example_dags/example_bash_operator.py for tasks to queue
[2024-08-28T10:13:09.064+0200] {logging_mixin.py:137} INFO - [2024-08-28T10:13:09.063+0200] {dagbag.py:532} INFO - Filling up the DagBag from /Users/roselina/opt/anaconda3/envs/python37/lib/python3.7/site-packages/airflow/example_dags/example_bash_operator.py
[2024-08-28T10:13:09.090+0200] {processor.py:753} INFO - DAG(s) dict_keys(['example_bash_operator']) retrieved from /Users/roselina/opt/anaconda3/envs/python37/lib/python3.7/site-packages/airflow/example_dags/example_bash_operator.py
[2024-08-28T10:13:09.112+0200] {logging_mixin.py:137} INFO - [2024-08-28T10:13:09.112+0200] {dag.py:2705} INFO - Sync 1 DAGs
[2024-08-28T10:13:09.125+0200] {logging_mixin.py:137} INFO - [2024-08-28T10:13:09.125+0200] {dag.py:3456} INFO - Setting next_dagrun for example_bash_operator to 2024-08-27T00:00:00+00:00, run_after=2024-08-28T00:00:00+00:00
[2024-08-28T10:13:09.136+0200] {processor.py:175} INFO - Processing /Users/roselina/opt/anaconda3/envs/python37/lib/python3.7/site-packages/airflow/example_dags/example_bash_operator.py took 0.084 seconds
[2024-08-28T10:13:49.554+0200] {processor.py:153} INFO - Started process (PID=75149) to work on /Users/roselina/opt/anaconda3/envs/python37/lib/python3.7/site-packages/airflow/example_dags/example_bash_operator.py
[2024-08-28T10:13:49.557+0200] {processor.py:743} INFO - Processing file /Users/roselina/opt/anaconda3/envs/python37/lib/python3.7/site-packages/airflow/example_dags/example_bash_operator.py for tasks to queue
[2024-08-28T10:13:49.558+0200] {logging_mixin.py:137} INFO - [2024-08-28T10:13:49.558+0200] {dagbag.py:532} INFO - Filling up the DagBag from /Users/roselina/opt/anaconda3/envs/python37/lib/python3.7/site-packages/airflow/example_dags/example_bash_operator.py
[2024-08-28T10:13:49.581+0200] {processor.py:753} INFO - DAG(s) dict_keys(['example_bash_operator']) retrieved from /Users/roselina/opt/anaconda3/envs/python37/lib/python3.7/site-packages/airflow/example_dags/example_bash_operator.py
[2024-08-28T10:13:49.607+0200] {logging_mixin.py:137} INFO - [2024-08-28T10:13:49.606+0200] {dag.py:2705} INFO - Sync 1 DAGs
[2024-08-28T10:13:49.622+0200] {logging_mixin.py:137} INFO - [2024-08-28T10:13:49.622+0200] {dag.py:3456} INFO - Setting next_dagrun for example_bash_operator to 2024-08-27T00:00:00+00:00, run_after=2024-08-28T00:00:00+00:00
[2024-08-28T10:13:49.633+0200] {processor.py:175} INFO - Processing /Users/roselina/opt/anaconda3/envs/python37/lib/python3.7/site-packages/airflow/example_dags/example_bash_operator.py took 0.082 seconds
[2024-08-28T10:14:32.678+0200] {processor.py:153} INFO - Started process (PID=75224) to work on /Users/roselina/opt/anaconda3/envs/python37/lib/python3.7/site-packages/airflow/example_dags/example_bash_operator.py
[2024-08-28T10:14:32.680+0200] {processor.py:743} INFO - Processing file /Users/roselina/opt/anaconda3/envs/python37/lib/python3.7/site-packages/airflow/example_dags/example_bash_operator.py for tasks to queue
[2024-08-28T10:14:32.682+0200] {logging_mixin.py:137} INFO - [2024-08-28T10:14:32.681+0200] {dagbag.py:532} INFO - Filling up the DagBag from /Users/roselina/opt/anaconda3/envs/python37/lib/python3.7/site-packages/airflow/example_dags/example_bash_operator.py
[2024-08-28T10:14:32.711+0200] {processor.py:753} INFO - DAG(s) dict_keys(['example_bash_operator']) retrieved from /Users/roselina/opt/anaconda3/envs/python37/lib/python3.7/site-packages/airflow/example_dags/example_bash_operator.py
[2024-08-28T10:14:32.742+0200] {logging_mixin.py:137} INFO - [2024-08-28T10:14:32.742+0200] {dag.py:2705} INFO - Sync 1 DAGs
[2024-08-28T10:14:32.758+0200] {logging_mixin.py:137} INFO - [2024-08-28T10:14:32.757+0200] {dag.py:3456} INFO - Setting next_dagrun for example_bash_operator to 2024-08-27T00:00:00+00:00, run_after=2024-08-28T00:00:00+00:00
[2024-08-28T10:14:32.769+0200] {processor.py:175} INFO - Processing /Users/roselina/opt/anaconda3/envs/python37/lib/python3.7/site-packages/airflow/example_dags/example_bash_operator.py took 0.096 seconds
[2024-08-28T10:15:14.312+0200] {processor.py:153} INFO - Started process (PID=75268) to work on /Users/roselina/opt/anaconda3/envs/python37/lib/python3.7/site-packages/airflow/example_dags/example_bash_operator.py
[2024-08-28T10:15:14.314+0200] {processor.py:743} INFO - Processing file /Users/roselina/opt/anaconda3/envs/python37/lib/python3.7/site-packages/airflow/example_dags/example_bash_operator.py for tasks to queue
[2024-08-28T10:15:14.316+0200] {logging_mixin.py:137} INFO - [2024-08-28T10:15:14.315+0200] {dagbag.py:532} INFO - Filling up the DagBag from /Users/roselina/opt/anaconda3/envs/python37/lib/python3.7/site-packages/airflow/example_dags/example_bash_operator.py
[2024-08-28T10:15:14.341+0200] {processor.py:753} INFO - DAG(s) dict_keys(['example_bash_operator']) retrieved from /Users/roselina/opt/anaconda3/envs/python37/lib/python3.7/site-packages/airflow/example_dags/example_bash_operator.py
[2024-08-28T10:15:14.362+0200] {logging_mixin.py:137} INFO - [2024-08-28T10:15:14.361+0200] {dag.py:2705} INFO - Sync 1 DAGs
[2024-08-28T10:15:14.376+0200] {logging_mixin.py:137} INFO - [2024-08-28T10:15:14.376+0200] {dag.py:3456} INFO - Setting next_dagrun for example_bash_operator to 2024-08-27T00:00:00+00:00, run_after=2024-08-28T00:00:00+00:00
[2024-08-28T10:15:14.386+0200] {processor.py:175} INFO - Processing /Users/roselina/opt/anaconda3/envs/python37/lib/python3.7/site-packages/airflow/example_dags/example_bash_operator.py took 0.078 seconds
[2024-08-28T10:15:56.052+0200] {processor.py:153} INFO - Started process (PID=75313) to work on /Users/roselina/opt/anaconda3/envs/python37/lib/python3.7/site-packages/airflow/example_dags/example_bash_operator.py
[2024-08-28T10:15:56.054+0200] {processor.py:743} INFO - Processing file /Users/roselina/opt/anaconda3/envs/python37/lib/python3.7/site-packages/airflow/example_dags/example_bash_operator.py for tasks to queue
[2024-08-28T10:15:56.055+0200] {logging_mixin.py:137} INFO - [2024-08-28T10:15:56.055+0200] {dagbag.py:532} INFO - Filling up the DagBag from /Users/roselina/opt/anaconda3/envs/python37/lib/python3.7/site-packages/airflow/example_dags/example_bash_operator.py
[2024-08-28T10:15:56.081+0200] {processor.py:753} INFO - DAG(s) dict_keys(['example_bash_operator']) retrieved from /Users/roselina/opt/anaconda3/envs/python37/lib/python3.7/site-packages/airflow/example_dags/example_bash_operator.py
[2024-08-28T10:15:56.102+0200] {logging_mixin.py:137} INFO - [2024-08-28T10:15:56.101+0200] {dag.py:2705} INFO - Sync 1 DAGs
[2024-08-28T10:15:56.114+0200] {logging_mixin.py:137} INFO - [2024-08-28T10:15:56.114+0200] {dag.py:3456} INFO - Setting next_dagrun for example_bash_operator to 2024-08-27T00:00:00+00:00, run_after=2024-08-28T00:00:00+00:00
[2024-08-28T10:15:56.123+0200] {processor.py:175} INFO - Processing /Users/roselina/opt/anaconda3/envs/python37/lib/python3.7/site-packages/airflow/example_dags/example_bash_operator.py took 0.077 seconds
[2024-08-28T10:16:35.044+0200] {processor.py:153} INFO - Started process (PID=75358) to work on /Users/roselina/opt/anaconda3/envs/python37/lib/python3.7/site-packages/airflow/example_dags/example_bash_operator.py
[2024-08-28T10:16:35.046+0200] {processor.py:743} INFO - Processing file /Users/roselina/opt/anaconda3/envs/python37/lib/python3.7/site-packages/airflow/example_dags/example_bash_operator.py for tasks to queue
[2024-08-28T10:16:35.047+0200] {logging_mixin.py:137} INFO - [2024-08-28T10:16:35.046+0200] {dagbag.py:532} INFO - Filling up the DagBag from /Users/roselina/opt/anaconda3/envs/python37/lib/python3.7/site-packages/airflow/example_dags/example_bash_operator.py
[2024-08-28T10:16:35.072+0200] {processor.py:753} INFO - DAG(s) dict_keys(['example_bash_operator']) retrieved from /Users/roselina/opt/anaconda3/envs/python37/lib/python3.7/site-packages/airflow/example_dags/example_bash_operator.py
[2024-08-28T10:16:35.092+0200] {logging_mixin.py:137} INFO - [2024-08-28T10:16:35.092+0200] {dag.py:2705} INFO - Sync 1 DAGs
[2024-08-28T10:16:35.104+0200] {logging_mixin.py:137} INFO - [2024-08-28T10:16:35.104+0200] {dag.py:3456} INFO - Setting next_dagrun for example_bash_operator to 2024-08-27T00:00:00+00:00, run_after=2024-08-28T00:00:00+00:00
[2024-08-28T10:16:35.114+0200] {processor.py:175} INFO - Processing /Users/roselina/opt/anaconda3/envs/python37/lib/python3.7/site-packages/airflow/example_dags/example_bash_operator.py took 0.074 seconds
[2024-08-28T10:17:17.363+0200] {processor.py:153} INFO - Started process (PID=75403) to work on /Users/roselina/opt/anaconda3/envs/python37/lib/python3.7/site-packages/airflow/example_dags/example_bash_operator.py
[2024-08-28T10:17:17.365+0200] {processor.py:743} INFO - Processing file /Users/roselina/opt/anaconda3/envs/python37/lib/python3.7/site-packages/airflow/example_dags/example_bash_operator.py for tasks to queue
[2024-08-28T10:17:17.367+0200] {logging_mixin.py:137} INFO - [2024-08-28T10:17:17.366+0200] {dagbag.py:532} INFO - Filling up the DagBag from /Users/roselina/opt/anaconda3/envs/python37/lib/python3.7/site-packages/airflow/example_dags/example_bash_operator.py
[2024-08-28T10:17:17.393+0200] {processor.py:753} INFO - DAG(s) dict_keys(['example_bash_operator']) retrieved from /Users/roselina/opt/anaconda3/envs/python37/lib/python3.7/site-packages/airflow/example_dags/example_bash_operator.py
[2024-08-28T10:17:17.413+0200] {logging_mixin.py:137} INFO - [2024-08-28T10:17:17.413+0200] {dag.py:2705} INFO - Sync 1 DAGs
[2024-08-28T10:17:17.426+0200] {logging_mixin.py:137} INFO - [2024-08-28T10:17:17.426+0200] {dag.py:3456} INFO - Setting next_dagrun for example_bash_operator to 2024-08-27T00:00:00+00:00, run_after=2024-08-28T00:00:00+00:00
[2024-08-28T10:17:17.436+0200] {processor.py:175} INFO - Processing /Users/roselina/opt/anaconda3/envs/python37/lib/python3.7/site-packages/airflow/example_dags/example_bash_operator.py took 0.078 seconds
[2024-08-28T10:34:42.032+0200] {processor.py:153} INFO - Started process (PID=75478) to work on /Users/roselina/opt/anaconda3/envs/python37/lib/python3.7/site-packages/airflow/example_dags/example_bash_operator.py
[2024-08-28T10:34:42.036+0200] {processor.py:743} INFO - Processing file /Users/roselina/opt/anaconda3/envs/python37/lib/python3.7/site-packages/airflow/example_dags/example_bash_operator.py for tasks to queue
[2024-08-28T10:34:42.037+0200] {logging_mixin.py:137} INFO - [2024-08-28T10:34:42.036+0200] {dagbag.py:532} INFO - Filling up the DagBag from /Users/roselina/opt/anaconda3/envs/python37/lib/python3.7/site-packages/airflow/example_dags/example_bash_operator.py
[2024-08-28T10:34:42.065+0200] {processor.py:753} INFO - DAG(s) dict_keys(['example_bash_operator']) retrieved from /Users/roselina/opt/anaconda3/envs/python37/lib/python3.7/site-packages/airflow/example_dags/example_bash_operator.py
[2024-08-28T10:34:42.086+0200] {logging_mixin.py:137} INFO - [2024-08-28T10:34:42.086+0200] {dag.py:2705} INFO - Sync 1 DAGs
[2024-08-28T10:34:42.101+0200] {logging_mixin.py:137} INFO - [2024-08-28T10:34:42.100+0200] {dag.py:3456} INFO - Setting next_dagrun for example_bash_operator to 2024-08-27T00:00:00+00:00, run_after=2024-08-28T00:00:00+00:00
[2024-08-28T10:34:42.115+0200] {processor.py:175} INFO - Processing /Users/roselina/opt/anaconda3/envs/python37/lib/python3.7/site-packages/airflow/example_dags/example_bash_operator.py took 0.087 seconds
[2024-08-28T10:44:21.442+0200] {processor.py:153} INFO - Started process (PID=75558) to work on /Users/roselina/opt/anaconda3/envs/python37/lib/python3.7/site-packages/airflow/example_dags/example_bash_operator.py
[2024-08-28T10:44:21.444+0200] {processor.py:743} INFO - Processing file /Users/roselina/opt/anaconda3/envs/python37/lib/python3.7/site-packages/airflow/example_dags/example_bash_operator.py for tasks to queue
[2024-08-28T10:44:21.445+0200] {logging_mixin.py:137} INFO - [2024-08-28T10:44:21.444+0200] {dagbag.py:532} INFO - Filling up the DagBag from /Users/roselina/opt/anaconda3/envs/python37/lib/python3.7/site-packages/airflow/example_dags/example_bash_operator.py
[2024-08-28T10:44:21.472+0200] {processor.py:753} INFO - DAG(s) dict_keys(['example_bash_operator']) retrieved from /Users/roselina/opt/anaconda3/envs/python37/lib/python3.7/site-packages/airflow/example_dags/example_bash_operator.py
[2024-08-28T10:44:21.493+0200] {logging_mixin.py:137} INFO - [2024-08-28T10:44:21.493+0200] {dag.py:2705} INFO - Sync 1 DAGs
[2024-08-28T10:44:21.506+0200] {logging_mixin.py:137} INFO - [2024-08-28T10:44:21.506+0200] {dag.py:3456} INFO - Setting next_dagrun for example_bash_operator to 2024-08-27T00:00:00+00:00, run_after=2024-08-28T00:00:00+00:00
[2024-08-28T10:44:21.516+0200] {processor.py:175} INFO - Processing /Users/roselina/opt/anaconda3/envs/python37/lib/python3.7/site-packages/airflow/example_dags/example_bash_operator.py took 0.079 seconds
[2024-08-28T10:45:03.090+0200] {processor.py:153} INFO - Started process (PID=75618) to work on /Users/roselina/opt/anaconda3/envs/python37/lib/python3.7/site-packages/airflow/example_dags/example_bash_operator.py
[2024-08-28T10:45:03.092+0200] {processor.py:743} INFO - Processing file /Users/roselina/opt/anaconda3/envs/python37/lib/python3.7/site-packages/airflow/example_dags/example_bash_operator.py for tasks to queue
[2024-08-28T10:45:03.094+0200] {logging_mixin.py:137} INFO - [2024-08-28T10:45:03.093+0200] {dagbag.py:532} INFO - Filling up the DagBag from /Users/roselina/opt/anaconda3/envs/python37/lib/python3.7/site-packages/airflow/example_dags/example_bash_operator.py
[2024-08-28T10:45:03.120+0200] {processor.py:753} INFO - DAG(s) dict_keys(['example_bash_operator']) retrieved from /Users/roselina/opt/anaconda3/envs/python37/lib/python3.7/site-packages/airflow/example_dags/example_bash_operator.py
[2024-08-28T10:45:03.141+0200] {logging_mixin.py:137} INFO - [2024-08-28T10:45:03.141+0200] {dag.py:2705} INFO - Sync 1 DAGs
[2024-08-28T10:45:03.153+0200] {logging_mixin.py:137} INFO - [2024-08-28T10:45:03.153+0200] {dag.py:3456} INFO - Setting next_dagrun for example_bash_operator to 2024-08-27T00:00:00+00:00, run_after=2024-08-28T00:00:00+00:00
[2024-08-28T10:45:03.163+0200] {processor.py:175} INFO - Processing /Users/roselina/opt/anaconda3/envs/python37/lib/python3.7/site-packages/airflow/example_dags/example_bash_operator.py took 0.077 seconds
[2024-08-28T10:45:44.429+0200] {processor.py:153} INFO - Started process (PID=75664) to work on /Users/roselina/opt/anaconda3/envs/python37/lib/python3.7/site-packages/airflow/example_dags/example_bash_operator.py
[2024-08-28T10:45:44.431+0200] {processor.py:743} INFO - Processing file /Users/roselina/opt/anaconda3/envs/python37/lib/python3.7/site-packages/airflow/example_dags/example_bash_operator.py for tasks to queue
[2024-08-28T10:45:44.432+0200] {logging_mixin.py:137} INFO - [2024-08-28T10:45:44.432+0200] {dagbag.py:532} INFO - Filling up the DagBag from /Users/roselina/opt/anaconda3/envs/python37/lib/python3.7/site-packages/airflow/example_dags/example_bash_operator.py
[2024-08-28T10:45:44.458+0200] {processor.py:753} INFO - DAG(s) dict_keys(['example_bash_operator']) retrieved from /Users/roselina/opt/anaconda3/envs/python37/lib/python3.7/site-packages/airflow/example_dags/example_bash_operator.py
[2024-08-28T10:45:44.485+0200] {logging_mixin.py:137} INFO - [2024-08-28T10:45:44.485+0200] {dag.py:2705} INFO - Sync 1 DAGs
[2024-08-28T10:45:44.524+0200] {logging_mixin.py:137} INFO - [2024-08-28T10:45:44.524+0200] {dag.py:3456} INFO - Setting next_dagrun for example_bash_operator to 2024-08-27T00:00:00+00:00, run_after=2024-08-28T00:00:00+00:00
[2024-08-28T10:45:44.534+0200] {processor.py:175} INFO - Processing /Users/roselina/opt/anaconda3/envs/python37/lib/python3.7/site-packages/airflow/example_dags/example_bash_operator.py took 0.109 seconds
[2024-08-28T10:46:25.741+0200] {processor.py:153} INFO - Started process (PID=75710) to work on /Users/roselina/opt/anaconda3/envs/python37/lib/python3.7/site-packages/airflow/example_dags/example_bash_operator.py
[2024-08-28T10:46:25.743+0200] {processor.py:743} INFO - Processing file /Users/roselina/opt/anaconda3/envs/python37/lib/python3.7/site-packages/airflow/example_dags/example_bash_operator.py for tasks to queue
[2024-08-28T10:46:25.744+0200] {logging_mixin.py:137} INFO - [2024-08-28T10:46:25.744+0200] {dagbag.py:532} INFO - Filling up the DagBag from /Users/roselina/opt/anaconda3/envs/python37/lib/python3.7/site-packages/airflow/example_dags/example_bash_operator.py
[2024-08-28T10:46:25.769+0200] {processor.py:753} INFO - DAG(s) dict_keys(['example_bash_operator']) retrieved from /Users/roselina/opt/anaconda3/envs/python37/lib/python3.7/site-packages/airflow/example_dags/example_bash_operator.py
[2024-08-28T10:46:25.790+0200] {logging_mixin.py:137} INFO - [2024-08-28T10:46:25.790+0200] {dag.py:2705} INFO - Sync 1 DAGs
[2024-08-28T10:46:25.803+0200] {logging_mixin.py:137} INFO - [2024-08-28T10:46:25.803+0200] {dag.py:3456} INFO - Setting next_dagrun for example_bash_operator to 2024-08-27T00:00:00+00:00, run_after=2024-08-28T00:00:00+00:00
[2024-08-28T10:46:25.813+0200] {processor.py:175} INFO - Processing /Users/roselina/opt/anaconda3/envs/python37/lib/python3.7/site-packages/airflow/example_dags/example_bash_operator.py took 0.078 seconds
[2024-08-28T10:47:06.957+0200] {processor.py:153} INFO - Started process (PID=75764) to work on /Users/roselina/opt/anaconda3/envs/python37/lib/python3.7/site-packages/airflow/example_dags/example_bash_operator.py
[2024-08-28T10:47:06.958+0200] {processor.py:743} INFO - Processing file /Users/roselina/opt/anaconda3/envs/python37/lib/python3.7/site-packages/airflow/example_dags/example_bash_operator.py for tasks to queue
[2024-08-28T10:47:06.959+0200] {logging_mixin.py:137} INFO - [2024-08-28T10:47:06.959+0200] {dagbag.py:532} INFO - Filling up the DagBag from /Users/roselina/opt/anaconda3/envs/python37/lib/python3.7/site-packages/airflow/example_dags/example_bash_operator.py
[2024-08-28T10:47:06.975+0200] {processor.py:753} INFO - DAG(s) dict_keys(['example_bash_operator']) retrieved from /Users/roselina/opt/anaconda3/envs/python37/lib/python3.7/site-packages/airflow/example_dags/example_bash_operator.py
[2024-08-28T10:47:06.997+0200] {logging_mixin.py:137} INFO - [2024-08-28T10:47:06.997+0200] {dag.py:2705} INFO - Sync 1 DAGs
[2024-08-28T10:47:07.010+0200] {logging_mixin.py:137} INFO - [2024-08-28T10:47:07.010+0200] {dag.py:3456} INFO - Setting next_dagrun for example_bash_operator to 2024-08-27T00:00:00+00:00, run_after=2024-08-28T00:00:00+00:00
[2024-08-28T10:47:07.020+0200] {processor.py:175} INFO - Processing /Users/roselina/opt/anaconda3/envs/python37/lib/python3.7/site-packages/airflow/example_dags/example_bash_operator.py took 0.066 seconds
[2024-08-28T10:47:48.450+0200] {processor.py:153} INFO - Started process (PID=75813) to work on /Users/roselina/opt/anaconda3/envs/python37/lib/python3.7/site-packages/airflow/example_dags/example_bash_operator.py
[2024-08-28T10:47:48.452+0200] {processor.py:743} INFO - Processing file /Users/roselina/opt/anaconda3/envs/python37/lib/python3.7/site-packages/airflow/example_dags/example_bash_operator.py for tasks to queue
[2024-08-28T10:47:48.453+0200] {logging_mixin.py:137} INFO - [2024-08-28T10:47:48.453+0200] {dagbag.py:532} INFO - Filling up the DagBag from /Users/roselina/opt/anaconda3/envs/python37/lib/python3.7/site-packages/airflow/example_dags/example_bash_operator.py
[2024-08-28T10:47:48.476+0200] {processor.py:753} INFO - DAG(s) dict_keys(['example_bash_operator']) retrieved from /Users/roselina/opt/anaconda3/envs/python37/lib/python3.7/site-packages/airflow/example_dags/example_bash_operator.py
[2024-08-28T10:47:48.498+0200] {logging_mixin.py:137} INFO - [2024-08-28T10:47:48.498+0200] {dag.py:2705} INFO - Sync 1 DAGs
[2024-08-28T10:47:48.510+0200] {logging_mixin.py:137} INFO - [2024-08-28T10:47:48.510+0200] {dag.py:3456} INFO - Setting next_dagrun for example_bash_operator to 2024-08-27T00:00:00+00:00, run_after=2024-08-28T00:00:00+00:00
[2024-08-28T10:47:48.520+0200] {processor.py:175} INFO - Processing /Users/roselina/opt/anaconda3/envs/python37/lib/python3.7/site-packages/airflow/example_dags/example_bash_operator.py took 0.073 seconds
[2024-08-28T10:48:29.703+0200] {processor.py:153} INFO - Started process (PID=75879) to work on /Users/roselina/opt/anaconda3/envs/python37/lib/python3.7/site-packages/airflow/example_dags/example_bash_operator.py
[2024-08-28T10:48:29.705+0200] {processor.py:743} INFO - Processing file /Users/roselina/opt/anaconda3/envs/python37/lib/python3.7/site-packages/airflow/example_dags/example_bash_operator.py for tasks to queue
[2024-08-28T10:48:29.706+0200] {logging_mixin.py:137} INFO - [2024-08-28T10:48:29.706+0200] {dagbag.py:532} INFO - Filling up the DagBag from /Users/roselina/opt/anaconda3/envs/python37/lib/python3.7/site-packages/airflow/example_dags/example_bash_operator.py
[2024-08-28T10:48:29.730+0200] {processor.py:753} INFO - DAG(s) dict_keys(['example_bash_operator']) retrieved from /Users/roselina/opt/anaconda3/envs/python37/lib/python3.7/site-packages/airflow/example_dags/example_bash_operator.py
[2024-08-28T10:48:29.750+0200] {logging_mixin.py:137} INFO - [2024-08-28T10:48:29.750+0200] {dag.py:2705} INFO - Sync 1 DAGs
[2024-08-28T10:48:29.763+0200] {logging_mixin.py:137} INFO - [2024-08-28T10:48:29.762+0200] {dag.py:3456} INFO - Setting next_dagrun for example_bash_operator to 2024-08-27T00:00:00+00:00, run_after=2024-08-28T00:00:00+00:00
[2024-08-28T10:48:29.773+0200] {processor.py:175} INFO - Processing /Users/roselina/opt/anaconda3/envs/python37/lib/python3.7/site-packages/airflow/example_dags/example_bash_operator.py took 0.074 seconds
[2024-08-28T10:49:11.202+0200] {processor.py:153} INFO - Started process (PID=75932) to work on /Users/roselina/opt/anaconda3/envs/python37/lib/python3.7/site-packages/airflow/example_dags/example_bash_operator.py
[2024-08-28T10:49:11.205+0200] {processor.py:743} INFO - Processing file /Users/roselina/opt/anaconda3/envs/python37/lib/python3.7/site-packages/airflow/example_dags/example_bash_operator.py for tasks to queue
[2024-08-28T10:49:11.206+0200] {logging_mixin.py:137} INFO - [2024-08-28T10:49:11.206+0200] {dagbag.py:532} INFO - Filling up the DagBag from /Users/roselina/opt/anaconda3/envs/python37/lib/python3.7/site-packages/airflow/example_dags/example_bash_operator.py
[2024-08-28T10:49:11.230+0200] {processor.py:753} INFO - DAG(s) dict_keys(['example_bash_operator']) retrieved from /Users/roselina/opt/anaconda3/envs/python37/lib/python3.7/site-packages/airflow/example_dags/example_bash_operator.py
[2024-08-28T10:49:11.252+0200] {logging_mixin.py:137} INFO - [2024-08-28T10:49:11.252+0200] {dag.py:2705} INFO - Sync 1 DAGs
[2024-08-28T10:49:11.264+0200] {logging_mixin.py:137} INFO - [2024-08-28T10:49:11.264+0200] {dag.py:3456} INFO - Setting next_dagrun for example_bash_operator to 2024-08-27T00:00:00+00:00, run_after=2024-08-28T00:00:00+00:00
[2024-08-28T10:49:11.274+0200] {processor.py:175} INFO - Processing /Users/roselina/opt/anaconda3/envs/python37/lib/python3.7/site-packages/airflow/example_dags/example_bash_operator.py took 0.076 seconds
[2024-08-28T10:49:52.108+0200] {processor.py:153} INFO - Started process (PID=75978) to work on /Users/roselina/opt/anaconda3/envs/python37/lib/python3.7/site-packages/airflow/example_dags/example_bash_operator.py
[2024-08-28T10:49:52.110+0200] {processor.py:743} INFO - Processing file /Users/roselina/opt/anaconda3/envs/python37/lib/python3.7/site-packages/airflow/example_dags/example_bash_operator.py for tasks to queue
[2024-08-28T10:49:52.111+0200] {logging_mixin.py:137} INFO - [2024-08-28T10:49:52.111+0200] {dagbag.py:532} INFO - Filling up the DagBag from /Users/roselina/opt/anaconda3/envs/python37/lib/python3.7/site-packages/airflow/example_dags/example_bash_operator.py
[2024-08-28T10:49:52.135+0200] {processor.py:753} INFO - DAG(s) dict_keys(['example_bash_operator']) retrieved from /Users/roselina/opt/anaconda3/envs/python37/lib/python3.7/site-packages/airflow/example_dags/example_bash_operator.py
[2024-08-28T10:49:52.156+0200] {logging_mixin.py:137} INFO - [2024-08-28T10:49:52.156+0200] {dag.py:2705} INFO - Sync 1 DAGs
[2024-08-28T10:49:52.170+0200] {logging_mixin.py:137} INFO - [2024-08-28T10:49:52.170+0200] {dag.py:3456} INFO - Setting next_dagrun for example_bash_operator to 2024-08-27T00:00:00+00:00, run_after=2024-08-28T00:00:00+00:00
[2024-08-28T10:49:52.180+0200] {processor.py:175} INFO - Processing /Users/roselina/opt/anaconda3/envs/python37/lib/python3.7/site-packages/airflow/example_dags/example_bash_operator.py took 0.078 seconds
[2024-08-28T10:50:33.869+0200] {processor.py:153} INFO - Started process (PID=76022) to work on /Users/roselina/opt/anaconda3/envs/python37/lib/python3.7/site-packages/airflow/example_dags/example_bash_operator.py
[2024-08-28T10:50:33.872+0200] {processor.py:743} INFO - Processing file /Users/roselina/opt/anaconda3/envs/python37/lib/python3.7/site-packages/airflow/example_dags/example_bash_operator.py for tasks to queue
[2024-08-28T10:50:33.873+0200] {logging_mixin.py:137} INFO - [2024-08-28T10:50:33.873+0200] {dagbag.py:532} INFO - Filling up the DagBag from /Users/roselina/opt/anaconda3/envs/python37/lib/python3.7/site-packages/airflow/example_dags/example_bash_operator.py
[2024-08-28T10:50:33.898+0200] {processor.py:753} INFO - DAG(s) dict_keys(['example_bash_operator']) retrieved from /Users/roselina/opt/anaconda3/envs/python37/lib/python3.7/site-packages/airflow/example_dags/example_bash_operator.py
[2024-08-28T10:50:33.919+0200] {logging_mixin.py:137} INFO - [2024-08-28T10:50:33.919+0200] {dag.py:2705} INFO - Sync 1 DAGs
[2024-08-28T10:50:33.932+0200] {logging_mixin.py:137} INFO - [2024-08-28T10:50:33.932+0200] {dag.py:3456} INFO - Setting next_dagrun for example_bash_operator to 2024-08-27T00:00:00+00:00, run_after=2024-08-28T00:00:00+00:00
[2024-08-28T10:50:33.942+0200] {processor.py:175} INFO - Processing /Users/roselina/opt/anaconda3/envs/python37/lib/python3.7/site-packages/airflow/example_dags/example_bash_operator.py took 0.078 seconds
[2024-08-28T10:51:15.049+0200] {processor.py:153} INFO - Started process (PID=76077) to work on /Users/roselina/opt/anaconda3/envs/python37/lib/python3.7/site-packages/airflow/example_dags/example_bash_operator.py
[2024-08-28T10:51:15.051+0200] {processor.py:743} INFO - Processing file /Users/roselina/opt/anaconda3/envs/python37/lib/python3.7/site-packages/airflow/example_dags/example_bash_operator.py for tasks to queue
[2024-08-28T10:51:15.053+0200] {logging_mixin.py:137} INFO - [2024-08-28T10:51:15.052+0200] {dagbag.py:532} INFO - Filling up the DagBag from /Users/roselina/opt/anaconda3/envs/python37/lib/python3.7/site-packages/airflow/example_dags/example_bash_operator.py
[2024-08-28T10:51:15.077+0200] {processor.py:753} INFO - DAG(s) dict_keys(['example_bash_operator']) retrieved from /Users/roselina/opt/anaconda3/envs/python37/lib/python3.7/site-packages/airflow/example_dags/example_bash_operator.py
[2024-08-28T10:51:15.102+0200] {logging_mixin.py:137} INFO - [2024-08-28T10:51:15.102+0200] {dag.py:2705} INFO - Sync 1 DAGs
[2024-08-28T10:51:15.116+0200] {logging_mixin.py:137} INFO - [2024-08-28T10:51:15.116+0200] {dag.py:3456} INFO - Setting next_dagrun for example_bash_operator to 2024-08-27T00:00:00+00:00, run_after=2024-08-28T00:00:00+00:00
[2024-08-28T10:51:15.128+0200] {processor.py:175} INFO - Processing /Users/roselina/opt/anaconda3/envs/python37/lib/python3.7/site-packages/airflow/example_dags/example_bash_operator.py took 0.084 seconds
[2024-08-28T10:51:56.111+0200] {processor.py:153} INFO - Started process (PID=76129) to work on /Users/roselina/opt/anaconda3/envs/python37/lib/python3.7/site-packages/airflow/example_dags/example_bash_operator.py
[2024-08-28T10:51:56.114+0200] {processor.py:743} INFO - Processing file /Users/roselina/opt/anaconda3/envs/python37/lib/python3.7/site-packages/airflow/example_dags/example_bash_operator.py for tasks to queue
[2024-08-28T10:51:56.115+0200] {logging_mixin.py:137} INFO - [2024-08-28T10:51:56.114+0200] {dagbag.py:532} INFO - Filling up the DagBag from /Users/roselina/opt/anaconda3/envs/python37/lib/python3.7/site-packages/airflow/example_dags/example_bash_operator.py
[2024-08-28T10:51:56.140+0200] {processor.py:753} INFO - DAG(s) dict_keys(['example_bash_operator']) retrieved from /Users/roselina/opt/anaconda3/envs/python37/lib/python3.7/site-packages/airflow/example_dags/example_bash_operator.py
[2024-08-28T10:51:56.161+0200] {logging_mixin.py:137} INFO - [2024-08-28T10:51:56.161+0200] {dag.py:2705} INFO - Sync 1 DAGs
[2024-08-28T10:51:56.173+0200] {logging_mixin.py:137} INFO - [2024-08-28T10:51:56.173+0200] {dag.py:3456} INFO - Setting next_dagrun for example_bash_operator to 2024-08-27T00:00:00+00:00, run_after=2024-08-28T00:00:00+00:00
[2024-08-28T10:51:56.183+0200] {processor.py:175} INFO - Processing /Users/roselina/opt/anaconda3/envs/python37/lib/python3.7/site-packages/airflow/example_dags/example_bash_operator.py took 0.076 seconds
[2024-08-28T10:52:37.469+0200] {processor.py:153} INFO - Started process (PID=76184) to work on /Users/roselina/opt/anaconda3/envs/python37/lib/python3.7/site-packages/airflow/example_dags/example_bash_operator.py
[2024-08-28T10:52:37.471+0200] {processor.py:743} INFO - Processing file /Users/roselina/opt/anaconda3/envs/python37/lib/python3.7/site-packages/airflow/example_dags/example_bash_operator.py for tasks to queue
[2024-08-28T10:52:37.472+0200] {logging_mixin.py:137} INFO - [2024-08-28T10:52:37.472+0200] {dagbag.py:532} INFO - Filling up the DagBag from /Users/roselina/opt/anaconda3/envs/python37/lib/python3.7/site-packages/airflow/example_dags/example_bash_operator.py
[2024-08-28T10:52:37.496+0200] {processor.py:753} INFO - DAG(s) dict_keys(['example_bash_operator']) retrieved from /Users/roselina/opt/anaconda3/envs/python37/lib/python3.7/site-packages/airflow/example_dags/example_bash_operator.py
[2024-08-28T10:52:37.516+0200] {logging_mixin.py:137} INFO - [2024-08-28T10:52:37.516+0200] {dag.py:2705} INFO - Sync 1 DAGs
[2024-08-28T10:52:37.528+0200] {logging_mixin.py:137} INFO - [2024-08-28T10:52:37.528+0200] {dag.py:3456} INFO - Setting next_dagrun for example_bash_operator to 2024-08-27T00:00:00+00:00, run_after=2024-08-28T00:00:00+00:00
[2024-08-28T10:52:37.539+0200] {processor.py:175} INFO - Processing /Users/roselina/opt/anaconda3/envs/python37/lib/python3.7/site-packages/airflow/example_dags/example_bash_operator.py took 0.075 seconds
[2024-08-28T10:53:20.132+0200] {processor.py:153} INFO - Started process (PID=76233) to work on /Users/roselina/opt/anaconda3/envs/python37/lib/python3.7/site-packages/airflow/example_dags/example_bash_operator.py
[2024-08-28T10:53:20.134+0200] {processor.py:743} INFO - Processing file /Users/roselina/opt/anaconda3/envs/python37/lib/python3.7/site-packages/airflow/example_dags/example_bash_operator.py for tasks to queue
[2024-08-28T10:53:20.135+0200] {logging_mixin.py:137} INFO - [2024-08-28T10:53:20.135+0200] {dagbag.py:532} INFO - Filling up the DagBag from /Users/roselina/opt/anaconda3/envs/python37/lib/python3.7/site-packages/airflow/example_dags/example_bash_operator.py
[2024-08-28T10:53:20.157+0200] {processor.py:753} INFO - DAG(s) dict_keys(['example_bash_operator']) retrieved from /Users/roselina/opt/anaconda3/envs/python37/lib/python3.7/site-packages/airflow/example_dags/example_bash_operator.py
[2024-08-28T10:53:20.177+0200] {logging_mixin.py:137} INFO - [2024-08-28T10:53:20.177+0200] {dag.py:2705} INFO - Sync 1 DAGs
[2024-08-28T10:53:20.190+0200] {logging_mixin.py:137} INFO - [2024-08-28T10:53:20.190+0200] {dag.py:3456} INFO - Setting next_dagrun for example_bash_operator to 2024-08-27T00:00:00+00:00, run_after=2024-08-28T00:00:00+00:00
[2024-08-28T10:53:20.199+0200] {processor.py:175} INFO - Processing /Users/roselina/opt/anaconda3/envs/python37/lib/python3.7/site-packages/airflow/example_dags/example_bash_operator.py took 0.071 seconds
