[2024-08-28T10:11:42.982+0200] {processor.py:153} INFO - Started process (PID=74959) to work on /Users/roselina/opt/anaconda3/envs/python37/lib/python3.7/site-packages/airflow/example_dags/example_branch_day_of_week_operator.py
[2024-08-28T10:11:42.984+0200] {processor.py:743} INFO - Processing file /Users/roselina/opt/anaconda3/envs/python37/lib/python3.7/site-packages/airflow/example_dags/example_branch_day_of_week_operator.py for tasks to queue
[2024-08-28T10:11:42.985+0200] {logging_mixin.py:137} INFO - [2024-08-28T10:11:42.984+0200] {dagbag.py:532} INFO - Filling up the DagBag from /Users/roselina/opt/anaconda3/envs/python37/lib/python3.7/site-packages/airflow/example_dags/example_branch_day_of_week_operator.py
[2024-08-28T10:11:43.004+0200] {processor.py:753} INFO - DAG(s) dict_keys(['example_weekday_branch_operator']) retrieved from /Users/roselina/opt/anaconda3/envs/python37/lib/python3.7/site-packages/airflow/example_dags/example_branch_day_of_week_operator.py
[2024-08-28T10:11:43.066+0200] {logging_mixin.py:137} INFO - [2024-08-28T10:11:43.065+0200] {manager.py:504} INFO - Created Permission View: can read on DAG:example_weekday_branch_operator
[2024-08-28T10:11:43.071+0200] {logging_mixin.py:137} INFO - [2024-08-28T10:11:43.071+0200] {manager.py:504} INFO - Created Permission View: can delete on DAG:example_weekday_branch_operator
[2024-08-28T10:11:43.074+0200] {logging_mixin.py:137} INFO - [2024-08-28T10:11:43.074+0200] {manager.py:504} INFO - Created Permission View: can edit on DAG:example_weekday_branch_operator
[2024-08-28T10:11:43.075+0200] {logging_mixin.py:137} INFO - [2024-08-28T10:11:43.075+0200] {dag.py:2705} INFO - Sync 1 DAGs
[2024-08-28T10:11:43.082+0200] {logging_mixin.py:137} INFO - [2024-08-28T10:11:43.082+0200] {dag.py:2726} INFO - Creating ORM DAG for example_weekday_branch_operator
[2024-08-28T10:11:43.088+0200] {logging_mixin.py:137} INFO - [2024-08-28T10:11:43.088+0200] {dag.py:3456} INFO - Setting next_dagrun for example_weekday_branch_operator to 2024-08-27T00:00:00+00:00, run_after=2024-08-28T00:00:00+00:00
[2024-08-28T10:11:43.099+0200] {processor.py:175} INFO - Processing /Users/roselina/opt/anaconda3/envs/python37/lib/python3.7/site-packages/airflow/example_dags/example_branch_day_of_week_operator.py took 0.121 seconds
[2024-08-28T10:12:24.362+0200] {processor.py:153} INFO - Started process (PID=75022) to work on /Users/roselina/opt/anaconda3/envs/python37/lib/python3.7/site-packages/airflow/example_dags/example_branch_day_of_week_operator.py
[2024-08-28T10:12:24.363+0200] {processor.py:743} INFO - Processing file /Users/roselina/opt/anaconda3/envs/python37/lib/python3.7/site-packages/airflow/example_dags/example_branch_day_of_week_operator.py for tasks to queue
[2024-08-28T10:12:24.365+0200] {logging_mixin.py:137} INFO - [2024-08-28T10:12:24.364+0200] {dagbag.py:532} INFO - Filling up the DagBag from /Users/roselina/opt/anaconda3/envs/python37/lib/python3.7/site-packages/airflow/example_dags/example_branch_day_of_week_operator.py
[2024-08-28T10:12:24.384+0200] {processor.py:753} INFO - DAG(s) dict_keys(['example_weekday_branch_operator']) retrieved from /Users/roselina/opt/anaconda3/envs/python37/lib/python3.7/site-packages/airflow/example_dags/example_branch_day_of_week_operator.py
[2024-08-28T10:12:24.399+0200] {logging_mixin.py:137} INFO - [2024-08-28T10:12:24.398+0200] {dag.py:2705} INFO - Sync 1 DAGs
[2024-08-28T10:12:24.412+0200] {logging_mixin.py:137} INFO - [2024-08-28T10:12:24.411+0200] {dag.py:3456} INFO - Setting next_dagrun for example_weekday_branch_operator to 2024-08-27T00:00:00+00:00, run_after=2024-08-28T00:00:00+00:00
[2024-08-28T10:12:24.422+0200] {processor.py:175} INFO - Processing /Users/roselina/opt/anaconda3/envs/python37/lib/python3.7/site-packages/airflow/example_dags/example_branch_day_of_week_operator.py took 0.064 seconds
[2024-08-28T10:13:06.734+0200] {processor.py:153} INFO - Started process (PID=75096) to work on /Users/roselina/opt/anaconda3/envs/python37/lib/python3.7/site-packages/airflow/example_dags/example_branch_day_of_week_operator.py
[2024-08-28T10:13:06.736+0200] {processor.py:743} INFO - Processing file /Users/roselina/opt/anaconda3/envs/python37/lib/python3.7/site-packages/airflow/example_dags/example_branch_day_of_week_operator.py for tasks to queue
[2024-08-28T10:13:06.737+0200] {logging_mixin.py:137} INFO - [2024-08-28T10:13:06.737+0200] {dagbag.py:532} INFO - Filling up the DagBag from /Users/roselina/opt/anaconda3/envs/python37/lib/python3.7/site-packages/airflow/example_dags/example_branch_day_of_week_operator.py
[2024-08-28T10:13:06.759+0200] {processor.py:753} INFO - DAG(s) dict_keys(['example_weekday_branch_operator']) retrieved from /Users/roselina/opt/anaconda3/envs/python37/lib/python3.7/site-packages/airflow/example_dags/example_branch_day_of_week_operator.py
[2024-08-28T10:13:06.774+0200] {logging_mixin.py:137} INFO - [2024-08-28T10:13:06.774+0200] {dag.py:2705} INFO - Sync 1 DAGs
[2024-08-28T10:13:06.787+0200] {logging_mixin.py:137} INFO - [2024-08-28T10:13:06.787+0200] {dag.py:3456} INFO - Setting next_dagrun for example_weekday_branch_operator to 2024-08-27T00:00:00+00:00, run_after=2024-08-28T00:00:00+00:00
[2024-08-28T10:13:06.797+0200] {processor.py:175} INFO - Processing /Users/roselina/opt/anaconda3/envs/python37/lib/python3.7/site-packages/airflow/example_dags/example_branch_day_of_week_operator.py took 0.067 seconds
[2024-08-28T10:13:47.254+0200] {processor.py:153} INFO - Started process (PID=75147) to work on /Users/roselina/opt/anaconda3/envs/python37/lib/python3.7/site-packages/airflow/example_dags/example_branch_day_of_week_operator.py
[2024-08-28T10:13:47.258+0200] {processor.py:743} INFO - Processing file /Users/roselina/opt/anaconda3/envs/python37/lib/python3.7/site-packages/airflow/example_dags/example_branch_day_of_week_operator.py for tasks to queue
[2024-08-28T10:13:47.260+0200] {logging_mixin.py:137} INFO - [2024-08-28T10:13:47.259+0200] {dagbag.py:532} INFO - Filling up the DagBag from /Users/roselina/opt/anaconda3/envs/python37/lib/python3.7/site-packages/airflow/example_dags/example_branch_day_of_week_operator.py
[2024-08-28T10:13:47.281+0200] {processor.py:753} INFO - DAG(s) dict_keys(['example_weekday_branch_operator']) retrieved from /Users/roselina/opt/anaconda3/envs/python37/lib/python3.7/site-packages/airflow/example_dags/example_branch_day_of_week_operator.py
[2024-08-28T10:13:47.301+0200] {logging_mixin.py:137} INFO - [2024-08-28T10:13:47.300+0200] {dag.py:2705} INFO - Sync 1 DAGs
[2024-08-28T10:13:47.319+0200] {logging_mixin.py:137} INFO - [2024-08-28T10:13:47.319+0200] {dag.py:3456} INFO - Setting next_dagrun for example_weekday_branch_operator to 2024-08-27T00:00:00+00:00, run_after=2024-08-28T00:00:00+00:00
[2024-08-28T10:13:47.331+0200] {processor.py:175} INFO - Processing /Users/roselina/opt/anaconda3/envs/python37/lib/python3.7/site-packages/airflow/example_dags/example_branch_day_of_week_operator.py took 0.081 seconds
[2024-08-28T10:14:31.895+0200] {processor.py:153} INFO - Started process (PID=75222) to work on /Users/roselina/opt/anaconda3/envs/python37/lib/python3.7/site-packages/airflow/example_dags/example_branch_day_of_week_operator.py
[2024-08-28T10:14:31.897+0200] {processor.py:743} INFO - Processing file /Users/roselina/opt/anaconda3/envs/python37/lib/python3.7/site-packages/airflow/example_dags/example_branch_day_of_week_operator.py for tasks to queue
[2024-08-28T10:14:31.898+0200] {logging_mixin.py:137} INFO - [2024-08-28T10:14:31.897+0200] {dagbag.py:532} INFO - Filling up the DagBag from /Users/roselina/opt/anaconda3/envs/python37/lib/python3.7/site-packages/airflow/example_dags/example_branch_day_of_week_operator.py
[2024-08-28T10:14:31.917+0200] {processor.py:753} INFO - DAG(s) dict_keys(['example_weekday_branch_operator']) retrieved from /Users/roselina/opt/anaconda3/envs/python37/lib/python3.7/site-packages/airflow/example_dags/example_branch_day_of_week_operator.py
[2024-08-28T10:14:31.936+0200] {logging_mixin.py:137} INFO - [2024-08-28T10:14:31.935+0200] {dag.py:2705} INFO - Sync 1 DAGs
[2024-08-28T10:14:31.951+0200] {logging_mixin.py:137} INFO - [2024-08-28T10:14:31.950+0200] {dag.py:3456} INFO - Setting next_dagrun for example_weekday_branch_operator to 2024-08-27T00:00:00+00:00, run_after=2024-08-28T00:00:00+00:00
[2024-08-28T10:14:31.962+0200] {processor.py:175} INFO - Processing /Users/roselina/opt/anaconda3/envs/python37/lib/python3.7/site-packages/airflow/example_dags/example_branch_day_of_week_operator.py took 0.071 seconds
[2024-08-28T10:15:13.248+0200] {processor.py:153} INFO - Started process (PID=75266) to work on /Users/roselina/opt/anaconda3/envs/python37/lib/python3.7/site-packages/airflow/example_dags/example_branch_day_of_week_operator.py
[2024-08-28T10:15:13.250+0200] {processor.py:743} INFO - Processing file /Users/roselina/opt/anaconda3/envs/python37/lib/python3.7/site-packages/airflow/example_dags/example_branch_day_of_week_operator.py for tasks to queue
[2024-08-28T10:15:13.251+0200] {logging_mixin.py:137} INFO - [2024-08-28T10:15:13.251+0200] {dagbag.py:532} INFO - Filling up the DagBag from /Users/roselina/opt/anaconda3/envs/python37/lib/python3.7/site-packages/airflow/example_dags/example_branch_day_of_week_operator.py
[2024-08-28T10:15:13.275+0200] {processor.py:753} INFO - DAG(s) dict_keys(['example_weekday_branch_operator']) retrieved from /Users/roselina/opt/anaconda3/envs/python37/lib/python3.7/site-packages/airflow/example_dags/example_branch_day_of_week_operator.py
[2024-08-28T10:15:13.296+0200] {logging_mixin.py:137} INFO - [2024-08-28T10:15:13.296+0200] {dag.py:2705} INFO - Sync 1 DAGs
[2024-08-28T10:15:13.310+0200] {logging_mixin.py:137} INFO - [2024-08-28T10:15:13.310+0200] {dag.py:3456} INFO - Setting next_dagrun for example_weekday_branch_operator to 2024-08-27T00:00:00+00:00, run_after=2024-08-28T00:00:00+00:00
[2024-08-28T10:15:13.321+0200] {processor.py:175} INFO - Processing /Users/roselina/opt/anaconda3/envs/python37/lib/python3.7/site-packages/airflow/example_dags/example_branch_day_of_week_operator.py took 0.078 seconds
[2024-08-28T10:15:54.372+0200] {processor.py:153} INFO - Started process (PID=75311) to work on /Users/roselina/opt/anaconda3/envs/python37/lib/python3.7/site-packages/airflow/example_dags/example_branch_day_of_week_operator.py
[2024-08-28T10:15:54.374+0200] {processor.py:743} INFO - Processing file /Users/roselina/opt/anaconda3/envs/python37/lib/python3.7/site-packages/airflow/example_dags/example_branch_day_of_week_operator.py for tasks to queue
[2024-08-28T10:15:54.375+0200] {logging_mixin.py:137} INFO - [2024-08-28T10:15:54.375+0200] {dagbag.py:532} INFO - Filling up the DagBag from /Users/roselina/opt/anaconda3/envs/python37/lib/python3.7/site-packages/airflow/example_dags/example_branch_day_of_week_operator.py
[2024-08-28T10:15:54.395+0200] {processor.py:753} INFO - DAG(s) dict_keys(['example_weekday_branch_operator']) retrieved from /Users/roselina/opt/anaconda3/envs/python37/lib/python3.7/site-packages/airflow/example_dags/example_branch_day_of_week_operator.py
[2024-08-28T10:15:54.411+0200] {logging_mixin.py:137} INFO - [2024-08-28T10:15:54.411+0200] {dag.py:2705} INFO - Sync 1 DAGs
[2024-08-28T10:15:54.424+0200] {logging_mixin.py:137} INFO - [2024-08-28T10:15:54.424+0200] {dag.py:3456} INFO - Setting next_dagrun for example_weekday_branch_operator to 2024-08-27T00:00:00+00:00, run_after=2024-08-28T00:00:00+00:00
[2024-08-28T10:15:54.434+0200] {processor.py:175} INFO - Processing /Users/roselina/opt/anaconda3/envs/python37/lib/python3.7/site-packages/airflow/example_dags/example_branch_day_of_week_operator.py took 0.067 seconds
[2024-08-28T10:16:33.385+0200] {processor.py:153} INFO - Started process (PID=75355) to work on /Users/roselina/opt/anaconda3/envs/python37/lib/python3.7/site-packages/airflow/example_dags/example_branch_day_of_week_operator.py
[2024-08-28T10:16:33.387+0200] {processor.py:743} INFO - Processing file /Users/roselina/opt/anaconda3/envs/python37/lib/python3.7/site-packages/airflow/example_dags/example_branch_day_of_week_operator.py for tasks to queue
[2024-08-28T10:16:33.388+0200] {logging_mixin.py:137} INFO - [2024-08-28T10:16:33.388+0200] {dagbag.py:532} INFO - Filling up the DagBag from /Users/roselina/opt/anaconda3/envs/python37/lib/python3.7/site-packages/airflow/example_dags/example_branch_day_of_week_operator.py
[2024-08-28T10:16:33.409+0200] {processor.py:753} INFO - DAG(s) dict_keys(['example_weekday_branch_operator']) retrieved from /Users/roselina/opt/anaconda3/envs/python37/lib/python3.7/site-packages/airflow/example_dags/example_branch_day_of_week_operator.py
[2024-08-28T10:16:33.424+0200] {logging_mixin.py:137} INFO - [2024-08-28T10:16:33.424+0200] {dag.py:2705} INFO - Sync 1 DAGs
[2024-08-28T10:16:33.437+0200] {logging_mixin.py:137} INFO - [2024-08-28T10:16:33.437+0200] {dag.py:3456} INFO - Setting next_dagrun for example_weekday_branch_operator to 2024-08-27T00:00:00+00:00, run_after=2024-08-28T00:00:00+00:00
[2024-08-28T10:16:33.447+0200] {processor.py:175} INFO - Processing /Users/roselina/opt/anaconda3/envs/python37/lib/python3.7/site-packages/airflow/example_dags/example_branch_day_of_week_operator.py took 0.065 seconds
[2024-08-28T10:17:15.876+0200] {processor.py:153} INFO - Started process (PID=75401) to work on /Users/roselina/opt/anaconda3/envs/python37/lib/python3.7/site-packages/airflow/example_dags/example_branch_day_of_week_operator.py
[2024-08-28T10:17:15.878+0200] {processor.py:743} INFO - Processing file /Users/roselina/opt/anaconda3/envs/python37/lib/python3.7/site-packages/airflow/example_dags/example_branch_day_of_week_operator.py for tasks to queue
[2024-08-28T10:17:15.879+0200] {logging_mixin.py:137} INFO - [2024-08-28T10:17:15.879+0200] {dagbag.py:532} INFO - Filling up the DagBag from /Users/roselina/opt/anaconda3/envs/python37/lib/python3.7/site-packages/airflow/example_dags/example_branch_day_of_week_operator.py
[2024-08-28T10:17:15.899+0200] {processor.py:753} INFO - DAG(s) dict_keys(['example_weekday_branch_operator']) retrieved from /Users/roselina/opt/anaconda3/envs/python37/lib/python3.7/site-packages/airflow/example_dags/example_branch_day_of_week_operator.py
[2024-08-28T10:17:15.915+0200] {logging_mixin.py:137} INFO - [2024-08-28T10:17:15.914+0200] {dag.py:2705} INFO - Sync 1 DAGs
[2024-08-28T10:17:15.928+0200] {logging_mixin.py:137} INFO - [2024-08-28T10:17:15.927+0200] {dag.py:3456} INFO - Setting next_dagrun for example_weekday_branch_operator to 2024-08-27T00:00:00+00:00, run_after=2024-08-28T00:00:00+00:00
[2024-08-28T10:17:15.938+0200] {processor.py:175} INFO - Processing /Users/roselina/opt/anaconda3/envs/python37/lib/python3.7/site-packages/airflow/example_dags/example_branch_day_of_week_operator.py took 0.066 seconds
[2024-08-28T10:34:39.570+0200] {processor.py:153} INFO - Started process (PID=75470) to work on /Users/roselina/opt/anaconda3/envs/python37/lib/python3.7/site-packages/airflow/example_dags/example_branch_day_of_week_operator.py
[2024-08-28T10:34:39.571+0200] {processor.py:743} INFO - Processing file /Users/roselina/opt/anaconda3/envs/python37/lib/python3.7/site-packages/airflow/example_dags/example_branch_day_of_week_operator.py for tasks to queue
[2024-08-28T10:34:39.572+0200] {logging_mixin.py:137} INFO - [2024-08-28T10:34:39.572+0200] {dagbag.py:532} INFO - Filling up the DagBag from /Users/roselina/opt/anaconda3/envs/python37/lib/python3.7/site-packages/airflow/example_dags/example_branch_day_of_week_operator.py
[2024-08-28T10:34:39.601+0200] {processor.py:753} INFO - DAG(s) dict_keys(['example_weekday_branch_operator']) retrieved from /Users/roselina/opt/anaconda3/envs/python37/lib/python3.7/site-packages/airflow/example_dags/example_branch_day_of_week_operator.py
[2024-08-28T10:34:39.649+0200] {logging_mixin.py:137} INFO - [2024-08-28T10:34:39.648+0200] {dag.py:2705} INFO - Sync 1 DAGs
[2024-08-28T10:34:39.664+0200] {logging_mixin.py:137} INFO - [2024-08-28T10:34:39.664+0200] {dag.py:3456} INFO - Setting next_dagrun for example_weekday_branch_operator to 2024-08-27T00:00:00+00:00, run_after=2024-08-28T00:00:00+00:00
[2024-08-28T10:34:39.677+0200] {processor.py:175} INFO - Processing /Users/roselina/opt/anaconda3/envs/python37/lib/python3.7/site-packages/airflow/example_dags/example_branch_day_of_week_operator.py took 0.110 seconds
[2024-08-28T10:44:19.419+0200] {processor.py:153} INFO - Started process (PID=75554) to work on /Users/roselina/opt/anaconda3/envs/python37/lib/python3.7/site-packages/airflow/example_dags/example_branch_day_of_week_operator.py
[2024-08-28T10:44:19.420+0200] {processor.py:743} INFO - Processing file /Users/roselina/opt/anaconda3/envs/python37/lib/python3.7/site-packages/airflow/example_dags/example_branch_day_of_week_operator.py for tasks to queue
[2024-08-28T10:44:19.421+0200] {logging_mixin.py:137} INFO - [2024-08-28T10:44:19.421+0200] {dagbag.py:532} INFO - Filling up the DagBag from /Users/roselina/opt/anaconda3/envs/python37/lib/python3.7/site-packages/airflow/example_dags/example_branch_day_of_week_operator.py
[2024-08-28T10:44:19.435+0200] {processor.py:753} INFO - DAG(s) dict_keys(['example_weekday_branch_operator']) retrieved from /Users/roselina/opt/anaconda3/envs/python37/lib/python3.7/site-packages/airflow/example_dags/example_branch_day_of_week_operator.py
[2024-08-28T10:44:19.451+0200] {logging_mixin.py:137} INFO - [2024-08-28T10:44:19.451+0200] {dag.py:2705} INFO - Sync 1 DAGs
[2024-08-28T10:44:19.468+0200] {logging_mixin.py:137} INFO - [2024-08-28T10:44:19.467+0200] {dag.py:3456} INFO - Setting next_dagrun for example_weekday_branch_operator to 2024-08-27T00:00:00+00:00, run_after=2024-08-28T00:00:00+00:00
[2024-08-28T10:44:19.480+0200] {processor.py:175} INFO - Processing /Users/roselina/opt/anaconda3/envs/python37/lib/python3.7/site-packages/airflow/example_dags/example_branch_day_of_week_operator.py took 0.063 seconds
[2024-08-28T10:45:01.773+0200] {processor.py:153} INFO - Started process (PID=75616) to work on /Users/roselina/opt/anaconda3/envs/python37/lib/python3.7/site-packages/airflow/example_dags/example_branch_day_of_week_operator.py
[2024-08-28T10:45:01.775+0200] {processor.py:743} INFO - Processing file /Users/roselina/opt/anaconda3/envs/python37/lib/python3.7/site-packages/airflow/example_dags/example_branch_day_of_week_operator.py for tasks to queue
[2024-08-28T10:45:01.777+0200] {logging_mixin.py:137} INFO - [2024-08-28T10:45:01.776+0200] {dagbag.py:532} INFO - Filling up the DagBag from /Users/roselina/opt/anaconda3/envs/python37/lib/python3.7/site-packages/airflow/example_dags/example_branch_day_of_week_operator.py
[2024-08-28T10:45:01.800+0200] {processor.py:753} INFO - DAG(s) dict_keys(['example_weekday_branch_operator']) retrieved from /Users/roselina/opt/anaconda3/envs/python37/lib/python3.7/site-packages/airflow/example_dags/example_branch_day_of_week_operator.py
[2024-08-28T10:45:01.817+0200] {logging_mixin.py:137} INFO - [2024-08-28T10:45:01.816+0200] {dag.py:2705} INFO - Sync 1 DAGs
[2024-08-28T10:45:01.830+0200] {logging_mixin.py:137} INFO - [2024-08-28T10:45:01.830+0200] {dag.py:3456} INFO - Setting next_dagrun for example_weekday_branch_operator to 2024-08-27T00:00:00+00:00, run_after=2024-08-28T00:00:00+00:00
[2024-08-28T10:45:01.840+0200] {processor.py:175} INFO - Processing /Users/roselina/opt/anaconda3/envs/python37/lib/python3.7/site-packages/airflow/example_dags/example_branch_day_of_week_operator.py took 0.072 seconds
[2024-08-28T10:45:42.212+0200] {processor.py:153} INFO - Started process (PID=75662) to work on /Users/roselina/opt/anaconda3/envs/python37/lib/python3.7/site-packages/airflow/example_dags/example_branch_day_of_week_operator.py
[2024-08-28T10:45:42.214+0200] {processor.py:743} INFO - Processing file /Users/roselina/opt/anaconda3/envs/python37/lib/python3.7/site-packages/airflow/example_dags/example_branch_day_of_week_operator.py for tasks to queue
[2024-08-28T10:45:42.215+0200] {logging_mixin.py:137} INFO - [2024-08-28T10:45:42.215+0200] {dagbag.py:532} INFO - Filling up the DagBag from /Users/roselina/opt/anaconda3/envs/python37/lib/python3.7/site-packages/airflow/example_dags/example_branch_day_of_week_operator.py
[2024-08-28T10:45:42.233+0200] {processor.py:753} INFO - DAG(s) dict_keys(['example_weekday_branch_operator']) retrieved from /Users/roselina/opt/anaconda3/envs/python37/lib/python3.7/site-packages/airflow/example_dags/example_branch_day_of_week_operator.py
[2024-08-28T10:45:42.248+0200] {logging_mixin.py:137} INFO - [2024-08-28T10:45:42.248+0200] {dag.py:2705} INFO - Sync 1 DAGs
[2024-08-28T10:45:42.261+0200] {logging_mixin.py:137} INFO - [2024-08-28T10:45:42.261+0200] {dag.py:3456} INFO - Setting next_dagrun for example_weekday_branch_operator to 2024-08-27T00:00:00+00:00, run_after=2024-08-28T00:00:00+00:00
[2024-08-28T10:45:42.271+0200] {processor.py:175} INFO - Processing /Users/roselina/opt/anaconda3/envs/python37/lib/python3.7/site-packages/airflow/example_dags/example_branch_day_of_week_operator.py took 0.063 seconds
[2024-08-28T10:46:24.073+0200] {processor.py:153} INFO - Started process (PID=75708) to work on /Users/roselina/opt/anaconda3/envs/python37/lib/python3.7/site-packages/airflow/example_dags/example_branch_day_of_week_operator.py
[2024-08-28T10:46:24.075+0200] {processor.py:743} INFO - Processing file /Users/roselina/opt/anaconda3/envs/python37/lib/python3.7/site-packages/airflow/example_dags/example_branch_day_of_week_operator.py for tasks to queue
[2024-08-28T10:46:24.076+0200] {logging_mixin.py:137} INFO - [2024-08-28T10:46:24.076+0200] {dagbag.py:532} INFO - Filling up the DagBag from /Users/roselina/opt/anaconda3/envs/python37/lib/python3.7/site-packages/airflow/example_dags/example_branch_day_of_week_operator.py
[2024-08-28T10:46:24.095+0200] {processor.py:753} INFO - DAG(s) dict_keys(['example_weekday_branch_operator']) retrieved from /Users/roselina/opt/anaconda3/envs/python37/lib/python3.7/site-packages/airflow/example_dags/example_branch_day_of_week_operator.py
[2024-08-28T10:46:24.114+0200] {logging_mixin.py:137} INFO - [2024-08-28T10:46:24.113+0200] {dag.py:2705} INFO - Sync 1 DAGs
[2024-08-28T10:46:24.128+0200] {logging_mixin.py:137} INFO - [2024-08-28T10:46:24.128+0200] {dag.py:3456} INFO - Setting next_dagrun for example_weekday_branch_operator to 2024-08-27T00:00:00+00:00, run_after=2024-08-28T00:00:00+00:00
[2024-08-28T10:46:24.138+0200] {processor.py:175} INFO - Processing /Users/roselina/opt/anaconda3/envs/python37/lib/python3.7/site-packages/airflow/example_dags/example_branch_day_of_week_operator.py took 0.069 seconds
[2024-08-28T10:47:05.301+0200] {processor.py:153} INFO - Started process (PID=75761) to work on /Users/roselina/opt/anaconda3/envs/python37/lib/python3.7/site-packages/airflow/example_dags/example_branch_day_of_week_operator.py
[2024-08-28T10:47:05.303+0200] {processor.py:743} INFO - Processing file /Users/roselina/opt/anaconda3/envs/python37/lib/python3.7/site-packages/airflow/example_dags/example_branch_day_of_week_operator.py for tasks to queue
[2024-08-28T10:47:05.304+0200] {logging_mixin.py:137} INFO - [2024-08-28T10:47:05.304+0200] {dagbag.py:532} INFO - Filling up the DagBag from /Users/roselina/opt/anaconda3/envs/python37/lib/python3.7/site-packages/airflow/example_dags/example_branch_day_of_week_operator.py
[2024-08-28T10:47:05.328+0200] {processor.py:753} INFO - DAG(s) dict_keys(['example_weekday_branch_operator']) retrieved from /Users/roselina/opt/anaconda3/envs/python37/lib/python3.7/site-packages/airflow/example_dags/example_branch_day_of_week_operator.py
[2024-08-28T10:47:05.343+0200] {logging_mixin.py:137} INFO - [2024-08-28T10:47:05.343+0200] {dag.py:2705} INFO - Sync 1 DAGs
[2024-08-28T10:47:05.356+0200] {logging_mixin.py:137} INFO - [2024-08-28T10:47:05.356+0200] {dag.py:3456} INFO - Setting next_dagrun for example_weekday_branch_operator to 2024-08-27T00:00:00+00:00, run_after=2024-08-28T00:00:00+00:00
[2024-08-28T10:47:05.365+0200] {processor.py:175} INFO - Processing /Users/roselina/opt/anaconda3/envs/python37/lib/python3.7/site-packages/airflow/example_dags/example_branch_day_of_week_operator.py took 0.070 seconds
[2024-08-28T10:47:47.108+0200] {processor.py:153} INFO - Started process (PID=75811) to work on /Users/roselina/opt/anaconda3/envs/python37/lib/python3.7/site-packages/airflow/example_dags/example_branch_day_of_week_operator.py
[2024-08-28T10:47:47.110+0200] {processor.py:743} INFO - Processing file /Users/roselina/opt/anaconda3/envs/python37/lib/python3.7/site-packages/airflow/example_dags/example_branch_day_of_week_operator.py for tasks to queue
[2024-08-28T10:47:47.112+0200] {logging_mixin.py:137} INFO - [2024-08-28T10:47:47.112+0200] {dagbag.py:532} INFO - Filling up the DagBag from /Users/roselina/opt/anaconda3/envs/python37/lib/python3.7/site-packages/airflow/example_dags/example_branch_day_of_week_operator.py
[2024-08-28T10:47:47.134+0200] {processor.py:753} INFO - DAG(s) dict_keys(['example_weekday_branch_operator']) retrieved from /Users/roselina/opt/anaconda3/envs/python37/lib/python3.7/site-packages/airflow/example_dags/example_branch_day_of_week_operator.py
[2024-08-28T10:47:47.155+0200] {logging_mixin.py:137} INFO - [2024-08-28T10:47:47.155+0200] {dag.py:2705} INFO - Sync 1 DAGs
[2024-08-28T10:47:47.168+0200] {logging_mixin.py:137} INFO - [2024-08-28T10:47:47.168+0200] {dag.py:3456} INFO - Setting next_dagrun for example_weekday_branch_operator to 2024-08-27T00:00:00+00:00, run_after=2024-08-28T00:00:00+00:00
[2024-08-28T10:47:47.178+0200] {processor.py:175} INFO - Processing /Users/roselina/opt/anaconda3/envs/python37/lib/python3.7/site-packages/airflow/example_dags/example_branch_day_of_week_operator.py took 0.074 seconds
[2024-08-28T10:48:28.120+0200] {processor.py:153} INFO - Started process (PID=75877) to work on /Users/roselina/opt/anaconda3/envs/python37/lib/python3.7/site-packages/airflow/example_dags/example_branch_day_of_week_operator.py
[2024-08-28T10:48:28.122+0200] {processor.py:743} INFO - Processing file /Users/roselina/opt/anaconda3/envs/python37/lib/python3.7/site-packages/airflow/example_dags/example_branch_day_of_week_operator.py for tasks to queue
[2024-08-28T10:48:28.123+0200] {logging_mixin.py:137} INFO - [2024-08-28T10:48:28.123+0200] {dagbag.py:532} INFO - Filling up the DagBag from /Users/roselina/opt/anaconda3/envs/python37/lib/python3.7/site-packages/airflow/example_dags/example_branch_day_of_week_operator.py
[2024-08-28T10:48:28.143+0200] {processor.py:753} INFO - DAG(s) dict_keys(['example_weekday_branch_operator']) retrieved from /Users/roselina/opt/anaconda3/envs/python37/lib/python3.7/site-packages/airflow/example_dags/example_branch_day_of_week_operator.py
[2024-08-28T10:48:28.158+0200] {logging_mixin.py:137} INFO - [2024-08-28T10:48:28.158+0200] {dag.py:2705} INFO - Sync 1 DAGs
[2024-08-28T10:48:28.171+0200] {logging_mixin.py:137} INFO - [2024-08-28T10:48:28.171+0200] {dag.py:3456} INFO - Setting next_dagrun for example_weekday_branch_operator to 2024-08-27T00:00:00+00:00, run_after=2024-08-28T00:00:00+00:00
[2024-08-28T10:48:28.187+0200] {processor.py:175} INFO - Processing /Users/roselina/opt/anaconda3/envs/python37/lib/python3.7/site-packages/airflow/example_dags/example_branch_day_of_week_operator.py took 0.069 seconds
[2024-08-28T10:49:09.539+0200] {processor.py:153} INFO - Started process (PID=75930) to work on /Users/roselina/opt/anaconda3/envs/python37/lib/python3.7/site-packages/airflow/example_dags/example_branch_day_of_week_operator.py
[2024-08-28T10:49:09.540+0200] {processor.py:743} INFO - Processing file /Users/roselina/opt/anaconda3/envs/python37/lib/python3.7/site-packages/airflow/example_dags/example_branch_day_of_week_operator.py for tasks to queue
[2024-08-28T10:49:09.542+0200] {logging_mixin.py:137} INFO - [2024-08-28T10:49:09.541+0200] {dagbag.py:532} INFO - Filling up the DagBag from /Users/roselina/opt/anaconda3/envs/python37/lib/python3.7/site-packages/airflow/example_dags/example_branch_day_of_week_operator.py
[2024-08-28T10:49:09.563+0200] {processor.py:753} INFO - DAG(s) dict_keys(['example_weekday_branch_operator']) retrieved from /Users/roselina/opt/anaconda3/envs/python37/lib/python3.7/site-packages/airflow/example_dags/example_branch_day_of_week_operator.py
[2024-08-28T10:49:09.580+0200] {logging_mixin.py:137} INFO - [2024-08-28T10:49:09.580+0200] {dag.py:2705} INFO - Sync 1 DAGs
[2024-08-28T10:49:09.593+0200] {logging_mixin.py:137} INFO - [2024-08-28T10:49:09.593+0200] {dag.py:3456} INFO - Setting next_dagrun for example_weekday_branch_operator to 2024-08-27T00:00:00+00:00, run_after=2024-08-28T00:00:00+00:00
[2024-08-28T10:49:09.603+0200] {processor.py:175} INFO - Processing /Users/roselina/opt/anaconda3/envs/python37/lib/python3.7/site-packages/airflow/example_dags/example_branch_day_of_week_operator.py took 0.069 seconds
[2024-08-28T10:49:51.109+0200] {processor.py:153} INFO - Started process (PID=75976) to work on /Users/roselina/opt/anaconda3/envs/python37/lib/python3.7/site-packages/airflow/example_dags/example_branch_day_of_week_operator.py
[2024-08-28T10:49:51.111+0200] {processor.py:743} INFO - Processing file /Users/roselina/opt/anaconda3/envs/python37/lib/python3.7/site-packages/airflow/example_dags/example_branch_day_of_week_operator.py for tasks to queue
[2024-08-28T10:49:51.113+0200] {logging_mixin.py:137} INFO - [2024-08-28T10:49:51.112+0200] {dagbag.py:532} INFO - Filling up the DagBag from /Users/roselina/opt/anaconda3/envs/python37/lib/python3.7/site-packages/airflow/example_dags/example_branch_day_of_week_operator.py
[2024-08-28T10:49:51.133+0200] {processor.py:753} INFO - DAG(s) dict_keys(['example_weekday_branch_operator']) retrieved from /Users/roselina/opt/anaconda3/envs/python37/lib/python3.7/site-packages/airflow/example_dags/example_branch_day_of_week_operator.py
[2024-08-28T10:49:51.148+0200] {logging_mixin.py:137} INFO - [2024-08-28T10:49:51.148+0200] {dag.py:2705} INFO - Sync 1 DAGs
[2024-08-28T10:49:51.162+0200] {logging_mixin.py:137} INFO - [2024-08-28T10:49:51.162+0200] {dag.py:3456} INFO - Setting next_dagrun for example_weekday_branch_operator to 2024-08-27T00:00:00+00:00, run_after=2024-08-28T00:00:00+00:00
[2024-08-28T10:49:51.172+0200] {processor.py:175} INFO - Processing /Users/roselina/opt/anaconda3/envs/python37/lib/python3.7/site-packages/airflow/example_dags/example_branch_day_of_week_operator.py took 0.068 seconds
[2024-08-28T10:50:32.179+0200] {processor.py:153} INFO - Started process (PID=76020) to work on /Users/roselina/opt/anaconda3/envs/python37/lib/python3.7/site-packages/airflow/example_dags/example_branch_day_of_week_operator.py
[2024-08-28T10:50:32.181+0200] {processor.py:743} INFO - Processing file /Users/roselina/opt/anaconda3/envs/python37/lib/python3.7/site-packages/airflow/example_dags/example_branch_day_of_week_operator.py for tasks to queue
[2024-08-28T10:50:32.182+0200] {logging_mixin.py:137} INFO - [2024-08-28T10:50:32.181+0200] {dagbag.py:532} INFO - Filling up the DagBag from /Users/roselina/opt/anaconda3/envs/python37/lib/python3.7/site-packages/airflow/example_dags/example_branch_day_of_week_operator.py
[2024-08-28T10:50:32.201+0200] {processor.py:753} INFO - DAG(s) dict_keys(['example_weekday_branch_operator']) retrieved from /Users/roselina/opt/anaconda3/envs/python37/lib/python3.7/site-packages/airflow/example_dags/example_branch_day_of_week_operator.py
[2024-08-28T10:50:32.217+0200] {logging_mixin.py:137} INFO - [2024-08-28T10:50:32.217+0200] {dag.py:2705} INFO - Sync 1 DAGs
[2024-08-28T10:50:32.230+0200] {logging_mixin.py:137} INFO - [2024-08-28T10:50:32.230+0200] {dag.py:3456} INFO - Setting next_dagrun for example_weekday_branch_operator to 2024-08-27T00:00:00+00:00, run_after=2024-08-28T00:00:00+00:00
[2024-08-28T10:50:32.240+0200] {processor.py:175} INFO - Processing /Users/roselina/opt/anaconda3/envs/python37/lib/python3.7/site-packages/airflow/example_dags/example_branch_day_of_week_operator.py took 0.065 seconds
[2024-08-28T10:51:13.169+0200] {processor.py:153} INFO - Started process (PID=76075) to work on /Users/roselina/opt/anaconda3/envs/python37/lib/python3.7/site-packages/airflow/example_dags/example_branch_day_of_week_operator.py
[2024-08-28T10:51:13.172+0200] {processor.py:743} INFO - Processing file /Users/roselina/opt/anaconda3/envs/python37/lib/python3.7/site-packages/airflow/example_dags/example_branch_day_of_week_operator.py for tasks to queue
[2024-08-28T10:51:13.173+0200] {logging_mixin.py:137} INFO - [2024-08-28T10:51:13.173+0200] {dagbag.py:532} INFO - Filling up the DagBag from /Users/roselina/opt/anaconda3/envs/python37/lib/python3.7/site-packages/airflow/example_dags/example_branch_day_of_week_operator.py
[2024-08-28T10:51:13.197+0200] {processor.py:753} INFO - DAG(s) dict_keys(['example_weekday_branch_operator']) retrieved from /Users/roselina/opt/anaconda3/envs/python37/lib/python3.7/site-packages/airflow/example_dags/example_branch_day_of_week_operator.py
[2024-08-28T10:51:13.211+0200] {logging_mixin.py:137} INFO - [2024-08-28T10:51:13.210+0200] {dag.py:2705} INFO - Sync 1 DAGs
[2024-08-28T10:51:13.224+0200] {logging_mixin.py:137} INFO - [2024-08-28T10:51:13.223+0200] {dag.py:3456} INFO - Setting next_dagrun for example_weekday_branch_operator to 2024-08-27T00:00:00+00:00, run_after=2024-08-28T00:00:00+00:00
[2024-08-28T10:51:13.236+0200] {processor.py:175} INFO - Processing /Users/roselina/opt/anaconda3/envs/python37/lib/python3.7/site-packages/airflow/example_dags/example_branch_day_of_week_operator.py took 0.071 seconds
[2024-08-28T10:51:53.672+0200] {processor.py:153} INFO - Started process (PID=76126) to work on /Users/roselina/opt/anaconda3/envs/python37/lib/python3.7/site-packages/airflow/example_dags/example_branch_day_of_week_operator.py
[2024-08-28T10:51:53.673+0200] {processor.py:743} INFO - Processing file /Users/roselina/opt/anaconda3/envs/python37/lib/python3.7/site-packages/airflow/example_dags/example_branch_day_of_week_operator.py for tasks to queue
[2024-08-28T10:51:53.674+0200] {logging_mixin.py:137} INFO - [2024-08-28T10:51:53.674+0200] {dagbag.py:532} INFO - Filling up the DagBag from /Users/roselina/opt/anaconda3/envs/python37/lib/python3.7/site-packages/airflow/example_dags/example_branch_day_of_week_operator.py
[2024-08-28T10:51:53.742+0200] {processor.py:753} INFO - DAG(s) dict_keys(['example_weekday_branch_operator']) retrieved from /Users/roselina/opt/anaconda3/envs/python37/lib/python3.7/site-packages/airflow/example_dags/example_branch_day_of_week_operator.py
[2024-08-28T10:51:53.763+0200] {logging_mixin.py:137} INFO - [2024-08-28T10:51:53.762+0200] {dag.py:2705} INFO - Sync 1 DAGs
[2024-08-28T10:51:53.780+0200] {logging_mixin.py:137} INFO - [2024-08-28T10:51:53.779+0200] {dag.py:3456} INFO - Setting next_dagrun for example_weekday_branch_operator to 2024-08-27T00:00:00+00:00, run_after=2024-08-28T00:00:00+00:00
[2024-08-28T10:51:53.794+0200] {processor.py:175} INFO - Processing /Users/roselina/opt/anaconda3/envs/python37/lib/python3.7/site-packages/airflow/example_dags/example_branch_day_of_week_operator.py took 0.125 seconds
[2024-08-28T10:52:35.562+0200] {processor.py:153} INFO - Started process (PID=76182) to work on /Users/roselina/opt/anaconda3/envs/python37/lib/python3.7/site-packages/airflow/example_dags/example_branch_day_of_week_operator.py
[2024-08-28T10:52:35.564+0200] {processor.py:743} INFO - Processing file /Users/roselina/opt/anaconda3/envs/python37/lib/python3.7/site-packages/airflow/example_dags/example_branch_day_of_week_operator.py for tasks to queue
[2024-08-28T10:52:35.565+0200] {logging_mixin.py:137} INFO - [2024-08-28T10:52:35.565+0200] {dagbag.py:532} INFO - Filling up the DagBag from /Users/roselina/opt/anaconda3/envs/python37/lib/python3.7/site-packages/airflow/example_dags/example_branch_day_of_week_operator.py
[2024-08-28T10:52:35.586+0200] {processor.py:753} INFO - DAG(s) dict_keys(['example_weekday_branch_operator']) retrieved from /Users/roselina/opt/anaconda3/envs/python37/lib/python3.7/site-packages/airflow/example_dags/example_branch_day_of_week_operator.py
[2024-08-28T10:52:35.602+0200] {logging_mixin.py:137} INFO - [2024-08-28T10:52:35.602+0200] {dag.py:2705} INFO - Sync 1 DAGs
[2024-08-28T10:52:35.615+0200] {logging_mixin.py:137} INFO - [2024-08-28T10:52:35.615+0200] {dag.py:3456} INFO - Setting next_dagrun for example_weekday_branch_operator to 2024-08-27T00:00:00+00:00, run_after=2024-08-28T00:00:00+00:00
[2024-08-28T10:52:35.625+0200] {processor.py:175} INFO - Processing /Users/roselina/opt/anaconda3/envs/python37/lib/python3.7/site-packages/airflow/example_dags/example_branch_day_of_week_operator.py took 0.067 seconds
[2024-08-28T10:53:17.808+0200] {processor.py:153} INFO - Started process (PID=76228) to work on /Users/roselina/opt/anaconda3/envs/python37/lib/python3.7/site-packages/airflow/example_dags/example_branch_day_of_week_operator.py
[2024-08-28T10:53:17.810+0200] {processor.py:743} INFO - Processing file /Users/roselina/opt/anaconda3/envs/python37/lib/python3.7/site-packages/airflow/example_dags/example_branch_day_of_week_operator.py for tasks to queue
[2024-08-28T10:53:17.811+0200] {logging_mixin.py:137} INFO - [2024-08-28T10:53:17.811+0200] {dagbag.py:532} INFO - Filling up the DagBag from /Users/roselina/opt/anaconda3/envs/python37/lib/python3.7/site-packages/airflow/example_dags/example_branch_day_of_week_operator.py
[2024-08-28T10:53:17.831+0200] {processor.py:753} INFO - DAG(s) dict_keys(['example_weekday_branch_operator']) retrieved from /Users/roselina/opt/anaconda3/envs/python37/lib/python3.7/site-packages/airflow/example_dags/example_branch_day_of_week_operator.py
[2024-08-28T10:53:17.847+0200] {logging_mixin.py:137} INFO - [2024-08-28T10:53:17.847+0200] {dag.py:2705} INFO - Sync 1 DAGs
[2024-08-28T10:53:17.860+0200] {logging_mixin.py:137} INFO - [2024-08-28T10:53:17.860+0200] {dag.py:3456} INFO - Setting next_dagrun for example_weekday_branch_operator to 2024-08-27T00:00:00+00:00, run_after=2024-08-28T00:00:00+00:00
[2024-08-28T10:53:17.870+0200] {processor.py:175} INFO - Processing /Users/roselina/opt/anaconda3/envs/python37/lib/python3.7/site-packages/airflow/example_dags/example_branch_day_of_week_operator.py took 0.066 seconds
