[2024-08-28T10:11:33.641+0200] {processor.py:153} INFO - Started process (PID=74948) to work on /Users/roselina/opt/anaconda3/envs/python37/lib/python3.7/site-packages/airflow/example_dags/example_external_task_marker_dag.py
[2024-08-28T10:11:33.643+0200] {processor.py:743} INFO - Processing file /Users/roselina/opt/anaconda3/envs/python37/lib/python3.7/site-packages/airflow/example_dags/example_external_task_marker_dag.py for tasks to queue
[2024-08-28T10:11:33.644+0200] {logging_mixin.py:137} INFO - [2024-08-28T10:11:33.644+0200] {dagbag.py:532} INFO - Filling up the DagBag from /Users/roselina/opt/anaconda3/envs/python37/lib/python3.7/site-packages/airflow/example_dags/example_external_task_marker_dag.py
[2024-08-28T10:11:33.664+0200] {processor.py:753} INFO - DAG(s) dict_keys(['example_external_task_marker_parent', 'example_external_task_marker_child']) retrieved from /Users/roselina/opt/anaconda3/envs/python37/lib/python3.7/site-packages/airflow/example_dags/example_external_task_marker_dag.py
[2024-08-28T10:11:33.730+0200] {logging_mixin.py:137} INFO - [2024-08-28T10:11:33.730+0200] {manager.py:504} INFO - Created Permission View: can read on DAG:example_external_task_marker_parent
[2024-08-28T10:11:33.735+0200] {logging_mixin.py:137} INFO - [2024-08-28T10:11:33.735+0200] {manager.py:504} INFO - Created Permission View: can delete on DAG:example_external_task_marker_parent
[2024-08-28T10:11:33.738+0200] {logging_mixin.py:137} INFO - [2024-08-28T10:11:33.738+0200] {manager.py:504} INFO - Created Permission View: can edit on DAG:example_external_task_marker_parent
[2024-08-28T10:11:33.746+0200] {logging_mixin.py:137} INFO - [2024-08-28T10:11:33.746+0200] {manager.py:504} INFO - Created Permission View: can read on DAG:example_external_task_marker_child
[2024-08-28T10:11:33.749+0200] {logging_mixin.py:137} INFO - [2024-08-28T10:11:33.749+0200] {manager.py:504} INFO - Created Permission View: can delete on DAG:example_external_task_marker_child
[2024-08-28T10:11:33.752+0200] {logging_mixin.py:137} INFO - [2024-08-28T10:11:33.752+0200] {manager.py:504} INFO - Created Permission View: can edit on DAG:example_external_task_marker_child
[2024-08-28T10:11:33.753+0200] {logging_mixin.py:137} INFO - [2024-08-28T10:11:33.753+0200] {dag.py:2705} INFO - Sync 2 DAGs
[2024-08-28T10:11:33.760+0200] {logging_mixin.py:137} INFO - [2024-08-28T10:11:33.760+0200] {dag.py:2726} INFO - Creating ORM DAG for example_external_task_marker_parent
[2024-08-28T10:11:33.760+0200] {logging_mixin.py:137} INFO - [2024-08-28T10:11:33.760+0200] {dag.py:2726} INFO - Creating ORM DAG for example_external_task_marker_child
[2024-08-28T10:11:33.766+0200] {logging_mixin.py:137} INFO - [2024-08-28T10:11:33.766+0200] {dag.py:3456} INFO - Setting next_dagrun for example_external_task_marker_child to None, run_after=None
[2024-08-28T10:11:33.767+0200] {logging_mixin.py:137} INFO - [2024-08-28T10:11:33.767+0200] {dag.py:3456} INFO - Setting next_dagrun for example_external_task_marker_parent to None, run_after=None
[2024-08-28T10:11:33.777+0200] {processor.py:175} INFO - Processing /Users/roselina/opt/anaconda3/envs/python37/lib/python3.7/site-packages/airflow/example_dags/example_external_task_marker_dag.py took 0.141 seconds
[2024-08-28T10:12:15.106+0200] {processor.py:153} INFO - Started process (PID=75012) to work on /Users/roselina/opt/anaconda3/envs/python37/lib/python3.7/site-packages/airflow/example_dags/example_external_task_marker_dag.py
[2024-08-28T10:12:15.108+0200] {processor.py:743} INFO - Processing file /Users/roselina/opt/anaconda3/envs/python37/lib/python3.7/site-packages/airflow/example_dags/example_external_task_marker_dag.py for tasks to queue
[2024-08-28T10:12:15.109+0200] {logging_mixin.py:137} INFO - [2024-08-28T10:12:15.108+0200] {dagbag.py:532} INFO - Filling up the DagBag from /Users/roselina/opt/anaconda3/envs/python37/lib/python3.7/site-packages/airflow/example_dags/example_external_task_marker_dag.py
[2024-08-28T10:12:15.127+0200] {processor.py:753} INFO - DAG(s) dict_keys(['example_external_task_marker_parent', 'example_external_task_marker_child']) retrieved from /Users/roselina/opt/anaconda3/envs/python37/lib/python3.7/site-packages/airflow/example_dags/example_external_task_marker_dag.py
[2024-08-28T10:12:15.149+0200] {logging_mixin.py:137} INFO - [2024-08-28T10:12:15.149+0200] {dag.py:2705} INFO - Sync 2 DAGs
[2024-08-28T10:12:15.162+0200] {logging_mixin.py:137} INFO - [2024-08-28T10:12:15.162+0200] {dag.py:3456} INFO - Setting next_dagrun for example_external_task_marker_child to None, run_after=None
[2024-08-28T10:12:15.164+0200] {logging_mixin.py:137} INFO - [2024-08-28T10:12:15.164+0200] {dag.py:3456} INFO - Setting next_dagrun for example_external_task_marker_parent to None, run_after=None
[2024-08-28T10:12:15.174+0200] {processor.py:175} INFO - Processing /Users/roselina/opt/anaconda3/envs/python37/lib/python3.7/site-packages/airflow/example_dags/example_external_task_marker_dag.py took 0.073 seconds
[2024-08-28T10:12:57.549+0200] {processor.py:153} INFO - Started process (PID=75087) to work on /Users/roselina/opt/anaconda3/envs/python37/lib/python3.7/site-packages/airflow/example_dags/example_external_task_marker_dag.py
[2024-08-28T10:12:57.552+0200] {processor.py:743} INFO - Processing file /Users/roselina/opt/anaconda3/envs/python37/lib/python3.7/site-packages/airflow/example_dags/example_external_task_marker_dag.py for tasks to queue
[2024-08-28T10:12:57.553+0200] {logging_mixin.py:137} INFO - [2024-08-28T10:12:57.553+0200] {dagbag.py:532} INFO - Filling up the DagBag from /Users/roselina/opt/anaconda3/envs/python37/lib/python3.7/site-packages/airflow/example_dags/example_external_task_marker_dag.py
[2024-08-28T10:12:57.573+0200] {processor.py:753} INFO - DAG(s) dict_keys(['example_external_task_marker_parent', 'example_external_task_marker_child']) retrieved from /Users/roselina/opt/anaconda3/envs/python37/lib/python3.7/site-packages/airflow/example_dags/example_external_task_marker_dag.py
[2024-08-28T10:12:57.590+0200] {logging_mixin.py:137} INFO - [2024-08-28T10:12:57.590+0200] {dag.py:2705} INFO - Sync 2 DAGs
[2024-08-28T10:12:57.603+0200] {logging_mixin.py:137} INFO - [2024-08-28T10:12:57.603+0200] {dag.py:3456} INFO - Setting next_dagrun for example_external_task_marker_child to None, run_after=None
[2024-08-28T10:12:57.605+0200] {logging_mixin.py:137} INFO - [2024-08-28T10:12:57.605+0200] {dag.py:3456} INFO - Setting next_dagrun for example_external_task_marker_parent to None, run_after=None
[2024-08-28T10:12:57.614+0200] {processor.py:175} INFO - Processing /Users/roselina/opt/anaconda3/envs/python37/lib/python3.7/site-packages/airflow/example_dags/example_external_task_marker_dag.py took 0.070 seconds
[2024-08-28T10:13:38.794+0200] {processor.py:153} INFO - Started process (PID=75131) to work on /Users/roselina/opt/anaconda3/envs/python37/lib/python3.7/site-packages/airflow/example_dags/example_external_task_marker_dag.py
[2024-08-28T10:13:38.796+0200] {processor.py:743} INFO - Processing file /Users/roselina/opt/anaconda3/envs/python37/lib/python3.7/site-packages/airflow/example_dags/example_external_task_marker_dag.py for tasks to queue
[2024-08-28T10:13:38.797+0200] {logging_mixin.py:137} INFO - [2024-08-28T10:13:38.797+0200] {dagbag.py:532} INFO - Filling up the DagBag from /Users/roselina/opt/anaconda3/envs/python37/lib/python3.7/site-packages/airflow/example_dags/example_external_task_marker_dag.py
[2024-08-28T10:13:38.814+0200] {processor.py:753} INFO - DAG(s) dict_keys(['example_external_task_marker_parent', 'example_external_task_marker_child']) retrieved from /Users/roselina/opt/anaconda3/envs/python37/lib/python3.7/site-packages/airflow/example_dags/example_external_task_marker_dag.py
[2024-08-28T10:13:38.831+0200] {logging_mixin.py:137} INFO - [2024-08-28T10:13:38.831+0200] {dag.py:2705} INFO - Sync 2 DAGs
[2024-08-28T10:13:38.843+0200] {logging_mixin.py:137} INFO - [2024-08-28T10:13:38.843+0200] {dag.py:3456} INFO - Setting next_dagrun for example_external_task_marker_child to None, run_after=None
[2024-08-28T10:13:38.845+0200] {logging_mixin.py:137} INFO - [2024-08-28T10:13:38.845+0200] {dag.py:3456} INFO - Setting next_dagrun for example_external_task_marker_parent to None, run_after=None
[2024-08-28T10:13:38.854+0200] {processor.py:175} INFO - Processing /Users/roselina/opt/anaconda3/envs/python37/lib/python3.7/site-packages/airflow/example_dags/example_external_task_marker_dag.py took 0.064 seconds
[2024-08-28T10:14:22.115+0200] {processor.py:153} INFO - Started process (PID=75210) to work on /Users/roselina/opt/anaconda3/envs/python37/lib/python3.7/site-packages/airflow/example_dags/example_external_task_marker_dag.py
[2024-08-28T10:14:22.117+0200] {processor.py:743} INFO - Processing file /Users/roselina/opt/anaconda3/envs/python37/lib/python3.7/site-packages/airflow/example_dags/example_external_task_marker_dag.py for tasks to queue
[2024-08-28T10:14:22.118+0200] {logging_mixin.py:137} INFO - [2024-08-28T10:14:22.118+0200] {dagbag.py:532} INFO - Filling up the DagBag from /Users/roselina/opt/anaconda3/envs/python37/lib/python3.7/site-packages/airflow/example_dags/example_external_task_marker_dag.py
[2024-08-28T10:14:22.136+0200] {processor.py:753} INFO - DAG(s) dict_keys(['example_external_task_marker_child', 'example_external_task_marker_parent']) retrieved from /Users/roselina/opt/anaconda3/envs/python37/lib/python3.7/site-packages/airflow/example_dags/example_external_task_marker_dag.py
[2024-08-28T10:14:22.155+0200] {logging_mixin.py:137} INFO - [2024-08-28T10:14:22.155+0200] {dag.py:2705} INFO - Sync 2 DAGs
[2024-08-28T10:14:22.168+0200] {logging_mixin.py:137} INFO - [2024-08-28T10:14:22.168+0200] {dag.py:3456} INFO - Setting next_dagrun for example_external_task_marker_child to None, run_after=None
[2024-08-28T10:14:22.170+0200] {logging_mixin.py:137} INFO - [2024-08-28T10:14:22.169+0200] {dag.py:3456} INFO - Setting next_dagrun for example_external_task_marker_parent to None, run_after=None
[2024-08-28T10:14:22.179+0200] {processor.py:175} INFO - Processing /Users/roselina/opt/anaconda3/envs/python37/lib/python3.7/site-packages/airflow/example_dags/example_external_task_marker_dag.py took 0.068 seconds
[2024-08-28T10:15:03.401+0200] {processor.py:153} INFO - Started process (PID=75257) to work on /Users/roselina/opt/anaconda3/envs/python37/lib/python3.7/site-packages/airflow/example_dags/example_external_task_marker_dag.py
[2024-08-28T10:15:03.402+0200] {processor.py:743} INFO - Processing file /Users/roselina/opt/anaconda3/envs/python37/lib/python3.7/site-packages/airflow/example_dags/example_external_task_marker_dag.py for tasks to queue
[2024-08-28T10:15:03.403+0200] {logging_mixin.py:137} INFO - [2024-08-28T10:15:03.403+0200] {dagbag.py:532} INFO - Filling up the DagBag from /Users/roselina/opt/anaconda3/envs/python37/lib/python3.7/site-packages/airflow/example_dags/example_external_task_marker_dag.py
[2024-08-28T10:15:03.413+0200] {processor.py:753} INFO - DAG(s) dict_keys(['example_external_task_marker_child', 'example_external_task_marker_parent']) retrieved from /Users/roselina/opt/anaconda3/envs/python37/lib/python3.7/site-packages/airflow/example_dags/example_external_task_marker_dag.py
[2024-08-28T10:15:03.429+0200] {logging_mixin.py:137} INFO - [2024-08-28T10:15:03.428+0200] {dag.py:2705} INFO - Sync 2 DAGs
[2024-08-28T10:15:03.442+0200] {logging_mixin.py:137} INFO - [2024-08-28T10:15:03.441+0200] {dag.py:3456} INFO - Setting next_dagrun for example_external_task_marker_child to None, run_after=None
[2024-08-28T10:15:03.444+0200] {logging_mixin.py:137} INFO - [2024-08-28T10:15:03.443+0200] {dag.py:3456} INFO - Setting next_dagrun for example_external_task_marker_parent to None, run_after=None
[2024-08-28T10:15:03.464+0200] {processor.py:175} INFO - Processing /Users/roselina/opt/anaconda3/envs/python37/lib/python3.7/site-packages/airflow/example_dags/example_external_task_marker_dag.py took 0.065 seconds
[2024-08-28T10:15:44.777+0200] {processor.py:153} INFO - Started process (PID=75301) to work on /Users/roselina/opt/anaconda3/envs/python37/lib/python3.7/site-packages/airflow/example_dags/example_external_task_marker_dag.py
[2024-08-28T10:15:44.778+0200] {processor.py:743} INFO - Processing file /Users/roselina/opt/anaconda3/envs/python37/lib/python3.7/site-packages/airflow/example_dags/example_external_task_marker_dag.py for tasks to queue
[2024-08-28T10:15:44.779+0200] {logging_mixin.py:137} INFO - [2024-08-28T10:15:44.779+0200] {dagbag.py:532} INFO - Filling up the DagBag from /Users/roselina/opt/anaconda3/envs/python37/lib/python3.7/site-packages/airflow/example_dags/example_external_task_marker_dag.py
[2024-08-28T10:15:44.792+0200] {processor.py:753} INFO - DAG(s) dict_keys(['example_external_task_marker_child', 'example_external_task_marker_parent']) retrieved from /Users/roselina/opt/anaconda3/envs/python37/lib/python3.7/site-packages/airflow/example_dags/example_external_task_marker_dag.py
[2024-08-28T10:15:44.807+0200] {logging_mixin.py:137} INFO - [2024-08-28T10:15:44.807+0200] {dag.py:2705} INFO - Sync 2 DAGs
[2024-08-28T10:15:44.820+0200] {logging_mixin.py:137} INFO - [2024-08-28T10:15:44.820+0200] {dag.py:3456} INFO - Setting next_dagrun for example_external_task_marker_child to None, run_after=None
[2024-08-28T10:15:44.822+0200] {logging_mixin.py:137} INFO - [2024-08-28T10:15:44.822+0200] {dag.py:3456} INFO - Setting next_dagrun for example_external_task_marker_parent to None, run_after=None
[2024-08-28T10:15:44.838+0200] {processor.py:175} INFO - Processing /Users/roselina/opt/anaconda3/envs/python37/lib/python3.7/site-packages/airflow/example_dags/example_external_task_marker_dag.py took 0.064 seconds
[2024-08-28T10:16:24.212+0200] {processor.py:153} INFO - Started process (PID=75346) to work on /Users/roselina/opt/anaconda3/envs/python37/lib/python3.7/site-packages/airflow/example_dags/example_external_task_marker_dag.py
[2024-08-28T10:16:24.213+0200] {processor.py:743} INFO - Processing file /Users/roselina/opt/anaconda3/envs/python37/lib/python3.7/site-packages/airflow/example_dags/example_external_task_marker_dag.py for tasks to queue
[2024-08-28T10:16:24.214+0200] {logging_mixin.py:137} INFO - [2024-08-28T10:16:24.214+0200] {dagbag.py:532} INFO - Filling up the DagBag from /Users/roselina/opt/anaconda3/envs/python37/lib/python3.7/site-packages/airflow/example_dags/example_external_task_marker_dag.py
[2024-08-28T10:16:24.232+0200] {processor.py:753} INFO - DAG(s) dict_keys(['example_external_task_marker_child', 'example_external_task_marker_parent']) retrieved from /Users/roselina/opt/anaconda3/envs/python37/lib/python3.7/site-packages/airflow/example_dags/example_external_task_marker_dag.py
[2024-08-28T10:16:24.247+0200] {logging_mixin.py:137} INFO - [2024-08-28T10:16:24.247+0200] {dag.py:2705} INFO - Sync 2 DAGs
[2024-08-28T10:16:24.259+0200] {logging_mixin.py:137} INFO - [2024-08-28T10:16:24.259+0200] {dag.py:3456} INFO - Setting next_dagrun for example_external_task_marker_child to None, run_after=None
[2024-08-28T10:16:24.261+0200] {logging_mixin.py:137} INFO - [2024-08-28T10:16:24.261+0200] {dag.py:3456} INFO - Setting next_dagrun for example_external_task_marker_parent to None, run_after=None
[2024-08-28T10:16:24.270+0200] {processor.py:175} INFO - Processing /Users/roselina/opt/anaconda3/envs/python37/lib/python3.7/site-packages/airflow/example_dags/example_external_task_marker_dag.py took 0.062 seconds
[2024-08-28T10:17:06.032+0200] {processor.py:153} INFO - Started process (PID=75391) to work on /Users/roselina/opt/anaconda3/envs/python37/lib/python3.7/site-packages/airflow/example_dags/example_external_task_marker_dag.py
[2024-08-28T10:17:06.035+0200] {processor.py:743} INFO - Processing file /Users/roselina/opt/anaconda3/envs/python37/lib/python3.7/site-packages/airflow/example_dags/example_external_task_marker_dag.py for tasks to queue
[2024-08-28T10:17:06.036+0200] {logging_mixin.py:137} INFO - [2024-08-28T10:17:06.036+0200] {dagbag.py:532} INFO - Filling up the DagBag from /Users/roselina/opt/anaconda3/envs/python37/lib/python3.7/site-packages/airflow/example_dags/example_external_task_marker_dag.py
[2024-08-28T10:17:06.054+0200] {processor.py:753} INFO - DAG(s) dict_keys(['example_external_task_marker_parent', 'example_external_task_marker_child']) retrieved from /Users/roselina/opt/anaconda3/envs/python37/lib/python3.7/site-packages/airflow/example_dags/example_external_task_marker_dag.py
[2024-08-28T10:17:06.070+0200] {logging_mixin.py:137} INFO - [2024-08-28T10:17:06.070+0200] {dag.py:2705} INFO - Sync 2 DAGs
[2024-08-28T10:17:06.082+0200] {logging_mixin.py:137} INFO - [2024-08-28T10:17:06.082+0200] {dag.py:3456} INFO - Setting next_dagrun for example_external_task_marker_child to None, run_after=None
[2024-08-28T10:17:06.084+0200] {logging_mixin.py:137} INFO - [2024-08-28T10:17:06.084+0200] {dag.py:3456} INFO - Setting next_dagrun for example_external_task_marker_parent to None, run_after=None
[2024-08-28T10:17:06.093+0200] {processor.py:175} INFO - Processing /Users/roselina/opt/anaconda3/envs/python37/lib/python3.7/site-packages/airflow/example_dags/example_external_task_marker_dag.py took 0.064 seconds
[2024-08-28T10:17:46.668+0200] {processor.py:153} INFO - Started process (PID=75447) to work on /Users/roselina/opt/anaconda3/envs/python37/lib/python3.7/site-packages/airflow/example_dags/example_external_task_marker_dag.py
[2024-08-28T10:17:46.670+0200] {processor.py:743} INFO - Processing file /Users/roselina/opt/anaconda3/envs/python37/lib/python3.7/site-packages/airflow/example_dags/example_external_task_marker_dag.py for tasks to queue
[2024-08-28T10:17:46.671+0200] {logging_mixin.py:137} INFO - [2024-08-28T10:17:46.670+0200] {dagbag.py:532} INFO - Filling up the DagBag from /Users/roselina/opt/anaconda3/envs/python37/lib/python3.7/site-packages/airflow/example_dags/example_external_task_marker_dag.py
[2024-08-28T10:17:46.688+0200] {processor.py:753} INFO - DAG(s) dict_keys(['example_external_task_marker_child', 'example_external_task_marker_parent']) retrieved from /Users/roselina/opt/anaconda3/envs/python37/lib/python3.7/site-packages/airflow/example_dags/example_external_task_marker_dag.py
[2024-08-28T10:17:46.707+0200] {logging_mixin.py:137} INFO - [2024-08-28T10:17:46.707+0200] {dag.py:2705} INFO - Sync 2 DAGs
[2024-08-28T10:17:46.720+0200] {logging_mixin.py:137} INFO - [2024-08-28T10:17:46.720+0200] {dag.py:3456} INFO - Setting next_dagrun for example_external_task_marker_child to None, run_after=None
[2024-08-28T10:17:46.722+0200] {logging_mixin.py:137} INFO - [2024-08-28T10:17:46.721+0200] {dag.py:3456} INFO - Setting next_dagrun for example_external_task_marker_parent to None, run_after=None
[2024-08-28T10:17:46.730+0200] {processor.py:175} INFO - Processing /Users/roselina/opt/anaconda3/envs/python37/lib/python3.7/site-packages/airflow/example_dags/example_external_task_marker_dag.py took 0.068 seconds
[2024-08-28T10:44:09.945+0200] {processor.py:153} INFO - Started process (PID=75543) to work on /Users/roselina/opt/anaconda3/envs/python37/lib/python3.7/site-packages/airflow/example_dags/example_external_task_marker_dag.py
[2024-08-28T10:44:09.947+0200] {processor.py:743} INFO - Processing file /Users/roselina/opt/anaconda3/envs/python37/lib/python3.7/site-packages/airflow/example_dags/example_external_task_marker_dag.py for tasks to queue
[2024-08-28T10:44:09.948+0200] {logging_mixin.py:137} INFO - [2024-08-28T10:44:09.947+0200] {dagbag.py:532} INFO - Filling up the DagBag from /Users/roselina/opt/anaconda3/envs/python37/lib/python3.7/site-packages/airflow/example_dags/example_external_task_marker_dag.py
[2024-08-28T10:44:09.965+0200] {processor.py:753} INFO - DAG(s) dict_keys(['example_external_task_marker_child', 'example_external_task_marker_parent']) retrieved from /Users/roselina/opt/anaconda3/envs/python37/lib/python3.7/site-packages/airflow/example_dags/example_external_task_marker_dag.py
[2024-08-28T10:44:09.985+0200] {logging_mixin.py:137} INFO - [2024-08-28T10:44:09.985+0200] {dag.py:2705} INFO - Sync 2 DAGs
[2024-08-28T10:44:09.998+0200] {logging_mixin.py:137} INFO - [2024-08-28T10:44:09.997+0200] {dag.py:3456} INFO - Setting next_dagrun for example_external_task_marker_child to None, run_after=None
[2024-08-28T10:44:09.999+0200] {logging_mixin.py:137} INFO - [2024-08-28T10:44:09.999+0200] {dag.py:3456} INFO - Setting next_dagrun for example_external_task_marker_parent to None, run_after=None
[2024-08-28T10:44:10.009+0200] {processor.py:175} INFO - Processing /Users/roselina/opt/anaconda3/envs/python37/lib/python3.7/site-packages/airflow/example_dags/example_external_task_marker_dag.py took 0.068 seconds
[2024-08-28T10:44:52.632+0200] {processor.py:153} INFO - Started process (PID=75605) to work on /Users/roselina/opt/anaconda3/envs/python37/lib/python3.7/site-packages/airflow/example_dags/example_external_task_marker_dag.py
[2024-08-28T10:44:52.634+0200] {processor.py:743} INFO - Processing file /Users/roselina/opt/anaconda3/envs/python37/lib/python3.7/site-packages/airflow/example_dags/example_external_task_marker_dag.py for tasks to queue
[2024-08-28T10:44:52.635+0200] {logging_mixin.py:137} INFO - [2024-08-28T10:44:52.635+0200] {dagbag.py:532} INFO - Filling up the DagBag from /Users/roselina/opt/anaconda3/envs/python37/lib/python3.7/site-packages/airflow/example_dags/example_external_task_marker_dag.py
[2024-08-28T10:44:52.656+0200] {processor.py:753} INFO - DAG(s) dict_keys(['example_external_task_marker_parent', 'example_external_task_marker_child']) retrieved from /Users/roselina/opt/anaconda3/envs/python37/lib/python3.7/site-packages/airflow/example_dags/example_external_task_marker_dag.py
[2024-08-28T10:44:52.674+0200] {logging_mixin.py:137} INFO - [2024-08-28T10:44:52.674+0200] {dag.py:2705} INFO - Sync 2 DAGs
[2024-08-28T10:44:52.686+0200] {logging_mixin.py:137} INFO - [2024-08-28T10:44:52.686+0200] {dag.py:3456} INFO - Setting next_dagrun for example_external_task_marker_child to None, run_after=None
[2024-08-28T10:44:52.688+0200] {logging_mixin.py:137} INFO - [2024-08-28T10:44:52.687+0200] {dag.py:3456} INFO - Setting next_dagrun for example_external_task_marker_parent to None, run_after=None
[2024-08-28T10:44:52.697+0200] {processor.py:175} INFO - Processing /Users/roselina/opt/anaconda3/envs/python37/lib/python3.7/site-packages/airflow/example_dags/example_external_task_marker_dag.py took 0.069 seconds
[2024-08-28T10:45:34.098+0200] {processor.py:153} INFO - Started process (PID=75653) to work on /Users/roselina/opt/anaconda3/envs/python37/lib/python3.7/site-packages/airflow/example_dags/example_external_task_marker_dag.py
[2024-08-28T10:45:34.101+0200] {processor.py:743} INFO - Processing file /Users/roselina/opt/anaconda3/envs/python37/lib/python3.7/site-packages/airflow/example_dags/example_external_task_marker_dag.py for tasks to queue
[2024-08-28T10:45:34.102+0200] {logging_mixin.py:137} INFO - [2024-08-28T10:45:34.102+0200] {dagbag.py:532} INFO - Filling up the DagBag from /Users/roselina/opt/anaconda3/envs/python37/lib/python3.7/site-packages/airflow/example_dags/example_external_task_marker_dag.py
[2024-08-28T10:45:34.130+0200] {processor.py:753} INFO - DAG(s) dict_keys(['example_external_task_marker_parent', 'example_external_task_marker_child']) retrieved from /Users/roselina/opt/anaconda3/envs/python37/lib/python3.7/site-packages/airflow/example_dags/example_external_task_marker_dag.py
[2024-08-28T10:45:34.149+0200] {logging_mixin.py:137} INFO - [2024-08-28T10:45:34.149+0200] {dag.py:2705} INFO - Sync 2 DAGs
[2024-08-28T10:45:34.162+0200] {logging_mixin.py:137} INFO - [2024-08-28T10:45:34.162+0200] {dag.py:3456} INFO - Setting next_dagrun for example_external_task_marker_child to None, run_after=None
[2024-08-28T10:45:34.164+0200] {logging_mixin.py:137} INFO - [2024-08-28T10:45:34.164+0200] {dag.py:3456} INFO - Setting next_dagrun for example_external_task_marker_parent to None, run_after=None
[2024-08-28T10:45:34.173+0200] {processor.py:175} INFO - Processing /Users/roselina/opt/anaconda3/envs/python37/lib/python3.7/site-packages/airflow/example_dags/example_external_task_marker_dag.py took 0.080 seconds
[2024-08-28T10:46:14.247+0200] {processor.py:153} INFO - Started process (PID=75698) to work on /Users/roselina/opt/anaconda3/envs/python37/lib/python3.7/site-packages/airflow/example_dags/example_external_task_marker_dag.py
[2024-08-28T10:46:14.249+0200] {processor.py:743} INFO - Processing file /Users/roselina/opt/anaconda3/envs/python37/lib/python3.7/site-packages/airflow/example_dags/example_external_task_marker_dag.py for tasks to queue
[2024-08-28T10:46:14.250+0200] {logging_mixin.py:137} INFO - [2024-08-28T10:46:14.250+0200] {dagbag.py:532} INFO - Filling up the DagBag from /Users/roselina/opt/anaconda3/envs/python37/lib/python3.7/site-packages/airflow/example_dags/example_external_task_marker_dag.py
[2024-08-28T10:46:14.269+0200] {processor.py:753} INFO - DAG(s) dict_keys(['example_external_task_marker_child', 'example_external_task_marker_parent']) retrieved from /Users/roselina/opt/anaconda3/envs/python37/lib/python3.7/site-packages/airflow/example_dags/example_external_task_marker_dag.py
[2024-08-28T10:46:14.289+0200] {logging_mixin.py:137} INFO - [2024-08-28T10:46:14.289+0200] {dag.py:2705} INFO - Sync 2 DAGs
[2024-08-28T10:46:14.302+0200] {logging_mixin.py:137} INFO - [2024-08-28T10:46:14.302+0200] {dag.py:3456} INFO - Setting next_dagrun for example_external_task_marker_child to None, run_after=None
[2024-08-28T10:46:14.303+0200] {logging_mixin.py:137} INFO - [2024-08-28T10:46:14.303+0200] {dag.py:3456} INFO - Setting next_dagrun for example_external_task_marker_parent to None, run_after=None
[2024-08-28T10:46:14.313+0200] {processor.py:175} INFO - Processing /Users/roselina/opt/anaconda3/envs/python37/lib/python3.7/site-packages/airflow/example_dags/example_external_task_marker_dag.py took 0.070 seconds
[2024-08-28T10:46:55.585+0200] {processor.py:153} INFO - Started process (PID=75752) to work on /Users/roselina/opt/anaconda3/envs/python37/lib/python3.7/site-packages/airflow/example_dags/example_external_task_marker_dag.py
[2024-08-28T10:46:55.587+0200] {processor.py:743} INFO - Processing file /Users/roselina/opt/anaconda3/envs/python37/lib/python3.7/site-packages/airflow/example_dags/example_external_task_marker_dag.py for tasks to queue
[2024-08-28T10:46:55.589+0200] {logging_mixin.py:137} INFO - [2024-08-28T10:46:55.588+0200] {dagbag.py:532} INFO - Filling up the DagBag from /Users/roselina/opt/anaconda3/envs/python37/lib/python3.7/site-packages/airflow/example_dags/example_external_task_marker_dag.py
[2024-08-28T10:46:55.612+0200] {processor.py:753} INFO - DAG(s) dict_keys(['example_external_task_marker_child', 'example_external_task_marker_parent']) retrieved from /Users/roselina/opt/anaconda3/envs/python37/lib/python3.7/site-packages/airflow/example_dags/example_external_task_marker_dag.py
[2024-08-28T10:46:55.632+0200] {logging_mixin.py:137} INFO - [2024-08-28T10:46:55.632+0200] {dag.py:2705} INFO - Sync 2 DAGs
[2024-08-28T10:46:55.645+0200] {logging_mixin.py:137} INFO - [2024-08-28T10:46:55.645+0200] {dag.py:3456} INFO - Setting next_dagrun for example_external_task_marker_child to None, run_after=None
[2024-08-28T10:46:55.647+0200] {logging_mixin.py:137} INFO - [2024-08-28T10:46:55.647+0200] {dag.py:3456} INFO - Setting next_dagrun for example_external_task_marker_parent to None, run_after=None
[2024-08-28T10:46:55.655+0200] {processor.py:175} INFO - Processing /Users/roselina/opt/anaconda3/envs/python37/lib/python3.7/site-packages/airflow/example_dags/example_external_task_marker_dag.py took 0.075 seconds
[2024-08-28T10:47:37.947+0200] {processor.py:153} INFO - Started process (PID=75799) to work on /Users/roselina/opt/anaconda3/envs/python37/lib/python3.7/site-packages/airflow/example_dags/example_external_task_marker_dag.py
[2024-08-28T10:47:37.949+0200] {processor.py:743} INFO - Processing file /Users/roselina/opt/anaconda3/envs/python37/lib/python3.7/site-packages/airflow/example_dags/example_external_task_marker_dag.py for tasks to queue
[2024-08-28T10:47:37.951+0200] {logging_mixin.py:137} INFO - [2024-08-28T10:47:37.950+0200] {dagbag.py:532} INFO - Filling up the DagBag from /Users/roselina/opt/anaconda3/envs/python37/lib/python3.7/site-packages/airflow/example_dags/example_external_task_marker_dag.py
[2024-08-28T10:47:37.966+0200] {processor.py:753} INFO - DAG(s) dict_keys(['example_external_task_marker_child', 'example_external_task_marker_parent']) retrieved from /Users/roselina/opt/anaconda3/envs/python37/lib/python3.7/site-packages/airflow/example_dags/example_external_task_marker_dag.py
[2024-08-28T10:47:37.986+0200] {logging_mixin.py:137} INFO - [2024-08-28T10:47:37.985+0200] {dag.py:2705} INFO - Sync 2 DAGs
[2024-08-28T10:47:37.999+0200] {logging_mixin.py:137} INFO - [2024-08-28T10:47:37.999+0200] {dag.py:3456} INFO - Setting next_dagrun for example_external_task_marker_child to None, run_after=None
[2024-08-28T10:47:38.001+0200] {logging_mixin.py:137} INFO - [2024-08-28T10:47:38.001+0200] {dag.py:3456} INFO - Setting next_dagrun for example_external_task_marker_parent to None, run_after=None
[2024-08-28T10:47:38.011+0200] {processor.py:175} INFO - Processing /Users/roselina/opt/anaconda3/envs/python37/lib/python3.7/site-packages/airflow/example_dags/example_external_task_marker_dag.py took 0.067 seconds
[2024-08-28T10:48:19.396+0200] {processor.py:153} INFO - Started process (PID=75863) to work on /Users/roselina/opt/anaconda3/envs/python37/lib/python3.7/site-packages/airflow/example_dags/example_external_task_marker_dag.py
[2024-08-28T10:48:19.410+0200] {processor.py:743} INFO - Processing file /Users/roselina/opt/anaconda3/envs/python37/lib/python3.7/site-packages/airflow/example_dags/example_external_task_marker_dag.py for tasks to queue
[2024-08-28T10:48:19.412+0200] {logging_mixin.py:137} INFO - [2024-08-28T10:48:19.412+0200] {dagbag.py:532} INFO - Filling up the DagBag from /Users/roselina/opt/anaconda3/envs/python37/lib/python3.7/site-packages/airflow/example_dags/example_external_task_marker_dag.py
[2024-08-28T10:48:19.431+0200] {processor.py:753} INFO - DAG(s) dict_keys(['example_external_task_marker_child', 'example_external_task_marker_parent']) retrieved from /Users/roselina/opt/anaconda3/envs/python37/lib/python3.7/site-packages/airflow/example_dags/example_external_task_marker_dag.py
[2024-08-28T10:48:19.456+0200] {logging_mixin.py:137} INFO - [2024-08-28T10:48:19.456+0200] {dag.py:2705} INFO - Sync 2 DAGs
[2024-08-28T10:48:19.468+0200] {logging_mixin.py:137} INFO - [2024-08-28T10:48:19.468+0200] {dag.py:3456} INFO - Setting next_dagrun for example_external_task_marker_child to None, run_after=None
[2024-08-28T10:48:19.470+0200] {logging_mixin.py:137} INFO - [2024-08-28T10:48:19.469+0200] {dag.py:3456} INFO - Setting next_dagrun for example_external_task_marker_parent to None, run_after=None
[2024-08-28T10:48:19.479+0200] {processor.py:175} INFO - Processing /Users/roselina/opt/anaconda3/envs/python37/lib/python3.7/site-packages/airflow/example_dags/example_external_task_marker_dag.py took 0.087 seconds
[2024-08-28T10:49:00.870+0200] {processor.py:153} INFO - Started process (PID=75921) to work on /Users/roselina/opt/anaconda3/envs/python37/lib/python3.7/site-packages/airflow/example_dags/example_external_task_marker_dag.py
[2024-08-28T10:49:00.872+0200] {processor.py:743} INFO - Processing file /Users/roselina/opt/anaconda3/envs/python37/lib/python3.7/site-packages/airflow/example_dags/example_external_task_marker_dag.py for tasks to queue
[2024-08-28T10:49:00.874+0200] {logging_mixin.py:137} INFO - [2024-08-28T10:49:00.873+0200] {dagbag.py:532} INFO - Filling up the DagBag from /Users/roselina/opt/anaconda3/envs/python37/lib/python3.7/site-packages/airflow/example_dags/example_external_task_marker_dag.py
[2024-08-28T10:49:00.893+0200] {processor.py:753} INFO - DAG(s) dict_keys(['example_external_task_marker_parent', 'example_external_task_marker_child']) retrieved from /Users/roselina/opt/anaconda3/envs/python37/lib/python3.7/site-packages/airflow/example_dags/example_external_task_marker_dag.py
[2024-08-28T10:49:00.911+0200] {logging_mixin.py:137} INFO - [2024-08-28T10:49:00.911+0200] {dag.py:2705} INFO - Sync 2 DAGs
[2024-08-28T10:49:00.925+0200] {logging_mixin.py:137} INFO - [2024-08-28T10:49:00.924+0200] {dag.py:3456} INFO - Setting next_dagrun for example_external_task_marker_child to None, run_after=None
[2024-08-28T10:49:00.928+0200] {logging_mixin.py:137} INFO - [2024-08-28T10:49:00.927+0200] {dag.py:3456} INFO - Setting next_dagrun for example_external_task_marker_parent to None, run_after=None
[2024-08-28T10:49:00.938+0200] {processor.py:175} INFO - Processing /Users/roselina/opt/anaconda3/envs/python37/lib/python3.7/site-packages/airflow/example_dags/example_external_task_marker_dag.py took 0.074 seconds
[2024-08-28T10:49:41.942+0200] {processor.py:153} INFO - Started process (PID=75966) to work on /Users/roselina/opt/anaconda3/envs/python37/lib/python3.7/site-packages/airflow/example_dags/example_external_task_marker_dag.py
[2024-08-28T10:49:41.944+0200] {processor.py:743} INFO - Processing file /Users/roselina/opt/anaconda3/envs/python37/lib/python3.7/site-packages/airflow/example_dags/example_external_task_marker_dag.py for tasks to queue
[2024-08-28T10:49:41.945+0200] {logging_mixin.py:137} INFO - [2024-08-28T10:49:41.945+0200] {dagbag.py:532} INFO - Filling up the DagBag from /Users/roselina/opt/anaconda3/envs/python37/lib/python3.7/site-packages/airflow/example_dags/example_external_task_marker_dag.py
[2024-08-28T10:49:41.963+0200] {processor.py:753} INFO - DAG(s) dict_keys(['example_external_task_marker_parent', 'example_external_task_marker_child']) retrieved from /Users/roselina/opt/anaconda3/envs/python37/lib/python3.7/site-packages/airflow/example_dags/example_external_task_marker_dag.py
[2024-08-28T10:49:41.983+0200] {logging_mixin.py:137} INFO - [2024-08-28T10:49:41.982+0200] {dag.py:2705} INFO - Sync 2 DAGs
[2024-08-28T10:49:42.002+0200] {logging_mixin.py:137} INFO - [2024-08-28T10:49:42.001+0200] {dag.py:3456} INFO - Setting next_dagrun for example_external_task_marker_child to None, run_after=None
[2024-08-28T10:49:42.003+0200] {logging_mixin.py:137} INFO - [2024-08-28T10:49:42.003+0200] {dag.py:3456} INFO - Setting next_dagrun for example_external_task_marker_parent to None, run_after=None
[2024-08-28T10:49:42.013+0200] {processor.py:175} INFO - Processing /Users/roselina/opt/anaconda3/envs/python37/lib/python3.7/site-packages/airflow/example_dags/example_external_task_marker_dag.py took 0.075 seconds
[2024-08-28T10:50:22.578+0200] {processor.py:153} INFO - Started process (PID=76011) to work on /Users/roselina/opt/anaconda3/envs/python37/lib/python3.7/site-packages/airflow/example_dags/example_external_task_marker_dag.py
[2024-08-28T10:50:22.580+0200] {processor.py:743} INFO - Processing file /Users/roselina/opt/anaconda3/envs/python37/lib/python3.7/site-packages/airflow/example_dags/example_external_task_marker_dag.py for tasks to queue
[2024-08-28T10:50:22.581+0200] {logging_mixin.py:137} INFO - [2024-08-28T10:50:22.580+0200] {dagbag.py:532} INFO - Filling up the DagBag from /Users/roselina/opt/anaconda3/envs/python37/lib/python3.7/site-packages/airflow/example_dags/example_external_task_marker_dag.py
[2024-08-28T10:50:22.595+0200] {processor.py:753} INFO - DAG(s) dict_keys(['example_external_task_marker_parent', 'example_external_task_marker_child']) retrieved from /Users/roselina/opt/anaconda3/envs/python37/lib/python3.7/site-packages/airflow/example_dags/example_external_task_marker_dag.py
[2024-08-28T10:50:22.610+0200] {logging_mixin.py:137} INFO - [2024-08-28T10:50:22.610+0200] {dag.py:2705} INFO - Sync 2 DAGs
[2024-08-28T10:50:22.622+0200] {logging_mixin.py:137} INFO - [2024-08-28T10:50:22.622+0200] {dag.py:3456} INFO - Setting next_dagrun for example_external_task_marker_child to None, run_after=None
[2024-08-28T10:50:22.624+0200] {logging_mixin.py:137} INFO - [2024-08-28T10:50:22.624+0200] {dag.py:3456} INFO - Setting next_dagrun for example_external_task_marker_parent to None, run_after=None
[2024-08-28T10:50:22.633+0200] {processor.py:175} INFO - Processing /Users/roselina/opt/anaconda3/envs/python37/lib/python3.7/site-packages/airflow/example_dags/example_external_task_marker_dag.py took 0.057 seconds
[2024-08-28T10:51:03.525+0200] {processor.py:153} INFO - Started process (PID=76064) to work on /Users/roselina/opt/anaconda3/envs/python37/lib/python3.7/site-packages/airflow/example_dags/example_external_task_marker_dag.py
[2024-08-28T10:51:03.527+0200] {processor.py:743} INFO - Processing file /Users/roselina/opt/anaconda3/envs/python37/lib/python3.7/site-packages/airflow/example_dags/example_external_task_marker_dag.py for tasks to queue
[2024-08-28T10:51:03.529+0200] {logging_mixin.py:137} INFO - [2024-08-28T10:51:03.528+0200] {dagbag.py:532} INFO - Filling up the DagBag from /Users/roselina/opt/anaconda3/envs/python37/lib/python3.7/site-packages/airflow/example_dags/example_external_task_marker_dag.py
[2024-08-28T10:51:03.547+0200] {processor.py:753} INFO - DAG(s) dict_keys(['example_external_task_marker_parent', 'example_external_task_marker_child']) retrieved from /Users/roselina/opt/anaconda3/envs/python37/lib/python3.7/site-packages/airflow/example_dags/example_external_task_marker_dag.py
[2024-08-28T10:51:03.568+0200] {logging_mixin.py:137} INFO - [2024-08-28T10:51:03.568+0200] {dag.py:2705} INFO - Sync 2 DAGs
[2024-08-28T10:51:03.581+0200] {logging_mixin.py:137} INFO - [2024-08-28T10:51:03.581+0200] {dag.py:3456} INFO - Setting next_dagrun for example_external_task_marker_child to None, run_after=None
[2024-08-28T10:51:03.583+0200] {logging_mixin.py:137} INFO - [2024-08-28T10:51:03.583+0200] {dag.py:3456} INFO - Setting next_dagrun for example_external_task_marker_parent to None, run_after=None
[2024-08-28T10:51:03.592+0200] {processor.py:175} INFO - Processing /Users/roselina/opt/anaconda3/envs/python37/lib/python3.7/site-packages/airflow/example_dags/example_external_task_marker_dag.py took 0.071 seconds
[2024-08-28T10:51:45.890+0200] {processor.py:153} INFO - Started process (PID=76117) to work on /Users/roselina/opt/anaconda3/envs/python37/lib/python3.7/site-packages/airflow/example_dags/example_external_task_marker_dag.py
[2024-08-28T10:51:45.892+0200] {processor.py:743} INFO - Processing file /Users/roselina/opt/anaconda3/envs/python37/lib/python3.7/site-packages/airflow/example_dags/example_external_task_marker_dag.py for tasks to queue
[2024-08-28T10:51:45.894+0200] {logging_mixin.py:137} INFO - [2024-08-28T10:51:45.893+0200] {dagbag.py:532} INFO - Filling up the DagBag from /Users/roselina/opt/anaconda3/envs/python37/lib/python3.7/site-packages/airflow/example_dags/example_external_task_marker_dag.py
[2024-08-28T10:51:45.922+0200] {processor.py:753} INFO - DAG(s) dict_keys(['example_external_task_marker_child', 'example_external_task_marker_parent']) retrieved from /Users/roselina/opt/anaconda3/envs/python37/lib/python3.7/site-packages/airflow/example_dags/example_external_task_marker_dag.py
[2024-08-28T10:51:45.942+0200] {logging_mixin.py:137} INFO - [2024-08-28T10:51:45.941+0200] {dag.py:2705} INFO - Sync 2 DAGs
[2024-08-28T10:51:45.955+0200] {logging_mixin.py:137} INFO - [2024-08-28T10:51:45.955+0200] {dag.py:3456} INFO - Setting next_dagrun for example_external_task_marker_child to None, run_after=None
[2024-08-28T10:51:45.957+0200] {logging_mixin.py:137} INFO - [2024-08-28T10:51:45.957+0200] {dag.py:3456} INFO - Setting next_dagrun for example_external_task_marker_parent to None, run_after=None
[2024-08-28T10:51:45.965+0200] {processor.py:175} INFO - Processing /Users/roselina/opt/anaconda3/envs/python37/lib/python3.7/site-packages/airflow/example_dags/example_external_task_marker_dag.py took 0.080 seconds
[2024-08-28T10:52:25.961+0200] {processor.py:153} INFO - Started process (PID=76171) to work on /Users/roselina/opt/anaconda3/envs/python37/lib/python3.7/site-packages/airflow/example_dags/example_external_task_marker_dag.py
[2024-08-28T10:52:25.964+0200] {processor.py:743} INFO - Processing file /Users/roselina/opt/anaconda3/envs/python37/lib/python3.7/site-packages/airflow/example_dags/example_external_task_marker_dag.py for tasks to queue
[2024-08-28T10:52:25.965+0200] {logging_mixin.py:137} INFO - [2024-08-28T10:52:25.965+0200] {dagbag.py:532} INFO - Filling up the DagBag from /Users/roselina/opt/anaconda3/envs/python37/lib/python3.7/site-packages/airflow/example_dags/example_external_task_marker_dag.py
[2024-08-28T10:52:25.983+0200] {processor.py:753} INFO - DAG(s) dict_keys(['example_external_task_marker_child', 'example_external_task_marker_parent']) retrieved from /Users/roselina/opt/anaconda3/envs/python37/lib/python3.7/site-packages/airflow/example_dags/example_external_task_marker_dag.py
[2024-08-28T10:52:26.000+0200] {logging_mixin.py:137} INFO - [2024-08-28T10:52:25.999+0200] {dag.py:2705} INFO - Sync 2 DAGs
[2024-08-28T10:52:26.012+0200] {logging_mixin.py:137} INFO - [2024-08-28T10:52:26.012+0200] {dag.py:3456} INFO - Setting next_dagrun for example_external_task_marker_child to None, run_after=None
[2024-08-28T10:52:26.014+0200] {logging_mixin.py:137} INFO - [2024-08-28T10:52:26.014+0200] {dag.py:3456} INFO - Setting next_dagrun for example_external_task_marker_parent to None, run_after=None
[2024-08-28T10:52:26.023+0200] {processor.py:175} INFO - Processing /Users/roselina/opt/anaconda3/envs/python37/lib/python3.7/site-packages/airflow/example_dags/example_external_task_marker_dag.py took 0.066 seconds
[2024-08-28T10:53:08.635+0200] {processor.py:153} INFO - Started process (PID=76218) to work on /Users/roselina/opt/anaconda3/envs/python37/lib/python3.7/site-packages/airflow/example_dags/example_external_task_marker_dag.py
[2024-08-28T10:53:08.637+0200] {processor.py:743} INFO - Processing file /Users/roselina/opt/anaconda3/envs/python37/lib/python3.7/site-packages/airflow/example_dags/example_external_task_marker_dag.py for tasks to queue
[2024-08-28T10:53:08.638+0200] {logging_mixin.py:137} INFO - [2024-08-28T10:53:08.638+0200] {dagbag.py:532} INFO - Filling up the DagBag from /Users/roselina/opt/anaconda3/envs/python37/lib/python3.7/site-packages/airflow/example_dags/example_external_task_marker_dag.py
[2024-08-28T10:53:08.656+0200] {processor.py:753} INFO - DAG(s) dict_keys(['example_external_task_marker_child', 'example_external_task_marker_parent']) retrieved from /Users/roselina/opt/anaconda3/envs/python37/lib/python3.7/site-packages/airflow/example_dags/example_external_task_marker_dag.py
[2024-08-28T10:53:08.674+0200] {logging_mixin.py:137} INFO - [2024-08-28T10:53:08.674+0200] {dag.py:2705} INFO - Sync 2 DAGs
[2024-08-28T10:53:08.689+0200] {logging_mixin.py:137} INFO - [2024-08-28T10:53:08.688+0200] {dag.py:3456} INFO - Setting next_dagrun for example_external_task_marker_child to None, run_after=None
[2024-08-28T10:53:08.690+0200] {logging_mixin.py:137} INFO - [2024-08-28T10:53:08.690+0200] {dag.py:3456} INFO - Setting next_dagrun for example_external_task_marker_parent to None, run_after=None
[2024-08-28T10:53:08.702+0200] {processor.py:175} INFO - Processing /Users/roselina/opt/anaconda3/envs/python37/lib/python3.7/site-packages/airflow/example_dags/example_external_task_marker_dag.py took 0.071 seconds
