[2024-08-28T10:11:37.719+0200] {processor.py:153} INFO - Started process (PID=74954) to work on /Users/roselina/opt/anaconda3/envs/python37/lib/python3.7/site-packages/airflow/example_dags/example_complex.py
[2024-08-28T10:11:37.721+0200] {processor.py:743} INFO - Processing file /Users/roselina/opt/anaconda3/envs/python37/lib/python3.7/site-packages/airflow/example_dags/example_complex.py for tasks to queue
[2024-08-28T10:11:37.722+0200] {logging_mixin.py:137} INFO - [2024-08-28T10:11:37.722+0200] {dagbag.py:532} INFO - Filling up the DagBag from /Users/roselina/opt/anaconda3/envs/python37/lib/python3.7/site-packages/airflow/example_dags/example_complex.py
[2024-08-28T10:11:37.737+0200] {logging_mixin.py:137} INFO - [2024-08-28T10:11:37.736+0200] {taskmixin.py:211} WARNING - Dependency <Task(BashOperator): create_entry_group>, delete_entry_group already registered for DAG: example_complex
[2024-08-28T10:11:37.737+0200] {logging_mixin.py:137} INFO - [2024-08-28T10:11:37.737+0200] {taskmixin.py:211} WARNING - Dependency <Task(BashOperator): delete_entry_group>, create_entry_group already registered for DAG: example_complex
[2024-08-28T10:11:37.738+0200] {logging_mixin.py:137} INFO - [2024-08-28T10:11:37.738+0200] {taskmixin.py:211} WARNING - Dependency <Task(BashOperator): create_entry_gcs>, delete_entry already registered for DAG: example_complex
[2024-08-28T10:11:37.739+0200] {logging_mixin.py:137} INFO - [2024-08-28T10:11:37.738+0200] {taskmixin.py:211} WARNING - Dependency <Task(BashOperator): delete_entry>, create_entry_gcs already registered for DAG: example_complex
[2024-08-28T10:11:37.739+0200] {logging_mixin.py:137} INFO - [2024-08-28T10:11:37.739+0200] {taskmixin.py:211} WARNING - Dependency <Task(BashOperator): create_tag>, delete_tag already registered for DAG: example_complex
[2024-08-28T10:11:37.740+0200] {logging_mixin.py:137} INFO - [2024-08-28T10:11:37.739+0200] {taskmixin.py:211} WARNING - Dependency <Task(BashOperator): delete_tag>, create_tag already registered for DAG: example_complex
[2024-08-28T10:11:37.747+0200] {processor.py:753} INFO - DAG(s) dict_keys(['example_complex']) retrieved from /Users/roselina/opt/anaconda3/envs/python37/lib/python3.7/site-packages/airflow/example_dags/example_complex.py
[2024-08-28T10:11:37.821+0200] {logging_mixin.py:137} INFO - [2024-08-28T10:11:37.820+0200] {manager.py:504} INFO - Created Permission View: can read on DAG:example_complex
[2024-08-28T10:11:37.825+0200] {logging_mixin.py:137} INFO - [2024-08-28T10:11:37.825+0200] {manager.py:504} INFO - Created Permission View: can delete on DAG:example_complex
[2024-08-28T10:11:37.830+0200] {logging_mixin.py:137} INFO - [2024-08-28T10:11:37.829+0200] {manager.py:504} INFO - Created Permission View: can edit on DAG:example_complex
[2024-08-28T10:11:37.830+0200] {logging_mixin.py:137} INFO - [2024-08-28T10:11:37.830+0200] {dag.py:2705} INFO - Sync 1 DAGs
[2024-08-28T10:11:37.837+0200] {logging_mixin.py:137} INFO - [2024-08-28T10:11:37.837+0200] {dag.py:2726} INFO - Creating ORM DAG for example_complex
[2024-08-28T10:11:37.842+0200] {logging_mixin.py:137} INFO - [2024-08-28T10:11:37.842+0200] {dag.py:3456} INFO - Setting next_dagrun for example_complex to None, run_after=None
[2024-08-28T10:11:37.853+0200] {processor.py:175} INFO - Processing /Users/roselina/opt/anaconda3/envs/python37/lib/python3.7/site-packages/airflow/example_dags/example_complex.py took 0.138 seconds
[2024-08-28T10:12:19.207+0200] {processor.py:153} INFO - Started process (PID=75016) to work on /Users/roselina/opt/anaconda3/envs/python37/lib/python3.7/site-packages/airflow/example_dags/example_complex.py
[2024-08-28T10:12:19.208+0200] {processor.py:743} INFO - Processing file /Users/roselina/opt/anaconda3/envs/python37/lib/python3.7/site-packages/airflow/example_dags/example_complex.py for tasks to queue
[2024-08-28T10:12:19.209+0200] {logging_mixin.py:137} INFO - [2024-08-28T10:12:19.209+0200] {dagbag.py:532} INFO - Filling up the DagBag from /Users/roselina/opt/anaconda3/envs/python37/lib/python3.7/site-packages/airflow/example_dags/example_complex.py
[2024-08-28T10:12:19.221+0200] {logging_mixin.py:137} INFO - [2024-08-28T10:12:19.221+0200] {taskmixin.py:211} WARNING - Dependency <Task(BashOperator): create_entry_group>, delete_entry_group already registered for DAG: example_complex
[2024-08-28T10:12:19.221+0200] {logging_mixin.py:137} INFO - [2024-08-28T10:12:19.221+0200] {taskmixin.py:211} WARNING - Dependency <Task(BashOperator): delete_entry_group>, create_entry_group already registered for DAG: example_complex
[2024-08-28T10:12:19.222+0200] {logging_mixin.py:137} INFO - [2024-08-28T10:12:19.222+0200] {taskmixin.py:211} WARNING - Dependency <Task(BashOperator): create_entry_gcs>, delete_entry already registered for DAG: example_complex
[2024-08-28T10:12:19.222+0200] {logging_mixin.py:137} INFO - [2024-08-28T10:12:19.222+0200] {taskmixin.py:211} WARNING - Dependency <Task(BashOperator): delete_entry>, create_entry_gcs already registered for DAG: example_complex
[2024-08-28T10:12:19.223+0200] {logging_mixin.py:137} INFO - [2024-08-28T10:12:19.223+0200] {taskmixin.py:211} WARNING - Dependency <Task(BashOperator): create_tag>, delete_tag already registered for DAG: example_complex
[2024-08-28T10:12:19.224+0200] {logging_mixin.py:137} INFO - [2024-08-28T10:12:19.223+0200] {taskmixin.py:211} WARNING - Dependency <Task(BashOperator): delete_tag>, create_tag already registered for DAG: example_complex
[2024-08-28T10:12:19.232+0200] {processor.py:753} INFO - DAG(s) dict_keys(['example_complex']) retrieved from /Users/roselina/opt/anaconda3/envs/python37/lib/python3.7/site-packages/airflow/example_dags/example_complex.py
[2024-08-28T10:12:19.253+0200] {logging_mixin.py:137} INFO - [2024-08-28T10:12:19.253+0200] {dag.py:2705} INFO - Sync 1 DAGs
[2024-08-28T10:12:19.266+0200] {logging_mixin.py:137} INFO - [2024-08-28T10:12:19.266+0200] {dag.py:3456} INFO - Setting next_dagrun for example_complex to None, run_after=None
[2024-08-28T10:12:19.277+0200] {processor.py:175} INFO - Processing /Users/roselina/opt/anaconda3/envs/python37/lib/python3.7/site-packages/airflow/example_dags/example_complex.py took 0.073 seconds
[2024-08-28T10:13:01.679+0200] {processor.py:153} INFO - Started process (PID=75091) to work on /Users/roselina/opt/anaconda3/envs/python37/lib/python3.7/site-packages/airflow/example_dags/example_complex.py
[2024-08-28T10:13:01.680+0200] {processor.py:743} INFO - Processing file /Users/roselina/opt/anaconda3/envs/python37/lib/python3.7/site-packages/airflow/example_dags/example_complex.py for tasks to queue
[2024-08-28T10:13:01.682+0200] {logging_mixin.py:137} INFO - [2024-08-28T10:13:01.681+0200] {dagbag.py:532} INFO - Filling up the DagBag from /Users/roselina/opt/anaconda3/envs/python37/lib/python3.7/site-packages/airflow/example_dags/example_complex.py
[2024-08-28T10:13:01.696+0200] {logging_mixin.py:137} INFO - [2024-08-28T10:13:01.696+0200] {taskmixin.py:211} WARNING - Dependency <Task(BashOperator): create_entry_group>, delete_entry_group already registered for DAG: example_complex
[2024-08-28T10:13:01.697+0200] {logging_mixin.py:137} INFO - [2024-08-28T10:13:01.697+0200] {taskmixin.py:211} WARNING - Dependency <Task(BashOperator): delete_entry_group>, create_entry_group already registered for DAG: example_complex
[2024-08-28T10:13:01.698+0200] {logging_mixin.py:137} INFO - [2024-08-28T10:13:01.697+0200] {taskmixin.py:211} WARNING - Dependency <Task(BashOperator): create_entry_gcs>, delete_entry already registered for DAG: example_complex
[2024-08-28T10:13:01.698+0200] {logging_mixin.py:137} INFO - [2024-08-28T10:13:01.698+0200] {taskmixin.py:211} WARNING - Dependency <Task(BashOperator): delete_entry>, create_entry_gcs already registered for DAG: example_complex
[2024-08-28T10:13:01.699+0200] {logging_mixin.py:137} INFO - [2024-08-28T10:13:01.699+0200] {taskmixin.py:211} WARNING - Dependency <Task(BashOperator): create_tag>, delete_tag already registered for DAG: example_complex
[2024-08-28T10:13:01.699+0200] {logging_mixin.py:137} INFO - [2024-08-28T10:13:01.699+0200] {taskmixin.py:211} WARNING - Dependency <Task(BashOperator): delete_tag>, create_tag already registered for DAG: example_complex
[2024-08-28T10:13:01.706+0200] {processor.py:753} INFO - DAG(s) dict_keys(['example_complex']) retrieved from /Users/roselina/opt/anaconda3/envs/python37/lib/python3.7/site-packages/airflow/example_dags/example_complex.py
[2024-08-28T10:13:01.727+0200] {logging_mixin.py:137} INFO - [2024-08-28T10:13:01.726+0200] {dag.py:2705} INFO - Sync 1 DAGs
[2024-08-28T10:13:01.739+0200] {logging_mixin.py:137} INFO - [2024-08-28T10:13:01.739+0200] {dag.py:3456} INFO - Setting next_dagrun for example_complex to None, run_after=None
[2024-08-28T10:13:01.752+0200] {processor.py:175} INFO - Processing /Users/roselina/opt/anaconda3/envs/python37/lib/python3.7/site-packages/airflow/example_dags/example_complex.py took 0.078 seconds
[2024-08-28T10:13:42.908+0200] {processor.py:153} INFO - Started process (PID=75140) to work on /Users/roselina/opt/anaconda3/envs/python37/lib/python3.7/site-packages/airflow/example_dags/example_complex.py
[2024-08-28T10:13:42.909+0200] {processor.py:743} INFO - Processing file /Users/roselina/opt/anaconda3/envs/python37/lib/python3.7/site-packages/airflow/example_dags/example_complex.py for tasks to queue
[2024-08-28T10:13:42.911+0200] {logging_mixin.py:137} INFO - [2024-08-28T10:13:42.910+0200] {dagbag.py:532} INFO - Filling up the DagBag from /Users/roselina/opt/anaconda3/envs/python37/lib/python3.7/site-packages/airflow/example_dags/example_complex.py
[2024-08-28T10:13:42.922+0200] {logging_mixin.py:137} INFO - [2024-08-28T10:13:42.922+0200] {taskmixin.py:211} WARNING - Dependency <Task(BashOperator): create_entry_group>, delete_entry_group already registered for DAG: example_complex
[2024-08-28T10:13:42.923+0200] {logging_mixin.py:137} INFO - [2024-08-28T10:13:42.923+0200] {taskmixin.py:211} WARNING - Dependency <Task(BashOperator): delete_entry_group>, create_entry_group already registered for DAG: example_complex
[2024-08-28T10:13:42.924+0200] {logging_mixin.py:137} INFO - [2024-08-28T10:13:42.924+0200] {taskmixin.py:211} WARNING - Dependency <Task(BashOperator): create_entry_gcs>, delete_entry already registered for DAG: example_complex
[2024-08-28T10:13:42.925+0200] {logging_mixin.py:137} INFO - [2024-08-28T10:13:42.924+0200] {taskmixin.py:211} WARNING - Dependency <Task(BashOperator): delete_entry>, create_entry_gcs already registered for DAG: example_complex
[2024-08-28T10:13:42.925+0200] {logging_mixin.py:137} INFO - [2024-08-28T10:13:42.925+0200] {taskmixin.py:211} WARNING - Dependency <Task(BashOperator): create_tag>, delete_tag already registered for DAG: example_complex
[2024-08-28T10:13:42.926+0200] {logging_mixin.py:137} INFO - [2024-08-28T10:13:42.926+0200] {taskmixin.py:211} WARNING - Dependency <Task(BashOperator): delete_tag>, create_tag already registered for DAG: example_complex
[2024-08-28T10:13:42.936+0200] {processor.py:753} INFO - DAG(s) dict_keys(['example_complex']) retrieved from /Users/roselina/opt/anaconda3/envs/python37/lib/python3.7/site-packages/airflow/example_dags/example_complex.py
[2024-08-28T10:13:42.958+0200] {logging_mixin.py:137} INFO - [2024-08-28T10:13:42.958+0200] {dag.py:2705} INFO - Sync 1 DAGs
[2024-08-28T10:13:42.972+0200] {logging_mixin.py:137} INFO - [2024-08-28T10:13:42.972+0200] {dag.py:3456} INFO - Setting next_dagrun for example_complex to None, run_after=None
[2024-08-28T10:13:42.983+0200] {processor.py:175} INFO - Processing /Users/roselina/opt/anaconda3/envs/python37/lib/python3.7/site-packages/airflow/example_dags/example_complex.py took 0.078 seconds
[2024-08-28T10:14:25.980+0200] {processor.py:153} INFO - Started process (PID=75214) to work on /Users/roselina/opt/anaconda3/envs/python37/lib/python3.7/site-packages/airflow/example_dags/example_complex.py
[2024-08-28T10:14:25.982+0200] {processor.py:743} INFO - Processing file /Users/roselina/opt/anaconda3/envs/python37/lib/python3.7/site-packages/airflow/example_dags/example_complex.py for tasks to queue
[2024-08-28T10:14:25.983+0200] {logging_mixin.py:137} INFO - [2024-08-28T10:14:25.982+0200] {dagbag.py:532} INFO - Filling up the DagBag from /Users/roselina/opt/anaconda3/envs/python37/lib/python3.7/site-packages/airflow/example_dags/example_complex.py
[2024-08-28T10:14:25.996+0200] {logging_mixin.py:137} INFO - [2024-08-28T10:14:25.996+0200] {taskmixin.py:211} WARNING - Dependency <Task(BashOperator): create_entry_group>, delete_entry_group already registered for DAG: example_complex
[2024-08-28T10:14:25.997+0200] {logging_mixin.py:137} INFO - [2024-08-28T10:14:25.996+0200] {taskmixin.py:211} WARNING - Dependency <Task(BashOperator): delete_entry_group>, create_entry_group already registered for DAG: example_complex
[2024-08-28T10:14:25.997+0200] {logging_mixin.py:137} INFO - [2024-08-28T10:14:25.997+0200] {taskmixin.py:211} WARNING - Dependency <Task(BashOperator): create_entry_gcs>, delete_entry already registered for DAG: example_complex
[2024-08-28T10:14:25.998+0200] {logging_mixin.py:137} INFO - [2024-08-28T10:14:25.998+0200] {taskmixin.py:211} WARNING - Dependency <Task(BashOperator): delete_entry>, create_entry_gcs already registered for DAG: example_complex
[2024-08-28T10:14:25.998+0200] {logging_mixin.py:137} INFO - [2024-08-28T10:14:25.998+0200] {taskmixin.py:211} WARNING - Dependency <Task(BashOperator): create_tag>, delete_tag already registered for DAG: example_complex
[2024-08-28T10:14:25.999+0200] {logging_mixin.py:137} INFO - [2024-08-28T10:14:25.999+0200] {taskmixin.py:211} WARNING - Dependency <Task(BashOperator): delete_tag>, create_tag already registered for DAG: example_complex
[2024-08-28T10:14:26.006+0200] {processor.py:753} INFO - DAG(s) dict_keys(['example_complex']) retrieved from /Users/roselina/opt/anaconda3/envs/python37/lib/python3.7/site-packages/airflow/example_dags/example_complex.py
[2024-08-28T10:14:26.028+0200] {logging_mixin.py:137} INFO - [2024-08-28T10:14:26.028+0200] {dag.py:2705} INFO - Sync 1 DAGs
[2024-08-28T10:14:26.041+0200] {logging_mixin.py:137} INFO - [2024-08-28T10:14:26.041+0200] {dag.py:3456} INFO - Setting next_dagrun for example_complex to None, run_after=None
[2024-08-28T10:14:26.051+0200] {processor.py:175} INFO - Processing /Users/roselina/opt/anaconda3/envs/python37/lib/python3.7/site-packages/airflow/example_dags/example_complex.py took 0.076 seconds
[2024-08-28T10:15:07.750+0200] {processor.py:153} INFO - Started process (PID=75261) to work on /Users/roselina/opt/anaconda3/envs/python37/lib/python3.7/site-packages/airflow/example_dags/example_complex.py
[2024-08-28T10:15:07.751+0200] {processor.py:743} INFO - Processing file /Users/roselina/opt/anaconda3/envs/python37/lib/python3.7/site-packages/airflow/example_dags/example_complex.py for tasks to queue
[2024-08-28T10:15:07.753+0200] {logging_mixin.py:137} INFO - [2024-08-28T10:15:07.752+0200] {dagbag.py:532} INFO - Filling up the DagBag from /Users/roselina/opt/anaconda3/envs/python37/lib/python3.7/site-packages/airflow/example_dags/example_complex.py
[2024-08-28T10:15:07.767+0200] {logging_mixin.py:137} INFO - [2024-08-28T10:15:07.767+0200] {taskmixin.py:211} WARNING - Dependency <Task(BashOperator): create_entry_group>, delete_entry_group already registered for DAG: example_complex
[2024-08-28T10:15:07.768+0200] {logging_mixin.py:137} INFO - [2024-08-28T10:15:07.768+0200] {taskmixin.py:211} WARNING - Dependency <Task(BashOperator): delete_entry_group>, create_entry_group already registered for DAG: example_complex
[2024-08-28T10:15:07.768+0200] {logging_mixin.py:137} INFO - [2024-08-28T10:15:07.768+0200] {taskmixin.py:211} WARNING - Dependency <Task(BashOperator): create_entry_gcs>, delete_entry already registered for DAG: example_complex
[2024-08-28T10:15:07.769+0200] {logging_mixin.py:137} INFO - [2024-08-28T10:15:07.769+0200] {taskmixin.py:211} WARNING - Dependency <Task(BashOperator): delete_entry>, create_entry_gcs already registered for DAG: example_complex
[2024-08-28T10:15:07.770+0200] {logging_mixin.py:137} INFO - [2024-08-28T10:15:07.769+0200] {taskmixin.py:211} WARNING - Dependency <Task(BashOperator): create_tag>, delete_tag already registered for DAG: example_complex
[2024-08-28T10:15:07.770+0200] {logging_mixin.py:137} INFO - [2024-08-28T10:15:07.770+0200] {taskmixin.py:211} WARNING - Dependency <Task(BashOperator): delete_tag>, create_tag already registered for DAG: example_complex
[2024-08-28T10:15:07.778+0200] {processor.py:753} INFO - DAG(s) dict_keys(['example_complex']) retrieved from /Users/roselina/opt/anaconda3/envs/python37/lib/python3.7/site-packages/airflow/example_dags/example_complex.py
[2024-08-28T10:15:07.799+0200] {logging_mixin.py:137} INFO - [2024-08-28T10:15:07.799+0200] {dag.py:2705} INFO - Sync 1 DAGs
[2024-08-28T10:15:07.810+0200] {logging_mixin.py:137} INFO - [2024-08-28T10:15:07.810+0200] {dag.py:3456} INFO - Setting next_dagrun for example_complex to None, run_after=None
[2024-08-28T10:15:07.821+0200] {processor.py:175} INFO - Processing /Users/roselina/opt/anaconda3/envs/python37/lib/python3.7/site-packages/airflow/example_dags/example_complex.py took 0.076 seconds
[2024-08-28T10:15:49.546+0200] {processor.py:153} INFO - Started process (PID=75305) to work on /Users/roselina/opt/anaconda3/envs/python37/lib/python3.7/site-packages/airflow/example_dags/example_complex.py
[2024-08-28T10:15:49.548+0200] {processor.py:743} INFO - Processing file /Users/roselina/opt/anaconda3/envs/python37/lib/python3.7/site-packages/airflow/example_dags/example_complex.py for tasks to queue
[2024-08-28T10:15:49.549+0200] {logging_mixin.py:137} INFO - [2024-08-28T10:15:49.549+0200] {dagbag.py:532} INFO - Filling up the DagBag from /Users/roselina/opt/anaconda3/envs/python37/lib/python3.7/site-packages/airflow/example_dags/example_complex.py
[2024-08-28T10:15:49.563+0200] {logging_mixin.py:137} INFO - [2024-08-28T10:15:49.562+0200] {taskmixin.py:211} WARNING - Dependency <Task(BashOperator): create_entry_group>, delete_entry_group already registered for DAG: example_complex
[2024-08-28T10:15:49.563+0200] {logging_mixin.py:137} INFO - [2024-08-28T10:15:49.563+0200] {taskmixin.py:211} WARNING - Dependency <Task(BashOperator): delete_entry_group>, create_entry_group already registered for DAG: example_complex
[2024-08-28T10:15:49.564+0200] {logging_mixin.py:137} INFO - [2024-08-28T10:15:49.564+0200] {taskmixin.py:211} WARNING - Dependency <Task(BashOperator): create_entry_gcs>, delete_entry already registered for DAG: example_complex
[2024-08-28T10:15:49.564+0200] {logging_mixin.py:137} INFO - [2024-08-28T10:15:49.564+0200] {taskmixin.py:211} WARNING - Dependency <Task(BashOperator): delete_entry>, create_entry_gcs already registered for DAG: example_complex
[2024-08-28T10:15:49.565+0200] {logging_mixin.py:137} INFO - [2024-08-28T10:15:49.565+0200] {taskmixin.py:211} WARNING - Dependency <Task(BashOperator): create_tag>, delete_tag already registered for DAG: example_complex
[2024-08-28T10:15:49.566+0200] {logging_mixin.py:137} INFO - [2024-08-28T10:15:49.565+0200] {taskmixin.py:211} WARNING - Dependency <Task(BashOperator): delete_tag>, create_tag already registered for DAG: example_complex
[2024-08-28T10:15:49.572+0200] {processor.py:753} INFO - DAG(s) dict_keys(['example_complex']) retrieved from /Users/roselina/opt/anaconda3/envs/python37/lib/python3.7/site-packages/airflow/example_dags/example_complex.py
[2024-08-28T10:15:49.592+0200] {logging_mixin.py:137} INFO - [2024-08-28T10:15:49.592+0200] {dag.py:2705} INFO - Sync 1 DAGs
[2024-08-28T10:15:49.603+0200] {logging_mixin.py:137} INFO - [2024-08-28T10:15:49.603+0200] {dag.py:3456} INFO - Setting next_dagrun for example_complex to None, run_after=None
[2024-08-28T10:15:49.614+0200] {processor.py:175} INFO - Processing /Users/roselina/opt/anaconda3/envs/python37/lib/python3.7/site-packages/airflow/example_dags/example_complex.py took 0.072 seconds
[2024-08-28T10:16:28.321+0200] {processor.py:153} INFO - Started process (PID=75350) to work on /Users/roselina/opt/anaconda3/envs/python37/lib/python3.7/site-packages/airflow/example_dags/example_complex.py
[2024-08-28T10:16:28.323+0200] {processor.py:743} INFO - Processing file /Users/roselina/opt/anaconda3/envs/python37/lib/python3.7/site-packages/airflow/example_dags/example_complex.py for tasks to queue
[2024-08-28T10:16:28.324+0200] {logging_mixin.py:137} INFO - [2024-08-28T10:16:28.324+0200] {dagbag.py:532} INFO - Filling up the DagBag from /Users/roselina/opt/anaconda3/envs/python37/lib/python3.7/site-packages/airflow/example_dags/example_complex.py
[2024-08-28T10:16:28.338+0200] {logging_mixin.py:137} INFO - [2024-08-28T10:16:28.338+0200] {taskmixin.py:211} WARNING - Dependency <Task(BashOperator): create_entry_group>, delete_entry_group already registered for DAG: example_complex
[2024-08-28T10:16:28.339+0200] {logging_mixin.py:137} INFO - [2024-08-28T10:16:28.338+0200] {taskmixin.py:211} WARNING - Dependency <Task(BashOperator): delete_entry_group>, create_entry_group already registered for DAG: example_complex
[2024-08-28T10:16:28.339+0200] {logging_mixin.py:137} INFO - [2024-08-28T10:16:28.339+0200] {taskmixin.py:211} WARNING - Dependency <Task(BashOperator): create_entry_gcs>, delete_entry already registered for DAG: example_complex
[2024-08-28T10:16:28.340+0200] {logging_mixin.py:137} INFO - [2024-08-28T10:16:28.340+0200] {taskmixin.py:211} WARNING - Dependency <Task(BashOperator): delete_entry>, create_entry_gcs already registered for DAG: example_complex
[2024-08-28T10:16:28.340+0200] {logging_mixin.py:137} INFO - [2024-08-28T10:16:28.340+0200] {taskmixin.py:211} WARNING - Dependency <Task(BashOperator): create_tag>, delete_tag already registered for DAG: example_complex
[2024-08-28T10:16:28.341+0200] {logging_mixin.py:137} INFO - [2024-08-28T10:16:28.341+0200] {taskmixin.py:211} WARNING - Dependency <Task(BashOperator): delete_tag>, create_tag already registered for DAG: example_complex
[2024-08-28T10:16:28.348+0200] {processor.py:753} INFO - DAG(s) dict_keys(['example_complex']) retrieved from /Users/roselina/opt/anaconda3/envs/python37/lib/python3.7/site-packages/airflow/example_dags/example_complex.py
[2024-08-28T10:16:28.368+0200] {logging_mixin.py:137} INFO - [2024-08-28T10:16:28.367+0200] {dag.py:2705} INFO - Sync 1 DAGs
[2024-08-28T10:16:28.379+0200] {logging_mixin.py:137} INFO - [2024-08-28T10:16:28.379+0200] {dag.py:3456} INFO - Setting next_dagrun for example_complex to None, run_after=None
[2024-08-28T10:16:28.390+0200] {processor.py:175} INFO - Processing /Users/roselina/opt/anaconda3/envs/python37/lib/python3.7/site-packages/airflow/example_dags/example_complex.py took 0.072 seconds
[2024-08-28T10:17:10.816+0200] {processor.py:153} INFO - Started process (PID=75395) to work on /Users/roselina/opt/anaconda3/envs/python37/lib/python3.7/site-packages/airflow/example_dags/example_complex.py
[2024-08-28T10:17:10.818+0200] {processor.py:743} INFO - Processing file /Users/roselina/opt/anaconda3/envs/python37/lib/python3.7/site-packages/airflow/example_dags/example_complex.py for tasks to queue
[2024-08-28T10:17:10.819+0200] {logging_mixin.py:137} INFO - [2024-08-28T10:17:10.818+0200] {dagbag.py:532} INFO - Filling up the DagBag from /Users/roselina/opt/anaconda3/envs/python37/lib/python3.7/site-packages/airflow/example_dags/example_complex.py
[2024-08-28T10:17:10.832+0200] {logging_mixin.py:137} INFO - [2024-08-28T10:17:10.832+0200] {taskmixin.py:211} WARNING - Dependency <Task(BashOperator): create_entry_group>, delete_entry_group already registered for DAG: example_complex
[2024-08-28T10:17:10.833+0200] {logging_mixin.py:137} INFO - [2024-08-28T10:17:10.833+0200] {taskmixin.py:211} WARNING - Dependency <Task(BashOperator): delete_entry_group>, create_entry_group already registered for DAG: example_complex
[2024-08-28T10:17:10.834+0200] {logging_mixin.py:137} INFO - [2024-08-28T10:17:10.833+0200] {taskmixin.py:211} WARNING - Dependency <Task(BashOperator): create_entry_gcs>, delete_entry already registered for DAG: example_complex
[2024-08-28T10:17:10.834+0200] {logging_mixin.py:137} INFO - [2024-08-28T10:17:10.834+0200] {taskmixin.py:211} WARNING - Dependency <Task(BashOperator): delete_entry>, create_entry_gcs already registered for DAG: example_complex
[2024-08-28T10:17:10.835+0200] {logging_mixin.py:137} INFO - [2024-08-28T10:17:10.835+0200] {taskmixin.py:211} WARNING - Dependency <Task(BashOperator): create_tag>, delete_tag already registered for DAG: example_complex
[2024-08-28T10:17:10.835+0200] {logging_mixin.py:137} INFO - [2024-08-28T10:17:10.835+0200] {taskmixin.py:211} WARNING - Dependency <Task(BashOperator): delete_tag>, create_tag already registered for DAG: example_complex
[2024-08-28T10:17:10.842+0200] {processor.py:753} INFO - DAG(s) dict_keys(['example_complex']) retrieved from /Users/roselina/opt/anaconda3/envs/python37/lib/python3.7/site-packages/airflow/example_dags/example_complex.py
[2024-08-28T10:17:10.862+0200] {logging_mixin.py:137} INFO - [2024-08-28T10:17:10.862+0200] {dag.py:2705} INFO - Sync 1 DAGs
[2024-08-28T10:17:10.874+0200] {logging_mixin.py:137} INFO - [2024-08-28T10:17:10.874+0200] {dag.py:3456} INFO - Setting next_dagrun for example_complex to None, run_after=None
[2024-08-28T10:17:10.885+0200] {processor.py:175} INFO - Processing /Users/roselina/opt/anaconda3/envs/python37/lib/python3.7/site-packages/airflow/example_dags/example_complex.py took 0.075 seconds
[2024-08-28T10:17:50.853+0200] {processor.py:153} INFO - Started process (PID=75457) to work on /Users/roselina/opt/anaconda3/envs/python37/lib/python3.7/site-packages/airflow/example_dags/example_complex.py
[2024-08-28T10:17:50.855+0200] {processor.py:743} INFO - Processing file /Users/roselina/opt/anaconda3/envs/python37/lib/python3.7/site-packages/airflow/example_dags/example_complex.py for tasks to queue
[2024-08-28T10:17:50.857+0200] {logging_mixin.py:137} INFO - [2024-08-28T10:17:50.856+0200] {dagbag.py:532} INFO - Filling up the DagBag from /Users/roselina/opt/anaconda3/envs/python37/lib/python3.7/site-packages/airflow/example_dags/example_complex.py
[2024-08-28T10:17:50.871+0200] {logging_mixin.py:137} INFO - [2024-08-28T10:17:50.870+0200] {taskmixin.py:211} WARNING - Dependency <Task(BashOperator): create_entry_group>, delete_entry_group already registered for DAG: example_complex
[2024-08-28T10:17:50.872+0200] {logging_mixin.py:137} INFO - [2024-08-28T10:17:50.871+0200] {taskmixin.py:211} WARNING - Dependency <Task(BashOperator): delete_entry_group>, create_entry_group already registered for DAG: example_complex
[2024-08-28T10:17:50.872+0200] {logging_mixin.py:137} INFO - [2024-08-28T10:17:50.872+0200] {taskmixin.py:211} WARNING - Dependency <Task(BashOperator): create_entry_gcs>, delete_entry already registered for DAG: example_complex
[2024-08-28T10:17:50.873+0200] {logging_mixin.py:137} INFO - [2024-08-28T10:17:50.873+0200] {taskmixin.py:211} WARNING - Dependency <Task(BashOperator): delete_entry>, create_entry_gcs already registered for DAG: example_complex
[2024-08-28T10:17:50.874+0200] {logging_mixin.py:137} INFO - [2024-08-28T10:17:50.873+0200] {taskmixin.py:211} WARNING - Dependency <Task(BashOperator): create_tag>, delete_tag already registered for DAG: example_complex
[2024-08-28T10:17:50.874+0200] {logging_mixin.py:137} INFO - [2024-08-28T10:17:50.874+0200] {taskmixin.py:211} WARNING - Dependency <Task(BashOperator): delete_tag>, create_tag already registered for DAG: example_complex
[2024-08-28T10:17:50.883+0200] {processor.py:753} INFO - DAG(s) dict_keys(['example_complex']) retrieved from /Users/roselina/opt/anaconda3/envs/python37/lib/python3.7/site-packages/airflow/example_dags/example_complex.py
[2024-08-28T10:17:50.906+0200] {logging_mixin.py:137} INFO - [2024-08-28T10:17:50.906+0200] {dag.py:2705} INFO - Sync 1 DAGs
[2024-08-28T10:17:50.918+0200] {logging_mixin.py:137} INFO - [2024-08-28T10:17:50.918+0200] {dag.py:3456} INFO - Setting next_dagrun for example_complex to None, run_after=None
[2024-08-28T10:17:50.928+0200] {processor.py:175} INFO - Processing /Users/roselina/opt/anaconda3/envs/python37/lib/python3.7/site-packages/airflow/example_dags/example_complex.py took 0.080 seconds
[2024-08-28T10:44:14.571+0200] {processor.py:153} INFO - Started process (PID=75548) to work on /Users/roselina/opt/anaconda3/envs/python37/lib/python3.7/site-packages/airflow/example_dags/example_complex.py
[2024-08-28T10:44:14.572+0200] {processor.py:743} INFO - Processing file /Users/roselina/opt/anaconda3/envs/python37/lib/python3.7/site-packages/airflow/example_dags/example_complex.py for tasks to queue
[2024-08-28T10:44:14.574+0200] {logging_mixin.py:137} INFO - [2024-08-28T10:44:14.573+0200] {dagbag.py:532} INFO - Filling up the DagBag from /Users/roselina/opt/anaconda3/envs/python37/lib/python3.7/site-packages/airflow/example_dags/example_complex.py
[2024-08-28T10:44:14.586+0200] {logging_mixin.py:137} INFO - [2024-08-28T10:44:14.586+0200] {taskmixin.py:211} WARNING - Dependency <Task(BashOperator): create_entry_group>, delete_entry_group already registered for DAG: example_complex
[2024-08-28T10:44:14.587+0200] {logging_mixin.py:137} INFO - [2024-08-28T10:44:14.586+0200] {taskmixin.py:211} WARNING - Dependency <Task(BashOperator): delete_entry_group>, create_entry_group already registered for DAG: example_complex
[2024-08-28T10:44:14.587+0200] {logging_mixin.py:137} INFO - [2024-08-28T10:44:14.587+0200] {taskmixin.py:211} WARNING - Dependency <Task(BashOperator): create_entry_gcs>, delete_entry already registered for DAG: example_complex
[2024-08-28T10:44:14.588+0200] {logging_mixin.py:137} INFO - [2024-08-28T10:44:14.587+0200] {taskmixin.py:211} WARNING - Dependency <Task(BashOperator): delete_entry>, create_entry_gcs already registered for DAG: example_complex
[2024-08-28T10:44:14.588+0200] {logging_mixin.py:137} INFO - [2024-08-28T10:44:14.588+0200] {taskmixin.py:211} WARNING - Dependency <Task(BashOperator): create_tag>, delete_tag already registered for DAG: example_complex
[2024-08-28T10:44:14.589+0200] {logging_mixin.py:137} INFO - [2024-08-28T10:44:14.588+0200] {taskmixin.py:211} WARNING - Dependency <Task(BashOperator): delete_tag>, create_tag already registered for DAG: example_complex
[2024-08-28T10:44:14.595+0200] {processor.py:753} INFO - DAG(s) dict_keys(['example_complex']) retrieved from /Users/roselina/opt/anaconda3/envs/python37/lib/python3.7/site-packages/airflow/example_dags/example_complex.py
[2024-08-28T10:44:14.617+0200] {logging_mixin.py:137} INFO - [2024-08-28T10:44:14.616+0200] {dag.py:2705} INFO - Sync 1 DAGs
[2024-08-28T10:44:14.639+0200] {logging_mixin.py:137} INFO - [2024-08-28T10:44:14.639+0200] {dag.py:3456} INFO - Setting next_dagrun for example_complex to None, run_after=None
[2024-08-28T10:44:14.650+0200] {processor.py:175} INFO - Processing /Users/roselina/opt/anaconda3/envs/python37/lib/python3.7/site-packages/airflow/example_dags/example_complex.py took 0.083 seconds
[2024-08-28T10:44:56.712+0200] {processor.py:153} INFO - Started process (PID=75610) to work on /Users/roselina/opt/anaconda3/envs/python37/lib/python3.7/site-packages/airflow/example_dags/example_complex.py
[2024-08-28T10:44:56.714+0200] {processor.py:743} INFO - Processing file /Users/roselina/opt/anaconda3/envs/python37/lib/python3.7/site-packages/airflow/example_dags/example_complex.py for tasks to queue
[2024-08-28T10:44:56.715+0200] {logging_mixin.py:137} INFO - [2024-08-28T10:44:56.715+0200] {dagbag.py:532} INFO - Filling up the DagBag from /Users/roselina/opt/anaconda3/envs/python37/lib/python3.7/site-packages/airflow/example_dags/example_complex.py
[2024-08-28T10:44:56.737+0200] {logging_mixin.py:137} INFO - [2024-08-28T10:44:56.737+0200] {taskmixin.py:211} WARNING - Dependency <Task(BashOperator): create_entry_group>, delete_entry_group already registered for DAG: example_complex
[2024-08-28T10:44:56.738+0200] {logging_mixin.py:137} INFO - [2024-08-28T10:44:56.738+0200] {taskmixin.py:211} WARNING - Dependency <Task(BashOperator): delete_entry_group>, create_entry_group already registered for DAG: example_complex
[2024-08-28T10:44:56.738+0200] {logging_mixin.py:137} INFO - [2024-08-28T10:44:56.738+0200] {taskmixin.py:211} WARNING - Dependency <Task(BashOperator): create_entry_gcs>, delete_entry already registered for DAG: example_complex
[2024-08-28T10:44:56.739+0200] {logging_mixin.py:137} INFO - [2024-08-28T10:44:56.739+0200] {taskmixin.py:211} WARNING - Dependency <Task(BashOperator): delete_entry>, create_entry_gcs already registered for DAG: example_complex
[2024-08-28T10:44:56.739+0200] {logging_mixin.py:137} INFO - [2024-08-28T10:44:56.739+0200] {taskmixin.py:211} WARNING - Dependency <Task(BashOperator): create_tag>, delete_tag already registered for DAG: example_complex
[2024-08-28T10:44:56.740+0200] {logging_mixin.py:137} INFO - [2024-08-28T10:44:56.739+0200] {taskmixin.py:211} WARNING - Dependency <Task(BashOperator): delete_tag>, create_tag already registered for DAG: example_complex
[2024-08-28T10:44:56.746+0200] {processor.py:753} INFO - DAG(s) dict_keys(['example_complex']) retrieved from /Users/roselina/opt/anaconda3/envs/python37/lib/python3.7/site-packages/airflow/example_dags/example_complex.py
[2024-08-28T10:44:56.767+0200] {logging_mixin.py:137} INFO - [2024-08-28T10:44:56.767+0200] {dag.py:2705} INFO - Sync 1 DAGs
[2024-08-28T10:44:56.780+0200] {logging_mixin.py:137} INFO - [2024-08-28T10:44:56.780+0200] {dag.py:3456} INFO - Setting next_dagrun for example_complex to None, run_after=None
[2024-08-28T10:44:56.791+0200] {processor.py:175} INFO - Processing /Users/roselina/opt/anaconda3/envs/python37/lib/python3.7/site-packages/airflow/example_dags/example_complex.py took 0.111 seconds
[2024-08-28T10:45:38.098+0200] {processor.py:153} INFO - Started process (PID=75657) to work on /Users/roselina/opt/anaconda3/envs/python37/lib/python3.7/site-packages/airflow/example_dags/example_complex.py
[2024-08-28T10:45:38.100+0200] {processor.py:743} INFO - Processing file /Users/roselina/opt/anaconda3/envs/python37/lib/python3.7/site-packages/airflow/example_dags/example_complex.py for tasks to queue
[2024-08-28T10:45:38.102+0200] {logging_mixin.py:137} INFO - [2024-08-28T10:45:38.101+0200] {dagbag.py:532} INFO - Filling up the DagBag from /Users/roselina/opt/anaconda3/envs/python37/lib/python3.7/site-packages/airflow/example_dags/example_complex.py
[2024-08-28T10:45:38.116+0200] {logging_mixin.py:137} INFO - [2024-08-28T10:45:38.115+0200] {taskmixin.py:211} WARNING - Dependency <Task(BashOperator): create_entry_group>, delete_entry_group already registered for DAG: example_complex
[2024-08-28T10:45:38.117+0200] {logging_mixin.py:137} INFO - [2024-08-28T10:45:38.117+0200] {taskmixin.py:211} WARNING - Dependency <Task(BashOperator): delete_entry_group>, create_entry_group already registered for DAG: example_complex
[2024-08-28T10:45:38.118+0200] {logging_mixin.py:137} INFO - [2024-08-28T10:45:38.117+0200] {taskmixin.py:211} WARNING - Dependency <Task(BashOperator): create_entry_gcs>, delete_entry already registered for DAG: example_complex
[2024-08-28T10:45:38.120+0200] {logging_mixin.py:137} INFO - [2024-08-28T10:45:38.119+0200] {taskmixin.py:211} WARNING - Dependency <Task(BashOperator): delete_entry>, create_entry_gcs already registered for DAG: example_complex
[2024-08-28T10:45:38.120+0200] {logging_mixin.py:137} INFO - [2024-08-28T10:45:38.120+0200] {taskmixin.py:211} WARNING - Dependency <Task(BashOperator): create_tag>, delete_tag already registered for DAG: example_complex
[2024-08-28T10:45:38.123+0200] {logging_mixin.py:137} INFO - [2024-08-28T10:45:38.123+0200] {taskmixin.py:211} WARNING - Dependency <Task(BashOperator): delete_tag>, create_tag already registered for DAG: example_complex
[2024-08-28T10:45:38.130+0200] {processor.py:753} INFO - DAG(s) dict_keys(['example_complex']) retrieved from /Users/roselina/opt/anaconda3/envs/python37/lib/python3.7/site-packages/airflow/example_dags/example_complex.py
[2024-08-28T10:45:38.152+0200] {logging_mixin.py:137} INFO - [2024-08-28T10:45:38.152+0200] {dag.py:2705} INFO - Sync 1 DAGs
[2024-08-28T10:45:38.164+0200] {logging_mixin.py:137} INFO - [2024-08-28T10:45:38.163+0200] {dag.py:3456} INFO - Setting next_dagrun for example_complex to None, run_after=None
[2024-08-28T10:45:38.175+0200] {processor.py:175} INFO - Processing /Users/roselina/opt/anaconda3/envs/python37/lib/python3.7/site-packages/airflow/example_dags/example_complex.py took 0.081 seconds
[2024-08-28T10:46:18.834+0200] {processor.py:153} INFO - Started process (PID=75703) to work on /Users/roselina/opt/anaconda3/envs/python37/lib/python3.7/site-packages/airflow/example_dags/example_complex.py
[2024-08-28T10:46:18.835+0200] {processor.py:743} INFO - Processing file /Users/roselina/opt/anaconda3/envs/python37/lib/python3.7/site-packages/airflow/example_dags/example_complex.py for tasks to queue
[2024-08-28T10:46:18.836+0200] {logging_mixin.py:137} INFO - [2024-08-28T10:46:18.835+0200] {dagbag.py:532} INFO - Filling up the DagBag from /Users/roselina/opt/anaconda3/envs/python37/lib/python3.7/site-packages/airflow/example_dags/example_complex.py
[2024-08-28T10:46:18.844+0200] {logging_mixin.py:137} INFO - [2024-08-28T10:46:18.844+0200] {taskmixin.py:211} WARNING - Dependency <Task(BashOperator): create_entry_group>, delete_entry_group already registered for DAG: example_complex
[2024-08-28T10:46:18.845+0200] {logging_mixin.py:137} INFO - [2024-08-28T10:46:18.845+0200] {taskmixin.py:211} WARNING - Dependency <Task(BashOperator): delete_entry_group>, create_entry_group already registered for DAG: example_complex
[2024-08-28T10:46:18.845+0200] {logging_mixin.py:137} INFO - [2024-08-28T10:46:18.845+0200] {taskmixin.py:211} WARNING - Dependency <Task(BashOperator): create_entry_gcs>, delete_entry already registered for DAG: example_complex
[2024-08-28T10:46:18.846+0200] {logging_mixin.py:137} INFO - [2024-08-28T10:46:18.845+0200] {taskmixin.py:211} WARNING - Dependency <Task(BashOperator): delete_entry>, create_entry_gcs already registered for DAG: example_complex
[2024-08-28T10:46:18.846+0200] {logging_mixin.py:137} INFO - [2024-08-28T10:46:18.846+0200] {taskmixin.py:211} WARNING - Dependency <Task(BashOperator): create_tag>, delete_tag already registered for DAG: example_complex
[2024-08-28T10:46:18.847+0200] {logging_mixin.py:137} INFO - [2024-08-28T10:46:18.846+0200] {taskmixin.py:211} WARNING - Dependency <Task(BashOperator): delete_tag>, create_tag already registered for DAG: example_complex
[2024-08-28T10:46:18.853+0200] {processor.py:753} INFO - DAG(s) dict_keys(['example_complex']) retrieved from /Users/roselina/opt/anaconda3/envs/python37/lib/python3.7/site-packages/airflow/example_dags/example_complex.py
[2024-08-28T10:46:18.876+0200] {logging_mixin.py:137} INFO - [2024-08-28T10:46:18.876+0200] {dag.py:2705} INFO - Sync 1 DAGs
[2024-08-28T10:46:18.890+0200] {logging_mixin.py:137} INFO - [2024-08-28T10:46:18.889+0200] {dag.py:3456} INFO - Setting next_dagrun for example_complex to None, run_after=None
[2024-08-28T10:46:18.900+0200] {processor.py:175} INFO - Processing /Users/roselina/opt/anaconda3/envs/python37/lib/python3.7/site-packages/airflow/example_dags/example_complex.py took 0.069 seconds
[2024-08-28T10:46:59.469+0200] {processor.py:153} INFO - Started process (PID=75756) to work on /Users/roselina/opt/anaconda3/envs/python37/lib/python3.7/site-packages/airflow/example_dags/example_complex.py
[2024-08-28T10:46:59.471+0200] {processor.py:743} INFO - Processing file /Users/roselina/opt/anaconda3/envs/python37/lib/python3.7/site-packages/airflow/example_dags/example_complex.py for tasks to queue
[2024-08-28T10:46:59.472+0200] {logging_mixin.py:137} INFO - [2024-08-28T10:46:59.471+0200] {dagbag.py:532} INFO - Filling up the DagBag from /Users/roselina/opt/anaconda3/envs/python37/lib/python3.7/site-packages/airflow/example_dags/example_complex.py
[2024-08-28T10:46:59.482+0200] {logging_mixin.py:137} INFO - [2024-08-28T10:46:59.482+0200] {taskmixin.py:211} WARNING - Dependency <Task(BashOperator): create_entry_group>, delete_entry_group already registered for DAG: example_complex
[2024-08-28T10:46:59.482+0200] {logging_mixin.py:137} INFO - [2024-08-28T10:46:59.482+0200] {taskmixin.py:211} WARNING - Dependency <Task(BashOperator): delete_entry_group>, create_entry_group already registered for DAG: example_complex
[2024-08-28T10:46:59.483+0200] {logging_mixin.py:137} INFO - [2024-08-28T10:46:59.483+0200] {taskmixin.py:211} WARNING - Dependency <Task(BashOperator): create_entry_gcs>, delete_entry already registered for DAG: example_complex
[2024-08-28T10:46:59.483+0200] {logging_mixin.py:137} INFO - [2024-08-28T10:46:59.483+0200] {taskmixin.py:211} WARNING - Dependency <Task(BashOperator): delete_entry>, create_entry_gcs already registered for DAG: example_complex
[2024-08-28T10:46:59.484+0200] {logging_mixin.py:137} INFO - [2024-08-28T10:46:59.484+0200] {taskmixin.py:211} WARNING - Dependency <Task(BashOperator): create_tag>, delete_tag already registered for DAG: example_complex
[2024-08-28T10:46:59.485+0200] {logging_mixin.py:137} INFO - [2024-08-28T10:46:59.484+0200] {taskmixin.py:211} WARNING - Dependency <Task(BashOperator): delete_tag>, create_tag already registered for DAG: example_complex
[2024-08-28T10:46:59.490+0200] {processor.py:753} INFO - DAG(s) dict_keys(['example_complex']) retrieved from /Users/roselina/opt/anaconda3/envs/python37/lib/python3.7/site-packages/airflow/example_dags/example_complex.py
[2024-08-28T10:46:59.508+0200] {logging_mixin.py:137} INFO - [2024-08-28T10:46:59.508+0200] {dag.py:2705} INFO - Sync 1 DAGs
[2024-08-28T10:46:59.519+0200] {logging_mixin.py:137} INFO - [2024-08-28T10:46:59.519+0200] {dag.py:3456} INFO - Setting next_dagrun for example_complex to None, run_after=None
[2024-08-28T10:46:59.529+0200] {processor.py:175} INFO - Processing /Users/roselina/opt/anaconda3/envs/python37/lib/python3.7/site-packages/airflow/example_dags/example_complex.py took 0.063 seconds
[2024-08-28T10:47:41.941+0200] {processor.py:153} INFO - Started process (PID=75804) to work on /Users/roselina/opt/anaconda3/envs/python37/lib/python3.7/site-packages/airflow/example_dags/example_complex.py
[2024-08-28T10:47:41.947+0200] {processor.py:743} INFO - Processing file /Users/roselina/opt/anaconda3/envs/python37/lib/python3.7/site-packages/airflow/example_dags/example_complex.py for tasks to queue
[2024-08-28T10:47:41.949+0200] {logging_mixin.py:137} INFO - [2024-08-28T10:47:41.948+0200] {dagbag.py:532} INFO - Filling up the DagBag from /Users/roselina/opt/anaconda3/envs/python37/lib/python3.7/site-packages/airflow/example_dags/example_complex.py
[2024-08-28T10:47:41.964+0200] {logging_mixin.py:137} INFO - [2024-08-28T10:47:41.964+0200] {taskmixin.py:211} WARNING - Dependency <Task(BashOperator): create_entry_group>, delete_entry_group already registered for DAG: example_complex
[2024-08-28T10:47:41.965+0200] {logging_mixin.py:137} INFO - [2024-08-28T10:47:41.964+0200] {taskmixin.py:211} WARNING - Dependency <Task(BashOperator): delete_entry_group>, create_entry_group already registered for DAG: example_complex
[2024-08-28T10:47:41.965+0200] {logging_mixin.py:137} INFO - [2024-08-28T10:47:41.965+0200] {taskmixin.py:211} WARNING - Dependency <Task(BashOperator): create_entry_gcs>, delete_entry already registered for DAG: example_complex
[2024-08-28T10:47:41.966+0200] {logging_mixin.py:137} INFO - [2024-08-28T10:47:41.966+0200] {taskmixin.py:211} WARNING - Dependency <Task(BashOperator): delete_entry>, create_entry_gcs already registered for DAG: example_complex
[2024-08-28T10:47:41.967+0200] {logging_mixin.py:137} INFO - [2024-08-28T10:47:41.966+0200] {taskmixin.py:211} WARNING - Dependency <Task(BashOperator): create_tag>, delete_tag already registered for DAG: example_complex
[2024-08-28T10:47:41.967+0200] {logging_mixin.py:137} INFO - [2024-08-28T10:47:41.967+0200] {taskmixin.py:211} WARNING - Dependency <Task(BashOperator): delete_tag>, create_tag already registered for DAG: example_complex
[2024-08-28T10:47:41.974+0200] {processor.py:753} INFO - DAG(s) dict_keys(['example_complex']) retrieved from /Users/roselina/opt/anaconda3/envs/python37/lib/python3.7/site-packages/airflow/example_dags/example_complex.py
[2024-08-28T10:47:41.998+0200] {logging_mixin.py:137} INFO - [2024-08-28T10:47:41.997+0200] {dag.py:2705} INFO - Sync 1 DAGs
[2024-08-28T10:47:42.011+0200] {logging_mixin.py:137} INFO - [2024-08-28T10:47:42.010+0200] {dag.py:3456} INFO - Setting next_dagrun for example_complex to None, run_after=None
[2024-08-28T10:47:42.021+0200] {processor.py:175} INFO - Processing /Users/roselina/opt/anaconda3/envs/python37/lib/python3.7/site-packages/airflow/example_dags/example_complex.py took 0.086 seconds
[2024-08-28T10:48:23.201+0200] {processor.py:153} INFO - Started process (PID=75871) to work on /Users/roselina/opt/anaconda3/envs/python37/lib/python3.7/site-packages/airflow/example_dags/example_complex.py
[2024-08-28T10:48:23.204+0200] {processor.py:743} INFO - Processing file /Users/roselina/opt/anaconda3/envs/python37/lib/python3.7/site-packages/airflow/example_dags/example_complex.py for tasks to queue
[2024-08-28T10:48:23.205+0200] {logging_mixin.py:137} INFO - [2024-08-28T10:48:23.205+0200] {dagbag.py:532} INFO - Filling up the DagBag from /Users/roselina/opt/anaconda3/envs/python37/lib/python3.7/site-packages/airflow/example_dags/example_complex.py
[2024-08-28T10:48:23.225+0200] {logging_mixin.py:137} INFO - [2024-08-28T10:48:23.224+0200] {taskmixin.py:211} WARNING - Dependency <Task(BashOperator): create_entry_group>, delete_entry_group already registered for DAG: example_complex
[2024-08-28T10:48:23.225+0200] {logging_mixin.py:137} INFO - [2024-08-28T10:48:23.225+0200] {taskmixin.py:211} WARNING - Dependency <Task(BashOperator): delete_entry_group>, create_entry_group already registered for DAG: example_complex
[2024-08-28T10:48:23.226+0200] {logging_mixin.py:137} INFO - [2024-08-28T10:48:23.226+0200] {taskmixin.py:211} WARNING - Dependency <Task(BashOperator): create_entry_gcs>, delete_entry already registered for DAG: example_complex
[2024-08-28T10:48:23.226+0200] {logging_mixin.py:137} INFO - [2024-08-28T10:48:23.226+0200] {taskmixin.py:211} WARNING - Dependency <Task(BashOperator): delete_entry>, create_entry_gcs already registered for DAG: example_complex
[2024-08-28T10:48:23.227+0200] {logging_mixin.py:137} INFO - [2024-08-28T10:48:23.227+0200] {taskmixin.py:211} WARNING - Dependency <Task(BashOperator): create_tag>, delete_tag already registered for DAG: example_complex
[2024-08-28T10:48:23.228+0200] {logging_mixin.py:137} INFO - [2024-08-28T10:48:23.227+0200] {taskmixin.py:211} WARNING - Dependency <Task(BashOperator): delete_tag>, create_tag already registered for DAG: example_complex
[2024-08-28T10:48:23.234+0200] {processor.py:753} INFO - DAG(s) dict_keys(['example_complex']) retrieved from /Users/roselina/opt/anaconda3/envs/python37/lib/python3.7/site-packages/airflow/example_dags/example_complex.py
[2024-08-28T10:48:23.255+0200] {logging_mixin.py:137} INFO - [2024-08-28T10:48:23.255+0200] {dag.py:2705} INFO - Sync 1 DAGs
[2024-08-28T10:48:23.266+0200] {logging_mixin.py:137} INFO - [2024-08-28T10:48:23.266+0200] {dag.py:3456} INFO - Setting next_dagrun for example_complex to None, run_after=None
[2024-08-28T10:48:23.279+0200] {processor.py:175} INFO - Processing /Users/roselina/opt/anaconda3/envs/python37/lib/python3.7/site-packages/airflow/example_dags/example_complex.py took 0.082 seconds
[2024-08-28T10:49:04.419+0200] {processor.py:153} INFO - Started process (PID=75925) to work on /Users/roselina/opt/anaconda3/envs/python37/lib/python3.7/site-packages/airflow/example_dags/example_complex.py
[2024-08-28T10:49:04.422+0200] {processor.py:743} INFO - Processing file /Users/roselina/opt/anaconda3/envs/python37/lib/python3.7/site-packages/airflow/example_dags/example_complex.py for tasks to queue
[2024-08-28T10:49:04.424+0200] {logging_mixin.py:137} INFO - [2024-08-28T10:49:04.423+0200] {dagbag.py:532} INFO - Filling up the DagBag from /Users/roselina/opt/anaconda3/envs/python37/lib/python3.7/site-packages/airflow/example_dags/example_complex.py
[2024-08-28T10:49:04.438+0200] {logging_mixin.py:137} INFO - [2024-08-28T10:49:04.437+0200] {taskmixin.py:211} WARNING - Dependency <Task(BashOperator): create_entry_group>, delete_entry_group already registered for DAG: example_complex
[2024-08-28T10:49:04.438+0200] {logging_mixin.py:137} INFO - [2024-08-28T10:49:04.438+0200] {taskmixin.py:211} WARNING - Dependency <Task(BashOperator): delete_entry_group>, create_entry_group already registered for DAG: example_complex
[2024-08-28T10:49:04.439+0200] {logging_mixin.py:137} INFO - [2024-08-28T10:49:04.439+0200] {taskmixin.py:211} WARNING - Dependency <Task(BashOperator): create_entry_gcs>, delete_entry already registered for DAG: example_complex
[2024-08-28T10:49:04.439+0200] {logging_mixin.py:137} INFO - [2024-08-28T10:49:04.439+0200] {taskmixin.py:211} WARNING - Dependency <Task(BashOperator): delete_entry>, create_entry_gcs already registered for DAG: example_complex
[2024-08-28T10:49:04.440+0200] {logging_mixin.py:137} INFO - [2024-08-28T10:49:04.440+0200] {taskmixin.py:211} WARNING - Dependency <Task(BashOperator): create_tag>, delete_tag already registered for DAG: example_complex
[2024-08-28T10:49:04.441+0200] {logging_mixin.py:137} INFO - [2024-08-28T10:49:04.440+0200] {taskmixin.py:211} WARNING - Dependency <Task(BashOperator): delete_tag>, create_tag already registered for DAG: example_complex
[2024-08-28T10:49:04.447+0200] {processor.py:753} INFO - DAG(s) dict_keys(['example_complex']) retrieved from /Users/roselina/opt/anaconda3/envs/python37/lib/python3.7/site-packages/airflow/example_dags/example_complex.py
[2024-08-28T10:49:04.468+0200] {logging_mixin.py:137} INFO - [2024-08-28T10:49:04.467+0200] {dag.py:2705} INFO - Sync 1 DAGs
[2024-08-28T10:49:04.479+0200] {logging_mixin.py:137} INFO - [2024-08-28T10:49:04.479+0200] {dag.py:3456} INFO - Setting next_dagrun for example_complex to None, run_after=None
[2024-08-28T10:49:04.489+0200] {processor.py:175} INFO - Processing /Users/roselina/opt/anaconda3/envs/python37/lib/python3.7/site-packages/airflow/example_dags/example_complex.py took 0.075 seconds
[2024-08-28T10:49:46.234+0200] {processor.py:153} INFO - Started process (PID=75970) to work on /Users/roselina/opt/anaconda3/envs/python37/lib/python3.7/site-packages/airflow/example_dags/example_complex.py
[2024-08-28T10:49:46.240+0200] {processor.py:743} INFO - Processing file /Users/roselina/opt/anaconda3/envs/python37/lib/python3.7/site-packages/airflow/example_dags/example_complex.py for tasks to queue
[2024-08-28T10:49:46.241+0200] {logging_mixin.py:137} INFO - [2024-08-28T10:49:46.241+0200] {dagbag.py:532} INFO - Filling up the DagBag from /Users/roselina/opt/anaconda3/envs/python37/lib/python3.7/site-packages/airflow/example_dags/example_complex.py
[2024-08-28T10:49:46.260+0200] {logging_mixin.py:137} INFO - [2024-08-28T10:49:46.260+0200] {taskmixin.py:211} WARNING - Dependency <Task(BashOperator): create_entry_group>, delete_entry_group already registered for DAG: example_complex
[2024-08-28T10:49:46.261+0200] {logging_mixin.py:137} INFO - [2024-08-28T10:49:46.261+0200] {taskmixin.py:211} WARNING - Dependency <Task(BashOperator): delete_entry_group>, create_entry_group already registered for DAG: example_complex
[2024-08-28T10:49:46.261+0200] {logging_mixin.py:137} INFO - [2024-08-28T10:49:46.261+0200] {taskmixin.py:211} WARNING - Dependency <Task(BashOperator): create_entry_gcs>, delete_entry already registered for DAG: example_complex
[2024-08-28T10:49:46.262+0200] {logging_mixin.py:137} INFO - [2024-08-28T10:49:46.262+0200] {taskmixin.py:211} WARNING - Dependency <Task(BashOperator): delete_entry>, create_entry_gcs already registered for DAG: example_complex
[2024-08-28T10:49:46.263+0200] {logging_mixin.py:137} INFO - [2024-08-28T10:49:46.262+0200] {taskmixin.py:211} WARNING - Dependency <Task(BashOperator): create_tag>, delete_tag already registered for DAG: example_complex
[2024-08-28T10:49:46.263+0200] {logging_mixin.py:137} INFO - [2024-08-28T10:49:46.263+0200] {taskmixin.py:211} WARNING - Dependency <Task(BashOperator): delete_tag>, create_tag already registered for DAG: example_complex
[2024-08-28T10:49:46.270+0200] {processor.py:753} INFO - DAG(s) dict_keys(['example_complex']) retrieved from /Users/roselina/opt/anaconda3/envs/python37/lib/python3.7/site-packages/airflow/example_dags/example_complex.py
[2024-08-28T10:49:46.295+0200] {logging_mixin.py:137} INFO - [2024-08-28T10:49:46.295+0200] {dag.py:2705} INFO - Sync 1 DAGs
[2024-08-28T10:49:46.311+0200] {logging_mixin.py:137} INFO - [2024-08-28T10:49:46.310+0200] {dag.py:3456} INFO - Setting next_dagrun for example_complex to None, run_after=None
[2024-08-28T10:49:46.320+0200] {processor.py:175} INFO - Processing /Users/roselina/opt/anaconda3/envs/python37/lib/python3.7/site-packages/airflow/example_dags/example_complex.py took 0.089 seconds
[2024-08-28T10:50:27.339+0200] {processor.py:153} INFO - Started process (PID=76015) to work on /Users/roselina/opt/anaconda3/envs/python37/lib/python3.7/site-packages/airflow/example_dags/example_complex.py
[2024-08-28T10:50:27.340+0200] {processor.py:743} INFO - Processing file /Users/roselina/opt/anaconda3/envs/python37/lib/python3.7/site-packages/airflow/example_dags/example_complex.py for tasks to queue
[2024-08-28T10:50:27.342+0200] {logging_mixin.py:137} INFO - [2024-08-28T10:50:27.341+0200] {dagbag.py:532} INFO - Filling up the DagBag from /Users/roselina/opt/anaconda3/envs/python37/lib/python3.7/site-packages/airflow/example_dags/example_complex.py
[2024-08-28T10:50:27.354+0200] {logging_mixin.py:137} INFO - [2024-08-28T10:50:27.353+0200] {taskmixin.py:211} WARNING - Dependency <Task(BashOperator): create_entry_group>, delete_entry_group already registered for DAG: example_complex
[2024-08-28T10:50:27.354+0200] {logging_mixin.py:137} INFO - [2024-08-28T10:50:27.354+0200] {taskmixin.py:211} WARNING - Dependency <Task(BashOperator): delete_entry_group>, create_entry_group already registered for DAG: example_complex
[2024-08-28T10:50:27.355+0200] {logging_mixin.py:137} INFO - [2024-08-28T10:50:27.355+0200] {taskmixin.py:211} WARNING - Dependency <Task(BashOperator): create_entry_gcs>, delete_entry already registered for DAG: example_complex
[2024-08-28T10:50:27.356+0200] {logging_mixin.py:137} INFO - [2024-08-28T10:50:27.355+0200] {taskmixin.py:211} WARNING - Dependency <Task(BashOperator): delete_entry>, create_entry_gcs already registered for DAG: example_complex
[2024-08-28T10:50:27.356+0200] {logging_mixin.py:137} INFO - [2024-08-28T10:50:27.356+0200] {taskmixin.py:211} WARNING - Dependency <Task(BashOperator): create_tag>, delete_tag already registered for DAG: example_complex
[2024-08-28T10:50:27.357+0200] {logging_mixin.py:137} INFO - [2024-08-28T10:50:27.357+0200] {taskmixin.py:211} WARNING - Dependency <Task(BashOperator): delete_tag>, create_tag already registered for DAG: example_complex
[2024-08-28T10:50:27.363+0200] {processor.py:753} INFO - DAG(s) dict_keys(['example_complex']) retrieved from /Users/roselina/opt/anaconda3/envs/python37/lib/python3.7/site-packages/airflow/example_dags/example_complex.py
[2024-08-28T10:50:27.384+0200] {logging_mixin.py:137} INFO - [2024-08-28T10:50:27.384+0200] {dag.py:2705} INFO - Sync 1 DAGs
[2024-08-28T10:50:27.396+0200] {logging_mixin.py:137} INFO - [2024-08-28T10:50:27.396+0200] {dag.py:3456} INFO - Setting next_dagrun for example_complex to None, run_after=None
[2024-08-28T10:50:27.406+0200] {processor.py:175} INFO - Processing /Users/roselina/opt/anaconda3/envs/python37/lib/python3.7/site-packages/airflow/example_dags/example_complex.py took 0.070 seconds
[2024-08-28T10:51:08.040+0200] {processor.py:153} INFO - Started process (PID=76069) to work on /Users/roselina/opt/anaconda3/envs/python37/lib/python3.7/site-packages/airflow/example_dags/example_complex.py
[2024-08-28T10:51:08.044+0200] {processor.py:743} INFO - Processing file /Users/roselina/opt/anaconda3/envs/python37/lib/python3.7/site-packages/airflow/example_dags/example_complex.py for tasks to queue
[2024-08-28T10:51:08.045+0200] {logging_mixin.py:137} INFO - [2024-08-28T10:51:08.045+0200] {dagbag.py:532} INFO - Filling up the DagBag from /Users/roselina/opt/anaconda3/envs/python37/lib/python3.7/site-packages/airflow/example_dags/example_complex.py
[2024-08-28T10:51:08.058+0200] {logging_mixin.py:137} INFO - [2024-08-28T10:51:08.058+0200] {taskmixin.py:211} WARNING - Dependency <Task(BashOperator): create_entry_group>, delete_entry_group already registered for DAG: example_complex
[2024-08-28T10:51:08.059+0200] {logging_mixin.py:137} INFO - [2024-08-28T10:51:08.059+0200] {taskmixin.py:211} WARNING - Dependency <Task(BashOperator): delete_entry_group>, create_entry_group already registered for DAG: example_complex
[2024-08-28T10:51:08.059+0200] {logging_mixin.py:137} INFO - [2024-08-28T10:51:08.059+0200] {taskmixin.py:211} WARNING - Dependency <Task(BashOperator): create_entry_gcs>, delete_entry already registered for DAG: example_complex
[2024-08-28T10:51:08.060+0200] {logging_mixin.py:137} INFO - [2024-08-28T10:51:08.060+0200] {taskmixin.py:211} WARNING - Dependency <Task(BashOperator): delete_entry>, create_entry_gcs already registered for DAG: example_complex
[2024-08-28T10:51:08.061+0200] {logging_mixin.py:137} INFO - [2024-08-28T10:51:08.060+0200] {taskmixin.py:211} WARNING - Dependency <Task(BashOperator): create_tag>, delete_tag already registered for DAG: example_complex
[2024-08-28T10:51:08.061+0200] {logging_mixin.py:137} INFO - [2024-08-28T10:51:08.061+0200] {taskmixin.py:211} WARNING - Dependency <Task(BashOperator): delete_tag>, create_tag already registered for DAG: example_complex
[2024-08-28T10:51:08.068+0200] {processor.py:753} INFO - DAG(s) dict_keys(['example_complex']) retrieved from /Users/roselina/opt/anaconda3/envs/python37/lib/python3.7/site-packages/airflow/example_dags/example_complex.py
[2024-08-28T10:51:08.093+0200] {logging_mixin.py:137} INFO - [2024-08-28T10:51:08.092+0200] {dag.py:2705} INFO - Sync 1 DAGs
[2024-08-28T10:51:08.104+0200] {logging_mixin.py:137} INFO - [2024-08-28T10:51:08.104+0200] {dag.py:3456} INFO - Setting next_dagrun for example_complex to None, run_after=None
[2024-08-28T10:51:08.114+0200] {processor.py:175} INFO - Processing /Users/roselina/opt/anaconda3/envs/python37/lib/python3.7/site-packages/airflow/example_dags/example_complex.py took 0.078 seconds
[2024-08-28T10:51:49.885+0200] {processor.py:153} INFO - Started process (PID=76121) to work on /Users/roselina/opt/anaconda3/envs/python37/lib/python3.7/site-packages/airflow/example_dags/example_complex.py
[2024-08-28T10:51:49.888+0200] {processor.py:743} INFO - Processing file /Users/roselina/opt/anaconda3/envs/python37/lib/python3.7/site-packages/airflow/example_dags/example_complex.py for tasks to queue
[2024-08-28T10:51:49.889+0200] {logging_mixin.py:137} INFO - [2024-08-28T10:51:49.889+0200] {dagbag.py:532} INFO - Filling up the DagBag from /Users/roselina/opt/anaconda3/envs/python37/lib/python3.7/site-packages/airflow/example_dags/example_complex.py
[2024-08-28T10:51:49.903+0200] {logging_mixin.py:137} INFO - [2024-08-28T10:51:49.903+0200] {taskmixin.py:211} WARNING - Dependency <Task(BashOperator): create_entry_group>, delete_entry_group already registered for DAG: example_complex
[2024-08-28T10:51:49.904+0200] {logging_mixin.py:137} INFO - [2024-08-28T10:51:49.903+0200] {taskmixin.py:211} WARNING - Dependency <Task(BashOperator): delete_entry_group>, create_entry_group already registered for DAG: example_complex
[2024-08-28T10:51:49.904+0200] {logging_mixin.py:137} INFO - [2024-08-28T10:51:49.904+0200] {taskmixin.py:211} WARNING - Dependency <Task(BashOperator): create_entry_gcs>, delete_entry already registered for DAG: example_complex
[2024-08-28T10:51:49.905+0200] {logging_mixin.py:137} INFO - [2024-08-28T10:51:49.905+0200] {taskmixin.py:211} WARNING - Dependency <Task(BashOperator): delete_entry>, create_entry_gcs already registered for DAG: example_complex
[2024-08-28T10:51:49.906+0200] {logging_mixin.py:137} INFO - [2024-08-28T10:51:49.905+0200] {taskmixin.py:211} WARNING - Dependency <Task(BashOperator): create_tag>, delete_tag already registered for DAG: example_complex
[2024-08-28T10:51:49.906+0200] {logging_mixin.py:137} INFO - [2024-08-28T10:51:49.906+0200] {taskmixin.py:211} WARNING - Dependency <Task(BashOperator): delete_tag>, create_tag already registered for DAG: example_complex
[2024-08-28T10:51:49.913+0200] {processor.py:753} INFO - DAG(s) dict_keys(['example_complex']) retrieved from /Users/roselina/opt/anaconda3/envs/python37/lib/python3.7/site-packages/airflow/example_dags/example_complex.py
[2024-08-28T10:51:49.933+0200] {logging_mixin.py:137} INFO - [2024-08-28T10:51:49.933+0200] {dag.py:2705} INFO - Sync 1 DAGs
[2024-08-28T10:51:49.945+0200] {logging_mixin.py:137} INFO - [2024-08-28T10:51:49.945+0200] {dag.py:3456} INFO - Setting next_dagrun for example_complex to None, run_after=None
[2024-08-28T10:51:49.954+0200] {processor.py:175} INFO - Processing /Users/roselina/opt/anaconda3/envs/python37/lib/python3.7/site-packages/airflow/example_dags/example_complex.py took 0.074 seconds
[2024-08-28T10:52:30.711+0200] {processor.py:153} INFO - Started process (PID=76176) to work on /Users/roselina/opt/anaconda3/envs/python37/lib/python3.7/site-packages/airflow/example_dags/example_complex.py
[2024-08-28T10:52:30.713+0200] {processor.py:743} INFO - Processing file /Users/roselina/opt/anaconda3/envs/python37/lib/python3.7/site-packages/airflow/example_dags/example_complex.py for tasks to queue
[2024-08-28T10:52:30.714+0200] {logging_mixin.py:137} INFO - [2024-08-28T10:52:30.714+0200] {dagbag.py:532} INFO - Filling up the DagBag from /Users/roselina/opt/anaconda3/envs/python37/lib/python3.7/site-packages/airflow/example_dags/example_complex.py
[2024-08-28T10:52:30.728+0200] {logging_mixin.py:137} INFO - [2024-08-28T10:52:30.728+0200] {taskmixin.py:211} WARNING - Dependency <Task(BashOperator): create_entry_group>, delete_entry_group already registered for DAG: example_complex
[2024-08-28T10:52:30.729+0200] {logging_mixin.py:137} INFO - [2024-08-28T10:52:30.729+0200] {taskmixin.py:211} WARNING - Dependency <Task(BashOperator): delete_entry_group>, create_entry_group already registered for DAG: example_complex
[2024-08-28T10:52:30.730+0200] {logging_mixin.py:137} INFO - [2024-08-28T10:52:30.729+0200] {taskmixin.py:211} WARNING - Dependency <Task(BashOperator): create_entry_gcs>, delete_entry already registered for DAG: example_complex
[2024-08-28T10:52:30.730+0200] {logging_mixin.py:137} INFO - [2024-08-28T10:52:30.730+0200] {taskmixin.py:211} WARNING - Dependency <Task(BashOperator): delete_entry>, create_entry_gcs already registered for DAG: example_complex
[2024-08-28T10:52:30.731+0200] {logging_mixin.py:137} INFO - [2024-08-28T10:52:30.731+0200] {taskmixin.py:211} WARNING - Dependency <Task(BashOperator): create_tag>, delete_tag already registered for DAG: example_complex
[2024-08-28T10:52:30.732+0200] {logging_mixin.py:137} INFO - [2024-08-28T10:52:30.731+0200] {taskmixin.py:211} WARNING - Dependency <Task(BashOperator): delete_tag>, create_tag already registered for DAG: example_complex
[2024-08-28T10:52:30.738+0200] {processor.py:753} INFO - DAG(s) dict_keys(['example_complex']) retrieved from /Users/roselina/opt/anaconda3/envs/python37/lib/python3.7/site-packages/airflow/example_dags/example_complex.py
[2024-08-28T10:52:30.758+0200] {logging_mixin.py:137} INFO - [2024-08-28T10:52:30.758+0200] {dag.py:2705} INFO - Sync 1 DAGs
[2024-08-28T10:52:30.769+0200] {logging_mixin.py:137} INFO - [2024-08-28T10:52:30.769+0200] {dag.py:3456} INFO - Setting next_dagrun for example_complex to None, run_after=None
[2024-08-28T10:52:30.779+0200] {processor.py:175} INFO - Processing /Users/roselina/opt/anaconda3/envs/python37/lib/python3.7/site-packages/airflow/example_dags/example_complex.py took 0.072 seconds
[2024-08-28T10:53:12.639+0200] {processor.py:153} INFO - Started process (PID=76222) to work on /Users/roselina/opt/anaconda3/envs/python37/lib/python3.7/site-packages/airflow/example_dags/example_complex.py
[2024-08-28T10:53:12.642+0200] {processor.py:743} INFO - Processing file /Users/roselina/opt/anaconda3/envs/python37/lib/python3.7/site-packages/airflow/example_dags/example_complex.py for tasks to queue
[2024-08-28T10:53:12.643+0200] {logging_mixin.py:137} INFO - [2024-08-28T10:53:12.643+0200] {dagbag.py:532} INFO - Filling up the DagBag from /Users/roselina/opt/anaconda3/envs/python37/lib/python3.7/site-packages/airflow/example_dags/example_complex.py
[2024-08-28T10:53:12.657+0200] {logging_mixin.py:137} INFO - [2024-08-28T10:53:12.657+0200] {taskmixin.py:211} WARNING - Dependency <Task(BashOperator): create_entry_group>, delete_entry_group already registered for DAG: example_complex
[2024-08-28T10:53:12.658+0200] {logging_mixin.py:137} INFO - [2024-08-28T10:53:12.658+0200] {taskmixin.py:211} WARNING - Dependency <Task(BashOperator): delete_entry_group>, create_entry_group already registered for DAG: example_complex
[2024-08-28T10:53:12.659+0200] {logging_mixin.py:137} INFO - [2024-08-28T10:53:12.658+0200] {taskmixin.py:211} WARNING - Dependency <Task(BashOperator): create_entry_gcs>, delete_entry already registered for DAG: example_complex
[2024-08-28T10:53:12.659+0200] {logging_mixin.py:137} INFO - [2024-08-28T10:53:12.659+0200] {taskmixin.py:211} WARNING - Dependency <Task(BashOperator): delete_entry>, create_entry_gcs already registered for DAG: example_complex
[2024-08-28T10:53:12.660+0200] {logging_mixin.py:137} INFO - [2024-08-28T10:53:12.660+0200] {taskmixin.py:211} WARNING - Dependency <Task(BashOperator): create_tag>, delete_tag already registered for DAG: example_complex
[2024-08-28T10:53:12.660+0200] {logging_mixin.py:137} INFO - [2024-08-28T10:53:12.660+0200] {taskmixin.py:211} WARNING - Dependency <Task(BashOperator): delete_tag>, create_tag already registered for DAG: example_complex
[2024-08-28T10:53:12.667+0200] {processor.py:753} INFO - DAG(s) dict_keys(['example_complex']) retrieved from /Users/roselina/opt/anaconda3/envs/python37/lib/python3.7/site-packages/airflow/example_dags/example_complex.py
[2024-08-28T10:53:12.687+0200] {logging_mixin.py:137} INFO - [2024-08-28T10:53:12.687+0200] {dag.py:2705} INFO - Sync 1 DAGs
[2024-08-28T10:53:12.699+0200] {logging_mixin.py:137} INFO - [2024-08-28T10:53:12.699+0200] {dag.py:3456} INFO - Setting next_dagrun for example_complex to None, run_after=None
[2024-08-28T10:53:12.710+0200] {processor.py:175} INFO - Processing /Users/roselina/opt/anaconda3/envs/python37/lib/python3.7/site-packages/airflow/example_dags/example_complex.py took 0.076 seconds
