[2024-08-28T10:11:16.929+0200] {processor.py:153} INFO - Started process (PID=74930) to work on /Users/roselina/opt/anaconda3/envs/python37/lib/python3.7/site-packages/airflow/example_dags/example_subdag_operator.py
[2024-08-28T10:11:16.946+0200] {processor.py:743} INFO - Processing file /Users/roselina/opt/anaconda3/envs/python37/lib/python3.7/site-packages/airflow/example_dags/example_subdag_operator.py for tasks to queue
[2024-08-28T10:11:16.956+0200] {logging_mixin.py:137} INFO - [2024-08-28T10:11:16.955+0200] {dagbag.py:532} INFO - Filling up the DagBag from /Users/roselina/opt/anaconda3/envs/python37/lib/python3.7/site-packages/airflow/example_dags/example_subdag_operator.py
[2024-08-28T10:11:17.070+0200] {processor.py:753} INFO - DAG(s) dict_keys(['example_subdag_operator.section-1', 'example_subdag_operator.section-2', 'example_subdag_operator']) retrieved from /Users/roselina/opt/anaconda3/envs/python37/lib/python3.7/site-packages/airflow/example_dags/example_subdag_operator.py
[2024-08-28T10:11:17.143+0200] {logging_mixin.py:137} INFO - [2024-08-28T10:11:17.143+0200] {manager.py:504} INFO - Created Permission View: can read on DAG:example_subdag_operator
[2024-08-28T10:11:17.149+0200] {logging_mixin.py:137} INFO - [2024-08-28T10:11:17.148+0200] {manager.py:504} INFO - Created Permission View: can delete on DAG:example_subdag_operator
[2024-08-28T10:11:17.152+0200] {logging_mixin.py:137} INFO - [2024-08-28T10:11:17.152+0200] {manager.py:504} INFO - Created Permission View: can edit on DAG:example_subdag_operator
[2024-08-28T10:11:17.153+0200] {logging_mixin.py:137} INFO - [2024-08-28T10:11:17.152+0200] {dag.py:2705} INFO - Sync 3 DAGs
[2024-08-28T10:11:17.160+0200] {logging_mixin.py:137} INFO - [2024-08-28T10:11:17.160+0200] {dag.py:2726} INFO - Creating ORM DAG for example_subdag_operator.section-1
[2024-08-28T10:11:17.161+0200] {logging_mixin.py:137} INFO - [2024-08-28T10:11:17.161+0200] {dag.py:2726} INFO - Creating ORM DAG for example_subdag_operator.section-2
[2024-08-28T10:11:17.161+0200] {logging_mixin.py:137} INFO - [2024-08-28T10:11:17.161+0200] {dag.py:2726} INFO - Creating ORM DAG for example_subdag_operator
[2024-08-28T10:11:17.167+0200] {logging_mixin.py:137} INFO - [2024-08-28T10:11:17.166+0200] {dag.py:3456} INFO - Setting next_dagrun for example_subdag_operator to 2022-01-01T00:00:00+00:00, run_after=2022-01-01T00:00:00+00:00
[2024-08-28T10:11:17.167+0200] {logging_mixin.py:137} INFO - [2024-08-28T10:11:17.167+0200] {dag.py:3456} INFO - Setting next_dagrun for example_subdag_operator.section-1 to None, run_after=None
[2024-08-28T10:11:17.168+0200] {logging_mixin.py:137} INFO - [2024-08-28T10:11:17.167+0200] {dag.py:3456} INFO - Setting next_dagrun for example_subdag_operator.section-2 to None, run_after=None
[2024-08-28T10:11:17.172+0200] {logging_mixin.py:137} INFO - [2024-08-28T10:11:17.171+0200] {dag.py:2705} INFO - Sync 2 DAGs
[2024-08-28T10:11:17.174+0200] {logging_mixin.py:137} INFO - [2024-08-28T10:11:17.174+0200] {dag.py:3456} INFO - Setting next_dagrun for example_subdag_operator.section-1 to None, run_after=None
[2024-08-28T10:11:17.176+0200] {logging_mixin.py:137} INFO - [2024-08-28T10:11:17.176+0200] {dag.py:3456} INFO - Setting next_dagrun for example_subdag_operator.section-2 to None, run_after=None
[2024-08-28T10:11:17.182+0200] {processor.py:175} INFO - Processing /Users/roselina/opt/anaconda3/envs/python37/lib/python3.7/site-packages/airflow/example_dags/example_subdag_operator.py took 0.281 seconds
[2024-08-28T10:12:01.082+0200] {processor.py:153} INFO - Started process (PID=74995) to work on /Users/roselina/opt/anaconda3/envs/python37/lib/python3.7/site-packages/airflow/example_dags/example_subdag_operator.py
[2024-08-28T10:12:01.083+0200] {processor.py:743} INFO - Processing file /Users/roselina/opt/anaconda3/envs/python37/lib/python3.7/site-packages/airflow/example_dags/example_subdag_operator.py for tasks to queue
[2024-08-28T10:12:01.084+0200] {logging_mixin.py:137} INFO - [2024-08-28T10:12:01.084+0200] {dagbag.py:532} INFO - Filling up the DagBag from /Users/roselina/opt/anaconda3/envs/python37/lib/python3.7/site-packages/airflow/example_dags/example_subdag_operator.py
[2024-08-28T10:12:01.109+0200] {processor.py:753} INFO - DAG(s) dict_keys(['example_subdag_operator.section-1', 'example_subdag_operator.section-2', 'example_subdag_operator']) retrieved from /Users/roselina/opt/anaconda3/envs/python37/lib/python3.7/site-packages/airflow/example_dags/example_subdag_operator.py
[2024-08-28T10:12:01.122+0200] {logging_mixin.py:137} INFO - [2024-08-28T10:12:01.122+0200] {dag.py:2705} INFO - Sync 3 DAGs
[2024-08-28T10:12:01.134+0200] {logging_mixin.py:137} INFO - [2024-08-28T10:12:01.134+0200] {dag.py:3456} INFO - Setting next_dagrun for example_subdag_operator to 2022-01-01T00:00:00+00:00, run_after=2022-01-01T00:00:00+00:00
[2024-08-28T10:12:01.136+0200] {logging_mixin.py:137} INFO - [2024-08-28T10:12:01.136+0200] {dag.py:3456} INFO - Setting next_dagrun for example_subdag_operator.section-1 to None, run_after=None
[2024-08-28T10:12:01.137+0200] {logging_mixin.py:137} INFO - [2024-08-28T10:12:01.137+0200] {dag.py:3456} INFO - Setting next_dagrun for example_subdag_operator.section-2 to None, run_after=None
[2024-08-28T10:12:01.140+0200] {logging_mixin.py:137} INFO - [2024-08-28T10:12:01.140+0200] {dag.py:2705} INFO - Sync 2 DAGs
[2024-08-28T10:12:01.143+0200] {logging_mixin.py:137} INFO - [2024-08-28T10:12:01.143+0200] {dag.py:3456} INFO - Setting next_dagrun for example_subdag_operator.section-1 to None, run_after=None
[2024-08-28T10:12:01.143+0200] {logging_mixin.py:137} INFO - [2024-08-28T10:12:01.143+0200] {dag.py:3456} INFO - Setting next_dagrun for example_subdag_operator.section-2 to None, run_after=None
[2024-08-28T10:12:01.149+0200] {processor.py:175} INFO - Processing /Users/roselina/opt/anaconda3/envs/python37/lib/python3.7/site-packages/airflow/example_dags/example_subdag_operator.py took 0.071 seconds
[2024-08-28T10:12:41.867+0200] {processor.py:153} INFO - Started process (PID=75051) to work on /Users/roselina/opt/anaconda3/envs/python37/lib/python3.7/site-packages/airflow/example_dags/example_subdag_operator.py
[2024-08-28T10:12:41.869+0200] {processor.py:743} INFO - Processing file /Users/roselina/opt/anaconda3/envs/python37/lib/python3.7/site-packages/airflow/example_dags/example_subdag_operator.py for tasks to queue
[2024-08-28T10:12:41.870+0200] {logging_mixin.py:137} INFO - [2024-08-28T10:12:41.870+0200] {dagbag.py:532} INFO - Filling up the DagBag from /Users/roselina/opt/anaconda3/envs/python37/lib/python3.7/site-packages/airflow/example_dags/example_subdag_operator.py
[2024-08-28T10:12:41.900+0200] {processor.py:753} INFO - DAG(s) dict_keys(['example_subdag_operator.section-1', 'example_subdag_operator.section-2', 'example_subdag_operator']) retrieved from /Users/roselina/opt/anaconda3/envs/python37/lib/python3.7/site-packages/airflow/example_dags/example_subdag_operator.py
[2024-08-28T10:12:41.914+0200] {logging_mixin.py:137} INFO - [2024-08-28T10:12:41.914+0200] {dag.py:2705} INFO - Sync 3 DAGs
[2024-08-28T10:12:41.929+0200] {logging_mixin.py:137} INFO - [2024-08-28T10:12:41.929+0200] {dag.py:3456} INFO - Setting next_dagrun for example_subdag_operator to 2022-01-01T00:00:00+00:00, run_after=2022-01-01T00:00:00+00:00
[2024-08-28T10:12:41.930+0200] {logging_mixin.py:137} INFO - [2024-08-28T10:12:41.930+0200] {dag.py:3456} INFO - Setting next_dagrun for example_subdag_operator.section-1 to None, run_after=None
[2024-08-28T10:12:41.931+0200] {logging_mixin.py:137} INFO - [2024-08-28T10:12:41.931+0200] {dag.py:3456} INFO - Setting next_dagrun for example_subdag_operator.section-2 to None, run_after=None
[2024-08-28T10:12:41.935+0200] {logging_mixin.py:137} INFO - [2024-08-28T10:12:41.935+0200] {dag.py:2705} INFO - Sync 2 DAGs
[2024-08-28T10:12:41.937+0200] {logging_mixin.py:137} INFO - [2024-08-28T10:12:41.937+0200] {dag.py:3456} INFO - Setting next_dagrun for example_subdag_operator.section-1 to None, run_after=None
[2024-08-28T10:12:41.938+0200] {logging_mixin.py:137} INFO - [2024-08-28T10:12:41.938+0200] {dag.py:3456} INFO - Setting next_dagrun for example_subdag_operator.section-2 to None, run_after=None
[2024-08-28T10:12:41.944+0200] {processor.py:175} INFO - Processing /Users/roselina/opt/anaconda3/envs/python37/lib/python3.7/site-packages/airflow/example_dags/example_subdag_operator.py took 0.081 seconds
[2024-08-28T10:13:24.838+0200] {processor.py:153} INFO - Started process (PID=75115) to work on /Users/roselina/opt/anaconda3/envs/python37/lib/python3.7/site-packages/airflow/example_dags/example_subdag_operator.py
[2024-08-28T10:13:24.839+0200] {processor.py:743} INFO - Processing file /Users/roselina/opt/anaconda3/envs/python37/lib/python3.7/site-packages/airflow/example_dags/example_subdag_operator.py for tasks to queue
[2024-08-28T10:13:24.840+0200] {logging_mixin.py:137} INFO - [2024-08-28T10:13:24.840+0200] {dagbag.py:532} INFO - Filling up the DagBag from /Users/roselina/opt/anaconda3/envs/python37/lib/python3.7/site-packages/airflow/example_dags/example_subdag_operator.py
[2024-08-28T10:13:24.866+0200] {processor.py:753} INFO - DAG(s) dict_keys(['example_subdag_operator.section-1', 'example_subdag_operator.section-2', 'example_subdag_operator']) retrieved from /Users/roselina/opt/anaconda3/envs/python37/lib/python3.7/site-packages/airflow/example_dags/example_subdag_operator.py
[2024-08-28T10:13:24.878+0200] {logging_mixin.py:137} INFO - [2024-08-28T10:13:24.878+0200] {dag.py:2705} INFO - Sync 3 DAGs
[2024-08-28T10:13:24.890+0200] {logging_mixin.py:137} INFO - [2024-08-28T10:13:24.890+0200] {dag.py:3456} INFO - Setting next_dagrun for example_subdag_operator to 2022-01-01T00:00:00+00:00, run_after=2022-01-01T00:00:00+00:00
[2024-08-28T10:13:24.892+0200] {logging_mixin.py:137} INFO - [2024-08-28T10:13:24.892+0200] {dag.py:3456} INFO - Setting next_dagrun for example_subdag_operator.section-1 to None, run_after=None
[2024-08-28T10:13:24.892+0200] {logging_mixin.py:137} INFO - [2024-08-28T10:13:24.892+0200] {dag.py:3456} INFO - Setting next_dagrun for example_subdag_operator.section-2 to None, run_after=None
[2024-08-28T10:13:24.897+0200] {logging_mixin.py:137} INFO - [2024-08-28T10:13:24.897+0200] {dag.py:2705} INFO - Sync 2 DAGs
[2024-08-28T10:13:24.899+0200] {logging_mixin.py:137} INFO - [2024-08-28T10:13:24.899+0200] {dag.py:3456} INFO - Setting next_dagrun for example_subdag_operator.section-1 to None, run_after=None
[2024-08-28T10:13:24.900+0200] {logging_mixin.py:137} INFO - [2024-08-28T10:13:24.900+0200] {dag.py:3456} INFO - Setting next_dagrun for example_subdag_operator.section-2 to None, run_after=None
[2024-08-28T10:13:24.906+0200] {processor.py:175} INFO - Processing /Users/roselina/opt/anaconda3/envs/python37/lib/python3.7/site-packages/airflow/example_dags/example_subdag_operator.py took 0.072 seconds
[2024-08-28T10:14:06.345+0200] {processor.py:153} INFO - Started process (PID=75193) to work on /Users/roselina/opt/anaconda3/envs/python37/lib/python3.7/site-packages/airflow/example_dags/example_subdag_operator.py
[2024-08-28T10:14:06.347+0200] {processor.py:743} INFO - Processing file /Users/roselina/opt/anaconda3/envs/python37/lib/python3.7/site-packages/airflow/example_dags/example_subdag_operator.py for tasks to queue
[2024-08-28T10:14:06.348+0200] {logging_mixin.py:137} INFO - [2024-08-28T10:14:06.348+0200] {dagbag.py:532} INFO - Filling up the DagBag from /Users/roselina/opt/anaconda3/envs/python37/lib/python3.7/site-packages/airflow/example_dags/example_subdag_operator.py
[2024-08-28T10:14:06.381+0200] {processor.py:753} INFO - DAG(s) dict_keys(['example_subdag_operator.section-1', 'example_subdag_operator.section-2', 'example_subdag_operator']) retrieved from /Users/roselina/opt/anaconda3/envs/python37/lib/python3.7/site-packages/airflow/example_dags/example_subdag_operator.py
[2024-08-28T10:14:06.404+0200] {logging_mixin.py:137} INFO - [2024-08-28T10:14:06.401+0200] {dag.py:2705} INFO - Sync 3 DAGs
[2024-08-28T10:14:06.464+0200] {logging_mixin.py:137} INFO - [2024-08-28T10:14:06.463+0200] {dag.py:3456} INFO - Setting next_dagrun for example_subdag_operator to 2022-01-01T00:00:00+00:00, run_after=2022-01-01T00:00:00+00:00
[2024-08-28T10:14:06.467+0200] {logging_mixin.py:137} INFO - [2024-08-28T10:14:06.466+0200] {dag.py:3456} INFO - Setting next_dagrun for example_subdag_operator.section-1 to None, run_after=None
[2024-08-28T10:14:06.467+0200] {logging_mixin.py:137} INFO - [2024-08-28T10:14:06.467+0200] {dag.py:3456} INFO - Setting next_dagrun for example_subdag_operator.section-2 to None, run_after=None
[2024-08-28T10:14:06.472+0200] {logging_mixin.py:137} INFO - [2024-08-28T10:14:06.472+0200] {dag.py:2705} INFO - Sync 2 DAGs
[2024-08-28T10:14:06.477+0200] {logging_mixin.py:137} INFO - [2024-08-28T10:14:06.476+0200] {dag.py:3456} INFO - Setting next_dagrun for example_subdag_operator.section-1 to None, run_after=None
[2024-08-28T10:14:06.477+0200] {logging_mixin.py:137} INFO - [2024-08-28T10:14:06.477+0200] {dag.py:3456} INFO - Setting next_dagrun for example_subdag_operator.section-2 to None, run_after=None
[2024-08-28T10:14:06.485+0200] {processor.py:175} INFO - Processing /Users/roselina/opt/anaconda3/envs/python37/lib/python3.7/site-packages/airflow/example_dags/example_subdag_operator.py took 0.145 seconds
[2024-08-28T10:14:48.975+0200] {processor.py:153} INFO - Started process (PID=75241) to work on /Users/roselina/opt/anaconda3/envs/python37/lib/python3.7/site-packages/airflow/example_dags/example_subdag_operator.py
[2024-08-28T10:14:48.976+0200] {processor.py:743} INFO - Processing file /Users/roselina/opt/anaconda3/envs/python37/lib/python3.7/site-packages/airflow/example_dags/example_subdag_operator.py for tasks to queue
[2024-08-28T10:14:48.978+0200] {logging_mixin.py:137} INFO - [2024-08-28T10:14:48.977+0200] {dagbag.py:532} INFO - Filling up the DagBag from /Users/roselina/opt/anaconda3/envs/python37/lib/python3.7/site-packages/airflow/example_dags/example_subdag_operator.py
[2024-08-28T10:14:49.023+0200] {processor.py:753} INFO - DAG(s) dict_keys(['example_subdag_operator.section-1', 'example_subdag_operator.section-2', 'example_subdag_operator']) retrieved from /Users/roselina/opt/anaconda3/envs/python37/lib/python3.7/site-packages/airflow/example_dags/example_subdag_operator.py
[2024-08-28T10:14:49.036+0200] {logging_mixin.py:137} INFO - [2024-08-28T10:14:49.036+0200] {dag.py:2705} INFO - Sync 3 DAGs
[2024-08-28T10:14:49.048+0200] {logging_mixin.py:137} INFO - [2024-08-28T10:14:49.048+0200] {dag.py:3456} INFO - Setting next_dagrun for example_subdag_operator to 2022-01-01T00:00:00+00:00, run_after=2022-01-01T00:00:00+00:00
[2024-08-28T10:14:49.050+0200] {logging_mixin.py:137} INFO - [2024-08-28T10:14:49.050+0200] {dag.py:3456} INFO - Setting next_dagrun for example_subdag_operator.section-1 to None, run_after=None
[2024-08-28T10:14:49.051+0200] {logging_mixin.py:137} INFO - [2024-08-28T10:14:49.051+0200] {dag.py:3456} INFO - Setting next_dagrun for example_subdag_operator.section-2 to None, run_after=None
[2024-08-28T10:14:49.054+0200] {logging_mixin.py:137} INFO - [2024-08-28T10:14:49.054+0200] {dag.py:2705} INFO - Sync 2 DAGs
[2024-08-28T10:14:49.057+0200] {logging_mixin.py:137} INFO - [2024-08-28T10:14:49.056+0200] {dag.py:3456} INFO - Setting next_dagrun for example_subdag_operator.section-1 to None, run_after=None
[2024-08-28T10:14:49.057+0200] {logging_mixin.py:137} INFO - [2024-08-28T10:14:49.057+0200] {dag.py:3456} INFO - Setting next_dagrun for example_subdag_operator.section-2 to None, run_after=None
[2024-08-28T10:14:49.064+0200] {processor.py:175} INFO - Processing /Users/roselina/opt/anaconda3/envs/python37/lib/python3.7/site-packages/airflow/example_dags/example_subdag_operator.py took 0.094 seconds
[2024-08-28T10:15:30.301+0200] {processor.py:153} INFO - Started process (PID=75285) to work on /Users/roselina/opt/anaconda3/envs/python37/lib/python3.7/site-packages/airflow/example_dags/example_subdag_operator.py
[2024-08-28T10:15:30.303+0200] {processor.py:743} INFO - Processing file /Users/roselina/opt/anaconda3/envs/python37/lib/python3.7/site-packages/airflow/example_dags/example_subdag_operator.py for tasks to queue
[2024-08-28T10:15:30.304+0200] {logging_mixin.py:137} INFO - [2024-08-28T10:15:30.304+0200] {dagbag.py:532} INFO - Filling up the DagBag from /Users/roselina/opt/anaconda3/envs/python37/lib/python3.7/site-packages/airflow/example_dags/example_subdag_operator.py
[2024-08-28T10:15:30.336+0200] {processor.py:753} INFO - DAG(s) dict_keys(['example_subdag_operator.section-1', 'example_subdag_operator.section-2', 'example_subdag_operator']) retrieved from /Users/roselina/opt/anaconda3/envs/python37/lib/python3.7/site-packages/airflow/example_dags/example_subdag_operator.py
[2024-08-28T10:15:30.349+0200] {logging_mixin.py:137} INFO - [2024-08-28T10:15:30.348+0200] {dag.py:2705} INFO - Sync 3 DAGs
[2024-08-28T10:15:30.360+0200] {logging_mixin.py:137} INFO - [2024-08-28T10:15:30.360+0200] {dag.py:3456} INFO - Setting next_dagrun for example_subdag_operator to 2022-01-01T00:00:00+00:00, run_after=2022-01-01T00:00:00+00:00
[2024-08-28T10:15:30.362+0200] {logging_mixin.py:137} INFO - [2024-08-28T10:15:30.361+0200] {dag.py:3456} INFO - Setting next_dagrun for example_subdag_operator.section-1 to None, run_after=None
[2024-08-28T10:15:30.362+0200] {logging_mixin.py:137} INFO - [2024-08-28T10:15:30.362+0200] {dag.py:3456} INFO - Setting next_dagrun for example_subdag_operator.section-2 to None, run_after=None
[2024-08-28T10:15:30.366+0200] {logging_mixin.py:137} INFO - [2024-08-28T10:15:30.365+0200] {dag.py:2705} INFO - Sync 2 DAGs
[2024-08-28T10:15:30.368+0200] {logging_mixin.py:137} INFO - [2024-08-28T10:15:30.368+0200] {dag.py:3456} INFO - Setting next_dagrun for example_subdag_operator.section-1 to None, run_after=None
[2024-08-28T10:15:30.368+0200] {logging_mixin.py:137} INFO - [2024-08-28T10:15:30.368+0200] {dag.py:3456} INFO - Setting next_dagrun for example_subdag_operator.section-2 to None, run_after=None
[2024-08-28T10:15:30.374+0200] {processor.py:175} INFO - Processing /Users/roselina/opt/anaconda3/envs/python37/lib/python3.7/site-packages/airflow/example_dags/example_subdag_operator.py took 0.078 seconds
[2024-08-28T10:16:09.859+0200] {processor.py:153} INFO - Started process (PID=75330) to work on /Users/roselina/opt/anaconda3/envs/python37/lib/python3.7/site-packages/airflow/example_dags/example_subdag_operator.py
[2024-08-28T10:16:09.861+0200] {processor.py:743} INFO - Processing file /Users/roselina/opt/anaconda3/envs/python37/lib/python3.7/site-packages/airflow/example_dags/example_subdag_operator.py for tasks to queue
[2024-08-28T10:16:09.862+0200] {logging_mixin.py:137} INFO - [2024-08-28T10:16:09.862+0200] {dagbag.py:532} INFO - Filling up the DagBag from /Users/roselina/opt/anaconda3/envs/python37/lib/python3.7/site-packages/airflow/example_dags/example_subdag_operator.py
[2024-08-28T10:16:09.889+0200] {processor.py:753} INFO - DAG(s) dict_keys(['example_subdag_operator.section-1', 'example_subdag_operator.section-2', 'example_subdag_operator']) retrieved from /Users/roselina/opt/anaconda3/envs/python37/lib/python3.7/site-packages/airflow/example_dags/example_subdag_operator.py
[2024-08-28T10:16:09.902+0200] {logging_mixin.py:137} INFO - [2024-08-28T10:16:09.901+0200] {dag.py:2705} INFO - Sync 3 DAGs
[2024-08-28T10:16:09.913+0200] {logging_mixin.py:137} INFO - [2024-08-28T10:16:09.913+0200] {dag.py:3456} INFO - Setting next_dagrun for example_subdag_operator to 2022-01-01T00:00:00+00:00, run_after=2022-01-01T00:00:00+00:00
[2024-08-28T10:16:09.915+0200] {logging_mixin.py:137} INFO - [2024-08-28T10:16:09.914+0200] {dag.py:3456} INFO - Setting next_dagrun for example_subdag_operator.section-1 to None, run_after=None
[2024-08-28T10:16:09.915+0200] {logging_mixin.py:137} INFO - [2024-08-28T10:16:09.915+0200] {dag.py:3456} INFO - Setting next_dagrun for example_subdag_operator.section-2 to None, run_after=None
[2024-08-28T10:16:09.919+0200] {logging_mixin.py:137} INFO - [2024-08-28T10:16:09.918+0200] {dag.py:2705} INFO - Sync 2 DAGs
[2024-08-28T10:16:09.921+0200] {logging_mixin.py:137} INFO - [2024-08-28T10:16:09.921+0200] {dag.py:3456} INFO - Setting next_dagrun for example_subdag_operator.section-1 to None, run_after=None
[2024-08-28T10:16:09.921+0200] {logging_mixin.py:137} INFO - [2024-08-28T10:16:09.921+0200] {dag.py:3456} INFO - Setting next_dagrun for example_subdag_operator.section-2 to None, run_after=None
[2024-08-28T10:16:09.927+0200] {processor.py:175} INFO - Processing /Users/roselina/opt/anaconda3/envs/python37/lib/python3.7/site-packages/airflow/example_dags/example_subdag_operator.py took 0.072 seconds
[2024-08-28T10:16:51.236+0200] {processor.py:153} INFO - Started process (PID=75375) to work on /Users/roselina/opt/anaconda3/envs/python37/lib/python3.7/site-packages/airflow/example_dags/example_subdag_operator.py
[2024-08-28T10:16:51.238+0200] {processor.py:743} INFO - Processing file /Users/roselina/opt/anaconda3/envs/python37/lib/python3.7/site-packages/airflow/example_dags/example_subdag_operator.py for tasks to queue
[2024-08-28T10:16:51.239+0200] {logging_mixin.py:137} INFO - [2024-08-28T10:16:51.239+0200] {dagbag.py:532} INFO - Filling up the DagBag from /Users/roselina/opt/anaconda3/envs/python37/lib/python3.7/site-packages/airflow/example_dags/example_subdag_operator.py
[2024-08-28T10:16:51.270+0200] {processor.py:753} INFO - DAG(s) dict_keys(['example_subdag_operator.section-1', 'example_subdag_operator.section-2', 'example_subdag_operator']) retrieved from /Users/roselina/opt/anaconda3/envs/python37/lib/python3.7/site-packages/airflow/example_dags/example_subdag_operator.py
[2024-08-28T10:16:51.282+0200] {logging_mixin.py:137} INFO - [2024-08-28T10:16:51.282+0200] {dag.py:2705} INFO - Sync 3 DAGs
[2024-08-28T10:16:51.294+0200] {logging_mixin.py:137} INFO - [2024-08-28T10:16:51.294+0200] {dag.py:3456} INFO - Setting next_dagrun for example_subdag_operator to 2022-01-01T00:00:00+00:00, run_after=2022-01-01T00:00:00+00:00
[2024-08-28T10:16:51.295+0200] {logging_mixin.py:137} INFO - [2024-08-28T10:16:51.295+0200] {dag.py:3456} INFO - Setting next_dagrun for example_subdag_operator.section-1 to None, run_after=None
[2024-08-28T10:16:51.296+0200] {logging_mixin.py:137} INFO - [2024-08-28T10:16:51.296+0200] {dag.py:3456} INFO - Setting next_dagrun for example_subdag_operator.section-2 to None, run_after=None
[2024-08-28T10:16:51.300+0200] {logging_mixin.py:137} INFO - [2024-08-28T10:16:51.300+0200] {dag.py:2705} INFO - Sync 2 DAGs
[2024-08-28T10:16:51.302+0200] {logging_mixin.py:137} INFO - [2024-08-28T10:16:51.302+0200] {dag.py:3456} INFO - Setting next_dagrun for example_subdag_operator.section-1 to None, run_after=None
[2024-08-28T10:16:51.303+0200] {logging_mixin.py:137} INFO - [2024-08-28T10:16:51.303+0200] {dag.py:3456} INFO - Setting next_dagrun for example_subdag_operator.section-2 to None, run_after=None
[2024-08-28T10:16:51.308+0200] {processor.py:175} INFO - Processing /Users/roselina/opt/anaconda3/envs/python37/lib/python3.7/site-packages/airflow/example_dags/example_subdag_operator.py took 0.078 seconds
[2024-08-28T10:17:32.536+0200] {processor.py:153} INFO - Started process (PID=75429) to work on /Users/roselina/opt/anaconda3/envs/python37/lib/python3.7/site-packages/airflow/example_dags/example_subdag_operator.py
[2024-08-28T10:17:32.538+0200] {processor.py:743} INFO - Processing file /Users/roselina/opt/anaconda3/envs/python37/lib/python3.7/site-packages/airflow/example_dags/example_subdag_operator.py for tasks to queue
[2024-08-28T10:17:32.539+0200] {logging_mixin.py:137} INFO - [2024-08-28T10:17:32.539+0200] {dagbag.py:532} INFO - Filling up the DagBag from /Users/roselina/opt/anaconda3/envs/python37/lib/python3.7/site-packages/airflow/example_dags/example_subdag_operator.py
[2024-08-28T10:17:32.568+0200] {processor.py:753} INFO - DAG(s) dict_keys(['example_subdag_operator.section-1', 'example_subdag_operator.section-2', 'example_subdag_operator']) retrieved from /Users/roselina/opt/anaconda3/envs/python37/lib/python3.7/site-packages/airflow/example_dags/example_subdag_operator.py
[2024-08-28T10:17:32.582+0200] {logging_mixin.py:137} INFO - [2024-08-28T10:17:32.581+0200] {dag.py:2705} INFO - Sync 3 DAGs
[2024-08-28T10:17:32.594+0200] {logging_mixin.py:137} INFO - [2024-08-28T10:17:32.594+0200] {dag.py:3456} INFO - Setting next_dagrun for example_subdag_operator to 2022-01-01T00:00:00+00:00, run_after=2022-01-01T00:00:00+00:00
[2024-08-28T10:17:32.596+0200] {logging_mixin.py:137} INFO - [2024-08-28T10:17:32.596+0200] {dag.py:3456} INFO - Setting next_dagrun for example_subdag_operator.section-1 to None, run_after=None
[2024-08-28T10:17:32.597+0200] {logging_mixin.py:137} INFO - [2024-08-28T10:17:32.597+0200] {dag.py:3456} INFO - Setting next_dagrun for example_subdag_operator.section-2 to None, run_after=None
[2024-08-28T10:17:32.600+0200] {logging_mixin.py:137} INFO - [2024-08-28T10:17:32.600+0200] {dag.py:2705} INFO - Sync 2 DAGs
[2024-08-28T10:17:32.603+0200] {logging_mixin.py:137} INFO - [2024-08-28T10:17:32.603+0200] {dag.py:3456} INFO - Setting next_dagrun for example_subdag_operator.section-1 to None, run_after=None
[2024-08-28T10:17:32.603+0200] {logging_mixin.py:137} INFO - [2024-08-28T10:17:32.603+0200] {dag.py:3456} INFO - Setting next_dagrun for example_subdag_operator.section-2 to None, run_after=None
[2024-08-28T10:17:32.610+0200] {processor.py:175} INFO - Processing /Users/roselina/opt/anaconda3/envs/python37/lib/python3.7/site-packages/airflow/example_dags/example_subdag_operator.py took 0.079 seconds
[2024-08-28T10:43:54.546+0200] {processor.py:153} INFO - Started process (PID=75524) to work on /Users/roselina/opt/anaconda3/envs/python37/lib/python3.7/site-packages/airflow/example_dags/example_subdag_operator.py
[2024-08-28T10:43:54.547+0200] {processor.py:743} INFO - Processing file /Users/roselina/opt/anaconda3/envs/python37/lib/python3.7/site-packages/airflow/example_dags/example_subdag_operator.py for tasks to queue
[2024-08-28T10:43:54.548+0200] {logging_mixin.py:137} INFO - [2024-08-28T10:43:54.548+0200] {dagbag.py:532} INFO - Filling up the DagBag from /Users/roselina/opt/anaconda3/envs/python37/lib/python3.7/site-packages/airflow/example_dags/example_subdag_operator.py
[2024-08-28T10:43:54.572+0200] {processor.py:753} INFO - DAG(s) dict_keys(['example_subdag_operator.section-1', 'example_subdag_operator.section-2', 'example_subdag_operator']) retrieved from /Users/roselina/opt/anaconda3/envs/python37/lib/python3.7/site-packages/airflow/example_dags/example_subdag_operator.py
[2024-08-28T10:43:54.586+0200] {logging_mixin.py:137} INFO - [2024-08-28T10:43:54.585+0200] {dag.py:2705} INFO - Sync 3 DAGs
[2024-08-28T10:43:54.598+0200] {logging_mixin.py:137} INFO - [2024-08-28T10:43:54.598+0200] {dag.py:3456} INFO - Setting next_dagrun for example_subdag_operator to 2022-01-01T00:00:00+00:00, run_after=2022-01-01T00:00:00+00:00
[2024-08-28T10:43:54.600+0200] {logging_mixin.py:137} INFO - [2024-08-28T10:43:54.600+0200] {dag.py:3456} INFO - Setting next_dagrun for example_subdag_operator.section-1 to None, run_after=None
[2024-08-28T10:43:54.601+0200] {logging_mixin.py:137} INFO - [2024-08-28T10:43:54.601+0200] {dag.py:3456} INFO - Setting next_dagrun for example_subdag_operator.section-2 to None, run_after=None
[2024-08-28T10:43:54.605+0200] {logging_mixin.py:137} INFO - [2024-08-28T10:43:54.605+0200] {dag.py:2705} INFO - Sync 2 DAGs
[2024-08-28T10:43:54.608+0200] {logging_mixin.py:137} INFO - [2024-08-28T10:43:54.608+0200] {dag.py:3456} INFO - Setting next_dagrun for example_subdag_operator.section-1 to None, run_after=None
[2024-08-28T10:43:54.608+0200] {logging_mixin.py:137} INFO - [2024-08-28T10:43:54.608+0200] {dag.py:3456} INFO - Setting next_dagrun for example_subdag_operator.section-2 to None, run_after=None
[2024-08-28T10:43:54.615+0200] {processor.py:175} INFO - Processing /Users/roselina/opt/anaconda3/envs/python37/lib/python3.7/site-packages/airflow/example_dags/example_subdag_operator.py took 0.072 seconds
[2024-08-28T10:44:36.921+0200] {processor.py:153} INFO - Started process (PID=75578) to work on /Users/roselina/opt/anaconda3/envs/python37/lib/python3.7/site-packages/airflow/example_dags/example_subdag_operator.py
[2024-08-28T10:44:36.923+0200] {processor.py:743} INFO - Processing file /Users/roselina/opt/anaconda3/envs/python37/lib/python3.7/site-packages/airflow/example_dags/example_subdag_operator.py for tasks to queue
[2024-08-28T10:44:36.925+0200] {logging_mixin.py:137} INFO - [2024-08-28T10:44:36.924+0200] {dagbag.py:532} INFO - Filling up the DagBag from /Users/roselina/opt/anaconda3/envs/python37/lib/python3.7/site-packages/airflow/example_dags/example_subdag_operator.py
[2024-08-28T10:44:36.956+0200] {processor.py:753} INFO - DAG(s) dict_keys(['example_subdag_operator.section-1', 'example_subdag_operator.section-2', 'example_subdag_operator']) retrieved from /Users/roselina/opt/anaconda3/envs/python37/lib/python3.7/site-packages/airflow/example_dags/example_subdag_operator.py
[2024-08-28T10:44:36.968+0200] {logging_mixin.py:137} INFO - [2024-08-28T10:44:36.968+0200] {dag.py:2705} INFO - Sync 3 DAGs
[2024-08-28T10:44:36.980+0200] {logging_mixin.py:137} INFO - [2024-08-28T10:44:36.980+0200] {dag.py:3456} INFO - Setting next_dagrun for example_subdag_operator to 2022-01-01T00:00:00+00:00, run_after=2022-01-01T00:00:00+00:00
[2024-08-28T10:44:36.982+0200] {logging_mixin.py:137} INFO - [2024-08-28T10:44:36.982+0200] {dag.py:3456} INFO - Setting next_dagrun for example_subdag_operator.section-1 to None, run_after=None
[2024-08-28T10:44:36.983+0200] {logging_mixin.py:137} INFO - [2024-08-28T10:44:36.983+0200] {dag.py:3456} INFO - Setting next_dagrun for example_subdag_operator.section-2 to None, run_after=None
[2024-08-28T10:44:36.987+0200] {logging_mixin.py:137} INFO - [2024-08-28T10:44:36.987+0200] {dag.py:2705} INFO - Sync 2 DAGs
[2024-08-28T10:44:36.990+0200] {logging_mixin.py:137} INFO - [2024-08-28T10:44:36.989+0200] {dag.py:3456} INFO - Setting next_dagrun for example_subdag_operator.section-1 to None, run_after=None
[2024-08-28T10:44:36.990+0200] {logging_mixin.py:137} INFO - [2024-08-28T10:44:36.990+0200] {dag.py:3456} INFO - Setting next_dagrun for example_subdag_operator.section-2 to None, run_after=None
[2024-08-28T10:44:36.996+0200] {processor.py:175} INFO - Processing /Users/roselina/opt/anaconda3/envs/python37/lib/python3.7/site-packages/airflow/example_dags/example_subdag_operator.py took 0.081 seconds
[2024-08-28T10:45:19.131+0200] {processor.py:153} INFO - Started process (PID=75636) to work on /Users/roselina/opt/anaconda3/envs/python37/lib/python3.7/site-packages/airflow/example_dags/example_subdag_operator.py
[2024-08-28T10:45:19.133+0200] {processor.py:743} INFO - Processing file /Users/roselina/opt/anaconda3/envs/python37/lib/python3.7/site-packages/airflow/example_dags/example_subdag_operator.py for tasks to queue
[2024-08-28T10:45:19.134+0200] {logging_mixin.py:137} INFO - [2024-08-28T10:45:19.134+0200] {dagbag.py:532} INFO - Filling up the DagBag from /Users/roselina/opt/anaconda3/envs/python37/lib/python3.7/site-packages/airflow/example_dags/example_subdag_operator.py
[2024-08-28T10:45:19.167+0200] {processor.py:753} INFO - DAG(s) dict_keys(['example_subdag_operator.section-1', 'example_subdag_operator.section-2', 'example_subdag_operator']) retrieved from /Users/roselina/opt/anaconda3/envs/python37/lib/python3.7/site-packages/airflow/example_dags/example_subdag_operator.py
[2024-08-28T10:45:19.181+0200] {logging_mixin.py:137} INFO - [2024-08-28T10:45:19.181+0200] {dag.py:2705} INFO - Sync 3 DAGs
[2024-08-28T10:45:19.194+0200] {logging_mixin.py:137} INFO - [2024-08-28T10:45:19.194+0200] {dag.py:3456} INFO - Setting next_dagrun for example_subdag_operator to 2022-01-01T00:00:00+00:00, run_after=2022-01-01T00:00:00+00:00
[2024-08-28T10:45:19.197+0200] {logging_mixin.py:137} INFO - [2024-08-28T10:45:19.196+0200] {dag.py:3456} INFO - Setting next_dagrun for example_subdag_operator.section-1 to None, run_after=None
[2024-08-28T10:45:19.197+0200] {logging_mixin.py:137} INFO - [2024-08-28T10:45:19.197+0200] {dag.py:3456} INFO - Setting next_dagrun for example_subdag_operator.section-2 to None, run_after=None
[2024-08-28T10:45:19.201+0200] {logging_mixin.py:137} INFO - [2024-08-28T10:45:19.201+0200] {dag.py:2705} INFO - Sync 2 DAGs
[2024-08-28T10:45:19.204+0200] {logging_mixin.py:137} INFO - [2024-08-28T10:45:19.204+0200] {dag.py:3456} INFO - Setting next_dagrun for example_subdag_operator.section-1 to None, run_after=None
[2024-08-28T10:45:19.204+0200] {logging_mixin.py:137} INFO - [2024-08-28T10:45:19.204+0200] {dag.py:3456} INFO - Setting next_dagrun for example_subdag_operator.section-2 to None, run_after=None
[2024-08-28T10:45:19.211+0200] {processor.py:175} INFO - Processing /Users/roselina/opt/anaconda3/envs/python37/lib/python3.7/site-packages/airflow/example_dags/example_subdag_operator.py took 0.085 seconds
[2024-08-28T10:45:59.923+0200] {processor.py:153} INFO - Started process (PID=75682) to work on /Users/roselina/opt/anaconda3/envs/python37/lib/python3.7/site-packages/airflow/example_dags/example_subdag_operator.py
[2024-08-28T10:45:59.925+0200] {processor.py:743} INFO - Processing file /Users/roselina/opt/anaconda3/envs/python37/lib/python3.7/site-packages/airflow/example_dags/example_subdag_operator.py for tasks to queue
[2024-08-28T10:45:59.926+0200] {logging_mixin.py:137} INFO - [2024-08-28T10:45:59.926+0200] {dagbag.py:532} INFO - Filling up the DagBag from /Users/roselina/opt/anaconda3/envs/python37/lib/python3.7/site-packages/airflow/example_dags/example_subdag_operator.py
[2024-08-28T10:45:59.956+0200] {processor.py:753} INFO - DAG(s) dict_keys(['example_subdag_operator.section-1', 'example_subdag_operator.section-2', 'example_subdag_operator']) retrieved from /Users/roselina/opt/anaconda3/envs/python37/lib/python3.7/site-packages/airflow/example_dags/example_subdag_operator.py
[2024-08-28T10:45:59.970+0200] {logging_mixin.py:137} INFO - [2024-08-28T10:45:59.969+0200] {dag.py:2705} INFO - Sync 3 DAGs
[2024-08-28T10:45:59.982+0200] {logging_mixin.py:137} INFO - [2024-08-28T10:45:59.982+0200] {dag.py:3456} INFO - Setting next_dagrun for example_subdag_operator to 2022-01-01T00:00:00+00:00, run_after=2022-01-01T00:00:00+00:00
[2024-08-28T10:45:59.984+0200] {logging_mixin.py:137} INFO - [2024-08-28T10:45:59.984+0200] {dag.py:3456} INFO - Setting next_dagrun for example_subdag_operator.section-1 to None, run_after=None
[2024-08-28T10:45:59.985+0200] {logging_mixin.py:137} INFO - [2024-08-28T10:45:59.985+0200] {dag.py:3456} INFO - Setting next_dagrun for example_subdag_operator.section-2 to None, run_after=None
[2024-08-28T10:45:59.990+0200] {logging_mixin.py:137} INFO - [2024-08-28T10:45:59.990+0200] {dag.py:2705} INFO - Sync 2 DAGs
[2024-08-28T10:45:59.993+0200] {logging_mixin.py:137} INFO - [2024-08-28T10:45:59.993+0200] {dag.py:3456} INFO - Setting next_dagrun for example_subdag_operator.section-1 to None, run_after=None
[2024-08-28T10:45:59.993+0200] {logging_mixin.py:137} INFO - [2024-08-28T10:45:59.993+0200] {dag.py:3456} INFO - Setting next_dagrun for example_subdag_operator.section-2 to None, run_after=None
[2024-08-28T10:46:00.000+0200] {processor.py:175} INFO - Processing /Users/roselina/opt/anaconda3/envs/python37/lib/python3.7/site-packages/airflow/example_dags/example_subdag_operator.py took 0.082 seconds
[2024-08-28T10:46:41.454+0200] {processor.py:153} INFO - Started process (PID=75727) to work on /Users/roselina/opt/anaconda3/envs/python37/lib/python3.7/site-packages/airflow/example_dags/example_subdag_operator.py
[2024-08-28T10:46:41.456+0200] {processor.py:743} INFO - Processing file /Users/roselina/opt/anaconda3/envs/python37/lib/python3.7/site-packages/airflow/example_dags/example_subdag_operator.py for tasks to queue
[2024-08-28T10:46:41.458+0200] {logging_mixin.py:137} INFO - [2024-08-28T10:46:41.457+0200] {dagbag.py:532} INFO - Filling up the DagBag from /Users/roselina/opt/anaconda3/envs/python37/lib/python3.7/site-packages/airflow/example_dags/example_subdag_operator.py
[2024-08-28T10:46:41.487+0200] {processor.py:753} INFO - DAG(s) dict_keys(['example_subdag_operator.section-1', 'example_subdag_operator.section-2', 'example_subdag_operator']) retrieved from /Users/roselina/opt/anaconda3/envs/python37/lib/python3.7/site-packages/airflow/example_dags/example_subdag_operator.py
[2024-08-28T10:46:41.509+0200] {logging_mixin.py:137} INFO - [2024-08-28T10:46:41.508+0200] {dag.py:2705} INFO - Sync 3 DAGs
[2024-08-28T10:46:41.521+0200] {logging_mixin.py:137} INFO - [2024-08-28T10:46:41.521+0200] {dag.py:3456} INFO - Setting next_dagrun for example_subdag_operator to 2022-01-01T00:00:00+00:00, run_after=2022-01-01T00:00:00+00:00
[2024-08-28T10:46:41.523+0200] {logging_mixin.py:137} INFO - [2024-08-28T10:46:41.522+0200] {dag.py:3456} INFO - Setting next_dagrun for example_subdag_operator.section-1 to None, run_after=None
[2024-08-28T10:46:41.523+0200] {logging_mixin.py:137} INFO - [2024-08-28T10:46:41.523+0200] {dag.py:3456} INFO - Setting next_dagrun for example_subdag_operator.section-2 to None, run_after=None
[2024-08-28T10:46:41.527+0200] {logging_mixin.py:137} INFO - [2024-08-28T10:46:41.527+0200] {dag.py:2705} INFO - Sync 2 DAGs
[2024-08-28T10:46:41.529+0200] {logging_mixin.py:137} INFO - [2024-08-28T10:46:41.529+0200] {dag.py:3456} INFO - Setting next_dagrun for example_subdag_operator.section-1 to None, run_after=None
[2024-08-28T10:46:41.530+0200] {logging_mixin.py:137} INFO - [2024-08-28T10:46:41.530+0200] {dag.py:3456} INFO - Setting next_dagrun for example_subdag_operator.section-2 to None, run_after=None
[2024-08-28T10:46:41.536+0200] {processor.py:175} INFO - Processing /Users/roselina/opt/anaconda3/envs/python37/lib/python3.7/site-packages/airflow/example_dags/example_subdag_operator.py took 0.086 seconds
[2024-08-28T10:47:22.331+0200] {processor.py:153} INFO - Started process (PID=75782) to work on /Users/roselina/opt/anaconda3/envs/python37/lib/python3.7/site-packages/airflow/example_dags/example_subdag_operator.py
[2024-08-28T10:47:22.333+0200] {processor.py:743} INFO - Processing file /Users/roselina/opt/anaconda3/envs/python37/lib/python3.7/site-packages/airflow/example_dags/example_subdag_operator.py for tasks to queue
[2024-08-28T10:47:22.334+0200] {logging_mixin.py:137} INFO - [2024-08-28T10:47:22.334+0200] {dagbag.py:532} INFO - Filling up the DagBag from /Users/roselina/opt/anaconda3/envs/python37/lib/python3.7/site-packages/airflow/example_dags/example_subdag_operator.py
[2024-08-28T10:47:22.363+0200] {processor.py:753} INFO - DAG(s) dict_keys(['example_subdag_operator.section-1', 'example_subdag_operator.section-2', 'example_subdag_operator']) retrieved from /Users/roselina/opt/anaconda3/envs/python37/lib/python3.7/site-packages/airflow/example_dags/example_subdag_operator.py
[2024-08-28T10:47:22.376+0200] {logging_mixin.py:137} INFO - [2024-08-28T10:47:22.375+0200] {dag.py:2705} INFO - Sync 3 DAGs
[2024-08-28T10:47:22.387+0200] {logging_mixin.py:137} INFO - [2024-08-28T10:47:22.387+0200] {dag.py:3456} INFO - Setting next_dagrun for example_subdag_operator to 2022-01-01T00:00:00+00:00, run_after=2022-01-01T00:00:00+00:00
[2024-08-28T10:47:22.389+0200] {logging_mixin.py:137} INFO - [2024-08-28T10:47:22.389+0200] {dag.py:3456} INFO - Setting next_dagrun for example_subdag_operator.section-1 to None, run_after=None
[2024-08-28T10:47:22.390+0200] {logging_mixin.py:137} INFO - [2024-08-28T10:47:22.389+0200] {dag.py:3456} INFO - Setting next_dagrun for example_subdag_operator.section-2 to None, run_after=None
[2024-08-28T10:47:22.393+0200] {logging_mixin.py:137} INFO - [2024-08-28T10:47:22.393+0200] {dag.py:2705} INFO - Sync 2 DAGs
[2024-08-28T10:47:22.395+0200] {logging_mixin.py:137} INFO - [2024-08-28T10:47:22.395+0200] {dag.py:3456} INFO - Setting next_dagrun for example_subdag_operator.section-1 to None, run_after=None
[2024-08-28T10:47:22.396+0200] {logging_mixin.py:137} INFO - [2024-08-28T10:47:22.396+0200] {dag.py:3456} INFO - Setting next_dagrun for example_subdag_operator.section-2 to None, run_after=None
[2024-08-28T10:47:22.402+0200] {processor.py:175} INFO - Processing /Users/roselina/opt/anaconda3/envs/python37/lib/python3.7/site-packages/airflow/example_dags/example_subdag_operator.py took 0.076 seconds
[2024-08-28T10:48:03.779+0200] {processor.py:153} INFO - Started process (PID=75832) to work on /Users/roselina/opt/anaconda3/envs/python37/lib/python3.7/site-packages/airflow/example_dags/example_subdag_operator.py
[2024-08-28T10:48:03.782+0200] {processor.py:743} INFO - Processing file /Users/roselina/opt/anaconda3/envs/python37/lib/python3.7/site-packages/airflow/example_dags/example_subdag_operator.py for tasks to queue
[2024-08-28T10:48:03.783+0200] {logging_mixin.py:137} INFO - [2024-08-28T10:48:03.783+0200] {dagbag.py:532} INFO - Filling up the DagBag from /Users/roselina/opt/anaconda3/envs/python37/lib/python3.7/site-packages/airflow/example_dags/example_subdag_operator.py
[2024-08-28T10:48:03.815+0200] {processor.py:753} INFO - DAG(s) dict_keys(['example_subdag_operator.section-1', 'example_subdag_operator.section-2', 'example_subdag_operator']) retrieved from /Users/roselina/opt/anaconda3/envs/python37/lib/python3.7/site-packages/airflow/example_dags/example_subdag_operator.py
[2024-08-28T10:48:03.828+0200] {logging_mixin.py:137} INFO - [2024-08-28T10:48:03.828+0200] {dag.py:2705} INFO - Sync 3 DAGs
[2024-08-28T10:48:03.839+0200] {logging_mixin.py:137} INFO - [2024-08-28T10:48:03.839+0200] {dag.py:3456} INFO - Setting next_dagrun for example_subdag_operator to 2022-01-01T00:00:00+00:00, run_after=2022-01-01T00:00:00+00:00
[2024-08-28T10:48:03.841+0200] {logging_mixin.py:137} INFO - [2024-08-28T10:48:03.841+0200] {dag.py:3456} INFO - Setting next_dagrun for example_subdag_operator.section-1 to None, run_after=None
[2024-08-28T10:48:03.842+0200] {logging_mixin.py:137} INFO - [2024-08-28T10:48:03.841+0200] {dag.py:3456} INFO - Setting next_dagrun for example_subdag_operator.section-2 to None, run_after=None
[2024-08-28T10:48:03.845+0200] {logging_mixin.py:137} INFO - [2024-08-28T10:48:03.845+0200] {dag.py:2705} INFO - Sync 2 DAGs
[2024-08-28T10:48:03.847+0200] {logging_mixin.py:137} INFO - [2024-08-28T10:48:03.847+0200] {dag.py:3456} INFO - Setting next_dagrun for example_subdag_operator.section-1 to None, run_after=None
[2024-08-28T10:48:03.848+0200] {logging_mixin.py:137} INFO - [2024-08-28T10:48:03.848+0200] {dag.py:3456} INFO - Setting next_dagrun for example_subdag_operator.section-2 to None, run_after=None
[2024-08-28T10:48:03.854+0200] {processor.py:175} INFO - Processing /Users/roselina/opt/anaconda3/envs/python37/lib/python3.7/site-packages/airflow/example_dags/example_subdag_operator.py took 0.079 seconds
[2024-08-28T10:48:45.180+0200] {processor.py:153} INFO - Started process (PID=75896) to work on /Users/roselina/opt/anaconda3/envs/python37/lib/python3.7/site-packages/airflow/example_dags/example_subdag_operator.py
[2024-08-28T10:48:45.182+0200] {processor.py:743} INFO - Processing file /Users/roselina/opt/anaconda3/envs/python37/lib/python3.7/site-packages/airflow/example_dags/example_subdag_operator.py for tasks to queue
[2024-08-28T10:48:45.182+0200] {logging_mixin.py:137} INFO - [2024-08-28T10:48:45.182+0200] {dagbag.py:532} INFO - Filling up the DagBag from /Users/roselina/opt/anaconda3/envs/python37/lib/python3.7/site-packages/airflow/example_dags/example_subdag_operator.py
[2024-08-28T10:48:45.208+0200] {processor.py:753} INFO - DAG(s) dict_keys(['example_subdag_operator.section-1', 'example_subdag_operator.section-2', 'example_subdag_operator']) retrieved from /Users/roselina/opt/anaconda3/envs/python37/lib/python3.7/site-packages/airflow/example_dags/example_subdag_operator.py
[2024-08-28T10:48:45.220+0200] {logging_mixin.py:137} INFO - [2024-08-28T10:48:45.220+0200] {dag.py:2705} INFO - Sync 3 DAGs
[2024-08-28T10:48:45.234+0200] {logging_mixin.py:137} INFO - [2024-08-28T10:48:45.234+0200] {dag.py:3456} INFO - Setting next_dagrun for example_subdag_operator to 2022-01-01T00:00:00+00:00, run_after=2022-01-01T00:00:00+00:00
[2024-08-28T10:48:45.236+0200] {logging_mixin.py:137} INFO - [2024-08-28T10:48:45.236+0200] {dag.py:3456} INFO - Setting next_dagrun for example_subdag_operator.section-1 to None, run_after=None
[2024-08-28T10:48:45.237+0200] {logging_mixin.py:137} INFO - [2024-08-28T10:48:45.236+0200] {dag.py:3456} INFO - Setting next_dagrun for example_subdag_operator.section-2 to None, run_after=None
[2024-08-28T10:48:45.240+0200] {logging_mixin.py:137} INFO - [2024-08-28T10:48:45.240+0200] {dag.py:2705} INFO - Sync 2 DAGs
[2024-08-28T10:48:45.243+0200] {logging_mixin.py:137} INFO - [2024-08-28T10:48:45.243+0200] {dag.py:3456} INFO - Setting next_dagrun for example_subdag_operator.section-1 to None, run_after=None
[2024-08-28T10:48:45.244+0200] {logging_mixin.py:137} INFO - [2024-08-28T10:48:45.244+0200] {dag.py:3456} INFO - Setting next_dagrun for example_subdag_operator.section-2 to None, run_after=None
[2024-08-28T10:48:45.251+0200] {processor.py:175} INFO - Processing /Users/roselina/opt/anaconda3/envs/python37/lib/python3.7/site-packages/airflow/example_dags/example_subdag_operator.py took 0.073 seconds
[2024-08-28T10:49:26.607+0200] {processor.py:153} INFO - Started process (PID=75949) to work on /Users/roselina/opt/anaconda3/envs/python37/lib/python3.7/site-packages/airflow/example_dags/example_subdag_operator.py
[2024-08-28T10:49:26.610+0200] {processor.py:743} INFO - Processing file /Users/roselina/opt/anaconda3/envs/python37/lib/python3.7/site-packages/airflow/example_dags/example_subdag_operator.py for tasks to queue
[2024-08-28T10:49:26.612+0200] {logging_mixin.py:137} INFO - [2024-08-28T10:49:26.611+0200] {dagbag.py:532} INFO - Filling up the DagBag from /Users/roselina/opt/anaconda3/envs/python37/lib/python3.7/site-packages/airflow/example_dags/example_subdag_operator.py
[2024-08-28T10:49:26.640+0200] {processor.py:753} INFO - DAG(s) dict_keys(['example_subdag_operator.section-1', 'example_subdag_operator.section-2', 'example_subdag_operator']) retrieved from /Users/roselina/opt/anaconda3/envs/python37/lib/python3.7/site-packages/airflow/example_dags/example_subdag_operator.py
[2024-08-28T10:49:26.652+0200] {logging_mixin.py:137} INFO - [2024-08-28T10:49:26.652+0200] {dag.py:2705} INFO - Sync 3 DAGs
[2024-08-28T10:49:26.664+0200] {logging_mixin.py:137} INFO - [2024-08-28T10:49:26.664+0200] {dag.py:3456} INFO - Setting next_dagrun for example_subdag_operator to 2022-01-01T00:00:00+00:00, run_after=2022-01-01T00:00:00+00:00
[2024-08-28T10:49:26.665+0200] {logging_mixin.py:137} INFO - [2024-08-28T10:49:26.665+0200] {dag.py:3456} INFO - Setting next_dagrun for example_subdag_operator.section-1 to None, run_after=None
[2024-08-28T10:49:26.666+0200] {logging_mixin.py:137} INFO - [2024-08-28T10:49:26.666+0200] {dag.py:3456} INFO - Setting next_dagrun for example_subdag_operator.section-2 to None, run_after=None
[2024-08-28T10:49:26.670+0200] {logging_mixin.py:137} INFO - [2024-08-28T10:49:26.670+0200] {dag.py:2705} INFO - Sync 2 DAGs
[2024-08-28T10:49:26.673+0200] {logging_mixin.py:137} INFO - [2024-08-28T10:49:26.672+0200] {dag.py:3456} INFO - Setting next_dagrun for example_subdag_operator.section-1 to None, run_after=None
[2024-08-28T10:49:26.673+0200] {logging_mixin.py:137} INFO - [2024-08-28T10:49:26.673+0200] {dag.py:3456} INFO - Setting next_dagrun for example_subdag_operator.section-2 to None, run_after=None
[2024-08-28T10:49:26.679+0200] {processor.py:175} INFO - Processing /Users/roselina/opt/anaconda3/envs/python37/lib/python3.7/site-packages/airflow/example_dags/example_subdag_operator.py took 0.076 seconds
[2024-08-28T10:50:08.104+0200] {processor.py:153} INFO - Started process (PID=75995) to work on /Users/roselina/opt/anaconda3/envs/python37/lib/python3.7/site-packages/airflow/example_dags/example_subdag_operator.py
[2024-08-28T10:50:08.106+0200] {processor.py:743} INFO - Processing file /Users/roselina/opt/anaconda3/envs/python37/lib/python3.7/site-packages/airflow/example_dags/example_subdag_operator.py for tasks to queue
[2024-08-28T10:50:08.107+0200] {logging_mixin.py:137} INFO - [2024-08-28T10:50:08.107+0200] {dagbag.py:532} INFO - Filling up the DagBag from /Users/roselina/opt/anaconda3/envs/python37/lib/python3.7/site-packages/airflow/example_dags/example_subdag_operator.py
[2024-08-28T10:50:08.137+0200] {processor.py:753} INFO - DAG(s) dict_keys(['example_subdag_operator.section-1', 'example_subdag_operator.section-2', 'example_subdag_operator']) retrieved from /Users/roselina/opt/anaconda3/envs/python37/lib/python3.7/site-packages/airflow/example_dags/example_subdag_operator.py
[2024-08-28T10:50:08.149+0200] {logging_mixin.py:137} INFO - [2024-08-28T10:50:08.149+0200] {dag.py:2705} INFO - Sync 3 DAGs
[2024-08-28T10:50:08.161+0200] {logging_mixin.py:137} INFO - [2024-08-28T10:50:08.161+0200] {dag.py:3456} INFO - Setting next_dagrun for example_subdag_operator to 2022-01-01T00:00:00+00:00, run_after=2022-01-01T00:00:00+00:00
[2024-08-28T10:50:08.163+0200] {logging_mixin.py:137} INFO - [2024-08-28T10:50:08.163+0200] {dag.py:3456} INFO - Setting next_dagrun for example_subdag_operator.section-1 to None, run_after=None
[2024-08-28T10:50:08.164+0200] {logging_mixin.py:137} INFO - [2024-08-28T10:50:08.164+0200] {dag.py:3456} INFO - Setting next_dagrun for example_subdag_operator.section-2 to None, run_after=None
[2024-08-28T10:50:08.167+0200] {logging_mixin.py:137} INFO - [2024-08-28T10:50:08.167+0200] {dag.py:2705} INFO - Sync 2 DAGs
[2024-08-28T10:50:08.170+0200] {logging_mixin.py:137} INFO - [2024-08-28T10:50:08.170+0200] {dag.py:3456} INFO - Setting next_dagrun for example_subdag_operator.section-1 to None, run_after=None
[2024-08-28T10:50:08.170+0200] {logging_mixin.py:137} INFO - [2024-08-28T10:50:08.170+0200] {dag.py:3456} INFO - Setting next_dagrun for example_subdag_operator.section-2 to None, run_after=None
[2024-08-28T10:50:08.176+0200] {processor.py:175} INFO - Processing /Users/roselina/opt/anaconda3/envs/python37/lib/python3.7/site-packages/airflow/example_dags/example_subdag_operator.py took 0.077 seconds
[2024-08-28T10:50:49.203+0200] {processor.py:153} INFO - Started process (PID=76039) to work on /Users/roselina/opt/anaconda3/envs/python37/lib/python3.7/site-packages/airflow/example_dags/example_subdag_operator.py
[2024-08-28T10:50:49.205+0200] {processor.py:743} INFO - Processing file /Users/roselina/opt/anaconda3/envs/python37/lib/python3.7/site-packages/airflow/example_dags/example_subdag_operator.py for tasks to queue
[2024-08-28T10:50:49.206+0200] {logging_mixin.py:137} INFO - [2024-08-28T10:50:49.206+0200] {dagbag.py:532} INFO - Filling up the DagBag from /Users/roselina/opt/anaconda3/envs/python37/lib/python3.7/site-packages/airflow/example_dags/example_subdag_operator.py
[2024-08-28T10:50:49.235+0200] {processor.py:753} INFO - DAG(s) dict_keys(['example_subdag_operator.section-1', 'example_subdag_operator.section-2', 'example_subdag_operator']) retrieved from /Users/roselina/opt/anaconda3/envs/python37/lib/python3.7/site-packages/airflow/example_dags/example_subdag_operator.py
[2024-08-28T10:50:49.248+0200] {logging_mixin.py:137} INFO - [2024-08-28T10:50:49.247+0200] {dag.py:2705} INFO - Sync 3 DAGs
[2024-08-28T10:50:49.259+0200] {logging_mixin.py:137} INFO - [2024-08-28T10:50:49.259+0200] {dag.py:3456} INFO - Setting next_dagrun for example_subdag_operator to 2022-01-01T00:00:00+00:00, run_after=2022-01-01T00:00:00+00:00
[2024-08-28T10:50:49.261+0200] {logging_mixin.py:137} INFO - [2024-08-28T10:50:49.261+0200] {dag.py:3456} INFO - Setting next_dagrun for example_subdag_operator.section-1 to None, run_after=None
[2024-08-28T10:50:49.261+0200] {logging_mixin.py:137} INFO - [2024-08-28T10:50:49.261+0200] {dag.py:3456} INFO - Setting next_dagrun for example_subdag_operator.section-2 to None, run_after=None
[2024-08-28T10:50:49.265+0200] {logging_mixin.py:137} INFO - [2024-08-28T10:50:49.265+0200] {dag.py:2705} INFO - Sync 2 DAGs
[2024-08-28T10:50:49.267+0200] {logging_mixin.py:137} INFO - [2024-08-28T10:50:49.267+0200] {dag.py:3456} INFO - Setting next_dagrun for example_subdag_operator.section-1 to None, run_after=None
[2024-08-28T10:50:49.268+0200] {logging_mixin.py:137} INFO - [2024-08-28T10:50:49.267+0200] {dag.py:3456} INFO - Setting next_dagrun for example_subdag_operator.section-2 to None, run_after=None
[2024-08-28T10:50:49.274+0200] {processor.py:175} INFO - Processing /Users/roselina/opt/anaconda3/envs/python37/lib/python3.7/site-packages/airflow/example_dags/example_subdag_operator.py took 0.076 seconds
[2024-08-28T10:51:31.743+0200] {processor.py:153} INFO - Started process (PID=76101) to work on /Users/roselina/opt/anaconda3/envs/python37/lib/python3.7/site-packages/airflow/example_dags/example_subdag_operator.py
[2024-08-28T10:51:31.745+0200] {processor.py:743} INFO - Processing file /Users/roselina/opt/anaconda3/envs/python37/lib/python3.7/site-packages/airflow/example_dags/example_subdag_operator.py for tasks to queue
[2024-08-28T10:51:31.747+0200] {logging_mixin.py:137} INFO - [2024-08-28T10:51:31.746+0200] {dagbag.py:532} INFO - Filling up the DagBag from /Users/roselina/opt/anaconda3/envs/python37/lib/python3.7/site-packages/airflow/example_dags/example_subdag_operator.py
[2024-08-28T10:51:31.777+0200] {processor.py:753} INFO - DAG(s) dict_keys(['example_subdag_operator.section-1', 'example_subdag_operator.section-2', 'example_subdag_operator']) retrieved from /Users/roselina/opt/anaconda3/envs/python37/lib/python3.7/site-packages/airflow/example_dags/example_subdag_operator.py
[2024-08-28T10:51:31.790+0200] {logging_mixin.py:137} INFO - [2024-08-28T10:51:31.790+0200] {dag.py:2705} INFO - Sync 3 DAGs
[2024-08-28T10:51:31.802+0200] {logging_mixin.py:137} INFO - [2024-08-28T10:51:31.802+0200] {dag.py:3456} INFO - Setting next_dagrun for example_subdag_operator to 2022-01-01T00:00:00+00:00, run_after=2022-01-01T00:00:00+00:00
[2024-08-28T10:51:31.804+0200] {logging_mixin.py:137} INFO - [2024-08-28T10:51:31.803+0200] {dag.py:3456} INFO - Setting next_dagrun for example_subdag_operator.section-1 to None, run_after=None
[2024-08-28T10:51:31.804+0200] {logging_mixin.py:137} INFO - [2024-08-28T10:51:31.804+0200] {dag.py:3456} INFO - Setting next_dagrun for example_subdag_operator.section-2 to None, run_after=None
[2024-08-28T10:51:31.808+0200] {logging_mixin.py:137} INFO - [2024-08-28T10:51:31.808+0200] {dag.py:2705} INFO - Sync 2 DAGs
[2024-08-28T10:51:31.811+0200] {logging_mixin.py:137} INFO - [2024-08-28T10:51:31.810+0200] {dag.py:3456} INFO - Setting next_dagrun for example_subdag_operator.section-1 to None, run_after=None
[2024-08-28T10:51:31.811+0200] {logging_mixin.py:137} INFO - [2024-08-28T10:51:31.811+0200] {dag.py:3456} INFO - Setting next_dagrun for example_subdag_operator.section-2 to None, run_after=None
[2024-08-28T10:51:31.817+0200] {processor.py:175} INFO - Processing /Users/roselina/opt/anaconda3/envs/python37/lib/python3.7/site-packages/airflow/example_dags/example_subdag_operator.py took 0.078 seconds
[2024-08-28T10:52:11.611+0200] {processor.py:153} INFO - Started process (PID=76155) to work on /Users/roselina/opt/anaconda3/envs/python37/lib/python3.7/site-packages/airflow/example_dags/example_subdag_operator.py
[2024-08-28T10:52:11.613+0200] {processor.py:743} INFO - Processing file /Users/roselina/opt/anaconda3/envs/python37/lib/python3.7/site-packages/airflow/example_dags/example_subdag_operator.py for tasks to queue
[2024-08-28T10:52:11.614+0200] {logging_mixin.py:137} INFO - [2024-08-28T10:52:11.614+0200] {dagbag.py:532} INFO - Filling up the DagBag from /Users/roselina/opt/anaconda3/envs/python37/lib/python3.7/site-packages/airflow/example_dags/example_subdag_operator.py
[2024-08-28T10:52:11.648+0200] {processor.py:753} INFO - DAG(s) dict_keys(['example_subdag_operator.section-1', 'example_subdag_operator.section-2', 'example_subdag_operator']) retrieved from /Users/roselina/opt/anaconda3/envs/python37/lib/python3.7/site-packages/airflow/example_dags/example_subdag_operator.py
[2024-08-28T10:52:11.662+0200] {logging_mixin.py:137} INFO - [2024-08-28T10:52:11.662+0200] {dag.py:2705} INFO - Sync 3 DAGs
[2024-08-28T10:52:11.675+0200] {logging_mixin.py:137} INFO - [2024-08-28T10:52:11.675+0200] {dag.py:3456} INFO - Setting next_dagrun for example_subdag_operator to 2022-01-01T00:00:00+00:00, run_after=2022-01-01T00:00:00+00:00
[2024-08-28T10:52:11.677+0200] {logging_mixin.py:137} INFO - [2024-08-28T10:52:11.677+0200] {dag.py:3456} INFO - Setting next_dagrun for example_subdag_operator.section-1 to None, run_after=None
[2024-08-28T10:52:11.678+0200] {logging_mixin.py:137} INFO - [2024-08-28T10:52:11.677+0200] {dag.py:3456} INFO - Setting next_dagrun for example_subdag_operator.section-2 to None, run_after=None
[2024-08-28T10:52:11.681+0200] {logging_mixin.py:137} INFO - [2024-08-28T10:52:11.681+0200] {dag.py:2705} INFO - Sync 2 DAGs
[2024-08-28T10:52:11.683+0200] {logging_mixin.py:137} INFO - [2024-08-28T10:52:11.683+0200] {dag.py:3456} INFO - Setting next_dagrun for example_subdag_operator.section-1 to None, run_after=None
[2024-08-28T10:52:11.684+0200] {logging_mixin.py:137} INFO - [2024-08-28T10:52:11.684+0200] {dag.py:3456} INFO - Setting next_dagrun for example_subdag_operator.section-2 to None, run_after=None
[2024-08-28T10:52:11.690+0200] {processor.py:175} INFO - Processing /Users/roselina/opt/anaconda3/envs/python37/lib/python3.7/site-packages/airflow/example_dags/example_subdag_operator.py took 0.084 seconds
[2024-08-28T10:52:54.181+0200] {processor.py:153} INFO - Started process (PID=76201) to work on /Users/roselina/opt/anaconda3/envs/python37/lib/python3.7/site-packages/airflow/example_dags/example_subdag_operator.py
[2024-08-28T10:52:54.184+0200] {processor.py:743} INFO - Processing file /Users/roselina/opt/anaconda3/envs/python37/lib/python3.7/site-packages/airflow/example_dags/example_subdag_operator.py for tasks to queue
[2024-08-28T10:52:54.185+0200] {logging_mixin.py:137} INFO - [2024-08-28T10:52:54.185+0200] {dagbag.py:532} INFO - Filling up the DagBag from /Users/roselina/opt/anaconda3/envs/python37/lib/python3.7/site-packages/airflow/example_dags/example_subdag_operator.py
[2024-08-28T10:52:54.217+0200] {processor.py:753} INFO - DAG(s) dict_keys(['example_subdag_operator.section-1', 'example_subdag_operator.section-2', 'example_subdag_operator']) retrieved from /Users/roselina/opt/anaconda3/envs/python37/lib/python3.7/site-packages/airflow/example_dags/example_subdag_operator.py
[2024-08-28T10:52:54.230+0200] {logging_mixin.py:137} INFO - [2024-08-28T10:52:54.230+0200] {dag.py:2705} INFO - Sync 3 DAGs
[2024-08-28T10:52:54.242+0200] {logging_mixin.py:137} INFO - [2024-08-28T10:52:54.241+0200] {dag.py:3456} INFO - Setting next_dagrun for example_subdag_operator to 2022-01-01T00:00:00+00:00, run_after=2022-01-01T00:00:00+00:00
[2024-08-28T10:52:54.243+0200] {logging_mixin.py:137} INFO - [2024-08-28T10:52:54.243+0200] {dag.py:3456} INFO - Setting next_dagrun for example_subdag_operator.section-1 to None, run_after=None
[2024-08-28T10:52:54.244+0200] {logging_mixin.py:137} INFO - [2024-08-28T10:52:54.244+0200] {dag.py:3456} INFO - Setting next_dagrun for example_subdag_operator.section-2 to None, run_after=None
[2024-08-28T10:52:54.248+0200] {logging_mixin.py:137} INFO - [2024-08-28T10:52:54.248+0200] {dag.py:2705} INFO - Sync 2 DAGs
[2024-08-28T10:52:54.250+0200] {logging_mixin.py:137} INFO - [2024-08-28T10:52:54.250+0200] {dag.py:3456} INFO - Setting next_dagrun for example_subdag_operator.section-1 to None, run_after=None
[2024-08-28T10:52:54.251+0200] {logging_mixin.py:137} INFO - [2024-08-28T10:52:54.251+0200] {dag.py:3456} INFO - Setting next_dagrun for example_subdag_operator.section-2 to None, run_after=None
[2024-08-28T10:52:54.258+0200] {processor.py:175} INFO - Processing /Users/roselina/opt/anaconda3/envs/python37/lib/python3.7/site-packages/airflow/example_dags/example_subdag_operator.py took 0.082 seconds
