[2024-08-28T10:11:09.133+0200] {processor.py:153} INFO - Started process (PID=74911) to work on /Users/roselina/opt/anaconda3/envs/python37/lib/python3.7/site-packages/airflow/example_dags/example_xcomargs.py
[2024-08-28T10:11:09.135+0200] {processor.py:743} INFO - Processing file /Users/roselina/opt/anaconda3/envs/python37/lib/python3.7/site-packages/airflow/example_dags/example_xcomargs.py for tasks to queue
[2024-08-28T10:11:09.136+0200] {logging_mixin.py:137} INFO - [2024-08-28T10:11:09.135+0200] {dagbag.py:532} INFO - Filling up the DagBag from /Users/roselina/opt/anaconda3/envs/python37/lib/python3.7/site-packages/airflow/example_dags/example_xcomargs.py
[2024-08-28T10:11:09.157+0200] {processor.py:753} INFO - DAG(s) dict_keys(['example_xcom_args', 'example_xcom_args_with_operators']) retrieved from /Users/roselina/opt/anaconda3/envs/python37/lib/python3.7/site-packages/airflow/example_dags/example_xcomargs.py
[2024-08-28T10:11:09.211+0200] {logging_mixin.py:137} INFO - [2024-08-28T10:11:09.211+0200] {manager.py:504} INFO - Created Permission View: can read on DAG:example_xcom_args
[2024-08-28T10:11:09.216+0200] {logging_mixin.py:137} INFO - [2024-08-28T10:11:09.215+0200] {manager.py:504} INFO - Created Permission View: can delete on DAG:example_xcom_args
[2024-08-28T10:11:09.219+0200] {logging_mixin.py:137} INFO - [2024-08-28T10:11:09.219+0200] {manager.py:504} INFO - Created Permission View: can edit on DAG:example_xcom_args
[2024-08-28T10:11:09.226+0200] {logging_mixin.py:137} INFO - [2024-08-28T10:11:09.226+0200] {manager.py:504} INFO - Created Permission View: can read on DAG:example_xcom_args_with_operators
[2024-08-28T10:11:09.229+0200] {logging_mixin.py:137} INFO - [2024-08-28T10:11:09.229+0200] {manager.py:504} INFO - Created Permission View: can delete on DAG:example_xcom_args_with_operators
[2024-08-28T10:11:09.232+0200] {logging_mixin.py:137} INFO - [2024-08-28T10:11:09.232+0200] {manager.py:504} INFO - Created Permission View: can edit on DAG:example_xcom_args_with_operators
[2024-08-28T10:11:09.233+0200] {logging_mixin.py:137} INFO - [2024-08-28T10:11:09.232+0200] {dag.py:2705} INFO - Sync 2 DAGs
[2024-08-28T10:11:09.240+0200] {logging_mixin.py:137} INFO - [2024-08-28T10:11:09.240+0200] {dag.py:2726} INFO - Creating ORM DAG for example_xcom_args
[2024-08-28T10:11:09.241+0200] {logging_mixin.py:137} INFO - [2024-08-28T10:11:09.240+0200] {dag.py:2726} INFO - Creating ORM DAG for example_xcom_args_with_operators
[2024-08-28T10:11:09.246+0200] {logging_mixin.py:137} INFO - [2024-08-28T10:11:09.245+0200] {dag.py:3456} INFO - Setting next_dagrun for example_xcom_args to None, run_after=None
[2024-08-28T10:11:09.246+0200] {logging_mixin.py:137} INFO - [2024-08-28T10:11:09.246+0200] {dag.py:3456} INFO - Setting next_dagrun for example_xcom_args_with_operators to None, run_after=None
[2024-08-28T10:11:09.255+0200] {processor.py:175} INFO - Processing /Users/roselina/opt/anaconda3/envs/python37/lib/python3.7/site-packages/airflow/example_dags/example_xcomargs.py took 0.126 seconds
[2024-08-28T10:11:54.473+0200] {processor.py:153} INFO - Started process (PID=74971) to work on /Users/roselina/opt/anaconda3/envs/python37/lib/python3.7/site-packages/airflow/example_dags/example_xcomargs.py
[2024-08-28T10:11:54.474+0200] {processor.py:743} INFO - Processing file /Users/roselina/opt/anaconda3/envs/python37/lib/python3.7/site-packages/airflow/example_dags/example_xcomargs.py for tasks to queue
[2024-08-28T10:11:54.475+0200] {logging_mixin.py:137} INFO - [2024-08-28T10:11:54.475+0200] {dagbag.py:532} INFO - Filling up the DagBag from /Users/roselina/opt/anaconda3/envs/python37/lib/python3.7/site-packages/airflow/example_dags/example_xcomargs.py
[2024-08-28T10:11:54.498+0200] {processor.py:753} INFO - DAG(s) dict_keys(['example_xcom_args_with_operators', 'example_xcom_args']) retrieved from /Users/roselina/opt/anaconda3/envs/python37/lib/python3.7/site-packages/airflow/example_dags/example_xcomargs.py
[2024-08-28T10:11:54.514+0200] {logging_mixin.py:137} INFO - [2024-08-28T10:11:54.514+0200] {dag.py:2705} INFO - Sync 2 DAGs
[2024-08-28T10:11:54.527+0200] {logging_mixin.py:137} INFO - [2024-08-28T10:11:54.526+0200] {dag.py:3456} INFO - Setting next_dagrun for example_xcom_args to None, run_after=None
[2024-08-28T10:11:54.529+0200] {logging_mixin.py:137} INFO - [2024-08-28T10:11:54.528+0200] {dag.py:3456} INFO - Setting next_dagrun for example_xcom_args_with_operators to None, run_after=None
[2024-08-28T10:11:54.538+0200] {processor.py:175} INFO - Processing /Users/roselina/opt/anaconda3/envs/python37/lib/python3.7/site-packages/airflow/example_dags/example_xcomargs.py took 0.069 seconds
[2024-08-28T10:12:34.665+0200] {processor.py:153} INFO - Started process (PID=75043) to work on /Users/roselina/opt/anaconda3/envs/python37/lib/python3.7/site-packages/airflow/example_dags/example_xcomargs.py
[2024-08-28T10:12:34.667+0200] {processor.py:743} INFO - Processing file /Users/roselina/opt/anaconda3/envs/python37/lib/python3.7/site-packages/airflow/example_dags/example_xcomargs.py for tasks to queue
[2024-08-28T10:12:34.668+0200] {logging_mixin.py:137} INFO - [2024-08-28T10:12:34.667+0200] {dagbag.py:532} INFO - Filling up the DagBag from /Users/roselina/opt/anaconda3/envs/python37/lib/python3.7/site-packages/airflow/example_dags/example_xcomargs.py
[2024-08-28T10:12:34.692+0200] {processor.py:753} INFO - DAG(s) dict_keys(['example_xcom_args', 'example_xcom_args_with_operators']) retrieved from /Users/roselina/opt/anaconda3/envs/python37/lib/python3.7/site-packages/airflow/example_dags/example_xcomargs.py
[2024-08-28T10:12:34.713+0200] {logging_mixin.py:137} INFO - [2024-08-28T10:12:34.713+0200] {dag.py:2705} INFO - Sync 2 DAGs
[2024-08-28T10:12:34.726+0200] {logging_mixin.py:137} INFO - [2024-08-28T10:12:34.725+0200] {dag.py:3456} INFO - Setting next_dagrun for example_xcom_args to None, run_after=None
[2024-08-28T10:12:34.727+0200] {logging_mixin.py:137} INFO - [2024-08-28T10:12:34.727+0200] {dag.py:3456} INFO - Setting next_dagrun for example_xcom_args_with_operators to None, run_after=None
[2024-08-28T10:12:34.737+0200] {processor.py:175} INFO - Processing /Users/roselina/opt/anaconda3/envs/python37/lib/python3.7/site-packages/airflow/example_dags/example_xcomargs.py took 0.076 seconds
[2024-08-28T10:13:18.094+0200] {processor.py:153} INFO - Started process (PID=75108) to work on /Users/roselina/opt/anaconda3/envs/python37/lib/python3.7/site-packages/airflow/example_dags/example_xcomargs.py
[2024-08-28T10:13:18.096+0200] {processor.py:743} INFO - Processing file /Users/roselina/opt/anaconda3/envs/python37/lib/python3.7/site-packages/airflow/example_dags/example_xcomargs.py for tasks to queue
[2024-08-28T10:13:18.097+0200] {logging_mixin.py:137} INFO - [2024-08-28T10:13:18.097+0200] {dagbag.py:532} INFO - Filling up the DagBag from /Users/roselina/opt/anaconda3/envs/python37/lib/python3.7/site-packages/airflow/example_dags/example_xcomargs.py
[2024-08-28T10:13:18.128+0200] {processor.py:753} INFO - DAG(s) dict_keys(['example_xcom_args', 'example_xcom_args_with_operators']) retrieved from /Users/roselina/opt/anaconda3/envs/python37/lib/python3.7/site-packages/airflow/example_dags/example_xcomargs.py
[2024-08-28T10:13:18.145+0200] {logging_mixin.py:137} INFO - [2024-08-28T10:13:18.144+0200] {dag.py:2705} INFO - Sync 2 DAGs
[2024-08-28T10:13:18.158+0200] {logging_mixin.py:137} INFO - [2024-08-28T10:13:18.157+0200] {dag.py:3456} INFO - Setting next_dagrun for example_xcom_args to None, run_after=None
[2024-08-28T10:13:18.159+0200] {logging_mixin.py:137} INFO - [2024-08-28T10:13:18.159+0200] {dag.py:3456} INFO - Setting next_dagrun for example_xcom_args_with_operators to None, run_after=None
[2024-08-28T10:13:18.168+0200] {processor.py:175} INFO - Processing /Users/roselina/opt/anaconda3/envs/python37/lib/python3.7/site-packages/airflow/example_dags/example_xcomargs.py took 0.078 seconds
[2024-08-28T10:13:59.379+0200] {processor.py:153} INFO - Started process (PID=75166) to work on /Users/roselina/opt/anaconda3/envs/python37/lib/python3.7/site-packages/airflow/example_dags/example_xcomargs.py
[2024-08-28T10:13:59.381+0200] {processor.py:743} INFO - Processing file /Users/roselina/opt/anaconda3/envs/python37/lib/python3.7/site-packages/airflow/example_dags/example_xcomargs.py for tasks to queue
[2024-08-28T10:13:59.383+0200] {logging_mixin.py:137} INFO - [2024-08-28T10:13:59.383+0200] {dagbag.py:532} INFO - Filling up the DagBag from /Users/roselina/opt/anaconda3/envs/python37/lib/python3.7/site-packages/airflow/example_dags/example_xcomargs.py
[2024-08-28T10:13:59.404+0200] {processor.py:753} INFO - DAG(s) dict_keys(['example_xcom_args', 'example_xcom_args_with_operators']) retrieved from /Users/roselina/opt/anaconda3/envs/python37/lib/python3.7/site-packages/airflow/example_dags/example_xcomargs.py
[2024-08-28T10:13:59.422+0200] {logging_mixin.py:137} INFO - [2024-08-28T10:13:59.422+0200] {dag.py:2705} INFO - Sync 2 DAGs
[2024-08-28T10:13:59.438+0200] {logging_mixin.py:137} INFO - [2024-08-28T10:13:59.438+0200] {dag.py:3456} INFO - Setting next_dagrun for example_xcom_args to None, run_after=None
[2024-08-28T10:13:59.441+0200] {logging_mixin.py:137} INFO - [2024-08-28T10:13:59.440+0200] {dag.py:3456} INFO - Setting next_dagrun for example_xcom_args_with_operators to None, run_after=None
[2024-08-28T10:13:59.452+0200] {processor.py:175} INFO - Processing /Users/roselina/opt/anaconda3/envs/python37/lib/python3.7/site-packages/airflow/example_dags/example_xcomargs.py took 0.076 seconds
[2024-08-28T10:14:42.234+0200] {processor.py:153} INFO - Started process (PID=75233) to work on /Users/roselina/opt/anaconda3/envs/python37/lib/python3.7/site-packages/airflow/example_dags/example_xcomargs.py
[2024-08-28T10:14:42.236+0200] {processor.py:743} INFO - Processing file /Users/roselina/opt/anaconda3/envs/python37/lib/python3.7/site-packages/airflow/example_dags/example_xcomargs.py for tasks to queue
[2024-08-28T10:14:42.237+0200] {logging_mixin.py:137} INFO - [2024-08-28T10:14:42.237+0200] {dagbag.py:532} INFO - Filling up the DagBag from /Users/roselina/opt/anaconda3/envs/python37/lib/python3.7/site-packages/airflow/example_dags/example_xcomargs.py
[2024-08-28T10:14:42.265+0200] {processor.py:753} INFO - DAG(s) dict_keys(['example_xcom_args', 'example_xcom_args_with_operators']) retrieved from /Users/roselina/opt/anaconda3/envs/python37/lib/python3.7/site-packages/airflow/example_dags/example_xcomargs.py
[2024-08-28T10:14:42.284+0200] {logging_mixin.py:137} INFO - [2024-08-28T10:14:42.284+0200] {dag.py:2705} INFO - Sync 2 DAGs
[2024-08-28T10:14:42.297+0200] {logging_mixin.py:137} INFO - [2024-08-28T10:14:42.297+0200] {dag.py:3456} INFO - Setting next_dagrun for example_xcom_args to None, run_after=None
[2024-08-28T10:14:42.299+0200] {logging_mixin.py:137} INFO - [2024-08-28T10:14:42.299+0200] {dag.py:3456} INFO - Setting next_dagrun for example_xcom_args_with_operators to None, run_after=None
[2024-08-28T10:14:42.309+0200] {processor.py:175} INFO - Processing /Users/roselina/opt/anaconda3/envs/python37/lib/python3.7/site-packages/airflow/example_dags/example_xcomargs.py took 0.079 seconds
[2024-08-28T10:15:23.584+0200] {processor.py:153} INFO - Started process (PID=75278) to work on /Users/roselina/opt/anaconda3/envs/python37/lib/python3.7/site-packages/airflow/example_dags/example_xcomargs.py
[2024-08-28T10:15:23.585+0200] {processor.py:743} INFO - Processing file /Users/roselina/opt/anaconda3/envs/python37/lib/python3.7/site-packages/airflow/example_dags/example_xcomargs.py for tasks to queue
[2024-08-28T10:15:23.587+0200] {logging_mixin.py:137} INFO - [2024-08-28T10:15:23.586+0200] {dagbag.py:532} INFO - Filling up the DagBag from /Users/roselina/opt/anaconda3/envs/python37/lib/python3.7/site-packages/airflow/example_dags/example_xcomargs.py
[2024-08-28T10:15:23.614+0200] {processor.py:753} INFO - DAG(s) dict_keys(['example_xcom_args', 'example_xcom_args_with_operators']) retrieved from /Users/roselina/opt/anaconda3/envs/python37/lib/python3.7/site-packages/airflow/example_dags/example_xcomargs.py
[2024-08-28T10:15:23.629+0200] {logging_mixin.py:137} INFO - [2024-08-28T10:15:23.629+0200] {dag.py:2705} INFO - Sync 2 DAGs
[2024-08-28T10:15:23.641+0200] {logging_mixin.py:137} INFO - [2024-08-28T10:15:23.641+0200] {dag.py:3456} INFO - Setting next_dagrun for example_xcom_args to None, run_after=None
[2024-08-28T10:15:23.642+0200] {logging_mixin.py:137} INFO - [2024-08-28T10:15:23.642+0200] {dag.py:3456} INFO - Setting next_dagrun for example_xcom_args_with_operators to None, run_after=None
[2024-08-28T10:15:23.651+0200] {processor.py:175} INFO - Processing /Users/roselina/opt/anaconda3/envs/python37/lib/python3.7/site-packages/airflow/example_dags/example_xcomargs.py took 0.071 seconds
[2024-08-28T10:16:03.523+0200] {processor.py:153} INFO - Started process (PID=75322) to work on /Users/roselina/opt/anaconda3/envs/python37/lib/python3.7/site-packages/airflow/example_dags/example_xcomargs.py
[2024-08-28T10:16:03.524+0200] {processor.py:743} INFO - Processing file /Users/roselina/opt/anaconda3/envs/python37/lib/python3.7/site-packages/airflow/example_dags/example_xcomargs.py for tasks to queue
[2024-08-28T10:16:03.525+0200] {logging_mixin.py:137} INFO - [2024-08-28T10:16:03.525+0200] {dagbag.py:532} INFO - Filling up the DagBag from /Users/roselina/opt/anaconda3/envs/python37/lib/python3.7/site-packages/airflow/example_dags/example_xcomargs.py
[2024-08-28T10:16:03.542+0200] {processor.py:753} INFO - DAG(s) dict_keys(['example_xcom_args_with_operators', 'example_xcom_args']) retrieved from /Users/roselina/opt/anaconda3/envs/python37/lib/python3.7/site-packages/airflow/example_dags/example_xcomargs.py
[2024-08-28T10:16:03.555+0200] {logging_mixin.py:137} INFO - [2024-08-28T10:16:03.555+0200] {dag.py:2705} INFO - Sync 2 DAGs
[2024-08-28T10:16:03.566+0200] {logging_mixin.py:137} INFO - [2024-08-28T10:16:03.566+0200] {dag.py:3456} INFO - Setting next_dagrun for example_xcom_args to None, run_after=None
[2024-08-28T10:16:03.568+0200] {logging_mixin.py:137} INFO - [2024-08-28T10:16:03.568+0200] {dag.py:3456} INFO - Setting next_dagrun for example_xcom_args_with_operators to None, run_after=None
[2024-08-28T10:16:03.576+0200] {processor.py:175} INFO - Processing /Users/roselina/opt/anaconda3/envs/python37/lib/python3.7/site-packages/airflow/example_dags/example_xcomargs.py took 0.056 seconds
[2024-08-28T10:16:43.732+0200] {processor.py:153} INFO - Started process (PID=75368) to work on /Users/roselina/opt/anaconda3/envs/python37/lib/python3.7/site-packages/airflow/example_dags/example_xcomargs.py
[2024-08-28T10:16:43.734+0200] {processor.py:743} INFO - Processing file /Users/roselina/opt/anaconda3/envs/python37/lib/python3.7/site-packages/airflow/example_dags/example_xcomargs.py for tasks to queue
[2024-08-28T10:16:43.735+0200] {logging_mixin.py:137} INFO - [2024-08-28T10:16:43.735+0200] {dagbag.py:532} INFO - Filling up the DagBag from /Users/roselina/opt/anaconda3/envs/python37/lib/python3.7/site-packages/airflow/example_dags/example_xcomargs.py
[2024-08-28T10:16:43.761+0200] {processor.py:753} INFO - DAG(s) dict_keys(['example_xcom_args', 'example_xcom_args_with_operators']) retrieved from /Users/roselina/opt/anaconda3/envs/python37/lib/python3.7/site-packages/airflow/example_dags/example_xcomargs.py
[2024-08-28T10:16:43.779+0200] {logging_mixin.py:137} INFO - [2024-08-28T10:16:43.779+0200] {dag.py:2705} INFO - Sync 2 DAGs
[2024-08-28T10:16:43.791+0200] {logging_mixin.py:137} INFO - [2024-08-28T10:16:43.791+0200] {dag.py:3456} INFO - Setting next_dagrun for example_xcom_args to None, run_after=None
[2024-08-28T10:16:43.793+0200] {logging_mixin.py:137} INFO - [2024-08-28T10:16:43.793+0200] {dag.py:3456} INFO - Setting next_dagrun for example_xcom_args_with_operators to None, run_after=None
[2024-08-28T10:16:43.801+0200] {processor.py:175} INFO - Processing /Users/roselina/opt/anaconda3/envs/python37/lib/python3.7/site-packages/airflow/example_dags/example_xcomargs.py took 0.074 seconds
[2024-08-28T10:17:26.193+0200] {processor.py:153} INFO - Started process (PID=75415) to work on /Users/roselina/opt/anaconda3/envs/python37/lib/python3.7/site-packages/airflow/example_dags/example_xcomargs.py
[2024-08-28T10:17:26.195+0200] {processor.py:743} INFO - Processing file /Users/roselina/opt/anaconda3/envs/python37/lib/python3.7/site-packages/airflow/example_dags/example_xcomargs.py for tasks to queue
[2024-08-28T10:17:26.196+0200] {logging_mixin.py:137} INFO - [2024-08-28T10:17:26.196+0200] {dagbag.py:532} INFO - Filling up the DagBag from /Users/roselina/opt/anaconda3/envs/python37/lib/python3.7/site-packages/airflow/example_dags/example_xcomargs.py
[2024-08-28T10:17:26.221+0200] {processor.py:753} INFO - DAG(s) dict_keys(['example_xcom_args', 'example_xcom_args_with_operators']) retrieved from /Users/roselina/opt/anaconda3/envs/python37/lib/python3.7/site-packages/airflow/example_dags/example_xcomargs.py
[2024-08-28T10:17:26.236+0200] {logging_mixin.py:137} INFO - [2024-08-28T10:17:26.236+0200] {dag.py:2705} INFO - Sync 2 DAGs
[2024-08-28T10:17:26.249+0200] {logging_mixin.py:137} INFO - [2024-08-28T10:17:26.248+0200] {dag.py:3456} INFO - Setting next_dagrun for example_xcom_args to None, run_after=None
[2024-08-28T10:17:26.250+0200] {logging_mixin.py:137} INFO - [2024-08-28T10:17:26.250+0200] {dag.py:3456} INFO - Setting next_dagrun for example_xcom_args_with_operators to None, run_after=None
[2024-08-28T10:17:26.259+0200] {processor.py:175} INFO - Processing /Users/roselina/opt/anaconda3/envs/python37/lib/python3.7/site-packages/airflow/example_dags/example_xcomargs.py took 0.071 seconds
[2024-08-28T10:43:47.821+0200] {processor.py:153} INFO - Started process (PID=75514) to work on /Users/roselina/opt/anaconda3/envs/python37/lib/python3.7/site-packages/airflow/example_dags/example_xcomargs.py
[2024-08-28T10:43:47.823+0200] {processor.py:743} INFO - Processing file /Users/roselina/opt/anaconda3/envs/python37/lib/python3.7/site-packages/airflow/example_dags/example_xcomargs.py for tasks to queue
[2024-08-28T10:43:47.824+0200] {logging_mixin.py:137} INFO - [2024-08-28T10:43:47.824+0200] {dagbag.py:532} INFO - Filling up the DagBag from /Users/roselina/opt/anaconda3/envs/python37/lib/python3.7/site-packages/airflow/example_dags/example_xcomargs.py
[2024-08-28T10:43:47.849+0200] {processor.py:753} INFO - DAG(s) dict_keys(['example_xcom_args', 'example_xcom_args_with_operators']) retrieved from /Users/roselina/opt/anaconda3/envs/python37/lib/python3.7/site-packages/airflow/example_dags/example_xcomargs.py
[2024-08-28T10:43:47.872+0200] {logging_mixin.py:137} INFO - [2024-08-28T10:43:47.872+0200] {dag.py:2705} INFO - Sync 2 DAGs
[2024-08-28T10:43:47.885+0200] {logging_mixin.py:137} INFO - [2024-08-28T10:43:47.885+0200] {dag.py:3456} INFO - Setting next_dagrun for example_xcom_args to None, run_after=None
[2024-08-28T10:43:47.887+0200] {logging_mixin.py:137} INFO - [2024-08-28T10:43:47.887+0200] {dag.py:3456} INFO - Setting next_dagrun for example_xcom_args_with_operators to None, run_after=None
[2024-08-28T10:43:47.896+0200] {processor.py:175} INFO - Processing /Users/roselina/opt/anaconda3/envs/python37/lib/python3.7/site-packages/airflow/example_dags/example_xcomargs.py took 0.080 seconds
[2024-08-28T10:44:30.274+0200] {processor.py:153} INFO - Started process (PID=75568) to work on /Users/roselina/opt/anaconda3/envs/python37/lib/python3.7/site-packages/airflow/example_dags/example_xcomargs.py
[2024-08-28T10:44:30.277+0200] {processor.py:743} INFO - Processing file /Users/roselina/opt/anaconda3/envs/python37/lib/python3.7/site-packages/airflow/example_dags/example_xcomargs.py for tasks to queue
[2024-08-28T10:44:30.278+0200] {logging_mixin.py:137} INFO - [2024-08-28T10:44:30.278+0200] {dagbag.py:532} INFO - Filling up the DagBag from /Users/roselina/opt/anaconda3/envs/python37/lib/python3.7/site-packages/airflow/example_dags/example_xcomargs.py
[2024-08-28T10:44:30.305+0200] {processor.py:753} INFO - DAG(s) dict_keys(['example_xcom_args', 'example_xcom_args_with_operators']) retrieved from /Users/roselina/opt/anaconda3/envs/python37/lib/python3.7/site-packages/airflow/example_dags/example_xcomargs.py
[2024-08-28T10:44:30.321+0200] {logging_mixin.py:137} INFO - [2024-08-28T10:44:30.320+0200] {dag.py:2705} INFO - Sync 2 DAGs
[2024-08-28T10:44:30.333+0200] {logging_mixin.py:137} INFO - [2024-08-28T10:44:30.333+0200] {dag.py:3456} INFO - Setting next_dagrun for example_xcom_args to None, run_after=None
[2024-08-28T10:44:30.334+0200] {logging_mixin.py:137} INFO - [2024-08-28T10:44:30.334+0200] {dag.py:3456} INFO - Setting next_dagrun for example_xcom_args_with_operators to None, run_after=None
[2024-08-28T10:44:30.343+0200] {processor.py:175} INFO - Processing /Users/roselina/opt/anaconda3/envs/python37/lib/python3.7/site-packages/airflow/example_dags/example_xcomargs.py took 0.074 seconds
[2024-08-28T10:45:12.271+0200] {processor.py:153} INFO - Started process (PID=75628) to work on /Users/roselina/opt/anaconda3/envs/python37/lib/python3.7/site-packages/airflow/example_dags/example_xcomargs.py
[2024-08-28T10:45:12.273+0200] {processor.py:743} INFO - Processing file /Users/roselina/opt/anaconda3/envs/python37/lib/python3.7/site-packages/airflow/example_dags/example_xcomargs.py for tasks to queue
[2024-08-28T10:45:12.274+0200] {logging_mixin.py:137} INFO - [2024-08-28T10:45:12.274+0200] {dagbag.py:532} INFO - Filling up the DagBag from /Users/roselina/opt/anaconda3/envs/python37/lib/python3.7/site-packages/airflow/example_dags/example_xcomargs.py
[2024-08-28T10:45:12.300+0200] {processor.py:753} INFO - DAG(s) dict_keys(['example_xcom_args', 'example_xcom_args_with_operators']) retrieved from /Users/roselina/opt/anaconda3/envs/python37/lib/python3.7/site-packages/airflow/example_dags/example_xcomargs.py
[2024-08-28T10:45:12.316+0200] {logging_mixin.py:137} INFO - [2024-08-28T10:45:12.316+0200] {dag.py:2705} INFO - Sync 2 DAGs
[2024-08-28T10:45:12.327+0200] {logging_mixin.py:137} INFO - [2024-08-28T10:45:12.327+0200] {dag.py:3456} INFO - Setting next_dagrun for example_xcom_args to None, run_after=None
[2024-08-28T10:45:12.329+0200] {logging_mixin.py:137} INFO - [2024-08-28T10:45:12.329+0200] {dag.py:3456} INFO - Setting next_dagrun for example_xcom_args_with_operators to None, run_after=None
[2024-08-28T10:45:12.339+0200] {processor.py:175} INFO - Processing /Users/roselina/opt/anaconda3/envs/python37/lib/python3.7/site-packages/airflow/example_dags/example_xcomargs.py took 0.074 seconds
[2024-08-28T10:45:53.609+0200] {processor.py:153} INFO - Started process (PID=75675) to work on /Users/roselina/opt/anaconda3/envs/python37/lib/python3.7/site-packages/airflow/example_dags/example_xcomargs.py
[2024-08-28T10:45:53.612+0200] {processor.py:743} INFO - Processing file /Users/roselina/opt/anaconda3/envs/python37/lib/python3.7/site-packages/airflow/example_dags/example_xcomargs.py for tasks to queue
[2024-08-28T10:45:53.613+0200] {logging_mixin.py:137} INFO - [2024-08-28T10:45:53.613+0200] {dagbag.py:532} INFO - Filling up the DagBag from /Users/roselina/opt/anaconda3/envs/python37/lib/python3.7/site-packages/airflow/example_dags/example_xcomargs.py
[2024-08-28T10:45:53.638+0200] {processor.py:753} INFO - DAG(s) dict_keys(['example_xcom_args', 'example_xcom_args_with_operators']) retrieved from /Users/roselina/opt/anaconda3/envs/python37/lib/python3.7/site-packages/airflow/example_dags/example_xcomargs.py
[2024-08-28T10:45:53.653+0200] {logging_mixin.py:137} INFO - [2024-08-28T10:45:53.653+0200] {dag.py:2705} INFO - Sync 2 DAGs
[2024-08-28T10:45:53.666+0200] {logging_mixin.py:137} INFO - [2024-08-28T10:45:53.665+0200] {dag.py:3456} INFO - Setting next_dagrun for example_xcom_args to None, run_after=None
[2024-08-28T10:45:53.667+0200] {logging_mixin.py:137} INFO - [2024-08-28T10:45:53.667+0200] {dag.py:3456} INFO - Setting next_dagrun for example_xcom_args_with_operators to None, run_after=None
[2024-08-28T10:45:53.676+0200] {processor.py:175} INFO - Processing /Users/roselina/opt/anaconda3/envs/python37/lib/python3.7/site-packages/airflow/example_dags/example_xcomargs.py took 0.071 seconds
[2024-08-28T10:46:34.904+0200] {processor.py:153} INFO - Started process (PID=75720) to work on /Users/roselina/opt/anaconda3/envs/python37/lib/python3.7/site-packages/airflow/example_dags/example_xcomargs.py
[2024-08-28T10:46:34.905+0200] {processor.py:743} INFO - Processing file /Users/roselina/opt/anaconda3/envs/python37/lib/python3.7/site-packages/airflow/example_dags/example_xcomargs.py for tasks to queue
[2024-08-28T10:46:34.906+0200] {logging_mixin.py:137} INFO - [2024-08-28T10:46:34.906+0200] {dagbag.py:532} INFO - Filling up the DagBag from /Users/roselina/opt/anaconda3/envs/python37/lib/python3.7/site-packages/airflow/example_dags/example_xcomargs.py
[2024-08-28T10:46:34.924+0200] {processor.py:753} INFO - DAG(s) dict_keys(['example_xcom_args', 'example_xcom_args_with_operators']) retrieved from /Users/roselina/opt/anaconda3/envs/python37/lib/python3.7/site-packages/airflow/example_dags/example_xcomargs.py
[2024-08-28T10:46:34.943+0200] {logging_mixin.py:137} INFO - [2024-08-28T10:46:34.942+0200] {dag.py:2705} INFO - Sync 2 DAGs
[2024-08-28T10:46:34.958+0200] {logging_mixin.py:137} INFO - [2024-08-28T10:46:34.957+0200] {dag.py:3456} INFO - Setting next_dagrun for example_xcom_args to None, run_after=None
[2024-08-28T10:46:34.960+0200] {logging_mixin.py:137} INFO - [2024-08-28T10:46:34.959+0200] {dag.py:3456} INFO - Setting next_dagrun for example_xcom_args_with_operators to None, run_after=None
[2024-08-28T10:46:34.970+0200] {processor.py:175} INFO - Processing /Users/roselina/opt/anaconda3/envs/python37/lib/python3.7/site-packages/airflow/example_dags/example_xcomargs.py took 0.068 seconds
[2024-08-28T10:47:16.012+0200] {processor.py:153} INFO - Started process (PID=75774) to work on /Users/roselina/opt/anaconda3/envs/python37/lib/python3.7/site-packages/airflow/example_dags/example_xcomargs.py
[2024-08-28T10:47:16.014+0200] {processor.py:743} INFO - Processing file /Users/roselina/opt/anaconda3/envs/python37/lib/python3.7/site-packages/airflow/example_dags/example_xcomargs.py for tasks to queue
[2024-08-28T10:47:16.015+0200] {logging_mixin.py:137} INFO - [2024-08-28T10:47:16.015+0200] {dagbag.py:532} INFO - Filling up the DagBag from /Users/roselina/opt/anaconda3/envs/python37/lib/python3.7/site-packages/airflow/example_dags/example_xcomargs.py
[2024-08-28T10:47:16.038+0200] {processor.py:753} INFO - DAG(s) dict_keys(['example_xcom_args_with_operators', 'example_xcom_args']) retrieved from /Users/roselina/opt/anaconda3/envs/python37/lib/python3.7/site-packages/airflow/example_dags/example_xcomargs.py
[2024-08-28T10:47:16.054+0200] {logging_mixin.py:137} INFO - [2024-08-28T10:47:16.054+0200] {dag.py:2705} INFO - Sync 2 DAGs
[2024-08-28T10:47:16.065+0200] {logging_mixin.py:137} INFO - [2024-08-28T10:47:16.065+0200] {dag.py:3456} INFO - Setting next_dagrun for example_xcom_args to None, run_after=None
[2024-08-28T10:47:16.067+0200] {logging_mixin.py:137} INFO - [2024-08-28T10:47:16.067+0200] {dag.py:3456} INFO - Setting next_dagrun for example_xcom_args_with_operators to None, run_after=None
[2024-08-28T10:47:16.075+0200] {processor.py:175} INFO - Processing /Users/roselina/opt/anaconda3/envs/python37/lib/python3.7/site-packages/airflow/example_dags/example_xcomargs.py took 0.068 seconds
[2024-08-28T10:47:57.466+0200] {processor.py:153} INFO - Started process (PID=75825) to work on /Users/roselina/opt/anaconda3/envs/python37/lib/python3.7/site-packages/airflow/example_dags/example_xcomargs.py
[2024-08-28T10:47:57.468+0200] {processor.py:743} INFO - Processing file /Users/roselina/opt/anaconda3/envs/python37/lib/python3.7/site-packages/airflow/example_dags/example_xcomargs.py for tasks to queue
[2024-08-28T10:47:57.469+0200] {logging_mixin.py:137} INFO - [2024-08-28T10:47:57.469+0200] {dagbag.py:532} INFO - Filling up the DagBag from /Users/roselina/opt/anaconda3/envs/python37/lib/python3.7/site-packages/airflow/example_dags/example_xcomargs.py
[2024-08-28T10:47:57.495+0200] {processor.py:753} INFO - DAG(s) dict_keys(['example_xcom_args_with_operators', 'example_xcom_args']) retrieved from /Users/roselina/opt/anaconda3/envs/python37/lib/python3.7/site-packages/airflow/example_dags/example_xcomargs.py
[2024-08-28T10:47:57.511+0200] {logging_mixin.py:137} INFO - [2024-08-28T10:47:57.510+0200] {dag.py:2705} INFO - Sync 2 DAGs
[2024-08-28T10:47:57.522+0200] {logging_mixin.py:137} INFO - [2024-08-28T10:47:57.522+0200] {dag.py:3456} INFO - Setting next_dagrun for example_xcom_args to None, run_after=None
[2024-08-28T10:47:57.524+0200] {logging_mixin.py:137} INFO - [2024-08-28T10:47:57.524+0200] {dag.py:3456} INFO - Setting next_dagrun for example_xcom_args_with_operators to None, run_after=None
[2024-08-28T10:47:57.533+0200] {processor.py:175} INFO - Processing /Users/roselina/opt/anaconda3/envs/python37/lib/python3.7/site-packages/airflow/example_dags/example_xcomargs.py took 0.071 seconds
[2024-08-28T10:48:38.887+0200] {processor.py:153} INFO - Started process (PID=75888) to work on /Users/roselina/opt/anaconda3/envs/python37/lib/python3.7/site-packages/airflow/example_dags/example_xcomargs.py
[2024-08-28T10:48:38.889+0200] {processor.py:743} INFO - Processing file /Users/roselina/opt/anaconda3/envs/python37/lib/python3.7/site-packages/airflow/example_dags/example_xcomargs.py for tasks to queue
[2024-08-28T10:48:38.891+0200] {logging_mixin.py:137} INFO - [2024-08-28T10:48:38.890+0200] {dagbag.py:532} INFO - Filling up the DagBag from /Users/roselina/opt/anaconda3/envs/python37/lib/python3.7/site-packages/airflow/example_dags/example_xcomargs.py
[2024-08-28T10:48:38.916+0200] {processor.py:753} INFO - DAG(s) dict_keys(['example_xcom_args_with_operators', 'example_xcom_args']) retrieved from /Users/roselina/opt/anaconda3/envs/python37/lib/python3.7/site-packages/airflow/example_dags/example_xcomargs.py
[2024-08-28T10:48:38.932+0200] {logging_mixin.py:137} INFO - [2024-08-28T10:48:38.932+0200] {dag.py:2705} INFO - Sync 2 DAGs
[2024-08-28T10:48:38.944+0200] {logging_mixin.py:137} INFO - [2024-08-28T10:48:38.944+0200] {dag.py:3456} INFO - Setting next_dagrun for example_xcom_args to None, run_after=None
[2024-08-28T10:48:38.946+0200] {logging_mixin.py:137} INFO - [2024-08-28T10:48:38.946+0200] {dag.py:3456} INFO - Setting next_dagrun for example_xcom_args_with_operators to None, run_after=None
[2024-08-28T10:48:38.955+0200] {processor.py:175} INFO - Processing /Users/roselina/opt/anaconda3/envs/python37/lib/python3.7/site-packages/airflow/example_dags/example_xcomargs.py took 0.072 seconds
[2024-08-28T10:49:20.290+0200] {processor.py:153} INFO - Started process (PID=75942) to work on /Users/roselina/opt/anaconda3/envs/python37/lib/python3.7/site-packages/airflow/example_dags/example_xcomargs.py
[2024-08-28T10:49:20.292+0200] {processor.py:743} INFO - Processing file /Users/roselina/opt/anaconda3/envs/python37/lib/python3.7/site-packages/airflow/example_dags/example_xcomargs.py for tasks to queue
[2024-08-28T10:49:20.293+0200] {logging_mixin.py:137} INFO - [2024-08-28T10:49:20.293+0200] {dagbag.py:532} INFO - Filling up the DagBag from /Users/roselina/opt/anaconda3/envs/python37/lib/python3.7/site-packages/airflow/example_dags/example_xcomargs.py
[2024-08-28T10:49:20.318+0200] {processor.py:753} INFO - DAG(s) dict_keys(['example_xcom_args', 'example_xcom_args_with_operators']) retrieved from /Users/roselina/opt/anaconda3/envs/python37/lib/python3.7/site-packages/airflow/example_dags/example_xcomargs.py
[2024-08-28T10:49:20.338+0200] {logging_mixin.py:137} INFO - [2024-08-28T10:49:20.338+0200] {dag.py:2705} INFO - Sync 2 DAGs
[2024-08-28T10:49:20.350+0200] {logging_mixin.py:137} INFO - [2024-08-28T10:49:20.350+0200] {dag.py:3456} INFO - Setting next_dagrun for example_xcom_args to None, run_after=None
[2024-08-28T10:49:20.352+0200] {logging_mixin.py:137} INFO - [2024-08-28T10:49:20.352+0200] {dag.py:3456} INFO - Setting next_dagrun for example_xcom_args_with_operators to None, run_after=None
[2024-08-28T10:49:20.361+0200] {processor.py:175} INFO - Processing /Users/roselina/opt/anaconda3/envs/python37/lib/python3.7/site-packages/airflow/example_dags/example_xcomargs.py took 0.075 seconds
[2024-08-28T10:50:01.762+0200] {processor.py:153} INFO - Started process (PID=75987) to work on /Users/roselina/opt/anaconda3/envs/python37/lib/python3.7/site-packages/airflow/example_dags/example_xcomargs.py
[2024-08-28T10:50:01.763+0200] {processor.py:743} INFO - Processing file /Users/roselina/opt/anaconda3/envs/python37/lib/python3.7/site-packages/airflow/example_dags/example_xcomargs.py for tasks to queue
[2024-08-28T10:50:01.765+0200] {logging_mixin.py:137} INFO - [2024-08-28T10:50:01.764+0200] {dagbag.py:532} INFO - Filling up the DagBag from /Users/roselina/opt/anaconda3/envs/python37/lib/python3.7/site-packages/airflow/example_dags/example_xcomargs.py
[2024-08-28T10:50:01.790+0200] {processor.py:753} INFO - DAG(s) dict_keys(['example_xcom_args', 'example_xcom_args_with_operators']) retrieved from /Users/roselina/opt/anaconda3/envs/python37/lib/python3.7/site-packages/airflow/example_dags/example_xcomargs.py
[2024-08-28T10:50:01.807+0200] {logging_mixin.py:137} INFO - [2024-08-28T10:50:01.807+0200] {dag.py:2705} INFO - Sync 2 DAGs
[2024-08-28T10:50:01.819+0200] {logging_mixin.py:137} INFO - [2024-08-28T10:50:01.819+0200] {dag.py:3456} INFO - Setting next_dagrun for example_xcom_args to None, run_after=None
[2024-08-28T10:50:01.820+0200] {logging_mixin.py:137} INFO - [2024-08-28T10:50:01.820+0200] {dag.py:3456} INFO - Setting next_dagrun for example_xcom_args_with_operators to None, run_after=None
[2024-08-28T10:50:01.829+0200] {processor.py:175} INFO - Processing /Users/roselina/opt/anaconda3/envs/python37/lib/python3.7/site-packages/airflow/example_dags/example_xcomargs.py took 0.072 seconds
[2024-08-28T10:50:42.863+0200] {processor.py:153} INFO - Started process (PID=76032) to work on /Users/roselina/opt/anaconda3/envs/python37/lib/python3.7/site-packages/airflow/example_dags/example_xcomargs.py
[2024-08-28T10:50:42.865+0200] {processor.py:743} INFO - Processing file /Users/roselina/opt/anaconda3/envs/python37/lib/python3.7/site-packages/airflow/example_dags/example_xcomargs.py for tasks to queue
[2024-08-28T10:50:42.867+0200] {logging_mixin.py:137} INFO - [2024-08-28T10:50:42.866+0200] {dagbag.py:532} INFO - Filling up the DagBag from /Users/roselina/opt/anaconda3/envs/python37/lib/python3.7/site-packages/airflow/example_dags/example_xcomargs.py
[2024-08-28T10:50:42.894+0200] {processor.py:753} INFO - DAG(s) dict_keys(['example_xcom_args_with_operators', 'example_xcom_args']) retrieved from /Users/roselina/opt/anaconda3/envs/python37/lib/python3.7/site-packages/airflow/example_dags/example_xcomargs.py
[2024-08-28T10:50:42.910+0200] {logging_mixin.py:137} INFO - [2024-08-28T10:50:42.910+0200] {dag.py:2705} INFO - Sync 2 DAGs
[2024-08-28T10:50:42.922+0200] {logging_mixin.py:137} INFO - [2024-08-28T10:50:42.922+0200] {dag.py:3456} INFO - Setting next_dagrun for example_xcom_args to None, run_after=None
[2024-08-28T10:50:42.923+0200] {logging_mixin.py:137} INFO - [2024-08-28T10:50:42.923+0200] {dag.py:3456} INFO - Setting next_dagrun for example_xcom_args_with_operators to None, run_after=None
[2024-08-28T10:50:42.932+0200] {processor.py:175} INFO - Processing /Users/roselina/opt/anaconda3/envs/python37/lib/python3.7/site-packages/airflow/example_dags/example_xcomargs.py took 0.073 seconds
[2024-08-28T10:51:24.240+0200] {processor.py:153} INFO - Started process (PID=76094) to work on /Users/roselina/opt/anaconda3/envs/python37/lib/python3.7/site-packages/airflow/example_dags/example_xcomargs.py
[2024-08-28T10:51:24.242+0200] {processor.py:743} INFO - Processing file /Users/roselina/opt/anaconda3/envs/python37/lib/python3.7/site-packages/airflow/example_dags/example_xcomargs.py for tasks to queue
[2024-08-28T10:51:24.243+0200] {logging_mixin.py:137} INFO - [2024-08-28T10:51:24.243+0200] {dagbag.py:532} INFO - Filling up the DagBag from /Users/roselina/opt/anaconda3/envs/python37/lib/python3.7/site-packages/airflow/example_dags/example_xcomargs.py
[2024-08-28T10:51:24.269+0200] {processor.py:753} INFO - DAG(s) dict_keys(['example_xcom_args', 'example_xcom_args_with_operators']) retrieved from /Users/roselina/opt/anaconda3/envs/python37/lib/python3.7/site-packages/airflow/example_dags/example_xcomargs.py
[2024-08-28T10:51:24.287+0200] {logging_mixin.py:137} INFO - [2024-08-28T10:51:24.286+0200] {dag.py:2705} INFO - Sync 2 DAGs
[2024-08-28T10:51:24.300+0200] {logging_mixin.py:137} INFO - [2024-08-28T10:51:24.300+0200] {dag.py:3456} INFO - Setting next_dagrun for example_xcom_args to None, run_after=None
[2024-08-28T10:51:24.302+0200] {logging_mixin.py:137} INFO - [2024-08-28T10:51:24.301+0200] {dag.py:3456} INFO - Setting next_dagrun for example_xcom_args_with_operators to None, run_after=None
[2024-08-28T10:51:24.311+0200] {processor.py:175} INFO - Processing /Users/roselina/opt/anaconda3/envs/python37/lib/python3.7/site-packages/airflow/example_dags/example_xcomargs.py took 0.076 seconds
[2024-08-28T10:52:05.102+0200] {processor.py:153} INFO - Started process (PID=76145) to work on /Users/roselina/opt/anaconda3/envs/python37/lib/python3.7/site-packages/airflow/example_dags/example_xcomargs.py
[2024-08-28T10:52:05.104+0200] {processor.py:743} INFO - Processing file /Users/roselina/opt/anaconda3/envs/python37/lib/python3.7/site-packages/airflow/example_dags/example_xcomargs.py for tasks to queue
[2024-08-28T10:52:05.106+0200] {logging_mixin.py:137} INFO - [2024-08-28T10:52:05.105+0200] {dagbag.py:532} INFO - Filling up the DagBag from /Users/roselina/opt/anaconda3/envs/python37/lib/python3.7/site-packages/airflow/example_dags/example_xcomargs.py
[2024-08-28T10:52:05.144+0200] {processor.py:753} INFO - DAG(s) dict_keys(['example_xcom_args_with_operators', 'example_xcom_args']) retrieved from /Users/roselina/opt/anaconda3/envs/python37/lib/python3.7/site-packages/airflow/example_dags/example_xcomargs.py
[2024-08-28T10:52:05.161+0200] {logging_mixin.py:137} INFO - [2024-08-28T10:52:05.161+0200] {dag.py:2705} INFO - Sync 2 DAGs
[2024-08-28T10:52:05.173+0200] {logging_mixin.py:137} INFO - [2024-08-28T10:52:05.173+0200] {dag.py:3456} INFO - Setting next_dagrun for example_xcom_args to None, run_after=None
[2024-08-28T10:52:05.174+0200] {logging_mixin.py:137} INFO - [2024-08-28T10:52:05.174+0200] {dag.py:3456} INFO - Setting next_dagrun for example_xcom_args_with_operators to None, run_after=None
[2024-08-28T10:52:05.183+0200] {processor.py:175} INFO - Processing /Users/roselina/opt/anaconda3/envs/python37/lib/python3.7/site-packages/airflow/example_dags/example_xcomargs.py took 0.085 seconds
[2024-08-28T10:52:46.677+0200] {processor.py:153} INFO - Started process (PID=76194) to work on /Users/roselina/opt/anaconda3/envs/python37/lib/python3.7/site-packages/airflow/example_dags/example_xcomargs.py
[2024-08-28T10:52:46.679+0200] {processor.py:743} INFO - Processing file /Users/roselina/opt/anaconda3/envs/python37/lib/python3.7/site-packages/airflow/example_dags/example_xcomargs.py for tasks to queue
[2024-08-28T10:52:46.680+0200] {logging_mixin.py:137} INFO - [2024-08-28T10:52:46.680+0200] {dagbag.py:532} INFO - Filling up the DagBag from /Users/roselina/opt/anaconda3/envs/python37/lib/python3.7/site-packages/airflow/example_dags/example_xcomargs.py
[2024-08-28T10:52:46.705+0200] {processor.py:753} INFO - DAG(s) dict_keys(['example_xcom_args_with_operators', 'example_xcom_args']) retrieved from /Users/roselina/opt/anaconda3/envs/python37/lib/python3.7/site-packages/airflow/example_dags/example_xcomargs.py
[2024-08-28T10:52:46.722+0200] {logging_mixin.py:137} INFO - [2024-08-28T10:52:46.721+0200] {dag.py:2705} INFO - Sync 2 DAGs
[2024-08-28T10:52:46.734+0200] {logging_mixin.py:137} INFO - [2024-08-28T10:52:46.733+0200] {dag.py:3456} INFO - Setting next_dagrun for example_xcom_args to None, run_after=None
[2024-08-28T10:52:46.736+0200] {logging_mixin.py:137} INFO - [2024-08-28T10:52:46.736+0200] {dag.py:3456} INFO - Setting next_dagrun for example_xcom_args_with_operators to None, run_after=None
[2024-08-28T10:52:46.745+0200] {processor.py:175} INFO - Processing /Users/roselina/opt/anaconda3/envs/python37/lib/python3.7/site-packages/airflow/example_dags/example_xcomargs.py took 0.072 seconds
