[2024-08-28T10:11:20.859+0200] {processor.py:153} INFO - Started process (PID=74937) to work on /Users/roselina/opt/anaconda3/envs/python37/lib/python3.7/site-packages/airflow/example_dags/example_short_circuit_decorator.py
[2024-08-28T10:11:20.860+0200] {processor.py:743} INFO - Processing file /Users/roselina/opt/anaconda3/envs/python37/lib/python3.7/site-packages/airflow/example_dags/example_short_circuit_decorator.py for tasks to queue
[2024-08-28T10:11:20.861+0200] {logging_mixin.py:137} INFO - [2024-08-28T10:11:20.860+0200] {dagbag.py:532} INFO - Filling up the DagBag from /Users/roselina/opt/anaconda3/envs/python37/lib/python3.7/site-packages/airflow/example_dags/example_short_circuit_decorator.py
[2024-08-28T10:11:20.878+0200] {processor.py:753} INFO - DAG(s) dict_keys(['example_short_circuit_decorator']) retrieved from /Users/roselina/opt/anaconda3/envs/python37/lib/python3.7/site-packages/airflow/example_dags/example_short_circuit_decorator.py
[2024-08-28T10:11:20.936+0200] {logging_mixin.py:137} INFO - [2024-08-28T10:11:20.935+0200] {manager.py:504} INFO - Created Permission View: can read on DAG:example_short_circuit_decorator
[2024-08-28T10:11:20.941+0200] {logging_mixin.py:137} INFO - [2024-08-28T10:11:20.940+0200] {manager.py:504} INFO - Created Permission View: can delete on DAG:example_short_circuit_decorator
[2024-08-28T10:11:20.944+0200] {logging_mixin.py:137} INFO - [2024-08-28T10:11:20.944+0200] {manager.py:504} INFO - Created Permission View: can edit on DAG:example_short_circuit_decorator
[2024-08-28T10:11:20.945+0200] {logging_mixin.py:137} INFO - [2024-08-28T10:11:20.944+0200] {dag.py:2705} INFO - Sync 1 DAGs
[2024-08-28T10:11:20.951+0200] {logging_mixin.py:137} INFO - [2024-08-28T10:11:20.951+0200] {dag.py:2726} INFO - Creating ORM DAG for example_short_circuit_decorator
[2024-08-28T10:11:20.957+0200] {logging_mixin.py:137} INFO - [2024-08-28T10:11:20.956+0200] {dag.py:3456} INFO - Setting next_dagrun for example_short_circuit_decorator to 2024-08-27T08:11:20.956802+00:00, run_after=2024-08-28T08:11:20.956802+00:00
[2024-08-28T10:11:20.967+0200] {processor.py:175} INFO - Processing /Users/roselina/opt/anaconda3/envs/python37/lib/python3.7/site-packages/airflow/example_dags/example_short_circuit_decorator.py took 0.110 seconds
[2024-08-28T10:12:04.800+0200] {processor.py:153} INFO - Started process (PID=74999) to work on /Users/roselina/opt/anaconda3/envs/python37/lib/python3.7/site-packages/airflow/example_dags/example_short_circuit_decorator.py
[2024-08-28T10:12:04.801+0200] {processor.py:743} INFO - Processing file /Users/roselina/opt/anaconda3/envs/python37/lib/python3.7/site-packages/airflow/example_dags/example_short_circuit_decorator.py for tasks to queue
[2024-08-28T10:12:04.802+0200] {logging_mixin.py:137} INFO - [2024-08-28T10:12:04.802+0200] {dagbag.py:532} INFO - Filling up the DagBag from /Users/roselina/opt/anaconda3/envs/python37/lib/python3.7/site-packages/airflow/example_dags/example_short_circuit_decorator.py
[2024-08-28T10:12:04.826+0200] {processor.py:753} INFO - DAG(s) dict_keys(['example_short_circuit_decorator']) retrieved from /Users/roselina/opt/anaconda3/envs/python37/lib/python3.7/site-packages/airflow/example_dags/example_short_circuit_decorator.py
[2024-08-28T10:12:04.842+0200] {logging_mixin.py:137} INFO - [2024-08-28T10:12:04.842+0200] {dag.py:2705} INFO - Sync 1 DAGs
[2024-08-28T10:12:04.854+0200] {logging_mixin.py:137} INFO - [2024-08-28T10:12:04.854+0200] {dag.py:3456} INFO - Setting next_dagrun for example_short_circuit_decorator to 2024-08-27T08:12:04.854531+00:00, run_after=2024-08-28T08:12:04.854531+00:00
[2024-08-28T10:12:04.864+0200] {processor.py:175} INFO - Processing /Users/roselina/opt/anaconda3/envs/python37/lib/python3.7/site-packages/airflow/example_dags/example_short_circuit_decorator.py took 0.068 seconds
[2024-08-28T10:12:46.151+0200] {processor.py:153} INFO - Started process (PID=75061) to work on /Users/roselina/opt/anaconda3/envs/python37/lib/python3.7/site-packages/airflow/example_dags/example_short_circuit_decorator.py
[2024-08-28T10:12:46.153+0200] {processor.py:743} INFO - Processing file /Users/roselina/opt/anaconda3/envs/python37/lib/python3.7/site-packages/airflow/example_dags/example_short_circuit_decorator.py for tasks to queue
[2024-08-28T10:12:46.154+0200] {logging_mixin.py:137} INFO - [2024-08-28T10:12:46.154+0200] {dagbag.py:532} INFO - Filling up the DagBag from /Users/roselina/opt/anaconda3/envs/python37/lib/python3.7/site-packages/airflow/example_dags/example_short_circuit_decorator.py
[2024-08-28T10:12:46.182+0200] {processor.py:753} INFO - DAG(s) dict_keys(['example_short_circuit_decorator']) retrieved from /Users/roselina/opt/anaconda3/envs/python37/lib/python3.7/site-packages/airflow/example_dags/example_short_circuit_decorator.py
[2024-08-28T10:12:46.199+0200] {logging_mixin.py:137} INFO - [2024-08-28T10:12:46.199+0200] {dag.py:2705} INFO - Sync 1 DAGs
[2024-08-28T10:12:46.211+0200] {logging_mixin.py:137} INFO - [2024-08-28T10:12:46.211+0200] {dag.py:3456} INFO - Setting next_dagrun for example_short_circuit_decorator to 2024-08-27T08:12:46.211255+00:00, run_after=2024-08-28T08:12:46.211255+00:00
[2024-08-28T10:12:46.221+0200] {processor.py:175} INFO - Processing /Users/roselina/opt/anaconda3/envs/python37/lib/python3.7/site-packages/airflow/example_dags/example_short_circuit_decorator.py took 0.074 seconds
[2024-08-28T10:13:28.473+0200] {processor.py:153} INFO - Started process (PID=75120) to work on /Users/roselina/opt/anaconda3/envs/python37/lib/python3.7/site-packages/airflow/example_dags/example_short_circuit_decorator.py
[2024-08-28T10:13:28.475+0200] {processor.py:743} INFO - Processing file /Users/roselina/opt/anaconda3/envs/python37/lib/python3.7/site-packages/airflow/example_dags/example_short_circuit_decorator.py for tasks to queue
[2024-08-28T10:13:28.476+0200] {logging_mixin.py:137} INFO - [2024-08-28T10:13:28.475+0200] {dagbag.py:532} INFO - Filling up the DagBag from /Users/roselina/opt/anaconda3/envs/python37/lib/python3.7/site-packages/airflow/example_dags/example_short_circuit_decorator.py
[2024-08-28T10:13:28.499+0200] {processor.py:753} INFO - DAG(s) dict_keys(['example_short_circuit_decorator']) retrieved from /Users/roselina/opt/anaconda3/envs/python37/lib/python3.7/site-packages/airflow/example_dags/example_short_circuit_decorator.py
[2024-08-28T10:13:28.514+0200] {logging_mixin.py:137} INFO - [2024-08-28T10:13:28.514+0200] {dag.py:2705} INFO - Sync 1 DAGs
[2024-08-28T10:13:28.529+0200] {logging_mixin.py:137} INFO - [2024-08-28T10:13:28.529+0200] {dag.py:3456} INFO - Setting next_dagrun for example_short_circuit_decorator to 2024-08-27T08:13:28.529394+00:00, run_after=2024-08-28T08:13:28.529394+00:00
[2024-08-28T10:13:28.540+0200] {processor.py:175} INFO - Processing /Users/roselina/opt/anaconda3/envs/python37/lib/python3.7/site-packages/airflow/example_dags/example_short_circuit_decorator.py took 0.070 seconds
[2024-08-28T10:14:11.134+0200] {processor.py:153} INFO - Started process (PID=75197) to work on /Users/roselina/opt/anaconda3/envs/python37/lib/python3.7/site-packages/airflow/example_dags/example_short_circuit_decorator.py
[2024-08-28T10:14:11.136+0200] {processor.py:743} INFO - Processing file /Users/roselina/opt/anaconda3/envs/python37/lib/python3.7/site-packages/airflow/example_dags/example_short_circuit_decorator.py for tasks to queue
[2024-08-28T10:14:11.137+0200] {logging_mixin.py:137} INFO - [2024-08-28T10:14:11.137+0200] {dagbag.py:532} INFO - Filling up the DagBag from /Users/roselina/opt/anaconda3/envs/python37/lib/python3.7/site-packages/airflow/example_dags/example_short_circuit_decorator.py
[2024-08-28T10:14:11.172+0200] {processor.py:753} INFO - DAG(s) dict_keys(['example_short_circuit_decorator']) retrieved from /Users/roselina/opt/anaconda3/envs/python37/lib/python3.7/site-packages/airflow/example_dags/example_short_circuit_decorator.py
[2024-08-28T10:14:11.188+0200] {logging_mixin.py:137} INFO - [2024-08-28T10:14:11.187+0200] {dag.py:2705} INFO - Sync 1 DAGs
[2024-08-28T10:14:11.202+0200] {logging_mixin.py:137} INFO - [2024-08-28T10:14:11.202+0200] {dag.py:3456} INFO - Setting next_dagrun for example_short_circuit_decorator to 2024-08-27T08:14:11.202322+00:00, run_after=2024-08-28T08:14:11.202322+00:00
[2024-08-28T10:14:11.214+0200] {processor.py:175} INFO - Processing /Users/roselina/opt/anaconda3/envs/python37/lib/python3.7/site-packages/airflow/example_dags/example_short_circuit_decorator.py took 0.083 seconds
[2024-08-28T10:14:52.975+0200] {processor.py:153} INFO - Started process (PID=75245) to work on /Users/roselina/opt/anaconda3/envs/python37/lib/python3.7/site-packages/airflow/example_dags/example_short_circuit_decorator.py
[2024-08-28T10:14:52.977+0200] {processor.py:743} INFO - Processing file /Users/roselina/opt/anaconda3/envs/python37/lib/python3.7/site-packages/airflow/example_dags/example_short_circuit_decorator.py for tasks to queue
[2024-08-28T10:14:52.978+0200] {logging_mixin.py:137} INFO - [2024-08-28T10:14:52.978+0200] {dagbag.py:532} INFO - Filling up the DagBag from /Users/roselina/opt/anaconda3/envs/python37/lib/python3.7/site-packages/airflow/example_dags/example_short_circuit_decorator.py
[2024-08-28T10:14:53.005+0200] {processor.py:753} INFO - DAG(s) dict_keys(['example_short_circuit_decorator']) retrieved from /Users/roselina/opt/anaconda3/envs/python37/lib/python3.7/site-packages/airflow/example_dags/example_short_circuit_decorator.py
[2024-08-28T10:14:53.020+0200] {logging_mixin.py:137} INFO - [2024-08-28T10:14:53.020+0200] {dag.py:2705} INFO - Sync 1 DAGs
[2024-08-28T10:14:53.032+0200] {logging_mixin.py:137} INFO - [2024-08-28T10:14:53.032+0200] {dag.py:3456} INFO - Setting next_dagrun for example_short_circuit_decorator to 2024-08-27T08:14:53.031996+00:00, run_after=2024-08-28T08:14:53.031996+00:00
[2024-08-28T10:14:53.043+0200] {processor.py:175} INFO - Processing /Users/roselina/opt/anaconda3/envs/python37/lib/python3.7/site-packages/airflow/example_dags/example_short_circuit_decorator.py took 0.073 seconds
[2024-08-28T10:15:34.297+0200] {processor.py:153} INFO - Started process (PID=75289) to work on /Users/roselina/opt/anaconda3/envs/python37/lib/python3.7/site-packages/airflow/example_dags/example_short_circuit_decorator.py
[2024-08-28T10:15:34.299+0200] {processor.py:743} INFO - Processing file /Users/roselina/opt/anaconda3/envs/python37/lib/python3.7/site-packages/airflow/example_dags/example_short_circuit_decorator.py for tasks to queue
[2024-08-28T10:15:34.300+0200] {logging_mixin.py:137} INFO - [2024-08-28T10:15:34.299+0200] {dagbag.py:532} INFO - Filling up the DagBag from /Users/roselina/opt/anaconda3/envs/python37/lib/python3.7/site-packages/airflow/example_dags/example_short_circuit_decorator.py
[2024-08-28T10:15:34.326+0200] {processor.py:753} INFO - DAG(s) dict_keys(['example_short_circuit_decorator']) retrieved from /Users/roselina/opt/anaconda3/envs/python37/lib/python3.7/site-packages/airflow/example_dags/example_short_circuit_decorator.py
[2024-08-28T10:15:34.341+0200] {logging_mixin.py:137} INFO - [2024-08-28T10:15:34.341+0200] {dag.py:2705} INFO - Sync 1 DAGs
[2024-08-28T10:15:34.355+0200] {logging_mixin.py:137} INFO - [2024-08-28T10:15:34.354+0200] {dag.py:3456} INFO - Setting next_dagrun for example_short_circuit_decorator to 2024-08-27T08:15:34.354731+00:00, run_after=2024-08-28T08:15:34.354731+00:00
[2024-08-28T10:15:34.365+0200] {processor.py:175} INFO - Processing /Users/roselina/opt/anaconda3/envs/python37/lib/python3.7/site-packages/airflow/example_dags/example_short_circuit_decorator.py took 0.072 seconds
[2024-08-28T10:16:13.880+0200] {processor.py:153} INFO - Started process (PID=75334) to work on /Users/roselina/opt/anaconda3/envs/python37/lib/python3.7/site-packages/airflow/example_dags/example_short_circuit_decorator.py
[2024-08-28T10:16:13.881+0200] {processor.py:743} INFO - Processing file /Users/roselina/opt/anaconda3/envs/python37/lib/python3.7/site-packages/airflow/example_dags/example_short_circuit_decorator.py for tasks to queue
[2024-08-28T10:16:13.883+0200] {logging_mixin.py:137} INFO - [2024-08-28T10:16:13.882+0200] {dagbag.py:532} INFO - Filling up the DagBag from /Users/roselina/opt/anaconda3/envs/python37/lib/python3.7/site-packages/airflow/example_dags/example_short_circuit_decorator.py
[2024-08-28T10:16:13.909+0200] {processor.py:753} INFO - DAG(s) dict_keys(['example_short_circuit_decorator']) retrieved from /Users/roselina/opt/anaconda3/envs/python37/lib/python3.7/site-packages/airflow/example_dags/example_short_circuit_decorator.py
[2024-08-28T10:16:13.923+0200] {logging_mixin.py:137} INFO - [2024-08-28T10:16:13.923+0200] {dag.py:2705} INFO - Sync 1 DAGs
[2024-08-28T10:16:13.935+0200] {logging_mixin.py:137} INFO - [2024-08-28T10:16:13.934+0200] {dag.py:3456} INFO - Setting next_dagrun for example_short_circuit_decorator to 2024-08-27T08:16:13.934780+00:00, run_after=2024-08-28T08:16:13.934780+00:00
[2024-08-28T10:16:13.944+0200] {processor.py:175} INFO - Processing /Users/roselina/opt/anaconda3/envs/python37/lib/python3.7/site-packages/airflow/example_dags/example_short_circuit_decorator.py took 0.069 seconds
[2024-08-28T10:16:55.223+0200] {processor.py:153} INFO - Started process (PID=75380) to work on /Users/roselina/opt/anaconda3/envs/python37/lib/python3.7/site-packages/airflow/example_dags/example_short_circuit_decorator.py
[2024-08-28T10:16:55.224+0200] {processor.py:743} INFO - Processing file /Users/roselina/opt/anaconda3/envs/python37/lib/python3.7/site-packages/airflow/example_dags/example_short_circuit_decorator.py for tasks to queue
[2024-08-28T10:16:55.225+0200] {logging_mixin.py:137} INFO - [2024-08-28T10:16:55.225+0200] {dagbag.py:532} INFO - Filling up the DagBag from /Users/roselina/opt/anaconda3/envs/python37/lib/python3.7/site-packages/airflow/example_dags/example_short_circuit_decorator.py
[2024-08-28T10:16:55.242+0200] {processor.py:753} INFO - DAG(s) dict_keys(['example_short_circuit_decorator']) retrieved from /Users/roselina/opt/anaconda3/envs/python37/lib/python3.7/site-packages/airflow/example_dags/example_short_circuit_decorator.py
[2024-08-28T10:16:55.257+0200] {logging_mixin.py:137} INFO - [2024-08-28T10:16:55.257+0200] {dag.py:2705} INFO - Sync 1 DAGs
[2024-08-28T10:16:55.272+0200] {logging_mixin.py:137} INFO - [2024-08-28T10:16:55.272+0200] {dag.py:3456} INFO - Setting next_dagrun for example_short_circuit_decorator to 2024-08-27T08:16:55.272276+00:00, run_after=2024-08-28T08:16:55.272276+00:00
[2024-08-28T10:16:55.285+0200] {processor.py:175} INFO - Processing /Users/roselina/opt/anaconda3/envs/python37/lib/python3.7/site-packages/airflow/example_dags/example_short_circuit_decorator.py took 0.064 seconds
[2024-08-28T10:17:35.568+0200] {processor.py:153} INFO - Started process (PID=75433) to work on /Users/roselina/opt/anaconda3/envs/python37/lib/python3.7/site-packages/airflow/example_dags/example_short_circuit_decorator.py
[2024-08-28T10:17:35.570+0200] {processor.py:743} INFO - Processing file /Users/roselina/opt/anaconda3/envs/python37/lib/python3.7/site-packages/airflow/example_dags/example_short_circuit_decorator.py for tasks to queue
[2024-08-28T10:17:35.571+0200] {logging_mixin.py:137} INFO - [2024-08-28T10:17:35.570+0200] {dagbag.py:532} INFO - Filling up the DagBag from /Users/roselina/opt/anaconda3/envs/python37/lib/python3.7/site-packages/airflow/example_dags/example_short_circuit_decorator.py
[2024-08-28T10:17:35.598+0200] {processor.py:753} INFO - DAG(s) dict_keys(['example_short_circuit_decorator']) retrieved from /Users/roselina/opt/anaconda3/envs/python37/lib/python3.7/site-packages/airflow/example_dags/example_short_circuit_decorator.py
[2024-08-28T10:17:35.613+0200] {logging_mixin.py:137} INFO - [2024-08-28T10:17:35.612+0200] {dag.py:2705} INFO - Sync 1 DAGs
[2024-08-28T10:17:35.625+0200] {logging_mixin.py:137} INFO - [2024-08-28T10:17:35.625+0200] {dag.py:3456} INFO - Setting next_dagrun for example_short_circuit_decorator to 2024-08-27T08:17:35.624986+00:00, run_after=2024-08-28T08:17:35.624986+00:00
[2024-08-28T10:17:35.635+0200] {processor.py:175} INFO - Processing /Users/roselina/opt/anaconda3/envs/python37/lib/python3.7/site-packages/airflow/example_dags/example_short_circuit_decorator.py took 0.072 seconds
[2024-08-28T10:43:59.107+0200] {processor.py:153} INFO - Started process (PID=75530) to work on /Users/roselina/opt/anaconda3/envs/python37/lib/python3.7/site-packages/airflow/example_dags/example_short_circuit_decorator.py
[2024-08-28T10:43:59.109+0200] {processor.py:743} INFO - Processing file /Users/roselina/opt/anaconda3/envs/python37/lib/python3.7/site-packages/airflow/example_dags/example_short_circuit_decorator.py for tasks to queue
[2024-08-28T10:43:59.110+0200] {logging_mixin.py:137} INFO - [2024-08-28T10:43:59.110+0200] {dagbag.py:532} INFO - Filling up the DagBag from /Users/roselina/opt/anaconda3/envs/python37/lib/python3.7/site-packages/airflow/example_dags/example_short_circuit_decorator.py
[2024-08-28T10:43:59.131+0200] {processor.py:753} INFO - DAG(s) dict_keys(['example_short_circuit_decorator']) retrieved from /Users/roselina/opt/anaconda3/envs/python37/lib/python3.7/site-packages/airflow/example_dags/example_short_circuit_decorator.py
[2024-08-28T10:43:59.147+0200] {logging_mixin.py:137} INFO - [2024-08-28T10:43:59.146+0200] {dag.py:2705} INFO - Sync 1 DAGs
[2024-08-28T10:43:59.158+0200] {logging_mixin.py:137} INFO - [2024-08-28T10:43:59.158+0200] {dag.py:3456} INFO - Setting next_dagrun for example_short_circuit_decorator to 2024-08-27T08:43:59.158424+00:00, run_after=2024-08-28T08:43:59.158424+00:00
[2024-08-28T10:43:59.169+0200] {processor.py:175} INFO - Processing /Users/roselina/opt/anaconda3/envs/python37/lib/python3.7/site-packages/airflow/example_dags/example_short_circuit_decorator.py took 0.064 seconds
[2024-08-28T10:44:40.910+0200] {processor.py:153} INFO - Started process (PID=75582) to work on /Users/roselina/opt/anaconda3/envs/python37/lib/python3.7/site-packages/airflow/example_dags/example_short_circuit_decorator.py
[2024-08-28T10:44:40.913+0200] {processor.py:743} INFO - Processing file /Users/roselina/opt/anaconda3/envs/python37/lib/python3.7/site-packages/airflow/example_dags/example_short_circuit_decorator.py for tasks to queue
[2024-08-28T10:44:40.915+0200] {logging_mixin.py:137} INFO - [2024-08-28T10:44:40.914+0200] {dagbag.py:532} INFO - Filling up the DagBag from /Users/roselina/opt/anaconda3/envs/python37/lib/python3.7/site-packages/airflow/example_dags/example_short_circuit_decorator.py
[2024-08-28T10:44:40.962+0200] {processor.py:753} INFO - DAG(s) dict_keys(['example_short_circuit_decorator']) retrieved from /Users/roselina/opt/anaconda3/envs/python37/lib/python3.7/site-packages/airflow/example_dags/example_short_circuit_decorator.py
[2024-08-28T10:44:40.986+0200] {logging_mixin.py:137} INFO - [2024-08-28T10:44:40.986+0200] {dag.py:2705} INFO - Sync 1 DAGs
[2024-08-28T10:44:40.998+0200] {logging_mixin.py:137} INFO - [2024-08-28T10:44:40.998+0200] {dag.py:3456} INFO - Setting next_dagrun for example_short_circuit_decorator to 2024-08-27T08:44:40.998343+00:00, run_after=2024-08-28T08:44:40.998343+00:00
[2024-08-28T10:44:41.011+0200] {processor.py:175} INFO - Processing /Users/roselina/opt/anaconda3/envs/python37/lib/python3.7/site-packages/airflow/example_dags/example_short_circuit_decorator.py took 0.104 seconds
[2024-08-28T10:45:23.764+0200] {processor.py:153} INFO - Started process (PID=75640) to work on /Users/roselina/opt/anaconda3/envs/python37/lib/python3.7/site-packages/airflow/example_dags/example_short_circuit_decorator.py
[2024-08-28T10:45:23.766+0200] {processor.py:743} INFO - Processing file /Users/roselina/opt/anaconda3/envs/python37/lib/python3.7/site-packages/airflow/example_dags/example_short_circuit_decorator.py for tasks to queue
[2024-08-28T10:45:23.767+0200] {logging_mixin.py:137} INFO - [2024-08-28T10:45:23.767+0200] {dagbag.py:532} INFO - Filling up the DagBag from /Users/roselina/opt/anaconda3/envs/python37/lib/python3.7/site-packages/airflow/example_dags/example_short_circuit_decorator.py
[2024-08-28T10:45:23.803+0200] {processor.py:753} INFO - DAG(s) dict_keys(['example_short_circuit_decorator']) retrieved from /Users/roselina/opt/anaconda3/envs/python37/lib/python3.7/site-packages/airflow/example_dags/example_short_circuit_decorator.py
[2024-08-28T10:45:23.819+0200] {logging_mixin.py:137} INFO - [2024-08-28T10:45:23.819+0200] {dag.py:2705} INFO - Sync 1 DAGs
[2024-08-28T10:45:23.832+0200] {logging_mixin.py:137} INFO - [2024-08-28T10:45:23.832+0200] {dag.py:3456} INFO - Setting next_dagrun for example_short_circuit_decorator to 2024-08-27T08:45:23.832240+00:00, run_after=2024-08-28T08:45:23.832240+00:00
[2024-08-28T10:45:23.845+0200] {processor.py:175} INFO - Processing /Users/roselina/opt/anaconda3/envs/python37/lib/python3.7/site-packages/airflow/example_dags/example_short_circuit_decorator.py took 0.086 seconds
[2024-08-28T10:46:03.569+0200] {processor.py:153} INFO - Started process (PID=75687) to work on /Users/roselina/opt/anaconda3/envs/python37/lib/python3.7/site-packages/airflow/example_dags/example_short_circuit_decorator.py
[2024-08-28T10:46:03.571+0200] {processor.py:743} INFO - Processing file /Users/roselina/opt/anaconda3/envs/python37/lib/python3.7/site-packages/airflow/example_dags/example_short_circuit_decorator.py for tasks to queue
[2024-08-28T10:46:03.573+0200] {logging_mixin.py:137} INFO - [2024-08-28T10:46:03.572+0200] {dagbag.py:532} INFO - Filling up the DagBag from /Users/roselina/opt/anaconda3/envs/python37/lib/python3.7/site-packages/airflow/example_dags/example_short_circuit_decorator.py
[2024-08-28T10:46:03.600+0200] {processor.py:753} INFO - DAG(s) dict_keys(['example_short_circuit_decorator']) retrieved from /Users/roselina/opt/anaconda3/envs/python37/lib/python3.7/site-packages/airflow/example_dags/example_short_circuit_decorator.py
[2024-08-28T10:46:03.615+0200] {logging_mixin.py:137} INFO - [2024-08-28T10:46:03.615+0200] {dag.py:2705} INFO - Sync 1 DAGs
[2024-08-28T10:46:03.628+0200] {logging_mixin.py:137} INFO - [2024-08-28T10:46:03.628+0200] {dag.py:3456} INFO - Setting next_dagrun for example_short_circuit_decorator to 2024-08-27T08:46:03.627883+00:00, run_after=2024-08-28T08:46:03.627883+00:00
[2024-08-28T10:46:03.638+0200] {processor.py:175} INFO - Processing /Users/roselina/opt/anaconda3/envs/python37/lib/python3.7/site-packages/airflow/example_dags/example_short_circuit_decorator.py took 0.073 seconds
[2024-08-28T10:46:45.252+0200] {processor.py:153} INFO - Started process (PID=75731) to work on /Users/roselina/opt/anaconda3/envs/python37/lib/python3.7/site-packages/airflow/example_dags/example_short_circuit_decorator.py
[2024-08-28T10:46:45.254+0200] {processor.py:743} INFO - Processing file /Users/roselina/opt/anaconda3/envs/python37/lib/python3.7/site-packages/airflow/example_dags/example_short_circuit_decorator.py for tasks to queue
[2024-08-28T10:46:45.256+0200] {logging_mixin.py:137} INFO - [2024-08-28T10:46:45.255+0200] {dagbag.py:532} INFO - Filling up the DagBag from /Users/roselina/opt/anaconda3/envs/python37/lib/python3.7/site-packages/airflow/example_dags/example_short_circuit_decorator.py
[2024-08-28T10:46:45.283+0200] {processor.py:753} INFO - DAG(s) dict_keys(['example_short_circuit_decorator']) retrieved from /Users/roselina/opt/anaconda3/envs/python37/lib/python3.7/site-packages/airflow/example_dags/example_short_circuit_decorator.py
[2024-08-28T10:46:45.298+0200] {logging_mixin.py:137} INFO - [2024-08-28T10:46:45.298+0200] {dag.py:2705} INFO - Sync 1 DAGs
[2024-08-28T10:46:45.310+0200] {logging_mixin.py:137} INFO - [2024-08-28T10:46:45.310+0200] {dag.py:3456} INFO - Setting next_dagrun for example_short_circuit_decorator to 2024-08-27T08:46:45.310305+00:00, run_after=2024-08-28T08:46:45.310305+00:00
[2024-08-28T10:46:45.319+0200] {processor.py:175} INFO - Processing /Users/roselina/opt/anaconda3/envs/python37/lib/python3.7/site-packages/airflow/example_dags/example_short_circuit_decorator.py took 0.073 seconds
[2024-08-28T10:47:26.326+0200] {processor.py:153} INFO - Started process (PID=75788) to work on /Users/roselina/opt/anaconda3/envs/python37/lib/python3.7/site-packages/airflow/example_dags/example_short_circuit_decorator.py
[2024-08-28T10:47:26.328+0200] {processor.py:743} INFO - Processing file /Users/roselina/opt/anaconda3/envs/python37/lib/python3.7/site-packages/airflow/example_dags/example_short_circuit_decorator.py for tasks to queue
[2024-08-28T10:47:26.330+0200] {logging_mixin.py:137} INFO - [2024-08-28T10:47:26.329+0200] {dagbag.py:532} INFO - Filling up the DagBag from /Users/roselina/opt/anaconda3/envs/python37/lib/python3.7/site-packages/airflow/example_dags/example_short_circuit_decorator.py
[2024-08-28T10:47:26.358+0200] {processor.py:753} INFO - DAG(s) dict_keys(['example_short_circuit_decorator']) retrieved from /Users/roselina/opt/anaconda3/envs/python37/lib/python3.7/site-packages/airflow/example_dags/example_short_circuit_decorator.py
[2024-08-28T10:47:26.375+0200] {logging_mixin.py:137} INFO - [2024-08-28T10:47:26.375+0200] {dag.py:2705} INFO - Sync 1 DAGs
[2024-08-28T10:47:26.389+0200] {logging_mixin.py:137} INFO - [2024-08-28T10:47:26.388+0200] {dag.py:3456} INFO - Setting next_dagrun for example_short_circuit_decorator to 2024-08-27T08:47:26.388573+00:00, run_after=2024-08-28T08:47:26.388573+00:00
[2024-08-28T10:47:26.400+0200] {processor.py:175} INFO - Processing /Users/roselina/opt/anaconda3/envs/python37/lib/python3.7/site-packages/airflow/example_dags/example_short_circuit_decorator.py took 0.079 seconds
[2024-08-28T10:48:07.776+0200] {processor.py:153} INFO - Started process (PID=75842) to work on /Users/roselina/opt/anaconda3/envs/python37/lib/python3.7/site-packages/airflow/example_dags/example_short_circuit_decorator.py
[2024-08-28T10:48:07.778+0200] {processor.py:743} INFO - Processing file /Users/roselina/opt/anaconda3/envs/python37/lib/python3.7/site-packages/airflow/example_dags/example_short_circuit_decorator.py for tasks to queue
[2024-08-28T10:48:07.780+0200] {logging_mixin.py:137} INFO - [2024-08-28T10:48:07.779+0200] {dagbag.py:532} INFO - Filling up the DagBag from /Users/roselina/opt/anaconda3/envs/python37/lib/python3.7/site-packages/airflow/example_dags/example_short_circuit_decorator.py
[2024-08-28T10:48:07.808+0200] {processor.py:753} INFO - DAG(s) dict_keys(['example_short_circuit_decorator']) retrieved from /Users/roselina/opt/anaconda3/envs/python37/lib/python3.7/site-packages/airflow/example_dags/example_short_circuit_decorator.py
[2024-08-28T10:48:07.825+0200] {logging_mixin.py:137} INFO - [2024-08-28T10:48:07.824+0200] {dag.py:2705} INFO - Sync 1 DAGs
[2024-08-28T10:48:07.836+0200] {logging_mixin.py:137} INFO - [2024-08-28T10:48:07.836+0200] {dag.py:3456} INFO - Setting next_dagrun for example_short_circuit_decorator to 2024-08-27T08:48:07.836290+00:00, run_after=2024-08-28T08:48:07.836290+00:00
[2024-08-28T10:48:07.846+0200] {processor.py:175} INFO - Processing /Users/roselina/opt/anaconda3/envs/python37/lib/python3.7/site-packages/airflow/example_dags/example_short_circuit_decorator.py took 0.074 seconds
[2024-08-28T10:48:49.147+0200] {processor.py:153} INFO - Started process (PID=75908) to work on /Users/roselina/opt/anaconda3/envs/python37/lib/python3.7/site-packages/airflow/example_dags/example_short_circuit_decorator.py
[2024-08-28T10:48:49.149+0200] {processor.py:743} INFO - Processing file /Users/roselina/opt/anaconda3/envs/python37/lib/python3.7/site-packages/airflow/example_dags/example_short_circuit_decorator.py for tasks to queue
[2024-08-28T10:48:49.151+0200] {logging_mixin.py:137} INFO - [2024-08-28T10:48:49.150+0200] {dagbag.py:532} INFO - Filling up the DagBag from /Users/roselina/opt/anaconda3/envs/python37/lib/python3.7/site-packages/airflow/example_dags/example_short_circuit_decorator.py
[2024-08-28T10:48:49.177+0200] {processor.py:753} INFO - DAG(s) dict_keys(['example_short_circuit_decorator']) retrieved from /Users/roselina/opt/anaconda3/envs/python37/lib/python3.7/site-packages/airflow/example_dags/example_short_circuit_decorator.py
[2024-08-28T10:48:49.192+0200] {logging_mixin.py:137} INFO - [2024-08-28T10:48:49.192+0200] {dag.py:2705} INFO - Sync 1 DAGs
[2024-08-28T10:48:49.205+0200] {logging_mixin.py:137} INFO - [2024-08-28T10:48:49.205+0200] {dag.py:3456} INFO - Setting next_dagrun for example_short_circuit_decorator to 2024-08-27T08:48:49.204962+00:00, run_after=2024-08-28T08:48:49.204962+00:00
[2024-08-28T10:48:49.216+0200] {processor.py:175} INFO - Processing /Users/roselina/opt/anaconda3/envs/python37/lib/python3.7/site-packages/airflow/example_dags/example_short_circuit_decorator.py took 0.073 seconds
[2024-08-28T10:49:30.605+0200] {processor.py:153} INFO - Started process (PID=75954) to work on /Users/roselina/opt/anaconda3/envs/python37/lib/python3.7/site-packages/airflow/example_dags/example_short_circuit_decorator.py
[2024-08-28T10:49:30.606+0200] {processor.py:743} INFO - Processing file /Users/roselina/opt/anaconda3/envs/python37/lib/python3.7/site-packages/airflow/example_dags/example_short_circuit_decorator.py for tasks to queue
[2024-08-28T10:49:30.607+0200] {logging_mixin.py:137} INFO - [2024-08-28T10:49:30.607+0200] {dagbag.py:532} INFO - Filling up the DagBag from /Users/roselina/opt/anaconda3/envs/python37/lib/python3.7/site-packages/airflow/example_dags/example_short_circuit_decorator.py
[2024-08-28T10:49:30.632+0200] {processor.py:753} INFO - DAG(s) dict_keys(['example_short_circuit_decorator']) retrieved from /Users/roselina/opt/anaconda3/envs/python37/lib/python3.7/site-packages/airflow/example_dags/example_short_circuit_decorator.py
[2024-08-28T10:49:30.647+0200] {logging_mixin.py:137} INFO - [2024-08-28T10:49:30.647+0200] {dag.py:2705} INFO - Sync 1 DAGs
[2024-08-28T10:49:30.663+0200] {logging_mixin.py:137} INFO - [2024-08-28T10:49:30.662+0200] {dag.py:3456} INFO - Setting next_dagrun for example_short_circuit_decorator to 2024-08-27T08:49:30.662029+00:00, run_after=2024-08-28T08:49:30.662029+00:00
[2024-08-28T10:49:30.674+0200] {processor.py:175} INFO - Processing /Users/roselina/opt/anaconda3/envs/python37/lib/python3.7/site-packages/airflow/example_dags/example_short_circuit_decorator.py took 0.074 seconds
[2024-08-28T10:50:12.100+0200] {processor.py:153} INFO - Started process (PID=75999) to work on /Users/roselina/opt/anaconda3/envs/python37/lib/python3.7/site-packages/airflow/example_dags/example_short_circuit_decorator.py
[2024-08-28T10:50:12.102+0200] {processor.py:743} INFO - Processing file /Users/roselina/opt/anaconda3/envs/python37/lib/python3.7/site-packages/airflow/example_dags/example_short_circuit_decorator.py for tasks to queue
[2024-08-28T10:50:12.104+0200] {logging_mixin.py:137} INFO - [2024-08-28T10:50:12.103+0200] {dagbag.py:532} INFO - Filling up the DagBag from /Users/roselina/opt/anaconda3/envs/python37/lib/python3.7/site-packages/airflow/example_dags/example_short_circuit_decorator.py
[2024-08-28T10:50:12.128+0200] {processor.py:753} INFO - DAG(s) dict_keys(['example_short_circuit_decorator']) retrieved from /Users/roselina/opt/anaconda3/envs/python37/lib/python3.7/site-packages/airflow/example_dags/example_short_circuit_decorator.py
[2024-08-28T10:50:12.143+0200] {logging_mixin.py:137} INFO - [2024-08-28T10:50:12.143+0200] {dag.py:2705} INFO - Sync 1 DAGs
[2024-08-28T10:50:12.155+0200] {logging_mixin.py:137} INFO - [2024-08-28T10:50:12.155+0200] {dag.py:3456} INFO - Setting next_dagrun for example_short_circuit_decorator to 2024-08-27T08:50:12.155331+00:00, run_after=2024-08-28T08:50:12.155331+00:00
[2024-08-28T10:50:12.165+0200] {processor.py:175} INFO - Processing /Users/roselina/opt/anaconda3/envs/python37/lib/python3.7/site-packages/airflow/example_dags/example_short_circuit_decorator.py took 0.069 seconds
[2024-08-28T10:50:52.881+0200] {processor.py:153} INFO - Started process (PID=76044) to work on /Users/roselina/opt/anaconda3/envs/python37/lib/python3.7/site-packages/airflow/example_dags/example_short_circuit_decorator.py
[2024-08-28T10:50:52.886+0200] {processor.py:743} INFO - Processing file /Users/roselina/opt/anaconda3/envs/python37/lib/python3.7/site-packages/airflow/example_dags/example_short_circuit_decorator.py for tasks to queue
[2024-08-28T10:50:52.887+0200] {logging_mixin.py:137} INFO - [2024-08-28T10:50:52.887+0200] {dagbag.py:532} INFO - Filling up the DagBag from /Users/roselina/opt/anaconda3/envs/python37/lib/python3.7/site-packages/airflow/example_dags/example_short_circuit_decorator.py
[2024-08-28T10:50:52.914+0200] {processor.py:753} INFO - DAG(s) dict_keys(['example_short_circuit_decorator']) retrieved from /Users/roselina/opt/anaconda3/envs/python37/lib/python3.7/site-packages/airflow/example_dags/example_short_circuit_decorator.py
[2024-08-28T10:50:52.933+0200] {logging_mixin.py:137} INFO - [2024-08-28T10:50:52.933+0200] {dag.py:2705} INFO - Sync 1 DAGs
[2024-08-28T10:50:52.944+0200] {logging_mixin.py:137} INFO - [2024-08-28T10:50:52.944+0200] {dag.py:3456} INFO - Setting next_dagrun for example_short_circuit_decorator to 2024-08-27T08:50:52.944282+00:00, run_after=2024-08-28T08:50:52.944282+00:00
[2024-08-28T10:50:52.954+0200] {processor.py:175} INFO - Processing /Users/roselina/opt/anaconda3/envs/python37/lib/python3.7/site-packages/airflow/example_dags/example_short_circuit_decorator.py took 0.076 seconds
[2024-08-28T10:51:34.902+0200] {processor.py:153} INFO - Started process (PID=76105) to work on /Users/roselina/opt/anaconda3/envs/python37/lib/python3.7/site-packages/airflow/example_dags/example_short_circuit_decorator.py
[2024-08-28T10:51:34.904+0200] {processor.py:743} INFO - Processing file /Users/roselina/opt/anaconda3/envs/python37/lib/python3.7/site-packages/airflow/example_dags/example_short_circuit_decorator.py for tasks to queue
[2024-08-28T10:51:34.905+0200] {logging_mixin.py:137} INFO - [2024-08-28T10:51:34.905+0200] {dagbag.py:532} INFO - Filling up the DagBag from /Users/roselina/opt/anaconda3/envs/python37/lib/python3.7/site-packages/airflow/example_dags/example_short_circuit_decorator.py
[2024-08-28T10:51:34.931+0200] {processor.py:753} INFO - DAG(s) dict_keys(['example_short_circuit_decorator']) retrieved from /Users/roselina/opt/anaconda3/envs/python37/lib/python3.7/site-packages/airflow/example_dags/example_short_circuit_decorator.py
[2024-08-28T10:51:34.945+0200] {logging_mixin.py:137} INFO - [2024-08-28T10:51:34.945+0200] {dag.py:2705} INFO - Sync 1 DAGs
[2024-08-28T10:51:34.957+0200] {logging_mixin.py:137} INFO - [2024-08-28T10:51:34.957+0200] {dag.py:3456} INFO - Setting next_dagrun for example_short_circuit_decorator to 2024-08-27T08:51:34.957069+00:00, run_after=2024-08-28T08:51:34.957069+00:00
[2024-08-28T10:51:34.967+0200] {processor.py:175} INFO - Processing /Users/roselina/opt/anaconda3/envs/python37/lib/python3.7/site-packages/airflow/example_dags/example_short_circuit_decorator.py took 0.068 seconds
[2024-08-28T10:52:15.252+0200] {processor.py:153} INFO - Started process (PID=76159) to work on /Users/roselina/opt/anaconda3/envs/python37/lib/python3.7/site-packages/airflow/example_dags/example_short_circuit_decorator.py
[2024-08-28T10:52:15.253+0200] {processor.py:743} INFO - Processing file /Users/roselina/opt/anaconda3/envs/python37/lib/python3.7/site-packages/airflow/example_dags/example_short_circuit_decorator.py for tasks to queue
[2024-08-28T10:52:15.255+0200] {logging_mixin.py:137} INFO - [2024-08-28T10:52:15.255+0200] {dagbag.py:532} INFO - Filling up the DagBag from /Users/roselina/opt/anaconda3/envs/python37/lib/python3.7/site-packages/airflow/example_dags/example_short_circuit_decorator.py
[2024-08-28T10:52:15.286+0200] {processor.py:753} INFO - DAG(s) dict_keys(['example_short_circuit_decorator']) retrieved from /Users/roselina/opt/anaconda3/envs/python37/lib/python3.7/site-packages/airflow/example_dags/example_short_circuit_decorator.py
[2024-08-28T10:52:15.307+0200] {logging_mixin.py:137} INFO - [2024-08-28T10:52:15.306+0200] {dag.py:2705} INFO - Sync 1 DAGs
[2024-08-28T10:52:15.320+0200] {logging_mixin.py:137} INFO - [2024-08-28T10:52:15.319+0200] {dag.py:3456} INFO - Setting next_dagrun for example_short_circuit_decorator to 2024-08-27T08:52:15.319575+00:00, run_after=2024-08-28T08:52:15.319575+00:00
[2024-08-28T10:52:15.330+0200] {processor.py:175} INFO - Processing /Users/roselina/opt/anaconda3/envs/python37/lib/python3.7/site-packages/airflow/example_dags/example_short_circuit_decorator.py took 0.083 seconds
[2024-08-28T10:52:58.281+0200] {processor.py:153} INFO - Started process (PID=76205) to work on /Users/roselina/opt/anaconda3/envs/python37/lib/python3.7/site-packages/airflow/example_dags/example_short_circuit_decorator.py
[2024-08-28T10:52:58.283+0200] {processor.py:743} INFO - Processing file /Users/roselina/opt/anaconda3/envs/python37/lib/python3.7/site-packages/airflow/example_dags/example_short_circuit_decorator.py for tasks to queue
[2024-08-28T10:52:58.285+0200] {logging_mixin.py:137} INFO - [2024-08-28T10:52:58.284+0200] {dagbag.py:532} INFO - Filling up the DagBag from /Users/roselina/opt/anaconda3/envs/python37/lib/python3.7/site-packages/airflow/example_dags/example_short_circuit_decorator.py
[2024-08-28T10:52:58.311+0200] {processor.py:753} INFO - DAG(s) dict_keys(['example_short_circuit_decorator']) retrieved from /Users/roselina/opt/anaconda3/envs/python37/lib/python3.7/site-packages/airflow/example_dags/example_short_circuit_decorator.py
[2024-08-28T10:52:58.326+0200] {logging_mixin.py:137} INFO - [2024-08-28T10:52:58.326+0200] {dag.py:2705} INFO - Sync 1 DAGs
[2024-08-28T10:52:58.344+0200] {logging_mixin.py:137} INFO - [2024-08-28T10:52:58.342+0200] {dag.py:3456} INFO - Setting next_dagrun for example_short_circuit_decorator to 2024-08-27T08:52:58.341969+00:00, run_after=2024-08-28T08:52:58.341969+00:00
[2024-08-28T10:52:58.355+0200] {processor.py:175} INFO - Processing /Users/roselina/opt/anaconda3/envs/python37/lib/python3.7/site-packages/airflow/example_dags/example_short_circuit_decorator.py took 0.079 seconds
