[2024-08-28T10:11:27.186+0200] {processor.py:153} INFO - Started process (PID=74942) to work on /Users/roselina/opt/anaconda3/envs/python37/lib/python3.7/site-packages/airflow/example_dags/example_params_ui_tutorial.py
[2024-08-28T10:11:27.187+0200] {processor.py:743} INFO - Processing file /Users/roselina/opt/anaconda3/envs/python37/lib/python3.7/site-packages/airflow/example_dags/example_params_ui_tutorial.py for tasks to queue
[2024-08-28T10:11:27.188+0200] {logging_mixin.py:137} INFO - [2024-08-28T10:11:27.188+0200] {dagbag.py:532} INFO - Filling up the DagBag from /Users/roselina/opt/anaconda3/envs/python37/lib/python3.7/site-packages/airflow/example_dags/example_params_ui_tutorial.py
[2024-08-28T10:11:27.240+0200] {processor.py:753} INFO - DAG(s) dict_keys(['example_params_ui_tutorial']) retrieved from /Users/roselina/opt/anaconda3/envs/python37/lib/python3.7/site-packages/airflow/example_dags/example_params_ui_tutorial.py
[2024-08-28T10:11:27.320+0200] {logging_mixin.py:137} INFO - [2024-08-28T10:11:27.320+0200] {manager.py:504} INFO - Created Permission View: can read on DAG:example_params_ui_tutorial
[2024-08-28T10:11:27.325+0200] {logging_mixin.py:137} INFO - [2024-08-28T10:11:27.325+0200] {manager.py:504} INFO - Created Permission View: can delete on DAG:example_params_ui_tutorial
[2024-08-28T10:11:27.328+0200] {logging_mixin.py:137} INFO - [2024-08-28T10:11:27.328+0200] {manager.py:504} INFO - Created Permission View: can edit on DAG:example_params_ui_tutorial
[2024-08-28T10:11:27.329+0200] {logging_mixin.py:137} INFO - [2024-08-28T10:11:27.328+0200] {dag.py:2705} INFO - Sync 1 DAGs
[2024-08-28T10:11:27.335+0200] {logging_mixin.py:137} INFO - [2024-08-28T10:11:27.335+0200] {dag.py:2726} INFO - Creating ORM DAG for example_params_ui_tutorial
[2024-08-28T10:11:27.341+0200] {logging_mixin.py:137} INFO - [2024-08-28T10:11:27.341+0200] {dag.py:3456} INFO - Setting next_dagrun for example_params_ui_tutorial to None, run_after=None
[2024-08-28T10:11:27.350+0200] {processor.py:175} INFO - Processing /Users/roselina/opt/anaconda3/envs/python37/lib/python3.7/site-packages/airflow/example_dags/example_params_ui_tutorial.py took 0.167 seconds
[2024-08-28T10:12:09.963+0200] {processor.py:153} INFO - Started process (PID=75005) to work on /Users/roselina/opt/anaconda3/envs/python37/lib/python3.7/site-packages/airflow/example_dags/example_params_ui_tutorial.py
[2024-08-28T10:12:09.965+0200] {processor.py:743} INFO - Processing file /Users/roselina/opt/anaconda3/envs/python37/lib/python3.7/site-packages/airflow/example_dags/example_params_ui_tutorial.py for tasks to queue
[2024-08-28T10:12:09.966+0200] {logging_mixin.py:137} INFO - [2024-08-28T10:12:09.966+0200] {dagbag.py:532} INFO - Filling up the DagBag from /Users/roselina/opt/anaconda3/envs/python37/lib/python3.7/site-packages/airflow/example_dags/example_params_ui_tutorial.py
[2024-08-28T10:12:10.017+0200] {processor.py:753} INFO - DAG(s) dict_keys(['example_params_ui_tutorial']) retrieved from /Users/roselina/opt/anaconda3/envs/python37/lib/python3.7/site-packages/airflow/example_dags/example_params_ui_tutorial.py
[2024-08-28T10:12:10.050+0200] {logging_mixin.py:137} INFO - [2024-08-28T10:12:10.050+0200] {dag.py:2705} INFO - Sync 1 DAGs
[2024-08-28T10:12:10.063+0200] {logging_mixin.py:137} INFO - [2024-08-28T10:12:10.063+0200] {dag.py:3456} INFO - Setting next_dagrun for example_params_ui_tutorial to None, run_after=None
[2024-08-28T10:12:10.074+0200] {processor.py:175} INFO - Processing /Users/roselina/opt/anaconda3/envs/python37/lib/python3.7/site-packages/airflow/example_dags/example_params_ui_tutorial.py took 0.115 seconds
[2024-08-28T10:12:51.233+0200] {processor.py:153} INFO - Started process (PID=75071) to work on /Users/roselina/opt/anaconda3/envs/python37/lib/python3.7/site-packages/airflow/example_dags/example_params_ui_tutorial.py
[2024-08-28T10:12:51.235+0200] {processor.py:743} INFO - Processing file /Users/roselina/opt/anaconda3/envs/python37/lib/python3.7/site-packages/airflow/example_dags/example_params_ui_tutorial.py for tasks to queue
[2024-08-28T10:12:51.236+0200] {logging_mixin.py:137} INFO - [2024-08-28T10:12:51.236+0200] {dagbag.py:532} INFO - Filling up the DagBag from /Users/roselina/opt/anaconda3/envs/python37/lib/python3.7/site-packages/airflow/example_dags/example_params_ui_tutorial.py
[2024-08-28T10:12:51.283+0200] {processor.py:753} INFO - DAG(s) dict_keys(['example_params_ui_tutorial']) retrieved from /Users/roselina/opt/anaconda3/envs/python37/lib/python3.7/site-packages/airflow/example_dags/example_params_ui_tutorial.py
[2024-08-28T10:12:51.383+0200] {logging_mixin.py:137} INFO - [2024-08-28T10:12:51.382+0200] {dag.py:2705} INFO - Sync 1 DAGs
[2024-08-28T10:12:51.399+0200] {logging_mixin.py:137} INFO - [2024-08-28T10:12:51.399+0200] {dag.py:3456} INFO - Setting next_dagrun for example_params_ui_tutorial to None, run_after=None
[2024-08-28T10:12:51.411+0200] {processor.py:175} INFO - Processing /Users/roselina/opt/anaconda3/envs/python37/lib/python3.7/site-packages/airflow/example_dags/example_params_ui_tutorial.py took 0.181 seconds
[2024-08-28T10:13:32.682+0200] {processor.py:153} INFO - Started process (PID=75125) to work on /Users/roselina/opt/anaconda3/envs/python37/lib/python3.7/site-packages/airflow/example_dags/example_params_ui_tutorial.py
[2024-08-28T10:13:32.684+0200] {processor.py:743} INFO - Processing file /Users/roselina/opt/anaconda3/envs/python37/lib/python3.7/site-packages/airflow/example_dags/example_params_ui_tutorial.py for tasks to queue
[2024-08-28T10:13:32.685+0200] {logging_mixin.py:137} INFO - [2024-08-28T10:13:32.685+0200] {dagbag.py:532} INFO - Filling up the DagBag from /Users/roselina/opt/anaconda3/envs/python37/lib/python3.7/site-packages/airflow/example_dags/example_params_ui_tutorial.py
[2024-08-28T10:13:32.734+0200] {processor.py:753} INFO - DAG(s) dict_keys(['example_params_ui_tutorial']) retrieved from /Users/roselina/opt/anaconda3/envs/python37/lib/python3.7/site-packages/airflow/example_dags/example_params_ui_tutorial.py
[2024-08-28T10:13:32.769+0200] {logging_mixin.py:137} INFO - [2024-08-28T10:13:32.768+0200] {dag.py:2705} INFO - Sync 1 DAGs
[2024-08-28T10:13:32.780+0200] {logging_mixin.py:137} INFO - [2024-08-28T10:13:32.780+0200] {dag.py:3456} INFO - Setting next_dagrun for example_params_ui_tutorial to None, run_after=None
[2024-08-28T10:13:32.790+0200] {processor.py:175} INFO - Processing /Users/roselina/opt/anaconda3/envs/python37/lib/python3.7/site-packages/airflow/example_dags/example_params_ui_tutorial.py took 0.112 seconds
[2024-08-28T10:14:15.825+0200] {processor.py:153} INFO - Started process (PID=75204) to work on /Users/roselina/opt/anaconda3/envs/python37/lib/python3.7/site-packages/airflow/example_dags/example_params_ui_tutorial.py
[2024-08-28T10:14:15.827+0200] {processor.py:743} INFO - Processing file /Users/roselina/opt/anaconda3/envs/python37/lib/python3.7/site-packages/airflow/example_dags/example_params_ui_tutorial.py for tasks to queue
[2024-08-28T10:14:15.828+0200] {logging_mixin.py:137} INFO - [2024-08-28T10:14:15.828+0200] {dagbag.py:532} INFO - Filling up the DagBag from /Users/roselina/opt/anaconda3/envs/python37/lib/python3.7/site-packages/airflow/example_dags/example_params_ui_tutorial.py
[2024-08-28T10:14:15.882+0200] {processor.py:753} INFO - DAG(s) dict_keys(['example_params_ui_tutorial']) retrieved from /Users/roselina/opt/anaconda3/envs/python37/lib/python3.7/site-packages/airflow/example_dags/example_params_ui_tutorial.py
[2024-08-28T10:14:15.917+0200] {logging_mixin.py:137} INFO - [2024-08-28T10:14:15.917+0200] {dag.py:2705} INFO - Sync 1 DAGs
[2024-08-28T10:14:15.929+0200] {logging_mixin.py:137} INFO - [2024-08-28T10:14:15.929+0200] {dag.py:3456} INFO - Setting next_dagrun for example_params_ui_tutorial to None, run_after=None
[2024-08-28T10:14:15.939+0200] {processor.py:175} INFO - Processing /Users/roselina/opt/anaconda3/envs/python37/lib/python3.7/site-packages/airflow/example_dags/example_params_ui_tutorial.py took 0.119 seconds
[2024-08-28T10:14:58.146+0200] {processor.py:153} INFO - Started process (PID=75250) to work on /Users/roselina/opt/anaconda3/envs/python37/lib/python3.7/site-packages/airflow/example_dags/example_params_ui_tutorial.py
[2024-08-28T10:14:58.148+0200] {processor.py:743} INFO - Processing file /Users/roselina/opt/anaconda3/envs/python37/lib/python3.7/site-packages/airflow/example_dags/example_params_ui_tutorial.py for tasks to queue
[2024-08-28T10:14:58.149+0200] {logging_mixin.py:137} INFO - [2024-08-28T10:14:58.149+0200] {dagbag.py:532} INFO - Filling up the DagBag from /Users/roselina/opt/anaconda3/envs/python37/lib/python3.7/site-packages/airflow/example_dags/example_params_ui_tutorial.py
[2024-08-28T10:14:58.201+0200] {processor.py:753} INFO - DAG(s) dict_keys(['example_params_ui_tutorial']) retrieved from /Users/roselina/opt/anaconda3/envs/python37/lib/python3.7/site-packages/airflow/example_dags/example_params_ui_tutorial.py
[2024-08-28T10:14:58.238+0200] {logging_mixin.py:137} INFO - [2024-08-28T10:14:58.237+0200] {dag.py:2705} INFO - Sync 1 DAGs
[2024-08-28T10:14:58.250+0200] {logging_mixin.py:137} INFO - [2024-08-28T10:14:58.250+0200] {dag.py:3456} INFO - Setting next_dagrun for example_params_ui_tutorial to None, run_after=None
[2024-08-28T10:14:58.261+0200] {processor.py:175} INFO - Processing /Users/roselina/opt/anaconda3/envs/python37/lib/python3.7/site-packages/airflow/example_dags/example_params_ui_tutorial.py took 0.119 seconds
[2024-08-28T10:15:39.280+0200] {processor.py:153} INFO - Started process (PID=75295) to work on /Users/roselina/opt/anaconda3/envs/python37/lib/python3.7/site-packages/airflow/example_dags/example_params_ui_tutorial.py
[2024-08-28T10:15:39.281+0200] {processor.py:743} INFO - Processing file /Users/roselina/opt/anaconda3/envs/python37/lib/python3.7/site-packages/airflow/example_dags/example_params_ui_tutorial.py for tasks to queue
[2024-08-28T10:15:39.283+0200] {logging_mixin.py:137} INFO - [2024-08-28T10:15:39.282+0200] {dagbag.py:532} INFO - Filling up the DagBag from /Users/roselina/opt/anaconda3/envs/python37/lib/python3.7/site-packages/airflow/example_dags/example_params_ui_tutorial.py
[2024-08-28T10:15:39.331+0200] {processor.py:753} INFO - DAG(s) dict_keys(['example_params_ui_tutorial']) retrieved from /Users/roselina/opt/anaconda3/envs/python37/lib/python3.7/site-packages/airflow/example_dags/example_params_ui_tutorial.py
[2024-08-28T10:15:39.364+0200] {logging_mixin.py:137} INFO - [2024-08-28T10:15:39.364+0200] {dag.py:2705} INFO - Sync 1 DAGs
[2024-08-28T10:15:39.375+0200] {logging_mixin.py:137} INFO - [2024-08-28T10:15:39.375+0200] {dag.py:3456} INFO - Setting next_dagrun for example_params_ui_tutorial to None, run_after=None
[2024-08-28T10:15:39.385+0200] {processor.py:175} INFO - Processing /Users/roselina/opt/anaconda3/envs/python37/lib/python3.7/site-packages/airflow/example_dags/example_params_ui_tutorial.py took 0.107 seconds
[2024-08-28T10:16:17.883+0200] {processor.py:153} INFO - Started process (PID=75339) to work on /Users/roselina/opt/anaconda3/envs/python37/lib/python3.7/site-packages/airflow/example_dags/example_params_ui_tutorial.py
[2024-08-28T10:16:17.884+0200] {processor.py:743} INFO - Processing file /Users/roselina/opt/anaconda3/envs/python37/lib/python3.7/site-packages/airflow/example_dags/example_params_ui_tutorial.py for tasks to queue
[2024-08-28T10:16:17.886+0200] {logging_mixin.py:137} INFO - [2024-08-28T10:16:17.885+0200] {dagbag.py:532} INFO - Filling up the DagBag from /Users/roselina/opt/anaconda3/envs/python37/lib/python3.7/site-packages/airflow/example_dags/example_params_ui_tutorial.py
[2024-08-28T10:16:17.934+0200] {processor.py:753} INFO - DAG(s) dict_keys(['example_params_ui_tutorial']) retrieved from /Users/roselina/opt/anaconda3/envs/python37/lib/python3.7/site-packages/airflow/example_dags/example_params_ui_tutorial.py
[2024-08-28T10:16:17.967+0200] {logging_mixin.py:137} INFO - [2024-08-28T10:16:17.967+0200] {dag.py:2705} INFO - Sync 1 DAGs
[2024-08-28T10:16:17.979+0200] {logging_mixin.py:137} INFO - [2024-08-28T10:16:17.978+0200] {dag.py:3456} INFO - Setting next_dagrun for example_params_ui_tutorial to None, run_after=None
[2024-08-28T10:16:17.988+0200] {processor.py:175} INFO - Processing /Users/roselina/opt/anaconda3/envs/python37/lib/python3.7/site-packages/airflow/example_dags/example_params_ui_tutorial.py took 0.110 seconds
[2024-08-28T10:17:00.524+0200] {processor.py:153} INFO - Started process (PID=75385) to work on /Users/roselina/opt/anaconda3/envs/python37/lib/python3.7/site-packages/airflow/example_dags/example_params_ui_tutorial.py
[2024-08-28T10:17:00.525+0200] {processor.py:743} INFO - Processing file /Users/roselina/opt/anaconda3/envs/python37/lib/python3.7/site-packages/airflow/example_dags/example_params_ui_tutorial.py for tasks to queue
[2024-08-28T10:17:00.527+0200] {logging_mixin.py:137} INFO - [2024-08-28T10:17:00.526+0200] {dagbag.py:532} INFO - Filling up the DagBag from /Users/roselina/opt/anaconda3/envs/python37/lib/python3.7/site-packages/airflow/example_dags/example_params_ui_tutorial.py
[2024-08-28T10:17:00.572+0200] {processor.py:753} INFO - DAG(s) dict_keys(['example_params_ui_tutorial']) retrieved from /Users/roselina/opt/anaconda3/envs/python37/lib/python3.7/site-packages/airflow/example_dags/example_params_ui_tutorial.py
[2024-08-28T10:17:00.604+0200] {logging_mixin.py:137} INFO - [2024-08-28T10:17:00.604+0200] {dag.py:2705} INFO - Sync 1 DAGs
[2024-08-28T10:17:00.615+0200] {logging_mixin.py:137} INFO - [2024-08-28T10:17:00.615+0200] {dag.py:3456} INFO - Setting next_dagrun for example_params_ui_tutorial to None, run_after=None
[2024-08-28T10:17:00.625+0200] {processor.py:175} INFO - Processing /Users/roselina/opt/anaconda3/envs/python37/lib/python3.7/site-packages/airflow/example_dags/example_params_ui_tutorial.py took 0.105 seconds
[2024-08-28T10:17:40.534+0200] {processor.py:153} INFO - Started process (PID=75438) to work on /Users/roselina/opt/anaconda3/envs/python37/lib/python3.7/site-packages/airflow/example_dags/example_params_ui_tutorial.py
[2024-08-28T10:17:40.536+0200] {processor.py:743} INFO - Processing file /Users/roselina/opt/anaconda3/envs/python37/lib/python3.7/site-packages/airflow/example_dags/example_params_ui_tutorial.py for tasks to queue
[2024-08-28T10:17:40.537+0200] {logging_mixin.py:137} INFO - [2024-08-28T10:17:40.537+0200] {dagbag.py:532} INFO - Filling up the DagBag from /Users/roselina/opt/anaconda3/envs/python37/lib/python3.7/site-packages/airflow/example_dags/example_params_ui_tutorial.py
[2024-08-28T10:17:40.586+0200] {processor.py:753} INFO - DAG(s) dict_keys(['example_params_ui_tutorial']) retrieved from /Users/roselina/opt/anaconda3/envs/python37/lib/python3.7/site-packages/airflow/example_dags/example_params_ui_tutorial.py
[2024-08-28T10:17:40.624+0200] {logging_mixin.py:137} INFO - [2024-08-28T10:17:40.623+0200] {dag.py:2705} INFO - Sync 1 DAGs
[2024-08-28T10:17:40.637+0200] {logging_mixin.py:137} INFO - [2024-08-28T10:17:40.636+0200] {dag.py:3456} INFO - Setting next_dagrun for example_params_ui_tutorial to None, run_after=None
[2024-08-28T10:17:40.646+0200] {processor.py:175} INFO - Processing /Users/roselina/opt/anaconda3/envs/python37/lib/python3.7/site-packages/airflow/example_dags/example_params_ui_tutorial.py took 0.116 seconds
[2024-08-28T10:44:03.520+0200] {processor.py:153} INFO - Started process (PID=75537) to work on /Users/roselina/opt/anaconda3/envs/python37/lib/python3.7/site-packages/airflow/example_dags/example_params_ui_tutorial.py
[2024-08-28T10:44:03.522+0200] {processor.py:743} INFO - Processing file /Users/roselina/opt/anaconda3/envs/python37/lib/python3.7/site-packages/airflow/example_dags/example_params_ui_tutorial.py for tasks to queue
[2024-08-28T10:44:03.524+0200] {logging_mixin.py:137} INFO - [2024-08-28T10:44:03.523+0200] {dagbag.py:532} INFO - Filling up the DagBag from /Users/roselina/opt/anaconda3/envs/python37/lib/python3.7/site-packages/airflow/example_dags/example_params_ui_tutorial.py
[2024-08-28T10:44:03.572+0200] {processor.py:753} INFO - DAG(s) dict_keys(['example_params_ui_tutorial']) retrieved from /Users/roselina/opt/anaconda3/envs/python37/lib/python3.7/site-packages/airflow/example_dags/example_params_ui_tutorial.py
[2024-08-28T10:44:03.604+0200] {logging_mixin.py:137} INFO - [2024-08-28T10:44:03.604+0200] {dag.py:2705} INFO - Sync 1 DAGs
[2024-08-28T10:44:03.615+0200] {logging_mixin.py:137} INFO - [2024-08-28T10:44:03.615+0200] {dag.py:3456} INFO - Setting next_dagrun for example_params_ui_tutorial to None, run_after=None
[2024-08-28T10:44:03.625+0200] {processor.py:175} INFO - Processing /Users/roselina/opt/anaconda3/envs/python37/lib/python3.7/site-packages/airflow/example_dags/example_params_ui_tutorial.py took 0.109 seconds
[2024-08-28T10:44:46.181+0200] {processor.py:153} INFO - Started process (PID=75591) to work on /Users/roselina/opt/anaconda3/envs/python37/lib/python3.7/site-packages/airflow/example_dags/example_params_ui_tutorial.py
[2024-08-28T10:44:46.183+0200] {processor.py:743} INFO - Processing file /Users/roselina/opt/anaconda3/envs/python37/lib/python3.7/site-packages/airflow/example_dags/example_params_ui_tutorial.py for tasks to queue
[2024-08-28T10:44:46.184+0200] {logging_mixin.py:137} INFO - [2024-08-28T10:44:46.184+0200] {dagbag.py:532} INFO - Filling up the DagBag from /Users/roselina/opt/anaconda3/envs/python37/lib/python3.7/site-packages/airflow/example_dags/example_params_ui_tutorial.py
[2024-08-28T10:44:46.233+0200] {processor.py:753} INFO - DAG(s) dict_keys(['example_params_ui_tutorial']) retrieved from /Users/roselina/opt/anaconda3/envs/python37/lib/python3.7/site-packages/airflow/example_dags/example_params_ui_tutorial.py
[2024-08-28T10:44:46.267+0200] {logging_mixin.py:137} INFO - [2024-08-28T10:44:46.267+0200] {dag.py:2705} INFO - Sync 1 DAGs
[2024-08-28T10:44:46.279+0200] {logging_mixin.py:137} INFO - [2024-08-28T10:44:46.279+0200] {dag.py:3456} INFO - Setting next_dagrun for example_params_ui_tutorial to None, run_after=None
[2024-08-28T10:44:46.290+0200] {processor.py:175} INFO - Processing /Users/roselina/opt/anaconda3/envs/python37/lib/python3.7/site-packages/airflow/example_dags/example_params_ui_tutorial.py took 0.113 seconds
[2024-08-28T10:45:28.138+0200] {processor.py:153} INFO - Started process (PID=75646) to work on /Users/roselina/opt/anaconda3/envs/python37/lib/python3.7/site-packages/airflow/example_dags/example_params_ui_tutorial.py
[2024-08-28T10:45:28.141+0200] {processor.py:743} INFO - Processing file /Users/roselina/opt/anaconda3/envs/python37/lib/python3.7/site-packages/airflow/example_dags/example_params_ui_tutorial.py for tasks to queue
[2024-08-28T10:45:28.142+0200] {logging_mixin.py:137} INFO - [2024-08-28T10:45:28.142+0200] {dagbag.py:532} INFO - Filling up the DagBag from /Users/roselina/opt/anaconda3/envs/python37/lib/python3.7/site-packages/airflow/example_dags/example_params_ui_tutorial.py
[2024-08-28T10:45:28.192+0200] {processor.py:753} INFO - DAG(s) dict_keys(['example_params_ui_tutorial']) retrieved from /Users/roselina/opt/anaconda3/envs/python37/lib/python3.7/site-packages/airflow/example_dags/example_params_ui_tutorial.py
[2024-08-28T10:45:28.223+0200] {logging_mixin.py:137} INFO - [2024-08-28T10:45:28.223+0200] {dag.py:2705} INFO - Sync 1 DAGs
[2024-08-28T10:45:28.238+0200] {logging_mixin.py:137} INFO - [2024-08-28T10:45:28.238+0200] {dag.py:3456} INFO - Setting next_dagrun for example_params_ui_tutorial to None, run_after=None
[2024-08-28T10:45:28.252+0200] {processor.py:175} INFO - Processing /Users/roselina/opt/anaconda3/envs/python37/lib/python3.7/site-packages/airflow/example_dags/example_params_ui_tutorial.py took 0.119 seconds
[2024-08-28T10:46:08.576+0200] {processor.py:153} INFO - Started process (PID=75692) to work on /Users/roselina/opt/anaconda3/envs/python37/lib/python3.7/site-packages/airflow/example_dags/example_params_ui_tutorial.py
[2024-08-28T10:46:08.578+0200] {processor.py:743} INFO - Processing file /Users/roselina/opt/anaconda3/envs/python37/lib/python3.7/site-packages/airflow/example_dags/example_params_ui_tutorial.py for tasks to queue
[2024-08-28T10:46:08.580+0200] {logging_mixin.py:137} INFO - [2024-08-28T10:46:08.579+0200] {dagbag.py:532} INFO - Filling up the DagBag from /Users/roselina/opt/anaconda3/envs/python37/lib/python3.7/site-packages/airflow/example_dags/example_params_ui_tutorial.py
[2024-08-28T10:46:08.628+0200] {processor.py:753} INFO - DAG(s) dict_keys(['example_params_ui_tutorial']) retrieved from /Users/roselina/opt/anaconda3/envs/python37/lib/python3.7/site-packages/airflow/example_dags/example_params_ui_tutorial.py
[2024-08-28T10:46:08.664+0200] {logging_mixin.py:137} INFO - [2024-08-28T10:46:08.663+0200] {dag.py:2705} INFO - Sync 1 DAGs
[2024-08-28T10:46:08.676+0200] {logging_mixin.py:137} INFO - [2024-08-28T10:46:08.676+0200] {dag.py:3456} INFO - Setting next_dagrun for example_params_ui_tutorial to None, run_after=None
[2024-08-28T10:46:08.689+0200] {processor.py:175} INFO - Processing /Users/roselina/opt/anaconda3/envs/python37/lib/python3.7/site-packages/airflow/example_dags/example_params_ui_tutorial.py took 0.118 seconds
[2024-08-28T10:46:49.320+0200] {processor.py:153} INFO - Started process (PID=75736) to work on /Users/roselina/opt/anaconda3/envs/python37/lib/python3.7/site-packages/airflow/example_dags/example_params_ui_tutorial.py
[2024-08-28T10:46:49.322+0200] {processor.py:743} INFO - Processing file /Users/roselina/opt/anaconda3/envs/python37/lib/python3.7/site-packages/airflow/example_dags/example_params_ui_tutorial.py for tasks to queue
[2024-08-28T10:46:49.322+0200] {logging_mixin.py:137} INFO - [2024-08-28T10:46:49.322+0200] {dagbag.py:532} INFO - Filling up the DagBag from /Users/roselina/opt/anaconda3/envs/python37/lib/python3.7/site-packages/airflow/example_dags/example_params_ui_tutorial.py
[2024-08-28T10:46:49.360+0200] {processor.py:753} INFO - DAG(s) dict_keys(['example_params_ui_tutorial']) retrieved from /Users/roselina/opt/anaconda3/envs/python37/lib/python3.7/site-packages/airflow/example_dags/example_params_ui_tutorial.py
[2024-08-28T10:46:49.392+0200] {logging_mixin.py:137} INFO - [2024-08-28T10:46:49.392+0200] {dag.py:2705} INFO - Sync 1 DAGs
[2024-08-28T10:46:49.403+0200] {logging_mixin.py:137} INFO - [2024-08-28T10:46:49.403+0200] {dag.py:3456} INFO - Setting next_dagrun for example_params_ui_tutorial to None, run_after=None
[2024-08-28T10:46:49.413+0200] {processor.py:175} INFO - Processing /Users/roselina/opt/anaconda3/envs/python37/lib/python3.7/site-packages/airflow/example_dags/example_params_ui_tutorial.py took 0.095 seconds
[2024-08-28T10:47:31.494+0200] {processor.py:153} INFO - Started process (PID=75793) to work on /Users/roselina/opt/anaconda3/envs/python37/lib/python3.7/site-packages/airflow/example_dags/example_params_ui_tutorial.py
[2024-08-28T10:47:31.496+0200] {processor.py:743} INFO - Processing file /Users/roselina/opt/anaconda3/envs/python37/lib/python3.7/site-packages/airflow/example_dags/example_params_ui_tutorial.py for tasks to queue
[2024-08-28T10:47:31.497+0200] {logging_mixin.py:137} INFO - [2024-08-28T10:47:31.497+0200] {dagbag.py:532} INFO - Filling up the DagBag from /Users/roselina/opt/anaconda3/envs/python37/lib/python3.7/site-packages/airflow/example_dags/example_params_ui_tutorial.py
[2024-08-28T10:47:31.547+0200] {processor.py:753} INFO - DAG(s) dict_keys(['example_params_ui_tutorial']) retrieved from /Users/roselina/opt/anaconda3/envs/python37/lib/python3.7/site-packages/airflow/example_dags/example_params_ui_tutorial.py
[2024-08-28T10:47:31.586+0200] {logging_mixin.py:137} INFO - [2024-08-28T10:47:31.585+0200] {dag.py:2705} INFO - Sync 1 DAGs
[2024-08-28T10:47:31.598+0200] {logging_mixin.py:137} INFO - [2024-08-28T10:47:31.598+0200] {dag.py:3456} INFO - Setting next_dagrun for example_params_ui_tutorial to None, run_after=None
[2024-08-28T10:47:31.609+0200] {processor.py:175} INFO - Processing /Users/roselina/opt/anaconda3/envs/python37/lib/python3.7/site-packages/airflow/example_dags/example_params_ui_tutorial.py took 0.120 seconds
[2024-08-28T10:48:12.944+0200] {processor.py:153} INFO - Started process (PID=75852) to work on /Users/roselina/opt/anaconda3/envs/python37/lib/python3.7/site-packages/airflow/example_dags/example_params_ui_tutorial.py
[2024-08-28T10:48:12.945+0200] {processor.py:743} INFO - Processing file /Users/roselina/opt/anaconda3/envs/python37/lib/python3.7/site-packages/airflow/example_dags/example_params_ui_tutorial.py for tasks to queue
[2024-08-28T10:48:12.947+0200] {logging_mixin.py:137} INFO - [2024-08-28T10:48:12.946+0200] {dagbag.py:532} INFO - Filling up the DagBag from /Users/roselina/opt/anaconda3/envs/python37/lib/python3.7/site-packages/airflow/example_dags/example_params_ui_tutorial.py
[2024-08-28T10:48:12.998+0200] {processor.py:753} INFO - DAG(s) dict_keys(['example_params_ui_tutorial']) retrieved from /Users/roselina/opt/anaconda3/envs/python37/lib/python3.7/site-packages/airflow/example_dags/example_params_ui_tutorial.py
[2024-08-28T10:48:13.034+0200] {logging_mixin.py:137} INFO - [2024-08-28T10:48:13.034+0200] {dag.py:2705} INFO - Sync 1 DAGs
[2024-08-28T10:48:13.046+0200] {logging_mixin.py:137} INFO - [2024-08-28T10:48:13.046+0200] {dag.py:3456} INFO - Setting next_dagrun for example_params_ui_tutorial to None, run_after=None
[2024-08-28T10:48:13.062+0200] {processor.py:175} INFO - Processing /Users/roselina/opt/anaconda3/envs/python37/lib/python3.7/site-packages/airflow/example_dags/example_params_ui_tutorial.py took 0.123 seconds
[2024-08-28T10:48:54.319+0200] {processor.py:153} INFO - Started process (PID=75913) to work on /Users/roselina/opt/anaconda3/envs/python37/lib/python3.7/site-packages/airflow/example_dags/example_params_ui_tutorial.py
[2024-08-28T10:48:54.321+0200] {processor.py:743} INFO - Processing file /Users/roselina/opt/anaconda3/envs/python37/lib/python3.7/site-packages/airflow/example_dags/example_params_ui_tutorial.py for tasks to queue
[2024-08-28T10:48:54.322+0200] {logging_mixin.py:137} INFO - [2024-08-28T10:48:54.322+0200] {dagbag.py:532} INFO - Filling up the DagBag from /Users/roselina/opt/anaconda3/envs/python37/lib/python3.7/site-packages/airflow/example_dags/example_params_ui_tutorial.py
[2024-08-28T10:48:54.371+0200] {processor.py:753} INFO - DAG(s) dict_keys(['example_params_ui_tutorial']) retrieved from /Users/roselina/opt/anaconda3/envs/python37/lib/python3.7/site-packages/airflow/example_dags/example_params_ui_tutorial.py
[2024-08-28T10:48:54.404+0200] {logging_mixin.py:137} INFO - [2024-08-28T10:48:54.404+0200] {dag.py:2705} INFO - Sync 1 DAGs
[2024-08-28T10:48:54.416+0200] {logging_mixin.py:137} INFO - [2024-08-28T10:48:54.416+0200] {dag.py:3456} INFO - Setting next_dagrun for example_params_ui_tutorial to None, run_after=None
[2024-08-28T10:48:54.426+0200] {processor.py:175} INFO - Processing /Users/roselina/opt/anaconda3/envs/python37/lib/python3.7/site-packages/airflow/example_dags/example_params_ui_tutorial.py took 0.111 seconds
[2024-08-28T10:49:35.776+0200] {processor.py:153} INFO - Started process (PID=75960) to work on /Users/roselina/opt/anaconda3/envs/python37/lib/python3.7/site-packages/airflow/example_dags/example_params_ui_tutorial.py
[2024-08-28T10:49:35.778+0200] {processor.py:743} INFO - Processing file /Users/roselina/opt/anaconda3/envs/python37/lib/python3.7/site-packages/airflow/example_dags/example_params_ui_tutorial.py for tasks to queue
[2024-08-28T10:49:35.779+0200] {logging_mixin.py:137} INFO - [2024-08-28T10:49:35.779+0200] {dagbag.py:532} INFO - Filling up the DagBag from /Users/roselina/opt/anaconda3/envs/python37/lib/python3.7/site-packages/airflow/example_dags/example_params_ui_tutorial.py
[2024-08-28T10:49:35.825+0200] {processor.py:753} INFO - DAG(s) dict_keys(['example_params_ui_tutorial']) retrieved from /Users/roselina/opt/anaconda3/envs/python37/lib/python3.7/site-packages/airflow/example_dags/example_params_ui_tutorial.py
[2024-08-28T10:49:35.858+0200] {logging_mixin.py:137} INFO - [2024-08-28T10:49:35.858+0200] {dag.py:2705} INFO - Sync 1 DAGs
[2024-08-28T10:49:35.869+0200] {logging_mixin.py:137} INFO - [2024-08-28T10:49:35.869+0200] {dag.py:3456} INFO - Setting next_dagrun for example_params_ui_tutorial to None, run_after=None
[2024-08-28T10:49:35.878+0200] {processor.py:175} INFO - Processing /Users/roselina/opt/anaconda3/envs/python37/lib/python3.7/site-packages/airflow/example_dags/example_params_ui_tutorial.py took 0.106 seconds
[2024-08-28T10:50:17.089+0200] {processor.py:153} INFO - Started process (PID=76004) to work on /Users/roselina/opt/anaconda3/envs/python37/lib/python3.7/site-packages/airflow/example_dags/example_params_ui_tutorial.py
[2024-08-28T10:50:17.091+0200] {processor.py:743} INFO - Processing file /Users/roselina/opt/anaconda3/envs/python37/lib/python3.7/site-packages/airflow/example_dags/example_params_ui_tutorial.py for tasks to queue
[2024-08-28T10:50:17.093+0200] {logging_mixin.py:137} INFO - [2024-08-28T10:50:17.092+0200] {dagbag.py:532} INFO - Filling up the DagBag from /Users/roselina/opt/anaconda3/envs/python37/lib/python3.7/site-packages/airflow/example_dags/example_params_ui_tutorial.py
[2024-08-28T10:50:17.142+0200] {processor.py:753} INFO - DAG(s) dict_keys(['example_params_ui_tutorial']) retrieved from /Users/roselina/opt/anaconda3/envs/python37/lib/python3.7/site-packages/airflow/example_dags/example_params_ui_tutorial.py
[2024-08-28T10:50:17.177+0200] {logging_mixin.py:137} INFO - [2024-08-28T10:50:17.177+0200] {dag.py:2705} INFO - Sync 1 DAGs
[2024-08-28T10:50:17.188+0200] {logging_mixin.py:137} INFO - [2024-08-28T10:50:17.188+0200] {dag.py:3456} INFO - Setting next_dagrun for example_params_ui_tutorial to None, run_after=None
[2024-08-28T10:50:17.199+0200] {processor.py:175} INFO - Processing /Users/roselina/opt/anaconda3/envs/python37/lib/python3.7/site-packages/airflow/example_dags/example_params_ui_tutorial.py took 0.114 seconds
[2024-08-28T10:50:57.947+0200] {processor.py:153} INFO - Started process (PID=76051) to work on /Users/roselina/opt/anaconda3/envs/python37/lib/python3.7/site-packages/airflow/example_dags/example_params_ui_tutorial.py
[2024-08-28T10:50:57.949+0200] {processor.py:743} INFO - Processing file /Users/roselina/opt/anaconda3/envs/python37/lib/python3.7/site-packages/airflow/example_dags/example_params_ui_tutorial.py for tasks to queue
[2024-08-28T10:50:57.950+0200] {logging_mixin.py:137} INFO - [2024-08-28T10:50:57.950+0200] {dagbag.py:532} INFO - Filling up the DagBag from /Users/roselina/opt/anaconda3/envs/python37/lib/python3.7/site-packages/airflow/example_dags/example_params_ui_tutorial.py
[2024-08-28T10:50:58.012+0200] {processor.py:753} INFO - DAG(s) dict_keys(['example_params_ui_tutorial']) retrieved from /Users/roselina/opt/anaconda3/envs/python37/lib/python3.7/site-packages/airflow/example_dags/example_params_ui_tutorial.py
[2024-08-28T10:50:58.047+0200] {logging_mixin.py:137} INFO - [2024-08-28T10:50:58.047+0200] {dag.py:2705} INFO - Sync 1 DAGs
[2024-08-28T10:50:58.058+0200] {logging_mixin.py:137} INFO - [2024-08-28T10:50:58.058+0200] {dag.py:3456} INFO - Setting next_dagrun for example_params_ui_tutorial to None, run_after=None
[2024-08-28T10:50:58.068+0200] {processor.py:175} INFO - Processing /Users/roselina/opt/anaconda3/envs/python37/lib/python3.7/site-packages/airflow/example_dags/example_params_ui_tutorial.py took 0.124 seconds
[2024-08-28T10:51:40.457+0200] {processor.py:153} INFO - Started process (PID=76111) to work on /Users/roselina/opt/anaconda3/envs/python37/lib/python3.7/site-packages/airflow/example_dags/example_params_ui_tutorial.py
[2024-08-28T10:51:40.459+0200] {processor.py:743} INFO - Processing file /Users/roselina/opt/anaconda3/envs/python37/lib/python3.7/site-packages/airflow/example_dags/example_params_ui_tutorial.py for tasks to queue
[2024-08-28T10:51:40.460+0200] {logging_mixin.py:137} INFO - [2024-08-28T10:51:40.460+0200] {dagbag.py:532} INFO - Filling up the DagBag from /Users/roselina/opt/anaconda3/envs/python37/lib/python3.7/site-packages/airflow/example_dags/example_params_ui_tutorial.py
[2024-08-28T10:51:40.509+0200] {processor.py:753} INFO - DAG(s) dict_keys(['example_params_ui_tutorial']) retrieved from /Users/roselina/opt/anaconda3/envs/python37/lib/python3.7/site-packages/airflow/example_dags/example_params_ui_tutorial.py
[2024-08-28T10:51:40.542+0200] {logging_mixin.py:137} INFO - [2024-08-28T10:51:40.542+0200] {dag.py:2705} INFO - Sync 1 DAGs
[2024-08-28T10:51:40.554+0200] {logging_mixin.py:137} INFO - [2024-08-28T10:51:40.554+0200] {dag.py:3456} INFO - Setting next_dagrun for example_params_ui_tutorial to None, run_after=None
[2024-08-28T10:51:40.565+0200] {processor.py:175} INFO - Processing /Users/roselina/opt/anaconda3/envs/python37/lib/python3.7/site-packages/airflow/example_dags/example_params_ui_tutorial.py took 0.112 seconds
[2024-08-28T10:52:20.278+0200] {processor.py:153} INFO - Started process (PID=76165) to work on /Users/roselina/opt/anaconda3/envs/python37/lib/python3.7/site-packages/airflow/example_dags/example_params_ui_tutorial.py
[2024-08-28T10:52:20.282+0200] {processor.py:743} INFO - Processing file /Users/roselina/opt/anaconda3/envs/python37/lib/python3.7/site-packages/airflow/example_dags/example_params_ui_tutorial.py for tasks to queue
[2024-08-28T10:52:20.283+0200] {logging_mixin.py:137} INFO - [2024-08-28T10:52:20.282+0200] {dagbag.py:532} INFO - Filling up the DagBag from /Users/roselina/opt/anaconda3/envs/python37/lib/python3.7/site-packages/airflow/example_dags/example_params_ui_tutorial.py
[2024-08-28T10:52:20.334+0200] {processor.py:753} INFO - DAG(s) dict_keys(['example_params_ui_tutorial']) retrieved from /Users/roselina/opt/anaconda3/envs/python37/lib/python3.7/site-packages/airflow/example_dags/example_params_ui_tutorial.py
[2024-08-28T10:52:20.371+0200] {logging_mixin.py:137} INFO - [2024-08-28T10:52:20.371+0200] {dag.py:2705} INFO - Sync 1 DAGs
[2024-08-28T10:52:20.383+0200] {logging_mixin.py:137} INFO - [2024-08-28T10:52:20.382+0200] {dag.py:3456} INFO - Setting next_dagrun for example_params_ui_tutorial to None, run_after=None
[2024-08-28T10:52:20.398+0200] {processor.py:175} INFO - Processing /Users/roselina/opt/anaconda3/envs/python37/lib/python3.7/site-packages/airflow/example_dags/example_params_ui_tutorial.py took 0.125 seconds
[2024-08-28T10:53:03.451+0200] {processor.py:153} INFO - Started process (PID=76211) to work on /Users/roselina/opt/anaconda3/envs/python37/lib/python3.7/site-packages/airflow/example_dags/example_params_ui_tutorial.py
[2024-08-28T10:53:03.453+0200] {processor.py:743} INFO - Processing file /Users/roselina/opt/anaconda3/envs/python37/lib/python3.7/site-packages/airflow/example_dags/example_params_ui_tutorial.py for tasks to queue
[2024-08-28T10:53:03.454+0200] {logging_mixin.py:137} INFO - [2024-08-28T10:53:03.454+0200] {dagbag.py:532} INFO - Filling up the DagBag from /Users/roselina/opt/anaconda3/envs/python37/lib/python3.7/site-packages/airflow/example_dags/example_params_ui_tutorial.py
[2024-08-28T10:53:03.501+0200] {processor.py:753} INFO - DAG(s) dict_keys(['example_params_ui_tutorial']) retrieved from /Users/roselina/opt/anaconda3/envs/python37/lib/python3.7/site-packages/airflow/example_dags/example_params_ui_tutorial.py
[2024-08-28T10:53:03.533+0200] {logging_mixin.py:137} INFO - [2024-08-28T10:53:03.532+0200] {dag.py:2705} INFO - Sync 1 DAGs
[2024-08-28T10:53:03.544+0200] {logging_mixin.py:137} INFO - [2024-08-28T10:53:03.543+0200] {dag.py:3456} INFO - Setting next_dagrun for example_params_ui_tutorial to None, run_after=None
[2024-08-28T10:53:03.553+0200] {processor.py:175} INFO - Processing /Users/roselina/opt/anaconda3/envs/python37/lib/python3.7/site-packages/airflow/example_dags/example_params_ui_tutorial.py took 0.106 seconds
