[2024-08-28T10:11:41.709+0200] {processor.py:153} INFO - Started process (PID=74958) to work on /Users/roselina/opt/anaconda3/envs/python37/lib/python3.7/site-packages/airflow/example_dags/example_branch_labels.py
[2024-08-28T10:11:41.711+0200] {processor.py:743} INFO - Processing file /Users/roselina/opt/anaconda3/envs/python37/lib/python3.7/site-packages/airflow/example_dags/example_branch_labels.py for tasks to queue
[2024-08-28T10:11:41.712+0200] {logging_mixin.py:137} INFO - [2024-08-28T10:11:41.712+0200] {dagbag.py:532} INFO - Filling up the DagBag from /Users/roselina/opt/anaconda3/envs/python37/lib/python3.7/site-packages/airflow/example_dags/example_branch_labels.py
[2024-08-28T10:11:41.729+0200] {processor.py:753} INFO - DAG(s) dict_keys(['example_branch_labels']) retrieved from /Users/roselina/opt/anaconda3/envs/python37/lib/python3.7/site-packages/airflow/example_dags/example_branch_labels.py
[2024-08-28T10:11:41.791+0200] {logging_mixin.py:137} INFO - [2024-08-28T10:11:41.791+0200] {manager.py:504} INFO - Created Permission View: can read on DAG:example_branch_labels
[2024-08-28T10:11:41.797+0200] {logging_mixin.py:137} INFO - [2024-08-28T10:11:41.796+0200] {manager.py:504} INFO - Created Permission View: can delete on DAG:example_branch_labels
[2024-08-28T10:11:41.801+0200] {logging_mixin.py:137} INFO - [2024-08-28T10:11:41.801+0200] {manager.py:504} INFO - Created Permission View: can edit on DAG:example_branch_labels
[2024-08-28T10:11:41.802+0200] {logging_mixin.py:137} INFO - [2024-08-28T10:11:41.801+0200] {dag.py:2705} INFO - Sync 1 DAGs
[2024-08-28T10:11:41.809+0200] {logging_mixin.py:137} INFO - [2024-08-28T10:11:41.808+0200] {dag.py:2726} INFO - Creating ORM DAG for example_branch_labels
[2024-08-28T10:11:41.815+0200] {logging_mixin.py:137} INFO - [2024-08-28T10:11:41.815+0200] {dag.py:3456} INFO - Setting next_dagrun for example_branch_labels to 2024-08-27T00:00:00+00:00, run_after=2024-08-28T00:00:00+00:00
[2024-08-28T10:11:41.824+0200] {processor.py:175} INFO - Processing /Users/roselina/opt/anaconda3/envs/python37/lib/python3.7/site-packages/airflow/example_dags/example_branch_labels.py took 0.118 seconds
[2024-08-28T10:12:23.191+0200] {processor.py:153} INFO - Started process (PID=75021) to work on /Users/roselina/opt/anaconda3/envs/python37/lib/python3.7/site-packages/airflow/example_dags/example_branch_labels.py
[2024-08-28T10:12:23.192+0200] {processor.py:743} INFO - Processing file /Users/roselina/opt/anaconda3/envs/python37/lib/python3.7/site-packages/airflow/example_dags/example_branch_labels.py for tasks to queue
[2024-08-28T10:12:23.193+0200] {logging_mixin.py:137} INFO - [2024-08-28T10:12:23.193+0200] {dagbag.py:532} INFO - Filling up the DagBag from /Users/roselina/opt/anaconda3/envs/python37/lib/python3.7/site-packages/airflow/example_dags/example_branch_labels.py
[2024-08-28T10:12:23.207+0200] {processor.py:753} INFO - DAG(s) dict_keys(['example_branch_labels']) retrieved from /Users/roselina/opt/anaconda3/envs/python37/lib/python3.7/site-packages/airflow/example_dags/example_branch_labels.py
[2024-08-28T10:12:23.230+0200] {logging_mixin.py:137} INFO - [2024-08-28T10:12:23.229+0200] {dag.py:2705} INFO - Sync 1 DAGs
[2024-08-28T10:12:23.243+0200] {logging_mixin.py:137} INFO - [2024-08-28T10:12:23.243+0200] {dag.py:3456} INFO - Setting next_dagrun for example_branch_labels to 2024-08-27T00:00:00+00:00, run_after=2024-08-28T00:00:00+00:00
[2024-08-28T10:12:23.253+0200] {processor.py:175} INFO - Processing /Users/roselina/opt/anaconda3/envs/python37/lib/python3.7/site-packages/airflow/example_dags/example_branch_labels.py took 0.064 seconds
[2024-08-28T10:13:05.568+0200] {processor.py:153} INFO - Started process (PID=75095) to work on /Users/roselina/opt/anaconda3/envs/python37/lib/python3.7/site-packages/airflow/example_dags/example_branch_labels.py
[2024-08-28T10:13:05.570+0200] {processor.py:743} INFO - Processing file /Users/roselina/opt/anaconda3/envs/python37/lib/python3.7/site-packages/airflow/example_dags/example_branch_labels.py for tasks to queue
[2024-08-28T10:13:05.571+0200] {logging_mixin.py:137} INFO - [2024-08-28T10:13:05.571+0200] {dagbag.py:532} INFO - Filling up the DagBag from /Users/roselina/opt/anaconda3/envs/python37/lib/python3.7/site-packages/airflow/example_dags/example_branch_labels.py
[2024-08-28T10:13:05.591+0200] {processor.py:753} INFO - DAG(s) dict_keys(['example_branch_labels']) retrieved from /Users/roselina/opt/anaconda3/envs/python37/lib/python3.7/site-packages/airflow/example_dags/example_branch_labels.py
[2024-08-28T10:13:05.606+0200] {logging_mixin.py:137} INFO - [2024-08-28T10:13:05.606+0200] {dag.py:2705} INFO - Sync 1 DAGs
[2024-08-28T10:13:05.619+0200] {logging_mixin.py:137} INFO - [2024-08-28T10:13:05.619+0200] {dag.py:3456} INFO - Setting next_dagrun for example_branch_labels to 2024-08-27T00:00:00+00:00, run_after=2024-08-28T00:00:00+00:00
[2024-08-28T10:13:05.629+0200] {processor.py:175} INFO - Processing /Users/roselina/opt/anaconda3/envs/python37/lib/python3.7/site-packages/airflow/example_dags/example_branch_labels.py took 0.065 seconds
[2024-08-28T10:13:46.817+0200] {processor.py:153} INFO - Started process (PID=75146) to work on /Users/roselina/opt/anaconda3/envs/python37/lib/python3.7/site-packages/airflow/example_dags/example_branch_labels.py
[2024-08-28T10:13:46.819+0200] {processor.py:743} INFO - Processing file /Users/roselina/opt/anaconda3/envs/python37/lib/python3.7/site-packages/airflow/example_dags/example_branch_labels.py for tasks to queue
[2024-08-28T10:13:46.820+0200] {logging_mixin.py:137} INFO - [2024-08-28T10:13:46.820+0200] {dagbag.py:532} INFO - Filling up the DagBag from /Users/roselina/opt/anaconda3/envs/python37/lib/python3.7/site-packages/airflow/example_dags/example_branch_labels.py
[2024-08-28T10:13:46.841+0200] {processor.py:753} INFO - DAG(s) dict_keys(['example_branch_labels']) retrieved from /Users/roselina/opt/anaconda3/envs/python37/lib/python3.7/site-packages/airflow/example_dags/example_branch_labels.py
[2024-08-28T10:13:46.877+0200] {logging_mixin.py:137} INFO - [2024-08-28T10:13:46.875+0200] {dag.py:2705} INFO - Sync 1 DAGs
[2024-08-28T10:13:46.905+0200] {logging_mixin.py:137} INFO - [2024-08-28T10:13:46.905+0200] {dag.py:3456} INFO - Setting next_dagrun for example_branch_labels to 2024-08-27T00:00:00+00:00, run_after=2024-08-28T00:00:00+00:00
[2024-08-28T10:13:46.917+0200] {processor.py:175} INFO - Processing /Users/roselina/opt/anaconda3/envs/python37/lib/python3.7/site-packages/airflow/example_dags/example_branch_labels.py took 0.104 seconds
[2024-08-28T10:14:30.733+0200] {processor.py:153} INFO - Started process (PID=75220) to work on /Users/roselina/opt/anaconda3/envs/python37/lib/python3.7/site-packages/airflow/example_dags/example_branch_labels.py
[2024-08-28T10:14:30.735+0200] {processor.py:743} INFO - Processing file /Users/roselina/opt/anaconda3/envs/python37/lib/python3.7/site-packages/airflow/example_dags/example_branch_labels.py for tasks to queue
[2024-08-28T10:14:30.737+0200] {logging_mixin.py:137} INFO - [2024-08-28T10:14:30.736+0200] {dagbag.py:532} INFO - Filling up the DagBag from /Users/roselina/opt/anaconda3/envs/python37/lib/python3.7/site-packages/airflow/example_dags/example_branch_labels.py
[2024-08-28T10:14:30.757+0200] {processor.py:753} INFO - DAG(s) dict_keys(['example_branch_labels']) retrieved from /Users/roselina/opt/anaconda3/envs/python37/lib/python3.7/site-packages/airflow/example_dags/example_branch_labels.py
[2024-08-28T10:14:30.779+0200] {logging_mixin.py:137} INFO - [2024-08-28T10:14:30.778+0200] {dag.py:2705} INFO - Sync 1 DAGs
[2024-08-28T10:14:30.796+0200] {logging_mixin.py:137} INFO - [2024-08-28T10:14:30.796+0200] {dag.py:3456} INFO - Setting next_dagrun for example_branch_labels to 2024-08-27T00:00:00+00:00, run_after=2024-08-28T00:00:00+00:00
[2024-08-28T10:14:30.806+0200] {processor.py:175} INFO - Processing /Users/roselina/opt/anaconda3/envs/python37/lib/python3.7/site-packages/airflow/example_dags/example_branch_labels.py took 0.080 seconds
[2024-08-28T10:15:12.078+0200] {processor.py:153} INFO - Started process (PID=75265) to work on /Users/roselina/opt/anaconda3/envs/python37/lib/python3.7/site-packages/airflow/example_dags/example_branch_labels.py
[2024-08-28T10:15:12.081+0200] {processor.py:743} INFO - Processing file /Users/roselina/opt/anaconda3/envs/python37/lib/python3.7/site-packages/airflow/example_dags/example_branch_labels.py for tasks to queue
[2024-08-28T10:15:12.082+0200] {logging_mixin.py:137} INFO - [2024-08-28T10:15:12.081+0200] {dagbag.py:532} INFO - Filling up the DagBag from /Users/roselina/opt/anaconda3/envs/python37/lib/python3.7/site-packages/airflow/example_dags/example_branch_labels.py
[2024-08-28T10:15:12.100+0200] {processor.py:753} INFO - DAG(s) dict_keys(['example_branch_labels']) retrieved from /Users/roselina/opt/anaconda3/envs/python37/lib/python3.7/site-packages/airflow/example_dags/example_branch_labels.py
[2024-08-28T10:15:12.117+0200] {logging_mixin.py:137} INFO - [2024-08-28T10:15:12.116+0200] {dag.py:2705} INFO - Sync 1 DAGs
[2024-08-28T10:15:12.131+0200] {logging_mixin.py:137} INFO - [2024-08-28T10:15:12.130+0200] {dag.py:3456} INFO - Setting next_dagrun for example_branch_labels to 2024-08-27T00:00:00+00:00, run_after=2024-08-28T00:00:00+00:00
[2024-08-28T10:15:12.141+0200] {processor.py:175} INFO - Processing /Users/roselina/opt/anaconda3/envs/python37/lib/python3.7/site-packages/airflow/example_dags/example_branch_labels.py took 0.067 seconds
[2024-08-28T10:15:53.204+0200] {processor.py:153} INFO - Started process (PID=75310) to work on /Users/roselina/opt/anaconda3/envs/python37/lib/python3.7/site-packages/airflow/example_dags/example_branch_labels.py
[2024-08-28T10:15:53.206+0200] {processor.py:743} INFO - Processing file /Users/roselina/opt/anaconda3/envs/python37/lib/python3.7/site-packages/airflow/example_dags/example_branch_labels.py for tasks to queue
[2024-08-28T10:15:53.208+0200] {logging_mixin.py:137} INFO - [2024-08-28T10:15:53.207+0200] {dagbag.py:532} INFO - Filling up the DagBag from /Users/roselina/opt/anaconda3/envs/python37/lib/python3.7/site-packages/airflow/example_dags/example_branch_labels.py
[2024-08-28T10:15:53.226+0200] {processor.py:753} INFO - DAG(s) dict_keys(['example_branch_labels']) retrieved from /Users/roselina/opt/anaconda3/envs/python37/lib/python3.7/site-packages/airflow/example_dags/example_branch_labels.py
[2024-08-28T10:15:53.242+0200] {logging_mixin.py:137} INFO - [2024-08-28T10:15:53.242+0200] {dag.py:2705} INFO - Sync 1 DAGs
[2024-08-28T10:15:53.255+0200] {logging_mixin.py:137} INFO - [2024-08-28T10:15:53.254+0200] {dag.py:3456} INFO - Setting next_dagrun for example_branch_labels to 2024-08-27T00:00:00+00:00, run_after=2024-08-28T00:00:00+00:00
[2024-08-28T10:15:53.264+0200] {processor.py:175} INFO - Processing /Users/roselina/opt/anaconda3/envs/python37/lib/python3.7/site-packages/airflow/example_dags/example_branch_labels.py took 0.064 seconds
[2024-08-28T10:16:32.221+0200] {processor.py:153} INFO - Started process (PID=75354) to work on /Users/roselina/opt/anaconda3/envs/python37/lib/python3.7/site-packages/airflow/example_dags/example_branch_labels.py
[2024-08-28T10:16:32.223+0200] {processor.py:743} INFO - Processing file /Users/roselina/opt/anaconda3/envs/python37/lib/python3.7/site-packages/airflow/example_dags/example_branch_labels.py for tasks to queue
[2024-08-28T10:16:32.225+0200] {logging_mixin.py:137} INFO - [2024-08-28T10:16:32.224+0200] {dagbag.py:532} INFO - Filling up the DagBag from /Users/roselina/opt/anaconda3/envs/python37/lib/python3.7/site-packages/airflow/example_dags/example_branch_labels.py
[2024-08-28T10:16:32.242+0200] {processor.py:753} INFO - DAG(s) dict_keys(['example_branch_labels']) retrieved from /Users/roselina/opt/anaconda3/envs/python37/lib/python3.7/site-packages/airflow/example_dags/example_branch_labels.py
[2024-08-28T10:16:32.258+0200] {logging_mixin.py:137} INFO - [2024-08-28T10:16:32.258+0200] {dag.py:2705} INFO - Sync 1 DAGs
[2024-08-28T10:16:32.271+0200] {logging_mixin.py:137} INFO - [2024-08-28T10:16:32.271+0200] {dag.py:3456} INFO - Setting next_dagrun for example_branch_labels to 2024-08-27T00:00:00+00:00, run_after=2024-08-28T00:00:00+00:00
[2024-08-28T10:16:32.281+0200] {processor.py:175} INFO - Processing /Users/roselina/opt/anaconda3/envs/python37/lib/python3.7/site-packages/airflow/example_dags/example_branch_labels.py took 0.065 seconds
[2024-08-28T10:17:14.710+0200] {processor.py:153} INFO - Started process (PID=75400) to work on /Users/roselina/opt/anaconda3/envs/python37/lib/python3.7/site-packages/airflow/example_dags/example_branch_labels.py
[2024-08-28T10:17:14.712+0200] {processor.py:743} INFO - Processing file /Users/roselina/opt/anaconda3/envs/python37/lib/python3.7/site-packages/airflow/example_dags/example_branch_labels.py for tasks to queue
[2024-08-28T10:17:14.713+0200] {logging_mixin.py:137} INFO - [2024-08-28T10:17:14.713+0200] {dagbag.py:532} INFO - Filling up the DagBag from /Users/roselina/opt/anaconda3/envs/python37/lib/python3.7/site-packages/airflow/example_dags/example_branch_labels.py
[2024-08-28T10:17:14.733+0200] {processor.py:753} INFO - DAG(s) dict_keys(['example_branch_labels']) retrieved from /Users/roselina/opt/anaconda3/envs/python37/lib/python3.7/site-packages/airflow/example_dags/example_branch_labels.py
[2024-08-28T10:17:14.750+0200] {logging_mixin.py:137} INFO - [2024-08-28T10:17:14.750+0200] {dag.py:2705} INFO - Sync 1 DAGs
[2024-08-28T10:17:14.763+0200] {logging_mixin.py:137} INFO - [2024-08-28T10:17:14.762+0200] {dag.py:3456} INFO - Setting next_dagrun for example_branch_labels to 2024-08-27T00:00:00+00:00, run_after=2024-08-28T00:00:00+00:00
[2024-08-28T10:17:14.772+0200] {processor.py:175} INFO - Processing /Users/roselina/opt/anaconda3/envs/python37/lib/python3.7/site-packages/airflow/example_dags/example_branch_labels.py took 0.067 seconds
[2024-08-28T10:17:55.354+0200] {processor.py:153} INFO - Started process (PID=75462) to work on /Users/roselina/opt/anaconda3/envs/python37/lib/python3.7/site-packages/airflow/example_dags/example_branch_labels.py
[2024-08-28T10:17:55.357+0200] {processor.py:743} INFO - Processing file /Users/roselina/opt/anaconda3/envs/python37/lib/python3.7/site-packages/airflow/example_dags/example_branch_labels.py for tasks to queue
[2024-08-28T10:17:55.358+0200] {logging_mixin.py:137} INFO - [2024-08-28T10:17:55.358+0200] {dagbag.py:532} INFO - Filling up the DagBag from /Users/roselina/opt/anaconda3/envs/python37/lib/python3.7/site-packages/airflow/example_dags/example_branch_labels.py
[2024-08-28T10:17:55.382+0200] {processor.py:753} INFO - DAG(s) dict_keys(['example_branch_labels']) retrieved from /Users/roselina/opt/anaconda3/envs/python37/lib/python3.7/site-packages/airflow/example_dags/example_branch_labels.py
[2024-08-28T10:17:55.399+0200] {logging_mixin.py:137} INFO - [2024-08-28T10:17:55.399+0200] {dag.py:2705} INFO - Sync 1 DAGs
[2024-08-28T10:17:55.412+0200] {logging_mixin.py:137} INFO - [2024-08-28T10:17:55.412+0200] {dag.py:3456} INFO - Setting next_dagrun for example_branch_labels to 2024-08-27T00:00:00+00:00, run_after=2024-08-28T00:00:00+00:00
[2024-08-28T10:17:55.424+0200] {processor.py:175} INFO - Processing /Users/roselina/opt/anaconda3/envs/python37/lib/python3.7/site-packages/airflow/example_dags/example_branch_labels.py took 0.075 seconds
[2024-08-28T10:44:18.272+0200] {processor.py:153} INFO - Started process (PID=75553) to work on /Users/roselina/opt/anaconda3/envs/python37/lib/python3.7/site-packages/airflow/example_dags/example_branch_labels.py
[2024-08-28T10:44:18.274+0200] {processor.py:743} INFO - Processing file /Users/roselina/opt/anaconda3/envs/python37/lib/python3.7/site-packages/airflow/example_dags/example_branch_labels.py for tasks to queue
[2024-08-28T10:44:18.275+0200] {logging_mixin.py:137} INFO - [2024-08-28T10:44:18.275+0200] {dagbag.py:532} INFO - Filling up the DagBag from /Users/roselina/opt/anaconda3/envs/python37/lib/python3.7/site-packages/airflow/example_dags/example_branch_labels.py
[2024-08-28T10:44:18.291+0200] {processor.py:753} INFO - DAG(s) dict_keys(['example_branch_labels']) retrieved from /Users/roselina/opt/anaconda3/envs/python37/lib/python3.7/site-packages/airflow/example_dags/example_branch_labels.py
[2024-08-28T10:44:18.308+0200] {logging_mixin.py:137} INFO - [2024-08-28T10:44:18.307+0200] {dag.py:2705} INFO - Sync 1 DAGs
[2024-08-28T10:44:18.322+0200] {logging_mixin.py:137} INFO - [2024-08-28T10:44:18.321+0200] {dag.py:3456} INFO - Setting next_dagrun for example_branch_labels to 2024-08-27T00:00:00+00:00, run_after=2024-08-28T00:00:00+00:00
[2024-08-28T10:44:18.332+0200] {processor.py:175} INFO - Processing /Users/roselina/opt/anaconda3/envs/python37/lib/python3.7/site-packages/airflow/example_dags/example_branch_labels.py took 0.063 seconds
[2024-08-28T10:45:00.606+0200] {processor.py:153} INFO - Started process (PID=75615) to work on /Users/roselina/opt/anaconda3/envs/python37/lib/python3.7/site-packages/airflow/example_dags/example_branch_labels.py
[2024-08-28T10:45:00.608+0200] {processor.py:743} INFO - Processing file /Users/roselina/opt/anaconda3/envs/python37/lib/python3.7/site-packages/airflow/example_dags/example_branch_labels.py for tasks to queue
[2024-08-28T10:45:00.610+0200] {logging_mixin.py:137} INFO - [2024-08-28T10:45:00.609+0200] {dagbag.py:532} INFO - Filling up the DagBag from /Users/roselina/opt/anaconda3/envs/python37/lib/python3.7/site-packages/airflow/example_dags/example_branch_labels.py
[2024-08-28T10:45:00.635+0200] {processor.py:753} INFO - DAG(s) dict_keys(['example_branch_labels']) retrieved from /Users/roselina/opt/anaconda3/envs/python37/lib/python3.7/site-packages/airflow/example_dags/example_branch_labels.py
[2024-08-28T10:45:00.654+0200] {logging_mixin.py:137} INFO - [2024-08-28T10:45:00.654+0200] {dag.py:2705} INFO - Sync 1 DAGs
[2024-08-28T10:45:00.668+0200] {logging_mixin.py:137} INFO - [2024-08-28T10:45:00.668+0200] {dag.py:3456} INFO - Setting next_dagrun for example_branch_labels to 2024-08-27T00:00:00+00:00, run_after=2024-08-28T00:00:00+00:00
[2024-08-28T10:45:00.678+0200] {processor.py:175} INFO - Processing /Users/roselina/opt/anaconda3/envs/python37/lib/python3.7/site-packages/airflow/example_dags/example_branch_labels.py took 0.076 seconds
[2024-08-28T10:45:41.884+0200] {processor.py:153} INFO - Started process (PID=75661) to work on /Users/roselina/opt/anaconda3/envs/python37/lib/python3.7/site-packages/airflow/example_dags/example_branch_labels.py
[2024-08-28T10:45:41.886+0200] {processor.py:743} INFO - Processing file /Users/roselina/opt/anaconda3/envs/python37/lib/python3.7/site-packages/airflow/example_dags/example_branch_labels.py for tasks to queue
[2024-08-28T10:45:41.887+0200] {logging_mixin.py:137} INFO - [2024-08-28T10:45:41.886+0200] {dagbag.py:532} INFO - Filling up the DagBag from /Users/roselina/opt/anaconda3/envs/python37/lib/python3.7/site-packages/airflow/example_dags/example_branch_labels.py
[2024-08-28T10:45:41.907+0200] {processor.py:753} INFO - DAG(s) dict_keys(['example_branch_labels']) retrieved from /Users/roselina/opt/anaconda3/envs/python37/lib/python3.7/site-packages/airflow/example_dags/example_branch_labels.py
[2024-08-28T10:45:41.927+0200] {logging_mixin.py:137} INFO - [2024-08-28T10:45:41.926+0200] {dag.py:2705} INFO - Sync 1 DAGs
[2024-08-28T10:45:41.940+0200] {logging_mixin.py:137} INFO - [2024-08-28T10:45:41.939+0200] {dag.py:3456} INFO - Setting next_dagrun for example_branch_labels to 2024-08-27T00:00:00+00:00, run_after=2024-08-28T00:00:00+00:00
[2024-08-28T10:45:41.949+0200] {processor.py:175} INFO - Processing /Users/roselina/opt/anaconda3/envs/python37/lib/python3.7/site-packages/airflow/example_dags/example_branch_labels.py took 0.070 seconds
[2024-08-28T10:46:22.908+0200] {processor.py:153} INFO - Started process (PID=75707) to work on /Users/roselina/opt/anaconda3/envs/python37/lib/python3.7/site-packages/airflow/example_dags/example_branch_labels.py
[2024-08-28T10:46:22.910+0200] {processor.py:743} INFO - Processing file /Users/roselina/opt/anaconda3/envs/python37/lib/python3.7/site-packages/airflow/example_dags/example_branch_labels.py for tasks to queue
[2024-08-28T10:46:22.911+0200] {logging_mixin.py:137} INFO - [2024-08-28T10:46:22.911+0200] {dagbag.py:532} INFO - Filling up the DagBag from /Users/roselina/opt/anaconda3/envs/python37/lib/python3.7/site-packages/airflow/example_dags/example_branch_labels.py
[2024-08-28T10:46:22.932+0200] {processor.py:753} INFO - DAG(s) dict_keys(['example_branch_labels']) retrieved from /Users/roselina/opt/anaconda3/envs/python37/lib/python3.7/site-packages/airflow/example_dags/example_branch_labels.py
[2024-08-28T10:46:22.947+0200] {logging_mixin.py:137} INFO - [2024-08-28T10:46:22.947+0200] {dag.py:2705} INFO - Sync 1 DAGs
[2024-08-28T10:46:22.960+0200] {logging_mixin.py:137} INFO - [2024-08-28T10:46:22.960+0200] {dag.py:3456} INFO - Setting next_dagrun for example_branch_labels to 2024-08-27T00:00:00+00:00, run_after=2024-08-28T00:00:00+00:00
[2024-08-28T10:46:22.970+0200] {processor.py:175} INFO - Processing /Users/roselina/opt/anaconda3/envs/python37/lib/python3.7/site-packages/airflow/example_dags/example_branch_labels.py took 0.066 seconds
[2024-08-28T10:47:04.137+0200] {processor.py:153} INFO - Started process (PID=75760) to work on /Users/roselina/opt/anaconda3/envs/python37/lib/python3.7/site-packages/airflow/example_dags/example_branch_labels.py
[2024-08-28T10:47:04.142+0200] {processor.py:743} INFO - Processing file /Users/roselina/opt/anaconda3/envs/python37/lib/python3.7/site-packages/airflow/example_dags/example_branch_labels.py for tasks to queue
[2024-08-28T10:47:04.143+0200] {logging_mixin.py:137} INFO - [2024-08-28T10:47:04.142+0200] {dagbag.py:532} INFO - Filling up the DagBag from /Users/roselina/opt/anaconda3/envs/python37/lib/python3.7/site-packages/airflow/example_dags/example_branch_labels.py
[2024-08-28T10:47:04.164+0200] {processor.py:753} INFO - DAG(s) dict_keys(['example_branch_labels']) retrieved from /Users/roselina/opt/anaconda3/envs/python37/lib/python3.7/site-packages/airflow/example_dags/example_branch_labels.py
[2024-08-28T10:47:04.181+0200] {logging_mixin.py:137} INFO - [2024-08-28T10:47:04.180+0200] {dag.py:2705} INFO - Sync 1 DAGs
[2024-08-28T10:47:04.193+0200] {logging_mixin.py:137} INFO - [2024-08-28T10:47:04.193+0200] {dag.py:3456} INFO - Setting next_dagrun for example_branch_labels to 2024-08-27T00:00:00+00:00, run_after=2024-08-28T00:00:00+00:00
[2024-08-28T10:47:04.202+0200] {processor.py:175} INFO - Processing /Users/roselina/opt/anaconda3/envs/python37/lib/python3.7/site-packages/airflow/example_dags/example_branch_labels.py took 0.071 seconds
[2024-08-28T10:47:46.047+0200] {processor.py:153} INFO - Started process (PID=75808) to work on /Users/roselina/opt/anaconda3/envs/python37/lib/python3.7/site-packages/airflow/example_dags/example_branch_labels.py
[2024-08-28T10:47:46.050+0200] {processor.py:743} INFO - Processing file /Users/roselina/opt/anaconda3/envs/python37/lib/python3.7/site-packages/airflow/example_dags/example_branch_labels.py for tasks to queue
[2024-08-28T10:47:46.051+0200] {logging_mixin.py:137} INFO - [2024-08-28T10:47:46.051+0200] {dagbag.py:532} INFO - Filling up the DagBag from /Users/roselina/opt/anaconda3/envs/python37/lib/python3.7/site-packages/airflow/example_dags/example_branch_labels.py
[2024-08-28T10:47:46.071+0200] {processor.py:753} INFO - DAG(s) dict_keys(['example_branch_labels']) retrieved from /Users/roselina/opt/anaconda3/envs/python37/lib/python3.7/site-packages/airflow/example_dags/example_branch_labels.py
[2024-08-28T10:47:46.087+0200] {logging_mixin.py:137} INFO - [2024-08-28T10:47:46.087+0200] {dag.py:2705} INFO - Sync 1 DAGs
[2024-08-28T10:47:46.101+0200] {logging_mixin.py:137} INFO - [2024-08-28T10:47:46.101+0200] {dag.py:3456} INFO - Setting next_dagrun for example_branch_labels to 2024-08-27T00:00:00+00:00, run_after=2024-08-28T00:00:00+00:00
[2024-08-28T10:47:46.111+0200] {processor.py:175} INFO - Processing /Users/roselina/opt/anaconda3/envs/python37/lib/python3.7/site-packages/airflow/example_dags/example_branch_labels.py took 0.069 seconds
[2024-08-28T10:48:26.964+0200] {processor.py:153} INFO - Started process (PID=75876) to work on /Users/roselina/opt/anaconda3/envs/python37/lib/python3.7/site-packages/airflow/example_dags/example_branch_labels.py
[2024-08-28T10:48:26.966+0200] {processor.py:743} INFO - Processing file /Users/roselina/opt/anaconda3/envs/python37/lib/python3.7/site-packages/airflow/example_dags/example_branch_labels.py for tasks to queue
[2024-08-28T10:48:26.967+0200] {logging_mixin.py:137} INFO - [2024-08-28T10:48:26.966+0200] {dagbag.py:532} INFO - Filling up the DagBag from /Users/roselina/opt/anaconda3/envs/python37/lib/python3.7/site-packages/airflow/example_dags/example_branch_labels.py
[2024-08-28T10:48:26.983+0200] {processor.py:753} INFO - DAG(s) dict_keys(['example_branch_labels']) retrieved from /Users/roselina/opt/anaconda3/envs/python37/lib/python3.7/site-packages/airflow/example_dags/example_branch_labels.py
[2024-08-28T10:48:27.000+0200] {logging_mixin.py:137} INFO - [2024-08-28T10:48:27.000+0200] {dag.py:2705} INFO - Sync 1 DAGs
[2024-08-28T10:48:27.015+0200] {logging_mixin.py:137} INFO - [2024-08-28T10:48:27.015+0200] {dag.py:3456} INFO - Setting next_dagrun for example_branch_labels to 2024-08-27T00:00:00+00:00, run_after=2024-08-28T00:00:00+00:00
[2024-08-28T10:48:27.026+0200] {processor.py:175} INFO - Processing /Users/roselina/opt/anaconda3/envs/python37/lib/python3.7/site-packages/airflow/example_dags/example_branch_labels.py took 0.064 seconds
[2024-08-28T10:49:08.373+0200] {processor.py:153} INFO - Started process (PID=75929) to work on /Users/roselina/opt/anaconda3/envs/python37/lib/python3.7/site-packages/airflow/example_dags/example_branch_labels.py
[2024-08-28T10:49:08.375+0200] {processor.py:743} INFO - Processing file /Users/roselina/opt/anaconda3/envs/python37/lib/python3.7/site-packages/airflow/example_dags/example_branch_labels.py for tasks to queue
[2024-08-28T10:49:08.376+0200] {logging_mixin.py:137} INFO - [2024-08-28T10:49:08.376+0200] {dagbag.py:532} INFO - Filling up the DagBag from /Users/roselina/opt/anaconda3/envs/python37/lib/python3.7/site-packages/airflow/example_dags/example_branch_labels.py
[2024-08-28T10:49:08.394+0200] {processor.py:753} INFO - DAG(s) dict_keys(['example_branch_labels']) retrieved from /Users/roselina/opt/anaconda3/envs/python37/lib/python3.7/site-packages/airflow/example_dags/example_branch_labels.py
[2024-08-28T10:49:08.410+0200] {logging_mixin.py:137} INFO - [2024-08-28T10:49:08.409+0200] {dag.py:2705} INFO - Sync 1 DAGs
[2024-08-28T10:49:08.422+0200] {logging_mixin.py:137} INFO - [2024-08-28T10:49:08.422+0200] {dag.py:3456} INFO - Setting next_dagrun for example_branch_labels to 2024-08-27T00:00:00+00:00, run_after=2024-08-28T00:00:00+00:00
[2024-08-28T10:49:08.432+0200] {processor.py:175} INFO - Processing /Users/roselina/opt/anaconda3/envs/python37/lib/python3.7/site-packages/airflow/example_dags/example_branch_labels.py took 0.063 seconds
[2024-08-28T10:49:49.893+0200] {processor.py:153} INFO - Started process (PID=75975) to work on /Users/roselina/opt/anaconda3/envs/python37/lib/python3.7/site-packages/airflow/example_dags/example_branch_labels.py
[2024-08-28T10:49:49.895+0200] {processor.py:743} INFO - Processing file /Users/roselina/opt/anaconda3/envs/python37/lib/python3.7/site-packages/airflow/example_dags/example_branch_labels.py for tasks to queue
[2024-08-28T10:49:49.896+0200] {logging_mixin.py:137} INFO - [2024-08-28T10:49:49.895+0200] {dagbag.py:532} INFO - Filling up the DagBag from /Users/roselina/opt/anaconda3/envs/python37/lib/python3.7/site-packages/airflow/example_dags/example_branch_labels.py
[2024-08-28T10:49:49.915+0200] {processor.py:753} INFO - DAG(s) dict_keys(['example_branch_labels']) retrieved from /Users/roselina/opt/anaconda3/envs/python37/lib/python3.7/site-packages/airflow/example_dags/example_branch_labels.py
[2024-08-28T10:49:49.930+0200] {logging_mixin.py:137} INFO - [2024-08-28T10:49:49.930+0200] {dag.py:2705} INFO - Sync 1 DAGs
[2024-08-28T10:49:49.943+0200] {logging_mixin.py:137} INFO - [2024-08-28T10:49:49.943+0200] {dag.py:3456} INFO - Setting next_dagrun for example_branch_labels to 2024-08-27T00:00:00+00:00, run_after=2024-08-28T00:00:00+00:00
[2024-08-28T10:49:49.953+0200] {processor.py:175} INFO - Processing /Users/roselina/opt/anaconda3/envs/python37/lib/python3.7/site-packages/airflow/example_dags/example_branch_labels.py took 0.064 seconds
[2024-08-28T10:50:31.014+0200] {processor.py:153} INFO - Started process (PID=76019) to work on /Users/roselina/opt/anaconda3/envs/python37/lib/python3.7/site-packages/airflow/example_dags/example_branch_labels.py
[2024-08-28T10:50:31.016+0200] {processor.py:743} INFO - Processing file /Users/roselina/opt/anaconda3/envs/python37/lib/python3.7/site-packages/airflow/example_dags/example_branch_labels.py for tasks to queue
[2024-08-28T10:50:31.017+0200] {logging_mixin.py:137} INFO - [2024-08-28T10:50:31.017+0200] {dagbag.py:532} INFO - Filling up the DagBag from /Users/roselina/opt/anaconda3/envs/python37/lib/python3.7/site-packages/airflow/example_dags/example_branch_labels.py
[2024-08-28T10:50:31.035+0200] {processor.py:753} INFO - DAG(s) dict_keys(['example_branch_labels']) retrieved from /Users/roselina/opt/anaconda3/envs/python37/lib/python3.7/site-packages/airflow/example_dags/example_branch_labels.py
[2024-08-28T10:50:31.051+0200] {logging_mixin.py:137} INFO - [2024-08-28T10:50:31.051+0200] {dag.py:2705} INFO - Sync 1 DAGs
[2024-08-28T10:50:31.065+0200] {logging_mixin.py:137} INFO - [2024-08-28T10:50:31.065+0200] {dag.py:3456} INFO - Setting next_dagrun for example_branch_labels to 2024-08-27T00:00:00+00:00, run_after=2024-08-28T00:00:00+00:00
[2024-08-28T10:50:31.075+0200] {processor.py:175} INFO - Processing /Users/roselina/opt/anaconda3/envs/python37/lib/python3.7/site-packages/airflow/example_dags/example_branch_labels.py took 0.066 seconds
[2024-08-28T10:51:12.186+0200] {processor.py:153} INFO - Started process (PID=76073) to work on /Users/roselina/opt/anaconda3/envs/python37/lib/python3.7/site-packages/airflow/example_dags/example_branch_labels.py
[2024-08-28T10:51:12.187+0200] {processor.py:743} INFO - Processing file /Users/roselina/opt/anaconda3/envs/python37/lib/python3.7/site-packages/airflow/example_dags/example_branch_labels.py for tasks to queue
[2024-08-28T10:51:12.188+0200] {logging_mixin.py:137} INFO - [2024-08-28T10:51:12.187+0200] {dagbag.py:532} INFO - Filling up the DagBag from /Users/roselina/opt/anaconda3/envs/python37/lib/python3.7/site-packages/airflow/example_dags/example_branch_labels.py
[2024-08-28T10:51:12.215+0200] {processor.py:753} INFO - DAG(s) dict_keys(['example_branch_labels']) retrieved from /Users/roselina/opt/anaconda3/envs/python37/lib/python3.7/site-packages/airflow/example_dags/example_branch_labels.py
[2024-08-28T10:51:12.236+0200] {logging_mixin.py:137} INFO - [2024-08-28T10:51:12.236+0200] {dag.py:2705} INFO - Sync 1 DAGs
[2024-08-28T10:51:12.255+0200] {logging_mixin.py:137} INFO - [2024-08-28T10:51:12.254+0200] {dag.py:3456} INFO - Setting next_dagrun for example_branch_labels to 2024-08-27T00:00:00+00:00, run_after=2024-08-28T00:00:00+00:00
[2024-08-28T10:51:12.266+0200] {processor.py:175} INFO - Processing /Users/roselina/opt/anaconda3/envs/python37/lib/python3.7/site-packages/airflow/example_dags/example_branch_labels.py took 0.083 seconds
[2024-08-28T10:51:53.541+0200] {processor.py:153} INFO - Started process (PID=76125) to work on /Users/roselina/opt/anaconda3/envs/python37/lib/python3.7/site-packages/airflow/example_dags/example_branch_labels.py
[2024-08-28T10:51:53.544+0200] {processor.py:743} INFO - Processing file /Users/roselina/opt/anaconda3/envs/python37/lib/python3.7/site-packages/airflow/example_dags/example_branch_labels.py for tasks to queue
[2024-08-28T10:51:53.545+0200] {logging_mixin.py:137} INFO - [2024-08-28T10:51:53.545+0200] {dagbag.py:532} INFO - Filling up the DagBag from /Users/roselina/opt/anaconda3/envs/python37/lib/python3.7/site-packages/airflow/example_dags/example_branch_labels.py
[2024-08-28T10:51:53.565+0200] {processor.py:753} INFO - DAG(s) dict_keys(['example_branch_labels']) retrieved from /Users/roselina/opt/anaconda3/envs/python37/lib/python3.7/site-packages/airflow/example_dags/example_branch_labels.py
[2024-08-28T10:51:53.583+0200] {logging_mixin.py:137} INFO - [2024-08-28T10:51:53.583+0200] {dag.py:2705} INFO - Sync 1 DAGs
[2024-08-28T10:51:53.596+0200] {logging_mixin.py:137} INFO - [2024-08-28T10:51:53.596+0200] {dag.py:3456} INFO - Setting next_dagrun for example_branch_labels to 2024-08-27T00:00:00+00:00, run_after=2024-08-28T00:00:00+00:00
[2024-08-28T10:51:53.605+0200] {processor.py:175} INFO - Processing /Users/roselina/opt/anaconda3/envs/python37/lib/python3.7/site-packages/airflow/example_dags/example_branch_labels.py took 0.069 seconds
[2024-08-28T10:52:34.418+0200] {processor.py:153} INFO - Started process (PID=76181) to work on /Users/roselina/opt/anaconda3/envs/python37/lib/python3.7/site-packages/airflow/example_dags/example_branch_labels.py
[2024-08-28T10:52:34.419+0200] {processor.py:743} INFO - Processing file /Users/roselina/opt/anaconda3/envs/python37/lib/python3.7/site-packages/airflow/example_dags/example_branch_labels.py for tasks to queue
[2024-08-28T10:52:34.421+0200] {logging_mixin.py:137} INFO - [2024-08-28T10:52:34.420+0200] {dagbag.py:532} INFO - Filling up the DagBag from /Users/roselina/opt/anaconda3/envs/python37/lib/python3.7/site-packages/airflow/example_dags/example_branch_labels.py
[2024-08-28T10:52:34.439+0200] {processor.py:753} INFO - DAG(s) dict_keys(['example_branch_labels']) retrieved from /Users/roselina/opt/anaconda3/envs/python37/lib/python3.7/site-packages/airflow/example_dags/example_branch_labels.py
[2024-08-28T10:52:34.455+0200] {logging_mixin.py:137} INFO - [2024-08-28T10:52:34.455+0200] {dag.py:2705} INFO - Sync 1 DAGs
[2024-08-28T10:52:34.468+0200] {logging_mixin.py:137} INFO - [2024-08-28T10:52:34.468+0200] {dag.py:3456} INFO - Setting next_dagrun for example_branch_labels to 2024-08-27T00:00:00+00:00, run_after=2024-08-28T00:00:00+00:00
[2024-08-28T10:52:34.478+0200] {processor.py:175} INFO - Processing /Users/roselina/opt/anaconda3/envs/python37/lib/python3.7/site-packages/airflow/example_dags/example_branch_labels.py took 0.064 seconds
[2024-08-28T10:53:17.296+0200] {processor.py:153} INFO - Started process (PID=76227) to work on /Users/roselina/opt/anaconda3/envs/python37/lib/python3.7/site-packages/airflow/example_dags/example_branch_labels.py
[2024-08-28T10:53:17.298+0200] {processor.py:743} INFO - Processing file /Users/roselina/opt/anaconda3/envs/python37/lib/python3.7/site-packages/airflow/example_dags/example_branch_labels.py for tasks to queue
[2024-08-28T10:53:17.300+0200] {logging_mixin.py:137} INFO - [2024-08-28T10:53:17.299+0200] {dagbag.py:532} INFO - Filling up the DagBag from /Users/roselina/opt/anaconda3/envs/python37/lib/python3.7/site-packages/airflow/example_dags/example_branch_labels.py
[2024-08-28T10:53:17.318+0200] {processor.py:753} INFO - DAG(s) dict_keys(['example_branch_labels']) retrieved from /Users/roselina/opt/anaconda3/envs/python37/lib/python3.7/site-packages/airflow/example_dags/example_branch_labels.py
[2024-08-28T10:53:17.335+0200] {logging_mixin.py:137} INFO - [2024-08-28T10:53:17.335+0200] {dag.py:2705} INFO - Sync 1 DAGs
[2024-08-28T10:53:17.348+0200] {logging_mixin.py:137} INFO - [2024-08-28T10:53:17.348+0200] {dag.py:3456} INFO - Setting next_dagrun for example_branch_labels to 2024-08-27T00:00:00+00:00, run_after=2024-08-28T00:00:00+00:00
[2024-08-28T10:53:17.357+0200] {processor.py:175} INFO - Processing /Users/roselina/opt/anaconda3/envs/python37/lib/python3.7/site-packages/airflow/example_dags/example_branch_labels.py took 0.067 seconds
