[2024-08-28T10:11:12.890+0200] {processor.py:153} INFO - Started process (PID=74926) to work on /Users/roselina/opt/anaconda3/envs/python37/lib/python3.7/site-packages/airflow/example_dags/example_trigger_controller_dag.py
[2024-08-28T10:11:12.892+0200] {processor.py:743} INFO - Processing file /Users/roselina/opt/anaconda3/envs/python37/lib/python3.7/site-packages/airflow/example_dags/example_trigger_controller_dag.py for tasks to queue
[2024-08-28T10:11:12.893+0200] {logging_mixin.py:137} INFO - [2024-08-28T10:11:12.893+0200] {dagbag.py:532} INFO - Filling up the DagBag from /Users/roselina/opt/anaconda3/envs/python37/lib/python3.7/site-packages/airflow/example_dags/example_trigger_controller_dag.py
[2024-08-28T10:11:12.908+0200] {processor.py:753} INFO - DAG(s) dict_keys(['example_trigger_controller_dag']) retrieved from /Users/roselina/opt/anaconda3/envs/python37/lib/python3.7/site-packages/airflow/example_dags/example_trigger_controller_dag.py
[2024-08-28T10:11:12.972+0200] {logging_mixin.py:137} INFO - [2024-08-28T10:11:12.972+0200] {manager.py:504} INFO - Created Permission View: can read on DAG:example_trigger_controller_dag
[2024-08-28T10:11:12.978+0200] {logging_mixin.py:137} INFO - [2024-08-28T10:11:12.977+0200] {manager.py:504} INFO - Created Permission View: can delete on DAG:example_trigger_controller_dag
[2024-08-28T10:11:12.981+0200] {logging_mixin.py:137} INFO - [2024-08-28T10:11:12.981+0200] {manager.py:504} INFO - Created Permission View: can edit on DAG:example_trigger_controller_dag
[2024-08-28T10:11:12.982+0200] {logging_mixin.py:137} INFO - [2024-08-28T10:11:12.981+0200] {dag.py:2705} INFO - Sync 1 DAGs
[2024-08-28T10:11:12.989+0200] {logging_mixin.py:137} INFO - [2024-08-28T10:11:12.988+0200] {dag.py:2726} INFO - Creating ORM DAG for example_trigger_controller_dag
[2024-08-28T10:11:12.994+0200] {logging_mixin.py:137} INFO - [2024-08-28T10:11:12.993+0200] {dag.py:3456} INFO - Setting next_dagrun for example_trigger_controller_dag to 2021-01-01T00:00:00+00:00, run_after=2021-01-01T00:00:00+00:00
[2024-08-28T10:11:13.002+0200] {processor.py:175} INFO - Processing /Users/roselina/opt/anaconda3/envs/python37/lib/python3.7/site-packages/airflow/example_dags/example_trigger_controller_dag.py took 0.116 seconds
[2024-08-28T10:11:57.318+0200] {processor.py:153} INFO - Started process (PID=74979) to work on /Users/roselina/opt/anaconda3/envs/python37/lib/python3.7/site-packages/airflow/example_dags/example_trigger_controller_dag.py
[2024-08-28T10:11:57.321+0200] {processor.py:743} INFO - Processing file /Users/roselina/opt/anaconda3/envs/python37/lib/python3.7/site-packages/airflow/example_dags/example_trigger_controller_dag.py for tasks to queue
[2024-08-28T10:11:57.326+0200] {logging_mixin.py:137} INFO - [2024-08-28T10:11:57.323+0200] {dagbag.py:532} INFO - Filling up the DagBag from /Users/roselina/opt/anaconda3/envs/python37/lib/python3.7/site-packages/airflow/example_dags/example_trigger_controller_dag.py
[2024-08-28T10:11:57.342+0200] {processor.py:753} INFO - DAG(s) dict_keys(['example_trigger_controller_dag']) retrieved from /Users/roselina/opt/anaconda3/envs/python37/lib/python3.7/site-packages/airflow/example_dags/example_trigger_controller_dag.py
[2024-08-28T10:11:57.359+0200] {logging_mixin.py:137} INFO - [2024-08-28T10:11:57.359+0200] {dag.py:2705} INFO - Sync 1 DAGs
[2024-08-28T10:11:57.372+0200] {logging_mixin.py:137} INFO - [2024-08-28T10:11:57.372+0200] {dag.py:3456} INFO - Setting next_dagrun for example_trigger_controller_dag to 2021-01-01T00:00:00+00:00, run_after=2021-01-01T00:00:00+00:00
[2024-08-28T10:11:57.382+0200] {processor.py:175} INFO - Processing /Users/roselina/opt/anaconda3/envs/python37/lib/python3.7/site-packages/airflow/example_dags/example_trigger_controller_dag.py took 0.069 seconds
[2024-08-28T10:12:38.293+0200] {processor.py:153} INFO - Started process (PID=75046) to work on /Users/roselina/opt/anaconda3/envs/python37/lib/python3.7/site-packages/airflow/example_dags/example_trigger_controller_dag.py
[2024-08-28T10:12:38.295+0200] {processor.py:743} INFO - Processing file /Users/roselina/opt/anaconda3/envs/python37/lib/python3.7/site-packages/airflow/example_dags/example_trigger_controller_dag.py for tasks to queue
[2024-08-28T10:12:38.297+0200] {logging_mixin.py:137} INFO - [2024-08-28T10:12:38.296+0200] {dagbag.py:532} INFO - Filling up the DagBag from /Users/roselina/opt/anaconda3/envs/python37/lib/python3.7/site-packages/airflow/example_dags/example_trigger_controller_dag.py
[2024-08-28T10:12:38.315+0200] {processor.py:753} INFO - DAG(s) dict_keys(['example_trigger_controller_dag']) retrieved from /Users/roselina/opt/anaconda3/envs/python37/lib/python3.7/site-packages/airflow/example_dags/example_trigger_controller_dag.py
[2024-08-28T10:12:38.350+0200] {logging_mixin.py:137} INFO - [2024-08-28T10:12:38.349+0200] {dag.py:2705} INFO - Sync 1 DAGs
[2024-08-28T10:12:38.381+0200] {logging_mixin.py:137} INFO - [2024-08-28T10:12:38.381+0200] {dag.py:3456} INFO - Setting next_dagrun for example_trigger_controller_dag to 2021-01-01T00:00:00+00:00, run_after=2021-01-01T00:00:00+00:00
[2024-08-28T10:12:38.405+0200] {processor.py:175} INFO - Processing /Users/roselina/opt/anaconda3/envs/python37/lib/python3.7/site-packages/airflow/example_dags/example_trigger_controller_dag.py took 0.117 seconds
[2024-08-28T10:13:21.020+0200] {processor.py:153} INFO - Started process (PID=75111) to work on /Users/roselina/opt/anaconda3/envs/python37/lib/python3.7/site-packages/airflow/example_dags/example_trigger_controller_dag.py
[2024-08-28T10:13:21.022+0200] {processor.py:743} INFO - Processing file /Users/roselina/opt/anaconda3/envs/python37/lib/python3.7/site-packages/airflow/example_dags/example_trigger_controller_dag.py for tasks to queue
[2024-08-28T10:13:21.023+0200] {logging_mixin.py:137} INFO - [2024-08-28T10:13:21.023+0200] {dagbag.py:532} INFO - Filling up the DagBag from /Users/roselina/opt/anaconda3/envs/python37/lib/python3.7/site-packages/airflow/example_dags/example_trigger_controller_dag.py
[2024-08-28T10:13:21.037+0200] {processor.py:753} INFO - DAG(s) dict_keys(['example_trigger_controller_dag']) retrieved from /Users/roselina/opt/anaconda3/envs/python37/lib/python3.7/site-packages/airflow/example_dags/example_trigger_controller_dag.py
[2024-08-28T10:13:21.053+0200] {logging_mixin.py:137} INFO - [2024-08-28T10:13:21.053+0200] {dag.py:2705} INFO - Sync 1 DAGs
[2024-08-28T10:13:21.065+0200] {logging_mixin.py:137} INFO - [2024-08-28T10:13:21.065+0200] {dag.py:3456} INFO - Setting next_dagrun for example_trigger_controller_dag to 2021-01-01T00:00:00+00:00, run_after=2021-01-01T00:00:00+00:00
[2024-08-28T10:13:21.075+0200] {processor.py:175} INFO - Processing /Users/roselina/opt/anaconda3/envs/python37/lib/python3.7/site-packages/airflow/example_dags/example_trigger_controller_dag.py took 0.059 seconds
[2024-08-28T10:14:02.328+0200] {processor.py:153} INFO - Started process (PID=75182) to work on /Users/roselina/opt/anaconda3/envs/python37/lib/python3.7/site-packages/airflow/example_dags/example_trigger_controller_dag.py
[2024-08-28T10:14:02.330+0200] {processor.py:743} INFO - Processing file /Users/roselina/opt/anaconda3/envs/python37/lib/python3.7/site-packages/airflow/example_dags/example_trigger_controller_dag.py for tasks to queue
[2024-08-28T10:14:02.331+0200] {logging_mixin.py:137} INFO - [2024-08-28T10:14:02.331+0200] {dagbag.py:532} INFO - Filling up the DagBag from /Users/roselina/opt/anaconda3/envs/python37/lib/python3.7/site-packages/airflow/example_dags/example_trigger_controller_dag.py
[2024-08-28T10:14:02.344+0200] {processor.py:753} INFO - DAG(s) dict_keys(['example_trigger_controller_dag']) retrieved from /Users/roselina/opt/anaconda3/envs/python37/lib/python3.7/site-packages/airflow/example_dags/example_trigger_controller_dag.py
[2024-08-28T10:14:02.362+0200] {logging_mixin.py:137} INFO - [2024-08-28T10:14:02.361+0200] {dag.py:2705} INFO - Sync 1 DAGs
[2024-08-28T10:14:02.384+0200] {logging_mixin.py:137} INFO - [2024-08-28T10:14:02.384+0200] {dag.py:3456} INFO - Setting next_dagrun for example_trigger_controller_dag to 2021-01-01T00:00:00+00:00, run_after=2021-01-01T00:00:00+00:00
[2024-08-28T10:14:02.396+0200] {processor.py:175} INFO - Processing /Users/roselina/opt/anaconda3/envs/python37/lib/python3.7/site-packages/airflow/example_dags/example_trigger_controller_dag.py took 0.071 seconds
[2024-08-28T10:14:44.979+0200] {processor.py:153} INFO - Started process (PID=75236) to work on /Users/roselina/opt/anaconda3/envs/python37/lib/python3.7/site-packages/airflow/example_dags/example_trigger_controller_dag.py
[2024-08-28T10:14:44.981+0200] {processor.py:743} INFO - Processing file /Users/roselina/opt/anaconda3/envs/python37/lib/python3.7/site-packages/airflow/example_dags/example_trigger_controller_dag.py for tasks to queue
[2024-08-28T10:14:44.982+0200] {logging_mixin.py:137} INFO - [2024-08-28T10:14:44.982+0200] {dagbag.py:532} INFO - Filling up the DagBag from /Users/roselina/opt/anaconda3/envs/python37/lib/python3.7/site-packages/airflow/example_dags/example_trigger_controller_dag.py
[2024-08-28T10:14:44.997+0200] {processor.py:753} INFO - DAG(s) dict_keys(['example_trigger_controller_dag']) retrieved from /Users/roselina/opt/anaconda3/envs/python37/lib/python3.7/site-packages/airflow/example_dags/example_trigger_controller_dag.py
[2024-08-28T10:14:45.015+0200] {logging_mixin.py:137} INFO - [2024-08-28T10:14:45.015+0200] {dag.py:2705} INFO - Sync 1 DAGs
[2024-08-28T10:14:45.030+0200] {logging_mixin.py:137} INFO - [2024-08-28T10:14:45.030+0200] {dag.py:3456} INFO - Setting next_dagrun for example_trigger_controller_dag to 2021-01-01T00:00:00+00:00, run_after=2021-01-01T00:00:00+00:00
[2024-08-28T10:14:45.041+0200] {processor.py:175} INFO - Processing /Users/roselina/opt/anaconda3/envs/python37/lib/python3.7/site-packages/airflow/example_dags/example_trigger_controller_dag.py took 0.067 seconds
[2024-08-28T10:15:25.635+0200] {processor.py:153} INFO - Started process (PID=75281) to work on /Users/roselina/opt/anaconda3/envs/python37/lib/python3.7/site-packages/airflow/example_dags/example_trigger_controller_dag.py
[2024-08-28T10:15:25.637+0200] {processor.py:743} INFO - Processing file /Users/roselina/opt/anaconda3/envs/python37/lib/python3.7/site-packages/airflow/example_dags/example_trigger_controller_dag.py for tasks to queue
[2024-08-28T10:15:25.638+0200] {logging_mixin.py:137} INFO - [2024-08-28T10:15:25.637+0200] {dagbag.py:532} INFO - Filling up the DagBag from /Users/roselina/opt/anaconda3/envs/python37/lib/python3.7/site-packages/airflow/example_dags/example_trigger_controller_dag.py
[2024-08-28T10:15:25.652+0200] {processor.py:753} INFO - DAG(s) dict_keys(['example_trigger_controller_dag']) retrieved from /Users/roselina/opt/anaconda3/envs/python37/lib/python3.7/site-packages/airflow/example_dags/example_trigger_controller_dag.py
[2024-08-28T10:15:25.668+0200] {logging_mixin.py:137} INFO - [2024-08-28T10:15:25.668+0200] {dag.py:2705} INFO - Sync 1 DAGs
[2024-08-28T10:15:25.680+0200] {logging_mixin.py:137} INFO - [2024-08-28T10:15:25.680+0200] {dag.py:3456} INFO - Setting next_dagrun for example_trigger_controller_dag to 2021-01-01T00:00:00+00:00, run_after=2021-01-01T00:00:00+00:00
[2024-08-28T10:15:25.689+0200] {processor.py:175} INFO - Processing /Users/roselina/opt/anaconda3/envs/python37/lib/python3.7/site-packages/airflow/example_dags/example_trigger_controller_dag.py took 0.058 seconds
[2024-08-28T10:16:05.196+0200] {processor.py:153} INFO - Started process (PID=75325) to work on /Users/roselina/opt/anaconda3/envs/python37/lib/python3.7/site-packages/airflow/example_dags/example_trigger_controller_dag.py
[2024-08-28T10:16:05.197+0200] {processor.py:743} INFO - Processing file /Users/roselina/opt/anaconda3/envs/python37/lib/python3.7/site-packages/airflow/example_dags/example_trigger_controller_dag.py for tasks to queue
[2024-08-28T10:16:05.198+0200] {logging_mixin.py:137} INFO - [2024-08-28T10:16:05.197+0200] {dagbag.py:532} INFO - Filling up the DagBag from /Users/roselina/opt/anaconda3/envs/python37/lib/python3.7/site-packages/airflow/example_dags/example_trigger_controller_dag.py
[2024-08-28T10:16:05.206+0200] {processor.py:753} INFO - DAG(s) dict_keys(['example_trigger_controller_dag']) retrieved from /Users/roselina/opt/anaconda3/envs/python37/lib/python3.7/site-packages/airflow/example_dags/example_trigger_controller_dag.py
[2024-08-28T10:16:05.219+0200] {logging_mixin.py:137} INFO - [2024-08-28T10:16:05.219+0200] {dag.py:2705} INFO - Sync 1 DAGs
[2024-08-28T10:16:05.231+0200] {logging_mixin.py:137} INFO - [2024-08-28T10:16:05.230+0200] {dag.py:3456} INFO - Setting next_dagrun for example_trigger_controller_dag to 2021-01-01T00:00:00+00:00, run_after=2021-01-01T00:00:00+00:00
[2024-08-28T10:16:05.241+0200] {processor.py:175} INFO - Processing /Users/roselina/opt/anaconda3/envs/python37/lib/python3.7/site-packages/airflow/example_dags/example_trigger_controller_dag.py took 0.047 seconds
[2024-08-28T10:16:46.569+0200] {processor.py:153} INFO - Started process (PID=75371) to work on /Users/roselina/opt/anaconda3/envs/python37/lib/python3.7/site-packages/airflow/example_dags/example_trigger_controller_dag.py
[2024-08-28T10:16:46.571+0200] {processor.py:743} INFO - Processing file /Users/roselina/opt/anaconda3/envs/python37/lib/python3.7/site-packages/airflow/example_dags/example_trigger_controller_dag.py for tasks to queue
[2024-08-28T10:16:46.572+0200] {logging_mixin.py:137} INFO - [2024-08-28T10:16:46.572+0200] {dagbag.py:532} INFO - Filling up the DagBag from /Users/roselina/opt/anaconda3/envs/python37/lib/python3.7/site-packages/airflow/example_dags/example_trigger_controller_dag.py
[2024-08-28T10:16:46.588+0200] {processor.py:753} INFO - DAG(s) dict_keys(['example_trigger_controller_dag']) retrieved from /Users/roselina/opt/anaconda3/envs/python37/lib/python3.7/site-packages/airflow/example_dags/example_trigger_controller_dag.py
[2024-08-28T10:16:46.606+0200] {logging_mixin.py:137} INFO - [2024-08-28T10:16:46.605+0200] {dag.py:2705} INFO - Sync 1 DAGs
[2024-08-28T10:16:46.618+0200] {logging_mixin.py:137} INFO - [2024-08-28T10:16:46.618+0200] {dag.py:3456} INFO - Setting next_dagrun for example_trigger_controller_dag to 2021-01-01T00:00:00+00:00, run_after=2021-01-01T00:00:00+00:00
[2024-08-28T10:16:46.628+0200] {processor.py:175} INFO - Processing /Users/roselina/opt/anaconda3/envs/python37/lib/python3.7/site-packages/airflow/example_dags/example_trigger_controller_dag.py took 0.063 seconds
[2024-08-28T10:17:27.863+0200] {processor.py:153} INFO - Started process (PID=75422) to work on /Users/roselina/opt/anaconda3/envs/python37/lib/python3.7/site-packages/airflow/example_dags/example_trigger_controller_dag.py
[2024-08-28T10:17:27.865+0200] {processor.py:743} INFO - Processing file /Users/roselina/opt/anaconda3/envs/python37/lib/python3.7/site-packages/airflow/example_dags/example_trigger_controller_dag.py for tasks to queue
[2024-08-28T10:17:27.866+0200] {logging_mixin.py:137} INFO - [2024-08-28T10:17:27.866+0200] {dagbag.py:532} INFO - Filling up the DagBag from /Users/roselina/opt/anaconda3/envs/python37/lib/python3.7/site-packages/airflow/example_dags/example_trigger_controller_dag.py
[2024-08-28T10:17:27.882+0200] {processor.py:753} INFO - DAG(s) dict_keys(['example_trigger_controller_dag']) retrieved from /Users/roselina/opt/anaconda3/envs/python37/lib/python3.7/site-packages/airflow/example_dags/example_trigger_controller_dag.py
[2024-08-28T10:17:27.901+0200] {logging_mixin.py:137} INFO - [2024-08-28T10:17:27.900+0200] {dag.py:2705} INFO - Sync 1 DAGs
[2024-08-28T10:17:27.913+0200] {logging_mixin.py:137} INFO - [2024-08-28T10:17:27.913+0200] {dag.py:3456} INFO - Setting next_dagrun for example_trigger_controller_dag to 2021-01-01T00:00:00+00:00, run_after=2021-01-01T00:00:00+00:00
[2024-08-28T10:17:27.924+0200] {processor.py:175} INFO - Processing /Users/roselina/opt/anaconda3/envs/python37/lib/python3.7/site-packages/airflow/example_dags/example_trigger_controller_dag.py took 0.067 seconds
[2024-08-28T10:43:50.550+0200] {processor.py:153} INFO - Started process (PID=75518) to work on /Users/roselina/opt/anaconda3/envs/python37/lib/python3.7/site-packages/airflow/example_dags/example_trigger_controller_dag.py
[2024-08-28T10:43:50.552+0200] {processor.py:743} INFO - Processing file /Users/roselina/opt/anaconda3/envs/python37/lib/python3.7/site-packages/airflow/example_dags/example_trigger_controller_dag.py for tasks to queue
[2024-08-28T10:43:50.554+0200] {logging_mixin.py:137} INFO - [2024-08-28T10:43:50.553+0200] {dagbag.py:532} INFO - Filling up the DagBag from /Users/roselina/opt/anaconda3/envs/python37/lib/python3.7/site-packages/airflow/example_dags/example_trigger_controller_dag.py
[2024-08-28T10:43:50.565+0200] {processor.py:753} INFO - DAG(s) dict_keys(['example_trigger_controller_dag']) retrieved from /Users/roselina/opt/anaconda3/envs/python37/lib/python3.7/site-packages/airflow/example_dags/example_trigger_controller_dag.py
[2024-08-28T10:43:50.581+0200] {logging_mixin.py:137} INFO - [2024-08-28T10:43:50.580+0200] {dag.py:2705} INFO - Sync 1 DAGs
[2024-08-28T10:43:50.593+0200] {logging_mixin.py:137} INFO - [2024-08-28T10:43:50.593+0200] {dag.py:3456} INFO - Setting next_dagrun for example_trigger_controller_dag to 2021-01-01T00:00:00+00:00, run_after=2021-01-01T00:00:00+00:00
[2024-08-28T10:43:50.603+0200] {processor.py:175} INFO - Processing /Users/roselina/opt/anaconda3/envs/python37/lib/python3.7/site-packages/airflow/example_dags/example_trigger_controller_dag.py took 0.056 seconds
[2024-08-28T10:44:32.898+0200] {processor.py:153} INFO - Started process (PID=75574) to work on /Users/roselina/opt/anaconda3/envs/python37/lib/python3.7/site-packages/airflow/example_dags/example_trigger_controller_dag.py
[2024-08-28T10:44:32.900+0200] {processor.py:743} INFO - Processing file /Users/roselina/opt/anaconda3/envs/python37/lib/python3.7/site-packages/airflow/example_dags/example_trigger_controller_dag.py for tasks to queue
[2024-08-28T10:44:32.901+0200] {logging_mixin.py:137} INFO - [2024-08-28T10:44:32.901+0200] {dagbag.py:532} INFO - Filling up the DagBag from /Users/roselina/opt/anaconda3/envs/python37/lib/python3.7/site-packages/airflow/example_dags/example_trigger_controller_dag.py
[2024-08-28T10:44:32.916+0200] {processor.py:753} INFO - DAG(s) dict_keys(['example_trigger_controller_dag']) retrieved from /Users/roselina/opt/anaconda3/envs/python37/lib/python3.7/site-packages/airflow/example_dags/example_trigger_controller_dag.py
[2024-08-28T10:44:32.942+0200] {logging_mixin.py:137} INFO - [2024-08-28T10:44:32.942+0200] {dag.py:2705} INFO - Sync 1 DAGs
[2024-08-28T10:44:32.956+0200] {logging_mixin.py:137} INFO - [2024-08-28T10:44:32.956+0200] {dag.py:3456} INFO - Setting next_dagrun for example_trigger_controller_dag to 2021-01-01T00:00:00+00:00, run_after=2021-01-01T00:00:00+00:00
[2024-08-28T10:44:32.966+0200] {processor.py:175} INFO - Processing /Users/roselina/opt/anaconda3/envs/python37/lib/python3.7/site-packages/airflow/example_dags/example_trigger_controller_dag.py took 0.072 seconds
[2024-08-28T10:45:15.767+0200] {processor.py:153} INFO - Started process (PID=75632) to work on /Users/roselina/opt/anaconda3/envs/python37/lib/python3.7/site-packages/airflow/example_dags/example_trigger_controller_dag.py
[2024-08-28T10:45:15.769+0200] {processor.py:743} INFO - Processing file /Users/roselina/opt/anaconda3/envs/python37/lib/python3.7/site-packages/airflow/example_dags/example_trigger_controller_dag.py for tasks to queue
[2024-08-28T10:45:15.771+0200] {logging_mixin.py:137} INFO - [2024-08-28T10:45:15.770+0200] {dagbag.py:532} INFO - Filling up the DagBag from /Users/roselina/opt/anaconda3/envs/python37/lib/python3.7/site-packages/airflow/example_dags/example_trigger_controller_dag.py
[2024-08-28T10:45:15.787+0200] {processor.py:753} INFO - DAG(s) dict_keys(['example_trigger_controller_dag']) retrieved from /Users/roselina/opt/anaconda3/envs/python37/lib/python3.7/site-packages/airflow/example_dags/example_trigger_controller_dag.py
[2024-08-28T10:45:15.810+0200] {logging_mixin.py:137} INFO - [2024-08-28T10:45:15.810+0200] {dag.py:2705} INFO - Sync 1 DAGs
[2024-08-28T10:45:15.824+0200] {logging_mixin.py:137} INFO - [2024-08-28T10:45:15.823+0200] {dag.py:3456} INFO - Setting next_dagrun for example_trigger_controller_dag to 2021-01-01T00:00:00+00:00, run_after=2021-01-01T00:00:00+00:00
[2024-08-28T10:45:15.834+0200] {processor.py:175} INFO - Processing /Users/roselina/opt/anaconda3/envs/python37/lib/python3.7/site-packages/airflow/example_dags/example_trigger_controller_dag.py took 0.071 seconds
[2024-08-28T10:45:57.111+0200] {processor.py:153} INFO - Started process (PID=75678) to work on /Users/roselina/opt/anaconda3/envs/python37/lib/python3.7/site-packages/airflow/example_dags/example_trigger_controller_dag.py
[2024-08-28T10:45:57.113+0200] {processor.py:743} INFO - Processing file /Users/roselina/opt/anaconda3/envs/python37/lib/python3.7/site-packages/airflow/example_dags/example_trigger_controller_dag.py for tasks to queue
[2024-08-28T10:45:57.114+0200] {logging_mixin.py:137} INFO - [2024-08-28T10:45:57.113+0200] {dagbag.py:532} INFO - Filling up the DagBag from /Users/roselina/opt/anaconda3/envs/python37/lib/python3.7/site-packages/airflow/example_dags/example_trigger_controller_dag.py
[2024-08-28T10:45:57.128+0200] {processor.py:753} INFO - DAG(s) dict_keys(['example_trigger_controller_dag']) retrieved from /Users/roselina/opt/anaconda3/envs/python37/lib/python3.7/site-packages/airflow/example_dags/example_trigger_controller_dag.py
[2024-08-28T10:45:57.144+0200] {logging_mixin.py:137} INFO - [2024-08-28T10:45:57.144+0200] {dag.py:2705} INFO - Sync 1 DAGs
[2024-08-28T10:45:57.156+0200] {logging_mixin.py:137} INFO - [2024-08-28T10:45:57.156+0200] {dag.py:3456} INFO - Setting next_dagrun for example_trigger_controller_dag to 2021-01-01T00:00:00+00:00, run_after=2021-01-01T00:00:00+00:00
[2024-08-28T10:45:57.167+0200] {processor.py:175} INFO - Processing /Users/roselina/opt/anaconda3/envs/python37/lib/python3.7/site-packages/airflow/example_dags/example_trigger_controller_dag.py took 0.060 seconds
[2024-08-28T10:46:38.408+0200] {processor.py:153} INFO - Started process (PID=75723) to work on /Users/roselina/opt/anaconda3/envs/python37/lib/python3.7/site-packages/airflow/example_dags/example_trigger_controller_dag.py
[2024-08-28T10:46:38.410+0200] {processor.py:743} INFO - Processing file /Users/roselina/opt/anaconda3/envs/python37/lib/python3.7/site-packages/airflow/example_dags/example_trigger_controller_dag.py for tasks to queue
[2024-08-28T10:46:38.412+0200] {logging_mixin.py:137} INFO - [2024-08-28T10:46:38.411+0200] {dagbag.py:532} INFO - Filling up the DagBag from /Users/roselina/opt/anaconda3/envs/python37/lib/python3.7/site-packages/airflow/example_dags/example_trigger_controller_dag.py
[2024-08-28T10:46:38.427+0200] {processor.py:753} INFO - DAG(s) dict_keys(['example_trigger_controller_dag']) retrieved from /Users/roselina/opt/anaconda3/envs/python37/lib/python3.7/site-packages/airflow/example_dags/example_trigger_controller_dag.py
[2024-08-28T10:46:38.444+0200] {logging_mixin.py:137} INFO - [2024-08-28T10:46:38.444+0200] {dag.py:2705} INFO - Sync 1 DAGs
[2024-08-28T10:46:38.458+0200] {logging_mixin.py:137} INFO - [2024-08-28T10:46:38.457+0200] {dag.py:3456} INFO - Setting next_dagrun for example_trigger_controller_dag to 2021-01-01T00:00:00+00:00, run_after=2021-01-01T00:00:00+00:00
[2024-08-28T10:46:38.474+0200] {processor.py:175} INFO - Processing /Users/roselina/opt/anaconda3/envs/python37/lib/python3.7/site-packages/airflow/example_dags/example_trigger_controller_dag.py took 0.070 seconds
[2024-08-28T10:47:19.313+0200] {processor.py:153} INFO - Started process (PID=75778) to work on /Users/roselina/opt/anaconda3/envs/python37/lib/python3.7/site-packages/airflow/example_dags/example_trigger_controller_dag.py
[2024-08-28T10:47:19.316+0200] {processor.py:743} INFO - Processing file /Users/roselina/opt/anaconda3/envs/python37/lib/python3.7/site-packages/airflow/example_dags/example_trigger_controller_dag.py for tasks to queue
[2024-08-28T10:47:19.317+0200] {logging_mixin.py:137} INFO - [2024-08-28T10:47:19.317+0200] {dagbag.py:532} INFO - Filling up the DagBag from /Users/roselina/opt/anaconda3/envs/python37/lib/python3.7/site-packages/airflow/example_dags/example_trigger_controller_dag.py
[2024-08-28T10:47:19.332+0200] {processor.py:753} INFO - DAG(s) dict_keys(['example_trigger_controller_dag']) retrieved from /Users/roselina/opt/anaconda3/envs/python37/lib/python3.7/site-packages/airflow/example_dags/example_trigger_controller_dag.py
[2024-08-28T10:47:19.348+0200] {logging_mixin.py:137} INFO - [2024-08-28T10:47:19.348+0200] {dag.py:2705} INFO - Sync 1 DAGs
[2024-08-28T10:47:19.361+0200] {logging_mixin.py:137} INFO - [2024-08-28T10:47:19.361+0200] {dag.py:3456} INFO - Setting next_dagrun for example_trigger_controller_dag to 2021-01-01T00:00:00+00:00, run_after=2021-01-01T00:00:00+00:00
[2024-08-28T10:47:19.371+0200] {processor.py:175} INFO - Processing /Users/roselina/opt/anaconda3/envs/python37/lib/python3.7/site-packages/airflow/example_dags/example_trigger_controller_dag.py took 0.062 seconds
[2024-08-28T10:48:00.455+0200] {processor.py:153} INFO - Started process (PID=75828) to work on /Users/roselina/opt/anaconda3/envs/python37/lib/python3.7/site-packages/airflow/example_dags/example_trigger_controller_dag.py
[2024-08-28T10:48:00.462+0200] {processor.py:743} INFO - Processing file /Users/roselina/opt/anaconda3/envs/python37/lib/python3.7/site-packages/airflow/example_dags/example_trigger_controller_dag.py for tasks to queue
[2024-08-28T10:48:00.464+0200] {logging_mixin.py:137} INFO - [2024-08-28T10:48:00.463+0200] {dagbag.py:532} INFO - Filling up the DagBag from /Users/roselina/opt/anaconda3/envs/python37/lib/python3.7/site-packages/airflow/example_dags/example_trigger_controller_dag.py
[2024-08-28T10:48:00.481+0200] {processor.py:753} INFO - DAG(s) dict_keys(['example_trigger_controller_dag']) retrieved from /Users/roselina/opt/anaconda3/envs/python37/lib/python3.7/site-packages/airflow/example_dags/example_trigger_controller_dag.py
[2024-08-28T10:48:00.496+0200] {logging_mixin.py:137} INFO - [2024-08-28T10:48:00.496+0200] {dag.py:2705} INFO - Sync 1 DAGs
[2024-08-28T10:48:00.509+0200] {logging_mixin.py:137} INFO - [2024-08-28T10:48:00.509+0200] {dag.py:3456} INFO - Setting next_dagrun for example_trigger_controller_dag to 2021-01-01T00:00:00+00:00, run_after=2021-01-01T00:00:00+00:00
[2024-08-28T10:48:00.520+0200] {processor.py:175} INFO - Processing /Users/roselina/opt/anaconda3/envs/python37/lib/python3.7/site-packages/airflow/example_dags/example_trigger_controller_dag.py took 0.070 seconds
[2024-08-28T10:48:42.269+0200] {processor.py:153} INFO - Started process (PID=75891) to work on /Users/roselina/opt/anaconda3/envs/python37/lib/python3.7/site-packages/airflow/example_dags/example_trigger_controller_dag.py
[2024-08-28T10:48:42.270+0200] {processor.py:743} INFO - Processing file /Users/roselina/opt/anaconda3/envs/python37/lib/python3.7/site-packages/airflow/example_dags/example_trigger_controller_dag.py for tasks to queue
[2024-08-28T10:48:42.271+0200] {logging_mixin.py:137} INFO - [2024-08-28T10:48:42.271+0200] {dagbag.py:532} INFO - Filling up the DagBag from /Users/roselina/opt/anaconda3/envs/python37/lib/python3.7/site-packages/airflow/example_dags/example_trigger_controller_dag.py
[2024-08-28T10:48:42.280+0200] {processor.py:753} INFO - DAG(s) dict_keys(['example_trigger_controller_dag']) retrieved from /Users/roselina/opt/anaconda3/envs/python37/lib/python3.7/site-packages/airflow/example_dags/example_trigger_controller_dag.py
[2024-08-28T10:48:42.293+0200] {logging_mixin.py:137} INFO - [2024-08-28T10:48:42.293+0200] {dag.py:2705} INFO - Sync 1 DAGs
[2024-08-28T10:48:42.305+0200] {logging_mixin.py:137} INFO - [2024-08-28T10:48:42.305+0200] {dag.py:3456} INFO - Setting next_dagrun for example_trigger_controller_dag to 2021-01-01T00:00:00+00:00, run_after=2021-01-01T00:00:00+00:00
[2024-08-28T10:48:42.315+0200] {processor.py:175} INFO - Processing /Users/roselina/opt/anaconda3/envs/python37/lib/python3.7/site-packages/airflow/example_dags/example_trigger_controller_dag.py took 0.048 seconds
[2024-08-28T10:49:22.914+0200] {processor.py:153} INFO - Started process (PID=75945) to work on /Users/roselina/opt/anaconda3/envs/python37/lib/python3.7/site-packages/airflow/example_dags/example_trigger_controller_dag.py
[2024-08-28T10:49:22.918+0200] {processor.py:743} INFO - Processing file /Users/roselina/opt/anaconda3/envs/python37/lib/python3.7/site-packages/airflow/example_dags/example_trigger_controller_dag.py for tasks to queue
[2024-08-28T10:49:22.920+0200] {logging_mixin.py:137} INFO - [2024-08-28T10:49:22.919+0200] {dagbag.py:532} INFO - Filling up the DagBag from /Users/roselina/opt/anaconda3/envs/python37/lib/python3.7/site-packages/airflow/example_dags/example_trigger_controller_dag.py
[2024-08-28T10:49:22.935+0200] {processor.py:753} INFO - DAG(s) dict_keys(['example_trigger_controller_dag']) retrieved from /Users/roselina/opt/anaconda3/envs/python37/lib/python3.7/site-packages/airflow/example_dags/example_trigger_controller_dag.py
[2024-08-28T10:49:22.959+0200] {logging_mixin.py:137} INFO - [2024-08-28T10:49:22.959+0200] {dag.py:2705} INFO - Sync 1 DAGs
[2024-08-28T10:49:22.972+0200] {logging_mixin.py:137} INFO - [2024-08-28T10:49:22.972+0200] {dag.py:3456} INFO - Setting next_dagrun for example_trigger_controller_dag to 2021-01-01T00:00:00+00:00, run_after=2021-01-01T00:00:00+00:00
[2024-08-28T10:49:22.981+0200] {processor.py:175} INFO - Processing /Users/roselina/opt/anaconda3/envs/python37/lib/python3.7/site-packages/airflow/example_dags/example_trigger_controller_dag.py took 0.072 seconds
[2024-08-28T10:50:03.890+0200] {processor.py:153} INFO - Started process (PID=75991) to work on /Users/roselina/opt/anaconda3/envs/python37/lib/python3.7/site-packages/airflow/example_dags/example_trigger_controller_dag.py
[2024-08-28T10:50:03.893+0200] {processor.py:743} INFO - Processing file /Users/roselina/opt/anaconda3/envs/python37/lib/python3.7/site-packages/airflow/example_dags/example_trigger_controller_dag.py for tasks to queue
[2024-08-28T10:50:03.895+0200] {logging_mixin.py:137} INFO - [2024-08-28T10:50:03.894+0200] {dagbag.py:532} INFO - Filling up the DagBag from /Users/roselina/opt/anaconda3/envs/python37/lib/python3.7/site-packages/airflow/example_dags/example_trigger_controller_dag.py
[2024-08-28T10:50:03.910+0200] {processor.py:753} INFO - DAG(s) dict_keys(['example_trigger_controller_dag']) retrieved from /Users/roselina/opt/anaconda3/envs/python37/lib/python3.7/site-packages/airflow/example_dags/example_trigger_controller_dag.py
[2024-08-28T10:50:03.926+0200] {logging_mixin.py:137} INFO - [2024-08-28T10:50:03.926+0200] {dag.py:2705} INFO - Sync 1 DAGs
[2024-08-28T10:50:03.940+0200] {logging_mixin.py:137} INFO - [2024-08-28T10:50:03.939+0200] {dag.py:3456} INFO - Setting next_dagrun for example_trigger_controller_dag to 2021-01-01T00:00:00+00:00, run_after=2021-01-01T00:00:00+00:00
[2024-08-28T10:50:03.949+0200] {processor.py:175} INFO - Processing /Users/roselina/opt/anaconda3/envs/python37/lib/python3.7/site-packages/airflow/example_dags/example_trigger_controller_dag.py took 0.063 seconds
[2024-08-28T10:50:45.352+0200] {processor.py:153} INFO - Started process (PID=76035) to work on /Users/roselina/opt/anaconda3/envs/python37/lib/python3.7/site-packages/airflow/example_dags/example_trigger_controller_dag.py
[2024-08-28T10:50:45.356+0200] {processor.py:743} INFO - Processing file /Users/roselina/opt/anaconda3/envs/python37/lib/python3.7/site-packages/airflow/example_dags/example_trigger_controller_dag.py for tasks to queue
[2024-08-28T10:50:45.357+0200] {logging_mixin.py:137} INFO - [2024-08-28T10:50:45.357+0200] {dagbag.py:532} INFO - Filling up the DagBag from /Users/roselina/opt/anaconda3/envs/python37/lib/python3.7/site-packages/airflow/example_dags/example_trigger_controller_dag.py
[2024-08-28T10:50:45.375+0200] {processor.py:753} INFO - DAG(s) dict_keys(['example_trigger_controller_dag']) retrieved from /Users/roselina/opt/anaconda3/envs/python37/lib/python3.7/site-packages/airflow/example_dags/example_trigger_controller_dag.py
[2024-08-28T10:50:45.391+0200] {logging_mixin.py:137} INFO - [2024-08-28T10:50:45.391+0200] {dag.py:2705} INFO - Sync 1 DAGs
[2024-08-28T10:50:45.404+0200] {logging_mixin.py:137} INFO - [2024-08-28T10:50:45.404+0200] {dag.py:3456} INFO - Setting next_dagrun for example_trigger_controller_dag to 2021-01-01T00:00:00+00:00, run_after=2021-01-01T00:00:00+00:00
[2024-08-28T10:50:45.413+0200] {processor.py:175} INFO - Processing /Users/roselina/opt/anaconda3/envs/python37/lib/python3.7/site-packages/airflow/example_dags/example_trigger_controller_dag.py took 0.065 seconds
[2024-08-28T10:51:27.742+0200] {processor.py:153} INFO - Started process (PID=76097) to work on /Users/roselina/opt/anaconda3/envs/python37/lib/python3.7/site-packages/airflow/example_dags/example_trigger_controller_dag.py
[2024-08-28T10:51:27.744+0200] {processor.py:743} INFO - Processing file /Users/roselina/opt/anaconda3/envs/python37/lib/python3.7/site-packages/airflow/example_dags/example_trigger_controller_dag.py for tasks to queue
[2024-08-28T10:51:27.745+0200] {logging_mixin.py:137} INFO - [2024-08-28T10:51:27.745+0200] {dagbag.py:532} INFO - Filling up the DagBag from /Users/roselina/opt/anaconda3/envs/python37/lib/python3.7/site-packages/airflow/example_dags/example_trigger_controller_dag.py
[2024-08-28T10:51:27.760+0200] {processor.py:753} INFO - DAG(s) dict_keys(['example_trigger_controller_dag']) retrieved from /Users/roselina/opt/anaconda3/envs/python37/lib/python3.7/site-packages/airflow/example_dags/example_trigger_controller_dag.py
[2024-08-28T10:51:27.779+0200] {logging_mixin.py:137} INFO - [2024-08-28T10:51:27.779+0200] {dag.py:2705} INFO - Sync 1 DAGs
[2024-08-28T10:51:27.792+0200] {logging_mixin.py:137} INFO - [2024-08-28T10:51:27.791+0200] {dag.py:3456} INFO - Setting next_dagrun for example_trigger_controller_dag to 2021-01-01T00:00:00+00:00, run_after=2021-01-01T00:00:00+00:00
[2024-08-28T10:51:27.801+0200] {processor.py:175} INFO - Processing /Users/roselina/opt/anaconda3/envs/python37/lib/python3.7/site-packages/airflow/example_dags/example_trigger_controller_dag.py took 0.064 seconds
[2024-08-28T10:52:07.599+0200] {processor.py:153} INFO - Started process (PID=76149) to work on /Users/roselina/opt/anaconda3/envs/python37/lib/python3.7/site-packages/airflow/example_dags/example_trigger_controller_dag.py
[2024-08-28T10:52:07.602+0200] {processor.py:743} INFO - Processing file /Users/roselina/opt/anaconda3/envs/python37/lib/python3.7/site-packages/airflow/example_dags/example_trigger_controller_dag.py for tasks to queue
[2024-08-28T10:52:07.604+0200] {logging_mixin.py:137} INFO - [2024-08-28T10:52:07.603+0200] {dagbag.py:532} INFO - Filling up the DagBag from /Users/roselina/opt/anaconda3/envs/python37/lib/python3.7/site-packages/airflow/example_dags/example_trigger_controller_dag.py
[2024-08-28T10:52:07.627+0200] {processor.py:753} INFO - DAG(s) dict_keys(['example_trigger_controller_dag']) retrieved from /Users/roselina/opt/anaconda3/envs/python37/lib/python3.7/site-packages/airflow/example_dags/example_trigger_controller_dag.py
[2024-08-28T10:52:07.647+0200] {logging_mixin.py:137} INFO - [2024-08-28T10:52:07.647+0200] {dag.py:2705} INFO - Sync 1 DAGs
[2024-08-28T10:52:07.660+0200] {logging_mixin.py:137} INFO - [2024-08-28T10:52:07.660+0200] {dag.py:3456} INFO - Setting next_dagrun for example_trigger_controller_dag to 2021-01-01T00:00:00+00:00, run_after=2021-01-01T00:00:00+00:00
[2024-08-28T10:52:07.670+0200] {processor.py:175} INFO - Processing /Users/roselina/opt/anaconda3/envs/python37/lib/python3.7/site-packages/airflow/example_dags/example_trigger_controller_dag.py took 0.075 seconds
[2024-08-28T10:52:50.174+0200] {processor.py:153} INFO - Started process (PID=76197) to work on /Users/roselina/opt/anaconda3/envs/python37/lib/python3.7/site-packages/airflow/example_dags/example_trigger_controller_dag.py
[2024-08-28T10:52:50.175+0200] {processor.py:743} INFO - Processing file /Users/roselina/opt/anaconda3/envs/python37/lib/python3.7/site-packages/airflow/example_dags/example_trigger_controller_dag.py for tasks to queue
[2024-08-28T10:52:50.176+0200] {logging_mixin.py:137} INFO - [2024-08-28T10:52:50.176+0200] {dagbag.py:532} INFO - Filling up the DagBag from /Users/roselina/opt/anaconda3/envs/python37/lib/python3.7/site-packages/airflow/example_dags/example_trigger_controller_dag.py
[2024-08-28T10:52:50.192+0200] {processor.py:753} INFO - DAG(s) dict_keys(['example_trigger_controller_dag']) retrieved from /Users/roselina/opt/anaconda3/envs/python37/lib/python3.7/site-packages/airflow/example_dags/example_trigger_controller_dag.py
[2024-08-28T10:52:50.211+0200] {logging_mixin.py:137} INFO - [2024-08-28T10:52:50.210+0200] {dag.py:2705} INFO - Sync 1 DAGs
[2024-08-28T10:52:50.224+0200] {logging_mixin.py:137} INFO - [2024-08-28T10:52:50.224+0200] {dag.py:3456} INFO - Setting next_dagrun for example_trigger_controller_dag to 2021-01-01T00:00:00+00:00, run_after=2021-01-01T00:00:00+00:00
[2024-08-28T10:52:50.234+0200] {processor.py:175} INFO - Processing /Users/roselina/opt/anaconda3/envs/python37/lib/python3.7/site-packages/airflow/example_dags/example_trigger_controller_dag.py took 0.064 seconds
