[2024-08-28T10:11:05.354+0200] {processor.py:153} INFO - Started process (PID=74903) to work on /Users/roselina/opt/anaconda3/envs/python37/lib/python3.7/site-packages/airflow/example_dags/tutorial_taskflow_api.py
[2024-08-28T10:11:05.356+0200] {processor.py:743} INFO - Processing file /Users/roselina/opt/anaconda3/envs/python37/lib/python3.7/site-packages/airflow/example_dags/tutorial_taskflow_api.py for tasks to queue
[2024-08-28T10:11:05.357+0200] {logging_mixin.py:137} INFO - [2024-08-28T10:11:05.357+0200] {dagbag.py:532} INFO - Filling up the DagBag from /Users/roselina/opt/anaconda3/envs/python37/lib/python3.7/site-packages/airflow/example_dags/tutorial_taskflow_api.py
[2024-08-28T10:11:05.381+0200] {processor.py:753} INFO - DAG(s) dict_keys(['tutorial_taskflow_api']) retrieved from /Users/roselina/opt/anaconda3/envs/python37/lib/python3.7/site-packages/airflow/example_dags/tutorial_taskflow_api.py
[2024-08-28T10:11:05.457+0200] {logging_mixin.py:137} INFO - [2024-08-28T10:11:05.457+0200] {manager.py:504} INFO - Created Permission View: can read on DAG:tutorial_taskflow_api
[2024-08-28T10:11:05.461+0200] {logging_mixin.py:137} INFO - [2024-08-28T10:11:05.461+0200] {manager.py:504} INFO - Created Permission View: can delete on DAG:tutorial_taskflow_api
[2024-08-28T10:11:05.464+0200] {logging_mixin.py:137} INFO - [2024-08-28T10:11:05.464+0200] {manager.py:504} INFO - Created Permission View: can edit on DAG:tutorial_taskflow_api
[2024-08-28T10:11:05.465+0200] {logging_mixin.py:137} INFO - [2024-08-28T10:11:05.464+0200] {dag.py:2705} INFO - Sync 1 DAGs
[2024-08-28T10:11:05.471+0200] {logging_mixin.py:137} INFO - [2024-08-28T10:11:05.471+0200] {dag.py:2726} INFO - Creating ORM DAG for tutorial_taskflow_api
[2024-08-28T10:11:05.476+0200] {logging_mixin.py:137} INFO - [2024-08-28T10:11:05.476+0200] {dag.py:3456} INFO - Setting next_dagrun for tutorial_taskflow_api to None, run_after=None
[2024-08-28T10:11:05.485+0200] {processor.py:175} INFO - Processing /Users/roselina/opt/anaconda3/envs/python37/lib/python3.7/site-packages/airflow/example_dags/tutorial_taskflow_api.py took 0.134 seconds
[2024-08-28T10:11:51.157+0200] {processor.py:153} INFO - Started process (PID=74968) to work on /Users/roselina/opt/anaconda3/envs/python37/lib/python3.7/site-packages/airflow/example_dags/tutorial_taskflow_api.py
[2024-08-28T10:11:51.158+0200] {processor.py:743} INFO - Processing file /Users/roselina/opt/anaconda3/envs/python37/lib/python3.7/site-packages/airflow/example_dags/tutorial_taskflow_api.py for tasks to queue
[2024-08-28T10:11:51.158+0200] {logging_mixin.py:137} INFO - [2024-08-28T10:11:51.158+0200] {dagbag.py:532} INFO - Filling up the DagBag from /Users/roselina/opt/anaconda3/envs/python37/lib/python3.7/site-packages/airflow/example_dags/tutorial_taskflow_api.py
[2024-08-28T10:11:51.176+0200] {processor.py:753} INFO - DAG(s) dict_keys(['tutorial_taskflow_api']) retrieved from /Users/roselina/opt/anaconda3/envs/python37/lib/python3.7/site-packages/airflow/example_dags/tutorial_taskflow_api.py
[2024-08-28T10:11:51.189+0200] {logging_mixin.py:137} INFO - [2024-08-28T10:11:51.188+0200] {dag.py:2705} INFO - Sync 1 DAGs
[2024-08-28T10:11:51.201+0200] {logging_mixin.py:137} INFO - [2024-08-28T10:11:51.200+0200] {dag.py:3456} INFO - Setting next_dagrun for tutorial_taskflow_api to None, run_after=None
[2024-08-28T10:11:51.211+0200] {processor.py:175} INFO - Processing /Users/roselina/opt/anaconda3/envs/python37/lib/python3.7/site-packages/airflow/example_dags/tutorial_taskflow_api.py took 0.056 seconds
[2024-08-28T10:12:31.699+0200] {processor.py:153} INFO - Started process (PID=75040) to work on /Users/roselina/opt/anaconda3/envs/python37/lib/python3.7/site-packages/airflow/example_dags/tutorial_taskflow_api.py
[2024-08-28T10:12:31.700+0200] {processor.py:743} INFO - Processing file /Users/roselina/opt/anaconda3/envs/python37/lib/python3.7/site-packages/airflow/example_dags/tutorial_taskflow_api.py for tasks to queue
[2024-08-28T10:12:31.701+0200] {logging_mixin.py:137} INFO - [2024-08-28T10:12:31.701+0200] {dagbag.py:532} INFO - Filling up the DagBag from /Users/roselina/opt/anaconda3/envs/python37/lib/python3.7/site-packages/airflow/example_dags/tutorial_taskflow_api.py
[2024-08-28T10:12:31.720+0200] {processor.py:753} INFO - DAG(s) dict_keys(['tutorial_taskflow_api']) retrieved from /Users/roselina/opt/anaconda3/envs/python37/lib/python3.7/site-packages/airflow/example_dags/tutorial_taskflow_api.py
[2024-08-28T10:12:31.734+0200] {logging_mixin.py:137} INFO - [2024-08-28T10:12:31.734+0200] {dag.py:2705} INFO - Sync 1 DAGs
[2024-08-28T10:12:31.749+0200] {logging_mixin.py:137} INFO - [2024-08-28T10:12:31.749+0200] {dag.py:3456} INFO - Setting next_dagrun for tutorial_taskflow_api to None, run_after=None
[2024-08-28T10:12:31.759+0200] {processor.py:175} INFO - Processing /Users/roselina/opt/anaconda3/envs/python37/lib/python3.7/site-packages/airflow/example_dags/tutorial_taskflow_api.py took 0.065 seconds
[2024-08-28T10:13:14.690+0200] {processor.py:153} INFO - Started process (PID=75105) to work on /Users/roselina/opt/anaconda3/envs/python37/lib/python3.7/site-packages/airflow/example_dags/tutorial_taskflow_api.py
[2024-08-28T10:13:14.692+0200] {processor.py:743} INFO - Processing file /Users/roselina/opt/anaconda3/envs/python37/lib/python3.7/site-packages/airflow/example_dags/tutorial_taskflow_api.py for tasks to queue
[2024-08-28T10:13:14.694+0200] {logging_mixin.py:137} INFO - [2024-08-28T10:13:14.693+0200] {dagbag.py:532} INFO - Filling up the DagBag from /Users/roselina/opt/anaconda3/envs/python37/lib/python3.7/site-packages/airflow/example_dags/tutorial_taskflow_api.py
[2024-08-28T10:13:14.718+0200] {processor.py:753} INFO - DAG(s) dict_keys(['tutorial_taskflow_api']) retrieved from /Users/roselina/opt/anaconda3/envs/python37/lib/python3.7/site-packages/airflow/example_dags/tutorial_taskflow_api.py
[2024-08-28T10:13:14.734+0200] {logging_mixin.py:137} INFO - [2024-08-28T10:13:14.734+0200] {dag.py:2705} INFO - Sync 1 DAGs
[2024-08-28T10:13:14.746+0200] {logging_mixin.py:137} INFO - [2024-08-28T10:13:14.746+0200] {dag.py:3456} INFO - Setting next_dagrun for tutorial_taskflow_api to None, run_after=None
[2024-08-28T10:13:14.756+0200] {processor.py:175} INFO - Processing /Users/roselina/opt/anaconda3/envs/python37/lib/python3.7/site-packages/airflow/example_dags/tutorial_taskflow_api.py took 0.070 seconds
[2024-08-28T10:13:55.906+0200] {processor.py:153} INFO - Started process (PID=75159) to work on /Users/roselina/opt/anaconda3/envs/python37/lib/python3.7/site-packages/airflow/example_dags/tutorial_taskflow_api.py
[2024-08-28T10:13:55.907+0200] {processor.py:743} INFO - Processing file /Users/roselina/opt/anaconda3/envs/python37/lib/python3.7/site-packages/airflow/example_dags/tutorial_taskflow_api.py for tasks to queue
[2024-08-28T10:13:55.908+0200] {logging_mixin.py:137} INFO - [2024-08-28T10:13:55.908+0200] {dagbag.py:532} INFO - Filling up the DagBag from /Users/roselina/opt/anaconda3/envs/python37/lib/python3.7/site-packages/airflow/example_dags/tutorial_taskflow_api.py
[2024-08-28T10:13:55.929+0200] {processor.py:753} INFO - DAG(s) dict_keys(['tutorial_taskflow_api']) retrieved from /Users/roselina/opt/anaconda3/envs/python37/lib/python3.7/site-packages/airflow/example_dags/tutorial_taskflow_api.py
[2024-08-28T10:13:55.954+0200] {logging_mixin.py:137} INFO - [2024-08-28T10:13:55.954+0200] {dag.py:2705} INFO - Sync 1 DAGs
[2024-08-28T10:13:55.969+0200] {logging_mixin.py:137} INFO - [2024-08-28T10:13:55.969+0200] {dag.py:3456} INFO - Setting next_dagrun for tutorial_taskflow_api to None, run_after=None
[2024-08-28T10:13:55.979+0200] {processor.py:175} INFO - Processing /Users/roselina/opt/anaconda3/envs/python37/lib/python3.7/site-packages/airflow/example_dags/tutorial_taskflow_api.py took 0.077 seconds
[2024-08-28T10:14:38.638+0200] {processor.py:153} INFO - Started process (PID=75230) to work on /Users/roselina/opt/anaconda3/envs/python37/lib/python3.7/site-packages/airflow/example_dags/tutorial_taskflow_api.py
[2024-08-28T10:14:38.640+0200] {processor.py:743} INFO - Processing file /Users/roselina/opt/anaconda3/envs/python37/lib/python3.7/site-packages/airflow/example_dags/tutorial_taskflow_api.py for tasks to queue
[2024-08-28T10:14:38.641+0200] {logging_mixin.py:137} INFO - [2024-08-28T10:14:38.641+0200] {dagbag.py:532} INFO - Filling up the DagBag from /Users/roselina/opt/anaconda3/envs/python37/lib/python3.7/site-packages/airflow/example_dags/tutorial_taskflow_api.py
[2024-08-28T10:14:38.685+0200] {processor.py:753} INFO - DAG(s) dict_keys(['tutorial_taskflow_api']) retrieved from /Users/roselina/opt/anaconda3/envs/python37/lib/python3.7/site-packages/airflow/example_dags/tutorial_taskflow_api.py
[2024-08-28T10:14:38.701+0200] {logging_mixin.py:137} INFO - [2024-08-28T10:14:38.700+0200] {dag.py:2705} INFO - Sync 1 DAGs
[2024-08-28T10:14:38.714+0200] {logging_mixin.py:137} INFO - [2024-08-28T10:14:38.713+0200] {dag.py:3456} INFO - Setting next_dagrun for tutorial_taskflow_api to None, run_after=None
[2024-08-28T10:14:38.725+0200] {processor.py:175} INFO - Processing /Users/roselina/opt/anaconda3/envs/python37/lib/python3.7/site-packages/airflow/example_dags/tutorial_taskflow_api.py took 0.091 seconds
[2024-08-28T10:15:20.090+0200] {processor.py:153} INFO - Started process (PID=75275) to work on /Users/roselina/opt/anaconda3/envs/python37/lib/python3.7/site-packages/airflow/example_dags/tutorial_taskflow_api.py
[2024-08-28T10:15:20.092+0200] {processor.py:743} INFO - Processing file /Users/roselina/opt/anaconda3/envs/python37/lib/python3.7/site-packages/airflow/example_dags/tutorial_taskflow_api.py for tasks to queue
[2024-08-28T10:15:20.093+0200] {logging_mixin.py:137} INFO - [2024-08-28T10:15:20.093+0200] {dagbag.py:532} INFO - Filling up the DagBag from /Users/roselina/opt/anaconda3/envs/python37/lib/python3.7/site-packages/airflow/example_dags/tutorial_taskflow_api.py
[2024-08-28T10:15:20.118+0200] {processor.py:753} INFO - DAG(s) dict_keys(['tutorial_taskflow_api']) retrieved from /Users/roselina/opt/anaconda3/envs/python37/lib/python3.7/site-packages/airflow/example_dags/tutorial_taskflow_api.py
[2024-08-28T10:15:20.132+0200] {logging_mixin.py:137} INFO - [2024-08-28T10:15:20.132+0200] {dag.py:2705} INFO - Sync 1 DAGs
[2024-08-28T10:15:20.144+0200] {logging_mixin.py:137} INFO - [2024-08-28T10:15:20.144+0200] {dag.py:3456} INFO - Setting next_dagrun for tutorial_taskflow_api to None, run_after=None
[2024-08-28T10:15:20.153+0200] {processor.py:175} INFO - Processing /Users/roselina/opt/anaconda3/envs/python37/lib/python3.7/site-packages/airflow/example_dags/tutorial_taskflow_api.py took 0.068 seconds
[2024-08-28T10:16:00.967+0200] {processor.py:153} INFO - Started process (PID=75319) to work on /Users/roselina/opt/anaconda3/envs/python37/lib/python3.7/site-packages/airflow/example_dags/tutorial_taskflow_api.py
[2024-08-28T10:16:00.969+0200] {processor.py:743} INFO - Processing file /Users/roselina/opt/anaconda3/envs/python37/lib/python3.7/site-packages/airflow/example_dags/tutorial_taskflow_api.py for tasks to queue
[2024-08-28T10:16:00.971+0200] {logging_mixin.py:137} INFO - [2024-08-28T10:16:00.970+0200] {dagbag.py:532} INFO - Filling up the DagBag from /Users/roselina/opt/anaconda3/envs/python37/lib/python3.7/site-packages/airflow/example_dags/tutorial_taskflow_api.py
[2024-08-28T10:16:00.993+0200] {processor.py:753} INFO - DAG(s) dict_keys(['tutorial_taskflow_api']) retrieved from /Users/roselina/opt/anaconda3/envs/python37/lib/python3.7/site-packages/airflow/example_dags/tutorial_taskflow_api.py
[2024-08-28T10:16:01.007+0200] {logging_mixin.py:137} INFO - [2024-08-28T10:16:01.007+0200] {dag.py:2705} INFO - Sync 1 DAGs
[2024-08-28T10:16:01.019+0200] {logging_mixin.py:137} INFO - [2024-08-28T10:16:01.019+0200] {dag.py:3456} INFO - Setting next_dagrun for tutorial_taskflow_api to None, run_after=None
[2024-08-28T10:16:01.030+0200] {processor.py:175} INFO - Processing /Users/roselina/opt/anaconda3/envs/python37/lib/python3.7/site-packages/airflow/example_dags/tutorial_taskflow_api.py took 0.066 seconds
[2024-08-28T10:16:40.923+0200] {processor.py:153} INFO - Started process (PID=75365) to work on /Users/roselina/opt/anaconda3/envs/python37/lib/python3.7/site-packages/airflow/example_dags/tutorial_taskflow_api.py
[2024-08-28T10:16:40.925+0200] {processor.py:743} INFO - Processing file /Users/roselina/opt/anaconda3/envs/python37/lib/python3.7/site-packages/airflow/example_dags/tutorial_taskflow_api.py for tasks to queue
[2024-08-28T10:16:40.927+0200] {logging_mixin.py:137} INFO - [2024-08-28T10:16:40.926+0200] {dagbag.py:532} INFO - Filling up the DagBag from /Users/roselina/opt/anaconda3/envs/python37/lib/python3.7/site-packages/airflow/example_dags/tutorial_taskflow_api.py
[2024-08-28T10:16:40.952+0200] {processor.py:753} INFO - DAG(s) dict_keys(['tutorial_taskflow_api']) retrieved from /Users/roselina/opt/anaconda3/envs/python37/lib/python3.7/site-packages/airflow/example_dags/tutorial_taskflow_api.py
[2024-08-28T10:16:40.967+0200] {logging_mixin.py:137} INFO - [2024-08-28T10:16:40.966+0200] {dag.py:2705} INFO - Sync 1 DAGs
[2024-08-28T10:16:40.978+0200] {logging_mixin.py:137} INFO - [2024-08-28T10:16:40.978+0200] {dag.py:3456} INFO - Setting next_dagrun for tutorial_taskflow_api to None, run_after=None
[2024-08-28T10:16:40.989+0200] {processor.py:175} INFO - Processing /Users/roselina/opt/anaconda3/envs/python37/lib/python3.7/site-packages/airflow/example_dags/tutorial_taskflow_api.py took 0.070 seconds
[2024-08-28T10:17:22.694+0200] {processor.py:153} INFO - Started process (PID=75409) to work on /Users/roselina/opt/anaconda3/envs/python37/lib/python3.7/site-packages/airflow/example_dags/tutorial_taskflow_api.py
[2024-08-28T10:17:22.696+0200] {processor.py:743} INFO - Processing file /Users/roselina/opt/anaconda3/envs/python37/lib/python3.7/site-packages/airflow/example_dags/tutorial_taskflow_api.py for tasks to queue
[2024-08-28T10:17:22.697+0200] {logging_mixin.py:137} INFO - [2024-08-28T10:17:22.697+0200] {dagbag.py:532} INFO - Filling up the DagBag from /Users/roselina/opt/anaconda3/envs/python37/lib/python3.7/site-packages/airflow/example_dags/tutorial_taskflow_api.py
[2024-08-28T10:17:22.725+0200] {processor.py:753} INFO - DAG(s) dict_keys(['tutorial_taskflow_api']) retrieved from /Users/roselina/opt/anaconda3/envs/python37/lib/python3.7/site-packages/airflow/example_dags/tutorial_taskflow_api.py
[2024-08-28T10:17:22.741+0200] {logging_mixin.py:137} INFO - [2024-08-28T10:17:22.741+0200] {dag.py:2705} INFO - Sync 1 DAGs
[2024-08-28T10:17:22.753+0200] {logging_mixin.py:137} INFO - [2024-08-28T10:17:22.753+0200] {dag.py:3456} INFO - Setting next_dagrun for tutorial_taskflow_api to None, run_after=None
[2024-08-28T10:17:22.763+0200] {processor.py:175} INFO - Processing /Users/roselina/opt/anaconda3/envs/python37/lib/python3.7/site-packages/airflow/example_dags/tutorial_taskflow_api.py took 0.073 seconds
[2024-08-28T10:43:44.755+0200] {processor.py:153} INFO - Started process (PID=75502) to work on /Users/roselina/opt/anaconda3/envs/python37/lib/python3.7/site-packages/airflow/example_dags/tutorial_taskflow_api.py
[2024-08-28T10:43:44.774+0200] {processor.py:743} INFO - Processing file /Users/roselina/opt/anaconda3/envs/python37/lib/python3.7/site-packages/airflow/example_dags/tutorial_taskflow_api.py for tasks to queue
[2024-08-28T10:43:44.778+0200] {logging_mixin.py:137} INFO - [2024-08-28T10:43:44.777+0200] {dagbag.py:532} INFO - Filling up the DagBag from /Users/roselina/opt/anaconda3/envs/python37/lib/python3.7/site-packages/airflow/example_dags/tutorial_taskflow_api.py
[2024-08-28T10:43:44.833+0200] {processor.py:753} INFO - DAG(s) dict_keys(['tutorial_taskflow_api']) retrieved from /Users/roselina/opt/anaconda3/envs/python37/lib/python3.7/site-packages/airflow/example_dags/tutorial_taskflow_api.py
[2024-08-28T10:43:44.864+0200] {logging_mixin.py:137} INFO - [2024-08-28T10:43:44.864+0200] {dag.py:2705} INFO - Sync 1 DAGs
[2024-08-28T10:43:44.899+0200] {logging_mixin.py:137} INFO - [2024-08-28T10:43:44.898+0200] {dag.py:3456} INFO - Setting next_dagrun for tutorial_taskflow_api to None, run_after=None
[2024-08-28T10:43:44.920+0200] {processor.py:175} INFO - Processing /Users/roselina/opt/anaconda3/envs/python37/lib/python3.7/site-packages/airflow/example_dags/tutorial_taskflow_api.py took 0.328 seconds
[2024-08-28T10:44:27.263+0200] {processor.py:153} INFO - Started process (PID=75565) to work on /Users/roselina/opt/anaconda3/envs/python37/lib/python3.7/site-packages/airflow/example_dags/tutorial_taskflow_api.py
[2024-08-28T10:44:27.264+0200] {processor.py:743} INFO - Processing file /Users/roselina/opt/anaconda3/envs/python37/lib/python3.7/site-packages/airflow/example_dags/tutorial_taskflow_api.py for tasks to queue
[2024-08-28T10:44:27.266+0200] {logging_mixin.py:137} INFO - [2024-08-28T10:44:27.265+0200] {dagbag.py:532} INFO - Filling up the DagBag from /Users/roselina/opt/anaconda3/envs/python37/lib/python3.7/site-packages/airflow/example_dags/tutorial_taskflow_api.py
[2024-08-28T10:44:27.282+0200] {processor.py:753} INFO - DAG(s) dict_keys(['tutorial_taskflow_api']) retrieved from /Users/roselina/opt/anaconda3/envs/python37/lib/python3.7/site-packages/airflow/example_dags/tutorial_taskflow_api.py
[2024-08-28T10:44:27.295+0200] {logging_mixin.py:137} INFO - [2024-08-28T10:44:27.295+0200] {dag.py:2705} INFO - Sync 1 DAGs
[2024-08-28T10:44:27.308+0200] {logging_mixin.py:137} INFO - [2024-08-28T10:44:27.308+0200] {dag.py:3456} INFO - Setting next_dagrun for tutorial_taskflow_api to None, run_after=None
[2024-08-28T10:44:27.320+0200] {processor.py:175} INFO - Processing /Users/roselina/opt/anaconda3/envs/python37/lib/python3.7/site-packages/airflow/example_dags/tutorial_taskflow_api.py took 0.059 seconds
[2024-08-28T10:45:08.964+0200] {processor.py:153} INFO - Started process (PID=75624) to work on /Users/roselina/opt/anaconda3/envs/python37/lib/python3.7/site-packages/airflow/example_dags/tutorial_taskflow_api.py
[2024-08-28T10:45:08.966+0200] {processor.py:743} INFO - Processing file /Users/roselina/opt/anaconda3/envs/python37/lib/python3.7/site-packages/airflow/example_dags/tutorial_taskflow_api.py for tasks to queue
[2024-08-28T10:45:08.967+0200] {logging_mixin.py:137} INFO - [2024-08-28T10:45:08.967+0200] {dagbag.py:532} INFO - Filling up the DagBag from /Users/roselina/opt/anaconda3/envs/python37/lib/python3.7/site-packages/airflow/example_dags/tutorial_taskflow_api.py
[2024-08-28T10:45:08.993+0200] {processor.py:753} INFO - DAG(s) dict_keys(['tutorial_taskflow_api']) retrieved from /Users/roselina/opt/anaconda3/envs/python37/lib/python3.7/site-packages/airflow/example_dags/tutorial_taskflow_api.py
[2024-08-28T10:45:09.025+0200] {logging_mixin.py:137} INFO - [2024-08-28T10:45:09.024+0200] {dag.py:2705} INFO - Sync 1 DAGs
[2024-08-28T10:45:09.037+0200] {logging_mixin.py:137} INFO - [2024-08-28T10:45:09.037+0200] {dag.py:3456} INFO - Setting next_dagrun for tutorial_taskflow_api to None, run_after=None
[2024-08-28T10:45:09.047+0200] {processor.py:175} INFO - Processing /Users/roselina/opt/anaconda3/envs/python37/lib/python3.7/site-packages/airflow/example_dags/tutorial_taskflow_api.py took 0.087 seconds
[2024-08-28T10:45:50.815+0200] {processor.py:153} INFO - Started process (PID=75672) to work on /Users/roselina/opt/anaconda3/envs/python37/lib/python3.7/site-packages/airflow/example_dags/tutorial_taskflow_api.py
[2024-08-28T10:45:50.823+0200] {processor.py:743} INFO - Processing file /Users/roselina/opt/anaconda3/envs/python37/lib/python3.7/site-packages/airflow/example_dags/tutorial_taskflow_api.py for tasks to queue
[2024-08-28T10:45:50.824+0200] {logging_mixin.py:137} INFO - [2024-08-28T10:45:50.824+0200] {dagbag.py:532} INFO - Filling up the DagBag from /Users/roselina/opt/anaconda3/envs/python37/lib/python3.7/site-packages/airflow/example_dags/tutorial_taskflow_api.py
[2024-08-28T10:45:50.851+0200] {processor.py:753} INFO - DAG(s) dict_keys(['tutorial_taskflow_api']) retrieved from /Users/roselina/opt/anaconda3/envs/python37/lib/python3.7/site-packages/airflow/example_dags/tutorial_taskflow_api.py
[2024-08-28T10:45:50.869+0200] {logging_mixin.py:137} INFO - [2024-08-28T10:45:50.869+0200] {dag.py:2705} INFO - Sync 1 DAGs
[2024-08-28T10:45:50.884+0200] {logging_mixin.py:137} INFO - [2024-08-28T10:45:50.884+0200] {dag.py:3456} INFO - Setting next_dagrun for tutorial_taskflow_api to None, run_after=None
[2024-08-28T10:45:50.903+0200] {processor.py:175} INFO - Processing /Users/roselina/opt/anaconda3/envs/python37/lib/python3.7/site-packages/airflow/example_dags/tutorial_taskflow_api.py took 0.092 seconds
[2024-08-28T10:46:31.574+0200] {processor.py:153} INFO - Started process (PID=75716) to work on /Users/roselina/opt/anaconda3/envs/python37/lib/python3.7/site-packages/airflow/example_dags/tutorial_taskflow_api.py
[2024-08-28T10:46:31.576+0200] {processor.py:743} INFO - Processing file /Users/roselina/opt/anaconda3/envs/python37/lib/python3.7/site-packages/airflow/example_dags/tutorial_taskflow_api.py for tasks to queue
[2024-08-28T10:46:31.578+0200] {logging_mixin.py:137} INFO - [2024-08-28T10:46:31.577+0200] {dagbag.py:532} INFO - Filling up the DagBag from /Users/roselina/opt/anaconda3/envs/python37/lib/python3.7/site-packages/airflow/example_dags/tutorial_taskflow_api.py
[2024-08-28T10:46:31.603+0200] {processor.py:753} INFO - DAG(s) dict_keys(['tutorial_taskflow_api']) retrieved from /Users/roselina/opt/anaconda3/envs/python37/lib/python3.7/site-packages/airflow/example_dags/tutorial_taskflow_api.py
[2024-08-28T10:46:31.617+0200] {logging_mixin.py:137} INFO - [2024-08-28T10:46:31.616+0200] {dag.py:2705} INFO - Sync 1 DAGs
[2024-08-28T10:46:31.630+0200] {logging_mixin.py:137} INFO - [2024-08-28T10:46:31.630+0200] {dag.py:3456} INFO - Setting next_dagrun for tutorial_taskflow_api to None, run_after=None
[2024-08-28T10:46:31.641+0200] {processor.py:175} INFO - Processing /Users/roselina/opt/anaconda3/envs/python37/lib/python3.7/site-packages/airflow/example_dags/tutorial_taskflow_api.py took 0.072 seconds
[2024-08-28T10:47:13.183+0200] {processor.py:153} INFO - Started process (PID=75770) to work on /Users/roselina/opt/anaconda3/envs/python37/lib/python3.7/site-packages/airflow/example_dags/tutorial_taskflow_api.py
[2024-08-28T10:47:13.187+0200] {processor.py:743} INFO - Processing file /Users/roselina/opt/anaconda3/envs/python37/lib/python3.7/site-packages/airflow/example_dags/tutorial_taskflow_api.py for tasks to queue
[2024-08-28T10:47:13.188+0200] {logging_mixin.py:137} INFO - [2024-08-28T10:47:13.188+0200] {dagbag.py:532} INFO - Filling up the DagBag from /Users/roselina/opt/anaconda3/envs/python37/lib/python3.7/site-packages/airflow/example_dags/tutorial_taskflow_api.py
[2024-08-28T10:47:13.212+0200] {processor.py:753} INFO - DAG(s) dict_keys(['tutorial_taskflow_api']) retrieved from /Users/roselina/opt/anaconda3/envs/python37/lib/python3.7/site-packages/airflow/example_dags/tutorial_taskflow_api.py
[2024-08-28T10:47:13.227+0200] {logging_mixin.py:137} INFO - [2024-08-28T10:47:13.227+0200] {dag.py:2705} INFO - Sync 1 DAGs
[2024-08-28T10:47:13.239+0200] {logging_mixin.py:137} INFO - [2024-08-28T10:47:13.239+0200] {dag.py:3456} INFO - Setting next_dagrun for tutorial_taskflow_api to None, run_after=None
[2024-08-28T10:47:13.250+0200] {processor.py:175} INFO - Processing /Users/roselina/opt/anaconda3/envs/python37/lib/python3.7/site-packages/airflow/example_dags/tutorial_taskflow_api.py took 0.072 seconds
[2024-08-28T10:47:54.633+0200] {processor.py:153} INFO - Started process (PID=75821) to work on /Users/roselina/opt/anaconda3/envs/python37/lib/python3.7/site-packages/airflow/example_dags/tutorial_taskflow_api.py
[2024-08-28T10:47:54.634+0200] {processor.py:743} INFO - Processing file /Users/roselina/opt/anaconda3/envs/python37/lib/python3.7/site-packages/airflow/example_dags/tutorial_taskflow_api.py for tasks to queue
[2024-08-28T10:47:54.636+0200] {logging_mixin.py:137} INFO - [2024-08-28T10:47:54.635+0200] {dagbag.py:532} INFO - Filling up the DagBag from /Users/roselina/opt/anaconda3/envs/python37/lib/python3.7/site-packages/airflow/example_dags/tutorial_taskflow_api.py
[2024-08-28T10:47:54.657+0200] {processor.py:753} INFO - DAG(s) dict_keys(['tutorial_taskflow_api']) retrieved from /Users/roselina/opt/anaconda3/envs/python37/lib/python3.7/site-packages/airflow/example_dags/tutorial_taskflow_api.py
[2024-08-28T10:47:54.671+0200] {logging_mixin.py:137} INFO - [2024-08-28T10:47:54.671+0200] {dag.py:2705} INFO - Sync 1 DAGs
[2024-08-28T10:47:54.684+0200] {logging_mixin.py:137} INFO - [2024-08-28T10:47:54.684+0200] {dag.py:3456} INFO - Setting next_dagrun for tutorial_taskflow_api to None, run_after=None
[2024-08-28T10:47:54.694+0200] {processor.py:175} INFO - Processing /Users/roselina/opt/anaconda3/envs/python37/lib/python3.7/site-packages/airflow/example_dags/tutorial_taskflow_api.py took 0.064 seconds
[2024-08-28T10:48:36.065+0200] {processor.py:153} INFO - Started process (PID=75885) to work on /Users/roselina/opt/anaconda3/envs/python37/lib/python3.7/site-packages/airflow/example_dags/tutorial_taskflow_api.py
[2024-08-28T10:48:36.067+0200] {processor.py:743} INFO - Processing file /Users/roselina/opt/anaconda3/envs/python37/lib/python3.7/site-packages/airflow/example_dags/tutorial_taskflow_api.py for tasks to queue
[2024-08-28T10:48:36.068+0200] {logging_mixin.py:137} INFO - [2024-08-28T10:48:36.068+0200] {dagbag.py:532} INFO - Filling up the DagBag from /Users/roselina/opt/anaconda3/envs/python37/lib/python3.7/site-packages/airflow/example_dags/tutorial_taskflow_api.py
[2024-08-28T10:48:36.091+0200] {processor.py:753} INFO - DAG(s) dict_keys(['tutorial_taskflow_api']) retrieved from /Users/roselina/opt/anaconda3/envs/python37/lib/python3.7/site-packages/airflow/example_dags/tutorial_taskflow_api.py
[2024-08-28T10:48:36.106+0200] {logging_mixin.py:137} INFO - [2024-08-28T10:48:36.106+0200] {dag.py:2705} INFO - Sync 1 DAGs
[2024-08-28T10:48:36.118+0200] {logging_mixin.py:137} INFO - [2024-08-28T10:48:36.118+0200] {dag.py:3456} INFO - Setting next_dagrun for tutorial_taskflow_api to None, run_after=None
[2024-08-28T10:48:36.128+0200] {processor.py:175} INFO - Processing /Users/roselina/opt/anaconda3/envs/python37/lib/python3.7/site-packages/airflow/example_dags/tutorial_taskflow_api.py took 0.069 seconds
[2024-08-28T10:49:17.467+0200] {processor.py:153} INFO - Started process (PID=75939) to work on /Users/roselina/opt/anaconda3/envs/python37/lib/python3.7/site-packages/airflow/example_dags/tutorial_taskflow_api.py
[2024-08-28T10:49:17.469+0200] {processor.py:743} INFO - Processing file /Users/roselina/opt/anaconda3/envs/python37/lib/python3.7/site-packages/airflow/example_dags/tutorial_taskflow_api.py for tasks to queue
[2024-08-28T10:49:17.470+0200] {logging_mixin.py:137} INFO - [2024-08-28T10:49:17.470+0200] {dagbag.py:532} INFO - Filling up the DagBag from /Users/roselina/opt/anaconda3/envs/python37/lib/python3.7/site-packages/airflow/example_dags/tutorial_taskflow_api.py
[2024-08-28T10:49:17.494+0200] {processor.py:753} INFO - DAG(s) dict_keys(['tutorial_taskflow_api']) retrieved from /Users/roselina/opt/anaconda3/envs/python37/lib/python3.7/site-packages/airflow/example_dags/tutorial_taskflow_api.py
[2024-08-28T10:49:17.510+0200] {logging_mixin.py:137} INFO - [2024-08-28T10:49:17.510+0200] {dag.py:2705} INFO - Sync 1 DAGs
[2024-08-28T10:49:17.523+0200] {logging_mixin.py:137} INFO - [2024-08-28T10:49:17.523+0200] {dag.py:3456} INFO - Setting next_dagrun for tutorial_taskflow_api to None, run_after=None
[2024-08-28T10:49:17.533+0200] {processor.py:175} INFO - Processing /Users/roselina/opt/anaconda3/envs/python37/lib/python3.7/site-packages/airflow/example_dags/tutorial_taskflow_api.py took 0.070 seconds
[2024-08-28T10:49:58.935+0200] {processor.py:153} INFO - Started process (PID=75984) to work on /Users/roselina/opt/anaconda3/envs/python37/lib/python3.7/site-packages/airflow/example_dags/tutorial_taskflow_api.py
[2024-08-28T10:49:58.937+0200] {processor.py:743} INFO - Processing file /Users/roselina/opt/anaconda3/envs/python37/lib/python3.7/site-packages/airflow/example_dags/tutorial_taskflow_api.py for tasks to queue
[2024-08-28T10:49:58.938+0200] {logging_mixin.py:137} INFO - [2024-08-28T10:49:58.938+0200] {dagbag.py:532} INFO - Filling up the DagBag from /Users/roselina/opt/anaconda3/envs/python37/lib/python3.7/site-packages/airflow/example_dags/tutorial_taskflow_api.py
[2024-08-28T10:49:58.961+0200] {processor.py:753} INFO - DAG(s) dict_keys(['tutorial_taskflow_api']) retrieved from /Users/roselina/opt/anaconda3/envs/python37/lib/python3.7/site-packages/airflow/example_dags/tutorial_taskflow_api.py
[2024-08-28T10:49:58.975+0200] {logging_mixin.py:137} INFO - [2024-08-28T10:49:58.975+0200] {dag.py:2705} INFO - Sync 1 DAGs
[2024-08-28T10:49:58.987+0200] {logging_mixin.py:137} INFO - [2024-08-28T10:49:58.987+0200] {dag.py:3456} INFO - Setting next_dagrun for tutorial_taskflow_api to None, run_after=None
[2024-08-28T10:49:58.997+0200] {processor.py:175} INFO - Processing /Users/roselina/opt/anaconda3/envs/python37/lib/python3.7/site-packages/airflow/example_dags/tutorial_taskflow_api.py took 0.067 seconds
[2024-08-28T10:50:40.107+0200] {processor.py:153} INFO - Started process (PID=76029) to work on /Users/roselina/opt/anaconda3/envs/python37/lib/python3.7/site-packages/airflow/example_dags/tutorial_taskflow_api.py
[2024-08-28T10:50:40.110+0200] {processor.py:743} INFO - Processing file /Users/roselina/opt/anaconda3/envs/python37/lib/python3.7/site-packages/airflow/example_dags/tutorial_taskflow_api.py for tasks to queue
[2024-08-28T10:50:40.111+0200] {logging_mixin.py:137} INFO - [2024-08-28T10:50:40.111+0200] {dagbag.py:532} INFO - Filling up the DagBag from /Users/roselina/opt/anaconda3/envs/python37/lib/python3.7/site-packages/airflow/example_dags/tutorial_taskflow_api.py
[2024-08-28T10:50:40.134+0200] {processor.py:753} INFO - DAG(s) dict_keys(['tutorial_taskflow_api']) retrieved from /Users/roselina/opt/anaconda3/envs/python37/lib/python3.7/site-packages/airflow/example_dags/tutorial_taskflow_api.py
[2024-08-28T10:50:40.149+0200] {logging_mixin.py:137} INFO - [2024-08-28T10:50:40.148+0200] {dag.py:2705} INFO - Sync 1 DAGs
[2024-08-28T10:50:40.160+0200] {logging_mixin.py:137} INFO - [2024-08-28T10:50:40.160+0200] {dag.py:3456} INFO - Setting next_dagrun for tutorial_taskflow_api to None, run_after=None
[2024-08-28T10:50:40.170+0200] {processor.py:175} INFO - Processing /Users/roselina/opt/anaconda3/envs/python37/lib/python3.7/site-packages/airflow/example_dags/tutorial_taskflow_api.py took 0.067 seconds
[2024-08-28T10:51:20.905+0200] {processor.py:153} INFO - Started process (PID=76083) to work on /Users/roselina/opt/anaconda3/envs/python37/lib/python3.7/site-packages/airflow/example_dags/tutorial_taskflow_api.py
[2024-08-28T10:51:20.907+0200] {processor.py:743} INFO - Processing file /Users/roselina/opt/anaconda3/envs/python37/lib/python3.7/site-packages/airflow/example_dags/tutorial_taskflow_api.py for tasks to queue
[2024-08-28T10:51:20.909+0200] {logging_mixin.py:137} INFO - [2024-08-28T10:51:20.908+0200] {dagbag.py:532} INFO - Filling up the DagBag from /Users/roselina/opt/anaconda3/envs/python37/lib/python3.7/site-packages/airflow/example_dags/tutorial_taskflow_api.py
[2024-08-28T10:51:20.940+0200] {processor.py:753} INFO - DAG(s) dict_keys(['tutorial_taskflow_api']) retrieved from /Users/roselina/opt/anaconda3/envs/python37/lib/python3.7/site-packages/airflow/example_dags/tutorial_taskflow_api.py
[2024-08-28T10:51:20.958+0200] {logging_mixin.py:137} INFO - [2024-08-28T10:51:20.958+0200] {dag.py:2705} INFO - Sync 1 DAGs
[2024-08-28T10:51:20.971+0200] {logging_mixin.py:137} INFO - [2024-08-28T10:51:20.971+0200] {dag.py:3456} INFO - Setting next_dagrun for tutorial_taskflow_api to None, run_after=None
[2024-08-28T10:51:20.981+0200] {processor.py:175} INFO - Processing /Users/roselina/opt/anaconda3/envs/python37/lib/python3.7/site-packages/airflow/example_dags/tutorial_taskflow_api.py took 0.081 seconds
[2024-08-28T10:52:02.465+0200] {processor.py:153} INFO - Started process (PID=76142) to work on /Users/roselina/opt/anaconda3/envs/python37/lib/python3.7/site-packages/airflow/example_dags/tutorial_taskflow_api.py
[2024-08-28T10:52:02.467+0200] {processor.py:743} INFO - Processing file /Users/roselina/opt/anaconda3/envs/python37/lib/python3.7/site-packages/airflow/example_dags/tutorial_taskflow_api.py for tasks to queue
[2024-08-28T10:52:02.469+0200] {logging_mixin.py:137} INFO - [2024-08-28T10:52:02.468+0200] {dagbag.py:532} INFO - Filling up the DagBag from /Users/roselina/opt/anaconda3/envs/python37/lib/python3.7/site-packages/airflow/example_dags/tutorial_taskflow_api.py
[2024-08-28T10:52:02.492+0200] {processor.py:753} INFO - DAG(s) dict_keys(['tutorial_taskflow_api']) retrieved from /Users/roselina/opt/anaconda3/envs/python37/lib/python3.7/site-packages/airflow/example_dags/tutorial_taskflow_api.py
[2024-08-28T10:52:02.506+0200] {logging_mixin.py:137} INFO - [2024-08-28T10:52:02.506+0200] {dag.py:2705} INFO - Sync 1 DAGs
[2024-08-28T10:52:02.523+0200] {logging_mixin.py:137} INFO - [2024-08-28T10:52:02.522+0200] {dag.py:3456} INFO - Setting next_dagrun for tutorial_taskflow_api to None, run_after=None
[2024-08-28T10:52:02.534+0200] {processor.py:175} INFO - Processing /Users/roselina/opt/anaconda3/envs/python37/lib/python3.7/site-packages/airflow/example_dags/tutorial_taskflow_api.py took 0.075 seconds
[2024-08-28T10:52:43.345+0200] {processor.py:153} INFO - Started process (PID=76191) to work on /Users/roselina/opt/anaconda3/envs/python37/lib/python3.7/site-packages/airflow/example_dags/tutorial_taskflow_api.py
[2024-08-28T10:52:43.346+0200] {processor.py:743} INFO - Processing file /Users/roselina/opt/anaconda3/envs/python37/lib/python3.7/site-packages/airflow/example_dags/tutorial_taskflow_api.py for tasks to queue
[2024-08-28T10:52:43.347+0200] {logging_mixin.py:137} INFO - [2024-08-28T10:52:43.347+0200] {dagbag.py:532} INFO - Filling up the DagBag from /Users/roselina/opt/anaconda3/envs/python37/lib/python3.7/site-packages/airflow/example_dags/tutorial_taskflow_api.py
[2024-08-28T10:52:43.367+0200] {processor.py:753} INFO - DAG(s) dict_keys(['tutorial_taskflow_api']) retrieved from /Users/roselina/opt/anaconda3/envs/python37/lib/python3.7/site-packages/airflow/example_dags/tutorial_taskflow_api.py
[2024-08-28T10:52:43.391+0200] {logging_mixin.py:137} INFO - [2024-08-28T10:52:43.390+0200] {dag.py:2705} INFO - Sync 1 DAGs
[2024-08-28T10:52:43.407+0200] {logging_mixin.py:137} INFO - [2024-08-28T10:52:43.407+0200] {dag.py:3456} INFO - Setting next_dagrun for tutorial_taskflow_api to None, run_after=None
[2024-08-28T10:52:43.453+0200] {processor.py:175} INFO - Processing /Users/roselina/opt/anaconda3/envs/python37/lib/python3.7/site-packages/airflow/example_dags/tutorial_taskflow_api.py took 0.110 seconds
[2024-08-28T10:53:26.281+0200] {processor.py:153} INFO - Started process (PID=76244) to work on /Users/roselina/opt/anaconda3/envs/python37/lib/python3.7/site-packages/airflow/example_dags/tutorial_taskflow_api.py
[2024-08-28T10:53:26.283+0200] {processor.py:743} INFO - Processing file /Users/roselina/opt/anaconda3/envs/python37/lib/python3.7/site-packages/airflow/example_dags/tutorial_taskflow_api.py for tasks to queue
[2024-08-28T10:53:26.284+0200] {logging_mixin.py:137} INFO - [2024-08-28T10:53:26.283+0200] {dagbag.py:532} INFO - Filling up the DagBag from /Users/roselina/opt/anaconda3/envs/python37/lib/python3.7/site-packages/airflow/example_dags/tutorial_taskflow_api.py
[2024-08-28T10:53:26.307+0200] {processor.py:753} INFO - DAG(s) dict_keys(['tutorial_taskflow_api']) retrieved from /Users/roselina/opt/anaconda3/envs/python37/lib/python3.7/site-packages/airflow/example_dags/tutorial_taskflow_api.py
[2024-08-28T10:53:26.333+0200] {logging_mixin.py:137} INFO - [2024-08-28T10:53:26.333+0200] {dag.py:2705} INFO - Sync 1 DAGs
[2024-08-28T10:53:26.346+0200] {logging_mixin.py:137} INFO - [2024-08-28T10:53:26.346+0200] {dag.py:3456} INFO - Setting next_dagrun for tutorial_taskflow_api to None, run_after=None
[2024-08-28T10:53:26.356+0200] {processor.py:175} INFO - Processing /Users/roselina/opt/anaconda3/envs/python37/lib/python3.7/site-packages/airflow/example_dags/tutorial_taskflow_api.py took 0.078 seconds
